# started on Mon Feb  5 08:45:34 2024


 Performance counter stats for 'system wide':

   169,295,797,792      r728                                                          (44.45%)
                 0      r1828                                                         (44.45%)
                 0      r2028                                                         (44.45%)
           282,203      r4028                                                         (44.45%)
         1,128,757      r20ef                                                         (44.45%)
         7,257,495      r10ef                                                         (44.45%)
        10,971,830      r2ef                                                          (44.45%)
        86,077,208      r1ef                                                          (44.45%)
         2,137,243      r40ef                                                         (44.44%)
         2,303,484      r8ef                                                          (44.44%)
             3,382      r4ef                                                          (44.44%)
           565,952      r1cb                                                          (44.44%)
     8,006,881,273      r4fe                                                          (44.44%)
       262,602,313      r2fe                                                          (44.45%)
                 0      r132                                                          (44.45%)
            56,594      r832                                                          (44.44%)
           529,057      r232                                                          (44.44%)
                 0      r432                                                          (44.44%)

      69.878270709 seconds time elapsed

