# started on Mon Feb  5 06:08:31 2024


 Performance counter stats for 'system wide':

        43,269,434      r2ab                                                          (19.51%)
                 0      r1c6                                                          (19.51%)
                 0      r1c6                                                          (19.51%)
                 0      r1c6                                                          (19.52%)
                 0      r1c6                                                          (19.52%)
                 0      r1c6                                                          (9.76%)
                 0      r1c6                                                          (9.76%)
                 0      r1c6                                                          (9.76%)
                 0      r1c6                                                          (9.76%)
                 0      r1c6                                                          (9.76%)
                 0      r1c6                                                          (9.76%)
                 0      r1c6                                                          (9.76%)
                 0      r1c6                                                          (9.76%)
                 0      r1c6                                                          (9.76%)
                 0      r1c6                                                          (9.76%)
                 0      r1c6                                                          (9.75%)
                 0      r1c6                                                          (9.75%)
                 0      r1c6                                                          (9.75%)
       363,159,769      r480                                                          (12.19%)
    41,875,684,486      r183                                                          (14.63%)
       135,210,904      r283                                                          (17.07%)
        86,823,037      r483                                                          (19.51%)
    27,987,813,091      r4001879                                                      (19.51%)
    55,919,560,705      r1001879                                                      (19.51%)
       602,269,674      r4002479                                                      (19.51%)
     1,735,762,390      r1002479                                                      (19.51%)
    55,620,776,774      r1000879                                                      (19.51%)
   170,698,589,867      r879                                                          (19.51%)
     1,120,659,558      r1000479                                                      (19.51%)
     3,001,745,194      r479                                                          (19.51%)
       938,807,568      r1003079                                                      (19.51%)
       315,898,499      r1001079                                                      (19.51%)
     1,584,283,591      r2079                                                         (19.51%)
       279,381,256      r1043079                                                      (19.51%)
     2,607,083,048      r3079                                                         (19.51%)
    28,202,569,208      r19c                                                          (19.51%)
     1,010,977,681      r400019c                                                      (19.51%)
   156,534,080,683      r180019c                                                      (19.51%)
     4,903,997,207      r300019c                                                      (19.51%)
    10,318,418,081      r200019c                                                      (19.51%)
    11,984,118,274      r100019c                                                      (19.51%)

      69.836449764 seconds time elapsed

