# started on Tue Feb  6 10:10:08 2024


 Performance counter stats for 'system wide':

             7,450      unc_h_dir_update_ha_0                                         (23.54%)
             7,250      unc_h_dir_update_ha_1                                         (23.54%)
             2,506      unc_h_dir_update_ha_2                                         (23.54%)
             6,422      unc_h_dir_update_ha_3                                         (23.54%)
             2,633      unc_h_dir_update_ha_4                                         (23.54%)
             7,166      unc_h_dir_update_ha_5                                         (23.54%)
             2,583      unc_h_dir_update_ha_6                                         (23.54%)
             2,570      unc_h_dir_update_ha_7                                         (23.54%)
                 0      unc_h_dir_update_tor_0                                        (23.54%)
                 0      unc_h_dir_update_tor_1                                        (23.54%)
             2,668      unc_h_dir_update_tor_2                                        (23.54%)
                 0      unc_h_dir_update_tor_3                                        (23.54%)
                 0      unc_h_dir_update_tor_4                                        (23.54%)
                 0      unc_h_dir_update_tor_5                                        (23.53%)
                 0      unc_h_dir_update_tor_6                                        (23.54%)
                 0      unc_h_dir_update_tor_7                                        (23.54%)
             7,742      unc_h_hitme_hit_ex_rds_0                                      (23.53%)
             7,224      unc_h_hitme_hit_ex_rds_1                                      (23.53%)
                 0      unc_h_hitme_hit_ex_rds_2                                      (23.54%)
             6,258      unc_h_hitme_hit_ex_rds_3                                      (23.54%)
             2,651      unc_h_hitme_hit_ex_rds_4                                      (23.54%)
             6,870      unc_h_hitme_hit_ex_rds_5                                      (23.54%)
             2,532      unc_h_hitme_hit_ex_rds_6                                      (23.54%)
             2,672      unc_h_hitme_hit_ex_rds_7                                      (23.54%)
               824      unc_h_misc_rfo_hit_s_0                                        (23.54%)
                55      unc_h_misc_rfo_hit_s_1                                        (23.53%)
               106      unc_h_misc_rfo_hit_s_2                                        (23.54%)
               812      unc_h_misc_rfo_hit_s_3                                        (23.54%)
                76      unc_h_misc_rfo_hit_s_4                                        (23.54%)
               714      unc_h_misc_rfo_hit_s_5                                        (23.54%)
                93      unc_h_misc_rfo_hit_s_6                                        (23.60%)
                93      unc_h_misc_rfo_hit_s_7                                        (23.60%)
        38,745,490      unc_h_requests_invitoe_local_0                                     (23.53%)
        38,729,478      unc_h_requests_invitoe_local_1                                     (23.53%)
        38,202,557      unc_h_requests_invitoe_local_2                                     (23.53%)
        38,324,260      unc_h_requests_invitoe_local_3                                     (23.58%)
        38,413,687      unc_h_requests_invitoe_local_4                                     (23.60%)
        38,403,207      unc_h_requests_invitoe_local_5                                     (23.83%)
        38,150,251      unc_h_requests_invitoe_local_6                                     (23.65%)
        38,162,096      unc_h_requests_invitoe_local_7                                     (23.69%)
             2,113      unc_h_requests_invitoe_remote_0                                     (23.66%)
             1,979      unc_h_requests_invitoe_remote_1                                     (23.70%)
                 0      unc_h_requests_invitoe_remote_2                                     (23.54%)
               187      unc_h_requests_invitoe_remote_3                                     (23.56%)
               733      unc_h_requests_invitoe_remote_4                                     (23.60%)
                 0      unc_h_requests_invitoe_remote_5                                     (23.54%)
                 0      unc_h_requests_invitoe_remote_6                                     (23.54%)
                 0      unc_h_requests_invitoe_remote_7                                     (23.54%)
     1,018,868,821      unc_h_requests_reads_0                                        (23.53%)
     1,018,907,536      unc_h_requests_reads_1                                        (23.53%)
     1,019,281,050      unc_h_requests_reads_2                                        (23.54%)
     1,019,689,220      unc_h_requests_reads_3                                        (23.54%)
     1,019,800,084      unc_h_requests_reads_4                                        (23.54%)
     1,019,406,745      unc_h_requests_reads_5                                        (23.54%)
     1,019,528,675      unc_h_requests_reads_6                                        (23.54%)
     1,019,393,035      unc_h_requests_reads_7                                        (23.54%)
     1,020,052,331      unc_h_requests_reads_local_0                                     (23.53%)
     1,019,963,983      unc_h_requests_reads_local_1                                     (23.53%)
     1,019,573,512      unc_h_requests_reads_local_2                                     (23.53%)
     1,020,096,176      unc_h_requests_reads_local_3                                     (23.53%)
     1,020,169,874      unc_h_requests_reads_local_4                                     (23.53%)
     1,019,800,232      unc_h_requests_reads_local_5                                     (23.53%)
     1,019,595,313      unc_h_requests_reads_local_6                                     (23.53%)
     1,019,373,012      unc_h_requests_reads_local_7                                     (23.53%)
       449,997,800      unc_h_requests_writes_0                                       (23.53%)
       449,994,152      unc_h_requests_writes_1                                       (23.53%)
       450,049,365      unc_h_requests_writes_2                                       (23.53%)
       449,818,626      unc_h_requests_writes_3                                       (23.53%)
       449,867,750      unc_h_requests_writes_4                                       (23.53%)
       450,029,845      unc_h_requests_writes_5                                       (23.53%)
       449,716,600      unc_h_requests_writes_6                                       (23.53%)
       449,694,820      unc_h_requests_writes_7                                       (23.53%)
       450,009,132      unc_h_requests_writes_local_0                                     (23.53%)
       450,011,284      unc_h_requests_writes_local_1                                     (23.59%)
       449,841,925      unc_h_requests_writes_local_2                                     (23.53%)
       449,654,522      unc_h_requests_writes_local_3                                     (23.59%)
       449,764,256      unc_h_requests_writes_local_4                                     (23.64%)
       449,856,863      unc_h_requests_writes_local_5                                     (23.59%)
       449,657,077      unc_h_requests_writes_local_6                                     (23.70%)
       449,679,030      unc_h_requests_writes_local_7                                     (23.76%)
     2,266,871,808      unc_h_rxc_inserts_irq_0                                       (23.87%)
     2,178,522,563      unc_h_rxc_inserts_irq_1                                       (23.89%)
     2,177,747,028      unc_h_rxc_inserts_irq_2                                       (23.53%)
     2,179,405,230      unc_h_rxc_inserts_irq_3                                       (23.53%)
     2,179,024,978      unc_h_rxc_inserts_irq_4                                       (23.56%)
     2,177,824,193      unc_h_rxc_inserts_irq_5                                       (23.73%)
     2,177,308,193      unc_h_rxc_inserts_irq_6                                       (23.58%)
     2,178,838,387      unc_h_rxc_inserts_irq_7                                       (23.61%)
           212,885      unc_h_rxc_irq1_reject_pa_match_0                                     (23.75%)
           243,462      unc_h_rxc_irq1_reject_pa_match_1                                     (23.76%)
           219,276      unc_h_rxc_irq1_reject_pa_match_2                                     (23.53%)
           181,724      unc_h_rxc_irq1_reject_pa_match_3                                     (23.47%)
           144,043      unc_h_rxc_irq1_reject_pa_match_4                                     (23.47%)
           153,252      unc_h_rxc_irq1_reject_pa_match_5                                     (23.63%)
           159,594      unc_h_rxc_irq1_reject_pa_match_6                                     (23.47%)
           168,233      unc_h_rxc_irq1_reject_pa_match_7                                     (23.47%)
    17,756,617,846      unc_h_rxc_occupancy_irq_0                                     (23.63%)
    17,098,160,620      unc_h_rxc_occupancy_irq_1                                     (23.57%)
    16,919,655,839      unc_h_rxc_occupancy_irq_2                                     (23.53%)
    17,373,664,300      unc_h_rxc_occupancy_irq_3                                     (23.49%)
    17,914,933,679      unc_h_rxc_occupancy_irq_4                                     (23.42%)
    17,509,361,145      unc_h_rxc_occupancy_irq_5                                     (23.47%)
    24,521,685,343      unc_h_rxc_occupancy_irq_6                                     (23.36%)
    24,508,472,290      unc_h_rxc_occupancy_irq_7                                     (23.30%)
            16,005      unc_h_snoop_resp_rsp_fwd_wb_0                                     (23.41%)
            14,203      unc_h_snoop_resp_rsp_fwd_wb_1                                     (23.37%)
            17,155      unc_h_snoop_resp_rsp_fwd_wb_2                                     (23.53%)
            12,696      unc_h_snoop_resp_rsp_fwd_wb_3                                     (23.50%)
            17,515      unc_h_snoop_resp_rsp_fwd_wb_4                                     (23.46%)
            13,927      unc_h_snoop_resp_rsp_fwd_wb_5                                     (23.23%)
            23,526      unc_h_snoop_resp_rsp_fwd_wb_6                                     (23.42%)
            23,009      unc_h_snoop_resp_rsp_fwd_wb_7                                     (23.37%)
                 0      unc_h_snoop_resp_rspcnflct_0                                     (23.19%)
                 0      unc_h_snoop_resp_rspcnflct_1                                     (23.17%)
                 0      unc_h_snoop_resp_rspcnflct_2                                     (23.53%)
                 0      unc_h_snoop_resp_rspcnflct_3                                     (23.53%)
                 0      unc_h_snoop_resp_rspcnflct_4                                     (23.50%)
                 0      unc_h_snoop_resp_rspcnflct_5                                     (23.33%)
                 0      unc_h_snoop_resp_rspcnflct_6                                     (23.48%)
                 0      unc_h_snoop_resp_rspcnflct_7                                     (23.45%)
                 0      unc_h_snoop_resp_rspifwd_0                                     (23.31%)
                 0      unc_h_snoop_resp_rspifwd_1                                     (23.30%)
                 0      unc_h_snoop_resp_rspifwd_2                                     (23.53%)
                 0      unc_h_snoop_resp_rspifwd_3                                     (23.53%)
                 0      unc_h_snoop_resp_rspifwd_4                                     (23.52%)
                 0      unc_h_snoop_resp_rspifwd_5                                     (23.43%)
                 0      unc_h_snoop_resp_rspifwd_6                                     (23.52%)
                 0      unc_h_snoop_resp_rspifwd_7                                     (23.52%)
                 0      unc_h_snoop_resp_rspsfwd_0                                     (23.43%)
                 0      unc_h_snoop_resp_rspsfwd_1                                     (23.42%)
                 0      unc_h_snoop_resp_rspsfwd_2                                     (23.53%)
                 0      unc_h_snoop_resp_rspsfwd_3                                     (23.53%)
                 0      unc_h_snoop_resp_rspsfwd_4                                     (23.53%)
                 0      unc_h_snoop_resp_rspsfwd_5                                     (23.52%)
                 0      unc_h_snoop_resp_rspsfwd_6                                     (23.53%)
                 0      unc_h_snoop_resp_rspsfwd_7                                     (23.53%)
           126,182      unc_i_cache_total_occupancy_mem_0                                     (33.32%)
           129,660      unc_i_cache_total_occupancy_mem_1                                     (33.32%)
                 0      unc_i_cache_total_occupancy_mem_2                                     (33.35%)
                 0      unc_i_cache_total_occupancy_mem_3                                     (33.35%)
                 0      unc_i_cache_total_occupancy_mem_4                                     (33.35%)
                 0      unc_i_cache_total_occupancy_mem_5                                     (33.35%)
                42      unc_i_coherent_ops_pcitom_0                                     (33.35%)
                 0      unc_i_coherent_ops_pcitom_1                                     (33.35%)
                 0      unc_i_coherent_ops_pcitom_2                                     (33.33%)
                 0      unc_i_coherent_ops_pcitom_3                                     (33.33%)
                 0      unc_i_coherent_ops_pcitom_4                                     (33.33%)
                 0      unc_i_coherent_ops_pcitom_5                                     (33.33%)
               549      unc_i_coherent_ops_rfo_0                                      (33.33%)
                78      unc_i_coherent_ops_rfo_1                                      (33.33%)
                 0      unc_i_coherent_ops_rfo_2                                      (33.32%)
                 0      unc_i_coherent_ops_rfo_3                                      (33.32%)
                 0      unc_i_coherent_ops_rfo_4                                      (33.32%)
                 0      unc_i_coherent_ops_rfo_5                                      (33.32%)
               849      unc_i_faf_inserts_0                                           (33.32%)
            21,978      unc_i_faf_inserts_1                                           (33.32%)
                 0      unc_i_faf_inserts_2                                           (33.35%)
                 0      unc_i_faf_inserts_3                                           (33.35%)
                 0      unc_i_faf_inserts_4                                           (33.35%)
                 0      unc_i_faf_inserts_5                                           (33.35%)
               867      unc_i_faf_occupancy_0                                         (33.35%)
             7,475      unc_i_faf_occupancy_1                                         (33.35%)
                 0      unc_i_faf_occupancy_2                                         (33.33%)
                 0      unc_i_faf_occupancy_3                                         (33.33%)
                 0      unc_i_faf_occupancy_4                                         (33.33%)
                 0      unc_i_faf_occupancy_5                                         (33.33%)
               504      unc_i_transactions_wr_pref_0                                     (33.33%)
                72      unc_i_transactions_wr_pref_1                                     (33.33%)
                 0      unc_i_transactions_wr_pref_2                                     (33.32%)
                 0      unc_i_transactions_wr_pref_3                                     (33.32%)
                 0      unc_i_transactions_wr_pref_4                                     (33.32%)
                 0      unc_i_transactions_wr_pref_5                                     (33.32%)
    67,201,068,485      unc_iio_clockticks_0                                          (7.06%)
    67,231,309,814      unc_iio_clockticks_1                                          (7.05%)
    67,402,727,014      unc_iio_clockticks_2                                          (7.05%)
    67,255,026,725      unc_iio_clockticks_3                                          (7.06%)
                 0      unc_iio_clockticks_4                                          (7.03%)
                 0      unc_iio_clockticks_5                                          (7.03%)
                 0      unc_iio_comp_buf_inserts_cmpd_all_parts_0                                     (7.03%)
                 0      unc_iio_comp_buf_inserts_cmpd_all_parts_1                                     (7.05%)
                 0      unc_iio_comp_buf_inserts_cmpd_all_parts_2                                     (7.03%)
                 0      unc_iio_comp_buf_inserts_cmpd_all_parts_3                                     (7.02%)
                 0      unc_iio_comp_buf_inserts_cmpd_all_parts_4                                     (7.03%)
                 0      unc_iio_comp_buf_inserts_cmpd_all_parts_5                                     (7.02%)
                 0      unc_iio_comp_buf_inserts_cmpd_part0_0                                     (7.05%)
                 0      unc_iio_comp_buf_inserts_cmpd_part0_1                                     (7.03%)
                 0      unc_iio_comp_buf_inserts_cmpd_part0_2                                     (7.03%)
                 0      unc_iio_comp_buf_inserts_cmpd_part0_3                                     (7.04%)
                 0      unc_iio_comp_buf_inserts_cmpd_part0_4                                     (7.03%)
                 0      unc_iio_comp_buf_inserts_cmpd_part0_5                                     (7.02%)
                 0      unc_iio_comp_buf_inserts_cmpd_part1_0                                     (7.04%)
                 0      unc_iio_comp_buf_inserts_cmpd_part1_1                                     (7.05%)
                 0      unc_iio_comp_buf_inserts_cmpd_part1_2                                     (7.02%)
                 0      unc_iio_comp_buf_inserts_cmpd_part1_3                                     (7.03%)
                 0      unc_iio_comp_buf_inserts_cmpd_part1_4                                     (7.03%)
                 0      unc_iio_comp_buf_inserts_cmpd_part1_5                                     (7.03%)
                 0      unc_iio_comp_buf_inserts_cmpd_part2_0                                     (7.06%)
                 0      unc_iio_comp_buf_inserts_cmpd_part2_1                                     (7.03%)
                 0      unc_iio_comp_buf_inserts_cmpd_part2_2                                     (7.03%)
                 0      unc_iio_comp_buf_inserts_cmpd_part2_3                                     (7.02%)
                 0      unc_iio_comp_buf_inserts_cmpd_part2_4                                     (7.03%)
                 0      unc_iio_comp_buf_inserts_cmpd_part2_5                                     (7.03%)
                 0      unc_iio_comp_buf_inserts_cmpd_part3_0                                     (7.02%)
                 0      unc_iio_comp_buf_inserts_cmpd_part3_1                                     (7.03%)
                 0      unc_iio_comp_buf_inserts_cmpd_part3_2                                     (7.04%)
                 0      unc_iio_comp_buf_inserts_cmpd_part3_3                                     (7.04%)
                 0      unc_iio_comp_buf_inserts_cmpd_part3_4                                     (7.03%)
                 0      unc_iio_comp_buf_inserts_cmpd_part3_5                                     (7.03%)
            41,359      unc_iio_comp_buf_occupancy_cmpd_all_parts_0                                     (7.00%)
         9,898,579      unc_iio_comp_buf_occupancy_cmpd_all_parts_1                                     (7.02%)
                 0      unc_iio_comp_buf_occupancy_cmpd_all_parts_2                                     (7.00%)
                 0      unc_iio_comp_buf_occupancy_cmpd_all_parts_3                                     (7.00%)
                 0      unc_iio_comp_buf_occupancy_cmpd_all_parts_4                                     (7.03%)
                 0      unc_iio_comp_buf_occupancy_cmpd_all_parts_5                                     (7.03%)
                 0      unc_iio_comp_buf_occupancy_cmpd_part0_0                                     (7.01%)
        20,385,547      unc_iio_comp_buf_occupancy_cmpd_part0_1                                     (7.03%)
                 0      unc_iio_comp_buf_occupancy_cmpd_part0_2                                     (7.03%)
                 0      unc_iio_comp_buf_occupancy_cmpd_part0_3                                     (7.02%)
                 0      unc_iio_comp_buf_occupancy_cmpd_part0_4                                     (7.03%)
                 0      unc_iio_comp_buf_occupancy_cmpd_part0_5                                     (7.03%)
            37,590      unc_iio_comp_buf_occupancy_cmpd_part1_0                                     (7.02%)
                 0      unc_iio_comp_buf_occupancy_cmpd_part1_1                                     (7.02%)
                 0      unc_iio_comp_buf_occupancy_cmpd_part1_2                                     (7.03%)
                 0      unc_iio_comp_buf_occupancy_cmpd_part1_3                                     (7.03%)
                 0      unc_iio_comp_buf_occupancy_cmpd_part1_4                                     (7.02%)
                 0      unc_iio_comp_buf_occupancy_cmpd_part1_5                                     (7.03%)
                 0      unc_iio_comp_buf_occupancy_cmpd_part2_0                                     (7.00%)
                 0      unc_iio_comp_buf_occupancy_cmpd_part2_1                                     (7.01%)
                 0      unc_iio_comp_buf_occupancy_cmpd_part2_2                                     (7.03%)
                 0      unc_iio_comp_buf_occupancy_cmpd_part2_3                                     (7.00%)
                 0      unc_iio_comp_buf_occupancy_cmpd_part2_4                                     (7.02%)
                 0      unc_iio_comp_buf_occupancy_cmpd_part2_5                                     (7.03%)
                 0      unc_iio_comp_buf_occupancy_cmpd_part3_0                                     (7.03%)
                 0      unc_iio_comp_buf_occupancy_cmpd_part3_1                                     (7.01%)
                 0      unc_iio_comp_buf_occupancy_cmpd_part3_2                                     (7.00%)
                 0      unc_iio_comp_buf_occupancy_cmpd_part3_3                                     (7.02%)
                 0      unc_iio_comp_buf_occupancy_cmpd_part3_4                                     (7.02%)
                 0      unc_iio_comp_buf_occupancy_cmpd_part3_5                                     (7.03%)
                 0      unc_iio_data_req_by_cpu_mem_read_part0_0                                     (7.00%)
                 0      unc_iio_data_req_by_cpu_mem_read_part0_1                                     (7.01%)
                 0      unc_iio_data_req_by_cpu_mem_read_part0_2                                     (7.02%)
                 0      unc_iio_data_req_by_cpu_mem_read_part0_3                                     (7.01%)
                 0      unc_iio_data_req_by_cpu_mem_read_part0_4                                     (7.02%)
                 0      unc_iio_data_req_by_cpu_mem_read_part0_5                                     (7.02%)
                 0      unc_iio_data_req_by_cpu_mem_read_part1_0                                     (7.03%)
                 0      unc_iio_data_req_by_cpu_mem_read_part1_1                                     (7.02%)
                 0      unc_iio_data_req_by_cpu_mem_read_part1_2                                     (7.05%)
                 0      unc_iio_data_req_by_cpu_mem_read_part1_3                                     (7.07%)
                 0      unc_iio_data_req_by_cpu_mem_read_part1_4                                     (7.02%)
                 0      unc_iio_data_req_by_cpu_mem_read_part1_5                                     (7.04%)
                 0      unc_iio_data_req_by_cpu_mem_read_part2_0                                     (7.00%)
                 0      unc_iio_data_req_by_cpu_mem_read_part2_1                                     (7.02%)
                 0      unc_iio_data_req_by_cpu_mem_read_part2_2                                     (7.02%)
                 0      unc_iio_data_req_by_cpu_mem_read_part2_3                                     (7.01%)
                 0      unc_iio_data_req_by_cpu_mem_read_part2_4                                     (7.02%)
                 0      unc_iio_data_req_by_cpu_mem_read_part2_5                                     (5.25%)
                 0      unc_iio_data_req_by_cpu_mem_read_part3_0                                     (7.03%)
                 0      unc_iio_data_req_by_cpu_mem_read_part3_1                                     (7.03%)
                 0      unc_iio_data_req_by_cpu_mem_read_part3_2                                     (7.03%)
                 0      unc_iio_data_req_by_cpu_mem_read_part3_3                                     (7.00%)
                 0      unc_iio_data_req_by_cpu_mem_read_part3_4                                     (7.02%)
                 0      unc_iio_data_req_by_cpu_mem_read_part3_5                                     (7.02%)
                 0      unc_iio_data_req_by_cpu_mem_write_part0_0                                     (6.99%)
                 0      unc_iio_data_req_by_cpu_mem_write_part0_1                                     (7.01%)
                 0      unc_iio_data_req_by_cpu_mem_write_part0_2                                     (7.00%)
                 0      unc_iio_data_req_by_cpu_mem_write_part0_3                                     (7.00%)
                 0      unc_iio_data_req_by_cpu_mem_write_part0_4                                     (7.02%)
                 0      unc_iio_data_req_by_cpu_mem_write_part0_5                                     (7.01%)
                 0      unc_iio_data_req_by_cpu_mem_write_part1_0                                     (7.02%)
                 0      unc_iio_data_req_by_cpu_mem_write_part1_1                                     (7.02%)
                 0      unc_iio_data_req_by_cpu_mem_write_part1_2                                     (7.02%)
                 0      unc_iio_data_req_by_cpu_mem_write_part1_3                                     (7.02%)
                 0      unc_iio_data_req_by_cpu_mem_write_part1_4                                     (7.02%)
                 0      unc_iio_data_req_by_cpu_mem_write_part1_5                                     (7.02%)
                 0      unc_iio_data_req_by_cpu_mem_write_part2_0                                     (7.03%)
                 0      unc_iio_data_req_by_cpu_mem_write_part2_1                                     (7.02%)
                 0      unc_iio_data_req_by_cpu_mem_write_part2_2                                     (7.02%)
                 0      unc_iio_data_req_by_cpu_mem_write_part2_3                                     (7.02%)
                 0      unc_iio_data_req_by_cpu_mem_write_part2_4                                     (7.02%)
                 0      unc_iio_data_req_by_cpu_mem_write_part2_5                                     (7.02%)
                 0      unc_iio_data_req_by_cpu_mem_write_part3_0                                     (7.02%)
                 0      unc_iio_data_req_by_cpu_mem_write_part3_1                                     (7.03%)
                 0      unc_iio_data_req_by_cpu_mem_write_part3_2                                     (7.02%)
                 0      unc_iio_data_req_by_cpu_mem_write_part3_3                                     (7.04%)
                 0      unc_iio_data_req_by_cpu_mem_write_part3_4                                     (7.02%)
                 0      unc_iio_data_req_by_cpu_mem_write_part3_5                                     (7.02%)
                 0      unc_iio_data_req_by_cpu_peer_read_part0_0                                     (7.04%)
                 0      unc_iio_data_req_by_cpu_peer_read_part0_1                                     (7.03%)
                 0      unc_iio_data_req_by_cpu_peer_read_part0_2                                     (7.01%)
                 0      unc_iio_data_req_by_cpu_peer_read_part0_3                                     (7.00%)
                 0      unc_iio_data_req_by_cpu_peer_read_part0_4                                     (7.02%)
                 0      unc_iio_data_req_by_cpu_peer_read_part0_5                                     (7.02%)
                 0      unc_iio_data_req_by_cpu_peer_read_part1_0                                     (7.02%)
                 0      unc_iio_data_req_by_cpu_peer_read_part1_1                                     (7.01%)
                 0      unc_iio_data_req_by_cpu_peer_read_part1_2                                     (7.03%)
                 0      unc_iio_data_req_by_cpu_peer_read_part1_3                                     (5.30%)
                 0      unc_iio_data_req_by_cpu_peer_read_part1_4                                     (7.01%)
                 0      unc_iio_data_req_by_cpu_peer_read_part1_5                                     (7.01%)
                 0      unc_iio_data_req_by_cpu_peer_read_part2_0                                     (6.99%)
                 0      unc_iio_data_req_by_cpu_peer_read_part2_1                                     (7.02%)
                 0      unc_iio_data_req_by_cpu_peer_read_part2_2                                     (7.00%)
                 0      unc_iio_data_req_by_cpu_peer_read_part2_3                                     (6.99%)
                 0      unc_iio_data_req_by_cpu_peer_read_part2_4                                     (7.02%)
                 0      unc_iio_data_req_by_cpu_peer_read_part2_5                                     (7.02%)
                 0      unc_iio_data_req_by_cpu_peer_read_part3_0                                     (7.03%)
                 0      unc_iio_data_req_by_cpu_peer_read_part3_1                                     (7.02%)
                 0      unc_iio_data_req_by_cpu_peer_read_part3_2                                     (7.04%)
                 0      unc_iio_data_req_by_cpu_peer_read_part3_3                                     (7.06%)
                 0      unc_iio_data_req_by_cpu_peer_read_part3_4                                     (7.02%)
                 0      unc_iio_data_req_by_cpu_peer_read_part3_5                                     (7.02%)
                 0      unc_iio_data_req_by_cpu_peer_write_part0_0                                     (7.01%)
                 0      unc_iio_data_req_by_cpu_peer_write_part0_1                                     (7.02%)
                 0      unc_iio_data_req_by_cpu_peer_write_part0_2                                     (7.00%)
                 0      unc_iio_data_req_by_cpu_peer_write_part0_3                                     (6.98%)
                 0      unc_iio_data_req_by_cpu_peer_write_part0_4                                     (7.02%)
                 0      unc_iio_data_req_by_cpu_peer_write_part0_5                                     (7.03%)
                 0      unc_iio_data_req_by_cpu_peer_write_part1_0                                     (7.02%)
                 0      unc_iio_data_req_by_cpu_peer_write_part1_1                                     (7.01%)
                 0      unc_iio_data_req_by_cpu_peer_write_part1_2                                     (7.01%)
                 0      unc_iio_data_req_by_cpu_peer_write_part1_3                                     (7.02%)
                 0      unc_iio_data_req_by_cpu_peer_write_part1_4                                     (7.02%)
                 0      unc_iio_data_req_by_cpu_peer_write_part1_5                                     (7.01%)
                 0      unc_iio_data_req_by_cpu_peer_write_part2_0                                     (7.02%)
                 0      unc_iio_data_req_by_cpu_peer_write_part2_1                                     (7.02%)
                 0      unc_iio_data_req_by_cpu_peer_write_part2_2                                     (7.02%)
                 0      unc_iio_data_req_by_cpu_peer_write_part2_3                                     (7.01%)
                 0      unc_iio_data_req_by_cpu_peer_write_part2_4                                     (7.02%)
                 0      unc_iio_data_req_by_cpu_peer_write_part2_5                                     (7.02%)
                 0      unc_iio_data_req_by_cpu_peer_write_part3_0                                     (7.06%)
                 0      unc_iio_data_req_by_cpu_peer_write_part3_1                                     (7.02%)
                 0      unc_iio_data_req_by_cpu_peer_write_part3_2                                     (7.03%)
                 0      unc_iio_data_req_by_cpu_peer_write_part3_3                                     (7.04%)
                 0      unc_iio_data_req_by_cpu_peer_write_part3_4                                     (7.02%)
                 0      unc_iio_data_req_by_cpu_peer_write_part3_5                                     (7.02%)
                 0      unc_iio_data_req_of_cpu_mem_read_part0_0                                     (7.01%)
                 0      unc_iio_data_req_of_cpu_mem_read_part0_1                                     (7.02%)
                 0      unc_iio_data_req_of_cpu_mem_read_part0_2                                     (7.01%)
                 0      unc_iio_data_req_of_cpu_mem_read_part0_3                                     (7.00%)
                 0      unc_iio_data_req_of_cpu_mem_read_part0_4                                     (7.02%)
                 0      unc_iio_data_req_of_cpu_mem_read_part0_5                                     (7.01%)
                 0      unc_iio_data_req_of_cpu_mem_read_part1_0                                     (7.01%)
                 0      unc_iio_data_req_of_cpu_mem_read_part1_1                                     (7.02%)
                 0      unc_iio_data_req_of_cpu_mem_read_part1_2                                     (7.01%)
                 0      unc_iio_data_req_of_cpu_mem_read_part1_3                                     (7.01%)
                 0      unc_iio_data_req_of_cpu_mem_read_part1_4                                     (7.02%)
                 0      unc_iio_data_req_of_cpu_mem_read_part1_5                                     (7.02%)
                 0      unc_iio_data_req_of_cpu_mem_read_part2_0                                     (7.04%)
                 0      unc_iio_data_req_of_cpu_mem_read_part2_1                                     (7.02%)
                 0      unc_iio_data_req_of_cpu_mem_read_part2_2                                     (5.26%)
                 0      unc_iio_data_req_of_cpu_mem_read_part2_3                                     (7.01%)
                 0      unc_iio_data_req_of_cpu_mem_read_part2_4                                     (7.02%)
                 0      unc_iio_data_req_of_cpu_mem_read_part2_5                                     (5.26%)
                 0      unc_iio_data_req_of_cpu_mem_read_part3_0                                     (7.01%)
                 0      unc_iio_data_req_of_cpu_mem_read_part3_1                                     (7.01%)
                 0      unc_iio_data_req_of_cpu_mem_read_part3_2                                     (5.28%)
                 0      unc_iio_data_req_of_cpu_mem_read_part3_3                                     (7.02%)
                 0      unc_iio_data_req_of_cpu_mem_read_part3_4                                     (7.02%)
                 0      unc_iio_data_req_of_cpu_mem_read_part3_5                                     (5.28%)
                 0      unc_iio_data_req_of_cpu_mem_write_part0_0                                     (5.25%)
                 0      unc_iio_data_req_of_cpu_mem_write_part0_1                                     (7.01%)
                 0      unc_iio_data_req_of_cpu_mem_write_part0_2                                     (7.00%)
                 0      unc_iio_data_req_of_cpu_mem_write_part0_3                                     (5.24%)
                 0      unc_iio_data_req_of_cpu_mem_write_part0_4                                     (7.02%)
                 0      unc_iio_data_req_of_cpu_mem_write_part0_5                                     (7.01%)
                 0      unc_iio_data_req_of_cpu_mem_write_part1_0                                     (5.23%)
                 0      unc_iio_data_req_of_cpu_mem_write_part1_1                                     (7.00%)
                 0      unc_iio_data_req_of_cpu_mem_write_part1_2                                     (6.99%)
                 0      unc_iio_data_req_of_cpu_mem_write_part1_3                                     (5.25%)
                 0      unc_iio_data_req_of_cpu_mem_write_part1_4                                     (7.02%)
                 0      unc_iio_data_req_of_cpu_mem_write_part1_5                                     (7.00%)
                 0      unc_iio_data_req_of_cpu_mem_write_part2_0                                     (7.00%)
                 0      unc_iio_data_req_of_cpu_mem_write_part2_1                                     (7.01%)
                 0      unc_iio_data_req_of_cpu_mem_write_part2_2                                     (7.01%)
                 0      unc_iio_data_req_of_cpu_mem_write_part2_3                                     (7.01%)
                 0      unc_iio_data_req_of_cpu_mem_write_part2_4                                     (7.02%)
                 0      unc_iio_data_req_of_cpu_mem_write_part2_5                                     (7.02%)
                 0      unc_iio_data_req_of_cpu_mem_write_part3_0                                     (7.01%)
                 0      unc_iio_data_req_of_cpu_mem_write_part3_1                                     (5.26%)
                 0      unc_iio_data_req_of_cpu_mem_write_part3_2                                     (7.02%)
                 0      unc_iio_data_req_of_cpu_mem_write_part3_3                                     (7.01%)
                 0      unc_iio_data_req_of_cpu_mem_write_part3_4                                     (5.26%)
                 0      unc_iio_data_req_of_cpu_mem_write_part3_5                                     (7.02%)
                 0      unc_iio_data_req_of_cpu_peer_read_part0_0                                     (7.02%)
                 0      unc_iio_data_req_of_cpu_peer_read_part0_1                                     (5.26%)
                 0      unc_iio_data_req_of_cpu_peer_read_part0_2                                     (5.27%)
                 0      unc_iio_data_req_of_cpu_peer_read_part0_3                                     (7.02%)
                 0      unc_iio_data_req_of_cpu_peer_read_part0_4                                     (5.26%)
                 0      unc_iio_data_req_of_cpu_peer_read_part0_5                                     (5.26%)
                 0      unc_iio_data_req_of_cpu_peer_read_part1_0                                     (7.02%)
                 0      unc_iio_data_req_of_cpu_peer_read_part1_1                                     (7.02%)
                 0      unc_iio_data_req_of_cpu_peer_read_part1_2                                     (5.26%)
                 0      unc_iio_data_req_of_cpu_peer_read_part1_3                                     (5.26%)
                 0      unc_iio_data_req_of_cpu_peer_read_part1_4                                     (7.02%)
                 0      unc_iio_data_req_of_cpu_peer_read_part1_5                                     (5.26%)
                 0      unc_iio_data_req_of_cpu_peer_read_part2_0                                     (5.26%)
                 0      unc_iio_data_req_of_cpu_peer_read_part2_1                                     (7.02%)
                 0      unc_iio_data_req_of_cpu_peer_read_part2_2                                     (7.02%)
                 0      unc_iio_data_req_of_cpu_peer_read_part2_3                                     (5.27%)
                 0      unc_iio_data_req_of_cpu_peer_read_part2_4                                     (5.26%)
                 0      unc_iio_data_req_of_cpu_peer_read_part2_5                                     (7.02%)
                 0      unc_iio_data_req_of_cpu_peer_read_part3_0                                     (5.26%)
                 0      unc_iio_data_req_of_cpu_peer_read_part3_1                                     (5.26%)
                 0      unc_iio_data_req_of_cpu_peer_read_part3_2                                     (7.02%)
                 0      unc_iio_data_req_of_cpu_peer_read_part3_3                                     (7.04%)
                 0      unc_iio_data_req_of_cpu_peer_read_part3_4                                     (5.26%)
                 0      unc_iio_data_req_of_cpu_peer_read_part3_5                                     (7.02%)
                 0      unc_iio_data_req_of_cpu_peer_write_part0_0                                     (7.02%)
                 0      unc_iio_data_req_of_cpu_peer_write_part0_1                                     (5.26%)
                 0      unc_iio_data_req_of_cpu_peer_write_part0_2                                     (7.03%)
                 0      unc_iio_data_req_of_cpu_peer_write_part0_3                                     (7.04%)
                 0      unc_iio_data_req_of_cpu_peer_write_part0_4                                     (7.02%)
                 0      unc_iio_data_req_of_cpu_peer_write_part0_5                                     (5.26%)
                 0      unc_iio_data_req_of_cpu_peer_write_part1_0                                     (7.05%)
                 0      unc_iio_data_req_of_cpu_peer_write_part1_1                                     (7.03%)
                 0      unc_iio_data_req_of_cpu_peer_write_part1_2                                     (5.28%)
                 0      unc_iio_data_req_of_cpu_peer_write_part1_3                                     (7.02%)
                 0      unc_iio_data_req_of_cpu_peer_write_part1_4                                     (7.02%)
                 0      unc_iio_data_req_of_cpu_peer_write_part1_5                                     (5.26%)
                 0      unc_iio_data_req_of_cpu_peer_write_part2_0                                     (7.02%)
                 0      unc_iio_data_req_of_cpu_peer_write_part2_1                                     (7.02%)
                 0      unc_iio_data_req_of_cpu_peer_write_part2_2                                     (5.26%)
                 0      unc_iio_data_req_of_cpu_peer_write_part2_3                                     (5.25%)
                 0      unc_iio_data_req_of_cpu_peer_write_part2_4                                     (7.02%)
                 0      unc_iio_data_req_of_cpu_peer_write_part2_5                                     (7.01%)
                 0      unc_iio_data_req_of_cpu_peer_write_part3_0                                     (7.00%)
                 0      unc_iio_data_req_of_cpu_peer_write_part3_1                                     (7.00%)
                 0      unc_iio_data_req_of_cpu_peer_write_part3_2                                     (7.01%)
                 0      unc_iio_data_req_of_cpu_peer_write_part3_3                                     (7.02%)
                 0      unc_iio_data_req_of_cpu_peer_write_part3_4                                     (7.01%)
                 0      unc_iio_data_req_of_cpu_peer_write_part3_5                                     (7.02%)
                 0      unc_iio_payload_bytes_in_mem_read_part0_0                                     (7.04%)
                 0      unc_iio_payload_bytes_in_mem_read_part0_1                                     (7.03%)
                 0      unc_iio_payload_bytes_in_mem_read_part0_2                                     (7.04%)
                 0      unc_iio_payload_bytes_in_mem_read_part0_3                                     (7.05%)
                 0      unc_iio_payload_bytes_in_mem_read_part0_4                                     (7.01%)
                 0      unc_iio_payload_bytes_in_mem_read_part0_5                                     (7.03%)
                 0      unc_iio_payload_bytes_in_mem_read_part1_0                                     (5.27%)
                 0      unc_iio_payload_bytes_in_mem_read_part1_1                                     (7.02%)
                 0      unc_iio_payload_bytes_in_mem_read_part1_2                                     (7.01%)
                 0      unc_iio_payload_bytes_in_mem_read_part1_3                                     (5.25%)
                 0      unc_iio_payload_bytes_in_mem_read_part1_4                                     (7.01%)
                 0      unc_iio_payload_bytes_in_mem_read_part1_5                                     (7.01%)
                 0      unc_iio_payload_bytes_in_mem_read_part2_0                                     (5.24%)
                 0      unc_iio_payload_bytes_in_mem_read_part2_1                                     (7.00%)
                 0      unc_iio_payload_bytes_in_mem_read_part2_2                                     (6.98%)
                 0      unc_iio_payload_bytes_in_mem_read_part2_3                                     (5.23%)
                 0      unc_iio_payload_bytes_in_mem_read_part2_4                                     (7.01%)
                 0      unc_iio_payload_bytes_in_mem_read_part2_5                                     (7.00%)
                 0      unc_iio_payload_bytes_in_mem_read_part3_0                                     (7.00%)
                 0      unc_iio_payload_bytes_in_mem_read_part3_1                                     (5.25%)
                 0      unc_iio_payload_bytes_in_mem_read_part3_2                                     (7.01%)
                 0      unc_iio_payload_bytes_in_mem_read_part3_3                                     (7.02%)
                 0      unc_iio_payload_bytes_in_mem_read_part3_4                                     (5.26%)
                 0      unc_iio_payload_bytes_in_mem_read_part3_5                                     (7.02%)
                 0      unc_iio_payload_bytes_in_mem_write_part0_0                                     (7.01%)
                 0      unc_iio_payload_bytes_in_mem_write_part0_1                                     (5.26%)
                 0      unc_iio_payload_bytes_in_mem_write_part0_2                                     (7.04%)
                 0      unc_iio_payload_bytes_in_mem_write_part0_3                                     (7.04%)
                 0      unc_iio_payload_bytes_in_mem_write_part0_4                                     (5.26%)
                 0      unc_iio_payload_bytes_in_mem_write_part0_5                                     (7.03%)
                 0      unc_iio_payload_bytes_in_mem_write_part1_0                                     (7.04%)
                 0      unc_iio_payload_bytes_in_mem_write_part1_1                                     (7.03%)
                 0      unc_iio_payload_bytes_in_mem_write_part1_2                                     (5.29%)
                 0      unc_iio_payload_bytes_in_mem_write_part1_3                                     (7.03%)
                 0      unc_iio_payload_bytes_in_mem_write_part1_4                                     (7.01%)
                 0      unc_iio_payload_bytes_in_mem_write_part1_5                                     (5.27%)
                 0      unc_iio_payload_bytes_in_mem_write_part2_0                                     (7.03%)
                 0      unc_iio_payload_bytes_in_mem_write_part2_1                                     (7.03%)
                 0      unc_iio_payload_bytes_in_mem_write_part2_2                                     (5.26%)
                 0      unc_iio_payload_bytes_in_mem_write_part2_3                                     (7.00%)
                 0      unc_iio_payload_bytes_in_mem_write_part2_4                                     (7.01%)
                 0      unc_iio_payload_bytes_in_mem_write_part2_5                                     (5.25%)
                 0      unc_iio_payload_bytes_in_mem_write_part3_0                                     (6.99%)
                 0      unc_iio_payload_bytes_in_mem_write_part3_1                                     (7.01%)
                 0      unc_iio_payload_bytes_in_mem_write_part3_2                                     (6.99%)
                 0      unc_iio_payload_bytes_in_mem_write_part3_3                                     (6.99%)
                 0      unc_iio_payload_bytes_in_mem_write_part3_4                                     (7.01%)
                 0      unc_iio_payload_bytes_in_mem_write_part3_5                                     (7.00%)
                 0      unc_iio_txn_req_by_cpu_mem_read_part0_0                                     (7.00%)
                 0      unc_iio_txn_req_by_cpu_mem_read_part0_1                                     (7.01%)
                 0      unc_iio_txn_req_by_cpu_mem_read_part0_2                                     (7.01%)
                 0      unc_iio_txn_req_by_cpu_mem_read_part0_3                                     (7.02%)
                 0      unc_iio_txn_req_by_cpu_mem_read_part0_4                                     (7.01%)
                 0      unc_iio_txn_req_by_cpu_mem_read_part0_5                                     (7.02%)
                 0      unc_iio_txn_req_by_cpu_mem_read_part1_0                                     (7.01%)
                 0      unc_iio_txn_req_by_cpu_mem_read_part1_1                                     (7.02%)
                 0      unc_iio_txn_req_by_cpu_mem_read_part1_2                                     (7.01%)
                 0      unc_iio_txn_req_by_cpu_mem_read_part1_3                                     (7.02%)
                 0      unc_iio_txn_req_by_cpu_mem_read_part1_4                                     (7.01%)
                 0      unc_iio_txn_req_by_cpu_mem_read_part1_5                                     (7.01%)
                 0      unc_iio_txn_req_by_cpu_mem_read_part2_0                                     (7.01%)
                 0      unc_iio_txn_req_by_cpu_mem_read_part2_1                                     (7.01%)
                 0      unc_iio_txn_req_by_cpu_mem_read_part2_2                                     (7.01%)
                 0      unc_iio_txn_req_by_cpu_mem_read_part2_3                                     (7.01%)
                 0      unc_iio_txn_req_by_cpu_mem_read_part2_4                                     (7.02%)
                 0      unc_iio_txn_req_by_cpu_mem_read_part2_5                                     (7.01%)
                 0      unc_iio_txn_req_by_cpu_mem_read_part3_0                                     (7.01%)
                 0      unc_iio_txn_req_by_cpu_mem_read_part3_1                                     (7.01%)
                 0      unc_iio_txn_req_by_cpu_mem_read_part3_2                                     (7.01%)
                 0      unc_iio_txn_req_by_cpu_mem_read_part3_3                                     (7.01%)
                 0      unc_iio_txn_req_by_cpu_mem_read_part3_4                                     (7.02%)
                 0      unc_iio_txn_req_by_cpu_mem_read_part3_5                                     (7.01%)
                 0      unc_iio_txn_req_by_cpu_mem_write_part0_0                                     (7.01%)
                 0      unc_iio_txn_req_by_cpu_mem_write_part0_1                                     (7.01%)
                 0      unc_iio_txn_req_by_cpu_mem_write_part0_2                                     (7.02%)
                 0      unc_iio_txn_req_by_cpu_mem_write_part0_3                                     (7.04%)
                 0      unc_iio_txn_req_by_cpu_mem_write_part0_4                                     (7.02%)
                 0      unc_iio_txn_req_by_cpu_mem_write_part0_5                                     (7.03%)
                 0      unc_iio_txn_req_by_cpu_mem_write_part1_0                                     (7.06%)
                 0      unc_iio_txn_req_by_cpu_mem_write_part1_1                                     (7.04%)
                 0      unc_iio_txn_req_by_cpu_mem_write_part1_2                                     (7.05%)
                 0      unc_iio_txn_req_by_cpu_mem_write_part1_3                                     (7.07%)
                 0      unc_iio_txn_req_by_cpu_mem_write_part1_4                                     (7.02%)
                 0      unc_iio_txn_req_by_cpu_mem_write_part1_5                                     (7.03%)

      69.773315518 seconds time elapsed

