# started on Tue Feb  6 08:52:12 2024


 Performance counter stats for 'system wide':

                 0      r1b7                                                          (11.59%)
                 0      r1b7                                                          (11.59%)
                 0      r1b7                                                          (11.59%)
                 0      r1b7                                                          (11.59%)
                 0      r1b7                                                          (11.59%)
            60,283      r3fc1                                                         (11.59%)
     7,082,387,087      r159                                                          (11.59%)
   113,841,420,619      r1a2                                                          (11.59%)
    30,251,431,130      r8a2                                                          (11.59%)
                 0      r20cc                                                         (11.59%)
                 0      r40cc                                                         (11.59%)
    23,303,022,760      r15e                                                          (11.59%)
     1,166,522,565      r184015e                                                      (11.59%)
                 0      r4c9                                                          (11.59%)
                 0      r80c9                                                         (11.59%)
                 0      r8c9                                                          (11.59%)
                 0      r40c9                                                         (11.59%)
                 0      r10c9                                                         (11.59%)
                 0      r20c9                                                         (11.59%)
                 0      r2c9                                                          (11.59%)
                 0      r1c9                                                          (11.59%)
                 0      r10f4                                                         (11.59%)
                 0      r132                                                          (11.59%)
            84,269      r832                                                          (11.60%)
         1,056,517      r232                                                          (11.60%)
                 0      r432                                                          (11.60%)
           235,617      r1bd                                                          (11.60%)
            41,662      r20bd                                                         (11.60%)
                 0      r15d                                                          (11.60%)
                 0      r25d                                                          (11.59%)
                 0      r45d                                                          (11.59%)
                 0      r85d                                                          (11.59%)
                 0      r105d                                                         (11.59%)
                 0      r254                                                          (11.59%)
                 0      r154                                                          (11.60%)
                 0      r1054                                                         (11.60%)
                 0      r854                                                          (11.60%)
                 0      r2054                                                         (11.60%)
                 0      r454                                                          (11.60%)
                 0      r4054                                                         (11.60%)
    28,177,641,249      r1a1                                                          (11.60%)
    31,985,650,470      r2a1                                                          (11.60%)
    34,326,793,131      r4a1                                                          (11.60%)
    34,685,910,637      r8a1                                                          (11.60%)
    42,469,718,660      r10a1                                                         (11.60%)
    31,578,684,648      r20a1                                                         (11.60%)
    39,635,461,355      r40a1                                                         (11.60%)
     2,423,903,914      r80a1                                                         (11.60%)
   222,307,335,406      r2b1                                                          (11.60%)
    78,733,109,718      r10002b1                                                      (11.60%)
    61,225,495,300      r20002b1                                                      (11.60%)
    45,935,845,880      r30002b1                                                      (11.60%)
    25,045,969,835      r40002b1                                                      (11.60%)
   102,673,958,500      r18002b1                                                      (11.60%)
    78,734,403,549      r10001b1                                                      (11.60%)
    61,242,604,596      r20001b1                                                      (11.60%)
    45,959,237,270      r30001b1                                                      (11.60%)
    25,066,366,654      r40001b1                                                      (11.60%)
   102,709,461,085      r18001b1                                                      (11.60%)
   222,708,415,178      r1b1                                                          (11.60%)
         5,144,976      r10b1                                                         (11.60%)
   180,997,383,013      r10e                                                          (11.60%)
        54,005,931      r200e                                                         (11.60%)
   131,018,719,850      r180010e                                                      (11.60%)
                 0      r20e                                                          (11.60%)
    28,095,834,454      r4c2                                                          (11.60%)
   177,976,582,935      r2c2                                                          (11.60%)
   129,976,905,760      r18002c2                                                      (11.60%)
   181,406,596,724      r108002c2                                                     (11.60%)
   136,452,595,159      unc_c_clockticks_0                                            (36.42%)
   136,485,983,892      unc_c_clockticks_1                                            (36.48%)
   136,504,795,931      unc_c_clockticks_2                                            (36.43%)
   136,500,432,138      unc_c_clockticks_3                                            (36.57%)
   136,528,752,453      unc_c_clockticks_4                                            (36.63%)
   136,579,952,095      unc_c_clockticks_5                                            (36.69%)
   136,272,950,528      unc_c_clockticks_6                                            (36.37%)
   136,334,185,525      unc_c_clockticks_7                                            (36.75%)
           184,916      unc_c_fast_asserted_0                                         (36.47%)
           115,632      unc_c_fast_asserted_1                                         (36.53%)
            63,399      unc_c_fast_asserted_2                                         (36.41%)
            81,505      unc_c_fast_asserted_3                                         (36.51%)
           127,675      unc_c_fast_asserted_4                                         (36.57%)
            75,198      unc_c_fast_asserted_5                                         (36.67%)
         2,699,289      unc_c_fast_asserted_6                                         (36.37%)
         3,136,629      unc_c_fast_asserted_7                                         (36.03%)
                 0      unc_c_llc_lookup_data_read_0                                     (36.34%)
                 0      unc_c_llc_lookup_data_read_1                                     (36.49%)
                 0      unc_c_llc_lookup_data_read_2                                     (36.35%)
                 0      unc_c_llc_lookup_data_read_3                                     (36.16%)
                 0      unc_c_llc_lookup_data_read_4                                     (36.12%)
                 0      unc_c_llc_lookup_data_read_5                                     (36.09%)
                 0      unc_c_llc_lookup_data_read_6                                     (36.37%)
                11      unc_c_llc_lookup_data_read_7                                     (35.91%)
                 0      unc_c_llc_lookup_remote_snoop_0                                     (36.31%)
                 0      unc_c_llc_lookup_remote_snoop_1                                     (36.24%)
                 0      unc_c_llc_lookup_remote_snoop_2                                     (36.33%)
                 0      unc_c_llc_lookup_remote_snoop_3                                     (36.13%)
                 0      unc_c_llc_lookup_remote_snoop_4                                     (36.06%)
                 0      unc_c_llc_lookup_remote_snoop_5                                     (35.98%)
                 0      unc_c_llc_lookup_remote_snoop_6                                     (36.37%)
                 0      unc_c_llc_lookup_remote_snoop_7                                     (36.02%)
        10,079,590      unc_c_llc_victims_e_state_0                                     (36.25%)
        10,068,317      unc_c_llc_victims_e_state_1                                     (36.19%)
        10,092,429      unc_c_llc_victims_e_state_2                                     (36.30%)
        10,115,460      unc_c_llc_victims_e_state_3                                     (36.20%)
        10,128,926      unc_c_llc_victims_e_state_4                                     (36.14%)
        10,185,183      unc_c_llc_victims_e_state_5                                     (36.08%)
         8,893,387      unc_c_llc_victims_e_state_6                                     (36.36%)
        10,145,611      unc_c_llc_victims_e_state_7                                     (36.20%)
                 0      unc_c_llc_victims_f_state_0                                     (36.24%)
                28      unc_c_llc_victims_f_state_1                                     (36.22%)
                14      unc_c_llc_victims_f_state_2                                     (36.32%)
                30      unc_c_llc_victims_f_state_3                                     (36.29%)
                 6      unc_c_llc_victims_f_state_4                                     (36.27%)
                 0      unc_c_llc_victims_f_state_5                                     (36.24%)
                72      unc_c_llc_victims_f_state_6                                     (36.36%)
                14      unc_c_llc_victims_f_state_7                                     (36.41%)
       192,660,580      unc_c_llc_victims_m_state_0                                     (36.29%)
       192,617,100      unc_c_llc_victims_m_state_1                                     (36.29%)
       192,545,063      unc_c_llc_victims_m_state_2                                     (36.34%)
       192,863,681      unc_c_llc_victims_m_state_3                                     (36.41%)
       193,025,304      unc_c_llc_victims_m_state_4                                     (36.41%)
       192,896,041      unc_c_llc_victims_m_state_5                                     (36.41%)
       193,420,485      unc_c_llc_victims_m_state_6                                     (36.36%)
       192,853,570      unc_c_llc_victims_m_state_7                                     (36.65%)
           460,095      unc_c_llc_victims_s_state_0                                     (36.34%)
           452,696      unc_c_llc_victims_s_state_1                                     (36.37%)
           508,762      unc_c_llc_victims_s_state_2                                     (36.38%)
           511,178      unc_c_llc_victims_s_state_3                                     (36.54%)
           503,005      unc_c_llc_victims_s_state_4                                     (36.57%)
           491,780      unc_c_llc_victims_s_state_5                                     (36.61%)
           497,877      unc_c_llc_victims_s_state_6                                     (36.36%)
           455,252      unc_c_llc_victims_s_state_7                                     (36.74%)
                 0      unc_c_tor_inserts_irq_0                                       (36.48%)
                 0      unc_c_tor_inserts_irq_1                                       (36.52%)
                 0      unc_c_tor_inserts_irq_2                                       (36.43%)
                 0      unc_c_tor_inserts_irq_3                                       (36.59%)
                 0      unc_c_tor_inserts_irq_4                                       (36.63%)
                 0      unc_c_tor_inserts_irq_5                                       (36.62%)
                 0      unc_c_tor_inserts_irq_6                                       (36.36%)
                 0      unc_c_tor_inserts_irq_7                                       (36.68%)
                 0      unc_c_tor_inserts_irq_hit_0                                     (36.47%)
                 0      unc_c_tor_inserts_irq_hit_1                                     (36.39%)
                 0      unc_c_tor_inserts_irq_hit_2                                     (36.39%)
                 0      unc_c_tor_inserts_irq_hit_3                                     (36.37%)
                 0      unc_c_tor_inserts_irq_hit_4                                     (36.39%)
                 0      unc_c_tor_inserts_irq_hit_5                                     (36.42%)
                 0      unc_c_tor_inserts_irq_hit_6                                     (36.36%)
                 0      unc_c_tor_inserts_irq_hit_7                                     (36.44%)
                 0      unc_c_tor_inserts_irq_miss_0                                     (36.41%)
                 0      unc_c_tor_inserts_irq_miss_1                                     (36.30%)
                 0      unc_c_tor_inserts_irq_miss_2                                     (36.35%)
                 0      unc_c_tor_inserts_irq_miss_3                                     (36.26%)
                 0      unc_c_tor_inserts_irq_miss_4                                     (36.24%)
                 0      unc_c_tor_inserts_irq_miss_5                                     (36.22%)
                 0      unc_c_tor_inserts_irq_miss_6                                     (36.36%)
                 0      unc_c_tor_inserts_irq_miss_7                                     (36.21%)

      70.110258959 seconds time elapsed

