# started on Mon Feb  5 07:12:17 2024


 Performance counter stats for 'system wide':

    55,152,535,529      r20002a3                                                      (11.11%)
    40,756,707,240      r60006a3                                                      (11.11%)
                 0      r4c8                                                          (11.11%)
                 0      r80c8                                                         (11.11%)
                 0      r8c8                                                          (11.11%)
                 0      r40c8                                                         (11.11%)
                 0      r10c8                                                         (11.12%)
                 0      r20c8                                                         (11.12%)
                 0      r2c8                                                          (11.12%)
                 0      r1c8                                                          (11.12%)
           558,645      r2c3                                                          (11.12%)
   <not supported>      r1cd:p                                                      
   <not supported>      r1cd:p                                                      
   <not supported>      r1cd:p                                                      
   <not supported>      r1cd:p                                                      
   <not supported>      r1cd:p                                                      
   <not supported>      r1cd:p                                                      
   <not supported>      r1cd:p                                                      
   <not supported>      r1cd:p                                                      
        96,738,250      r10b0                                                         (11.12%)
    14,794,836,338      r1001060                                                      (11.12%)
    26,103,094,147      r1060                                                         (11.12%)
         9,409,235      r6001060                                                      (11.12%)
                 0      r1b7                                                          (11.12%)
                 0      r1b7                                                          (11.12%)
                 0      r1b7                                                          (11.12%)
                 0      r1b7                                                          (11.12%)
                 0      r1b7                                                          (11.12%)
                 0      r1b7                                                          (11.12%)
                 0      r1b7                                                          (11.12%)
                 0      r1b7                                                          (11.12%)
                 0      r1b7                                                          (11.12%)
                 0      r1b7                                                          (11.12%)
                 0      r1b7                                                          (11.12%)
                 0      r1b7                                                          (11.12%)
                 0      r1b7                                                          (11.12%)
                 0      r1b7                                                          (11.12%)
                 0      r1b7                                                          (11.12%)
                 0      r1b7                                                          (11.12%)
                 0      r1b7                                                          (11.12%)
                 0      r1b7                                                          (11.12%)
                 0      r1b7                                                          (11.12%)
                 0      r1b7                                                          (11.12%)
                 0      r1b7                                                          (11.12%)
                 0      r1b7                                                          (11.12%)
                 0      r1b7                                                          (11.11%)
                 0      r1b7                                                          (11.11%)
                 0      r1b7                                                          (11.11%)
                 0      r1b7                                                          (11.11%)
                 0      r1b7                                                          (11.11%)
                 0      r1b7                                                          (11.11%)
                 0      r1b7                                                          (11.11%)
                 0      r1b7                                                          (11.11%)
                 0      r1b7                                                          (11.11%)
                 0      r1b7                                                          (11.11%)
                 0      r1b7                                                          (11.11%)
                 0      r1b7                                                          (11.11%)
                 0      r1b7                                                          (11.11%)
                 0      r1b7                                                          (11.11%)
                 0      r1b7                                                          (11.11%)
                 0      r1b7                                                          (11.11%)
                 0      r1b7                                                          (11.11%)
                 0      r1b7                                                          (11.11%)
                 0      r1b7                                                          (11.11%)
                 0      r1b7                                                          (11.11%)
           526,305      offcore_response.other.l3_miss.any_snoop                                     (11.11%)
                 0      offcore_response.other.l3_miss.remote_hit_forward                                     (2.78%)
                 0      offcore_response.other.l3_miss.remote_hitm                                     (2.78%)
                 0      offcore_response.other.l3_miss.snoop_miss_or_no_fwd                                     (2.78%)
                 0      offcore_response.other.l3_miss_local_dram.snoop_miss_or_no_fwd                                     (2.78%)
                 0      offcore_response.other.l3_miss_remote_dram.snoop_miss_or_no_fwd                                     (2.78%)
                 0      r1b7                                                          (2.78%)
                 0      r1b7                                                          (4.17%)
                 0      r1b7                                                          (5.55%)
                 0      r1b7                                                          (6.94%)
                 0      r1b7                                                          (8.33%)
                 0      r1b7                                                          (9.72%)
                 0      r1b7                                                          (11.11%)
                 0      r1b7                                                          (11.11%)
                 0      r1b7                                                          (11.11%)

      70.094689691 seconds time elapsed

