# started on Tue Feb  6 05:38:33 2024


 Performance counter stats for 'system wide':

                 0      r8c7                                                          (11.69%)
                 0      r10c7                                                         (11.69%)
                 0      r20c7                                                         (10.39%)
                 0      r18c7                                                         (10.39%)
                 0      r40c7                                                         (10.39%)
                 0      r80c7                                                         (10.39%)
                 0      r18c7                                                         (10.39%)
    28,743,356,450      r3c7                                                          (10.39%)
    28,694,949,851      r1c7                                                          (10.39%)
                 0      r2c7                                                          (10.39%)
                 0      rfcc7                                                         (10.39%)
                 0      r1001eca                                                      (10.39%)
                 0      r1c6                                                          (10.39%)
                 0      r1c6                                                          (10.39%)
                 0      r1c6                                                          (10.39%)
                 0      r1c6                                                          (10.39%)
                 0      r1c6                                                          (5.20%)
   <not supported>      r1c6:p                                                      
                 0      r1c6                                                          (5.20%)
                 0      r1c6                                                          (5.20%)
                 0      r1c6                                                          (5.20%)
                 0      r1c6                                                          (5.20%)
                 0      r1c6                                                          (5.20%)
                 0      r1c6                                                          (5.20%)
                 0      r1c6                                                          (5.20%)
                 0      r1c6                                                          (5.20%)
                 0      r1c6                                                          (5.20%)
                 0      r1c6                                                          (5.20%)
                 0      r1c6                                                          (5.20%)
                 0      r1c6                                                          (5.20%)
                 0      r1c6                                                          (5.20%)
                 0      r4c8                                                          (6.49%)
                 0      r80c8                                                         (7.79%)
                 0      r8c8                                                          (9.09%)
                 0      r40c8                                                         (10.39%)
                 0      r10c8                                                         (10.39%)
                 0      r20c8                                                         (10.39%)
                 0      r2c8                                                          (10.39%)
                 0      r1c8                                                          (10.39%)
           564,642      r1cb                                                          (10.39%)
       343,414,108      r480                                                          (10.39%)
    41,410,602,173      r183                                                          (10.39%)
       128,664,578      r283                                                          (10.39%)
        80,813,051      r483                                                          (10.39%)
        82,150,037      r483                                                          (10.39%)
     7,969,848,850      r4fe                                                          (10.39%)
       226,293,802      r2fe                                                          (10.39%)
    27,568,863,046      r4001879                                                      (10.39%)
    55,119,559,507      r1001879                                                      (10.39%)
       578,222,071      r4002479                                                      (10.39%)
     1,683,586,973      r1002479                                                      (10.39%)
    54,831,268,912      r1000879                                                      (10.39%)
    55,114,880,954      r1001879                                                      (10.39%)
    27,554,832,606      r4001879                                                      (10.39%)
   167,738,135,004      r879                                                          (10.39%)
     1,087,834,331      r1000479                                                      (10.39%)
     2,939,337,214      r479                                                          (10.39%)
       925,247,670      r1003079                                                      (10.39%)
       303,131,138      r1001079                                                      (10.39%)
     1,596,849,088      r2079                                                         (10.39%)
       277,984,094      r1043079                                                      (10.39%)
     2,588,417,936      r3079                                                         (10.39%)
    28,198,963,226      r19c                                                          (10.39%)
       969,397,397      r400019c                                                      (10.39%)
   156,429,855,606      r180019c                                                      (10.39%)
     4,931,746,851      r300019c                                                      (10.39%)
    10,411,705,645      r200019c                                                      (10.39%)
    11,786,408,141      r100019c                                                      (10.39%)
           783,183      r187                                                          (10.39%)
     2,688,531,356      r155                                                          (10.39%)
   196,705,001,132      rc0                                                           (11.69%)
   196,703,747,350      rc0                                                           (11.69%)
       165,030,811      r2c0                                                          (11.69%)
   <not supported>      r1c0:p                                                      
   <not supported>      ra8001c0:p                                                  
       230,480,210      r800d                                                         (11.69%)
        29,723,211      r104010d                                                      (11.69%)
       170,841,936      r10d                                                          (11.69%)
       170,361,693      r20010d                                                       (11.69%)
           500,829      r1ae                                                          (11.69%)

      69.765031005 seconds time elapsed

