# started on Mon Feb  5 09:04:27 2024


 Performance counter stats for 'system wide':

        36,054,691      r1000114                                                      (10.52%)
         5,464,262      r1e6                                                          (10.52%)
    28,090,849,010      rc4                                                           (10.52%)
   <not supported>      r4c4:p                                                      
    27,675,161,753      r1c4                                                          (10.52%)
         1,226,750      r40c4                                                         (10.53%)
       178,037,257      r2c4                                                          (10.53%)
       177,517,015      r8c4                                                          (10.53%)
    27,731,480,224      r20c4                                                         (10.53%)
       294,690,964      r10c4                                                         (10.53%)
        12,859,788      rc5                                                           (10.53%)
   <not supported>      r4c5:p                                                      
         3,020,452      r1c5                                                          (10.53%)
            17,768      r2c5                                                          (10.53%)
        11,869,370      r20c5                                                         (10.53%)
     1,845,461,142      r23c                                                          (10.53%)
     1,844,692,621      r13c                                                          (10.53%)
     1,843,814,782      r20013c                                                       (10.53%)
     1,843,209,376      r23c                                                          (10.53%)
   154,988,743,662      r300                                                          (11.85%)
     1,843,067,843      r13c                                                          (11.85%)
     1,843,036,360      r20013c                                                       (11.85%)
           497,262      r104003c                                                      (11.85%)
   168,750,251,483      r3c                                                           (13.16%)
   168,791,648,252      r20003c                                                       (13.16%)
   168,767,515,914      r3c                                                           (13.16%)
   168,831,434,162      r20003c                                                       (13.16%)
   130,769,707,704      r80008a3                                                      (13.16%)
    67,336,093,708      r10001a3                                                      (13.16%)
   148,364,242,824      r100010a3                                                     (11.85%)
    78,615,944,382      rc000ca3                                                      (11.85%)
    48,512,113,217      r50005a3                                                      (11.85%)
    81,224,781,764      r140014a3                                                     (11.85%)
    93,804,501,270      r40004a3                                                      (11.85%)
    14,021,242,222      r2a6                                                          (11.85%)
    14,958,886,185      r4a6                                                          (10.53%)
    21,466,100,146      r8a6                                                          (10.53%)
    14,298,259,478      r10a6                                                         (10.53%)
    13,283,727,288      r40a6                                                         (10.53%)
       878,657,007      r1a6                                                          (10.53%)
           472,259      r187                                                          (10.53%)
   192,600,719,305      rc0                                                           (11.85%)
   192,666,818,905      rc0                                                           (11.85%)
   <not supported>      r1c0:p                                                      
   <not supported>      ra8001c0:p                                                  
       264,870,822      r800d                                                         (11.85%)
       176,551,898      r10d                                                          (11.85%)
       176,078,674      r20010d                                                       (11.85%)
               802      r803                                                          (11.85%)
         9,708,568      r203                                                          (11.85%)
       419,555,024      r107                                                          (11.85%)
            31,685      r14c                                                          (11.85%)
                 0      r40001a8                                                      (11.85%)
                 0      r10001a8                                                      (10.53%)
                 0      r1a8                                                          (10.53%)
         3,065,606      r10401c3                                                      (10.53%)
           811,384      r4c3                                                          (10.53%)
            44,877      r3fc1                                                         (10.53%)
   112,075,890,491      r1a2                                                          (10.53%)
    15,318,769,404      r8a2                                                          (10.53%)
                 0      r20cc                                                         (10.52%)
    10,571,826,379      r15e                                                          (10.52%)
       519,975,207      r184015e                                                      (10.52%)
    24,191,520,870      r1a1                                                          (10.52%)
    29,985,950,010      r2a1                                                          (10.52%)
    40,055,973,861      r4a1                                                          (10.52%)
    35,148,027,446      r8a1                                                          (10.52%)
    37,323,903,895      r10a1                                                         (10.52%)
    34,639,029,456      r20a1                                                         (10.52%)
    38,501,479,438      r40a1                                                         (10.52%)
     1,020,918,735      r80a1                                                         (10.52%)
   218,562,602,567      r2b1                                                          (10.52%)
    75,091,598,557      r10002b1                                                      (10.52%)
    60,991,932,848      r20002b1                                                      (10.52%)
    45,969,304,283      r30002b1                                                      (10.52%)
    24,453,232,447      r40002b1                                                      (10.52%)
    94,122,612,520      r18002b1                                                      (10.52%)
    75,133,001,621      r10001b1                                                      (10.52%)
    61,022,189,235      r20001b1                                                      (10.52%)
    45,985,543,484      r30001b1                                                      (10.52%)

      69.974262033 seconds time elapsed

