# started on Mon Feb  5 06:35:42 2024


 Performance counter stats for 'system wide':

        40,822,455      r2ab                                                          (19.51%)
                 0      r1c6                                                          (19.51%)
                 0      r1c6                                                          (19.51%)
                 0      r1c6                                                          (19.52%)
                 0      r1c6                                                          (19.52%)
                 0      r1c6                                                          (9.76%)
                 0      r1c6                                                          (9.76%)
                 0      r1c6                                                          (9.76%)
                 0      r1c6                                                          (9.76%)
                 0      r1c6                                                          (9.76%)
                 0      r1c6                                                          (9.76%)
                 0      r1c6                                                          (9.76%)
                 0      r1c6                                                          (9.76%)
                 0      r1c6                                                          (9.76%)
                 0      r1c6                                                          (9.76%)
                 0      r1c6                                                          (9.76%)
                 0      r1c6                                                          (9.76%)
                 0      r1c6                                                          (9.76%)
       374,921,778      r480                                                          (12.19%)
    41,667,662,917      r183                                                          (14.63%)
       131,215,155      r283                                                          (17.07%)
        82,560,866      r483                                                          (19.51%)
    27,585,868,938      r4001879                                                      (19.51%)
    55,129,657,874      r1001879                                                      (19.51%)
       595,197,611      r4002479                                                      (19.51%)
     1,721,511,775      r1002479                                                      (19.51%)
    54,770,641,627      r1000879                                                      (19.51%)
   166,683,720,709      r879                                                          (19.51%)
     1,113,331,156      r1000479                                                      (19.51%)
     2,972,816,597      r479                                                          (19.51%)
     1,019,176,776      r1003079                                                      (19.51%)
       394,211,259      r1001079                                                      (19.51%)
     1,579,721,672      r2079                                                         (19.51%)
       308,102,304      r1043079                                                      (19.51%)
     2,855,228,557      r3079                                                         (19.51%)
    28,727,814,779      r19c                                                          (19.51%)
       987,583,940      r400019c                                                      (19.51%)
   156,332,153,579      r180019c                                                      (19.51%)
     4,920,403,941      r300019c                                                      (19.51%)
    10,577,163,473      r200019c                                                      (19.51%)
    12,099,936,145      r100019c                                                      (19.51%)

      69.790032214 seconds time elapsed

