# started on Mon Feb  5 09:26:54 2024


 Performance counter stats for 'system wide':

        36,692,560      r1000114                                                      (10.52%)
         5,802,023      r1e6                                                          (10.52%)
    29,091,630,968      rc4                                                           (10.52%)
   <not supported>      r4c4:p                                                      
    28,736,869,567      r1c4                                                          (10.53%)
         1,217,839      r40c4                                                         (10.53%)
       163,593,358      r2c4                                                          (10.53%)
       164,545,210      r8c4                                                          (10.53%)
    27,520,596,287      r20c4                                                         (10.53%)
     1,588,422,655      r10c4                                                         (10.53%)
        13,234,593      rc5                                                           (10.53%)
   <not supported>      r4c5:p                                                      
         3,429,619      r1c5                                                          (10.53%)
            24,102      r2c5                                                          (10.53%)
        12,110,505      r20c5                                                         (10.53%)
     1,845,218,749      r23c                                                          (10.53%)
     1,844,793,757      r13c                                                          (10.53%)
     1,843,972,595      r20013c                                                       (10.53%)
     1,843,001,477      r23c                                                          (10.53%)
   154,695,607,350      r300                                                          (11.85%)
     1,843,250,272      r13c                                                          (11.85%)
     1,843,431,687      r20013c                                                       (11.85%)
           496,256      r104003c                                                      (11.85%)
   168,319,759,520      r3c                                                           (13.16%)
   168,422,484,875      r20003c                                                       (13.16%)
   168,536,393,210      r3c                                                           (13.16%)
   168,548,809,418      r20003c                                                       (13.16%)
   137,657,713,853      r80008a3                                                      (13.16%)
    67,930,680,757      r10001a3                                                      (13.16%)
   157,486,668,012      r100010a3                                                     (11.85%)
    83,587,253,055      rc000ca3                                                      (11.85%)
    49,186,466,111      r50005a3                                                      (11.85%)
    86,917,716,986      r140014a3                                                     (11.85%)
    93,811,039,888      r40004a3                                                      (11.85%)
    13,395,473,381      r2a6                                                          (11.85%)
    14,080,346,324      r4a6                                                          (10.53%)
    21,947,816,503      r8a6                                                          (10.53%)
    14,405,614,044      r10a6                                                         (10.53%)
     6,240,146,959      r40a6                                                         (10.53%)
       619,873,434      r1a6                                                          (10.53%)
           472,971      r187                                                          (10.53%)
   197,383,487,395      rc0                                                           (11.85%)
   197,287,612,098      rc0                                                           (11.85%)
   <not supported>      r1c0:p                                                      
   <not supported>      ra8001c0:p                                                  
       232,425,849      r800d                                                         (11.85%)
       169,469,698      r10d                                                          (11.85%)
       169,094,164      r20010d                                                       (11.85%)
               312      r803                                                          (11.85%)
         7,068,192      r203                                                          (11.85%)
       373,880,598      r107                                                          (11.85%)
               186      r14c                                                          (11.85%)
                 0      r40001a8                                                      (11.85%)
                 0      r10001a8                                                      (10.53%)
                 0      r1a8                                                          (10.53%)
         2,921,980      r10401c3                                                      (10.53%)
           696,148      r4c3                                                          (10.53%)
            39,757      r3fc1                                                         (10.53%)
   111,857,827,060      r1a2                                                          (10.53%)
     8,173,501,163      r8a2                                                          (10.52%)
                 0      r20cc                                                         (10.52%)
     5,897,312,666      r15e                                                          (10.52%)
       271,497,885      r184015e                                                      (10.52%)
    26,119,798,545      r1a1                                                          (10.52%)
    31,369,108,743      r2a1                                                          (10.52%)
    40,562,741,165      r4a1                                                          (10.52%)
    36,094,897,144      r8a1                                                          (10.52%)
    34,354,113,595      r10a1                                                         (10.52%)
    34,856,195,746      r20a1                                                         (10.52%)
    39,578,103,687      r40a1                                                         (10.52%)
       670,052,813      r80a1                                                         (10.52%)
   221,226,123,170      r2b1                                                          (10.52%)
    74,720,052,996      r10002b1                                                      (10.52%)
    61,283,555,429      r20002b1                                                      (10.52%)
    47,214,013,895      r30002b1                                                      (10.52%)
    25,260,031,558      r40002b1                                                      (10.52%)
    93,871,525,357      r18002b1                                                      (10.52%)
    74,834,677,151      r10001b1                                                      (10.52%)
    61,398,953,601      r20001b1                                                      (10.52%)
    47,309,973,356      r30001b1                                                      (10.52%)

      69.820767641 seconds time elapsed

