# started on Mon Feb  5 04:10:27 2024


 Performance counter stats for 'system wide':

     8,657,804,287      r151                                                          (9.99%)
    11,754,335,809      r248                                                          (10.00%)
   259,050,324,011      r148                                                          (10.00%)
   110,316,929,211      r1000148                                                      (10.00%)
   110,293,854,672      r1200148                                                      (10.00%)
     8,621,149,051      r1ff1                                                         (10.00%)
     7,922,881,622      r2f2                                                          (10.00%)
        95,399,452      r1f2                                                          (10.00%)
         7,737,995      r4f2                                                          (10.00%)
         7,822,616      r4f2                                                          (10.00%)
       137,851,483      re424                                                         (10.00%)
     1,693,499,691      re124                                                         (10.00%)
     1,077,966,461      r2724                                                         (10.00%)
     4,902,099,429      re724                                                         (10.00%)
     9,790,731,907      rf824                                                         (10.00%)
     3,066,195,231      re224                                                         (10.00%)
       110,549,722      rc424                                                         (10.00%)
        27,776,405      r2424                                                         (10.00%)
     1,588,455,927      rc124                                                         (10.00%)
       106,560,538      r2124                                                         (10.00%)
     8,617,991,057      r3f24                                                         (10.00%)
     2,251,034,582      rd824                                                         (10.00%)
     7,542,528,147      r3824                                                         (10.00%)
    14,680,638,959      rff24                                                         (10.00%)
     2,128,525,191      rc224                                                         (10.00%)
       941,011,968      r2224                                                         (10.00%)
     7,925,101,870      r40f0                                                         (10.00%)
     7,489,041,619      r412e                                                         (10.00%)
     8,023,963,242      r4f2e                                                         (10.00%)
    42,389,290,485      r81d0                                                         (10.00%)
    30,742,320,732      r82d0                                                         (10.00%)
        17,386,434      r21d0                                                         (10.00%)
           197,738      r41d0                                                         (10.00%)
           694,786      r42d0                                                         (5.00%)
           224,028      r11d0                                                         (5.00%)
           154,318      r12d0                                                         (5.00%)
            36,325      r2d2                                                          (5.00%)
           899,470      r4d2                                                          (5.00%)
            24,850      r1d2                                                          (5.00%)
        10,928,225      r8d2                                                          (5.00%)
       366,953,743      r1d3                                                          (6.25%)
                 0      r2d3                                                          (7.50%)
                 0      r8d3                                                          (8.75%)
                 0      r4d3                                                          (10.00%)
                 0      r4d4                                                          (10.00%)
    20,249,527,057      r40d1                                                         (10.00%)
    20,784,037,873      r1d1                                                          (10.00%)
     1,542,445,136      r8d1                                                          (10.00%)
     1,069,528,006      r2d1                                                          (10.00%)
       474,289,752      r10d1                                                         (5.00%)
        11,444,596      r4d1                                                          (5.00%)
       459,226,487      r20d1                                                         (5.00%)
     4,416,126,141      r8b0                                                          (6.25%)
    17,333,869,297      r80b0                                                         (7.50%)
        28,803,823      r2b0                                                          (8.75%)
       821,481,600      r1b0                                                          (10.00%)
     2,052,861,376      r4b0                                                          (10.00%)
    70,541,751,037      r1b2                                                          (10.00%)
 1,102,961,650,171      r860                                                          (10.00%)
   132,328,705,335      r1000860                                                      (10.00%)
       774,163,736      r1000260                                                      (10.00%)
    65,386,648,599      r1000160                                                      (10.00%)
    95,796,530,065      r1000460                                                      (10.00%)
     2,614,301,230      r260                                                          (10.00%)
   122,907,679,676      r160                                                          (10.00%)
       100,202,833      r6000160                                                      (9.99%)
   430,704,515,197      r460                                                          (9.99%)
                 0      r1b7                                                          (9.99%)
                 0      r1b7                                                          (9.99%)
                 0      r1b7                                                          (9.99%)
                 0      r1b7                                                          (9.99%)
                 0      r1b7                                                          (9.99%)
                 0      r1b7                                                          (9.99%)
                 0      r1b7                                                          (9.99%)
                 0      r1b7                                                          (9.99%)
                 0      r1b7                                                          (9.99%)
                 0      r1b7                                                          (9.99%)
                 0      r1b7                                                          (9.99%)
                 0      r1b7                                                          (9.99%)
                 0      r1b7                                                          (9.99%)

      69.980485821 seconds time elapsed

