# started on Mon Feb  5 02:17:06 2024


 Performance counter stats for 'system wide':

    27,719,314,150        branch-instructions       #   49.415 M/sec                    (18.87%)
        18,578,910        branch-misses             #    0.07% of all branches          (16.99%)
     1,879,394,242        bus-cycles                #    3.350 M/sec                    (16.99%)
     6,624,827,366        cache-misses              #   86.828 % of all cache refs      (16.99%)
     7,631,125,961        cache-references          #   13.604 M/sec                    (16.99%)
   170,098,220,227        cpu-cycles                #    0.303 GHz                      (16.99%)
   187,521,562,531        instructions              #    1.10  insn per cycle           (18.87%)
   157,831,822,814        ref-cycles                #  281.363 M/sec                    (20.76%)
                 0        alignment-faults          #    0.000 K/sec                  
                 0        bpf-output                #    0.000 K/sec                  
            19,582        context-switches          #    0.035 K/sec                  
        560,959.78 msec   cpu-clock                 #    7.999 CPUs utilized          
               209        cpu-migrations            #    0.000 K/sec                  
                 0        dummy                     #    0.000 K/sec                  
                 0        emulation-faults          #    0.000 K/sec                  
                11        major-faults              #    0.000 K/sec                  
            46,726        minor-faults              #    0.083 K/sec                  
            46,711        page-faults               #    0.083 K/sec                  
        560,950.32 msec   task-clock                #    7.999 CPUs utilized          
     8,886,480,715        L1-dcache-load-misses     #   28.23% of all L1-dcache hits    (20.76%)
    31,476,940,925        L1-dcache-loads           #   56.113 M/sec                    (20.76%)
    34,315,408,160        L1-dcache-stores          #   61.173 M/sec                    (20.76%)
       172,597,284        L1-icache-load-misses                                         (20.76%)
       493,602,223        LLC-load-misses           #   95.70% of all LL-cache hits     (20.75%)
       515,762,840        LLC-loads                 #    0.919 M/sec                    (20.75%)
     1,414,294,500        LLC-store-misses          #    2.521 M/sec                    (3.77%)
     1,427,707,464        LLC-stores                #    2.545 M/sec                    (3.77%)
        17,706,855        branch-load-misses        #    0.032 M/sec                    (5.66%)
    27,687,395,097        branch-loads              #   49.358 M/sec                    (7.55%)
           556,528        dTLB-load-misses          #    0.00% of all dTLB cache hits   (9.43%)
    31,429,182,359        dTLB-loads                #   56.028 M/sec                    (11.32%)
           464,887        dTLB-store-misses         #    0.829 K/sec                    (13.21%)
    34,295,709,701        dTLB-stores               #   61.138 M/sec                    (15.09%)
           157,477        iTLB-load-misses          #    4.08% of all iTLB cache hits   (15.09%)
         3,860,799        iTLB-loads                #    0.007 M/sec                    (15.09%)
                 0        node-load-misses          #    0.000 K/sec                    (15.09%)
       494,759,843        node-loads                #    0.882 M/sec                    (15.09%)
                 0        node-store-misses         #    0.000 K/sec                    (3.77%)
     1,410,068,248        node-stores               #    2.514 M/sec                    (3.77%)
    27,676,284,771        branch-instructions       #   49.338 M/sec                    (5.66%)
        18,419,395        branch-misses             #    0.07% of all branches          (7.55%)
     1,873,209,954        bus-cycles                #    3.339 M/sec                    (9.43%)
     6,628,300,003        cache-misses              #   86.873 % of all cache refs      (11.32%)
     7,628,598,041        cache-references          #   13.599 M/sec                    (13.21%)
   169,834,065,867        cpu-cycles                #    0.303 GHz                      (15.10%)
                 0        cstate_core/c3-residency/ #    0.000 K/sec                  
                 0        cstate_core/c6-residency/ #    0.000 K/sec                  
                 0        cstate_core/c7-residency/ #    0.000 K/sec                  
                 0        cstate_pkg/c2-residency/  #    0.000 K/sec                  
                 0        cstate_pkg/c3-residency/  #    0.000 K/sec                  
                 0        cstate_pkg/c6-residency/  #    0.000 K/sec                  
                 0        cstate_pkg/c7-residency/  #    0.000 K/sec                  
                 0        cycles-ct                 #    0.000 K/sec                    (16.98%)
                 0        cycles-t                  #    0.000 K/sec                    (16.98%)
                 0        el-abort                  #    0.000 K/sec                    (16.98%)
                 0        el-capacity               #    0.000 K/sec                    (16.98%)
                 0        el-commit                 #    0.000 K/sec                    (16.98%)
                 0        el-conflict               #    0.000 K/sec                    (16.98%)
                 0        el-start                  #    0.000 K/sec                    (16.98%)
   187,254,296,623        instructions              #    1.10  insn per cycle           (18.87%)
     <not counted>        intel_pt//                                                    (0.00%)
                 0        mem-loads                 #    0.000 K/sec                    (18.87%)
    34,221,520,672        mem-stores                #   61.006 M/sec                    (16.98%)
   183,205,987,339        msr/aperf/                #  326.597 M/sec                  
               260 C      msr/cpu_thermal_margin/   #    0.000 K/sec                  
   187,502,688,248        msr/mperf/                #  334.256 M/sec                  
   183,201,000,448        msr/pperf/                #  326.588 M/sec                  
                 0        msr/smi/                  #    0.000 K/sec                  
 1,175,018,678,140        msr/tsc/                  # 2094.675 M/sec                  
          2,411.06 Joules power/energy-pkg/         #    0.004 K/sec                  
            573.73 Joules power/energy-ram/         #    0.001 K/sec                  
   157,638,587,854        ref-cycles                #  281.018 M/sec                    (18.87%)
    19,501,527,651        topdown-fetch-bubbles     #      2.9% frontend bound          (18.87%)
       863,388,184        topdown-recovery-bubbles  #      0.2% bad speculation         (18.87%)
   167,889,980,185        topdown-slots-issued      #     72.3% backend bound           (18.87%)
   167,274,972,601        topdown-slots-retired     #     24.6% retiring                (18.87%)
   679,955,733,252        topdown-total-slots       # 1212.139 M/sec                    (20.76%)
                 0        tx-abort                  #    0.000 K/sec                    (20.76%)
                 0        tx-capacity               #    0.000 K/sec                    (20.76%)
                 0        tx-commit                 #    0.000 K/sec                    (18.87%)

      70.128935745 seconds time elapsed

