# started on Mon Feb  5 08:18:24 2024


 Performance counter stats for 'system wide':

   168,871,265,891      r728                                                          (44.44%)
                 0      r1828                                                         (44.44%)
                 0      r2028                                                         (44.44%)
           278,346      r4028                                                         (44.44%)
         1,001,602      r20ef                                                         (44.45%)
         3,498,758      r10ef                                                         (44.45%)
         9,653,006      r2ef                                                          (44.45%)
        62,555,319      r1ef                                                          (44.45%)
         2,001,109      r40ef                                                         (44.45%)
         2,152,625      r8ef                                                          (44.45%)
            50,586      r4ef                                                          (44.45%)
           565,195      r1cb                                                          (44.45%)
     7,938,841,720      r4fe                                                          (44.45%)
       231,351,557      r2fe                                                          (44.44%)
                 0      r132                                                          (44.44%)
            52,833      r832                                                          (44.44%)
            81,204      r232                                                          (44.44%)
                 0      r432                                                          (44.44%)

      69.815651186 seconds time elapsed

