# started on Mon Feb  5 09:22:11 2024


 Performance counter stats for 'system wide':

        36,544,074      r1000114                                                      (10.52%)
         4,888,154      r1e6                                                          (10.52%)
    27,238,957,928      rc4                                                           (10.53%)
   <not supported>      r4c4:p                                                      
    26,742,195,058      r1c4                                                          (10.53%)
         1,259,824      r40c4                                                         (10.53%)
       220,367,686      r2c4                                                          (10.53%)
       220,927,003      r8c4                                                          (10.53%)
    26,920,671,538      r20c4                                                         (10.53%)
       345,058,603      r10c4                                                         (10.53%)
        13,207,811      rc5                                                           (10.53%)
   <not supported>      r4c5:p                                                      
         3,218,541      r1c5                                                          (10.53%)
            13,682      r2c5                                                          (10.53%)
        12,131,522      r20c5                                                         (10.53%)
     1,856,540,984      r23c                                                          (10.53%)
     1,855,848,210      r13c                                                          (10.53%)
     1,854,966,253      r20013c                                                       (10.53%)
     1,854,116,164      r23c                                                          (10.53%)
   155,619,229,234      r300                                                          (11.85%)
     1,853,367,303      r13c                                                          (11.85%)
     1,854,332,637      r20013c                                                       (11.85%)
           499,055      r104003c                                                      (11.85%)
   168,983,456,298      r3c                                                           (13.17%)
   169,005,986,587      r20003c                                                       (13.17%)
   169,041,297,038      r3c                                                           (13.17%)
   169,011,962,914      r20003c                                                       (13.17%)
    96,224,540,708      r80008a3                                                      (13.17%)
    51,668,160,781      r10001a3                                                      (13.17%)
   129,362,140,189      r100010a3                                                     (11.85%)
    65,086,290,528      rc000ca3                                                      (11.85%)
    37,958,352,120      r50005a3                                                      (11.85%)
    68,523,227,673      r140014a3                                                     (11.85%)
    92,882,447,611      r40004a3                                                      (11.85%)
    17,578,656,627      r2a6                                                          (11.85%)
    16,072,334,305      r4a6                                                          (10.53%)
    21,454,989,297      r8a6                                                          (10.53%)
    14,641,315,341      r10a6                                                         (10.53%)
    28,416,032,163      r40a6                                                         (10.53%)
     1,547,516,436      r1a6                                                          (10.53%)
           756,518      r187                                                          (10.53%)
   185,352,531,303      rc0                                                           (11.85%)
   185,217,552,916      rc0                                                           (11.85%)
   <not supported>      r1c0:p                                                      
   <not supported>      ra8001c0:p                                                  
       327,847,310      r800d                                                         (11.85%)
       189,458,329      r10d                                                          (11.84%)
       186,398,504      r20010d                                                       (11.84%)
               988      r803                                                          (11.84%)
         7,680,060      r203                                                          (11.84%)
        92,384,940      r107                                                          (11.84%)
            48,381      r14c                                                          (11.84%)
                 0      r40001a8                                                      (11.84%)
                 0      r10001a8                                                      (10.52%)
                 0      r1a8                                                          (10.52%)
         3,075,268      r10401c3                                                      (10.52%)
           961,822      r4c3                                                          (10.52%)
            51,454      r3fc1                                                         (10.52%)
   114,831,529,004      r1a2                                                          (10.52%)
    30,950,477,520      r8a2                                                          (10.52%)
                 0      r20cc                                                         (10.52%)
    20,688,166,281      r15e                                                          (10.52%)
     1,016,833,042      r184015e                                                      (10.52%)
    34,626,903,530      r1a1                                                          (10.52%)
    36,377,117,502      r2a1                                                          (10.52%)
    32,178,507,921      r4a1                                                          (10.52%)
    32,717,930,980      r8a1                                                          (10.52%)
    40,714,206,332      r10a1                                                         (10.52%)
    32,064,233,774      r20a1                                                         (10.52%)
    36,071,909,807      r40a1                                                         (10.52%)
     1,777,391,822      r80a1                                                         (10.52%)
   206,773,936,492      r2b1                                                          (10.52%)
    76,316,856,263      r10002b1                                                      (10.52%)
    58,691,230,575      r20002b1                                                      (10.52%)
    42,664,203,043      r30002b1                                                      (10.52%)
    21,223,528,562      r40002b1                                                      (10.52%)
    92,822,547,344      r18002b1                                                      (10.52%)
    76,297,215,312      r10001b1                                                      (10.52%)
    58,679,705,443      r20001b1                                                      (10.52%)
    42,658,702,945      r30001b1                                                      (10.52%)

      70.113524769 seconds time elapsed

