# started on Mon Feb  5 06:30:58 2024


 Performance counter stats for 'system wide':

        78,840,746      r2ab                                                          (19.51%)
                 0      r1c6                                                          (19.51%)
                 0      r1c6                                                          (19.51%)
                 0      r1c6                                                          (19.51%)
                 0      r1c6                                                          (19.52%)
                 0      r1c6                                                          (9.76%)
                 0      r1c6                                                          (9.76%)
                 0      r1c6                                                          (9.76%)
                 0      r1c6                                                          (9.76%)
                 0      r1c6                                                          (9.76%)
                 0      r1c6                                                          (9.76%)
                 0      r1c6                                                          (9.76%)
                 0      r1c6                                                          (9.76%)
                 0      r1c6                                                          (9.76%)
                 0      r1c6                                                          (9.75%)
                 0      r1c6                                                          (9.75%)
                 0      r1c6                                                          (9.75%)
                 0      r1c6                                                          (9.75%)
       581,451,804      r480                                                          (12.19%)
    51,681,736,807      r183                                                          (14.63%)
       140,683,162      r283                                                          (17.07%)
        91,098,626      r483                                                          (19.51%)
    23,751,374,319      r4001879                                                      (19.51%)
    43,431,293,534      r1001879                                                      (19.51%)
       648,596,113      r4002479                                                      (19.51%)
     1,855,123,972      r1002479                                                      (19.51%)
    41,975,776,278      r1000879                                                      (19.51%)
   160,822,554,648      r879                                                          (19.51%)
     1,183,549,614      r1000479                                                      (19.51%)
     3,169,832,705      r479                                                          (19.51%)
     2,141,208,698      r1003079                                                      (19.51%)
     1,481,934,721      r1001079                                                      (19.51%)
     1,683,066,368      r2079                                                         (19.51%)
       711,737,386      r1043079                                                      (19.51%)
     6,545,046,368      r3079                                                         (19.51%)
    22,035,561,267      r19c                                                          (19.51%)
     1,236,851,858      r400019c                                                      (19.51%)
   158,287,292,448      r180019c                                                      (19.51%)
     1,465,597,634      r300019c                                                      (19.51%)
     7,884,880,533      r200019c                                                      (19.51%)
    11,412,162,421      r100019c                                                      (19.51%)

      70.081055397 seconds time elapsed

