# started on Tue Feb  6 07:14:12 2024


 Performance counter stats for 'system wide':

         3,489,775      r109                                                          (10.00%)
     4,582,728,416      r8b0                                                          (10.00%)
    17,887,005,856      r80b0                                                         (10.00%)
        30,458,445      r2b0                                                          (10.00%)
       786,508,317      r1b0                                                          (10.00%)
     2,518,892,172      r4b0                                                          (10.01%)
       111,225,157      r10b0                                                         (10.01%)
    77,215,104,070      r1b2                                                          (10.01%)
 1,054,550,663,904      r860                                                          (10.01%)
   133,635,199,073      r1000860                                                      (10.01%)
       741,187,651      r1000260                                                      (10.01%)
    64,334,284,185      r1000160                                                      (10.01%)
   117,055,665,698      r1000460                                                      (10.01%)
    17,059,641,494      r1001060                                                      (10.01%)
     2,677,038,829      r260                                                          (10.01%)
   116,943,730,606      r160                                                          (10.01%)
        81,881,735      r6000160                                                      (10.01%)
   568,208,606,317      r460                                                          (10.00%)
    28,381,325,005      r1060                                                         (10.00%)
         2,285,748      r6001060                                                      (10.00%)
                 0      r1b7                                                          (10.00%)
                 0      r1b7                                                          (10.00%)
                 0      r1b7                                                          (10.00%)
                 0      r1b7                                                          (10.00%)
                 0      r1b7                                                          (10.00%)
                 0      r1b7                                                          (10.00%)
                 0      r1b7                                                          (10.00%)
                 0      r1b7                                                          (10.00%)
                 0      r1b7                                                          (10.00%)
                 0      r1b7                                                          (10.00%)
                 0      r1b7                                                          (10.00%)
                 0      r1b7                                                          (10.00%)
                 0      r1b7                                                          (10.00%)
                 0      r1b7                                                          (10.00%)
                 0      r1b7                                                          (10.00%)
                 0      r1b7                                                          (10.00%)
                 0      r1b7                                                          (10.00%)
                 0      r1b7                                                          (10.00%)
                 0      r1b7                                                          (10.00%)
                 0      r1b7                                                          (10.00%)
                 0      r1b7                                                          (10.00%)
                 0      r1b7                                                          (10.00%)
                 0      r1b7                                                          (10.00%)
                 0      r1b7                                                          (10.00%)
                 0      r1b7                                                          (10.00%)
                 0      r1b7                                                          (10.00%)
                 0      r1b7                                                          (10.00%)
                 0      r1b7                                                          (10.00%)
                 0      r1b7                                                          (10.00%)
                 0      r1b7                                                          (10.00%)
                 0      r1b7                                                          (10.00%)
                 0      r1b7                                                          (10.00%)
                 0      r1b7                                                          (10.00%)
                 0      r1b7                                                          (10.00%)
                 0      r1b7                                                          (10.00%)
                 0      r1b7                                                          (10.00%)
                 0      r1b7                                                          (10.00%)
                 0      r1b7                                                          (10.00%)
                 0      r1b7                                                          (10.00%)
                 0      r1b7                                                          (10.00%)
                 0      r1b7                                                          (10.00%)
                 0      r1b7                                                          (10.00%)
                 0      r1b7                                                          (10.00%)
                 0      r1b7                                                          (10.00%)
                 0      r1b7                                                          (10.00%)
                 0      r1b7                                                          (10.00%)
                 0      r1b7                                                          (10.00%)
                 0      r1b7                                                          (10.00%)
                 0      r1b7                                                          (10.00%)
                 0      r1b7                                                          (10.00%)
                 0      r1b7                                                          (10.00%)
                 0      r1b7                                                          (10.00%)
                 0      r1b7                                                          (10.00%)
                 0      r1b7                                                          (10.00%)
                 0      r1b7                                                          (10.00%)
                 0      r1b7                                                          (10.00%)
                 0      r1b7                                                          (10.00%)
                 0      r1b7                                                          (10.00%)
                 0      r1b7                                                          (10.00%)
                 0      r1b7                                                          (10.00%)

      69.938039582 seconds time elapsed

