# started on Mon Feb  5 07:24:06 2024


 Performance counter stats for 'system wide':

    55,290,302,547      r20002a3                                                      (11.11%)
    42,085,576,480      r60006a3                                                      (11.11%)
                 0      r4c8                                                          (11.11%)
                 0      r80c8                                                         (11.11%)
                 0      r8c8                                                          (11.11%)
                 0      r40c8                                                         (11.12%)
                 0      r10c8                                                         (11.12%)
                 0      r20c8                                                         (11.12%)
                 0      r2c8                                                          (11.12%)
                 0      r1c8                                                          (11.12%)
           733,135      r2c3                                                          (11.12%)
   <not supported>      r1cd:p                                                      
   <not supported>      r1cd:p                                                      
   <not supported>      r1cd:p                                                      
   <not supported>      r1cd:p                                                      
   <not supported>      r1cd:p                                                      
   <not supported>      r1cd:p                                                      
   <not supported>      r1cd:p                                                      
   <not supported>      r1cd:p                                                      
       129,998,781      r10b0                                                         (11.12%)
    21,985,596,366      r1001060                                                      (11.12%)
    38,815,893,764      r1060                                                         (11.12%)
         2,596,616      r6001060                                                      (11.12%)
                 0      r1b7                                                          (11.12%)
                 0      r1b7                                                          (11.12%)
                 0      r1b7                                                          (11.12%)
                 0      r1b7                                                          (11.12%)
                 0      r1b7                                                          (11.12%)
                 0      r1b7                                                          (11.12%)
                 0      r1b7                                                          (11.12%)
                 0      r1b7                                                          (11.12%)
                 0      r1b7                                                          (11.12%)
                 0      r1b7                                                          (11.12%)
                 0      r1b7                                                          (11.12%)
                 0      r1b7                                                          (11.12%)
                 0      r1b7                                                          (11.12%)
                 0      r1b7                                                          (11.12%)
                 0      r1b7                                                          (11.11%)
                 0      r1b7                                                          (11.11%)
                 0      r1b7                                                          (11.11%)
                 0      r1b7                                                          (11.11%)
                 0      r1b7                                                          (11.11%)
                 0      r1b7                                                          (11.11%)
                 0      r1b7                                                          (11.11%)
                 0      r1b7                                                          (11.11%)
                 0      r1b7                                                          (11.11%)
                 0      r1b7                                                          (11.11%)
                 0      r1b7                                                          (11.11%)
                 0      r1b7                                                          (11.11%)
                 0      r1b7                                                          (11.11%)
                 0      r1b7                                                          (11.11%)
                 0      r1b7                                                          (11.11%)
                 0      r1b7                                                          (11.11%)
                 0      r1b7                                                          (11.11%)
                 0      r1b7                                                          (11.11%)
                 0      r1b7                                                          (11.11%)
                 0      r1b7                                                          (11.11%)
                 0      r1b7                                                          (11.11%)
                 0      r1b7                                                          (11.11%)
                 0      r1b7                                                          (11.11%)
                 0      r1b7                                                          (11.11%)
                 0      r1b7                                                          (11.11%)
                 0      r1b7                                                          (11.11%)
                 0      r1b7                                                          (11.11%)
                 0      r1b7                                                          (11.11%)
           521,709      offcore_response.other.l3_miss.any_snoop                                     (11.11%)
                 0      offcore_response.other.l3_miss.remote_hit_forward                                     (2.78%)
                 0      offcore_response.other.l3_miss.remote_hitm                                     (2.78%)
                 0      offcore_response.other.l3_miss.snoop_miss_or_no_fwd                                     (2.78%)
                 0      offcore_response.other.l3_miss_local_dram.snoop_miss_or_no_fwd                                     (2.78%)
                 0      offcore_response.other.l3_miss_remote_dram.snoop_miss_or_no_fwd                                     (2.78%)
                 0      r1b7                                                          (2.78%)
                 0      r1b7                                                          (4.17%)
                 0      r1b7                                                          (5.55%)
                 0      r1b7                                                          (6.94%)
                 0      r1b7                                                          (8.33%)
                 0      r1b7                                                          (9.72%)
                 0      r1b7                                                          (11.11%)
                 0      r1b7                                                          (11.11%)
                 0      r1b7                                                          (11.11%)

      69.869223673 seconds time elapsed

