# started on Tue Feb  6 10:56:11 2024


 Performance counter stats for 'system wide':

                 0      unc_iio_txn_req_by_cpu_mem_write_part2_0                                     (15.39%)
                 0      unc_iio_txn_req_by_cpu_mem_write_part2_1                                     (15.39%)
                 0      unc_iio_txn_req_by_cpu_mem_write_part2_2                                     (15.39%)
                 0      unc_iio_txn_req_by_cpu_mem_write_part2_3                                     (15.39%)
                 0      unc_iio_txn_req_by_cpu_mem_write_part2_4                                     (15.39%)
                 0      unc_iio_txn_req_by_cpu_mem_write_part2_5                                     (15.39%)
                 0      unc_iio_txn_req_by_cpu_mem_write_part3_0                                     (15.39%)
                 0      unc_iio_txn_req_by_cpu_mem_write_part3_1                                     (15.40%)
                 0      unc_iio_txn_req_by_cpu_mem_write_part3_2                                     (15.40%)
                 0      unc_iio_txn_req_by_cpu_mem_write_part3_3                                     (15.39%)
                 0      unc_iio_txn_req_by_cpu_mem_write_part3_4                                     (15.40%)
                 0      unc_iio_txn_req_by_cpu_mem_write_part3_5                                     (15.40%)
                 0      unc_iio_txn_req_by_cpu_peer_read_part0_0                                     (15.40%)
                 0      unc_iio_txn_req_by_cpu_peer_read_part0_1                                     (15.40%)
                 0      unc_iio_txn_req_by_cpu_peer_read_part0_2                                     (15.40%)
                 0      unc_iio_txn_req_by_cpu_peer_read_part0_3                                     (15.40%)
                 0      unc_iio_txn_req_by_cpu_peer_read_part0_4                                     (15.40%)
                 0      unc_iio_txn_req_by_cpu_peer_read_part0_5                                     (15.40%)
                 0      unc_iio_txn_req_by_cpu_peer_read_part1_0                                     (15.40%)
                 0      unc_iio_txn_req_by_cpu_peer_read_part1_1                                     (15.40%)
                 0      unc_iio_txn_req_by_cpu_peer_read_part1_2                                     (15.40%)
                 0      unc_iio_txn_req_by_cpu_peer_read_part1_3                                     (15.40%)
                 0      unc_iio_txn_req_by_cpu_peer_read_part1_4                                     (15.40%)
                 0      unc_iio_txn_req_by_cpu_peer_read_part1_5                                     (15.40%)
                 0      unc_iio_txn_req_by_cpu_peer_read_part2_0                                     (15.39%)
                 0      unc_iio_txn_req_by_cpu_peer_read_part2_1                                     (15.39%)
                 0      unc_iio_txn_req_by_cpu_peer_read_part2_2                                     (15.39%)
                 0      unc_iio_txn_req_by_cpu_peer_read_part2_3                                     (15.39%)
                 0      unc_iio_txn_req_by_cpu_peer_read_part2_4                                     (15.39%)
                 0      unc_iio_txn_req_by_cpu_peer_read_part2_5                                     (15.39%)
                 0      unc_iio_txn_req_by_cpu_peer_read_part3_0                                     (15.39%)
                 0      unc_iio_txn_req_by_cpu_peer_read_part3_1                                     (15.38%)
                 0      unc_iio_txn_req_by_cpu_peer_read_part3_2                                     (15.38%)
                 0      unc_iio_txn_req_by_cpu_peer_read_part3_3                                     (15.38%)
                 0      unc_iio_txn_req_by_cpu_peer_read_part3_4                                     (15.38%)
                 0      unc_iio_txn_req_by_cpu_peer_read_part3_5                                     (15.39%)
                 0      unc_iio_txn_req_by_cpu_peer_write_part0_0                                     (15.38%)
                 0      unc_iio_txn_req_by_cpu_peer_write_part0_1                                     (15.38%)
                 0      unc_iio_txn_req_by_cpu_peer_write_part0_2                                     (15.38%)
                 0      unc_iio_txn_req_by_cpu_peer_write_part0_3                                     (15.38%)
                 0      unc_iio_txn_req_by_cpu_peer_write_part0_4                                     (15.38%)
                 0      unc_iio_txn_req_by_cpu_peer_write_part0_5                                     (15.38%)
                 0      unc_iio_txn_req_by_cpu_peer_write_part1_0                                     (15.38%)
                 0      unc_iio_txn_req_by_cpu_peer_write_part1_1                                     (15.38%)
                 0      unc_iio_txn_req_by_cpu_peer_write_part1_2                                     (15.38%)
                 0      unc_iio_txn_req_by_cpu_peer_write_part1_3                                     (15.38%)
                 0      unc_iio_txn_req_by_cpu_peer_write_part1_4                                     (15.38%)
                 0      unc_iio_txn_req_by_cpu_peer_write_part1_5                                     (15.38%)
                 0      unc_iio_txn_req_by_cpu_peer_write_part2_0                                     (15.38%)
                 0      unc_iio_txn_req_by_cpu_peer_write_part2_1                                     (15.38%)
                 0      unc_iio_txn_req_by_cpu_peer_write_part2_2                                     (15.38%)
                 0      unc_iio_txn_req_by_cpu_peer_write_part2_3                                     (15.38%)
                 0      unc_iio_txn_req_by_cpu_peer_write_part2_4                                     (15.38%)
                 0      unc_iio_txn_req_by_cpu_peer_write_part2_5                                     (15.38%)
                 0      unc_iio_txn_req_by_cpu_peer_write_part3_0                                     (15.38%)
                 0      unc_iio_txn_req_by_cpu_peer_write_part3_1                                     (15.38%)
                 0      unc_iio_txn_req_by_cpu_peer_write_part3_2                                     (15.38%)
                 0      unc_iio_txn_req_by_cpu_peer_write_part3_3                                     (15.38%)
                 0      unc_iio_txn_req_by_cpu_peer_write_part3_4                                     (15.38%)
                 0      unc_iio_txn_req_by_cpu_peer_write_part3_5                                     (15.38%)
                 0      unc_iio_txn_req_of_cpu_mem_read_part0_0                                     (15.38%)
                 0      unc_iio_txn_req_of_cpu_mem_read_part0_1                                     (15.38%)
                 0      unc_iio_txn_req_of_cpu_mem_read_part0_2                                     (15.38%)
                 0      unc_iio_txn_req_of_cpu_mem_read_part0_3                                     (15.38%)
                 0      unc_iio_txn_req_of_cpu_mem_read_part0_4                                     (15.38%)
                 0      unc_iio_txn_req_of_cpu_mem_read_part0_5                                     (15.38%)
                 0      unc_iio_txn_req_of_cpu_mem_read_part1_0                                     (15.38%)
                 0      unc_iio_txn_req_of_cpu_mem_read_part1_1                                     (15.38%)
                 0      unc_iio_txn_req_of_cpu_mem_read_part1_2                                     (15.38%)
                 0      unc_iio_txn_req_of_cpu_mem_read_part1_3                                     (15.38%)
                 0      unc_iio_txn_req_of_cpu_mem_read_part1_4                                     (15.38%)
                 0      unc_iio_txn_req_of_cpu_mem_read_part1_5                                     (15.38%)
                 0      unc_iio_txn_req_of_cpu_mem_read_part2_0                                     (15.38%)
                 0      unc_iio_txn_req_of_cpu_mem_read_part2_1                                     (15.38%)
                 0      unc_iio_txn_req_of_cpu_mem_read_part2_2                                     (15.38%)
                 0      unc_iio_txn_req_of_cpu_mem_read_part2_3                                     (15.38%)
                 0      unc_iio_txn_req_of_cpu_mem_read_part2_4                                     (15.38%)
                 0      unc_iio_txn_req_of_cpu_mem_read_part2_5                                     (15.38%)
                 0      unc_iio_txn_req_of_cpu_mem_read_part3_0                                     (15.38%)
                 0      unc_iio_txn_req_of_cpu_mem_read_part3_1                                     (15.38%)
                 0      unc_iio_txn_req_of_cpu_mem_read_part3_2                                     (15.38%)
                 0      unc_iio_txn_req_of_cpu_mem_read_part3_3                                     (15.39%)
                 0      unc_iio_txn_req_of_cpu_mem_read_part3_4                                     (15.39%)
                 0      unc_iio_txn_req_of_cpu_mem_read_part3_5                                     (15.39%)
                 0      unc_iio_txn_req_of_cpu_mem_write_part0_0                                     (15.38%)
                 0      unc_iio_txn_req_of_cpu_mem_write_part0_1                                     (15.38%)
                 0      unc_iio_txn_req_of_cpu_mem_write_part0_2                                     (15.39%)
                 0      unc_iio_txn_req_of_cpu_mem_write_part0_3                                     (15.39%)
                 0      unc_iio_txn_req_of_cpu_mem_write_part0_4                                     (15.39%)
                 0      unc_iio_txn_req_of_cpu_mem_write_part0_5                                     (15.38%)
                 0      unc_iio_txn_req_of_cpu_mem_write_part1_0                                     (15.38%)
                 0      unc_iio_txn_req_of_cpu_mem_write_part1_1                                     (15.39%)
                 0      unc_iio_txn_req_of_cpu_mem_write_part1_2                                     (15.39%)
                 0      unc_iio_txn_req_of_cpu_mem_write_part1_3                                     (15.39%)
                 0      unc_iio_txn_req_of_cpu_mem_write_part1_4                                     (15.39%)
                 0      unc_iio_txn_req_of_cpu_mem_write_part1_5                                     (15.39%)
                 0      unc_iio_txn_req_of_cpu_mem_write_part2_0                                     (15.39%)
                 0      unc_iio_txn_req_of_cpu_mem_write_part2_1                                     (15.39%)
                 0      unc_iio_txn_req_of_cpu_mem_write_part2_2                                     (15.39%)
                 0      unc_iio_txn_req_of_cpu_mem_write_part2_3                                     (15.38%)
                 0      unc_iio_txn_req_of_cpu_mem_write_part2_4                                     (15.38%)
                 0      unc_iio_txn_req_of_cpu_mem_write_part2_5                                     (15.38%)
                 0      unc_iio_txn_req_of_cpu_mem_write_part3_0                                     (15.39%)
                 0      unc_iio_txn_req_of_cpu_mem_write_part3_1                                     (15.39%)
                 0      unc_iio_txn_req_of_cpu_mem_write_part3_2                                     (15.39%)
                 0      unc_iio_txn_req_of_cpu_mem_write_part3_3                                     (15.39%)
                 0      unc_iio_txn_req_of_cpu_mem_write_part3_4                                     (15.39%)
                 0      unc_iio_txn_req_of_cpu_mem_write_part3_5                                     (15.39%)
                 0      unc_iio_txn_req_of_cpu_peer_read_part0_0                                     (15.38%)
                 0      unc_iio_txn_req_of_cpu_peer_read_part0_1                                     (15.38%)
                 0      unc_iio_txn_req_of_cpu_peer_read_part0_2                                     (15.38%)
                 0      unc_iio_txn_req_of_cpu_peer_read_part0_3                                     (15.38%)
                 0      unc_iio_txn_req_of_cpu_peer_read_part0_4                                     (15.38%)
                 0      unc_iio_txn_req_of_cpu_peer_read_part0_5                                     (15.38%)
                 0      unc_iio_txn_req_of_cpu_peer_read_part1_0                                     (15.38%)
                 0      unc_iio_txn_req_of_cpu_peer_read_part1_1                                     (15.39%)
                 0      unc_iio_txn_req_of_cpu_peer_read_part1_2                                     (15.38%)
                 0      unc_iio_txn_req_of_cpu_peer_read_part1_3                                     (15.38%)
                 0      unc_iio_txn_req_of_cpu_peer_read_part1_4                                     (15.38%)
                 0      unc_iio_txn_req_of_cpu_peer_read_part1_5                                     (15.38%)
                 0      unc_iio_txn_req_of_cpu_peer_read_part2_0                                     (15.38%)
                 0      unc_iio_txn_req_of_cpu_peer_read_part2_1                                     (15.39%)
                 0      unc_iio_txn_req_of_cpu_peer_read_part2_2                                     (15.39%)
                 0      unc_iio_txn_req_of_cpu_peer_read_part2_3                                     (15.39%)
                 0      unc_iio_txn_req_of_cpu_peer_read_part2_4                                     (15.39%)
                 0      unc_iio_txn_req_of_cpu_peer_read_part2_5                                     (15.38%)
                 0      unc_iio_txn_req_of_cpu_peer_read_part3_0                                     (15.38%)
                 0      unc_iio_txn_req_of_cpu_peer_read_part3_1                                     (15.39%)
                 0      unc_iio_txn_req_of_cpu_peer_read_part3_2                                     (15.39%)
                 0      unc_iio_txn_req_of_cpu_peer_read_part3_3                                     (15.38%)
                 0      unc_iio_txn_req_of_cpu_peer_read_part3_4                                     (15.38%)
                 0      unc_iio_txn_req_of_cpu_peer_read_part3_5                                     (15.38%)
                 0      unc_iio_txn_req_of_cpu_peer_write_part0_0                                     (15.39%)
                 0      unc_iio_txn_req_of_cpu_peer_write_part0_1                                     (15.39%)
                 0      unc_iio_txn_req_of_cpu_peer_write_part0_2                                     (15.39%)
                 0      unc_iio_txn_req_of_cpu_peer_write_part0_3                                     (15.39%)
                 0      unc_iio_txn_req_of_cpu_peer_write_part0_4                                     (15.38%)
                 0      unc_iio_txn_req_of_cpu_peer_write_part0_5                                     (15.38%)
                 0      unc_iio_txn_req_of_cpu_peer_write_part1_0                                     (15.39%)
                 0      unc_iio_txn_req_of_cpu_peer_write_part1_1                                     (15.39%)
                 0      unc_iio_txn_req_of_cpu_peer_write_part1_2                                     (15.39%)
                 0      unc_iio_txn_req_of_cpu_peer_write_part1_3                                     (15.39%)
                 0      unc_iio_txn_req_of_cpu_peer_write_part1_4                                     (15.39%)
                 0      unc_iio_txn_req_of_cpu_peer_write_part1_5                                     (15.39%)
                 0      unc_iio_txn_req_of_cpu_peer_write_part2_0                                     (15.39%)
                 0      unc_iio_txn_req_of_cpu_peer_write_part2_1                                     (15.39%)
                 0      unc_iio_txn_req_of_cpu_peer_write_part2_2                                     (15.39%)
                 0      unc_iio_txn_req_of_cpu_peer_write_part2_3                                     (15.39%)
                 0      unc_iio_txn_req_of_cpu_peer_write_part2_4                                     (15.39%)
                 0      unc_iio_txn_req_of_cpu_peer_write_part2_5                                     (15.39%)
                 0      unc_iio_txn_req_of_cpu_peer_write_part3_0                                     (15.39%)
                 0      unc_iio_txn_req_of_cpu_peer_write_part3_1                                     (15.39%)
                 0      unc_iio_txn_req_of_cpu_peer_write_part3_2                                     (15.39%)
                 0      unc_iio_txn_req_of_cpu_peer_write_part3_3                                     (15.39%)
                 0      unc_iio_txn_req_of_cpu_peer_write_part3_4                                     (15.39%)
                 0      unc_iio_txn_req_of_cpu_peer_write_part3_5                                     (15.39%)
     8,139,252,759      unc_m2m_bypass_m2m_egress_not_taken_0                                     (11.76%)
                 0      unc_m2m_bypass_m2m_egress_not_taken_1                                     (11.76%)
                 0      unc_m2m_direct2core_not_taken_dirstate_0                                     (11.76%)
                 0      unc_m2m_direct2core_not_taken_dirstate_1                                     (11.76%)
     8,140,007,689      unc_m2m_direct2core_taken_0                                     (11.76%)
                 0      unc_m2m_direct2core_taken_1                                     (11.76%)
                 0      unc_m2m_direct2core_txn_override_0                                     (11.77%)
                 0      unc_m2m_direct2core_txn_override_1                                     (11.77%)
                 0      unc_m2m_direct2upi_not_taken_credits_0                                     (11.77%)
                 0      unc_m2m_direct2upi_not_taken_credits_1                                     (11.77%)
                 0      unc_m2m_direct2upi_not_taken_dirstate_0                                     (11.77%)
                 0      unc_m2m_direct2upi_not_taken_dirstate_1                                     (11.77%)
                 0      unc_m2m_direct2upi_taken_0                                     (11.77%)
                 0      unc_m2m_direct2upi_taken_1                                     (11.77%)
                 0      unc_m2m_direct2upi_txn_override_0                                     (11.77%)
                 0      unc_m2m_direct2upi_txn_override_1                                     (11.77%)
     8,141,437,824      unc_m2m_directory_lookup_any_0                                     (11.77%)
                 0      unc_m2m_directory_lookup_any_1                                     (11.77%)
                 0      unc_m2m_directory_lookup_state_a_0                                     (11.77%)
                 0      unc_m2m_directory_lookup_state_a_1                                     (11.77%)
     8,135,625,942      unc_m2m_directory_lookup_state_i_0                                     (11.77%)
                 0      unc_m2m_directory_lookup_state_i_1                                     (11.77%)
                 0      unc_m2m_directory_lookup_state_s_0                                     (11.77%)
                 0      unc_m2m_directory_lookup_state_s_1                                     (11.77%)
                 0      unc_m2m_directory_update_a2i_0                                     (11.77%)
                 0      unc_m2m_directory_update_a2i_1                                     (11.77%)
                 0      unc_m2m_directory_update_a2s_0                                     (11.77%)
                 0      unc_m2m_directory_update_a2s_1                                     (11.77%)
                 0      unc_m2m_directory_update_any_0                                     (11.77%)
                 0      unc_m2m_directory_update_any_1                                     (11.77%)
                 0      unc_m2m_directory_update_i2a_0                                     (11.77%)
                 0      unc_m2m_directory_update_i2a_1                                     (11.77%)
                 0      unc_m2m_directory_update_i2s_0                                     (11.77%)
                 0      unc_m2m_directory_update_i2s_1                                     (11.77%)
                 0      unc_m2m_directory_update_s2a_0                                     (11.77%)
                 0      unc_m2m_directory_update_s2a_1                                     (11.77%)
                 0      unc_m2m_directory_update_s2i_0                                     (11.77%)
                 0      unc_m2m_directory_update_s2i_1                                     (11.77%)
     8,139,082,158      unc_m2m_imc_reads_all_0                                       (11.77%)
                 0      unc_m2m_imc_reads_all_1                                       (11.77%)
     8,141,332,504      unc_m2m_imc_reads_normal_0                                     (11.76%)
                 0      unc_m2m_imc_reads_normal_1                                     (11.76%)
     3,528,288,965      unc_m2m_imc_writes_all_0                                      (11.76%)
                 0      unc_m2m_imc_writes_all_1                                      (11.76%)
                 0      unc_m2m_imc_writes_ni_0                                       (11.76%)
                 0      unc_m2m_imc_writes_ni_1                                       (11.76%)
             1,607      unc_m2m_imc_writes_partial_0                                     (11.76%)
                 0      unc_m2m_imc_writes_partial_1                                     (11.76%)
                 0      unc_m2m_prefcam_demand_promotions_0                                     (11.76%)
                 0      unc_m2m_prefcam_demand_promotions_1                                     (11.76%)
                 0      unc_m2m_prefcam_inserts_0                                     (11.76%)
                 0      unc_m2m_prefcam_inserts_1                                     (11.76%)
     8,138,658,229      unc_m2m_rxc_ad_inserts_0                                      (11.76%)
                 0      unc_m2m_rxc_ad_inserts_1                                      (11.76%)
    11,694,181,055      unc_m2m_rxc_ad_occupancy_0                                     (11.76%)
                 0      unc_m2m_rxc_ad_occupancy_1                                     (11.76%)
     7,058,463,249      unc_m2m_rxc_bl_inserts_0                                      (11.76%)
                 0      unc_m2m_rxc_bl_inserts_1                                      (11.76%)
   184,888,489,154      unc_m2m_rxc_bl_occupancy_0                                     (11.76%)
                 0      unc_m2m_rxc_bl_occupancy_1                                     (11.76%)
                 0      unc_m2m_txc_ad_inserts_0                                      (11.76%)
                 0      unc_m2m_txc_ad_inserts_1                                      (11.76%)
                 0      unc_m2m_txc_ad_occupancy_0                                     (11.76%)
                 0      unc_m2m_txc_ad_occupancy_1                                     (11.76%)
     8,143,370,737      unc_m2m_txc_bl_inserts_all_0                                     (11.76%)
                 0      unc_m2m_txc_bl_inserts_all_1                                     (11.76%)
    16,281,347,689      unc_m2m_txc_bl_occupancy_all_0                                     (11.76%)
                 0      unc_m2m_txc_bl_occupancy_all_1                                     (11.76%)
                 0      unc_m3upi_upi_prefetch_spawn_0                                   
                 0      unc_m3upi_upi_prefetch_spawn_1                                   
     4,955,844,053      unc_m_act_count_wr_0                                          (25.01%)
                 0      unc_m_act_count_wr_1                                          (25.01%)
                 0      unc_m_act_count_wr_2                                          (25.01%)
                 0      unc_m_act_count_wr_3                                          (25.01%)
                 0      unc_m_act_count_wr_4                                          (25.00%)
                 0      unc_m_act_count_wr_5                                          (25.01%)
    11,655,827,777      unc_m_cas_count_all_0                                         (25.00%)
                 0      unc_m_cas_count_all_1                                         (25.00%)
                 0      unc_m_cas_count_all_2                                         (25.00%)
                 0      unc_m_cas_count_all_3                                         (25.00%)
                 0      unc_m_cas_count_all_4                                         (25.00%)
                 0      unc_m_cas_count_all_5                                         (25.00%)
     8,129,151,149      unc_m_cas_count_rd_0                                          (25.01%)
                 0      unc_m_cas_count_rd_1                                          (25.01%)
                 0      unc_m_cas_count_rd_2                                          (25.01%)
                 0      unc_m_cas_count_rd_3                                          (25.01%)
                 0      unc_m_cas_count_rd_4                                          (25.01%)
                 0      unc_m_cas_count_rd_5                                          (25.01%)
     8,124,639,169      unc_m_cas_count_rd_reg_0                                      (25.01%)
                 0      unc_m_cas_count_rd_reg_1                                      (25.01%)
                 0      unc_m_cas_count_rd_reg_2                                      (25.01%)
                 0      unc_m_cas_count_rd_reg_3                                      (25.01%)
                 0      unc_m_cas_count_rd_reg_4                                      (25.01%)
                 0      unc_m_cas_count_rd_reg_5                                      (25.01%)
         1,751,438      unc_m_cas_count_rd_underfill_0                                     (25.00%)
                 0      unc_m_cas_count_rd_underfill_1                                     (25.00%)
                 0      unc_m_cas_count_rd_underfill_2                                     (25.00%)
                 0      unc_m_cas_count_rd_underfill_3                                     (25.00%)
                 0      unc_m_cas_count_rd_underfill_4                                     (25.00%)
                 0      unc_m_cas_count_rd_underfill_5                                     (25.00%)
     3,524,383,840      unc_m_cas_count_wr_0                                          (25.00%)
                 0      unc_m_cas_count_wr_1                                          (25.00%)
                 0      unc_m_cas_count_wr_2                                          (25.00%)
                 0      unc_m_cas_count_wr_3                                          (25.00%)
                 0      unc_m_cas_count_wr_4                                          (25.00%)
                 0      unc_m_cas_count_wr_5                                          (25.00%)
     2,641,569,153      unc_m_cas_count_wr_wmm_0                                      (25.00%)
                 0      unc_m_cas_count_wr_wmm_1                                      (25.00%)
                 0      unc_m_cas_count_wr_wmm_2                                      (25.00%)
                 0      unc_m_cas_count_wr_wmm_3                                      (25.00%)
                 0      unc_m_cas_count_wr_wmm_4                                      (25.00%)
                 0      unc_m_cas_count_wr_wmm_5                                      (25.00%)
    82,105,910,174      unc_m_clockticks_0                                            (25.00%)
    80,751,713,770      unc_m_clockticks_1                                            (25.00%)
    80,752,602,373      unc_m_clockticks_2                                            (25.00%)
    80,741,282,701      unc_m_clockticks_3                                            (25.00%)
    80,718,202,434      unc_m_clockticks_4                                            (25.00%)
    80,725,781,473      unc_m_clockticks_5                                            (25.00%)
                 0      unc_m_power_channel_ppd_0                                     (25.00%)
                 0      unc_m_power_channel_ppd_1                                     (25.00%)
                 0      unc_m_power_channel_ppd_2                                     (25.00%)
                 0      unc_m_power_channel_ppd_3                                     (25.00%)
                 0      unc_m_power_channel_ppd_4                                     (25.00%)
                 0      unc_m_power_channel_ppd_5                                     (25.00%)
                 0      unc_m_power_self_refresh_0                                     (25.00%)
                 0      unc_m_power_self_refresh_1                                     (25.00%)
                 0      unc_m_power_self_refresh_2                                     (25.00%)
                 0      unc_m_power_self_refresh_3                                     (25.00%)
                 0      unc_m_power_self_refresh_4                                     (25.00%)
                 0      unc_m_power_self_refresh_5                                     (25.00%)
    13,109,632,090      unc_m_pre_count_page_miss_0                                     (25.00%)
                 0      unc_m_pre_count_page_miss_1                                     (25.00%)
                 0      unc_m_pre_count_page_miss_2                                     (25.00%)
                 0      unc_m_pre_count_page_miss_3                                     (25.00%)
                 0      unc_m_pre_count_page_miss_4                                     (25.00%)
                 0      unc_m_pre_count_page_miss_5                                     (25.00%)
     9,407,788,532      unc_m_pre_count_rd_0                                          (25.00%)
                 0      unc_m_pre_count_rd_1                                          (25.00%)
                 0      unc_m_pre_count_rd_2                                          (25.00%)
                 0      unc_m_pre_count_rd_3                                          (25.00%)
                 0      unc_m_pre_count_rd_4                                          (25.00%)
                 0      unc_m_pre_count_rd_5                                          (25.00%)
     8,130,477,528      unc_m_rpq_inserts_0                                           (25.00%)
                 0      unc_m_rpq_inserts_1                                           (25.00%)
                 0      unc_m_rpq_inserts_2                                           (25.00%)
                 0      unc_m_rpq_inserts_3                                           (25.00%)
                 0      unc_m_rpq_inserts_4                                           (25.00%)
                 0      unc_m_rpq_inserts_5                                           (25.00%)
   894,166,541,331      unc_m_rpq_occupancy_0                                         (25.00%)
                 0      unc_m_rpq_occupancy_1                                         (25.00%)
                 0      unc_m_rpq_occupancy_2                                         (25.00%)
                 0      unc_m_rpq_occupancy_3                                         (25.00%)
                 0      unc_m_rpq_occupancy_4                                         (25.00%)
                 0      unc_m_rpq_occupancy_5                                         (25.00%)
     3,524,827,248      unc_m_wpq_inserts_0                                           (25.00%)
                 0      unc_m_wpq_inserts_1                                           (25.00%)
                 0      unc_m_wpq_inserts_2                                           (25.00%)
                 0      unc_m_wpq_inserts_3                                           (25.00%)
                 0      unc_m_wpq_inserts_4                                           (25.00%)
                 0      unc_m_wpq_inserts_5                                           (25.00%)
 1,553,384,108,418      unc_m_wpq_occupancy_0                                         (25.00%)
                 0      unc_m_wpq_occupancy_1                                         (25.00%)
                 0      unc_m_wpq_occupancy_2                                         (25.00%)
                 0      unc_m_wpq_occupancy_3                                         (25.00%)
                 0      unc_m_wpq_occupancy_4                                         (25.00%)
                 0      unc_m_wpq_occupancy_5                                         (25.00%)
    83,504,297,435      unc_upi_clockticks_0                                        
    83,504,254,191      unc_upi_clockticks_1                                        
                 0      unc_upi_direct_attempts_d2c_0                                   
                 0      unc_upi_direct_attempts_d2c_1                                   
                 0      unc_upi_direct_attempts_d2k_0                                   
                 0      unc_upi_direct_attempts_d2k_1                                   

      69.821606541 seconds time elapsed

