# started on Tue Feb  6 07:16:34 2024


 Performance counter stats for 'system wide':

         2,326,911      r109                                                          (10.00%)
     4,419,530,430      r8b0                                                          (10.00%)
    17,359,552,453      r80b0                                                         (10.00%)
        28,415,159      r2b0                                                          (10.00%)
       806,402,931      r1b0                                                          (10.00%)
     2,050,763,628      r4b0                                                          (10.01%)
       113,667,689      r10b0                                                         (10.01%)
    70,414,091,600      r1b2                                                          (10.01%)
 1,126,304,021,470      r860                                                          (10.01%)
   132,468,332,253      r1000860                                                      (10.01%)
       670,998,397      r1000260                                                      (10.01%)
    64,784,683,051      r1000160                                                      (10.01%)
    95,259,226,888      r1000460                                                      (10.01%)
    18,632,108,276      r1001060                                                      (10.01%)
     2,327,556,663      r260                                                          (10.01%)
   121,972,954,843      r160                                                          (10.01%)
       112,312,620      r6000160                                                      (10.01%)
   428,026,198,011      r460                                                          (10.01%)
    29,446,760,746      r1060                                                         (10.01%)
        18,961,991      r6001060                                                      (10.01%)
                 0      r1b7                                                          (10.01%)
                 0      r1b7                                                          (10.01%)
                 0      r1b7                                                          (10.01%)
                 0      r1b7                                                          (10.01%)
                 0      r1b7                                                          (10.01%)
                 0      r1b7                                                          (10.01%)
                 0      r1b7                                                          (10.00%)
                 0      r1b7                                                          (10.00%)
                 0      r1b7                                                          (10.00%)
                 0      r1b7                                                          (10.00%)
                 0      r1b7                                                          (10.00%)
                 0      r1b7                                                          (10.00%)
                 0      r1b7                                                          (10.00%)
                 0      r1b7                                                          (10.00%)
                 0      r1b7                                                          (10.00%)
                 0      r1b7                                                          (10.00%)
                 0      r1b7                                                          (10.00%)
                 0      r1b7                                                          (10.00%)
                 0      r1b7                                                          (10.00%)
                 0      r1b7                                                          (10.00%)
                 0      r1b7                                                          (10.00%)
                 0      r1b7                                                          (10.00%)
                 0      r1b7                                                          (10.00%)
                 0      r1b7                                                          (10.00%)
                 0      r1b7                                                          (10.00%)
                 0      r1b7                                                          (10.00%)
                 0      r1b7                                                          (10.00%)
                 0      r1b7                                                          (10.00%)
                 0      r1b7                                                          (10.00%)
                 0      r1b7                                                          (10.00%)
                 0      r1b7                                                          (10.00%)
                 0      r1b7                                                          (10.00%)
                 0      r1b7                                                          (10.00%)
                 0      r1b7                                                          (10.00%)
                 0      r1b7                                                          (10.00%)
                 0      r1b7                                                          (10.00%)
                 0      r1b7                                                          (10.00%)
                 0      r1b7                                                          (10.00%)
                 0      r1b7                                                          (10.00%)
                 0      r1b7                                                          (10.00%)
                 0      r1b7                                                          (10.00%)
                 0      r1b7                                                          (10.00%)
                 0      r1b7                                                          (10.00%)
                 0      r1b7                                                          (10.00%)
                 0      r1b7                                                          (10.00%)
                 0      r1b7                                                          (10.00%)
                 0      r1b7                                                          (10.00%)
                 0      r1b7                                                          (10.00%)
                 0      r1b7                                                          (10.00%)
                 0      r1b7                                                          (10.00%)
                 0      r1b7                                                          (10.00%)
                 0      r1b7                                                          (10.00%)
                 0      r1b7                                                          (10.00%)
                 0      r1b7                                                          (10.00%)
                 0      r1b7                                                          (10.00%)
                 0      r1b7                                                          (10.00%)
                 0      r1b7                                                          (10.00%)
                 0      r1b7                                                          (10.00%)
                 0      r1b7                                                          (10.00%)
                 0      r1b7                                                          (10.00%)

      69.947818899 seconds time elapsed

