# started on Tue Feb  6 06:44:41 2024


 Performance counter stats for 'system wide':

           374,599      r185                                                          (6.94%)
         3,764,149      r2085                                                         (8.33%)
        18,394,033      r1001085                                                      (9.72%)
           130,148      re85                                                          (11.11%)
                 0      r885                                                          (11.11%)
             2,565      r485                                                          (11.11%)
           114,790      r285                                                          (11.11%)
        17,707,217      r1085                                                         (11.11%)
     9,007,605,398      r151                                                          (11.11%)
    18,963,696,826      r248                                                          (11.11%)
   329,298,754,140      r148                                                          (11.11%)
   114,466,663,165      r1000148                                                      (11.11%)
   114,502,301,629      r1200148                                                      (11.11%)
     8,951,382,674      r1ff1                                                         (11.11%)
     7,644,210,872      r2f2                                                          (11.11%)
        99,194,727      r1f2                                                          (11.11%)
         7,447,627      r4f2                                                          (11.11%)
         7,406,539      r4f2                                                          (11.11%)
       134,447,348      re424                                                         (11.11%)
     1,235,472,220      re124                                                         (11.11%)
     1,861,892,614      r2724                                                         (11.12%)
     4,887,817,874      re724                                                         (11.12%)
     9,105,347,432      rf824                                                         (11.12%)
     3,515,866,569      re224                                                         (11.12%)
        99,457,415      rc424                                                         (11.12%)
        35,609,243      r2424                                                         (11.12%)
     1,145,271,373      rc124                                                         (11.12%)
        89,367,314      r2124                                                         (11.12%)
     8,942,751,013      r3f24                                                         (11.12%)
     2,011,233,549      rd824                                                         (11.12%)
     7,084,054,326      r3824                                                         (11.12%)
    13,979,529,253      rff24                                                         (11.12%)
     1,784,304,765      rc224                                                         (11.12%)
     1,723,176,207      r2224                                                         (11.12%)
     7,644,294,239      r40f0                                                         (11.12%)
             2,375      r803                                                          (11.12%)
         2,960,855      r203                                                          (11.12%)
        89,735,367      r107                                                          (11.12%)
             1,439      r14c                                                          (11.12%)
     6,760,426,469      r412e                                                         (11.12%)
     7,738,307,141      r4f2e                                                         (11.12%)
                 0      r40001a8                                                      (11.12%)
                 0      r10001a8                                                      (11.12%)
                 0      r40001a8                                                      (11.12%)
                 0      r1a8                                                          (11.12%)
         3,089,986      r10401c3                                                      (11.12%)
           544,809      r2c3                                                          (11.12%)
         1,490,222      r4c3                                                          (11.12%)
    31,556,716,544      r81d0                                                         (11.12%)
    34,535,504,843      r82d0                                                         (11.12%)
    66,059,689,721      r83d0                                                         (11.12%)
        14,722,510      r21d0                                                         (11.12%)
           265,739      r41d0                                                         (5.56%)
           653,785      r42d0                                                         (5.55%)
           322,478      r11d0                                                         (5.55%)
           163,266      r12d0                                                         (5.55%)
            50,843      r2d2                                                          (5.55%)
         1,508,438      r4d2                                                          (5.55%)
             3,872      r1d2                                                          (5.55%)
        12,119,699      r8d2                                                          (5.55%)
       437,856,023      r1d3                                                          (6.94%)
                 0      r2d3                                                          (8.33%)
                 0      r8d3                                                          (9.72%)
                 0      r4d3                                                          (11.11%)
                 0      r4d4                                                          (11.11%)
    19,386,898,265      r40d1                                                         (11.10%)
    10,327,955,882      r1d1                                                          (11.10%)
     1,870,757,409      r8d1                                                          (11.10%)
     1,308,563,550      r2d1                                                          (11.10%)
       562,511,584      r10d1                                                         (5.55%)
        12,236,419      r4d1                                                          (5.55%)
       547,367,084      r20d1                                                         (5.55%)
   <not supported>      r1cd:p                                                      
   <not supported>      r1cd:p                                                      
   <not supported>      r1cd:p                                                      
   <not supported>      r1cd:p                                                      
   <not supported>      r1cd:p                                                      
   <not supported>      r1cd:p                                                      
   <not supported>      r1cd:p                                                      
   <not supported>      r1cd:p                                                      

      70.109556197 seconds time elapsed

