# started on Mon Feb  5 02:25:22 2024


 Performance counter stats for 'system wide':

    28,006,852,161        branch-instructions       #   50.102 M/sec                    (18.87%)
        18,262,324        branch-misses             #    0.07% of all branches          (16.98%)
     1,867,049,728        bus-cycles                #    3.340 M/sec                    (16.98%)
     8,000,240,278        cache-misses              #   96.207 % of all cache refs      (16.99%)
     8,311,755,498        cache-references          #   14.869 M/sec                    (16.99%)
   169,322,178,654        cpu-cycles                #    0.303 GHz                      (16.99%)
   192,489,672,567        instructions              #    1.14  insn per cycle           (18.88%)
   156,795,259,031        ref-cycles                #  280.492 M/sec                    (20.76%)
                 0        alignment-faults          #    0.000 K/sec                  
                 0        bpf-output                #    0.000 K/sec                  
            21,699        context-switches          #    0.039 K/sec                  
        559,004.51 msec   cpu-clock                 #    7.999 CPUs utilized          
               228        cpu-migrations            #    0.000 K/sec                  
                 0        dummy                     #    0.000 K/sec                  
                 0        emulation-faults          #    0.000 K/sec                  
                16        major-faults              #    0.000 K/sec                  
            18,258        minor-faults              #    0.033 K/sec                  
            18,244        page-faults               #    0.033 K/sec                  
        558,995.20 msec   task-clock                #    7.999 CPUs utilized          
     8,691,451,813        L1-dcache-load-misses     #   18.87% of all L1-dcache hits    (20.76%)
    46,052,509,514        L1-dcache-loads           #   82.384 M/sec                    (20.76%)
    29,522,014,077        L1-dcache-stores          #   52.812 M/sec                    (20.76%)
       158,720,539        L1-icache-load-misses                                         (20.76%)
       762,293,381        LLC-load-misses           #   97.56% of all LL-cache hits     (20.76%)
       781,325,583        LLC-loads                 #    1.398 M/sec                    (20.76%)
     2,322,216,812        LLC-store-misses          #    4.154 M/sec                    (3.78%)
     2,323,397,872        LLC-stores                #    4.156 M/sec                    (3.78%)
        17,760,676        branch-load-misses        #    0.032 M/sec                    (5.66%)
    27,977,357,917        branch-loads              #   50.049 M/sec                    (7.55%)
           374,642        dTLB-load-misses          #    0.00% of all dTLB cache hits   (9.44%)
    46,029,812,695        dTLB-loads                #   82.343 M/sec                    (11.33%)
           339,623        dTLB-store-misses         #    0.608 K/sec                    (13.21%)
    29,510,354,658        dTLB-stores               #   52.791 M/sec                    (15.10%)
           136,141        iTLB-load-misses          #    3.55% of all iTLB cache hits   (15.10%)
         3,832,085        iTLB-loads                #    0.007 M/sec                    (15.10%)
                 0        node-load-misses          #    0.000 K/sec                    (15.10%)
       763,404,618        node-loads                #    1.366 M/sec                    (15.10%)
                 0        node-store-misses         #    0.000 K/sec                    (3.77%)
     2,313,223,315        node-stores               #    4.138 M/sec                    (3.77%)
    27,928,652,097        branch-instructions       #   49.962 M/sec                    (5.66%)
        17,311,227        branch-misses             #    0.06% of all branches          (7.55%)
     1,861,583,303        bus-cycles                #    3.330 M/sec                    (9.43%)
     8,006,927,980        cache-misses              #   96.287 % of all cache refs      (11.32%)
     8,319,557,622        cache-references          #   14.883 M/sec                    (13.20%)
   169,200,720,445        cpu-cycles                #    0.303 GHz                      (15.09%)
                 0        cstate_core/c3-residency/ #    0.000 K/sec                  
                 0        cstate_core/c6-residency/ #    0.000 K/sec                  
                 0        cstate_core/c7-residency/ #    0.000 K/sec                  
                 0        cstate_pkg/c2-residency/  #    0.000 K/sec                  
                 0        cstate_pkg/c3-residency/  #    0.000 K/sec                  
                 0        cstate_pkg/c6-residency/  #    0.000 K/sec                  
                 0        cstate_pkg/c7-residency/  #    0.000 K/sec                  
                 0        cycles-ct                 #    0.000 K/sec                    (16.98%)
                 0        cycles-t                  #    0.000 K/sec                    (16.98%)
                 0        el-abort                  #    0.000 K/sec                    (16.98%)
                 0        el-capacity               #    0.000 K/sec                    (16.98%)
                 0        el-commit                 #    0.000 K/sec                    (16.98%)
                 0        el-conflict               #    0.000 K/sec                    (16.98%)
                 0        el-start                  #    0.000 K/sec                    (16.98%)
   192,467,627,650        instructions              #    1.14  insn per cycle           (18.87%)
     <not counted>        intel_pt//                                                    (0.00%)
                 0        mem-loads                 #    0.000 K/sec                    (18.87%)
    29,480,542,360        mem-stores                #   52.738 M/sec                    (16.98%)
   182,222,058,757        msr/aperf/                #  325.979 M/sec                  
               268 C      msr/cpu_thermal_margin/   #    0.000 K/sec                  
   185,974,890,788        msr/mperf/                #  332.692 M/sec                  
   182,216,988,928        msr/pperf/                #  325.970 M/sec                  
                 0        msr/smi/                  #    0.000 K/sec                  
 1,170,921,448,120        msr/tsc/                  # 2094.672 M/sec                  
          2,382.88 Joules power/energy-pkg/         #    0.004 K/sec                  
            586.07 Joules power/energy-ram/         #    0.001 K/sec                  
   157,140,403,077        ref-cycles                #  281.110 M/sec                    (18.87%)
    31,062,434,992        topdown-fetch-bubbles     #      4.6% frontend bound          (18.87%)
       837,857,952        topdown-recovery-bubbles  #      0.2% bad speculation         (18.87%)
   168,780,080,074        topdown-slots-issued      #     70.4% backend bound           (18.87%)
   168,143,636,467        topdown-slots-retired     #     24.8% retiring                (18.87%)
   677,521,431,308        topdown-total-slots       # 1212.024 M/sec                    (20.75%)
                 0        tx-abort                  #    0.000 K/sec                    (20.75%)
                 0        tx-capacity               #    0.000 K/sec                    (20.75%)
                 0        tx-commit                 #    0.000 K/sec                    (18.87%)

      69.884480779 seconds time elapsed

