# started on Mon Feb  5 04:01:00 2024


 Performance counter stats for 'system wide':

     8,736,770,079      r151                                                          (10.00%)
    17,327,524,436      r248                                                          (10.00%)
   388,466,692,748      r148                                                          (10.00%)
   138,965,569,049      r1000148                                                      (10.00%)
   138,958,508,383      r1200148                                                      (10.00%)
     8,727,939,698      r1ff1                                                         (10.00%)
     8,378,183,022      r2f2                                                          (10.01%)
       107,407,738      r1f2                                                          (10.01%)
         6,104,853      r4f2                                                          (10.01%)
         6,124,870      r4f2                                                          (10.01%)
       140,045,257      re424                                                         (10.01%)
     1,446,341,709      re124                                                         (10.01%)
       873,976,546      r2724                                                         (10.01%)
     3,780,695,292      re724                                                         (10.01%)
    10,607,175,586      rf824                                                         (10.01%)
     2,201,977,816      re224                                                         (10.01%)
       107,813,364      rc424                                                         (10.01%)
        28,376,162      r2424                                                         (10.01%)
     1,329,855,047      rc124                                                         (10.01%)
       110,947,456      r2124                                                         (10.01%)
     8,724,025,011      r3f24                                                         (10.01%)
     2,762,558,660      rd824                                                         (10.01%)
     7,843,766,331      r3824                                                         (10.01%)
    14,394,183,780      rff24                                                         (10.01%)
     1,464,939,978      rc224                                                         (10.01%)
       732,965,293      r2224                                                         (10.01%)
     8,372,347,706      r40f0                                                         (10.01%)
     8,214,796,769      r412e                                                         (10.01%)
     8,482,153,878      r4f2e                                                         (10.01%)
    49,140,293,253      r81d0                                                         (10.01%)
    28,421,668,281      r82d0                                                         (10.01%)
        11,163,500      r21d0                                                         (10.01%)
           303,825      r41d0                                                         (10.01%)
           569,159      r42d0                                                         (5.00%)
           423,730      r11d0                                                         (5.00%)
           128,793      r12d0                                                         (5.00%)
            44,496      r2d2                                                          (5.00%)
         1,680,342      r4d2                                                          (5.00%)
             2,821      r1d2                                                          (5.00%)
        10,863,931      r8d2                                                          (5.00%)
       468,852,270      r1d3                                                          (6.25%)
                 0      r2d3                                                          (7.50%)
                 0      r8d3                                                          (8.75%)
                 0      r4d3                                                          (10.00%)
                 0      r4d4                                                          (10.00%)
    23,464,031,962      r40d1                                                         (10.00%)
    23,446,265,984      r1d1                                                          (10.00%)
     2,089,901,620      r8d1                                                          (10.00%)
     1,490,684,158      r2d1                                                          (10.00%)
       601,303,809      r10d1                                                         (5.00%)
        10,407,394      r4d1                                                          (5.00%)
       587,406,178      r20d1                                                         (5.00%)
     5,049,286,539      r8b0                                                          (6.25%)
    17,413,474,405      r80b0                                                         (7.50%)
        27,541,508      r2b0                                                          (8.75%)
       809,635,540      r1b0                                                          (10.00%)
     2,172,749,248      r4b0                                                          (10.00%)
    83,279,185,523      r1b2                                                          (10.00%)
 1,171,441,533,289      r860                                                          (10.00%)
   144,432,795,138      r1000860                                                      (10.00%)
       588,310,753      r1000260                                                      (10.00%)
    68,681,047,837      r1000160                                                      (10.00%)
   116,534,857,374      r1000460                                                      (10.00%)
     2,161,500,207      r260                                                          (10.00%)
   124,595,116,953      r160                                                          (10.00%)
        83,739,004      r6000160                                                      (10.00%)
   542,225,781,760      r460                                                          (10.00%)
                 0      r1b7                                                          (10.00%)
                 0      r1b7                                                          (10.00%)
                 0      r1b7                                                          (10.00%)
                 0      r1b7                                                          (10.00%)
                 0      r1b7                                                          (10.00%)
                 0      r1b7                                                          (10.00%)
                 0      r1b7                                                          (10.00%)
                 0      r1b7                                                          (10.00%)
                 0      r1b7                                                          (10.00%)
                 0      r1b7                                                          (10.00%)
                 0      r1b7                                                          (10.00%)
                 0      r1b7                                                          (10.00%)
                 0      r1b7                                                          (10.00%)

      69.795230812 seconds time elapsed

