# started on Mon Feb  5 02:07:39 2024


 Performance counter stats for 'system wide':

    29,939,125,910        branch-instructions       #   53.596 M/sec                    (18.87%)
        17,796,393        branch-misses             #    0.06% of all branches          (16.98%)
     1,863,755,322        bus-cycles                #    3.336 M/sec                    (16.98%)
     8,241,763,254        cache-misses              #   96.831 % of all cache refs      (16.99%)
     8,508,040,020        cache-references          #   15.231 M/sec                    (16.99%)
   169,009,904,782        cpu-cycles                #    0.303 GHz                      (16.99%)
   201,339,157,389        instructions              #    1.19  insn per cycle           (18.87%)
   156,689,629,780        ref-cycles                #  280.498 M/sec                    (20.76%)
                 0        alignment-faults          #    0.000 K/sec                  
                 0        bpf-output                #    0.000 K/sec                  
            20,990        context-switches          #    0.038 K/sec                  
        558,615.98 msec   cpu-clock                 #    7.999 CPUs utilized          
               262        cpu-migrations            #    0.000 K/sec                  
                 0        dummy                     #    0.000 K/sec                  
                 0        emulation-faults          #    0.000 K/sec                  
                10        major-faults              #    0.000 K/sec                  
            17,727        minor-faults              #    0.032 K/sec                  
            17,707        page-faults               #    0.032 K/sec                  
        558,606.83 msec   task-clock                #    7.999 CPUs utilized          
     8,787,577,875        L1-dcache-load-misses     #   17.66% of all L1-dcache hits    (20.76%)
    49,747,876,048        L1-dcache-loads           #   89.056 M/sec                    (20.76%)
    28,652,408,592        L1-dcache-stores          #   51.292 M/sec                    (20.76%)
       163,840,877        L1-icache-load-misses                                         (20.76%)
       603,838,209        LLC-load-misses           #   96.92% of all LL-cache hits     (20.76%)
       623,037,584        LLC-loads                 #    1.115 M/sec                    (20.76%)
     1,888,907,852        LLC-store-misses          #    3.381 M/sec                    (3.77%)
     1,892,865,560        LLC-stores                #    3.389 M/sec                    (3.77%)
        18,249,735        branch-load-misses        #    0.033 M/sec                    (5.66%)
    30,132,734,751        branch-loads              #   53.942 M/sec                    (7.55%)
           346,301        dTLB-load-misses          #    0.00% of all dTLB cache hits   (9.44%)
    49,937,443,090        dTLB-loads                #   89.396 M/sec                    (11.32%)
           333,735        dTLB-store-misses         #    0.597 K/sec                    (13.21%)
    28,661,232,755        dTLB-stores               #   51.308 M/sec                    (15.10%)
           154,877        iTLB-load-misses          #    4.01% of all iTLB cache hits   (15.10%)
         3,865,059        iTLB-loads                #    0.007 M/sec                    (15.10%)
                 0        node-load-misses          #    0.000 K/sec                    (15.10%)
       602,876,284        node-loads                #    1.079 M/sec                    (15.10%)
                 0        node-store-misses         #    0.000 K/sec                    (3.78%)
     1,880,689,002        node-stores               #    3.367 M/sec                    (3.78%)
    30,012,958,868        branch-instructions       #   53.728 M/sec                    (5.66%)
        18,069,107        branch-misses             #    0.06% of all branches          (7.55%)
     1,865,562,924        bus-cycles                #    3.340 M/sec                    (9.43%)
     8,243,505,713        cache-misses              #   96.852 % of all cache refs      (11.32%)
     8,514,918,340        cache-references          #   15.243 M/sec                    (13.21%)
   169,375,786,638        cpu-cycles                #    0.303 GHz                      (15.09%)
                 0        cstate_core/c3-residency/ #    0.000 K/sec                  
                 0        cstate_core/c6-residency/ #    0.000 K/sec                  
                 0        cstate_core/c7-residency/ #    0.000 K/sec                  
                 0        cstate_pkg/c2-residency/  #    0.000 K/sec                  
                 0        cstate_pkg/c3-residency/  #    0.000 K/sec                  
                 0        cstate_pkg/c6-residency/  #    0.000 K/sec                  
                 0        cstate_pkg/c7-residency/  #    0.000 K/sec                  
                 0        cycles-ct                 #    0.000 K/sec                    (16.98%)
                 0        cycles-t                  #    0.000 K/sec                    (16.98%)
                 0        el-abort                  #    0.000 K/sec                    (16.98%)
                 0        el-capacity               #    0.000 K/sec                    (16.98%)
                 0        el-commit                 #    0.000 K/sec                    (16.98%)
                 0        el-conflict               #    0.000 K/sec                    (16.98%)
                 0        el-start                  #    0.000 K/sec                    (16.98%)
   201,752,337,783        instructions              #    1.19  insn per cycle           (18.86%)
     <not counted>        intel_pt//                                                    (0.00%)
                 0        mem-loads                 #    0.000 K/sec                    (18.86%)
    28,649,942,430        mem-stores                #   51.288 M/sec                    (16.98%)
   182,091,954,516        msr/aperf/                #  325.972 M/sec                  
               254 C      msr/cpu_thermal_margin/   #    0.000 K/sec                  
   185,902,000,050        msr/mperf/                #  332.793 M/sec                  
   182,087,334,400        msr/pperf/                #  325.964 M/sec                  
                 0        msr/smi/                  #    0.000 K/sec                  
 1,170,110,853,082        msr/tsc/                  # 2094.678 M/sec                  
          2,399.25 Joules power/energy-pkg/         #    0.004 K/sec                  
            591.13 Joules power/energy-ram/         #    0.001 K/sec                  
   156,645,383,602        ref-cycles                #  280.419 M/sec                    (18.86%)
    29,744,512,908        topdown-fetch-bubbles     #      4.4% frontend bound          (18.87%)
       818,330,308        topdown-recovery-bubbles  #      0.2% bad speculation         (18.87%)
   177,447,921,829        topdown-slots-issued      #     69.3% backend bound           (18.87%)
   176,822,877,642        topdown-slots-retired     #     26.1% retiring                (18.87%)
   676,614,185,020        topdown-total-slots       # 1211.243 M/sec                    (20.75%)
                 0        tx-abort                  #    0.000 K/sec                    (20.75%)
                 0        tx-capacity               #    0.000 K/sec                    (20.75%)
                 0        tx-commit                 #    0.000 K/sec                    (18.87%)

      69.835962845 seconds time elapsed

