# started on Mon Feb  5 08:25:30 2024


 Performance counter stats for 'system wide':

   169,619,707,493      r728                                                          (44.44%)
                 0      r1828                                                         (44.44%)
                 0      r2028                                                         (44.44%)
           222,389      r4028                                                         (44.45%)
         1,026,917      r20ef                                                         (44.45%)
         3,086,459      r10ef                                                         (44.45%)
        11,519,897      r2ef                                                          (44.45%)
       154,085,969      r1ef                                                          (44.45%)
         3,029,982      r40ef                                                         (44.45%)
         2,218,420      r8ef                                                          (44.45%)
            62,368      r4ef                                                          (44.45%)
           567,124      r1cb                                                          (44.45%)
     7,309,379,835      r4fe                                                          (44.44%)
       491,843,766      r2fe                                                          (44.44%)
                 5      r132                                                          (44.44%)
            68,441      r832                                                          (44.44%)
           653,387      r232                                                          (44.44%)
                 0      r432                                                          (44.44%)

      69.974725962 seconds time elapsed

