# started on Tue Feb  6 08:51:02 2024


 Performance counter stats for 'system wide':

                 0      r1b7                                                          (11.59%)
                 0      r1b7                                                          (11.59%)
                 0      r1b7                                                          (11.59%)
                 0      r1b7                                                          (11.59%)
                 0      r1b7                                                          (11.59%)
            59,086      r3fc1                                                         (11.59%)
     7,047,864,272      r159                                                          (11.60%)
   112,118,252,708      r1a2                                                          (11.60%)
    26,392,740,554      r8a2                                                          (11.60%)
                 0      r20cc                                                         (11.60%)
                 0      r40cc                                                         (11.60%)
    20,686,289,826      r15e                                                          (11.60%)
       933,049,737      r184015e                                                      (11.60%)
                 0      r4c9                                                          (11.60%)
                 0      r80c9                                                         (11.60%)
                 0      r8c9                                                          (11.60%)
                 0      r40c9                                                         (11.60%)
                 0      r10c9                                                         (11.60%)
                 0      r20c9                                                         (11.60%)
                 0      r2c9                                                          (11.60%)
                 0      r1c9                                                          (11.60%)
                 0      r10f4                                                         (11.60%)
                 0      r132                                                          (11.60%)
            92,405      r832                                                          (11.60%)
           282,516      r232                                                          (11.60%)
                 0      r432                                                          (11.60%)
           255,526      r1bd                                                          (11.60%)
            63,424      r20bd                                                         (11.60%)
                 0      r15d                                                          (11.60%)
                 0      r25d                                                          (11.60%)
                 0      r45d                                                          (11.60%)
                 0      r85d                                                          (11.60%)
                 0      r105d                                                         (11.60%)
                 0      r254                                                          (11.60%)
                 0      r154                                                          (11.60%)
                 0      r1054                                                         (11.60%)
                 0      r854                                                          (11.60%)
                 0      r2054                                                         (11.60%)
                 0      r454                                                          (11.60%)
                 0      r4054                                                         (11.60%)
    27,852,269,220      r1a1                                                          (11.60%)
    31,583,728,253      r2a1                                                          (11.60%)
    35,382,950,358      r4a1                                                          (11.60%)
    35,860,764,914      r8a1                                                          (11.60%)
    42,624,938,112      r10a1                                                         (11.60%)
    32,550,586,304      r20a1                                                         (11.60%)
    40,782,071,427      r40a1                                                         (11.60%)
     2,447,467,076      r80a1                                                         (11.60%)
   228,410,416,349      r2b1                                                          (11.60%)
    79,931,083,681      r10002b1                                                      (11.60%)
    62,633,637,707      r20002b1                                                      (11.60%)
    47,664,253,499      r30002b1                                                      (11.60%)
    26,155,647,698      r40002b1                                                      (11.60%)
   101,327,877,543      r18002b1                                                      (11.59%)
    79,902,356,250      r10001b1                                                      (11.59%)
    62,627,057,728      r20001b1                                                      (11.59%)
    47,654,992,936      r30001b1                                                      (11.59%)
    26,153,005,086      r40001b1                                                      (11.59%)
   101,309,761,504      r18001b1                                                      (11.59%)
   228,299,629,279      r1b1                                                          (11.59%)
         5,038,173      r10b1                                                         (11.59%)
   184,889,207,319      r10e                                                          (11.59%)
        50,007,787      r200e                                                         (11.59%)
   128,722,817,066      r180010e                                                      (11.59%)
                 0      r20e                                                          (11.59%)
    28,776,823,446      r4c2                                                          (11.59%)
   181,935,513,550      r2c2                                                          (11.59%)
   128,514,089,202      r18002c2                                                      (11.59%)
   181,060,483,996      r108002c2                                                     (11.59%)
   135,889,804,273      unc_c_clockticks_0                                            (36.34%)
   135,885,007,118      unc_c_clockticks_1                                            (36.32%)
   135,937,911,814      unc_c_clockticks_2                                            (36.30%)
   135,887,693,375      unc_c_clockticks_3                                            (36.36%)
   135,923,514,276      unc_c_clockticks_4                                            (36.35%)
   135,929,325,511      unc_c_clockticks_5                                            (36.33%)
   135,923,089,635      unc_c_clockticks_6                                            (36.31%)
   135,923,303,878      unc_c_clockticks_7                                            (36.29%)
           198,922      unc_c_fast_asserted_0                                         (36.34%)
            44,603      unc_c_fast_asserted_1                                         (36.34%)
            31,937      unc_c_fast_asserted_2                                         (36.35%)
           164,511      unc_c_fast_asserted_3                                         (36.37%)
            89,381      unc_c_fast_asserted_4                                         (36.31%)
            66,871      unc_c_fast_asserted_5                                         (36.31%)
         6,255,715      unc_c_fast_asserted_6                                         (36.31%)
         6,009,892      unc_c_fast_asserted_7                                         (36.31%)
                 0      unc_c_llc_lookup_data_read_0                                     (36.37%)
                 0      unc_c_llc_lookup_data_read_1                                     (36.35%)
                 0      unc_c_llc_lookup_data_read_2                                     (36.33%)
                 0      unc_c_llc_lookup_data_read_3                                     (36.37%)
                 0      unc_c_llc_lookup_data_read_4                                     (36.23%)
                 0      unc_c_llc_lookup_data_read_5                                     (36.22%)
                 6      unc_c_llc_lookup_data_read_6                                     (36.20%)
                 0      unc_c_llc_lookup_data_read_7                                     (36.18%)
                 0      unc_c_llc_lookup_remote_snoop_0                                     (36.35%)
                 0      unc_c_llc_lookup_remote_snoop_1                                     (36.31%)
                 0      unc_c_llc_lookup_remote_snoop_2                                     (36.27%)
                 0      unc_c_llc_lookup_remote_snoop_3                                     (36.37%)
                 0      unc_c_llc_lookup_remote_snoop_4                                     (36.27%)
                 0      unc_c_llc_lookup_remote_snoop_5                                     (36.23%)
                 0      unc_c_llc_lookup_remote_snoop_6                                     (36.19%)
                 0      unc_c_llc_lookup_remote_snoop_7                                     (36.15%)
        10,877,704      unc_c_llc_victims_e_state_0                                     (36.33%)
        10,808,625      unc_c_llc_victims_e_state_1                                     (36.31%)
        10,662,635      unc_c_llc_victims_e_state_2                                     (36.29%)
         9,396,041      unc_c_llc_victims_e_state_3                                     (36.37%)
        10,852,654      unc_c_llc_victims_e_state_4                                     (36.34%)
        10,979,949      unc_c_llc_victims_e_state_5                                     (36.31%)
        11,080,700      unc_c_llc_victims_e_state_6                                     (36.29%)
        10,994,185      unc_c_llc_victims_e_state_7                                     (36.27%)
                14      unc_c_llc_victims_f_state_0                                     (36.34%)
                30      unc_c_llc_victims_f_state_1                                     (36.34%)
                25      unc_c_llc_victims_f_state_2                                     (36.34%)
               253      unc_c_llc_victims_f_state_3                                     (36.37%)
                16      unc_c_llc_victims_f_state_4                                     (36.47%)
                19      unc_c_llc_victims_f_state_5                                     (36.47%)
                 0      unc_c_llc_victims_f_state_6                                     (36.46%)
                 8      unc_c_llc_victims_f_state_7                                     (36.46%)
       188,989,655      unc_c_llc_victims_m_state_0                                     (36.36%)
       189,126,072      unc_c_llc_victims_m_state_1                                     (36.40%)
       188,964,891      unc_c_llc_victims_m_state_2                                     (36.43%)
       189,710,805      unc_c_llc_victims_m_state_3                                     (36.36%)
       189,379,667      unc_c_llc_victims_m_state_4                                     (36.58%)
       189,438,476      unc_c_llc_victims_m_state_5                                     (36.61%)
       189,499,687      unc_c_llc_victims_m_state_6                                     (36.65%)
       189,445,178      unc_c_llc_victims_m_state_7                                     (36.68%)
           456,006      unc_c_llc_victims_s_state_0                                     (36.40%)
           437,244      unc_c_llc_victims_s_state_1                                     (36.46%)
           492,376      unc_c_llc_victims_s_state_2                                     (36.52%)
           462,323      unc_c_llc_victims_s_state_3                                     (36.36%)
           488,435      unc_c_llc_victims_s_state_4                                     (36.49%)
           473,512      unc_c_llc_victims_s_state_5                                     (36.55%)
           507,198      unc_c_llc_victims_s_state_6                                     (36.60%)
           469,670      unc_c_llc_victims_s_state_7                                     (36.66%)
                 0      unc_c_tor_inserts_irq_0                                       (36.42%)
                 5      unc_c_tor_inserts_irq_1                                       (36.44%)
                 0      unc_c_tor_inserts_irq_2                                       (36.47%)
                 0      unc_c_tor_inserts_irq_3                                       (36.36%)
                 0      unc_c_tor_inserts_irq_4                                       (36.39%)
                 0      unc_c_tor_inserts_irq_5                                       (36.41%)
                 0      unc_c_tor_inserts_irq_6                                       (36.44%)
                 0      unc_c_tor_inserts_irq_7                                       (36.46%)
                 0      unc_c_tor_inserts_irq_hit_0                                     (36.39%)
                 0      unc_c_tor_inserts_irq_hit_1                                     (36.39%)
                 0      unc_c_tor_inserts_irq_hit_2                                     (36.39%)
                 0      unc_c_tor_inserts_irq_hit_3                                     (36.36%)
                 0      unc_c_tor_inserts_irq_hit_4                                     (36.31%)
                 0      unc_c_tor_inserts_irq_hit_5                                     (36.31%)
                 0      unc_c_tor_inserts_irq_hit_6                                     (36.31%)
                 0      unc_c_tor_inserts_irq_hit_7                                     (36.32%)
                 0      unc_c_tor_inserts_irq_miss_0                                     (36.37%)
                 0      unc_c_tor_inserts_irq_miss_1                                     (36.35%)
                 0      unc_c_tor_inserts_irq_miss_2                                     (36.33%)
                 0      unc_c_tor_inserts_irq_miss_3                                     (36.36%)
                 0      unc_c_tor_inserts_irq_miss_4                                     (36.29%)
                 0      unc_c_tor_inserts_irq_miss_5                                     (36.27%)
                 0      unc_c_tor_inserts_irq_miss_6                                     (36.25%)
                 0      unc_c_tor_inserts_irq_miss_7                                     (36.23%)

      70.019441467 seconds time elapsed

