# started on Tue Feb  6 06:23:25 2024


 Performance counter stats for 'system wide':

           442,749      r185                                                          (6.95%)
         3,821,983      r2085                                                         (8.34%)
        17,769,576      r1001085                                                      (9.73%)
           148,950      re85                                                          (11.12%)
                 0      r885                                                          (11.12%)
             4,210      r485                                                          (11.12%)
            94,147      r285                                                          (11.12%)
        13,857,900      r1085                                                         (11.12%)
     8,724,832,687      r151                                                          (11.12%)
    16,930,725,883      r248                                                          (11.12%)
   415,896,767,002      r148                                                          (11.12%)
   140,255,392,784      r1000148                                                      (11.12%)
   140,246,128,719      r1200148                                                      (11.12%)
     8,692,538,653      r1ff1                                                         (11.12%)
     8,349,429,134      r2f2                                                          (11.12%)
        98,838,029      r1f2                                                          (11.11%)
         7,609,406      r4f2                                                          (11.11%)
         7,618,637      r4f2                                                          (11.11%)
       132,417,300      re424                                                         (11.11%)
     1,431,357,510      re124                                                         (11.11%)
     1,000,975,670      r2724                                                         (11.11%)
     3,402,874,733      re724                                                         (11.11%)
    10,386,733,712      rf824                                                         (11.11%)
     1,839,736,845      re224                                                         (11.11%)
       106,087,518      rc424                                                         (11.11%)
        26,151,569      r2424                                                         (11.11%)
     1,321,750,072      rc124                                                         (11.11%)
       108,037,203      r2124                                                         (11.11%)
     8,678,739,735      r3f24                                                         (11.11%)
     2,687,230,808      rd824                                                         (11.11%)
     7,675,320,142      r3824                                                         (11.11%)
    13,766,045,813      rff24                                                         (11.11%)
       978,314,214      rc224                                                         (11.11%)
       861,922,415      r2224                                                         (11.11%)
     8,324,294,382      r40f0                                                         (11.11%)
             3,645      r803                                                          (11.11%)
         2,966,504      r203                                                          (11.11%)
       374,147,717      r107                                                          (11.11%)
            26,624      r14c                                                          (11.11%)
     8,150,327,026      r412e                                                         (11.11%)
     8,411,254,923      r4f2e                                                         (11.11%)
                 0      r40001a8                                                      (11.11%)
                 0      r10001a8                                                      (11.11%)
                 0      r40001a8                                                      (11.11%)
                 0      r1a8                                                          (11.11%)
         2,911,467      r10401c3                                                      (11.11%)
           696,659      r2c3                                                          (11.11%)
           974,363      r4c3                                                          (11.11%)
    48,607,693,305      r81d0                                                         (11.11%)
    28,379,064,517      r82d0                                                         (11.11%)
    77,024,125,765      r83d0                                                         (11.11%)
        10,626,495      r21d0                                                         (11.11%)
           171,961      r41d0                                                         (5.56%)
           601,013      r42d0                                                         (5.56%)
           248,212      r11d0                                                         (5.56%)
           148,379      r12d0                                                         (5.56%)
            42,157      r2d2                                                          (5.56%)
         1,322,624      r4d2                                                          (5.56%)
             2,628      r1d2                                                          (5.56%)
        10,512,647      r8d2                                                          (5.56%)
       529,830,171      r1d3                                                          (6.94%)
                 0      r2d3                                                          (8.33%)
                 0      r8d3                                                          (9.72%)
                 0      r4d3                                                          (11.11%)
                 0      r4d4                                                          (11.11%)
    23,728,085,419      r40d1                                                         (11.11%)
    22,886,321,998      r1d1                                                          (11.11%)
     2,196,255,548      r8d1                                                          (11.11%)
     1,520,224,442      r2d1                                                          (11.11%)
       676,405,724      r10d1                                                         (5.56%)
        10,423,847      r4d1                                                          (5.56%)
       662,816,690      r20d1                                                         (5.56%)
   <not supported>      r1cd:p                                                      
   <not supported>      r1cd:p                                                      
   <not supported>      r1cd:p                                                      
   <not supported>      r1cd:p                                                      
   <not supported>      r1cd:p                                                      
   <not supported>      r1cd:p                                                      
   <not supported>      r1cd:p                                                      
   <not supported>      r1cd:p                                                      

      69.855123998 seconds time elapsed

