# started on Mon Feb  5 09:05:38 2024


 Performance counter stats for 'system wide':

        36,453,654      r1000114                                                      (10.52%)
         5,049,365      r1e6                                                          (10.52%)
    28,196,005,702      rc4                                                           (10.52%)
   <not supported>      r4c4:p                                                      
    27,807,633,133      r1c4                                                          (10.52%)
         1,219,895      r40c4                                                         (10.53%)
       172,559,834      r2c4                                                          (10.53%)
       172,920,759      r8c4                                                          (10.53%)
    27,906,968,674      r20c4                                                         (10.53%)
       282,763,570      r10c4                                                         (10.53%)
        12,870,954      rc5                                                           (10.53%)
   <not supported>      r4c5:p                                                      
         2,905,784      r1c5                                                          (10.53%)
            15,784      r2c5                                                          (10.53%)
        11,984,436      r20c5                                                         (10.53%)
     1,848,298,192      r23c                                                          (10.53%)
     1,848,276,894      r13c                                                          (10.53%)
     1,848,075,383      r20013c                                                       (10.53%)
     1,847,759,778      r23c                                                          (10.53%)
   155,282,297,515      r300                                                          (11.85%)
     1,847,710,159      r13c                                                          (11.85%)
     1,848,017,151      r20013c                                                       (11.85%)
           498,532      r104003c                                                      (11.85%)
   168,793,220,857      r3c                                                           (13.16%)
   168,745,704,240      r20003c                                                       (13.16%)
   168,717,758,879      r3c                                                           (13.16%)
   168,781,549,222      r20003c                                                       (13.16%)
   130,416,545,939      r80008a3                                                      (13.16%)
    63,997,213,547      r10001a3                                                      (13.16%)
   149,181,534,229      r100010a3                                                     (11.85%)
    78,735,118,701      rc000ca3                                                      (11.85%)
    46,421,507,459      r50005a3                                                      (11.85%)
    82,120,911,839      r140014a3                                                     (11.85%)
    93,936,885,740      r40004a3                                                      (11.85%)
    13,675,445,071      r2a6                                                          (11.85%)
    14,734,948,880      r4a6                                                          (10.53%)
    21,815,359,250      r8a6                                                          (10.53%)
    14,554,782,458      r10a6                                                         (10.53%)
    12,528,778,973      r40a6                                                         (10.53%)
       838,821,664      r1a6                                                          (10.53%)
           480,316      r187                                                          (10.53%)
   193,623,763,992      rc0                                                           (11.85%)
   193,595,527,127      rc0                                                           (11.85%)
   <not supported>      r1c0:p                                                      
   <not supported>      ra8001c0:p                                                  
       263,080,319      r800d                                                         (11.85%)
       171,278,102      r10d                                                          (11.85%)
       172,107,709      r20010d                                                       (11.85%)
             1,199      r803                                                          (11.85%)
         7,981,480      r203                                                          (11.85%)
       410,826,616      r107                                                          (11.85%)
             1,722      r14c                                                          (11.85%)
                 0      r40001a8                                                      (11.85%)
                 0      r10001a8                                                      (10.53%)
                 0      r1a8                                                          (10.53%)
         3,115,036      r10401c3                                                      (10.53%)
           827,308      r4c3                                                          (10.53%)
            46,159      r3fc1                                                         (10.53%)
   111,879,918,448      r1a2                                                          (10.53%)
    14,629,570,864      r8a2                                                          (10.53%)
                 0      r20cc                                                         (10.53%)
    10,048,979,280      r15e                                                          (10.53%)
       432,816,559      r184015e                                                      (10.53%)
    24,081,955,293      r1a1                                                          (10.53%)
    29,781,538,795      r2a1                                                          (10.52%)
    40,305,996,519      r4a1                                                          (10.52%)
    35,366,740,121      r8a1                                                          (10.52%)
    37,510,815,618      r10a1                                                         (10.52%)
    35,071,381,500      r20a1                                                         (10.52%)
    38,834,130,058      r40a1                                                         (10.52%)
       981,572,329      r80a1                                                         (10.52%)
   219,883,148,743      r2b1                                                          (10.52%)
    75,046,114,063      r10002b1                                                      (10.52%)
    61,332,831,026      r20002b1                                                      (10.52%)
    46,604,395,482      r30002b1                                                      (10.52%)
    24,774,888,498      r40002b1                                                      (10.52%)
    93,838,796,565      r18002b1                                                      (10.52%)
    75,036,082,047      r10001b1                                                      (10.52%)
    61,335,092,814      r20001b1                                                      (10.52%)
    46,597,169,240      r30001b1                                                      (10.52%)

      69.977944050 seconds time elapsed

