# started on Tue Feb  6 08:47:29 2024


 Performance counter stats for 'system wide':

                 0      r1b7                                                          (11.59%)
                 0      r1b7                                                          (11.59%)
                 0      r1b7                                                          (11.59%)
                 0      r1b7                                                          (11.59%)
                 0      r1b7                                                          (11.59%)
            45,242      r3fc1                                                         (11.60%)
     6,873,790,925      r159                                                          (11.60%)
   111,519,951,142      r1a2                                                          (11.60%)
     6,882,843,063      r8a2                                                          (11.60%)
                 0      r20cc                                                         (11.60%)
                 0      r40cc                                                         (11.60%)
     8,057,760,757      r15e                                                          (11.60%)
       434,408,440      r184015e                                                      (11.60%)
                 0      r4c9                                                          (11.60%)
                 0      r80c9                                                         (11.60%)
                 0      r8c9                                                          (11.60%)
                 0      r40c9                                                         (11.60%)
                 0      r10c9                                                         (11.60%)
                 0      r20c9                                                         (11.60%)
                 0      r2c9                                                          (11.60%)
                 0      r1c9                                                          (11.60%)
                 0      r10f4                                                         (11.60%)
                 0      r132                                                          (11.60%)
            23,547      r832                                                          (11.60%)
           253,263      r232                                                          (11.60%)
                 0      r432                                                          (11.60%)
           186,596      r1bd                                                          (11.60%)
            11,691      r20bd                                                         (11.60%)
                 0      r15d                                                          (11.60%)
                 0      r25d                                                          (11.60%)
                 0      r45d                                                          (11.60%)
                 0      r85d                                                          (11.60%)
                 0      r105d                                                         (11.60%)
                 0      r254                                                          (11.60%)
                 0      r154                                                          (11.60%)
                 0      r1054                                                         (11.60%)
                 0      r854                                                          (11.60%)
                 0      r2054                                                         (11.60%)
                 0      r454                                                          (11.60%)
                 0      r4054                                                         (11.60%)
    28,769,581,248      r1a1                                                          (11.60%)
    33,856,799,766      r2a1                                                          (11.60%)
    42,250,193,780      r4a1                                                          (11.60%)
    37,852,862,615      r8a1                                                          (11.60%)
    34,517,697,310      r10a1                                                         (11.60%)
    36,093,412,305      r20a1                                                         (11.60%)
    42,953,116,905      r40a1                                                         (11.60%)
     1,299,286,392      r80a1                                                         (11.60%)
   234,058,971,327      r2b1                                                          (11.60%)
    79,898,132,183      r10002b1                                                      (11.60%)
    64,747,472,176      r20002b1                                                      (11.60%)
    49,286,962,864      r30002b1                                                      (11.60%)
    26,362,561,559      r40002b1                                                      (11.59%)
   100,870,303,079      r18002b1                                                      (11.59%)
    79,769,625,091      r10001b1                                                      (11.59%)
    64,585,604,812      r20001b1                                                      (11.59%)
    49,150,606,747      r30001b1                                                      (11.59%)
    26,270,924,342      r40001b1                                                      (11.59%)
   100,740,466,438      r18001b1                                                      (11.59%)
   233,047,302,923      r1b1                                                          (11.59%)
         5,033,926      r10b1                                                         (11.59%)
   184,967,025,036      r10e                                                          (11.59%)
        49,548,275      r200e                                                         (11.59%)
   126,795,683,293      r180010e                                                      (11.59%)
                 0      r20e                                                          (11.59%)
    27,912,141,415      r4c2                                                          (11.59%)
   182,202,747,343      r2c2                                                          (11.59%)
   130,359,761,210      r18002c2                                                      (11.59%)
   180,096,119,517      r108002c2                                                     (11.59%)
   135,456,716,790      unc_c_clockticks_0                                            (36.37%)
   135,488,776,112      unc_c_clockticks_1                                            (36.35%)
   135,536,188,545      unc_c_clockticks_2                                            (36.33%)
   135,523,412,704      unc_c_clockticks_3                                            (36.31%)
   135,539,322,726      unc_c_clockticks_4                                            (36.29%)
   135,520,333,652      unc_c_clockticks_5                                            (36.37%)
   135,513,118,766      unc_c_clockticks_6                                            (36.36%)
   135,491,459,623      unc_c_clockticks_7                                            (36.34%)
            25,831      unc_c_fast_asserted_0                                         (36.37%)
             6,866      unc_c_fast_asserted_1                                         (36.37%)
             9,227      unc_c_fast_asserted_2                                         (36.37%)
             6,403      unc_c_fast_asserted_3                                         (36.37%)
            21,197      unc_c_fast_asserted_4                                         (36.37%)
            32,877      unc_c_fast_asserted_5                                         (36.28%)
           851,149      unc_c_fast_asserted_6                                         (36.28%)
           984,561      unc_c_fast_asserted_7                                         (36.28%)
                 0      unc_c_llc_lookup_data_read_0                                     (36.37%)
                 0      unc_c_llc_lookup_data_read_1                                     (36.35%)
                 0      unc_c_llc_lookup_data_read_2                                     (36.33%)
                 0      unc_c_llc_lookup_data_read_3                                     (36.31%)
                 0      unc_c_llc_lookup_data_read_4                                     (36.30%)
                 0      unc_c_llc_lookup_data_read_5                                     (36.18%)
                 6      unc_c_llc_lookup_data_read_6                                     (36.16%)
                 6      unc_c_llc_lookup_data_read_7                                     (36.14%)
                 0      unc_c_llc_lookup_remote_snoop_0                                     (36.37%)
                 0      unc_c_llc_lookup_remote_snoop_1                                     (36.33%)
                 0      unc_c_llc_lookup_remote_snoop_2                                     (36.29%)
                 0      unc_c_llc_lookup_remote_snoop_3                                     (36.25%)
                 0      unc_c_llc_lookup_remote_snoop_4                                     (36.22%)
                 0      unc_c_llc_lookup_remote_snoop_5                                     (36.26%)
                 0      unc_c_llc_lookup_remote_snoop_6                                     (36.23%)
                 0      unc_c_llc_lookup_remote_snoop_7                                     (36.19%)
        13,867,075      unc_c_llc_victims_e_state_0                                     (36.37%)
        13,848,701      unc_c_llc_victims_e_state_1                                     (36.35%)
        13,650,824      unc_c_llc_victims_e_state_2                                     (36.32%)
        13,685,376      unc_c_llc_victims_e_state_3                                     (36.30%)
        13,708,173      unc_c_llc_victims_e_state_4                                     (36.28%)
        13,784,908      unc_c_llc_victims_e_state_5                                     (36.35%)
        13,978,098      unc_c_llc_victims_e_state_6                                     (36.33%)
        14,015,249      unc_c_llc_victims_e_state_7                                     (36.30%)
                38      unc_c_llc_victims_f_state_0                                     (36.37%)
                36      unc_c_llc_victims_f_state_1                                     (36.36%)
                22      unc_c_llc_victims_f_state_2                                     (36.36%)
                44      unc_c_llc_victims_f_state_3                                     (36.35%)
                30      unc_c_llc_victims_f_state_4                                     (36.35%)
                25      unc_c_llc_victims_f_state_5                                     (36.54%)
                19      unc_c_llc_victims_f_state_6                                     (36.54%)
                19      unc_c_llc_victims_f_state_7                                     (36.54%)
        44,460,203      unc_c_llc_victims_m_state_0                                     (36.36%)
        44,530,591      unc_c_llc_victims_m_state_1                                     (36.40%)
        44,484,493      unc_c_llc_victims_m_state_2                                     (36.43%)
        44,526,427      unc_c_llc_victims_m_state_3                                     (36.47%)
        44,610,961      unc_c_llc_victims_m_state_4                                     (36.50%)
        44,379,796      unc_c_llc_victims_m_state_5                                     (36.66%)
        44,591,454      unc_c_llc_victims_m_state_6                                     (36.69%)
        44,616,707      unc_c_llc_victims_m_state_7                                     (36.73%)
           225,105      unc_c_llc_victims_s_state_0                                     (36.36%)
           230,411      unc_c_llc_victims_s_state_1                                     (36.42%)
           232,059      unc_c_llc_victims_s_state_2                                     (36.48%)
           251,391      unc_c_llc_victims_s_state_3                                     (36.54%)
           221,522      unc_c_llc_victims_s_state_4                                     (36.60%)
           229,517      unc_c_llc_victims_s_state_5                                     (36.47%)
           238,803      unc_c_llc_victims_s_state_6                                     (36.53%)
           219,190      unc_c_llc_victims_s_state_7                                     (36.59%)
                 0      unc_c_tor_inserts_irq_0                                       (36.36%)
                 0      unc_c_tor_inserts_irq_1                                       (36.38%)
                 0      unc_c_tor_inserts_irq_2                                       (36.40%)
                 0      unc_c_tor_inserts_irq_3                                       (36.43%)
                 0      unc_c_tor_inserts_irq_4                                       (36.45%)
                 0      unc_c_tor_inserts_irq_5                                       (36.37%)
                 0      unc_c_tor_inserts_irq_6                                       (36.40%)
                 0      unc_c_tor_inserts_irq_7                                       (36.42%)
                 0      unc_c_tor_inserts_irq_hit_0                                     (36.36%)
                 0      unc_c_tor_inserts_irq_hit_1                                     (36.36%)
                 0      unc_c_tor_inserts_irq_hit_2                                     (36.37%)
                 0      unc_c_tor_inserts_irq_hit_3                                     (36.37%)
                 0      unc_c_tor_inserts_irq_hit_4                                     (36.37%)
                 0      unc_c_tor_inserts_irq_hit_5                                     (36.27%)
                 0      unc_c_tor_inserts_irq_hit_6                                     (36.27%)
                 0      unc_c_tor_inserts_irq_hit_7                                     (36.27%)
                 0      unc_c_tor_inserts_irq_miss_0                                     (36.36%)
                 0      unc_c_tor_inserts_irq_miss_1                                     (36.34%)
                 0      unc_c_tor_inserts_irq_miss_2                                     (36.32%)
                 0      unc_c_tor_inserts_irq_miss_3                                     (36.31%)
                 0      unc_c_tor_inserts_irq_miss_4                                     (36.29%)
                 0      unc_c_tor_inserts_irq_miss_5                                     (36.27%)
                 0      unc_c_tor_inserts_irq_miss_6                                     (36.25%)
                 0      unc_c_tor_inserts_irq_miss_7                                     (36.23%)

      69.812026413 seconds time elapsed

