# started on Tue Feb  6 06:49:25 2024


 Performance counter stats for 'system wide':

           405,891      r185                                                          (6.94%)
         3,737,301      r2085                                                         (8.33%)
        17,125,880      r1001085                                                      (9.72%)
           169,579      re85                                                          (11.11%)
                 0      r885                                                          (11.11%)
             5,320      r485                                                          (11.11%)
           150,759      r285                                                          (11.11%)
        15,410,625      r1085                                                         (11.11%)
     8,660,763,243      r151                                                          (11.11%)
    15,300,752,702      r248                                                          (11.11%)
   406,547,455,662      r148                                                          (11.11%)
   138,221,028,756      r1000148                                                      (11.11%)
   138,220,233,192      r1200148                                                      (11.11%)
     8,604,807,072      r1ff1                                                         (11.11%)
     8,193,656,841      r2f2                                                          (11.11%)
        94,953,742      r1f2                                                          (11.11%)
         6,311,167      r4f2                                                          (11.11%)
         6,286,228      r4f2                                                          (11.11%)
       127,944,273      re424                                                         (11.11%)
     1,819,022,069      re124                                                         (11.11%)
     1,000,351,055      r2724                                                         (11.11%)
     3,917,774,781      re724                                                         (11.11%)
     9,930,418,486      rf824                                                         (11.11%)
     1,969,157,614      re224                                                         (11.11%)
       104,812,225      rc424                                                         (11.11%)
        27,305,224      r2424                                                         (11.11%)
     1,704,375,950      rc124                                                         (11.11%)
       119,844,941      r2124                                                         (11.11%)
     8,613,540,363      r3f24                                                         (11.11%)
     2,325,656,953      rd824                                                         (11.11%)
     7,607,603,428      r3824                                                         (11.11%)
    13,853,247,666      rff24                                                         (11.11%)
     1,111,927,106      rc224                                                         (11.11%)
       854,090,298      r2224                                                         (11.11%)
     8,198,677,689      r40f0                                                         (11.11%)
             2,826      r803                                                          (11.11%)
         2,539,502      r203                                                          (11.11%)
       372,076,389      r107                                                          (11.11%)
             1,881      r14c                                                          (11.11%)
     7,995,080,323      r412e                                                         (11.11%)
     8,296,800,154      r4f2e                                                         (11.11%)
                 0      r40001a8                                                      (11.11%)
                 0      r10001a8                                                      (11.11%)
                 0      r40001a8                                                      (11.11%)
                 0      r1a8                                                          (11.11%)
         2,881,329      r10401c3                                                      (11.11%)
           690,264      r2c3                                                          (11.11%)
           982,416      r4c3                                                          (11.11%)
    47,146,979,607      r81d0                                                         (11.11%)
    28,609,797,476      r82d0                                                         (11.11%)
    75,736,395,091      r83d0                                                         (11.11%)
        10,271,313      r21d0                                                         (11.11%)
           166,126      r41d0                                                         (5.56%)
           618,070      r42d0                                                         (5.56%)
           192,438      r11d0                                                         (5.56%)
           126,245      r12d0                                                         (5.56%)
            32,124      r2d2                                                          (5.56%)
         1,317,957      r4d2                                                          (5.56%)
             1,530      r1d2                                                          (5.56%)
        10,515,685      r8d2                                                          (5.56%)
       602,811,126      r1d3                                                          (6.95%)
                 0      r2d3                                                          (8.34%)
                 0      r8d3                                                          (9.72%)
                 0      r4d3                                                          (11.11%)
                 0      r4d4                                                          (11.11%)
    23,697,591,425      r40d1                                                         (11.11%)
    20,898,622,328      r1d1                                                          (11.11%)
     2,681,520,461      r8d1                                                          (11.11%)
     1,915,718,399      r2d1                                                          (11.11%)
       765,764,710      r10d1                                                         (5.56%)
        10,726,393      r4d1                                                          (5.56%)
       752,222,828      r20d1                                                         (5.55%)
   <not supported>      r1cd:p                                                      
   <not supported>      r1cd:p                                                      
   <not supported>      r1cd:p                                                      
   <not supported>      r1cd:p                                                      
   <not supported>      r1cd:p                                                      
   <not supported>      r1cd:p                                                      
   <not supported>      r1cd:p                                                      
   <not supported>      r1cd:p                                                      

      69.839271520 seconds time elapsed

