# started on Tue Feb  6 07:34:17 2024


 Performance counter stats for 'system wide':

         1,828,572      r109                                                          (10.00%)
     4,935,248,559      r8b0                                                          (10.00%)
    17,486,346,336      r80b0                                                         (10.00%)
        26,525,916      r2b0                                                          (10.00%)
       882,919,489      r1b0                                                          (10.00%)
     2,718,112,537      r4b0                                                          (10.00%)
       127,068,987      r10b0                                                         (10.00%)
    82,665,759,744      r1b2                                                          (10.01%)
 1,172,203,684,460      r860                                                          (10.00%)
   139,951,906,495      r1000860                                                      (10.00%)
       581,588,222      r1000260                                                      (10.01%)
    72,236,635,415      r1000160                                                      (10.01%)
   137,666,008,763      r1000460                                                      (10.01%)
    18,415,587,840      r1001060                                                      (10.01%)
     2,156,343,286      r260                                                          (10.01%)
   136,684,525,122      r160                                                          (10.01%)
       502,636,179      r6000160                                                      (10.01%)
   643,335,158,666      r460                                                          (10.01%)
    32,987,505,376      r1060                                                         (10.01%)
       160,911,376      r6001060                                                      (10.01%)
                 0      r1b7                                                          (10.01%)
                 0      r1b7                                                          (10.01%)
                 0      r1b7                                                          (10.01%)
                 0      r1b7                                                          (10.01%)
                 0      r1b7                                                          (10.01%)
                 0      r1b7                                                          (10.01%)
                 0      r1b7                                                          (10.01%)
                 0      r1b7                                                          (10.01%)
                 0      r1b7                                                          (10.01%)
                 0      r1b7                                                          (10.01%)
                 0      r1b7                                                          (10.01%)
                 0      r1b7                                                          (10.01%)
                 0      r1b7                                                          (10.01%)
                 0      r1b7                                                          (10.01%)
                 0      r1b7                                                          (10.01%)
                 0      r1b7                                                          (10.01%)
                 0      r1b7                                                          (10.01%)
                 0      r1b7                                                          (10.01%)
                 0      r1b7                                                          (10.01%)
                 0      r1b7                                                          (10.01%)
                 0      r1b7                                                          (10.01%)
                 0      r1b7                                                          (10.01%)
                 0      r1b7                                                          (10.01%)
                 0      r1b7                                                          (10.01%)
                 0      r1b7                                                          (10.01%)
                 0      r1b7                                                          (10.01%)
                 0      r1b7                                                          (10.00%)
                 0      r1b7                                                          (10.00%)
                 0      r1b7                                                          (10.00%)
                 0      r1b7                                                          (10.00%)
                 0      r1b7                                                          (10.00%)
                 0      r1b7                                                          (10.00%)
                 0      r1b7                                                          (10.00%)
                 0      r1b7                                                          (9.99%)
                 0      r1b7                                                          (9.99%)
                 0      r1b7                                                          (9.99%)
                 0      r1b7                                                          (9.99%)
                 0      r1b7                                                          (9.99%)
                 0      r1b7                                                          (10.00%)
                 0      r1b7                                                          (10.00%)
                 0      r1b7                                                          (10.00%)
                 0      r1b7                                                          (10.00%)
                 0      r1b7                                                          (10.00%)
                 0      r1b7                                                          (10.00%)
                 0      r1b7                                                          (10.00%)
                 0      r1b7                                                          (10.00%)
                 0      r1b7                                                          (10.00%)
                 0      r1b7                                                          (10.00%)
                 0      r1b7                                                          (10.00%)
                 0      r1b7                                                          (10.00%)
                 0      r1b7                                                          (10.00%)
                 0      r1b7                                                          (10.00%)
                 0      r1b7                                                          (10.00%)
                 0      r1b7                                                          (10.00%)
                 0      r1b7                                                          (10.00%)
                 0      r1b7                                                          (10.00%)
                 0      r1b7                                                          (10.00%)
                 0      r1b7                                                          (10.00%)
                 0      r1b7                                                          (10.00%)
                 0      r1b7                                                          (10.00%)

      69.808478551 seconds time elapsed

