# started on Tue Feb  6 06:54:08 2024


 Performance counter stats for 'system wide':

           318,283      r185                                                          (6.94%)
         3,739,454      r2085                                                         (8.33%)
        16,116,869      r1001085                                                      (9.72%)
           132,098      re85                                                          (11.11%)
                 0      r885                                                          (11.11%)
             3,969      r485                                                          (11.11%)
           122,840      r285                                                          (11.11%)
        15,758,002      r1085                                                         (11.11%)
     8,788,610,626      r151                                                          (11.11%)
    16,830,354,250      r248                                                          (11.11%)
   408,546,710,957      r148                                                          (11.11%)
   138,380,551,463      r1000148                                                      (11.11%)
   138,384,579,503      r1200148                                                      (11.11%)
     8,752,568,215      r1ff1                                                         (11.11%)
     8,342,558,147      r2f2                                                          (11.11%)
        94,931,211      r1f2                                                          (11.11%)
         7,539,733      r4f2                                                          (11.11%)
         7,579,844      r4f2                                                          (11.11%)
       129,618,679      re424                                                         (11.11%)
     1,430,939,858      re124                                                         (11.11%)
     1,066,878,720      r2724                                                         (11.11%)
     3,544,537,291      re724                                                         (11.11%)
    10,331,960,771      rf824                                                         (11.11%)
     1,982,493,618      re224                                                         (11.11%)
       102,125,648      rc424                                                         (11.11%)
        27,209,726      r2424                                                         (11.11%)
     1,318,620,158      rc124                                                         (11.11%)
       106,897,058      r2124                                                         (11.11%)
     8,747,969,713      r3f24                                                         (11.11%)
     2,645,269,119      rd824                                                         (11.11%)
     7,688,640,071      r3824                                                         (11.11%)
    13,873,857,567      rff24                                                         (11.11%)
     1,051,457,006      rc224                                                         (11.11%)
       933,079,611      r2224                                                         (11.11%)
     8,343,887,451      r40f0                                                         (11.11%)
             3,320      r803                                                          (11.11%)
         2,561,652      r203                                                          (11.11%)
       375,307,647      r107                                                          (11.11%)
             2,204      r14c                                                          (11.11%)
     8,136,894,488      r412e                                                         (11.11%)
     8,446,701,232      r4f2e                                                         (11.11%)
                 0      r40001a8                                                      (11.11%)
                 0      r10001a8                                                      (11.11%)
                 0      r40001a8                                                      (11.11%)
                 0      r1a8                                                          (11.11%)
         2,837,065      r10401c3                                                      (11.11%)
           662,240      r2c3                                                          (11.11%)
           959,951      r4c3                                                          (11.11%)
    47,983,465,864      r81d0                                                         (11.11%)
    28,911,027,314      r82d0                                                         (11.11%)
    76,897,731,214      r83d0                                                         (11.11%)
         9,564,625      r21d0                                                         (11.11%)
           138,269      r41d0                                                         (5.56%)
           538,068      r42d0                                                         (5.56%)
           249,113      r11d0                                                         (5.56%)
           158,673      r12d0                                                         (5.56%)
            42,143      r2d2                                                          (5.56%)
         1,387,824      r4d2                                                          (5.56%)
             2,681      r1d2                                                          (5.56%)
        10,070,573      r8d2                                                          (5.56%)
       518,679,870      r1d3                                                          (6.95%)
                 0      r2d3                                                          (8.33%)
                 0      r8d3                                                          (9.72%)
                 0      r4d3                                                          (11.11%)
                 0      r4d4                                                          (11.11%)
    23,488,668,238      r40d1                                                         (11.11%)
    22,283,136,411      r1d1                                                          (11.11%)
     2,189,158,519      r8d1                                                          (11.10%)
     1,527,558,176      r2d1                                                          (11.10%)
       662,141,190      r10d1                                                         (5.55%)
        10,067,439      r4d1                                                          (5.55%)
       649,594,608      r20d1                                                         (5.55%)
   <not supported>      r1cd:p                                                      
   <not supported>      r1cd:p                                                      
   <not supported>      r1cd:p                                                      
   <not supported>      r1cd:p                                                      
   <not supported>      r1cd:p                                                      
   <not supported>      r1cd:p                                                      
   <not supported>      r1cd:p                                                      
   <not supported>      r1cd:p                                                      

      69.829642429 seconds time elapsed

