# started on Tue Feb  6 11:03:17 2024


 Performance counter stats for 'system wide':

                 0      unc_iio_txn_req_by_cpu_mem_write_part2_0                                     (15.38%)
                 0      unc_iio_txn_req_by_cpu_mem_write_part2_1                                     (15.38%)
                 0      unc_iio_txn_req_by_cpu_mem_write_part2_2                                     (15.38%)
                 0      unc_iio_txn_req_by_cpu_mem_write_part2_3                                     (15.38%)
                 0      unc_iio_txn_req_by_cpu_mem_write_part2_4                                     (15.38%)
                 0      unc_iio_txn_req_by_cpu_mem_write_part2_5                                     (15.38%)
                 0      unc_iio_txn_req_by_cpu_mem_write_part3_0                                     (15.38%)
                 0      unc_iio_txn_req_by_cpu_mem_write_part3_1                                     (15.38%)
                 0      unc_iio_txn_req_by_cpu_mem_write_part3_2                                     (15.38%)
                 0      unc_iio_txn_req_by_cpu_mem_write_part3_3                                     (15.38%)
                 0      unc_iio_txn_req_by_cpu_mem_write_part3_4                                     (15.38%)
                 0      unc_iio_txn_req_by_cpu_mem_write_part3_5                                     (15.38%)
                 0      unc_iio_txn_req_by_cpu_peer_read_part0_0                                     (15.38%)
                 0      unc_iio_txn_req_by_cpu_peer_read_part0_1                                     (15.38%)
                 0      unc_iio_txn_req_by_cpu_peer_read_part0_2                                     (15.39%)
                 0      unc_iio_txn_req_by_cpu_peer_read_part0_3                                     (15.39%)
                 0      unc_iio_txn_req_by_cpu_peer_read_part0_4                                     (15.39%)
                 0      unc_iio_txn_req_by_cpu_peer_read_part0_5                                     (15.39%)
                 0      unc_iio_txn_req_by_cpu_peer_read_part1_0                                     (15.39%)
                 0      unc_iio_txn_req_by_cpu_peer_read_part1_1                                     (15.39%)
                 0      unc_iio_txn_req_by_cpu_peer_read_part1_2                                     (15.39%)
                 0      unc_iio_txn_req_by_cpu_peer_read_part1_3                                     (15.39%)
                 0      unc_iio_txn_req_by_cpu_peer_read_part1_4                                     (15.39%)
                 0      unc_iio_txn_req_by_cpu_peer_read_part1_5                                     (15.39%)
                 0      unc_iio_txn_req_by_cpu_peer_read_part2_0                                     (15.39%)
                 0      unc_iio_txn_req_by_cpu_peer_read_part2_1                                     (15.39%)
                 0      unc_iio_txn_req_by_cpu_peer_read_part2_2                                     (15.39%)
                 0      unc_iio_txn_req_by_cpu_peer_read_part2_3                                     (15.39%)
                 0      unc_iio_txn_req_by_cpu_peer_read_part2_4                                     (15.39%)
                 0      unc_iio_txn_req_by_cpu_peer_read_part2_5                                     (15.39%)
                 0      unc_iio_txn_req_by_cpu_peer_read_part3_0                                     (15.39%)
                 0      unc_iio_txn_req_by_cpu_peer_read_part3_1                                     (15.39%)
                 0      unc_iio_txn_req_by_cpu_peer_read_part3_2                                     (15.39%)
                 0      unc_iio_txn_req_by_cpu_peer_read_part3_3                                     (15.39%)
                 0      unc_iio_txn_req_by_cpu_peer_read_part3_4                                     (15.39%)
                 0      unc_iio_txn_req_by_cpu_peer_read_part3_5                                     (15.39%)
                 0      unc_iio_txn_req_by_cpu_peer_write_part0_0                                     (15.39%)
                 0      unc_iio_txn_req_by_cpu_peer_write_part0_1                                     (15.39%)
                 0      unc_iio_txn_req_by_cpu_peer_write_part0_2                                     (15.39%)
                 0      unc_iio_txn_req_by_cpu_peer_write_part0_3                                     (15.39%)
                 0      unc_iio_txn_req_by_cpu_peer_write_part0_4                                     (15.39%)
                 0      unc_iio_txn_req_by_cpu_peer_write_part0_5                                     (15.39%)
                 0      unc_iio_txn_req_by_cpu_peer_write_part1_0                                     (15.39%)
                 0      unc_iio_txn_req_by_cpu_peer_write_part1_1                                     (15.39%)
                 0      unc_iio_txn_req_by_cpu_peer_write_part1_2                                     (15.39%)
                 0      unc_iio_txn_req_by_cpu_peer_write_part1_3                                     (15.39%)
                 0      unc_iio_txn_req_by_cpu_peer_write_part1_4                                     (15.39%)
                 0      unc_iio_txn_req_by_cpu_peer_write_part1_5                                     (15.39%)
                 0      unc_iio_txn_req_by_cpu_peer_write_part2_0                                     (15.39%)
                 0      unc_iio_txn_req_by_cpu_peer_write_part2_1                                     (15.39%)
                 0      unc_iio_txn_req_by_cpu_peer_write_part2_2                                     (15.39%)
                 0      unc_iio_txn_req_by_cpu_peer_write_part2_3                                     (15.39%)
                 0      unc_iio_txn_req_by_cpu_peer_write_part2_4                                     (15.39%)
                 0      unc_iio_txn_req_by_cpu_peer_write_part2_5                                     (15.39%)
                 0      unc_iio_txn_req_by_cpu_peer_write_part3_0                                     (15.39%)
                 0      unc_iio_txn_req_by_cpu_peer_write_part3_1                                     (15.39%)
                 0      unc_iio_txn_req_by_cpu_peer_write_part3_2                                     (15.39%)
                 0      unc_iio_txn_req_by_cpu_peer_write_part3_3                                     (15.39%)
                 0      unc_iio_txn_req_by_cpu_peer_write_part3_4                                     (15.39%)
                 0      unc_iio_txn_req_by_cpu_peer_write_part3_5                                     (15.39%)
                 0      unc_iio_txn_req_of_cpu_mem_read_part0_0                                     (15.39%)
                 0      unc_iio_txn_req_of_cpu_mem_read_part0_1                                     (15.39%)
                 0      unc_iio_txn_req_of_cpu_mem_read_part0_2                                     (15.39%)
                 0      unc_iio_txn_req_of_cpu_mem_read_part0_3                                     (15.39%)
                 0      unc_iio_txn_req_of_cpu_mem_read_part0_4                                     (15.39%)
                 0      unc_iio_txn_req_of_cpu_mem_read_part0_5                                     (15.39%)
                 0      unc_iio_txn_req_of_cpu_mem_read_part1_0                                     (15.39%)
                 0      unc_iio_txn_req_of_cpu_mem_read_part1_1                                     (15.39%)
                 0      unc_iio_txn_req_of_cpu_mem_read_part1_2                                     (15.39%)
                 0      unc_iio_txn_req_of_cpu_mem_read_part1_3                                     (15.39%)
                 0      unc_iio_txn_req_of_cpu_mem_read_part1_4                                     (15.39%)
                 0      unc_iio_txn_req_of_cpu_mem_read_part1_5                                     (15.39%)
                 0      unc_iio_txn_req_of_cpu_mem_read_part2_0                                     (15.39%)
                 0      unc_iio_txn_req_of_cpu_mem_read_part2_1                                     (15.39%)
                 0      unc_iio_txn_req_of_cpu_mem_read_part2_2                                     (15.39%)
                 0      unc_iio_txn_req_of_cpu_mem_read_part2_3                                     (15.39%)
                 0      unc_iio_txn_req_of_cpu_mem_read_part2_4                                     (15.39%)
                 0      unc_iio_txn_req_of_cpu_mem_read_part2_5                                     (15.39%)
                 0      unc_iio_txn_req_of_cpu_mem_read_part3_0                                     (15.39%)
                 0      unc_iio_txn_req_of_cpu_mem_read_part3_1                                     (15.39%)
                 0      unc_iio_txn_req_of_cpu_mem_read_part3_2                                     (15.39%)
                 0      unc_iio_txn_req_of_cpu_mem_read_part3_3                                     (15.39%)
                 0      unc_iio_txn_req_of_cpu_mem_read_part3_4                                     (15.39%)
                 0      unc_iio_txn_req_of_cpu_mem_read_part3_5                                     (15.39%)
                 0      unc_iio_txn_req_of_cpu_mem_write_part0_0                                     (15.39%)
                 0      unc_iio_txn_req_of_cpu_mem_write_part0_1                                     (15.39%)
                 0      unc_iio_txn_req_of_cpu_mem_write_part0_2                                     (15.39%)
                 0      unc_iio_txn_req_of_cpu_mem_write_part0_3                                     (15.39%)
                 0      unc_iio_txn_req_of_cpu_mem_write_part0_4                                     (15.39%)
                 0      unc_iio_txn_req_of_cpu_mem_write_part0_5                                     (15.39%)
                 0      unc_iio_txn_req_of_cpu_mem_write_part1_0                                     (15.39%)
                 0      unc_iio_txn_req_of_cpu_mem_write_part1_1                                     (15.39%)
                 0      unc_iio_txn_req_of_cpu_mem_write_part1_2                                     (15.39%)
                 0      unc_iio_txn_req_of_cpu_mem_write_part1_3                                     (15.39%)
                 0      unc_iio_txn_req_of_cpu_mem_write_part1_4                                     (15.39%)
                 0      unc_iio_txn_req_of_cpu_mem_write_part1_5                                     (15.39%)
                 0      unc_iio_txn_req_of_cpu_mem_write_part2_0                                     (15.39%)
                 0      unc_iio_txn_req_of_cpu_mem_write_part2_1                                     (15.39%)
                 0      unc_iio_txn_req_of_cpu_mem_write_part2_2                                     (15.39%)
                 0      unc_iio_txn_req_of_cpu_mem_write_part2_3                                     (15.39%)
                 0      unc_iio_txn_req_of_cpu_mem_write_part2_4                                     (15.39%)
                 0      unc_iio_txn_req_of_cpu_mem_write_part2_5                                     (15.39%)
                 0      unc_iio_txn_req_of_cpu_mem_write_part3_0                                     (15.39%)
                 0      unc_iio_txn_req_of_cpu_mem_write_part3_1                                     (15.39%)
                 0      unc_iio_txn_req_of_cpu_mem_write_part3_2                                     (15.38%)
                 0      unc_iio_txn_req_of_cpu_mem_write_part3_3                                     (15.38%)
                 0      unc_iio_txn_req_of_cpu_mem_write_part3_4                                     (15.38%)
                 0      unc_iio_txn_req_of_cpu_mem_write_part3_5                                     (15.38%)
                 0      unc_iio_txn_req_of_cpu_peer_read_part0_0                                     (15.38%)
                 0      unc_iio_txn_req_of_cpu_peer_read_part0_1                                     (15.38%)
                 0      unc_iio_txn_req_of_cpu_peer_read_part0_2                                     (15.38%)
                 0      unc_iio_txn_req_of_cpu_peer_read_part0_3                                     (15.38%)
                 0      unc_iio_txn_req_of_cpu_peer_read_part0_4                                     (15.38%)
                 0      unc_iio_txn_req_of_cpu_peer_read_part0_5                                     (15.38%)
                 0      unc_iio_txn_req_of_cpu_peer_read_part1_0                                     (15.38%)
                 0      unc_iio_txn_req_of_cpu_peer_read_part1_1                                     (15.38%)
                 0      unc_iio_txn_req_of_cpu_peer_read_part1_2                                     (15.38%)
                 0      unc_iio_txn_req_of_cpu_peer_read_part1_3                                     (15.38%)
                 0      unc_iio_txn_req_of_cpu_peer_read_part1_4                                     (15.38%)
                 0      unc_iio_txn_req_of_cpu_peer_read_part1_5                                     (15.38%)
                 0      unc_iio_txn_req_of_cpu_peer_read_part2_0                                     (15.38%)
                 0      unc_iio_txn_req_of_cpu_peer_read_part2_1                                     (15.38%)
                 0      unc_iio_txn_req_of_cpu_peer_read_part2_2                                     (15.38%)
                 0      unc_iio_txn_req_of_cpu_peer_read_part2_3                                     (15.38%)
                 0      unc_iio_txn_req_of_cpu_peer_read_part2_4                                     (15.38%)
                 0      unc_iio_txn_req_of_cpu_peer_read_part2_5                                     (15.38%)
                 0      unc_iio_txn_req_of_cpu_peer_read_part3_0                                     (15.38%)
                 0      unc_iio_txn_req_of_cpu_peer_read_part3_1                                     (15.38%)
                 0      unc_iio_txn_req_of_cpu_peer_read_part3_2                                     (15.38%)
                 0      unc_iio_txn_req_of_cpu_peer_read_part3_3                                     (15.38%)
                 0      unc_iio_txn_req_of_cpu_peer_read_part3_4                                     (15.38%)
                 0      unc_iio_txn_req_of_cpu_peer_read_part3_5                                     (15.38%)
                 0      unc_iio_txn_req_of_cpu_peer_write_part0_0                                     (15.38%)
                 0      unc_iio_txn_req_of_cpu_peer_write_part0_1                                     (15.38%)
                 0      unc_iio_txn_req_of_cpu_peer_write_part0_2                                     (15.38%)
                 0      unc_iio_txn_req_of_cpu_peer_write_part0_3                                     (15.38%)
                 0      unc_iio_txn_req_of_cpu_peer_write_part0_4                                     (15.38%)
                 0      unc_iio_txn_req_of_cpu_peer_write_part0_5                                     (15.38%)
                 0      unc_iio_txn_req_of_cpu_peer_write_part1_0                                     (15.38%)
                 0      unc_iio_txn_req_of_cpu_peer_write_part1_1                                     (15.38%)
                 0      unc_iio_txn_req_of_cpu_peer_write_part1_2                                     (15.38%)
                 0      unc_iio_txn_req_of_cpu_peer_write_part1_3                                     (15.38%)
                 0      unc_iio_txn_req_of_cpu_peer_write_part1_4                                     (15.38%)
                 0      unc_iio_txn_req_of_cpu_peer_write_part1_5                                     (15.38%)
                 0      unc_iio_txn_req_of_cpu_peer_write_part2_0                                     (15.38%)
                 0      unc_iio_txn_req_of_cpu_peer_write_part2_1                                     (15.38%)
                 0      unc_iio_txn_req_of_cpu_peer_write_part2_2                                     (15.38%)
                 0      unc_iio_txn_req_of_cpu_peer_write_part2_3                                     (15.38%)
                 0      unc_iio_txn_req_of_cpu_peer_write_part2_4                                     (15.38%)
                 0      unc_iio_txn_req_of_cpu_peer_write_part2_5                                     (15.38%)
                 0      unc_iio_txn_req_of_cpu_peer_write_part3_0                                     (15.38%)
                 0      unc_iio_txn_req_of_cpu_peer_write_part3_1                                     (15.38%)
                 0      unc_iio_txn_req_of_cpu_peer_write_part3_2                                     (15.38%)
                 0      unc_iio_txn_req_of_cpu_peer_write_part3_3                                     (15.38%)
                 0      unc_iio_txn_req_of_cpu_peer_write_part3_4                                     (15.38%)
                 0      unc_iio_txn_req_of_cpu_peer_write_part3_5                                     (15.38%)
     6,847,794,215      unc_m2m_bypass_m2m_egress_not_taken_0                                     (11.76%)
                 0      unc_m2m_bypass_m2m_egress_not_taken_1                                     (11.76%)
                 0      unc_m2m_direct2core_not_taken_dirstate_0                                     (11.77%)
                 0      unc_m2m_direct2core_not_taken_dirstate_1                                     (11.77%)
     6,849,031,400      unc_m2m_direct2core_taken_0                                     (11.77%)
                 0      unc_m2m_direct2core_taken_1                                     (11.77%)
                 0      unc_m2m_direct2core_txn_override_0                                     (11.77%)
                 0      unc_m2m_direct2core_txn_override_1                                     (11.77%)
                 0      unc_m2m_direct2upi_not_taken_credits_0                                     (11.77%)
                 0      unc_m2m_direct2upi_not_taken_credits_1                                     (11.77%)
                 0      unc_m2m_direct2upi_not_taken_dirstate_0                                     (11.77%)
                 0      unc_m2m_direct2upi_not_taken_dirstate_1                                     (11.77%)
                 0      unc_m2m_direct2upi_taken_0                                     (11.77%)
                 0      unc_m2m_direct2upi_taken_1                                     (11.77%)
                 0      unc_m2m_direct2upi_txn_override_0                                     (11.77%)
                 0      unc_m2m_direct2upi_txn_override_1                                     (11.77%)
     6,836,996,189      unc_m2m_directory_lookup_any_0                                     (11.77%)
                 0      unc_m2m_directory_lookup_any_1                                     (11.77%)
                 0      unc_m2m_directory_lookup_state_a_0                                     (11.77%)
                 0      unc_m2m_directory_lookup_state_a_1                                     (11.77%)
     6,838,711,886      unc_m2m_directory_lookup_state_i_0                                     (11.77%)
                 0      unc_m2m_directory_lookup_state_i_1                                     (11.77%)
                 0      unc_m2m_directory_lookup_state_s_0                                     (11.77%)
                 0      unc_m2m_directory_lookup_state_s_1                                     (11.77%)
                 0      unc_m2m_directory_update_a2i_0                                     (11.77%)
                 0      unc_m2m_directory_update_a2i_1                                     (11.77%)
                 0      unc_m2m_directory_update_a2s_0                                     (11.76%)
                 0      unc_m2m_directory_update_a2s_1                                     (11.76%)
                 0      unc_m2m_directory_update_any_0                                     (11.76%)
                 0      unc_m2m_directory_update_any_1                                     (11.76%)
                 0      unc_m2m_directory_update_i2a_0                                     (11.76%)
                 0      unc_m2m_directory_update_i2a_1                                     (11.76%)
                 0      unc_m2m_directory_update_i2s_0                                     (11.76%)
                 0      unc_m2m_directory_update_i2s_1                                     (11.76%)
                 0      unc_m2m_directory_update_s2a_0                                     (11.76%)
                 0      unc_m2m_directory_update_s2a_1                                     (11.76%)
                 0      unc_m2m_directory_update_s2i_0                                     (11.76%)
                 0      unc_m2m_directory_update_s2i_1                                     (11.76%)
     6,848,721,785      unc_m2m_imc_reads_all_0                                       (11.76%)
                 0      unc_m2m_imc_reads_all_1                                       (11.76%)
     6,847,227,962      unc_m2m_imc_reads_normal_0                                     (11.76%)
                 0      unc_m2m_imc_reads_normal_1                                     (11.76%)
     4,583,272,137      unc_m2m_imc_writes_all_0                                      (11.76%)
                 0      unc_m2m_imc_writes_all_1                                      (11.76%)
                 0      unc_m2m_imc_writes_ni_0                                       (11.76%)
                 0      unc_m2m_imc_writes_ni_1                                       (11.76%)
             2,287      unc_m2m_imc_writes_partial_0                                     (11.76%)
                 0      unc_m2m_imc_writes_partial_1                                     (11.76%)
                 0      unc_m2m_prefcam_demand_promotions_0                                     (11.76%)
                 0      unc_m2m_prefcam_demand_promotions_1                                     (11.76%)
                 0      unc_m2m_prefcam_inserts_0                                     (11.76%)
                 0      unc_m2m_prefcam_inserts_1                                     (11.76%)
     6,851,454,652      unc_m2m_rxc_ad_inserts_0                                      (11.76%)
                 0      unc_m2m_rxc_ad_inserts_1                                      (11.76%)
    10,590,139,109      unc_m2m_rxc_ad_occupancy_0                                     (11.76%)
                 0      unc_m2m_rxc_ad_occupancy_1                                     (11.76%)
     9,165,714,084      unc_m2m_rxc_bl_inserts_0                                      (11.76%)
                 0      unc_m2m_rxc_bl_inserts_1                                      (11.76%)
   618,707,448,303      unc_m2m_rxc_bl_occupancy_0                                     (11.76%)
                 0      unc_m2m_rxc_bl_occupancy_1                                     (11.76%)
                 0      unc_m2m_txc_ad_inserts_0                                      (11.76%)
                 0      unc_m2m_txc_ad_inserts_1                                      (11.76%)
                 0      unc_m2m_txc_ad_occupancy_0                                     (11.76%)
                 0      unc_m2m_txc_ad_occupancy_1                                     (11.76%)
     6,850,213,974      unc_m2m_txc_bl_inserts_all_0                                     (11.76%)
                 0      unc_m2m_txc_bl_inserts_all_1                                     (11.76%)
    13,700,128,124      unc_m2m_txc_bl_occupancy_all_0                                     (11.76%)
                 0      unc_m2m_txc_bl_occupancy_all_1                                     (11.76%)
                 0      unc_m3upi_upi_prefetch_spawn_0                                   
                 0      unc_m3upi_upi_prefetch_spawn_1                                   
     5,897,542,391      unc_m_act_count_wr_0                                          (25.01%)
                 0      unc_m_act_count_wr_1                                          (25.01%)
                 0      unc_m_act_count_wr_2                                          (25.01%)
                 0      unc_m_act_count_wr_3                                          (25.01%)
                 0      unc_m_act_count_wr_4                                          (25.01%)
                 0      unc_m_act_count_wr_5                                          (25.01%)
    11,409,223,415      unc_m_cas_count_all_0                                         (25.01%)
                 0      unc_m_cas_count_all_1                                         (25.01%)
                 0      unc_m_cas_count_all_2                                         (25.01%)
                 0      unc_m_cas_count_all_3                                         (25.01%)
                 0      unc_m_cas_count_all_4                                         (25.01%)
                 0      unc_m_cas_count_all_5                                         (25.01%)
     6,836,354,693      unc_m_cas_count_rd_0                                          (25.01%)
                 0      unc_m_cas_count_rd_1                                          (25.01%)
                 0      unc_m_cas_count_rd_2                                          (25.01%)
                 0      unc_m_cas_count_rd_3                                          (25.01%)
                 0      unc_m_cas_count_rd_4                                          (25.01%)
                 0      unc_m_cas_count_rd_5                                          (25.01%)
     6,832,407,620      unc_m_cas_count_rd_reg_0                                      (25.01%)
                 0      unc_m_cas_count_rd_reg_1                                      (25.00%)
                 0      unc_m_cas_count_rd_reg_2                                      (25.01%)
                 0      unc_m_cas_count_rd_reg_3                                      (25.01%)
                 0      unc_m_cas_count_rd_reg_4                                      (25.01%)
                 0      unc_m_cas_count_rd_reg_5                                      (25.01%)
         1,762,630      unc_m_cas_count_rd_underfill_0                                     (25.01%)
                 0      unc_m_cas_count_rd_underfill_1                                     (25.00%)
                 0      unc_m_cas_count_rd_underfill_2                                     (25.00%)
                 0      unc_m_cas_count_rd_underfill_3                                     (25.00%)
                 0      unc_m_cas_count_rd_underfill_4                                     (25.00%)
                 0      unc_m_cas_count_rd_underfill_5                                     (25.00%)
     4,569,776,822      unc_m_cas_count_wr_0                                          (25.00%)
                 0      unc_m_cas_count_wr_1                                          (25.00%)
                 0      unc_m_cas_count_wr_2                                          (25.00%)
                 0      unc_m_cas_count_wr_3                                          (25.00%)
                 0      unc_m_cas_count_wr_4                                          (25.00%)
                 0      unc_m_cas_count_wr_5                                          (25.00%)
     3,375,337,951      unc_m_cas_count_wr_wmm_0                                      (25.00%)
                 0      unc_m_cas_count_wr_wmm_1                                      (25.00%)
                 0      unc_m_cas_count_wr_wmm_2                                      (25.00%)
                 0      unc_m_cas_count_wr_wmm_3                                      (25.00%)
                 0      unc_m_cas_count_wr_wmm_4                                      (25.00%)
                 0      unc_m_cas_count_wr_wmm_5                                      (25.00%)
    82,378,836,851      unc_m_clockticks_0                                            (25.00%)
    81,021,563,891      unc_m_clockticks_1                                            (25.00%)
    81,017,955,100      unc_m_clockticks_2                                            (25.00%)
    80,993,815,883      unc_m_clockticks_3                                            (25.00%)
    80,995,867,731      unc_m_clockticks_4                                            (25.00%)
    80,971,048,509      unc_m_clockticks_5                                            (25.00%)
                 0      unc_m_power_channel_ppd_0                                     (25.00%)
                 0      unc_m_power_channel_ppd_1                                     (25.00%)
                 0      unc_m_power_channel_ppd_2                                     (25.00%)
                 0      unc_m_power_channel_ppd_3                                     (25.00%)
                 0      unc_m_power_channel_ppd_4                                     (25.00%)
                 0      unc_m_power_channel_ppd_5                                     (25.00%)
                 0      unc_m_power_self_refresh_0                                     (25.00%)
                 0      unc_m_power_self_refresh_1                                     (25.00%)
                 0      unc_m_power_self_refresh_2                                     (25.00%)
                 0      unc_m_power_self_refresh_3                                     (25.00%)
                 0      unc_m_power_self_refresh_4                                     (25.00%)
                 0      unc_m_power_self_refresh_5                                     (25.00%)
    12,754,413,114      unc_m_pre_count_page_miss_0                                     (25.00%)
                 0      unc_m_pre_count_page_miss_1                                     (25.00%)
                 0      unc_m_pre_count_page_miss_2                                     (25.00%)
                 0      unc_m_pre_count_page_miss_3                                     (25.00%)
                 0      unc_m_pre_count_page_miss_4                                     (25.00%)
                 0      unc_m_pre_count_page_miss_5                                     (25.00%)
     8,015,929,980      unc_m_pre_count_rd_0                                          (25.00%)
                 0      unc_m_pre_count_rd_1                                          (25.00%)
                 0      unc_m_pre_count_rd_2                                          (25.00%)
                 0      unc_m_pre_count_rd_3                                          (25.00%)
                 0      unc_m_pre_count_rd_4                                          (25.00%)
                 0      unc_m_pre_count_rd_5                                          (25.00%)
     6,839,027,432      unc_m_rpq_inserts_0                                           (25.00%)
                 0      unc_m_rpq_inserts_1                                           (25.00%)
                 0      unc_m_rpq_inserts_2                                           (25.00%)
                 0      unc_m_rpq_inserts_3                                           (25.00%)
                 0      unc_m_rpq_inserts_4                                           (25.00%)
                 0      unc_m_rpq_inserts_5                                           (25.00%)
   788,318,212,485      unc_m_rpq_occupancy_0                                         (25.00%)
                 0      unc_m_rpq_occupancy_1                                         (25.00%)
                 0      unc_m_rpq_occupancy_2                                         (25.00%)
                 0      unc_m_rpq_occupancy_3                                         (25.00%)
                 0      unc_m_rpq_occupancy_4                                         (25.00%)
                 0      unc_m_rpq_occupancy_5                                         (25.00%)
     4,572,603,445      unc_m_wpq_inserts_0                                           (25.00%)
                 0      unc_m_wpq_inserts_1                                           (25.00%)
                 0      unc_m_wpq_inserts_2                                           (25.00%)
                 0      unc_m_wpq_inserts_3                                           (25.00%)
                 0      unc_m_wpq_inserts_4                                           (25.00%)
                 0      unc_m_wpq_inserts_5                                           (25.00%)
 1,671,701,200,829      unc_m_wpq_occupancy_0                                         (25.00%)
                 0      unc_m_wpq_occupancy_1                                         (25.00%)
                 0      unc_m_wpq_occupancy_2                                         (25.00%)
                 0      unc_m_wpq_occupancy_3                                         (25.00%)
                 0      unc_m_wpq_occupancy_4                                         (25.00%)
                 0      unc_m_wpq_occupancy_5                                         (25.00%)
    83,781,235,437      unc_upi_clockticks_0                                        
    83,780,968,487      unc_upi_clockticks_1                                        
                 0      unc_upi_direct_attempts_d2c_0                                   
                 0      unc_upi_direct_attempts_d2c_1                                   
                 0      unc_upi_direct_attempts_d2k_0                                   
                 0      unc_upi_direct_attempts_d2k_1                                   

      70.038578047 seconds time elapsed

