# started on Mon Feb  5 05:15:24 2024


 Performance counter stats for 'system wide':

                 0      r1b7                                                          (11.94%)
                 0      r1b7                                                          (11.94%)
                 0      r1b7                                                          (11.94%)
                 0      r1b7                                                          (11.94%)
                 0      r1b7                                                          (11.94%)
                 0      r1b7                                                          (11.95%)
                 0      r1b7                                                          (11.95%)
                 0      r1b7                                                          (11.95%)
                 0      r1b7                                                          (11.95%)
                 0      r1b7                                                          (11.95%)
                 0      r1b7                                                          (11.95%)
                 0      r1b7                                                          (11.95%)
                 0      r1b7                                                          (11.95%)
                 0      r1b7                                                          (11.95%)
                 0      r1b7                                                          (11.95%)
                 0      r1b7                                                          (11.95%)
                 0      r1b7                                                          (11.95%)
                 0      r1b7                                                          (11.95%)
                 0      r1b7                                                          (11.95%)
                 0      r1b7                                                          (11.95%)
                 0      r1b7                                                          (11.95%)
                 0      r1b7                                                          (11.95%)
                 0      r1b7                                                          (11.95%)
                 0      r1b7                                                          (11.95%)
                 0      r1b7                                                          (11.94%)
                 0      r1b7                                                          (11.94%)
                 0      r1b7                                                          (11.94%)
                 0      r1b7                                                          (11.94%)
                 0      r1b7                                                          (11.94%)
                 0      r1b7                                                          (11.94%)
         1,020,529      offcore_response.other.any_response                                     (11.94%)
           495,545      offcore_response.other.l3_hit.any_snoop                                     (2.98%)
                 0      offcore_response.other.l3_hit.hit_other_core_no_fwd                                     (2.98%)
           494,460      offcore_response.other.l3_hit.hitm_other_core                                     (2.98%)
                 0      offcore_response.other.l3_hit.no_snoop_needed                                     (2.98%)
                 0      offcore_response.other.l3_hit.snoop_hit_with_fwd                                     (2.98%)
                 0      r1b7                                                          (2.98%)
                 0      r1b7                                                          (4.48%)
                 0      r1b7                                                          (5.97%)
                 0      r1b7                                                          (7.46%)
                 0      r1b7                                                          (8.95%)
                 0      r1b7                                                          (10.45%)
                 0      r1b7                                                          (11.94%)
                 0      r1b7                                                          (11.94%)
                 0      r1b7                                                          (11.94%)
                 0      r1b7                                                          (11.94%)
                 0      r1b7                                                          (11.94%)
                 0      r1b7                                                          (11.94%)
                 0      r1b7                                                          (11.94%)
                 0      r1b7                                                          (11.94%)
                 0      r1b7                                                          (11.94%)
                 0      r1b7                                                          (11.94%)
                 0      r1b7                                                          (11.94%)
                 0      r1b7                                                          (11.94%)
                 0      r1b7                                                          (11.94%)
                 0      r1b7                                                          (11.94%)
                 0      r1b7                                                          (11.94%)
                 0      r1b7                                                          (11.94%)
                 0      r1b7                                                          (11.94%)
                 0      r1b7                                                          (11.94%)
                 0      r1b7                                                          (11.94%)
                 0      r1b7                                                          (11.94%)
                 0      r1b7                                                          (11.94%)
                 0      r1b7                                                          (11.94%)
                 0      r1b7                                                          (11.94%)
                 0      r1b7                                                          (11.94%)
                 0      r10f4                                                         (11.94%)

      69.838768697 seconds time elapsed

