# started on Tue Feb  6 06:13:59 2024


 Performance counter stats for 'system wide':

                 0      r8c7                                                          (11.68%)
                 0      r10c7                                                         (11.68%)
                 0      r20c7                                                         (10.39%)
                 0      r18c7                                                         (10.39%)
                 0      r40c7                                                         (10.39%)
                 0      r80c7                                                         (10.39%)
                 0      r18c7                                                         (10.39%)
    25,192,521,279      r3c7                                                          (10.39%)
    25,192,462,134      r1c7                                                          (10.39%)
                 0      r2c7                                                          (10.39%)
                 0      rfcc7                                                         (10.39%)
                 0      r1001eca                                                      (10.39%)
                 0      r1c6                                                          (10.39%)
                 0      r1c6                                                          (10.39%)
                 0      r1c6                                                          (10.39%)
                 0      r1c6                                                          (10.39%)
                 0      r1c6                                                          (5.20%)
   <not supported>      r1c6:p                                                      
                 0      r1c6                                                          (5.20%)
                 0      r1c6                                                          (5.20%)
                 0      r1c6                                                          (5.20%)
                 0      r1c6                                                          (5.20%)
                 0      r1c6                                                          (5.20%)
                 0      r1c6                                                          (5.20%)
                 0      r1c6                                                          (5.20%)
                 0      r1c6                                                          (5.20%)
                 0      r1c6                                                          (5.20%)
                 0      r1c6                                                          (5.20%)
                 0      r1c6                                                          (5.20%)
                 0      r1c6                                                          (5.20%)
                 0      r1c6                                                          (5.20%)
                 0      r4c8                                                          (6.50%)
                 0      r80c8                                                         (7.79%)
                 0      r8c8                                                          (9.09%)
                 0      r40c8                                                         (10.39%)
                 0      r10c8                                                         (10.39%)
                 0      r20c8                                                         (10.39%)
                 0      r2c8                                                          (10.39%)
                 0      r1c8                                                          (10.39%)
           564,973      r1cb                                                          (10.39%)
       366,260,823      r480                                                          (10.39%)
    41,335,510,635      r183                                                          (10.39%)
       131,496,010      r283                                                          (10.39%)
        95,900,136      r483                                                          (10.39%)
        93,842,735      r483                                                          (10.39%)
     7,798,337,087      r4fe                                                          (10.39%)
       267,709,512      r2fe                                                          (10.39%)
    27,178,476,176      r4001879                                                      (10.39%)
    54,337,991,518      r1001879                                                      (10.39%)
       575,893,914      r4002479                                                      (10.39%)
     1,670,504,897      r1002479                                                      (10.39%)
    53,964,152,155      r1000879                                                      (10.39%)
    54,360,632,897      r1001879                                                      (10.39%)
    27,191,021,284      r4001879                                                      (10.39%)
   161,293,481,893      r879                                                          (10.39%)
     1,074,799,127      r1000479                                                      (10.39%)
     2,876,585,368      r479                                                          (10.39%)
       999,677,358      r1003079                                                      (10.39%)
       385,984,859      r1001079                                                      (10.39%)
     1,564,304,864      r2079                                                         (10.39%)
       303,733,827      r1043079                                                      (10.39%)
     2,836,659,791      r3079                                                         (10.39%)
    29,250,480,875      r19c                                                          (10.39%)
       983,849,041      r400019c                                                      (10.39%)
   156,049,598,587      r180019c                                                      (10.39%)
     5,251,830,007      r300019c                                                      (10.39%)
    10,998,524,414      r200019c                                                      (10.39%)
    12,353,295,724      r100019c                                                      (10.39%)
           927,991      r187                                                          (10.39%)
     2,887,220,855      r155                                                          (10.39%)
   190,972,021,573      rc0                                                           (11.69%)
   191,002,305,550      rc0                                                           (11.68%)
       172,510,076      r2c0                                                          (11.68%)
   <not supported>      r1c0:p                                                      
   <not supported>      ra8001c0:p                                                  
       239,161,598      r800d                                                         (11.68%)
        30,589,992      r104010d                                                      (11.68%)
       171,534,797      r10d                                                          (11.68%)
       169,857,960      r20010d                                                       (11.68%)
           500,542      r1ae                                                          (11.68%)

      69.829209695 seconds time elapsed

