# started on Mon Feb  5 08:44:23 2024


 Performance counter stats for 'system wide':

   168,970,891,592      r728                                                          (44.44%)
                 0      r1828                                                         (44.44%)
                 0      r2028                                                         (44.44%)
           238,651      r4028                                                         (44.44%)
           954,900      r20ef                                                         (44.44%)
         4,920,426      r10ef                                                         (44.44%)
        10,743,234      r2ef                                                          (44.45%)
        84,083,765      r1ef                                                          (44.45%)
         2,107,616      r40ef                                                         (44.45%)
         2,114,527      r8ef                                                          (44.45%)
            36,781      r4ef                                                          (44.45%)
           564,953      r1cb                                                          (44.45%)
     7,991,633,404      r4fe                                                          (44.45%)
       265,504,653      r2fe                                                          (44.45%)
                 0      r132                                                          (44.45%)
            56,718      r832                                                          (44.45%)
            64,368      r232                                                          (44.44%)
                 0      r432                                                          (44.44%)

      69.838567448 seconds time elapsed

