# started on Tue Feb  6 06:17:31 2024


 Performance counter stats for 'system wide':

                 0      r8c7                                                          (11.68%)
                 0      r10c7                                                         (11.68%)
                 0      r20c7                                                         (10.38%)
                 0      r18c7                                                         (10.38%)
                 0      r40c7                                                         (10.39%)
                 0      r80c7                                                         (10.39%)
                 0      r18c7                                                         (10.39%)
    25,396,612,692      r3c7                                                          (10.39%)
    25,402,528,712      r1c7                                                          (10.39%)
                 0      r2c7                                                          (10.39%)
                 0      rfcc7                                                         (10.39%)
                 0      r1001eca                                                      (10.39%)
                 0      r1c6                                                          (10.39%)
                 0      r1c6                                                          (10.39%)
                 0      r1c6                                                          (10.39%)
                 0      r1c6                                                          (10.39%)
                 0      r1c6                                                          (5.20%)
   <not supported>      r1c6:p                                                      
                 0      r1c6                                                          (5.20%)
                 0      r1c6                                                          (5.20%)
                 0      r1c6                                                          (5.20%)
                 0      r1c6                                                          (5.20%)
                 0      r1c6                                                          (5.20%)
                 0      r1c6                                                          (5.20%)
                 0      r1c6                                                          (5.20%)
                 0      r1c6                                                          (5.20%)
                 0      r1c6                                                          (5.20%)
                 0      r1c6                                                          (5.20%)
                 0      r1c6                                                          (5.20%)
                 0      r1c6                                                          (5.20%)
                 0      r1c6                                                          (5.20%)
                 0      r4c8                                                          (6.49%)
                 0      r80c8                                                         (7.79%)
                 0      r8c8                                                          (9.09%)
                 0      r40c8                                                         (10.39%)
                 0      r10c8                                                         (10.39%)
                 0      r20c8                                                         (10.39%)
                 0      r2c8                                                          (10.39%)
                 0      r1c8                                                          (10.39%)
           566,325      r1cb                                                          (10.39%)
       359,634,755      r480                                                          (10.39%)
    41,891,285,404      r183                                                          (10.39%)
       127,874,974      r283                                                          (10.39%)
        81,923,572      r483                                                          (10.39%)
        81,971,224      r483                                                          (10.39%)
     7,888,442,680      r4fe                                                          (10.39%)
       263,641,716      r2fe                                                          (10.39%)
    27,513,114,110      r4001879                                                      (10.39%)
    54,969,515,569      r1001879                                                      (10.39%)
       575,738,532      r4002479                                                      (10.39%)
     1,667,848,711      r1002479                                                      (10.39%)
    54,593,977,502      r1000879                                                      (10.39%)
    54,990,123,817      r1001879                                                      (10.39%)
    27,520,626,061      r4001879                                                      (10.39%)
   163,138,382,663      r879                                                          (10.39%)
     1,072,673,716      r1000479                                                      (10.39%)
     2,877,072,479      r479                                                          (10.39%)
     1,001,813,649      r1003079                                                      (10.39%)
       386,612,498      r1001079                                                      (10.39%)
     1,565,036,884      r2079                                                         (10.39%)
       304,037,517      r1043079                                                      (10.39%)
     2,820,658,996      r3079                                                         (10.39%)
    29,458,366,987      r19c                                                          (10.39%)
       967,892,099      r400019c                                                      (10.39%)
   156,097,485,824      r180019c                                                      (10.39%)
     5,218,225,182      r300019c                                                      (10.39%)
    10,896,481,448      r200019c                                                      (10.39%)
    12,463,202,375      r100019c                                                      (10.39%)
           652,625      r187                                                          (10.39%)
     2,765,816,150      r155                                                          (10.39%)
   192,571,689,749      rc0                                                           (11.69%)
   192,576,932,697      rc0                                                           (11.69%)
       173,235,458      r2c0                                                          (11.69%)
   <not supported>      r1c0:p                                                      
   <not supported>      ra8001c0:p                                                  
       242,929,419      r800d                                                         (11.69%)
        31,458,176      r104010d                                                      (11.69%)
       180,936,878      r10d                                                          (11.69%)
       181,681,239      r20010d                                                       (11.69%)
           510,326      r1ae                                                          (11.69%)

      69.916680050 seconds time elapsed

