# started on Tue Feb  6 05:56:15 2024


 Performance counter stats for 'system wide':

                 0      r8c7                                                          (11.68%)
                 0      r10c7                                                         (11.69%)
                 0      r20c7                                                         (10.39%)
                 0      r18c7                                                         (10.39%)
                 0      r40c7                                                         (10.39%)
                 0      r80c7                                                         (10.39%)
                 0      r18c7                                                         (10.39%)
    29,570,636,174      r3c7                                                          (10.40%)
    29,584,515,411      r1c7                                                          (10.40%)
                 0      r2c7                                                          (10.40%)
                 0      rfcc7                                                         (10.40%)
                 0      r1001eca                                                      (10.40%)
                 0      r1c6                                                          (10.40%)
                 0      r1c6                                                          (10.40%)
                 0      r1c6                                                          (10.40%)
                 0      r1c6                                                          (10.40%)
                 0      r1c6                                                          (5.20%)
   <not supported>      r1c6:p                                                      
                 0      r1c6                                                          (5.20%)
                 0      r1c6                                                          (5.20%)
                 0      r1c6                                                          (5.20%)
                 0      r1c6                                                          (5.20%)
                 0      r1c6                                                          (5.20%)
                 0      r1c6                                                          (5.20%)
                 0      r1c6                                                          (5.20%)
                 0      r1c6                                                          (5.20%)
                 0      r1c6                                                          (5.20%)
                 0      r1c6                                                          (5.20%)
                 0      r1c6                                                          (5.20%)
                 0      r1c6                                                          (5.20%)
                 0      r1c6                                                          (5.20%)
                 0      r4c8                                                          (6.50%)
                 0      r80c8                                                         (7.80%)
                 0      r8c8                                                          (9.10%)
                 0      r40c8                                                         (10.40%)
                 0      r10c8                                                         (10.40%)
                 0      r20c8                                                         (10.40%)
                 0      r2c8                                                          (10.40%)
                 0      r1c8                                                          (10.39%)
           567,010      r1cb                                                          (10.39%)
       354,646,237      r480                                                          (10.39%)
    42,049,534,895      r183                                                          (10.39%)
       133,071,105      r283                                                          (10.39%)
        86,800,587      r483                                                          (10.39%)
        83,309,502      r483                                                          (10.39%)
     8,072,206,740      r4fe                                                          (10.39%)
       241,946,937      r2fe                                                          (10.39%)
    28,075,961,909      r4001879                                                      (10.39%)
    56,102,110,398      r1001879                                                      (10.39%)
       569,848,196      r4002479                                                      (10.39%)
     1,652,792,439      r1002479                                                      (10.39%)
    55,810,661,591      r1000879                                                      (10.39%)
    56,163,567,391      r1001879                                                      (10.39%)
    28,115,603,127      r4001879                                                      (10.39%)
   171,489,383,334      r879                                                          (10.39%)
     1,069,115,866      r1000479                                                      (10.39%)
     2,865,563,318      r479                                                          (10.39%)
       950,633,809      r1003079                                                      (10.39%)
       334,248,515      r1001079                                                      (10.39%)
     1,567,824,397      r2079                                                         (10.39%)
       285,419,466      r1043079                                                      (10.39%)
     2,653,969,954      r3079                                                         (10.39%)
    28,299,650,992      r19c                                                          (10.39%)
       954,377,123      r400019c                                                      (10.39%)
   156,072,218,992      r180019c                                                      (10.39%)
     4,977,515,537      r300019c                                                      (10.39%)
    10,349,809,013      r200019c                                                      (10.39%)
    12,007,006,749      r100019c                                                      (10.39%)
           596,559      r187                                                          (10.39%)
     2,639,415,505      r155                                                          (10.39%)
   200,831,771,596      rc0                                                           (11.68%)
   200,899,279,767      rc0                                                           (11.68%)
       142,566,580      r2c0                                                          (11.68%)
   <not supported>      r1c0:p                                                      
   <not supported>      ra8001c0:p                                                  
       233,686,263      r800d                                                         (11.68%)
        30,479,662      r104010d                                                      (11.68%)
       175,631,805      r10d                                                          (11.68%)
       176,370,984      r20010d                                                       (11.68%)
           515,578      r1ae                                                          (11.68%)

      69.801808800 seconds time elapsed

