# started on Mon Feb  5 08:24:19 2024


 Performance counter stats for 'system wide':

   169,474,017,129      r728                                                          (44.44%)
                 0      r1828                                                         (44.44%)
                 0      r2028                                                         (44.44%)
           290,417      r4028                                                         (44.44%)
           934,472      r20ef                                                         (44.44%)
         6,031,034      r10ef                                                         (44.44%)
        10,969,323      r2ef                                                          (44.44%)
       160,538,715      r1ef                                                          (44.44%)
         2,687,605      r40ef                                                         (44.44%)
         2,350,935      r8ef                                                          (44.44%)
            84,559      r4ef                                                          (44.44%)
           566,493      r1cb                                                          (44.44%)
     7,439,135,457      r4fe                                                          (44.44%)
       487,504,961      r2fe                                                          (44.45%)
                 9      r132                                                          (44.45%)
            72,939      r832                                                          (44.45%)
           521,630      r232                                                          (44.45%)
                 0      r432                                                          (44.45%)

      69.985495833 seconds time elapsed

