# started on Tue Feb  6 09:02:51 2024


 Performance counter stats for 'system wide':

                 0      r1b7                                                          (11.60%)
                 0      r1b7                                                          (11.60%)
                 0      r1b7                                                          (11.60%)
                 0      r1b7                                                          (11.60%)
                 0      r1b7                                                          (11.60%)
            50,705      r3fc1                                                         (11.60%)
     8,599,587,974      r159                                                          (11.60%)
   109,114,660,660      r1a2                                                          (11.60%)
     8,440,643,601      r8a2                                                          (11.60%)
                 0      r20cc                                                         (11.60%)
                 0      r40cc                                                         (11.60%)
     9,538,726,573      r15e                                                          (11.60%)
       475,564,058      r184015e                                                      (11.60%)
                 0      r4c9                                                          (11.60%)
                 0      r80c9                                                         (11.60%)
                 0      r8c9                                                          (11.60%)
                 0      r40c9                                                         (11.60%)
                 0      r10c9                                                         (11.60%)
                 0      r20c9                                                         (11.60%)
                 0      r2c9                                                          (11.60%)
                 0      r1c9                                                          (11.60%)
                 0      r10f4                                                         (11.59%)
                 0      r132                                                          (11.59%)
            25,066      r832                                                          (11.59%)
         1,159,376      r232                                                          (11.59%)
                 0      r432                                                          (11.59%)
           196,434      r1bd                                                          (11.59%)
            22,382      r20bd                                                         (11.59%)
                 0      r15d                                                          (11.59%)
                 0      r25d                                                          (11.59%)
                 0      r45d                                                          (11.59%)
                 0      r85d                                                          (11.59%)
                 0      r105d                                                         (11.59%)
                 0      r254                                                          (11.59%)
                 0      r154                                                          (11.59%)
                 0      r1054                                                         (11.59%)
                 0      r854                                                          (11.59%)
                 0      r2054                                                         (11.59%)
                 0      r454                                                          (11.59%)
                 0      r4054                                                         (11.59%)
    35,153,171,290      r1a1                                                          (11.59%)
    39,430,565,535      r2a1                                                          (11.59%)
    39,331,957,134      r4a1                                                          (11.59%)
    35,896,726,044      r8a1                                                          (11.59%)
    33,528,063,169      r10a1                                                         (11.59%)
    34,369,215,345      r20a1                                                         (11.59%)
    41,311,810,072      r40a1                                                         (11.59%)
     1,347,508,464      r80a1                                                         (11.59%)
   220,141,168,128      r2b1                                                          (11.59%)
    80,095,715,295      r10002b1                                                      (11.59%)
    64,101,440,115      r20002b1                                                      (11.59%)
    45,551,399,357      r30002b1                                                      (11.59%)
    21,734,659,065      r40002b1                                                      (11.59%)
    96,666,055,395      r18002b1                                                      (11.59%)
    80,042,078,084      r10001b1                                                      (11.59%)
    64,089,408,397      r20001b1                                                      (11.59%)
    45,569,791,618      r30001b1                                                      (11.59%)
    21,729,277,687      r40001b1                                                      (11.59%)
    96,703,548,608      r18001b1                                                      (11.59%)
   220,010,921,070      r1b1                                                          (11.59%)
         5,092,509      r10b1                                                         (11.59%)
   174,457,354,606      r10e                                                          (11.59%)
        50,377,785      r200e                                                         (11.59%)
   127,987,630,990      r180010e                                                      (11.59%)
                 0      r20e                                                          (11.59%)
    26,422,388,910      r4c2                                                          (11.59%)
   171,778,722,613      r2c2                                                          (11.59%)
   126,454,609,781      r18002c2                                                      (11.59%)
   176,556,935,889      r108002c2                                                     (11.59%)
   136,063,400,750      unc_c_clockticks_0                                            (36.37%)
   136,118,575,212      unc_c_clockticks_1                                            (36.35%)
   136,149,179,788      unc_c_clockticks_2                                            (36.33%)
   136,153,132,837      unc_c_clockticks_3                                            (36.32%)
   136,156,847,760      unc_c_clockticks_4                                            (36.30%)
   136,162,640,501      unc_c_clockticks_5                                            (36.28%)
   136,148,960,345      unc_c_clockticks_6                                            (36.27%)
   136,127,685,062      unc_c_clockticks_7                                            (36.25%)
            80,402      unc_c_fast_asserted_0                                         (36.37%)
            60,009      unc_c_fast_asserted_1                                         (36.37%)
            71,980      unc_c_fast_asserted_2                                         (36.37%)
            26,069      unc_c_fast_asserted_3                                         (36.37%)
           111,662      unc_c_fast_asserted_4                                         (36.37%)
            29,230      unc_c_fast_asserted_5                                         (36.37%)
         1,159,988      unc_c_fast_asserted_6                                         (36.37%)
         1,462,355      unc_c_fast_asserted_7                                         (36.37%)
                 0      unc_c_llc_lookup_data_read_0                                     (36.37%)
                 0      unc_c_llc_lookup_data_read_1                                     (36.36%)
                 0      unc_c_llc_lookup_data_read_2                                     (36.34%)
                 0      unc_c_llc_lookup_data_read_3                                     (36.32%)
                 0      unc_c_llc_lookup_data_read_4                                     (36.31%)
                 0      unc_c_llc_lookup_data_read_5                                     (36.29%)
                 0      unc_c_llc_lookup_data_read_6                                     (36.28%)
                 0      unc_c_llc_lookup_data_read_7                                     (36.26%)
                 0      unc_c_llc_lookup_remote_snoop_0                                     (36.37%)
                 0      unc_c_llc_lookup_remote_snoop_1                                     (36.34%)
                 0      unc_c_llc_lookup_remote_snoop_2                                     (36.31%)
                 0      unc_c_llc_lookup_remote_snoop_3                                     (36.27%)
                 0      unc_c_llc_lookup_remote_snoop_4                                     (36.24%)
                 0      unc_c_llc_lookup_remote_snoop_5                                     (36.21%)
                 0      unc_c_llc_lookup_remote_snoop_6                                     (36.18%)
                 0      unc_c_llc_lookup_remote_snoop_7                                     (36.14%)
        14,309,319      unc_c_llc_victims_e_state_0                                     (36.36%)
        14,474,094      unc_c_llc_victims_e_state_1                                     (36.35%)
        14,329,418      unc_c_llc_victims_e_state_2                                     (36.33%)
        14,358,077      unc_c_llc_victims_e_state_3                                     (36.31%)
        14,487,523      unc_c_llc_victims_e_state_4                                     (36.29%)
        14,448,276      unc_c_llc_victims_e_state_5                                     (36.28%)
        14,473,534      unc_c_llc_victims_e_state_6                                     (36.26%)
        14,466,947      unc_c_llc_victims_e_state_7                                     (36.24%)
                61      unc_c_llc_victims_f_state_0                                     (36.36%)
                41      unc_c_llc_victims_f_state_1                                     (36.36%)
                 3      unc_c_llc_victims_f_state_2                                     (36.36%)
                11      unc_c_llc_victims_f_state_3                                     (36.35%)
                22      unc_c_llc_victims_f_state_4                                     (36.35%)
                17      unc_c_llc_victims_f_state_5                                     (36.35%)
                 8      unc_c_llc_victims_f_state_6                                     (36.35%)
                14      unc_c_llc_victims_f_state_7                                     (36.34%)
        55,601,429      unc_c_llc_victims_m_state_0                                     (36.36%)
        55,789,859      unc_c_llc_victims_m_state_1                                     (36.39%)
        55,705,711      unc_c_llc_victims_m_state_2                                     (36.42%)
        55,699,714      unc_c_llc_victims_m_state_3                                     (36.46%)
        55,831,327      unc_c_llc_victims_m_state_4                                     (36.49%)
        55,731,648      unc_c_llc_victims_m_state_5                                     (36.52%)
        55,725,581      unc_c_llc_victims_m_state_6                                     (36.55%)
        55,723,866      unc_c_llc_victims_m_state_7                                     (36.58%)
           224,586      unc_c_llc_victims_s_state_0                                     (36.36%)
           236,295      unc_c_llc_victims_s_state_1                                     (36.42%)
           233,325      unc_c_llc_victims_s_state_2                                     (36.47%)
           254,191      unc_c_llc_victims_s_state_3                                     (36.52%)
           226,414      unc_c_llc_victims_s_state_4                                     (36.56%)
           239,313      unc_c_llc_victims_s_state_5                                     (36.61%)
           246,951      unc_c_llc_victims_s_state_6                                     (36.66%)
           225,823      unc_c_llc_victims_s_state_7                                     (36.71%)
                 0      unc_c_tor_inserts_irq_0                                       (36.36%)
                 0      unc_c_tor_inserts_irq_1                                       (36.38%)
                 0      unc_c_tor_inserts_irq_2                                       (36.40%)
                 0      unc_c_tor_inserts_irq_3                                       (36.42%)
                 0      unc_c_tor_inserts_irq_4                                       (36.44%)
                 0      unc_c_tor_inserts_irq_5                                       (36.45%)
                 0      unc_c_tor_inserts_irq_6                                       (36.47%)
                 0      unc_c_tor_inserts_irq_7                                       (36.49%)
                 0      unc_c_tor_inserts_irq_hit_0                                     (36.36%)
                 0      unc_c_tor_inserts_irq_hit_1                                     (36.36%)
                 0      unc_c_tor_inserts_irq_hit_2                                     (36.37%)
                 0      unc_c_tor_inserts_irq_hit_3                                     (36.37%)
                 0      unc_c_tor_inserts_irq_hit_4                                     (36.37%)
                 0      unc_c_tor_inserts_irq_hit_5                                     (36.37%)
                 0      unc_c_tor_inserts_irq_hit_6                                     (36.37%)
                 0      unc_c_tor_inserts_irq_hit_7                                     (36.37%)
                 0      unc_c_tor_inserts_irq_miss_0                                     (36.36%)
                 0      unc_c_tor_inserts_irq_miss_1                                     (36.35%)
                 0      unc_c_tor_inserts_irq_miss_2                                     (36.33%)
                 0      unc_c_tor_inserts_irq_miss_3                                     (36.31%)
                 0      unc_c_tor_inserts_irq_miss_4                                     (36.30%)
                 0      unc_c_tor_inserts_irq_miss_5                                     (36.28%)
                 0      unc_c_tor_inserts_irq_miss_6                                     (36.27%)
                 0      unc_c_tor_inserts_irq_miss_7                                     (36.25%)

      69.849055639 seconds time elapsed

