# started on Mon Feb  5 02:20:39 2024


 Performance counter stats for 'system wide':

    29,202,403,192        branch-instructions       #   52.297 M/sec                    (18.87%)
        18,261,928        branch-misses             #    0.06% of all branches          (16.99%)
     1,863,513,629        bus-cycles                #    3.337 M/sec                    (16.99%)
     8,088,602,980        cache-misses              #   96.260 % of all cache refs      (16.98%)
     8,398,694,250        cache-references          #   15.041 M/sec                    (16.98%)
   168,931,535,920        cpu-cycles                #    0.303 GHz                      (16.98%)
   197,685,056,545        instructions              #    1.17  insn per cycle           (18.87%)
   156,545,744,941        ref-cycles                #  280.351 M/sec                    (20.76%)
                 0        alignment-faults          #    0.000 K/sec                  
                 0        bpf-output                #    0.000 K/sec                  
            20,813        context-switches          #    0.037 K/sec                  
        558,397.65 msec   cpu-clock                 #    7.999 CPUs utilized          
               269        cpu-migrations            #    0.000 K/sec                  
                 0        dummy                     #    0.000 K/sec                  
                 0        emulation-faults          #    0.000 K/sec                  
                16        major-faults              #    0.000 K/sec                  
            18,496        minor-faults              #    0.033 K/sec                  
            18,483        page-faults               #    0.033 K/sec                  
        558,388.02 msec   task-clock                #    7.999 CPUs utilized          
     8,779,467,360        L1-dcache-load-misses     #   18.22% of all L1-dcache hits    (20.76%)
    48,173,989,601        L1-dcache-loads           #   86.273 M/sec                    (20.75%)
    29,033,433,227        L1-dcache-stores          #   51.995 M/sec                    (20.75%)
       160,788,737        L1-icache-load-misses                                         (20.75%)
       651,064,587        LLC-load-misses           #   97.22% of all LL-cache hits     (20.75%)
       669,659,025        LLC-loads                 #    1.199 M/sec                    (20.75%)
     2,365,178,945        LLC-store-misses          #    4.236 M/sec                    (3.77%)
     2,365,698,364        LLC-stores                #    4.237 M/sec                    (3.77%)
        17,964,030        branch-load-misses        #    0.032 M/sec                    (5.66%)
    29,185,930,590        branch-loads              #   52.268 M/sec                    (7.55%)
           191,532        dTLB-load-misses          #    0.00% of all dTLB cache hits   (9.43%)
    48,042,519,829        dTLB-loads                #   86.037 M/sec                    (11.32%)
           334,941        dTLB-store-misses         #    0.600 K/sec                    (13.21%)
    29,099,713,876        dTLB-stores               #   52.113 M/sec                    (15.09%)
           134,357        iTLB-load-misses          #    3.52% of all iTLB cache hits   (15.09%)
         3,815,967        iTLB-loads                #    0.007 M/sec                    (15.09%)
                 0        node-load-misses          #    0.000 K/sec                    (15.09%)
       655,872,913        node-loads                #    1.175 M/sec                    (15.10%)
                 0        node-store-misses         #    0.000 K/sec                    (3.77%)
     2,354,088,643        node-stores               #    4.216 M/sec                    (3.77%)
    29,154,747,304        branch-instructions       #   52.212 M/sec                    (5.66%)
        17,915,235        branch-misses             #    0.06% of all branches          (7.55%)
     1,861,492,961        bus-cycles                #    3.334 M/sec                    (9.43%)
     8,098,930,779        cache-misses              #   96.383 % of all cache refs      (11.32%)
     8,407,083,225        cache-references          #   15.056 M/sec                    (13.21%)
   169,032,071,317        cpu-cycles                #    0.303 GHz                      (15.10%)
                 0        cstate_core/c3-residency/ #    0.000 K/sec                  
                 0        cstate_core/c6-residency/ #    0.000 K/sec                  
                 0        cstate_core/c7-residency/ #    0.000 K/sec                  
                 0        cstate_pkg/c2-residency/  #    0.000 K/sec                  
                 0        cstate_pkg/c3-residency/  #    0.000 K/sec                  
                 0        cstate_pkg/c6-residency/  #    0.000 K/sec                  
                 0        cstate_pkg/c7-residency/  #    0.000 K/sec                  
                 0        cycles-ct                 #    0.000 K/sec                    (16.98%)
                 0        cycles-t                  #    0.000 K/sec                    (16.98%)
                 0        el-abort                  #    0.000 K/sec                    (16.98%)
                 0        el-capacity               #    0.000 K/sec                    (16.98%)
                 0        el-commit                 #    0.000 K/sec                    (16.98%)
                 0        el-conflict               #    0.000 K/sec                    (16.98%)
                 0        el-start                  #    0.000 K/sec                    (16.98%)
   197,832,860,794        instructions              #    1.17  insn per cycle           (18.87%)
     <not counted>        intel_pt//                                                    (0.00%)
                 0        mem-loads                 #    0.000 K/sec                    (18.87%)
    29,044,308,689        mem-stores                #   52.014 M/sec                    (16.98%)
   181,905,673,884        msr/aperf/                #  325.766 M/sec                  
               264 C      msr/cpu_thermal_margin/   #    0.000 K/sec                  
   185,529,880,525        msr/mperf/                #  332.257 M/sec                  
   181,901,312,896        msr/pperf/                #  325.759 M/sec                  
                 0        msr/smi/                  #    0.000 K/sec                  
 1,169,650,396,918        msr/tsc/                  # 2094.673 M/sec                  
          2,377.44 Joules power/energy-pkg/         #    0.004 K/sec                  
            589.73 Joules power/energy-ram/         #    0.001 K/sec                  
   156,520,071,460        ref-cycles                #  280.305 M/sec                    (18.87%)
    30,277,756,666        topdown-fetch-bubbles     #      4.5% frontend bound          (18.87%)
       812,523,464        topdown-recovery-bubbles  #      0.2% bad speculation         (18.87%)
   174,038,441,607        topdown-slots-issued      #     69.7% backend bound           (18.87%)
   173,419,064,460        topdown-slots-retired     #     25.6% retiring                (18.87%)
   676,553,075,092        topdown-total-slots       # 1211.608 M/sec                    (20.76%)
                 0        tx-abort                  #    0.000 K/sec                    (20.76%)
                 0        tx-capacity               #    0.000 K/sec                    (20.76%)
                 0        tx-commit                 #    0.000 K/sec                    (18.87%)

      69.808739129 seconds time elapsed

