# started on Mon Feb  5 09:03:16 2024


 Performance counter stats for 'system wide':

        36,480,844      r1000114                                                      (10.53%)
         5,983,842      r1e6                                                          (10.53%)
    28,438,167,890      rc4                                                           (10.53%)
   <not supported>      r4c4:p                                                      
    28,047,406,972      r1c4                                                          (10.53%)
         1,226,322      r40c4                                                         (10.53%)
       173,284,190      r2c4                                                          (10.53%)
       173,340,914      r8c4                                                          (10.53%)
    28,145,315,347      r20c4                                                         (10.53%)
       276,913,699      r10c4                                                         (10.53%)
        12,812,312      rc5                                                           (10.53%)
   <not supported>      r4c5:p                                                      
         3,043,007      r1c5                                                          (10.53%)
            21,994      r2c5                                                          (10.53%)
        12,144,490      r20c5                                                         (10.53%)
     1,848,549,858      r23c                                                          (10.53%)
     1,848,637,630      r13c                                                          (10.53%)
     1,848,594,697      r20013c                                                       (10.53%)
     1,848,889,591      r23c                                                          (10.53%)
   155,337,439,213      r300                                                          (11.85%)
     1,849,088,981      r13c                                                          (11.85%)
     1,849,133,676      r20013c                                                       (11.85%)
           499,606      r104003c                                                      (11.85%)
   168,768,828,690      r3c                                                           (13.17%)
   168,719,359,479      r20003c                                                       (13.16%)
   168,681,433,640      r3c                                                           (13.16%)
   168,769,214,101      r20003c                                                       (13.16%)
   127,650,610,294      r80008a3                                                      (13.16%)
    54,613,713,734      r10001a3                                                      (13.16%)
   149,542,130,314      r100010a3                                                     (11.84%)
    77,748,283,068      rc000ca3                                                      (11.84%)
    40,696,458,183      r50005a3                                                      (11.84%)
    82,304,759,055      r140014a3                                                     (11.84%)
    93,705,814,926      r40004a3                                                      (11.84%)
    13,571,801,039      r2a6                                                          (11.84%)
    14,615,417,849      r4a6                                                          (10.52%)
    21,646,646,438      r8a6                                                          (10.52%)
    14,817,706,785      r10a6                                                         (10.52%)
    12,167,203,534      r40a6                                                         (10.52%)
       833,797,257      r1a6                                                          (10.52%)
           579,083      r187                                                          (10.52%)
   195,897,547,300      rc0                                                           (11.84%)
   195,943,018,163      rc0                                                           (11.84%)
   <not supported>      r1c0:p                                                      
   <not supported>      ra8001c0:p                                                  
       263,105,892      r800d                                                         (11.84%)
       171,905,228      r10d                                                          (11.84%)
       171,827,722      r20010d                                                       (11.84%)
               904      r803                                                          (11.84%)
         7,216,632      r203                                                          (11.84%)
       401,740,681      r107                                                          (11.84%)
               203      r14c                                                          (11.84%)
                 0      r40001a8                                                      (11.84%)
                 0      r10001a8                                                      (10.52%)
                 0      r1a8                                                          (10.52%)
         3,003,001      r10401c3                                                      (10.52%)
           801,592      r4c3                                                          (10.52%)
            43,603      r3fc1                                                         (10.52%)
   110,893,951,761      r1a2                                                          (10.52%)
    13,849,194,019      r8a2                                                          (10.52%)
                 0      r20cc                                                         (10.52%)
     9,569,298,415      r15e                                                          (10.52%)
       449,991,551      r184015e                                                      (10.52%)
    23,513,828,858      r1a1                                                          (10.52%)
    29,637,571,117      r2a1                                                          (10.52%)
    40,635,437,627      r4a1                                                          (10.52%)
    35,760,442,834      r8a1                                                          (10.52%)
    37,253,372,054      r10a1                                                         (10.53%)
    35,310,315,733      r20a1                                                         (10.53%)
    38,834,362,552      r40a1                                                         (10.53%)
       999,872,253      r80a1                                                         (10.53%)
   221,755,874,655      r2b1                                                          (10.53%)
    75,148,565,663      r10002b1                                                      (10.53%)
    61,576,702,644      r20002b1                                                      (10.53%)
    46,995,020,006      r30002b1                                                      (10.53%)
    25,376,217,835      r40002b1                                                      (10.53%)
    93,733,594,537      r18002b1                                                      (10.53%)
    75,136,384,181      r10001b1                                                      (10.53%)
    61,564,051,875      r20001b1                                                      (10.53%)
    46,989,112,967      r30001b1                                                      (10.53%)

      69.943946208 seconds time elapsed

