# started on Mon Feb  5 02:30:06 2024


 Performance counter stats for 'system wide':

    28,088,938,410        branch-instructions       #   50.260 M/sec                    (18.87%)
        18,264,766        branch-misses             #    0.07% of all branches          (16.99%)
     1,866,409,022        bus-cycles                #    3.340 M/sec                    (16.99%)
     8,029,563,492        cache-misses              #   96.233 % of all cache refs      (16.99%)
     8,343,174,774        cache-references          #   14.929 M/sec                    (16.99%)
   169,215,177,803        cpu-cycles                #    0.303 GHz                      (16.99%)
   192,899,838,769        instructions              #    1.14  insn per cycle           (18.88%)
   156,893,886,331        ref-cycles                #  280.735 M/sec                    (20.76%)
                 0        alignment-faults          #    0.000 K/sec                  
                 0        bpf-output                #    0.000 K/sec                  
            20,550        context-switches          #    0.037 K/sec                  
        558,872.54 msec   cpu-clock                 #    7.999 CPUs utilized          
               254        cpu-migrations            #    0.000 K/sec                  
                 0        dummy                     #    0.000 K/sec                  
                 0        emulation-faults          #    0.000 K/sec                  
                 8        major-faults              #    0.000 K/sec                  
            18,336        minor-faults              #    0.033 K/sec                  
            18,316        page-faults               #    0.033 K/sec                  
        558,862.87 msec   task-clock                #    7.999 CPUs utilized          
     8,716,851,155        L1-dcache-load-misses     #   18.85% of all L1-dcache hits    (20.76%)
    46,232,486,274        L1-dcache-loads           #   82.725 M/sec                    (20.76%)
    29,601,200,511        L1-dcache-stores          #   52.966 M/sec                    (20.76%)
       162,622,111        L1-icache-load-misses                                         (20.76%)
       666,399,349        LLC-load-misses           #   97.20% of all LL-cache hits     (20.76%)
       685,572,272        LLC-loads                 #    1.227 M/sec                    (20.76%)
     2,419,313,260        LLC-store-misses          #    4.329 M/sec                    (3.77%)
     2,419,965,801        LLC-stores                #    4.330 M/sec                    (3.77%)
        17,916,285        branch-load-misses        #    0.032 M/sec                    (5.66%)
    28,146,289,935        branch-loads              #   50.363 M/sec                    (7.55%)
           177,752        dTLB-load-misses          #    0.00% of all dTLB cache hits   (9.43%)
    46,350,543,407        dTLB-loads                #   82.937 M/sec                    (11.32%)
           329,722        dTLB-store-misses         #    0.590 K/sec                    (13.21%)
    29,641,811,470        dTLB-stores               #   53.039 M/sec                    (15.09%)
           160,554        iTLB-load-misses          #    4.17% of all iTLB cache hits   (15.09%)
         3,846,346        iTLB-loads                #    0.007 M/sec                    (15.09%)
                 0        node-load-misses          #    0.000 K/sec                    (15.09%)
       667,833,990        node-loads                #    1.195 M/sec                    (15.09%)
                 0        node-store-misses         #    0.000 K/sec                    (3.77%)
     2,410,328,337        node-stores               #    4.313 M/sec                    (3.77%)
    28,083,793,477        branch-instructions       #   50.251 M/sec                    (5.66%)
        17,751,799        branch-misses             #    0.06% of all branches          (7.55%)
     1,863,488,496        bus-cycles                #    3.334 M/sec                    (9.43%)
     8,035,934,990        cache-misses              #   96.309 % of all cache refs      (11.32%)
     8,344,622,214        cache-references          #   14.931 M/sec                    (13.21%)
   169,290,672,720        cpu-cycles                #    0.303 GHz                      (15.09%)
                 0        cstate_core/c3-residency/ #    0.000 K/sec                  
                 0        cstate_core/c6-residency/ #    0.000 K/sec                  
                 0        cstate_core/c7-residency/ #    0.000 K/sec                  
                 0        cstate_pkg/c2-residency/  #    0.000 K/sec                  
                 0        cstate_pkg/c3-residency/  #    0.000 K/sec                  
                 0        cstate_pkg/c6-residency/  #    0.000 K/sec                  
                 0        cstate_pkg/c7-residency/  #    0.000 K/sec                  
                 0        cycles-ct                 #    0.000 K/sec                    (16.98%)
                 0        cycles-t                  #    0.000 K/sec                    (16.98%)
                 0        el-abort                  #    0.000 K/sec                    (16.98%)
                 0        el-capacity               #    0.000 K/sec                    (16.98%)
                 0        el-commit                 #    0.000 K/sec                    (16.98%)
                 0        el-conflict               #    0.000 K/sec                    (16.98%)
                 0        el-start                  #    0.000 K/sec                    (16.98%)
   193,200,809,513        instructions              #    1.14  insn per cycle           (18.87%)
     <not counted>        intel_pt//                                                    (0.00%)
                 0        mem-loads                 #    0.000 K/sec                    (18.87%)
    29,559,070,637        mem-stores                #   52.891 M/sec                    (16.98%)
   182,282,466,189        msr/aperf/                #  326.164 M/sec                  
               269 C      msr/cpu_thermal_margin/   #    0.000 K/sec                  
   186,035,711,828        msr/mperf/                #  332.880 M/sec                  
   182,277,519,616        msr/pperf/                #  326.155 M/sec                  
                 0        msr/smi/                  #    0.000 K/sec                  
 1,170,648,238,582        msr/tsc/                  # 2094.679 M/sec                  
          2,370.16 Joules power/energy-pkg/         #    0.004 K/sec                  
            590.98 Joules power/energy-ram/         #    0.001 K/sec                  
   156,697,237,503        ref-cycles                #  280.383 M/sec                    (18.87%)
    31,218,788,114        topdown-fetch-bubbles     #      4.6% frontend bound          (18.87%)
       821,948,908        topdown-recovery-bubbles  #      0.2% bad speculation         (18.87%)
   169,396,404,745        topdown-slots-issued      #     70.3% backend bound           (18.87%)
   168,740,959,451        topdown-slots-retired     #     24.9% retiring                (18.87%)
   677,499,056,532        topdown-total-slots       # 1212.271 M/sec                    (20.76%)
                 0        tx-abort                  #    0.000 K/sec                    (20.76%)
                 0        tx-capacity               #    0.000 K/sec                    (20.76%)
                 0        tx-commit                 #    0.000 K/sec                    (18.87%)

      69.868101017 seconds time elapsed

