# started on Mon Feb  5 04:23:27 2024


 Performance counter stats for 'system wide':

     9,090,043,490      r151                                                          (10.00%)
    18,612,802,814      r248                                                          (9.99%)
   329,909,602,057      r148                                                          (9.99%)
   114,916,321,246      r1000148                                                      (10.00%)
   114,867,861,773      r1200148                                                      (10.00%)
     9,034,040,113      r1ff1                                                         (10.00%)
     7,720,751,629      r2f2                                                          (10.00%)
       101,362,426      r1f2                                                          (10.00%)
         7,006,517      r4f2                                                          (10.00%)
         6,988,215      r4f2                                                          (10.00%)
       135,823,833      re424                                                         (10.00%)
     1,250,756,516      re124                                                         (10.00%)
     1,853,150,493      r2724                                                         (10.00%)
     4,916,448,433      re724                                                         (10.00%)
     9,222,670,315      rf824                                                         (10.00%)
     3,525,743,780      re224                                                         (10.00%)
       106,702,736      rc424                                                         (10.00%)
        38,705,087      r2424                                                         (10.00%)
     1,161,961,099      rc124                                                         (10.00%)
        89,974,049      r2124                                                         (10.00%)
     9,031,831,444      r3f24                                                         (10.00%)
     2,055,421,893      rd824                                                         (10.00%)
     7,181,885,465      r3824                                                         (10.00%)
    14,137,199,524      rff24                                                         (10.00%)
     1,793,503,639      rc224                                                         (10.00%)
     1,725,274,874      r2224                                                         (10.00%)
     7,725,304,113      r40f0                                                         (10.00%)
     6,839,777,448      r412e                                                         (10.00%)
     7,828,949,285      r4f2e                                                         (10.00%)
    32,180,507,569      r81d0                                                         (10.00%)
    34,853,436,969      r82d0                                                         (10.00%)
        18,664,279      r21d0                                                         (10.00%)
           272,445      r41d0                                                         (10.00%)
           829,046      r42d0                                                         (5.00%)
           546,094      r11d0                                                         (5.00%)
           159,814      r12d0                                                         (5.00%)
            62,149      r2d2                                                          (5.00%)
         1,377,417      r4d2                                                          (5.00%)
             4,879      r1d2                                                          (5.00%)
        11,832,482      r8d2                                                          (5.00%)
       437,182,413      r1d3                                                          (6.25%)
                 0      r2d3                                                          (7.50%)
                 0      r8d3                                                          (8.75%)
                 0      r4d3                                                          (10.00%)
                 0      r4d4                                                          (10.00%)
    19,579,281,363      r40d1                                                         (10.00%)
    10,711,707,079      r1d1                                                          (10.00%)
     1,901,408,444      r8d1                                                          (10.00%)
     1,340,848,546      r2d1                                                          (10.00%)
       562,262,402      r10d1                                                         (5.00%)
        12,320,157      r4d1                                                          (5.00%)
       546,922,680      r20d1                                                         (5.00%)
     3,904,545,876      r8b0                                                          (6.25%)
    18,313,710,036      r80b0                                                         (7.50%)
        36,405,859      r2b0                                                          (8.75%)
       751,090,749      r1b0                                                          (10.00%)
     3,335,162,481      r4b0                                                          (10.00%)
    67,764,860,378      r1b2                                                          (10.00%)
   986,818,206,484      r860                                                          (10.00%)
   117,310,289,758      r1000860                                                      (10.00%)
       962,289,862      r1000260                                                      (10.00%)
    59,485,118,697      r1000160                                                      (10.00%)
   126,690,142,921      r1000460                                                      (10.00%)
     3,294,788,322      r260                                                          (10.00%)
   113,057,259,811      r160                                                          (10.00%)
       335,516,150      r6000160                                                      (10.00%)
   662,824,536,063      r460                                                          (10.00%)
                 0      r1b7                                                          (10.00%)
                 0      r1b7                                                          (10.00%)
                 0      r1b7                                                          (10.00%)
                 0      r1b7                                                          (10.00%)
                 0      r1b7                                                          (10.00%)
                 0      r1b7                                                          (10.00%)
                 0      r1b7                                                          (10.00%)
                 0      r1b7                                                          (10.00%)
                 0      r1b7                                                          (10.00%)
                 0      r1b7                                                          (10.00%)
                 0      r1b7                                                          (10.00%)
                 0      r1b7                                                          (10.00%)
                 0      r1b7                                                          (10.00%)

      70.080561302 seconds time elapsed

