# started on Tue Feb  6 09:55:58 2024


 Performance counter stats for 'system wide':

             4,151      unc_h_dir_update_ha_0                                         (23.54%)
             4,023      unc_h_dir_update_ha_1                                         (23.54%)
             1,610      unc_h_dir_update_ha_2                                         (23.54%)
             4,563      unc_h_dir_update_ha_3                                         (23.54%)
             2,201      unc_h_dir_update_ha_4                                         (23.54%)
             3,326      unc_h_dir_update_ha_5                                         (23.54%)
             2,872      unc_h_dir_update_ha_6                                         (23.53%)
             2,596      unc_h_dir_update_ha_7                                         (23.53%)
                 0      unc_h_dir_update_tor_0                                        (23.53%)
                 0      unc_h_dir_update_tor_1                                        (23.53%)
             1,432      unc_h_dir_update_tor_2                                        (23.53%)
                 0      unc_h_dir_update_tor_3                                        (23.54%)
                 0      unc_h_dir_update_tor_4                                        (23.54%)
                 0      unc_h_dir_update_tor_5                                        (23.53%)
                 0      unc_h_dir_update_tor_6                                        (23.53%)
                 0      unc_h_dir_update_tor_7                                        (23.53%)
             4,573      unc_h_hitme_hit_ex_rds_0                                      (23.53%)
             3,872      unc_h_hitme_hit_ex_rds_1                                      (23.53%)
                 0      unc_h_hitme_hit_ex_rds_2                                      (23.53%)
             4,683      unc_h_hitme_hit_ex_rds_3                                      (23.53%)
             2,397      unc_h_hitme_hit_ex_rds_4                                      (23.53%)
             4,066      unc_h_hitme_hit_ex_rds_5                                      (23.54%)
             3,183      unc_h_hitme_hit_ex_rds_6                                      (23.53%)
             2,716      unc_h_hitme_hit_ex_rds_7                                      (23.53%)
               480      unc_h_misc_rfo_hit_s_0                                        (23.54%)
                13      unc_h_misc_rfo_hit_s_1                                        (23.53%)
                30      unc_h_misc_rfo_hit_s_2                                        (23.53%)
               442      unc_h_misc_rfo_hit_s_3                                        (23.53%)
                93      unc_h_misc_rfo_hit_s_4                                        (23.53%)
               331      unc_h_misc_rfo_hit_s_5                                        (23.54%)
               212      unc_h_misc_rfo_hit_s_6                                        (23.54%)
               212      unc_h_misc_rfo_hit_s_7                                        (23.59%)
        29,488,141      unc_h_requests_invitoe_local_0                                     (23.53%)
        29,445,706      unc_h_requests_invitoe_local_1                                     (23.53%)
        29,772,366      unc_h_requests_invitoe_local_2                                     (23.67%)
        29,769,914      unc_h_requests_invitoe_local_3                                     (23.78%)
        29,674,738      unc_h_requests_invitoe_local_4                                     (23.79%)
        29,860,232      unc_h_requests_invitoe_local_5                                     (23.54%)
        29,864,149      unc_h_requests_invitoe_local_6                                     (23.54%)
        29,933,105      unc_h_requests_invitoe_local_7                                     (23.54%)
             1,350      unc_h_requests_invitoe_remote_0                                     (23.71%)
             1,365      unc_h_requests_invitoe_remote_1                                     (23.74%)
                 0      unc_h_requests_invitoe_remote_2                                     (23.54%)
                 0      unc_h_requests_invitoe_remote_3                                     (23.54%)
                 0      unc_h_requests_invitoe_remote_4                                     (23.54%)
                93      unc_h_requests_invitoe_remote_5                                     (23.54%)
                59      unc_h_requests_invitoe_remote_6                                     (23.53%)
               102      unc_h_requests_invitoe_remote_7                                     (23.53%)
       955,845,261      unc_h_requests_reads_0                                        (23.54%)
       955,524,587      unc_h_requests_reads_1                                        (23.54%)
       955,976,883      unc_h_requests_reads_2                                        (23.53%)
       956,016,165      unc_h_requests_reads_3                                        (23.53%)
       955,987,350      unc_h_requests_reads_4                                        (23.53%)
       956,106,257      unc_h_requests_reads_5                                        (23.53%)
       955,498,887      unc_h_requests_reads_6                                        (23.53%)
       955,624,336      unc_h_requests_reads_7                                        (23.53%)
       956,159,309      unc_h_requests_reads_local_0                                     (23.53%)
       955,917,429      unc_h_requests_reads_local_1                                     (23.53%)
       956,181,672      unc_h_requests_reads_local_2                                     (23.53%)
       956,133,886      unc_h_requests_reads_local_3                                     (23.52%)
       956,071,571      unc_h_requests_reads_local_4                                     (23.53%)
       955,895,677      unc_h_requests_reads_local_5                                     (23.53%)
       955,469,939      unc_h_requests_reads_local_6                                     (23.53%)
       955,465,646      unc_h_requests_reads_local_7                                     (23.53%)
       412,840,825      unc_h_requests_writes_0                                       (23.53%)
       413,096,198      unc_h_requests_writes_1                                       (23.53%)
       413,079,044      unc_h_requests_writes_2                                       (23.53%)
       413,170,478      unc_h_requests_writes_3                                       (23.53%)
       413,117,854      unc_h_requests_writes_4                                       (23.53%)
       413,129,063      unc_h_requests_writes_5                                       (23.52%)
       413,530,246      unc_h_requests_writes_6                                       (23.53%)
       413,205,879      unc_h_requests_writes_7                                       (23.53%)
       413,266,952      unc_h_requests_writes_local_0                                     (23.63%)
       413,172,821      unc_h_requests_writes_local_1                                     (23.68%)
       413,345,164      unc_h_requests_writes_local_2                                     (23.58%)
       413,183,213      unc_h_requests_writes_local_3                                     (23.73%)
       411,095,933      unc_h_requests_writes_local_4                                     (23.81%)
       411,079,935      unc_h_requests_writes_local_5                                     (23.63%)
       409,878,709      unc_h_requests_writes_local_6                                     (23.53%)
       409,521,376      unc_h_requests_writes_local_7                                     (23.56%)
     2,138,536,077      unc_h_rxc_inserts_irq_0                                       (23.64%)
     2,047,212,891      unc_h_rxc_inserts_irq_1                                       (23.66%)
     2,045,578,004      unc_h_rxc_inserts_irq_2                                       (23.62%)
     2,047,639,349      unc_h_rxc_inserts_irq_3                                       (23.68%)
     2,046,919,898      unc_h_rxc_inserts_irq_4                                       (23.70%)
     2,047,068,029      unc_h_rxc_inserts_irq_5                                       (23.60%)
     2,044,006,341      unc_h_rxc_inserts_irq_6                                       (23.53%)
     2,044,073,628      unc_h_rxc_inserts_irq_7                                       (23.55%)
           371,534      unc_h_rxc_irq1_reject_pa_match_0                                     (23.58%)
           343,206      unc_h_rxc_irq1_reject_pa_match_1                                     (23.58%)
           362,450      unc_h_rxc_irq1_reject_pa_match_2                                     (23.57%)
           348,560      unc_h_rxc_irq1_reject_pa_match_3                                     (23.58%)
           368,388      unc_h_rxc_irq1_reject_pa_match_4                                     (23.58%)
           312,859      unc_h_rxc_irq1_reject_pa_match_5                                     (23.57%)
           255,668      unc_h_rxc_irq1_reject_pa_match_6                                     (23.53%)
           269,970      unc_h_rxc_irq1_reject_pa_match_7                                     (23.53%)
    16,458,332,137      unc_h_rxc_occupancy_irq_0                                     (23.43%)
    15,791,067,099      unc_h_rxc_occupancy_irq_1                                     (23.38%)
    15,685,339,259      unc_h_rxc_occupancy_irq_2                                     (23.48%)
    15,913,816,463      unc_h_rxc_occupancy_irq_3                                     (23.33%)
    16,309,190,465      unc_h_rxc_occupancy_irq_4                                     (23.28%)
    16,040,000,603      unc_h_rxc_occupancy_irq_5                                     (23.53%)
    20,615,337,061      unc_h_rxc_occupancy_irq_6                                     (23.54%)
    20,691,036,072      unc_h_rxc_occupancy_irq_7                                     (23.48%)
             8,468      unc_h_snoop_resp_rsp_fwd_wb_0                                     (23.36%)
             8,969      unc_h_snoop_resp_rsp_fwd_wb_1                                     (23.32%)
             9,998      unc_h_snoop_resp_rsp_fwd_wb_2                                     (23.39%)
             9,201      unc_h_snoop_resp_rsp_fwd_wb_3                                     (23.29%)
            10,802      unc_h_snoop_resp_rsp_fwd_wb_4                                     (23.25%)
             9,351      unc_h_snoop_resp_rsp_fwd_wb_5                                     (23.43%)
            13,050      unc_h_snoop_resp_rsp_fwd_wb_6                                     (23.53%)
            12,022      unc_h_snoop_resp_rsp_fwd_wb_7                                     (23.50%)
                 0      unc_h_snoop_resp_rspcnflct_0                                     (23.42%)
                 0      unc_h_snoop_resp_rspcnflct_1                                     (23.40%)
                 0      unc_h_snoop_resp_rspcnflct_2                                     (23.44%)
                 0      unc_h_snoop_resp_rspcnflct_3                                     (23.38%)
                 0      unc_h_snoop_resp_rspcnflct_4                                     (23.37%)
                 0      unc_h_snoop_resp_rspcnflct_5                                     (23.46%)
                 0      unc_h_snoop_resp_rspcnflct_6                                     (23.53%)
                 0      unc_h_snoop_resp_rspcnflct_7                                     (23.51%)
                 0      unc_h_snoop_resp_rspifwd_0                                     (23.49%)
                 0      unc_h_snoop_resp_rspifwd_1                                     (23.49%)
                 0      unc_h_snoop_resp_rspifwd_2                                     (23.49%)
                 0      unc_h_snoop_resp_rspifwd_3                                     (23.49%)
                 0      unc_h_snoop_resp_rspifwd_4                                     (23.49%)
                 0      unc_h_snoop_resp_rspifwd_5                                     (23.49%)
                 0      unc_h_snoop_resp_rspifwd_6                                     (23.53%)
                 0      unc_h_snoop_resp_rspifwd_7                                     (23.53%)
                 0      unc_h_snoop_resp_rspsfwd_0                                     (23.53%)
                 0      unc_h_snoop_resp_rspsfwd_1                                     (23.52%)
                 0      unc_h_snoop_resp_rspsfwd_2                                     (23.53%)
                 0      unc_h_snoop_resp_rspsfwd_3                                     (23.52%)
                 0      unc_h_snoop_resp_rspsfwd_4                                     (23.52%)
                 0      unc_h_snoop_resp_rspsfwd_5                                     (23.53%)
                 0      unc_h_snoop_resp_rspsfwd_6                                     (23.53%)
                 0      unc_h_snoop_resp_rspsfwd_7                                     (23.53%)
           135,361      unc_i_cache_total_occupancy_mem_0                                     (33.33%)
           114,516      unc_i_cache_total_occupancy_mem_1                                     (33.33%)
                 0      unc_i_cache_total_occupancy_mem_2                                     (33.33%)
                 0      unc_i_cache_total_occupancy_mem_3                                     (33.33%)
                 0      unc_i_cache_total_occupancy_mem_4                                     (33.34%)
                 0      unc_i_cache_total_occupancy_mem_5                                     (33.34%)
                 0      unc_i_coherent_ops_pcitom_0                                     (33.34%)
                 0      unc_i_coherent_ops_pcitom_1                                     (33.34%)
                 0      unc_i_coherent_ops_pcitom_2                                     (33.34%)
                 0      unc_i_coherent_ops_pcitom_3                                     (33.34%)
                 0      unc_i_coherent_ops_pcitom_4                                     (33.34%)
                 0      unc_i_coherent_ops_pcitom_5                                     (33.34%)
               510      unc_i_coherent_ops_rfo_0                                      (33.33%)
                27      unc_i_coherent_ops_rfo_1                                      (33.34%)
                 0      unc_i_coherent_ops_rfo_2                                      (33.34%)
                 0      unc_i_coherent_ops_rfo_3                                      (33.33%)
                 0      unc_i_coherent_ops_rfo_4                                      (33.33%)
                 0      unc_i_coherent_ops_rfo_5                                      (33.33%)
               684      unc_i_faf_inserts_0                                           (33.33%)
            20,228      unc_i_faf_inserts_1                                           (33.33%)
                 0      unc_i_faf_inserts_2                                           (33.33%)
                 0      unc_i_faf_inserts_3                                           (33.33%)
                 0      unc_i_faf_inserts_4                                           (33.34%)
                 0      unc_i_faf_inserts_5                                           (33.34%)
               720      unc_i_faf_occupancy_0                                         (33.34%)
            32,179      unc_i_faf_occupancy_1                                         (33.34%)
                 0      unc_i_faf_occupancy_2                                         (33.34%)
                 0      unc_i_faf_occupancy_3                                         (33.34%)
                 0      unc_i_faf_occupancy_4                                         (33.34%)
                 0      unc_i_faf_occupancy_5                                         (33.34%)
               558      unc_i_transactions_wr_pref_0                                     (33.33%)
               171      unc_i_transactions_wr_pref_1                                     (33.33%)
                 0      unc_i_transactions_wr_pref_2                                     (33.33%)
                 0      unc_i_transactions_wr_pref_3                                     (33.34%)
                 0      unc_i_transactions_wr_pref_4                                     (33.33%)
                 0      unc_i_transactions_wr_pref_5                                     (33.33%)
    67,567,287,634      unc_iio_clockticks_0                                          (7.04%)
    67,631,618,430      unc_iio_clockticks_1                                          (7.04%)
    67,545,403,554      unc_iio_clockticks_2                                          (7.03%)
    67,621,145,346      unc_iio_clockticks_3                                          (7.04%)
                 0      unc_iio_clockticks_4                                          (7.02%)
                 0      unc_iio_clockticks_5                                          (7.03%)
                 0      unc_iio_comp_buf_inserts_cmpd_all_parts_0                                     (7.06%)
                 0      unc_iio_comp_buf_inserts_cmpd_all_parts_1                                     (7.02%)
                 0      unc_iio_comp_buf_inserts_cmpd_all_parts_2                                     (7.03%)
                 0      unc_iio_comp_buf_inserts_cmpd_all_parts_3                                     (7.03%)
                 0      unc_iio_comp_buf_inserts_cmpd_all_parts_4                                     (7.04%)
                 0      unc_iio_comp_buf_inserts_cmpd_all_parts_5                                     (7.04%)
                 0      unc_iio_comp_buf_inserts_cmpd_part0_0                                     (7.03%)
                 0      unc_iio_comp_buf_inserts_cmpd_part0_1                                     (7.05%)
                 0      unc_iio_comp_buf_inserts_cmpd_part0_2                                     (7.04%)
                 0      unc_iio_comp_buf_inserts_cmpd_part0_3                                     (7.04%)
                 0      unc_iio_comp_buf_inserts_cmpd_part0_4                                     (7.04%)
                 0      unc_iio_comp_buf_inserts_cmpd_part0_5                                     (7.03%)
                 0      unc_iio_comp_buf_inserts_cmpd_part1_0                                     (7.08%)
                 0      unc_iio_comp_buf_inserts_cmpd_part1_1                                     (7.03%)
                 0      unc_iio_comp_buf_inserts_cmpd_part1_2                                     (7.03%)
                 0      unc_iio_comp_buf_inserts_cmpd_part1_3                                     (7.04%)
                 0      unc_iio_comp_buf_inserts_cmpd_part1_4                                     (7.03%)
                 0      unc_iio_comp_buf_inserts_cmpd_part1_5                                     (7.03%)
                 0      unc_iio_comp_buf_inserts_cmpd_part2_0                                     (7.01%)
                 0      unc_iio_comp_buf_inserts_cmpd_part2_1                                     (7.06%)
                 0      unc_iio_comp_buf_inserts_cmpd_part2_2                                     (7.03%)
                 0      unc_iio_comp_buf_inserts_cmpd_part2_3                                     (7.03%)
                 0      unc_iio_comp_buf_inserts_cmpd_part2_4                                     (7.03%)
                 0      unc_iio_comp_buf_inserts_cmpd_part2_5                                     (7.04%)
                 0      unc_iio_comp_buf_inserts_cmpd_part3_0                                     (7.04%)
                 0      unc_iio_comp_buf_inserts_cmpd_part3_1                                     (7.04%)
                 0      unc_iio_comp_buf_inserts_cmpd_part3_2                                     (7.03%)
                 0      unc_iio_comp_buf_inserts_cmpd_part3_3                                     (7.03%)
                 0      unc_iio_comp_buf_inserts_cmpd_part3_4                                     (7.02%)
                 0      unc_iio_comp_buf_inserts_cmpd_part3_5                                     (7.02%)
            48,010      unc_iio_comp_buf_occupancy_cmpd_all_parts_0                                     (7.02%)
        20,865,326      unc_iio_comp_buf_occupancy_cmpd_all_parts_1                                     (7.01%)
                 0      unc_iio_comp_buf_occupancy_cmpd_all_parts_2                                     (7.03%)
                 0      unc_iio_comp_buf_occupancy_cmpd_all_parts_3                                     (7.02%)
                 0      unc_iio_comp_buf_occupancy_cmpd_all_parts_4                                     (7.02%)
                 0      unc_iio_comp_buf_occupancy_cmpd_all_parts_5                                     (7.02%)
                 0      unc_iio_comp_buf_occupancy_cmpd_part0_0                                     (7.02%)
         3,926,599      unc_iio_comp_buf_occupancy_cmpd_part0_1                                     (7.00%)
                 0      unc_iio_comp_buf_occupancy_cmpd_part0_2                                     (7.02%)
                 0      unc_iio_comp_buf_occupancy_cmpd_part0_3                                     (7.03%)
                 0      unc_iio_comp_buf_occupancy_cmpd_part0_4                                     (7.03%)
                 0      unc_iio_comp_buf_occupancy_cmpd_part0_5                                     (7.03%)
            34,449      unc_iio_comp_buf_occupancy_cmpd_part1_0                                     (7.02%)
                 0      unc_iio_comp_buf_occupancy_cmpd_part1_1                                     (7.02%)
                 0      unc_iio_comp_buf_occupancy_cmpd_part1_2                                     (7.02%)
                 0      unc_iio_comp_buf_occupancy_cmpd_part1_3                                     (7.03%)
                 0      unc_iio_comp_buf_occupancy_cmpd_part1_4                                     (7.03%)
                 0      unc_iio_comp_buf_occupancy_cmpd_part1_5                                     (7.03%)
                 0      unc_iio_comp_buf_occupancy_cmpd_part2_0                                     (7.02%)
                 0      unc_iio_comp_buf_occupancy_cmpd_part2_1                                     (7.03%)
                 0      unc_iio_comp_buf_occupancy_cmpd_part2_2                                     (7.02%)
                 0      unc_iio_comp_buf_occupancy_cmpd_part2_3                                     (7.02%)
                 0      unc_iio_comp_buf_occupancy_cmpd_part2_4                                     (7.03%)
                 0      unc_iio_comp_buf_occupancy_cmpd_part2_5                                     (7.03%)
                 0      unc_iio_comp_buf_occupancy_cmpd_part3_0                                     (7.01%)
                 0      unc_iio_comp_buf_occupancy_cmpd_part3_1                                     (7.03%)
                 0      unc_iio_comp_buf_occupancy_cmpd_part3_2                                     (7.02%)
                 0      unc_iio_comp_buf_occupancy_cmpd_part3_3                                     (7.02%)
                 0      unc_iio_comp_buf_occupancy_cmpd_part3_4                                     (7.01%)
                 0      unc_iio_comp_buf_occupancy_cmpd_part3_5                                     (7.02%)
                 0      unc_iio_data_req_by_cpu_mem_read_part0_0                                     (7.03%)
                 0      unc_iio_data_req_by_cpu_mem_read_part0_1                                     (7.02%)
                 0      unc_iio_data_req_by_cpu_mem_read_part0_2                                     (5.27%)
                 0      unc_iio_data_req_by_cpu_mem_read_part0_3                                     (7.02%)
                 0      unc_iio_data_req_by_cpu_mem_read_part0_4                                     (7.02%)
                 0      unc_iio_data_req_by_cpu_mem_read_part0_5                                     (7.03%)
                 0      unc_iio_data_req_by_cpu_mem_read_part1_0                                     (7.01%)
                 0      unc_iio_data_req_by_cpu_mem_read_part1_1                                     (7.05%)
                 0      unc_iio_data_req_by_cpu_mem_read_part1_2                                     (7.02%)
                 0      unc_iio_data_req_by_cpu_mem_read_part1_3                                     (7.03%)
                 0      unc_iio_data_req_by_cpu_mem_read_part1_4                                     (7.04%)
                 0      unc_iio_data_req_by_cpu_mem_read_part1_5                                     (7.04%)
                 0      unc_iio_data_req_by_cpu_mem_read_part2_0                                     (7.02%)
                 0      unc_iio_data_req_by_cpu_mem_read_part2_1                                     (7.02%)
                 0      unc_iio_data_req_by_cpu_mem_read_part2_2                                     (7.02%)
                 0      unc_iio_data_req_by_cpu_mem_read_part2_3                                     (7.02%)
                 0      unc_iio_data_req_by_cpu_mem_read_part2_4                                     (7.02%)
                 0      unc_iio_data_req_by_cpu_mem_read_part2_5                                     (7.01%)
                 0      unc_iio_data_req_by_cpu_mem_read_part3_0                                     (7.03%)
                 0      unc_iio_data_req_by_cpu_mem_read_part3_1                                     (7.01%)
                 0      unc_iio_data_req_by_cpu_mem_read_part3_2                                     (7.02%)
                 0      unc_iio_data_req_by_cpu_mem_read_part3_3                                     (7.02%)
                 0      unc_iio_data_req_by_cpu_mem_read_part3_4                                     (7.01%)
                 0      unc_iio_data_req_by_cpu_mem_read_part3_5                                     (7.01%)
                 0      unc_iio_data_req_by_cpu_mem_write_part0_0                                     (7.01%)
                 0      unc_iio_data_req_by_cpu_mem_write_part0_1                                     (7.00%)
                 0      unc_iio_data_req_by_cpu_mem_write_part0_2                                     (7.02%)
                 0      unc_iio_data_req_by_cpu_mem_write_part0_3                                     (7.01%)
                 0      unc_iio_data_req_by_cpu_mem_write_part0_4                                     (7.02%)
                 0      unc_iio_data_req_by_cpu_mem_write_part0_5                                     (7.01%)
                 0      unc_iio_data_req_by_cpu_mem_write_part1_0                                     (7.00%)
                 0      unc_iio_data_req_by_cpu_mem_write_part1_1                                     (7.00%)
                 0      unc_iio_data_req_by_cpu_mem_write_part1_2                                     (7.02%)
                 0      unc_iio_data_req_by_cpu_mem_write_part1_3                                     (7.02%)
                 0      unc_iio_data_req_by_cpu_mem_write_part1_4                                     (7.02%)
                 0      unc_iio_data_req_by_cpu_mem_write_part1_5                                     (7.02%)
                 0      unc_iio_data_req_by_cpu_mem_write_part2_0                                     (7.02%)
                 0      unc_iio_data_req_by_cpu_mem_write_part2_1                                     (7.02%)
                 0      unc_iio_data_req_by_cpu_mem_write_part2_2                                     (7.02%)
                 0      unc_iio_data_req_by_cpu_mem_write_part2_3                                     (7.02%)
                 0      unc_iio_data_req_by_cpu_mem_write_part2_4                                     (7.02%)
                 0      unc_iio_data_req_by_cpu_mem_write_part2_5                                     (7.02%)
                 0      unc_iio_data_req_by_cpu_mem_write_part3_0                                     (7.02%)
                 0      unc_iio_data_req_by_cpu_mem_write_part3_1                                     (7.02%)
                 0      unc_iio_data_req_by_cpu_mem_write_part3_2                                     (7.02%)
                 0      unc_iio_data_req_by_cpu_mem_write_part3_3                                     (7.02%)
                 0      unc_iio_data_req_by_cpu_mem_write_part3_4                                     (7.02%)
                 0      unc_iio_data_req_by_cpu_mem_write_part3_5                                     (7.02%)
                 0      unc_iio_data_req_by_cpu_peer_read_part0_0                                     (7.03%)
                 0      unc_iio_data_req_by_cpu_peer_read_part0_1                                     (7.04%)
                 0      unc_iio_data_req_by_cpu_peer_read_part0_2                                     (7.02%)
                 0      unc_iio_data_req_by_cpu_peer_read_part0_3                                     (7.01%)
                 0      unc_iio_data_req_by_cpu_peer_read_part0_4                                     (7.01%)
                 0      unc_iio_data_req_by_cpu_peer_read_part0_5                                     (7.03%)
                 0      unc_iio_data_req_by_cpu_peer_read_part1_0                                     (7.02%)
                 0      unc_iio_data_req_by_cpu_peer_read_part1_1                                     (7.00%)
                 0      unc_iio_data_req_by_cpu_peer_read_part1_2                                     (7.02%)
                 0      unc_iio_data_req_by_cpu_peer_read_part1_3                                     (7.00%)
                 0      unc_iio_data_req_by_cpu_peer_read_part1_4                                     (7.02%)
                 0      unc_iio_data_req_by_cpu_peer_read_part1_5                                     (7.01%)
                 0      unc_iio_data_req_by_cpu_peer_read_part2_0                                     (7.01%)
                 0      unc_iio_data_req_by_cpu_peer_read_part2_1                                     (7.03%)
                 0      unc_iio_data_req_by_cpu_peer_read_part2_2                                     (7.02%)
                 0      unc_iio_data_req_by_cpu_peer_read_part2_3                                     (7.03%)
                 0      unc_iio_data_req_by_cpu_peer_read_part2_4                                     (7.03%)
                 0      unc_iio_data_req_by_cpu_peer_read_part2_5                                     (7.03%)
                 0      unc_iio_data_req_by_cpu_peer_read_part3_0                                     (7.01%)
                 0      unc_iio_data_req_by_cpu_peer_read_part3_1                                     (7.00%)
                 0      unc_iio_data_req_by_cpu_peer_read_part3_2                                     (7.02%)
                 0      unc_iio_data_req_by_cpu_peer_read_part3_3                                     (7.01%)
                 0      unc_iio_data_req_by_cpu_peer_read_part3_4                                     (7.02%)
                 0      unc_iio_data_req_by_cpu_peer_read_part3_5                                     (7.01%)
                 0      unc_iio_data_req_by_cpu_peer_write_part0_0                                     (7.03%)
                 0      unc_iio_data_req_by_cpu_peer_write_part0_1                                     (7.02%)
                 0      unc_iio_data_req_by_cpu_peer_write_part0_2                                     (7.02%)
                 0      unc_iio_data_req_by_cpu_peer_write_part0_3                                     (7.02%)
                 0      unc_iio_data_req_by_cpu_peer_write_part0_4                                     (7.02%)
                 0      unc_iio_data_req_by_cpu_peer_write_part0_5                                     (7.02%)
                 0      unc_iio_data_req_by_cpu_peer_write_part1_0                                     (7.02%)
                 0      unc_iio_data_req_by_cpu_peer_write_part1_1                                     (7.03%)
                 0      unc_iio_data_req_by_cpu_peer_write_part1_2                                     (7.02%)
                 0      unc_iio_data_req_by_cpu_peer_write_part1_3                                     (7.02%)
                 0      unc_iio_data_req_by_cpu_peer_write_part1_4                                     (7.02%)
                 0      unc_iio_data_req_by_cpu_peer_write_part1_5                                     (7.02%)
                 0      unc_iio_data_req_by_cpu_peer_write_part2_0                                     (7.02%)
                 0      unc_iio_data_req_by_cpu_peer_write_part2_1                                     (7.01%)
                 0      unc_iio_data_req_by_cpu_peer_write_part2_2                                     (7.02%)
                 0      unc_iio_data_req_by_cpu_peer_write_part2_3                                     (7.01%)
                 0      unc_iio_data_req_by_cpu_peer_write_part2_4                                     (7.02%)
                 0      unc_iio_data_req_by_cpu_peer_write_part2_5                                     (7.01%)
                 0      unc_iio_data_req_by_cpu_peer_write_part3_0                                     (7.05%)
                 0      unc_iio_data_req_by_cpu_peer_write_part3_1                                     (7.06%)
                 0      unc_iio_data_req_by_cpu_peer_write_part3_2                                     (7.02%)
                 0      unc_iio_data_req_by_cpu_peer_write_part3_3                                     (7.03%)
                 0      unc_iio_data_req_by_cpu_peer_write_part3_4                                     (7.03%)
                 0      unc_iio_data_req_by_cpu_peer_write_part3_5                                     (7.04%)
                 0      unc_iio_data_req_of_cpu_mem_read_part0_0                                     (7.06%)
                 0      unc_iio_data_req_of_cpu_mem_read_part0_1                                     (7.01%)
                 0      unc_iio_data_req_of_cpu_mem_read_part0_2                                     (7.02%)
                 0      unc_iio_data_req_of_cpu_mem_read_part0_3                                     (7.01%)
                 0      unc_iio_data_req_of_cpu_mem_read_part0_4                                     (7.02%)
                 0      unc_iio_data_req_of_cpu_mem_read_part0_5                                     (7.01%)
                 0      unc_iio_data_req_of_cpu_mem_read_part1_0                                     (7.00%)
                 0      unc_iio_data_req_of_cpu_mem_read_part1_1                                     (7.01%)
                 0      unc_iio_data_req_of_cpu_mem_read_part1_2                                     (7.02%)
                 0      unc_iio_data_req_of_cpu_mem_read_part1_3                                     (7.02%)
                 0      unc_iio_data_req_of_cpu_mem_read_part1_4                                     (7.01%)
                 0      unc_iio_data_req_of_cpu_mem_read_part1_5                                     (7.01%)
                 0      unc_iio_data_req_of_cpu_mem_read_part2_0                                     (7.02%)
                 0      unc_iio_data_req_of_cpu_mem_read_part2_1                                     (5.29%)
                 0      unc_iio_data_req_of_cpu_mem_read_part2_2                                     (7.02%)
                 0      unc_iio_data_req_of_cpu_mem_read_part2_3                                     (7.02%)
                 0      unc_iio_data_req_of_cpu_mem_read_part2_4                                     (5.27%)
                 0      unc_iio_data_req_of_cpu_mem_read_part2_5                                     (7.02%)
                 0      unc_iio_data_req_of_cpu_mem_read_part3_0                                     (7.02%)
                 0      unc_iio_data_req_of_cpu_mem_read_part3_1                                     (7.00%)
                 0      unc_iio_data_req_of_cpu_mem_read_part3_2                                     (7.02%)
                 0      unc_iio_data_req_of_cpu_mem_read_part3_3                                     (7.02%)
                 0      unc_iio_data_req_of_cpu_mem_read_part3_4                                     (7.01%)
                 0      unc_iio_data_req_of_cpu_mem_read_part3_5                                     (5.26%)
                 0      unc_iio_data_req_of_cpu_mem_write_part0_0                                     (7.01%)
                 0      unc_iio_data_req_of_cpu_mem_write_part0_1                                     (7.00%)
                 0      unc_iio_data_req_of_cpu_mem_write_part0_2                                     (7.02%)
                 0      unc_iio_data_req_of_cpu_mem_write_part0_3                                     (7.01%)
                 0      unc_iio_data_req_of_cpu_mem_write_part0_4                                     (7.01%)
                 0      unc_iio_data_req_of_cpu_mem_write_part0_5                                     (7.01%)
                 0      unc_iio_data_req_of_cpu_mem_write_part1_0                                     (7.00%)
                 0      unc_iio_data_req_of_cpu_mem_write_part1_1                                     (7.00%)
                 0      unc_iio_data_req_of_cpu_mem_write_part1_2                                     (7.02%)
                 0      unc_iio_data_req_of_cpu_mem_write_part1_3                                     (7.00%)
                 0      unc_iio_data_req_of_cpu_mem_write_part1_4                                     (7.02%)
                 0      unc_iio_data_req_of_cpu_mem_write_part1_5                                     (7.02%)
                 0      unc_iio_data_req_of_cpu_mem_write_part2_0                                     (6.99%)
                 0      unc_iio_data_req_of_cpu_mem_write_part2_1                                     (6.99%)
                 0      unc_iio_data_req_of_cpu_mem_write_part2_2                                     (5.26%)
                 0      unc_iio_data_req_of_cpu_mem_write_part2_3                                     (7.02%)
                 0      unc_iio_data_req_of_cpu_mem_write_part2_4                                     (7.01%)
                 0      unc_iio_data_req_of_cpu_mem_write_part2_5                                     (5.26%)
                 0      unc_iio_data_req_of_cpu_mem_write_part3_0                                     (7.01%)
                 0      unc_iio_data_req_of_cpu_mem_write_part3_1                                     (7.01%)
                 0      unc_iio_data_req_of_cpu_mem_write_part3_2                                     (5.26%)
                 0      unc_iio_data_req_of_cpu_mem_write_part3_3                                     (5.26%)
                 0      unc_iio_data_req_of_cpu_mem_write_part3_4                                     (7.00%)
                 0      unc_iio_data_req_of_cpu_mem_write_part3_5                                     (7.00%)
                 0      unc_iio_data_req_of_cpu_peer_read_part0_0                                     (5.26%)
                 0      unc_iio_data_req_of_cpu_peer_read_part0_1                                     (7.02%)
                 0      unc_iio_data_req_of_cpu_peer_read_part0_2                                     (7.01%)
                 0      unc_iio_data_req_of_cpu_peer_read_part0_3                                     (5.26%)
                 0      unc_iio_data_req_of_cpu_peer_read_part0_4                                     (5.26%)
                 0      unc_iio_data_req_of_cpu_peer_read_part0_5                                     (7.01%)
                 0      unc_iio_data_req_of_cpu_peer_read_part1_0                                     (5.26%)
                 0      unc_iio_data_req_of_cpu_peer_read_part1_1                                     (5.26%)
                 0      unc_iio_data_req_of_cpu_peer_read_part1_2                                     (7.01%)
                 0      unc_iio_data_req_of_cpu_peer_read_part1_3                                     (7.01%)
                 0      unc_iio_data_req_of_cpu_peer_read_part1_4                                     (5.26%)
                 0      unc_iio_data_req_of_cpu_peer_read_part1_5                                     (5.26%)
                 0      unc_iio_data_req_of_cpu_peer_read_part2_0                                     (7.02%)
                 0      unc_iio_data_req_of_cpu_peer_read_part2_1                                     (5.26%)
                 0      unc_iio_data_req_of_cpu_peer_read_part2_2                                     (5.26%)
                 0      unc_iio_data_req_of_cpu_peer_read_part2_3                                     (7.02%)
                 0      unc_iio_data_req_of_cpu_peer_read_part2_4                                     (7.01%)
                 0      unc_iio_data_req_of_cpu_peer_read_part2_5                                     (5.26%)
                 0      unc_iio_data_req_of_cpu_peer_read_part3_0                                     (5.26%)
                 0      unc_iio_data_req_of_cpu_peer_read_part3_1                                     (7.02%)
                 0      unc_iio_data_req_of_cpu_peer_read_part3_2                                     (5.26%)
                 0      unc_iio_data_req_of_cpu_peer_read_part3_3                                     (5.26%)
                 0      unc_iio_data_req_of_cpu_peer_read_part3_4                                     (7.02%)
                 0      unc_iio_data_req_of_cpu_peer_read_part3_5                                     (7.02%)
                 0      unc_iio_data_req_of_cpu_peer_write_part0_0                                     (5.26%)
                 0      unc_iio_data_req_of_cpu_peer_write_part0_1                                     (5.27%)
                 0      unc_iio_data_req_of_cpu_peer_write_part0_2                                     (7.01%)
                 0      unc_iio_data_req_of_cpu_peer_write_part0_3                                     (5.26%)
                 0      unc_iio_data_req_of_cpu_peer_write_part0_4                                     (5.26%)
                 0      unc_iio_data_req_of_cpu_peer_write_part0_5                                     (7.02%)
                 0      unc_iio_data_req_of_cpu_peer_write_part1_0                                     (7.02%)
                 0      unc_iio_data_req_of_cpu_peer_write_part1_1                                     (5.26%)
                 0      unc_iio_data_req_of_cpu_peer_write_part1_2                                     (7.02%)
                 0      unc_iio_data_req_of_cpu_peer_write_part1_3                                     (7.02%)
                 0      unc_iio_data_req_of_cpu_peer_write_part1_4                                     (5.27%)
                 0      unc_iio_data_req_of_cpu_peer_write_part1_5                                     (7.03%)
                 0      unc_iio_data_req_of_cpu_peer_write_part2_0                                     (7.03%)
                 0      unc_iio_data_req_of_cpu_peer_write_part2_1                                     (7.03%)
                 0      unc_iio_data_req_of_cpu_peer_write_part2_2                                     (7.02%)
                 0      unc_iio_data_req_of_cpu_peer_write_part2_3                                     (7.03%)
                 0      unc_iio_data_req_of_cpu_peer_write_part2_4                                     (7.03%)
                 0      unc_iio_data_req_of_cpu_peer_write_part2_5                                     (7.02%)
                 0      unc_iio_data_req_of_cpu_peer_write_part3_0                                     (7.02%)
                 0      unc_iio_data_req_of_cpu_peer_write_part3_1                                     (7.03%)
                 0      unc_iio_data_req_of_cpu_peer_write_part3_2                                     (7.02%)
                 0      unc_iio_data_req_of_cpu_peer_write_part3_3                                     (7.01%)
                 0      unc_iio_data_req_of_cpu_peer_write_part3_4                                     (7.01%)
                 0      unc_iio_data_req_of_cpu_peer_write_part3_5                                     (7.00%)
                 0      unc_iio_payload_bytes_in_mem_read_part0_0                                     (7.00%)
                 0      unc_iio_payload_bytes_in_mem_read_part0_1                                     (7.00%)
                 0      unc_iio_payload_bytes_in_mem_read_part0_2                                     (7.02%)
                 0      unc_iio_payload_bytes_in_mem_read_part0_3                                     (7.00%)
                 0      unc_iio_payload_bytes_in_mem_read_part0_4                                     (7.02%)
                 0      unc_iio_payload_bytes_in_mem_read_part0_5                                     (5.27%)
                 0      unc_iio_payload_bytes_in_mem_read_part1_0                                     (7.01%)
                 0      unc_iio_payload_bytes_in_mem_read_part1_1                                     (6.99%)
                 0      unc_iio_payload_bytes_in_mem_read_part1_2                                     (5.26%)
                 0      unc_iio_payload_bytes_in_mem_read_part1_3                                     (7.02%)
                 0      unc_iio_payload_bytes_in_mem_read_part1_4                                     (7.01%)
                 0      unc_iio_payload_bytes_in_mem_read_part1_5                                     (5.26%)
                 0      unc_iio_payload_bytes_in_mem_read_part2_0                                     (7.02%)
                 0      unc_iio_payload_bytes_in_mem_read_part2_1                                     (7.03%)
                 0      unc_iio_payload_bytes_in_mem_read_part2_2                                     (5.26%)
                 0      unc_iio_payload_bytes_in_mem_read_part2_3                                     (5.27%)
                 0      unc_iio_payload_bytes_in_mem_read_part2_4                                     (7.01%)
                 0      unc_iio_payload_bytes_in_mem_read_part2_5                                     (7.01%)
                 0      unc_iio_payload_bytes_in_mem_read_part3_0                                     (5.28%)
                 0      unc_iio_payload_bytes_in_mem_read_part3_1                                     (7.04%)
                 0      unc_iio_payload_bytes_in_mem_read_part3_2                                     (7.02%)
                 0      unc_iio_payload_bytes_in_mem_read_part3_3                                     (5.27%)
                 0      unc_iio_payload_bytes_in_mem_read_part3_4                                     (7.02%)
                 0      unc_iio_payload_bytes_in_mem_read_part3_5                                     (7.01%)
                 0      unc_iio_payload_bytes_in_mem_write_part0_0                                     (5.26%)
                 0      unc_iio_payload_bytes_in_mem_write_part0_1                                     (7.00%)
                 0      unc_iio_payload_bytes_in_mem_write_part0_2                                     (7.02%)
                 0      unc_iio_payload_bytes_in_mem_write_part0_3                                     (7.01%)
                 0      unc_iio_payload_bytes_in_mem_write_part0_4                                     (5.25%)
                 0      unc_iio_payload_bytes_in_mem_write_part0_5                                     (7.01%)
                 0      unc_iio_payload_bytes_in_mem_write_part1_0                                     (7.00%)
                 0      unc_iio_payload_bytes_in_mem_write_part1_1                                     (5.24%)
                 0      unc_iio_payload_bytes_in_mem_write_part1_2                                     (7.02%)
                 0      unc_iio_payload_bytes_in_mem_write_part1_3                                     (7.00%)
                 0      unc_iio_payload_bytes_in_mem_write_part1_4                                     (5.27%)
                 0      unc_iio_payload_bytes_in_mem_write_part1_5                                     (7.02%)
                 0      unc_iio_payload_bytes_in_mem_write_part2_0                                     (7.02%)
                 0      unc_iio_payload_bytes_in_mem_write_part2_1                                     (5.27%)
                 0      unc_iio_payload_bytes_in_mem_write_part2_2                                     (5.26%)
                 0      unc_iio_payload_bytes_in_mem_write_part2_3                                     (7.02%)
                 0      unc_iio_payload_bytes_in_mem_write_part2_4                                     (7.02%)
                 0      unc_iio_payload_bytes_in_mem_write_part2_5                                     (5.26%)
                 0      unc_iio_payload_bytes_in_mem_write_part3_0                                     (7.02%)
                 0      unc_iio_payload_bytes_in_mem_write_part3_1                                     (7.02%)
                 0      unc_iio_payload_bytes_in_mem_write_part3_2                                     (7.02%)
                 0      unc_iio_payload_bytes_in_mem_write_part3_3                                     (7.02%)
                 0      unc_iio_payload_bytes_in_mem_write_part3_4                                     (7.02%)
                 0      unc_iio_payload_bytes_in_mem_write_part3_5                                     (7.03%)
                 0      unc_iio_txn_req_by_cpu_mem_read_part0_0                                     (7.02%)
                 0      unc_iio_txn_req_by_cpu_mem_read_part0_1                                     (7.02%)
                 0      unc_iio_txn_req_by_cpu_mem_read_part0_2                                     (7.02%)
                 0      unc_iio_txn_req_by_cpu_mem_read_part0_3                                     (7.02%)
                 0      unc_iio_txn_req_by_cpu_mem_read_part0_4                                     (7.02%)
                 0      unc_iio_txn_req_by_cpu_mem_read_part0_5                                     (7.02%)
                 0      unc_iio_txn_req_by_cpu_mem_read_part1_0                                     (7.02%)
                 0      unc_iio_txn_req_by_cpu_mem_read_part1_1                                     (7.02%)
                 0      unc_iio_txn_req_by_cpu_mem_read_part1_2                                     (7.02%)
                 0      unc_iio_txn_req_by_cpu_mem_read_part1_3                                     (7.02%)
                 0      unc_iio_txn_req_by_cpu_mem_read_part1_4                                     (7.03%)
                 0      unc_iio_txn_req_by_cpu_mem_read_part1_5                                     (7.03%)
                 0      unc_iio_txn_req_by_cpu_mem_read_part2_0                                     (7.02%)
                 0      unc_iio_txn_req_by_cpu_mem_read_part2_1                                     (7.02%)
                 0      unc_iio_txn_req_by_cpu_mem_read_part2_2                                     (7.02%)
                 0      unc_iio_txn_req_by_cpu_mem_read_part2_3                                     (7.02%)
                 0      unc_iio_txn_req_by_cpu_mem_read_part2_4                                     (7.02%)
                 0      unc_iio_txn_req_by_cpu_mem_read_part2_5                                     (7.01%)
                 0      unc_iio_txn_req_by_cpu_mem_read_part3_0                                     (7.01%)
                 0      unc_iio_txn_req_by_cpu_mem_read_part3_1                                     (7.02%)
                 0      unc_iio_txn_req_by_cpu_mem_read_part3_2                                     (7.02%)
                 0      unc_iio_txn_req_by_cpu_mem_read_part3_3                                     (7.02%)
                 0      unc_iio_txn_req_by_cpu_mem_read_part3_4                                     (7.00%)
                 0      unc_iio_txn_req_by_cpu_mem_read_part3_5                                     (7.00%)
                 0      unc_iio_txn_req_by_cpu_mem_write_part0_0                                     (7.00%)
                 0      unc_iio_txn_req_by_cpu_mem_write_part0_1                                     (7.02%)
                 0      unc_iio_txn_req_by_cpu_mem_write_part0_2                                     (7.02%)
                 0      unc_iio_txn_req_by_cpu_mem_write_part0_3                                     (7.02%)
                 0      unc_iio_txn_req_by_cpu_mem_write_part0_4                                     (7.04%)
                 0      unc_iio_txn_req_by_cpu_mem_write_part0_5                                     (7.04%)
                 0      unc_iio_txn_req_by_cpu_mem_write_part1_0                                     (7.04%)
                 0      unc_iio_txn_req_by_cpu_mem_write_part1_1                                     (7.06%)
                 0      unc_iio_txn_req_by_cpu_mem_write_part1_2                                     (7.02%)
                 0      unc_iio_txn_req_by_cpu_mem_write_part1_3                                     (7.02%)
                 0      unc_iio_txn_req_by_cpu_mem_write_part1_4                                     (7.05%)
                 0      unc_iio_txn_req_by_cpu_mem_write_part1_5                                     (7.06%)

      69.759896444 seconds time elapsed

