# started on Mon Feb  5 04:30:32 2024


 Performance counter stats for 'system wide':

     8,739,374,149      r151                                                          (10.00%)
    17,015,531,742      r248                                                          (10.00%)
   409,012,901,604      r148                                                          (10.00%)
   138,166,776,134      r1000148                                                      (10.00%)
   138,376,183,217      r1200148                                                      (10.01%)
     8,707,522,416      r1ff1                                                         (10.01%)
     8,291,186,730      r2f2                                                          (10.01%)
        99,598,060      r1f2                                                          (10.01%)
         7,617,718      r4f2                                                          (10.01%)
         7,601,096      r4f2                                                          (10.01%)
       135,290,270      re424                                                         (10.01%)
     1,422,656,233      re124                                                         (10.01%)
     1,066,298,922      r2724                                                         (10.01%)
     3,527,316,023      re724                                                         (10.01%)
    10,220,183,984      rf824                                                         (10.01%)
     1,968,222,460      re224                                                         (10.01%)
       107,743,872      rc424                                                         (10.01%)
        28,125,139      r2424                                                         (10.01%)
     1,312,954,212      rc124                                                         (10.01%)
       107,055,929      r2124                                                         (10.00%)
     8,696,370,613      r3f24                                                         (10.00%)
     2,607,772,311      rd824                                                         (10.00%)
     7,633,033,211      r3824                                                         (10.00%)
    13,766,810,731      rff24                                                         (10.00%)
     1,034,758,368      rc224                                                         (10.00%)
       928,525,526      r2224                                                         (10.00%)
     8,290,240,709      r40f0                                                         (10.00%)
     8,091,995,953      r412e                                                         (10.00%)
     8,380,322,039      r4f2e                                                         (10.00%)
    47,755,675,390      r81d0                                                         (10.00%)
    28,843,091,279      r82d0                                                         (10.00%)
        16,872,831      r21d0                                                         (10.00%)
           182,781      r41d0                                                         (10.00%)
           512,906      r42d0                                                         (5.00%)
           164,447      r11d0                                                         (5.00%)
           125,300      r12d0                                                         (5.00%)
            38,606      r2d2                                                          (5.00%)
         1,237,955      r4d2                                                          (5.00%)
             2,780      r1d2                                                          (5.00%)
        10,570,146      r8d2                                                          (5.00%)
       524,264,959      r1d3                                                          (6.25%)
                 0      r2d3                                                          (7.50%)
                 0      r8d3                                                          (8.75%)
                 0      r4d3                                                          (10.00%)
                 0      r4d4                                                          (10.00%)
    23,363,915,520      r40d1                                                         (10.00%)
    22,140,254,636      r1d1                                                          (10.00%)
     2,172,992,376      r8d1                                                          (10.00%)
     1,506,199,445      r2d1                                                          (10.00%)
       667,117,998      r10d1                                                         (5.00%)
        10,027,613      r4d1                                                          (5.00%)
       653,924,261      r20d1                                                         (5.00%)
     4,924,625,105      r8b0                                                          (6.25%)
    17,432,077,097      r80b0                                                         (7.50%)
        24,895,875      r2b0                                                          (8.75%)
       878,414,759      r1b0                                                          (10.00%)
     2,719,655,458      r4b0                                                          (10.00%)
    82,896,939,038      r1b2                                                          (10.00%)
 1,191,962,229,412      r860                                                          (10.00%)
   140,622,092,235      r1000860                                                      (10.00%)
       612,513,708      r1000260                                                      (10.00%)
    72,250,132,506      r1000160                                                      (10.00%)
   137,645,804,625      r1000460                                                      (10.00%)
     2,236,568,312      r260                                                          (10.00%)
   136,672,057,133      r160                                                          (10.00%)
       503,509,423      r6000160                                                      (10.00%)
   645,632,494,643      r460                                                          (10.00%)
                 0      r1b7                                                          (10.00%)
                 0      r1b7                                                          (10.00%)
                 0      r1b7                                                          (10.00%)
                 0      r1b7                                                          (10.00%)
                 0      r1b7                                                          (10.00%)
                 0      r1b7                                                          (10.00%)
                 0      r1b7                                                          (10.00%)
                 0      r1b7                                                          (10.00%)
                 0      r1b7                                                          (10.00%)
                 0      r1b7                                                          (10.00%)
                 0      r1b7                                                          (10.00%)
                 0      r1b7                                                          (10.00%)
                 0      r1b7                                                          (10.00%)

      69.860481382 seconds time elapsed

