# started on Mon Feb  5 09:30:26 2024


 Performance counter stats for 'system wide':

        36,613,150      r1000114                                                      (10.53%)
         5,509,943      r1e6                                                          (10.53%)
    27,672,914,241      rc4                                                           (10.53%)
   <not supported>      r4c4:p                                                      
    27,342,715,504      r1c4                                                          (10.53%)
         1,218,344      r40c4                                                         (10.53%)
       151,010,253      r2c4                                                          (10.53%)
       152,947,528      r8c4                                                          (10.53%)
    27,432,680,641      r20c4                                                         (10.53%)
       267,300,273      r10c4                                                         (10.53%)
        13,090,898      rc5                                                           (10.53%)
   <not supported>      r4c5:p                                                      
         3,197,612      r1c5                                                          (10.53%)
            24,936      r2c5                                                          (10.53%)
        11,946,702      r20c5                                                         (10.53%)
     1,844,899,270      r23c                                                          (10.53%)
     1,844,192,593      r13c                                                          (10.53%)
     1,844,973,431      r20013c                                                       (10.54%)
     1,844,292,545      r23c                                                          (10.54%)
   154,870,884,008      r300                                                          (11.85%)
     1,846,603,009      r13c                                                          (11.85%)
     1,848,461,549      r20013c                                                       (11.85%)
           499,513      r104003c                                                      (11.85%)
   168,487,162,209      r3c                                                           (13.16%)
   168,512,363,937      r20003c                                                       (13.16%)
   168,635,752,346      r3c                                                           (13.16%)
   168,639,810,219      r20003c                                                       (13.16%)
   138,818,391,138      r80008a3                                                      (13.16%)
    80,645,916,124      r10001a3                                                      (13.16%)
   155,173,740,336      r100010a3                                                     (11.84%)
    82,762,367,496      rc000ca3                                                      (11.84%)
    57,077,086,336      r50005a3                                                      (11.84%)
    85,310,751,814      r140014a3                                                     (11.84%)
    94,466,500,583      r40004a3                                                      (11.84%)
    14,082,347,734      r2a6                                                          (11.84%)
    14,398,534,543      r4a6                                                          (10.52%)
    21,788,858,935      r8a6                                                          (10.52%)
    14,045,877,201      r10a6                                                         (10.52%)
     8,625,845,879      r40a6                                                         (10.52%)
       720,454,065      r1a6                                                          (10.52%)
           454,287      r187                                                          (10.52%)
   191,557,854,774      rc0                                                           (11.84%)
   191,482,100,775      rc0                                                           (11.84%)
   <not supported>      r1c0:p                                                      
   <not supported>      ra8001c0:p                                                  
       225,429,540      r800d                                                         (11.84%)
       167,177,796      r10d                                                          (11.84%)
       167,163,644      r20010d                                                       (11.84%)
             1,022      r803                                                          (11.84%)
         6,921,104      r203                                                          (11.84%)
       399,071,946      r107                                                          (11.84%)
               422      r14c                                                          (11.84%)
                 0      r40001a8                                                      (11.84%)
                 0      r10001a8                                                      (10.52%)
                 0      r1a8                                                          (10.52%)
         2,845,709      r10401c3                                                      (10.52%)
           669,245      r4c3                                                          (10.52%)
            39,535      r3fc1                                                         (10.52%)
   113,162,008,914      r1a2                                                          (10.52%)
    10,542,263,218      r8a2                                                          (10.52%)
                 0      r20cc                                                         (10.52%)
     7,517,915,086      r15e                                                          (10.52%)
       446,378,521      r184015e                                                      (10.52%)
    24,866,030,157      r1a1                                                          (10.52%)
    30,281,996,309      r2a1                                                          (10.52%)
    39,801,493,955      r4a1                                                          (10.53%)
    35,181,429,388      r8a1                                                          (10.53%)
    34,870,627,760      r10a1                                                         (10.53%)
    34,628,807,307      r20a1                                                         (10.53%)
    38,381,122,427      r40a1                                                         (10.53%)
       668,870,531      r80a1                                                         (10.53%)
   215,334,554,550      r2b1                                                          (10.53%)
    74,114,094,770      r10002b1                                                      (10.53%)
    60,007,928,126      r20002b1                                                      (10.53%)
    45,601,528,562      r30002b1                                                      (10.53%)
    23,799,179,449      r40002b1                                                      (10.53%)
    94,548,571,538      r18002b1                                                      (10.53%)
    74,099,310,564      r10001b1                                                      (10.53%)
    59,940,806,664      r20001b1                                                      (10.53%)
    45,565,788,828      r30001b1                                                      (10.53%)

      69.866924083 seconds time elapsed

