# started on Mon Feb  5 07:00:29 2024


 Performance counter stats for 'system wide':

    63,137,923,273      r20002a3                                                      (11.10%)
    47,984,287,782      r60006a3                                                      (11.11%)
                 0      r4c8                                                          (11.11%)
                 0      r80c8                                                         (11.11%)
                 0      r8c8                                                          (11.11%)
                 0      r40c8                                                         (11.11%)
                 0      r10c8                                                         (11.11%)
                 0      r20c8                                                         (11.11%)
                 0      r2c8                                                          (11.11%)
                 0      r1c8                                                          (11.11%)
           519,670      r2c3                                                          (11.11%)
   <not supported>      r1cd:p                                                      
   <not supported>      r1cd:p                                                      
   <not supported>      r1cd:p                                                      
   <not supported>      r1cd:p                                                      
   <not supported>      r1cd:p                                                      
   <not supported>      r1cd:p                                                      
   <not supported>      r1cd:p                                                      
   <not supported>      r1cd:p                                                      
       115,169,696      r10b0                                                         (11.11%)
    18,912,553,910      r1001060                                                      (11.11%)
    30,153,074,370      r1060                                                         (11.11%)
        18,647,494      r6001060                                                      (11.11%)
                 0      r1b7                                                          (11.11%)
                 0      r1b7                                                          (11.11%)
                 0      r1b7                                                          (11.11%)
                 0      r1b7                                                          (11.11%)
                 0      r1b7                                                          (11.11%)
                 0      r1b7                                                          (11.11%)
                 0      r1b7                                                          (11.11%)
                 0      r1b7                                                          (11.11%)
                 0      r1b7                                                          (11.11%)
                 0      r1b7                                                          (11.11%)
                 0      r1b7                                                          (11.11%)
                 0      r1b7                                                          (11.11%)
                 0      r1b7                                                          (11.11%)
                 0      r1b7                                                          (11.11%)
                 0      r1b7                                                          (11.11%)
                 0      r1b7                                                          (11.11%)
                 0      r1b7                                                          (11.11%)
                 0      r1b7                                                          (11.11%)
                 0      r1b7                                                          (11.11%)
                 0      r1b7                                                          (11.11%)
                 0      r1b7                                                          (11.11%)
                 0      r1b7                                                          (11.11%)
                 0      r1b7                                                          (11.11%)
                 0      r1b7                                                          (11.11%)
                 0      r1b7                                                          (11.11%)
                 0      r1b7                                                          (11.11%)
                 0      r1b7                                                          (11.11%)
                 0      r1b7                                                          (11.11%)
                 0      r1b7                                                          (11.11%)
                 0      r1b7                                                          (11.11%)
                 0      r1b7                                                          (11.11%)
                 0      r1b7                                                          (11.11%)
                 0      r1b7                                                          (11.11%)
                 0      r1b7                                                          (11.11%)
                 0      r1b7                                                          (11.11%)
                 0      r1b7                                                          (11.11%)
                 0      r1b7                                                          (11.11%)
                 0      r1b7                                                          (11.11%)
                 0      r1b7                                                          (11.11%)
                 0      r1b7                                                          (11.11%)
                 0      r1b7                                                          (11.11%)
                 0      r1b7                                                          (11.11%)
           523,259      offcore_response.other.l3_miss.any_snoop                                     (11.11%)
                 0      offcore_response.other.l3_miss.remote_hit_forward                                     (2.78%)
                 0      offcore_response.other.l3_miss.remote_hitm                                     (2.78%)
                 0      offcore_response.other.l3_miss.snoop_miss_or_no_fwd                                     (2.78%)
                 0      offcore_response.other.l3_miss_local_dram.snoop_miss_or_no_fwd                                     (2.78%)
                 0      offcore_response.other.l3_miss_remote_dram.snoop_miss_or_no_fwd                                     (2.78%)
                 0      r1b7                                                          (2.78%)
                 0      r1b7                                                          (4.16%)
                 0      r1b7                                                          (5.55%)
                 0      r1b7                                                          (6.94%)
                 0      r1b7                                                          (8.33%)
                 0      r1b7                                                          (9.72%)
                 0      r1b7                                                          (11.10%)
                 0      r1b7                                                          (11.10%)
                 0      r1b7                                                          (11.10%)

      69.975253920 seconds time elapsed

