# started on Tue Feb  6 08:30:57 2024


 Performance counter stats for 'system wide':

                 0      r1b7                                                          (11.59%)
                 0      r1b7                                                          (11.60%)
                 0      r1b7                                                          (11.60%)
                 0      r1b7                                                          (11.60%)
                 0      r1b7                                                          (11.60%)
            50,572      r3fc1                                                         (11.60%)
     8,856,744,761      r159                                                          (11.60%)
   106,822,087,051      r1a2                                                          (11.60%)
     6,859,604,675      r8a2                                                          (11.60%)
                 0      r20cc                                                         (11.60%)
                 0      r40cc                                                         (11.60%)
     8,522,774,306      r15e                                                          (11.60%)
       428,880,204      r184015e                                                      (11.60%)
                 0      r4c9                                                          (11.60%)
                 0      r80c9                                                         (11.60%)
                 0      r8c9                                                          (11.60%)
                 0      r40c9                                                         (11.60%)
                 0      r10c9                                                         (11.59%)
                 0      r20c9                                                         (11.59%)
                 0      r2c9                                                          (11.59%)
                 0      r1c9                                                          (11.59%)
                 0      r10f4                                                         (11.59%)
                 0      r132                                                          (11.59%)
            55,223      r832                                                          (11.59%)
               811      r232                                                          (11.59%)
                 0      r432                                                          (11.60%)
           216,244      r1bd                                                          (11.60%)
            26,640      r20bd                                                         (11.60%)
                 0      r15d                                                          (11.60%)
                 0      r25d                                                          (11.59%)
                 0      r45d                                                          (11.59%)
                 0      r85d                                                          (11.59%)
                 0      r105d                                                         (11.59%)
                 0      r254                                                          (11.59%)
                 0      r154                                                          (11.59%)
                 0      r1054                                                         (11.59%)
                 0      r854                                                          (11.59%)
                 0      r2054                                                         (11.59%)
                 0      r454                                                          (11.59%)
                 0      r4054                                                         (11.59%)
    27,288,563,728      r1a1                                                          (11.59%)
    32,343,867,363      r2a1                                                          (11.59%)
    40,338,558,286      r4a1                                                          (11.59%)
    36,306,288,856      r8a1                                                          (11.59%)
    33,456,178,065      r10a1                                                         (11.59%)
    34,622,565,093      r20a1                                                         (11.59%)
    41,259,826,628      r40a1                                                         (11.59%)
     1,264,913,573      r80a1                                                         (11.59%)
   224,350,725,546      r2b1                                                          (11.59%)
    76,749,268,027      r10002b1                                                      (11.59%)
    62,105,177,825      r20002b1                                                      (11.59%)
    47,194,255,965      r30002b1                                                      (11.59%)
    25,225,821,999      r40002b1                                                      (11.59%)
    99,169,974,620      r18002b1                                                      (11.59%)
    76,735,504,073      r10001b1                                                      (11.59%)
    62,117,013,152      r20001b1                                                      (11.59%)
    47,243,839,242      r30001b1                                                      (11.59%)
    25,274,787,960      r40001b1                                                      (11.59%)
    99,235,143,259      r18001b1                                                      (11.59%)
   224,537,087,273      r1b1                                                          (11.59%)
         5,046,026      r10b1                                                         (11.59%)
   178,182,647,826      r10e                                                          (11.59%)
        50,032,670      r200e                                                         (11.60%)
   124,395,954,527      r180010e                                                      (11.60%)
                 0      r20e                                                          (11.60%)
    26,880,700,746      r4c2                                                          (11.60%)
   175,144,872,746      r2c2                                                          (11.60%)
   127,916,359,260      r18002c2                                                      (11.60%)
   175,789,135,726      r108002c2                                                     (11.60%)
   136,151,661,390      unc_c_clockticks_0                                            (36.37%)
   136,196,801,677      unc_c_clockticks_1                                            (36.36%)
   136,236,316,921      unc_c_clockticks_2                                            (36.34%)
   136,230,511,227      unc_c_clockticks_3                                            (36.33%)
   136,244,054,078      unc_c_clockticks_4                                            (36.31%)
   136,237,450,254      unc_c_clockticks_5                                            (36.29%)
   136,233,571,133      unc_c_clockticks_6                                            (36.28%)
   136,205,655,324      unc_c_clockticks_7                                            (36.26%)
            10,818      unc_c_fast_asserted_0                                         (36.37%)
            24,831      unc_c_fast_asserted_1                                         (36.37%)
             2,865      unc_c_fast_asserted_2                                         (36.38%)
             9,622      unc_c_fast_asserted_3                                         (36.38%)
             9,861      unc_c_fast_asserted_4                                         (36.38%)
             7,271      unc_c_fast_asserted_5                                         (36.38%)
         1,168,199      unc_c_fast_asserted_6                                         (36.38%)
           686,048      unc_c_fast_asserted_7                                         (36.38%)
                 0      unc_c_llc_lookup_data_read_0                                     (36.37%)
                 0      unc_c_llc_lookup_data_read_1                                     (36.36%)
                 0      unc_c_llc_lookup_data_read_2                                     (36.34%)
                 0      unc_c_llc_lookup_data_read_3                                     (36.33%)
                 0      unc_c_llc_lookup_data_read_4                                     (36.31%)
                 0      unc_c_llc_lookup_data_read_5                                     (36.30%)
                 0      unc_c_llc_lookup_data_read_6                                     (36.28%)
                 0      unc_c_llc_lookup_data_read_7                                     (36.27%)
                 0      unc_c_llc_lookup_remote_snoop_0                                     (36.37%)
                 0      unc_c_llc_lookup_remote_snoop_1                                     (36.34%)
                 0      unc_c_llc_lookup_remote_snoop_2                                     (36.31%)
                 0      unc_c_llc_lookup_remote_snoop_3                                     (36.28%)
                 0      unc_c_llc_lookup_remote_snoop_4                                     (36.25%)
                 0      unc_c_llc_lookup_remote_snoop_5                                     (36.22%)
                 0      unc_c_llc_lookup_remote_snoop_6                                     (36.18%)
                 0      unc_c_llc_lookup_remote_snoop_7                                     (36.15%)
        15,339,605      unc_c_llc_victims_e_state_0                                     (36.36%)
        15,407,331      unc_c_llc_victims_e_state_1                                     (36.34%)
        15,562,239      unc_c_llc_victims_e_state_2                                     (36.33%)
        15,525,042      unc_c_llc_victims_e_state_3                                     (36.31%)
        15,605,088      unc_c_llc_victims_e_state_4                                     (36.29%)
        15,677,232      unc_c_llc_victims_e_state_5                                     (36.27%)
        15,630,141      unc_c_llc_victims_e_state_6                                     (36.26%)
        15,567,377      unc_c_llc_victims_e_state_7                                     (36.24%)
                66      unc_c_llc_victims_f_state_0                                     (36.36%)
                30      unc_c_llc_victims_f_state_1                                     (36.36%)
                 8      unc_c_llc_victims_f_state_2                                     (36.35%)
                 3      unc_c_llc_victims_f_state_3                                     (36.35%)
                17      unc_c_llc_victims_f_state_4                                     (36.35%)
                17      unc_c_llc_victims_f_state_5                                     (36.35%)
                14      unc_c_llc_victims_f_state_6                                     (36.35%)
                 3      unc_c_llc_victims_f_state_7                                     (36.34%)
        45,977,921      unc_c_llc_victims_m_state_0                                     (36.36%)
        46,159,245      unc_c_llc_victims_m_state_1                                     (36.39%)
        46,311,754      unc_c_llc_victims_m_state_2                                     (36.42%)
        46,317,380      unc_c_llc_victims_m_state_3                                     (36.45%)
        46,380,726      unc_c_llc_victims_m_state_4                                     (36.48%)
        46,450,232      unc_c_llc_victims_m_state_5                                     (36.51%)
        46,399,893      unc_c_llc_victims_m_state_6                                     (36.54%)
        46,414,296      unc_c_llc_victims_m_state_7                                     (36.57%)
           230,615      unc_c_llc_victims_s_state_0                                     (36.36%)
           238,777      unc_c_llc_victims_s_state_1                                     (36.41%)
           239,876      unc_c_llc_victims_s_state_2                                     (36.46%)
           256,746      unc_c_llc_victims_s_state_3                                     (36.51%)
           229,108      unc_c_llc_victims_s_state_4                                     (36.55%)
           245,851      unc_c_llc_victims_s_state_5                                     (36.60%)
           249,987      unc_c_llc_victims_s_state_6                                     (36.65%)
           232,726      unc_c_llc_victims_s_state_7                                     (36.70%)
                 0      unc_c_tor_inserts_irq_0                                       (36.36%)
                 0      unc_c_tor_inserts_irq_1                                       (36.38%)
                 0      unc_c_tor_inserts_irq_2                                       (36.40%)
                 5      unc_c_tor_inserts_irq_3                                       (36.41%)
                 0      unc_c_tor_inserts_irq_4                                       (36.43%)
                 0      unc_c_tor_inserts_irq_5                                       (36.45%)
                 0      unc_c_tor_inserts_irq_6                                       (36.47%)
                 3      unc_c_tor_inserts_irq_7                                       (36.49%)
                 0      unc_c_tor_inserts_irq_hit_0                                     (36.36%)
                 0      unc_c_tor_inserts_irq_hit_1                                     (36.36%)
                 0      unc_c_tor_inserts_irq_hit_2                                     (36.36%)
                 0      unc_c_tor_inserts_irq_hit_3                                     (36.37%)
                 0      unc_c_tor_inserts_irq_hit_4                                     (36.37%)
                 0      unc_c_tor_inserts_irq_hit_5                                     (36.37%)
                 0      unc_c_tor_inserts_irq_hit_6                                     (36.37%)
                 0      unc_c_tor_inserts_irq_hit_7                                     (36.37%)
                 0      unc_c_tor_inserts_irq_miss_0                                     (36.36%)
                 0      unc_c_tor_inserts_irq_miss_1                                     (36.35%)
                 0      unc_c_tor_inserts_irq_miss_2                                     (36.33%)
                 0      unc_c_tor_inserts_irq_miss_3                                     (36.32%)
                 0      unc_c_tor_inserts_irq_miss_4                                     (36.30%)
                 0      unc_c_tor_inserts_irq_miss_5                                     (36.29%)
                 0      unc_c_tor_inserts_irq_miss_6                                     (36.27%)
                 0      unc_c_tor_inserts_irq_miss_7                                     (36.25%)

      69.844911585 seconds time elapsed

