# started on Mon Feb  5 09:13:54 2024


 Performance counter stats for 'system wide':

        36,434,783      r1000114                                                      (10.52%)
         5,725,612      r1e6                                                          (10.52%)
    29,312,927,904      rc4                                                           (10.53%)
   <not supported>      r4c4:p                                                      
    28,985,659,373      r1c4                                                          (10.53%)
         1,223,165      r40c4                                                         (10.53%)
       144,778,851      r2c4                                                          (10.53%)
       146,731,233      r8c4                                                          (10.53%)
    27,402,644,346      r20c4                                                         (10.53%)
     1,876,266,277      r10c4                                                         (10.53%)
        13,504,700      rc5                                                           (10.53%)
   <not supported>      r4c5:p                                                      
         3,591,049      r1c5                                                          (10.53%)
            33,021      r2c5                                                          (10.53%)
        12,192,193      r20c5                                                         (10.53%)
     1,844,229,731      r23c                                                          (10.53%)
     1,843,932,786      r13c                                                          (10.53%)
     1,843,457,058      r20013c                                                       (10.53%)
     1,842,295,649      r23c                                                          (10.53%)
   154,772,809,181      r300                                                          (11.85%)
     1,841,721,236      r13c                                                          (11.85%)
     1,839,864,384      r20013c                                                       (11.85%)
           497,546      r104003c                                                      (11.85%)
   168,137,836,214      r3c                                                           (13.17%)
   168,200,169,962      r20003c                                                       (13.17%)
   168,146,142,629      r3c                                                           (13.17%)
   168,097,887,720      r20003c                                                       (13.17%)
   140,101,509,394      r80008a3                                                      (13.17%)
    72,752,457,738      r10001a3                                                      (13.17%)
   159,001,980,915      r100010a3                                                     (11.85%)
    84,455,905,048      rc000ca3                                                      (11.85%)
    52,270,659,459      r50005a3                                                      (11.85%)
    87,100,895,573      r140014a3                                                     (11.85%)
    92,965,815,127      r40004a3                                                      (11.85%)
    13,821,047,554      r2a6                                                          (11.85%)
    14,208,223,318      r4a6                                                          (10.53%)
    21,833,949,663      r8a6                                                          (10.53%)
    14,306,444,095      r10a6                                                         (10.53%)
     4,936,669,917      r40a6                                                         (10.53%)
       582,567,123      r1a6                                                          (10.53%)
           537,866      r187                                                          (10.53%)
   198,400,518,794      rc0                                                           (11.84%)
   198,355,449,811      rc0                                                           (11.84%)
   <not supported>      r1c0:p                                                      
   <not supported>      ra8001c0:p                                                  
       228,610,920      r800d                                                         (11.84%)
       166,516,737      r10d                                                          (11.84%)
       165,393,874      r20010d                                                       (11.84%)
               845      r803                                                          (11.84%)
         8,326,447      r203                                                          (11.84%)
       373,404,574      r107                                                          (11.84%)
            22,006      r14c                                                          (11.84%)
                 0      r40001a8                                                      (11.84%)
                 0      r10001a8                                                      (10.52%)
                 0      r1a8                                                          (10.52%)
         2,819,741      r10401c3                                                      (10.52%)
           651,011      r4c3                                                          (10.52%)
            39,867      r3fc1                                                         (10.52%)
   111,552,613,202      r1a2                                                          (10.52%)
     6,875,178,979      r8a2                                                          (10.52%)
                 0      r20cc                                                         (10.52%)
     5,070,598,532      r15e                                                          (10.52%)
       267,725,643      r184015e                                                      (10.52%)
    27,249,507,881      r1a1                                                          (10.52%)
    32,529,963,462      r2a1                                                          (10.52%)
    40,816,093,727      r4a1                                                          (10.52%)
    36,403,593,292      r8a1                                                          (10.52%)
    33,513,156,378      r10a1                                                         (10.52%)
    34,754,350,196      r20a1                                                         (10.52%)
    39,907,919,489      r40a1                                                         (10.52%)
       573,349,318      r80a1                                                         (10.52%)
   222,745,295,758      r2b1                                                          (10.52%)
    75,309,916,304      r10002b1                                                      (10.52%)
    61,469,762,593      r20002b1                                                      (10.52%)
    47,267,329,880      r30002b1                                                      (10.52%)
    25,417,134,754      r40002b1                                                      (10.52%)
    93,047,110,294      r18002b1                                                      (10.52%)
    75,282,841,087      r10001b1                                                      (10.52%)
    61,411,199,362      r20001b1                                                      (10.52%)
    47,214,588,138      r30001b1                                                      (10.52%)

      69.805458613 seconds time elapsed

