# started on Tue Feb  6 06:41:08 2024


 Performance counter stats for 'system wide':

           377,762      r185                                                          (6.95%)
         3,860,559      r2085                                                         (8.34%)
        16,216,169      r1001085                                                      (9.73%)
           156,650      re85                                                          (11.12%)
                 0      r885                                                          (11.12%)
             5,676      r485                                                          (11.12%)
           118,052      r285                                                          (11.12%)
        13,935,694      r1085                                                         (11.12%)
     8,547,370,317      r151                                                          (11.12%)
    11,240,847,954      r248                                                          (11.12%)
   280,879,538,813      r148                                                          (11.12%)
   119,744,053,565      r1000148                                                      (11.12%)
   119,764,667,414      r1200148                                                      (11.12%)
     8,510,117,196      r1ff1                                                         (11.12%)
     8,188,787,002      r2f2                                                          (11.12%)
        94,923,865      r1f2                                                          (11.12%)
         7,714,197      r4f2                                                          (11.12%)
         7,658,201      r4f2                                                          (11.11%)
       129,761,669      re424                                                         (11.11%)
     1,926,696,746      re124                                                         (11.11%)
       703,927,067      r2724                                                         (11.11%)
     4,493,511,294      re724                                                         (11.11%)
    10,287,858,157      rf824                                                         (11.11%)
     2,434,196,476      re224                                                         (11.11%)
       103,553,981      rc424                                                         (11.11%)
        23,423,187      r2424                                                         (11.11%)
     1,814,691,257      rc124                                                         (11.11%)
       117,000,168      r2124                                                         (11.11%)
     8,516,782,937      r3f24                                                         (11.11%)
     2,465,228,037      rd824                                                         (11.11%)
     7,811,388,682      r3824                                                         (11.11%)
    14,760,091,539      rff24                                                         (11.11%)
     1,869,057,787      rc224                                                         (11.11%)
       563,120,973      r2224                                                         (11.11%)
     8,194,402,308      r40f0                                                         (11.11%)
             6,093      r803                                                          (11.11%)
         2,430,503      r203                                                          (11.11%)
       384,074,760      r107                                                          (11.11%)
           289,325      r14c                                                          (11.11%)
     8,040,138,911      r412e                                                         (11.11%)
     8,284,901,957      r4f2e                                                         (11.11%)
                 0      r40001a8                                                      (11.11%)
                 0      r10001a8                                                      (11.11%)
                 0      r40001a8                                                      (11.11%)
                 0      r1a8                                                          (11.11%)
         2,656,372      r10401c3                                                      (11.11%)
           485,405      r2c3                                                          (11.11%)
           984,225      r4c3                                                          (11.11%)
    47,470,010,133      r81d0                                                         (11.11%)
    27,958,756,606      r82d0                                                         (11.11%)
    75,432,169,940      r83d0                                                         (11.11%)
        11,460,999      r21d0                                                         (11.11%)
           163,448      r41d0                                                         (5.56%)
           612,881      r42d0                                                         (5.56%)
           273,030      r11d0                                                         (5.56%)
           174,481      r12d0                                                         (5.56%)
            39,225      r2d2                                                          (5.56%)
         1,108,572      r4d2                                                          (5.56%)
             2,196      r1d2                                                          (5.56%)
        10,162,053      r8d2                                                          (5.56%)
       402,968,165      r1d3                                                          (6.94%)
                 0      r2d3                                                          (8.33%)
                 0      r8d3                                                          (9.72%)
                 0      r4d3                                                          (11.11%)
                 0      r4d4                                                          (11.11%)
    22,018,306,139      r40d1                                                         (11.11%)
    23,738,237,576      r1d1                                                          (11.11%)
     1,706,532,733      r8d1                                                          (11.11%)
     1,187,837,190      r2d1                                                          (11.11%)
       518,294,594      r10d1                                                         (5.56%)
        10,430,123      r4d1                                                          (5.56%)
       504,332,966      r20d1                                                         (5.56%)
   <not supported>      r1cd:p                                                      
   <not supported>      r1cd:p                                                      
   <not supported>      r1cd:p                                                      
   <not supported>      r1cd:p                                                      
   <not supported>      r1cd:p                                                      
   <not supported>      r1cd:p                                                      
   <not supported>      r1cd:p                                                      
   <not supported>      r1cd:p                                                      

      69.857172897 seconds time elapsed

