# started on Mon Feb  5 04:13:59 2024


 Performance counter stats for 'system wide':

     8,685,608,864      r151                                                          (10.00%)
    17,216,175,099      r248                                                          (10.00%)
   418,189,961,110      r148                                                          (10.00%)
   140,764,993,534      r1000148                                                      (10.00%)
   140,763,452,009      r1200148                                                      (10.00%)
     8,644,340,613      r1ff1                                                         (10.00%)
     8,298,863,502      r2f2                                                          (10.00%)
       102,230,311      r1f2                                                          (10.00%)
         7,382,271      r4f2                                                          (10.00%)
         7,534,127      r4f2                                                          (10.00%)
       131,536,017      re424                                                         (10.00%)
     1,443,212,194      re124                                                         (10.00%)
       995,746,668      r2724                                                         (10.00%)
     3,397,461,961      re724                                                         (10.00%)
    10,304,925,393      rf824                                                         (10.00%)
     1,822,487,082      re224                                                         (10.00%)
       109,043,337      rc424                                                         (10.00%)
        26,372,111      r2424                                                         (10.00%)
     1,335,480,979      rc124                                                         (10.00%)
       107,948,651      r2124                                                         (10.00%)
     8,643,579,575      r3f24                                                         (10.00%)
     2,668,504,600      rd824                                                         (10.00%)
     7,651,237,433      r3824                                                         (10.00%)
    13,717,699,137      rff24                                                         (10.01%)
       956,800,190      rc224                                                         (10.01%)
       859,173,309      r2224                                                         (10.01%)
     8,303,814,994      r40f0                                                         (10.01%)
     8,162,826,275      r412e                                                         (10.01%)
     8,410,931,332      r4f2e                                                         (10.01%)
    48,262,523,757      r81d0                                                         (10.01%)
    28,276,188,254      r82d0                                                         (10.01%)
        10,585,753      r21d0                                                         (10.01%)
           197,396      r41d0                                                         (10.01%)
           698,445      r42d0                                                         (5.00%)
           267,837      r11d0                                                         (5.00%)
           160,155      r12d0                                                         (5.00%)
            43,177      r2d2                                                          (5.00%)
         1,235,322      r4d2                                                          (5.00%)
             2,659      r1d2                                                          (5.00%)
        10,048,972      r8d2                                                          (5.00%)
       531,948,412      r1d3                                                          (6.25%)
                 0      r2d3                                                          (7.50%)
                 0      r8d3                                                          (8.75%)
                 0      r4d3                                                          (10.01%)
                 0      r4d4                                                          (10.01%)
    23,681,613,117      r40d1                                                         (10.01%)
    22,344,215,352      r1d1                                                          (10.01%)
     2,187,389,111      r8d1                                                          (10.01%)
     1,511,200,850      r2d1                                                          (10.01%)
       673,819,744      r10d1                                                         (5.00%)
        10,544,924      r4d1                                                          (5.00%)
       660,992,435      r20d1                                                         (5.00%)
     4,977,253,911      r8b0                                                          (6.25%)
    17,319,711,925      r80b0                                                         (7.50%)
        27,522,037      r2b0                                                          (8.75%)
       864,810,345      r1b0                                                          (10.00%)
     2,683,307,462      r4b0                                                          (10.00%)
    84,522,941,395      r1b2                                                          (10.00%)
 1,255,833,583,657      r860                                                          (9.99%)
   143,840,007,095      r1000860                                                      (9.99%)
       576,671,465      r1000260                                                      (9.99%)
    73,210,505,178      r1000160                                                      (9.99%)
   139,356,013,473      r1000460                                                      (9.99%)
     2,041,350,247      r260                                                          (9.99%)
   138,419,920,695      r160                                                          (9.99%)
       520,061,614      r6000160                                                      (9.99%)
   654,220,956,814      r460                                                          (9.99%)
                 0      r1b7                                                          (9.99%)
                 0      r1b7                                                          (9.99%)
                 0      r1b7                                                          (10.00%)
                 0      r1b7                                                          (10.00%)
                 0      r1b7                                                          (10.00%)
                 0      r1b7                                                          (10.00%)
                 0      r1b7                                                          (10.00%)
                 0      r1b7                                                          (10.00%)
                 0      r1b7                                                          (9.99%)
                 0      r1b7                                                          (9.99%)
                 0      r1b7                                                          (9.99%)
                 0      r1b7                                                          (9.99%)
                 0      r1b7                                                          (9.99%)

      69.812651244 seconds time elapsed

