# started on Mon Feb  5 08:38:29 2024


 Performance counter stats for 'system wide':

   169,977,795,351      r728                                                          (44.44%)
                 0      r1828                                                         (44.44%)
                 0      r2028                                                         (44.44%)
           237,642      r4028                                                         (44.44%)
           975,956      r20ef                                                         (44.45%)
         5,182,502      r10ef                                                         (44.45%)
        10,554,924      r2ef                                                          (44.45%)
       303,476,118      r1ef                                                          (44.45%)
         3,865,305      r40ef                                                         (44.45%)
         2,329,119      r8ef                                                          (44.45%)
             1,066      r4ef                                                          (44.45%)
           567,344      r1cb                                                          (44.45%)
     6,562,836,378      r4fe                                                          (44.45%)
       944,207,757      r2fe                                                          (44.44%)
                 0      r132                                                          (44.44%)
           103,573      r832                                                          (44.44%)
           542,950      r232                                                          (44.44%)
                 0      r432                                                          (44.44%)

      70.102572198 seconds time elapsed

