# started on Mon Feb  5 08:58:33 2024


 Performance counter stats for 'system wide':

        36,321,870      r1000114                                                      (10.52%)
         4,746,899      r1e6                                                          (10.52%)
    29,724,591,290      rc4                                                           (10.53%)
   <not supported>      r4c4:p                                                      
    29,446,102,042      r1c4                                                          (10.53%)
         1,198,133      r40c4                                                         (10.53%)
       139,900,010      r2c4                                                          (10.53%)
       140,891,417      r8c4                                                          (10.53%)
    27,604,628,059      r20c4                                                         (10.53%)
     2,304,855,648      r10c4                                                         (10.53%)
        12,954,089      rc5                                                           (10.53%)
   <not supported>      r4c5:p                                                      
         3,098,391      r1c5                                                          (10.53%)
            30,043      r2c5                                                          (10.53%)
        12,131,735      r20c5                                                         (10.53%)
     1,843,675,188      r23c                                                          (10.53%)
     1,844,120,523      r13c                                                          (10.53%)
     1,843,344,806      r20013c                                                       (10.53%)
     1,842,678,007      r23c                                                          (10.53%)
   154,831,892,377      r300                                                          (11.85%)
     1,843,375,359      r13c                                                          (11.85%)
     1,843,095,390      r20013c                                                       (11.85%)
           497,104      r104003c                                                      (11.85%)
   168,255,922,271      r3c                                                           (13.16%)
   168,184,666,277      r20003c                                                       (13.17%)
   168,149,055,370      r3c                                                           (13.17%)
   168,179,416,427      r20003c                                                       (13.17%)
   137,960,322,268      r80008a3                                                      (13.17%)
    67,775,980,142      r10001a3                                                      (13.17%)
   158,573,682,990      r100010a3                                                     (11.85%)
    83,475,093,530      rc000ca3                                                      (11.85%)
    49,010,873,824      r50005a3                                                      (11.85%)
    86,771,207,423      r140014a3                                                     (11.85%)
    92,780,595,063      r40004a3                                                      (11.85%)
    13,293,284,103      r2a6                                                          (11.85%)
    13,961,097,167      r4a6                                                          (10.53%)
    22,135,671,523      r8a6                                                          (10.53%)
    14,593,126,650      r10a6                                                         (10.53%)
     5,073,871,345      r40a6                                                         (10.53%)
       590,268,782      r1a6                                                          (10.53%)
           789,795      r187                                                          (10.53%)
   201,438,206,053      rc0                                                           (11.85%)
   201,310,999,025      rc0                                                           (11.85%)
   <not supported>      r1c0:p                                                      
   <not supported>      ra8001c0:p                                                  
       246,897,594      r800d                                                         (11.85%)
       179,385,714      r10d                                                          (11.85%)
       180,427,612      r20010d                                                       (11.85%)
             2,415      r803                                                          (11.84%)
         7,820,810      r203                                                          (11.84%)
       371,784,123      r107                                                          (11.84%)
            49,430      r14c                                                          (11.84%)
                 0      r40001a8                                                      (11.84%)
                 0      r10001a8                                                      (10.52%)
                 0      r1a8                                                          (10.52%)
         2,910,905      r10401c3                                                      (10.52%)
           675,115      r4c3                                                          (10.52%)
            49,726      r3fc1                                                         (10.52%)
   111,011,756,227      r1a2                                                          (10.52%)
     7,058,372,589      r8a2                                                          (10.52%)
                 0      r20cc                                                         (10.52%)
     5,116,806,265      r15e                                                          (10.52%)
       244,323,113      r184015e                                                      (10.52%)
    26,851,690,646      r1a1                                                          (10.52%)
    32,109,339,724      r2a1                                                          (10.52%)
    40,977,958,635      r4a1                                                          (10.52%)
    36,620,522,959      r8a1                                                          (10.52%)
    33,850,912,950      r10a1                                                         (10.52%)
    35,032,578,207      r20a1                                                         (10.52%)
    40,131,881,499      r40a1                                                         (10.52%)
       596,208,184      r80a1                                                         (10.52%)
   224,235,626,526      r2b1                                                          (10.52%)
    75,192,642,497      r10002b1                                                      (10.52%)
    61,867,633,679      r20002b1                                                      (10.52%)
    47,975,026,647      r30002b1                                                      (10.52%)
    25,964,027,308      r40002b1                                                      (10.52%)
    92,760,316,035      r18002b1                                                      (10.52%)
    75,257,504,037      r10001b1                                                      (10.52%)
    61,966,706,078      r20001b1                                                      (10.52%)
    48,086,605,022      r30001b1                                                      (10.52%)

      69.812684764 seconds time elapsed

