# started on Mon Feb  5 04:34:04 2024


 Performance counter stats for 'system wide':

     8,935,174,050      r151                                                          (10.00%)
    15,787,917,652      r248                                                          (10.00%)
   391,251,285,442      r148                                                          (10.00%)
   136,011,775,458      r1000148                                                      (10.00%)
   135,968,341,469      r1200148                                                      (10.00%)
     8,916,587,783      r1ff1                                                         (10.00%)
     8,501,036,865      r2f2                                                          (10.00%)
        98,411,769      r1f2                                                          (10.00%)
         6,483,964      r4f2                                                          (10.00%)
         6,503,451      r4f2                                                          (10.00%)
       128,604,307      re424                                                         (10.00%)
     1,369,142,215      re124                                                         (10.00%)
       912,606,945      r2724                                                         (10.00%)
     4,334,370,068      re724                                                         (10.00%)
    10,661,755,659      rf824                                                         (10.00%)
     2,838,750,366      re224                                                         (10.00%)
       106,399,918      rc424                                                         (10.00%)
        23,619,621      r2424                                                         (10.00%)
     1,239,534,511      rc124                                                         (10.00%)
       130,579,543      r2124                                                         (10.00%)
     8,905,259,089      r3f24                                                         (10.00%)
     2,673,968,252      rd824                                                         (10.01%)
     7,994,133,075      r3824                                                         (10.01%)
    15,008,325,419      rff24                                                         (10.01%)
     2,076,999,472      rc224                                                         (10.01%)
       753,130,271      r2224                                                         (10.01%)
     8,498,661,974      r40f0                                                         (10.01%)
     8,303,521,363      r412e                                                         (10.01%)
     8,603,088,443      r4f2e                                                         (10.01%)
    47,265,773,762      r81d0                                                         (10.01%)
    30,079,274,639      r82d0                                                         (10.01%)
        11,901,496      r21d0                                                         (10.01%)
           185,421      r41d0                                                         (10.01%)
           610,169      r42d0                                                         (5.00%)
           172,826      r11d0                                                         (5.00%)
           182,341      r12d0                                                         (5.00%)
            34,901      r2d2                                                          (5.00%)
         1,621,634      r4d2                                                          (5.00%)
             9,795      r1d2                                                          (5.00%)
        10,106,695      r8d2                                                          (5.00%)
       333,475,167      r1d3                                                          (6.25%)
                 0      r2d3                                                          (7.50%)
                 0      r8d3                                                          (8.75%)
                 0      r4d3                                                          (10.01%)
                 0      r4d4                                                          (10.01%)
    22,326,023,180      r40d1                                                         (10.01%)
    23,193,727,584      r1d1                                                          (10.01%)
     1,778,083,317      r8d1                                                          (10.01%)
     1,350,682,649      r2d1                                                          (10.01%)
       427,429,388      r10d1                                                         (5.00%)
        10,302,934      r4d1                                                          (5.00%)
       415,098,499      r20d1                                                         (5.00%)
     4,980,647,697      r8b0                                                          (6.25%)
    17,859,991,346      r80b0                                                         (7.50%)
        26,629,033      r2b0                                                          (8.75%)
       545,654,670      r1b0                                                          (10.00%)
     1,827,292,556      r4b0                                                          (10.00%)
    81,596,380,247      r1b2                                                          (9.99%)
 1,264,582,237,469      r860                                                          (9.99%)
   143,968,438,566      r1000860                                                      (9.99%)
       604,828,031      r1000260                                                      (9.99%)
    57,972,691,988      r1000160                                                      (9.99%)
    89,202,577,077      r1000460                                                      (9.99%)
     2,030,625,129      r260                                                          (9.99%)
   102,066,915,370      r160                                                          (9.99%)
        34,556,025      r6000160                                                      (9.99%)
   443,175,362,458      r460                                                          (9.99%)
                 0      r1b7                                                          (9.99%)
                 0      r1b7                                                          (9.99%)
                 0      r1b7                                                          (9.99%)
                 0      r1b7                                                          (9.99%)
                 0      r1b7                                                          (9.99%)
                 0      r1b7                                                          (9.99%)
                 0      r1b7                                                          (10.00%)
                 0      r1b7                                                          (10.00%)
                 0      r1b7                                                          (10.00%)
                 0      r1b7                                                          (10.00%)
                 0      r1b7                                                          (10.00%)
                 0      r1b7                                                          (10.00%)
                 0      r1b7                                                          (10.00%)

      69.891376080 seconds time elapsed

