# started on Mon Feb  5 09:08:00 2024


 Performance counter stats for 'system wide':

        36,520,670      r1000114                                                      (10.52%)
         5,202,206      r1e6                                                          (10.52%)
    27,607,495,072      rc4                                                           (10.53%)
   <not supported>      r4c4:p                                                      
    27,187,392,571      r1c4                                                          (10.53%)
         1,223,012      r40c4                                                         (10.53%)
       178,264,733      r2c4                                                          (10.53%)
       179,251,414      r8c4                                                          (10.53%)
    27,259,420,078      r20c4                                                         (10.53%)
       299,331,465      r10c4                                                         (10.53%)
        13,184,320      rc5                                                           (10.53%)
   <not supported>      r4c5:p                                                      
         3,453,266      r1c5                                                          (10.53%)
            24,753      r2c5                                                          (10.53%)
        12,346,701      r20c5                                                         (10.53%)
     1,852,466,916      r23c                                                          (10.53%)
     1,851,972,648      r13c                                                          (10.53%)
     1,851,495,234      r20013c                                                       (10.53%)
     1,851,972,791      r23c                                                          (10.53%)
   155,690,689,155      r300                                                          (11.85%)
     1,852,037,487      r13c                                                          (11.85%)
     1,851,909,197      r20013c                                                       (11.85%)
           497,678      r104003c                                                      (11.85%)
   169,164,403,448      r3c                                                           (13.17%)
   169,138,005,146      r20003c                                                       (13.17%)
   169,108,706,249      r3c                                                           (13.17%)
   169,176,778,421      r20003c                                                       (13.17%)
   109,994,076,154      r80008a3                                                      (13.17%)
    64,820,006,646      r10001a3                                                      (13.17%)
   148,138,067,056      r100010a3                                                     (11.85%)
    74,275,947,717      rc000ca3                                                      (11.85%)
    48,440,689,396      r50005a3                                                      (11.85%)
    77,648,155,546      r140014a3                                                     (11.85%)
    90,815,283,244      r40004a3                                                      (11.85%)
    15,469,582,209      r2a6                                                          (11.85%)
    18,363,700,507      r4a6                                                          (10.53%)
    23,340,461,717      r8a6                                                          (10.53%)
    14,225,330,521      r10a6                                                         (10.53%)
    14,099,220,734      r40a6                                                         (10.53%)
       979,205,861      r1a6                                                          (10.53%)
           810,784      r187                                                          (10.53%)
   189,138,296,076      rc0                                                           (11.85%)
   189,204,861,331      rc0                                                           (11.85%)
   <not supported>      r1c0:p                                                      
   <not supported>      ra8001c0:p                                                  
       266,570,432      r800d                                                         (11.84%)
       176,993,806      r10d                                                          (11.84%)
       176,200,404      r20010d                                                       (11.84%)
             1,563      r803                                                          (11.84%)
         8,402,554      r203                                                          (11.84%)
       408,827,512      r107                                                          (11.84%)
               177      r14c                                                          (11.84%)
                 0      r40001a8                                                      (11.84%)
                 0      r10001a8                                                      (10.52%)
                 0      r1a8                                                          (10.52%)
         2,779,945      r10401c3                                                      (10.52%)
           797,827      r4c3                                                          (10.52%)
            43,553      r3fc1                                                         (10.52%)
   113,320,323,992      r1a2                                                          (10.52%)
    15,823,462,096      r8a2                                                          (10.52%)
                 0      r20cc                                                         (10.52%)
    10,659,052,878      r15e                                                          (10.52%)
       536,139,700      r184015e                                                      (10.52%)
    31,915,220,121      r1a1                                                          (10.52%)
    37,090,142,786      r2a1                                                          (10.52%)
    38,780,394,675      r4a1                                                          (10.52%)
    34,758,531,411      r8a1                                                          (10.52%)
    36,778,399,691      r10a1                                                         (10.52%)
    34,215,640,264      r20a1                                                         (10.52%)
    38,627,876,956      r40a1                                                         (10.52%)
     1,014,261,902      r80a1                                                         (10.52%)
   214,375,143,814      r2b1                                                          (10.52%)
    78,235,483,128      r10002b1                                                      (10.52%)
    62,787,881,667      r20002b1                                                      (10.52%)
    44,474,904,423      r30002b1                                                      (10.52%)
    21,106,656,514      r40002b1                                                      (10.52%)
    90,777,831,797      r18002b1                                                      (10.52%)
    78,294,183,175      r10001b1                                                      (10.52%)
    62,815,818,510      r20001b1                                                      (10.52%)
    44,489,683,247      r30001b1                                                      (10.52%)

      69.960543403 seconds time elapsed

