# started on Mon Feb  5 08:32:34 2024


 Performance counter stats for 'system wide':

   169,045,954,159      r728                                                          (44.45%)
                 0      r1828                                                         (44.44%)
                 0      r2028                                                         (44.44%)
           303,437      r4028                                                         (44.44%)
         1,105,902      r20ef                                                         (44.44%)
         3,493,651      r10ef                                                         (44.44%)
        10,503,433      r2ef                                                          (44.44%)
        62,485,470      r1ef                                                          (44.44%)
         2,025,637      r40ef                                                         (44.44%)
         2,252,475      r8ef                                                          (44.44%)
            18,889      r4ef                                                          (44.44%)
           565,328      r1cb                                                          (44.44%)
     7,894,710,040      r4fe                                                          (44.44%)
       215,930,188      r2fe                                                          (44.44%)
                 4      r132                                                          (44.44%)
            45,177      r832                                                          (44.44%)
           544,223      r232                                                          (44.45%)
                 0      r432                                                          (44.45%)

      69.823614578 seconds time elapsed

