# started on Tue Feb  6 07:27:11 2024


 Performance counter stats for 'system wide':

         3,187,101      r109                                                          (10.00%)
     3,894,814,972      r8b0                                                          (10.00%)
    18,311,440,182      r80b0                                                         (10.00%)
        37,242,416      r2b0                                                          (10.00%)
       754,967,657      r1b0                                                          (10.00%)
     3,338,472,612      r4b0                                                          (10.00%)
       100,202,960      r10b0                                                         (10.01%)
    67,415,731,462      r1b2                                                          (10.01%)
   977,423,234,976      r860                                                          (10.01%)
   116,531,212,652      r1000860                                                      (10.01%)
       930,060,140      r1000260                                                      (10.01%)
    59,246,123,592      r1000160                                                      (10.01%)
   126,432,579,089      r1000460                                                      (10.01%)
    14,593,546,279      r1001060                                                      (10.01%)
     3,350,683,853      r260                                                          (10.01%)
   112,759,753,671      r160                                                          (10.01%)
       329,274,794      r6000160                                                      (10.01%)
   661,704,326,224      r460                                                          (10.01%)
    26,721,703,603      r1060                                                         (10.01%)
       106,394,384      r6001060                                                      (10.01%)
                 0      r1b7                                                          (10.01%)
                 0      r1b7                                                          (10.01%)
                 0      r1b7                                                          (10.01%)
                 0      r1b7                                                          (10.01%)
                 0      r1b7                                                          (10.01%)
                 0      r1b7                                                          (10.01%)
                 0      r1b7                                                          (10.01%)
                 0      r1b7                                                          (10.01%)
                 0      r1b7                                                          (10.01%)
                 0      r1b7                                                          (10.01%)
                 0      r1b7                                                          (10.01%)
                 0      r1b7                                                          (10.01%)
                 0      r1b7                                                          (10.01%)
                 0      r1b7                                                          (10.00%)
                 0      r1b7                                                          (10.00%)
                 0      r1b7                                                          (10.00%)
                 0      r1b7                                                          (10.00%)
                 0      r1b7                                                          (10.00%)
                 0      r1b7                                                          (10.00%)
                 0      r1b7                                                          (10.00%)
                 0      r1b7                                                          (10.00%)
                 0      r1b7                                                          (10.00%)
                 0      r1b7                                                          (10.00%)
                 0      r1b7                                                          (10.00%)
                 0      r1b7                                                          (10.00%)
                 0      r1b7                                                          (10.00%)
                 0      r1b7                                                          (10.00%)
                 0      r1b7                                                          (10.00%)
                 0      r1b7                                                          (10.00%)
                 0      r1b7                                                          (10.00%)
                 0      r1b7                                                          (10.00%)
                 0      r1b7                                                          (10.00%)
                 0      r1b7                                                          (10.00%)
                 0      r1b7                                                          (10.00%)
                 0      r1b7                                                          (10.00%)
                 0      r1b7                                                          (10.00%)
                 0      r1b7                                                          (10.00%)
                 0      r1b7                                                          (10.00%)
                 0      r1b7                                                          (10.00%)
                 0      r1b7                                                          (10.00%)
                 0      r1b7                                                          (10.00%)
                 0      r1b7                                                          (10.00%)
                 0      r1b7                                                          (10.00%)
                 0      r1b7                                                          (10.00%)
                 0      r1b7                                                          (10.00%)
                 0      r1b7                                                          (10.00%)
                 0      r1b7                                                          (10.00%)
                 0      r1b7                                                          (10.00%)
                 0      r1b7                                                          (10.00%)
                 0      r1b7                                                          (10.00%)
                 0      r1b7                                                          (10.00%)
                 0      r1b7                                                          (10.00%)
                 0      r1b7                                                          (10.00%)
                 0      r1b7                                                          (10.00%)
                 0      r1b7                                                          (10.00%)
                 0      r1b7                                                          (10.00%)
                 0      r1b7                                                          (10.00%)
                 0      r1b7                                                          (10.00%)
                 0      r1b7                                                          (10.00%)
                 0      r1b7                                                          (10.00%)

      70.115355182 seconds time elapsed

