# started on Tue Feb  6 10:36:07 2024


 Performance counter stats for 'system wide':

                 0      unc_iio_txn_req_by_cpu_mem_write_part2_0                                     (15.39%)
                 0      unc_iio_txn_req_by_cpu_mem_write_part2_1                                     (15.40%)
                 0      unc_iio_txn_req_by_cpu_mem_write_part2_2                                     (15.39%)
                 0      unc_iio_txn_req_by_cpu_mem_write_part2_3                                     (15.39%)
                 0      unc_iio_txn_req_by_cpu_mem_write_part2_4                                     (15.39%)
                 0      unc_iio_txn_req_by_cpu_mem_write_part2_5                                     (15.39%)
                 0      unc_iio_txn_req_by_cpu_mem_write_part3_0                                     (15.39%)
                 0      unc_iio_txn_req_by_cpu_mem_write_part3_1                                     (15.40%)
                 0      unc_iio_txn_req_by_cpu_mem_write_part3_2                                     (15.40%)
                 0      unc_iio_txn_req_by_cpu_mem_write_part3_3                                     (15.40%)
                 0      unc_iio_txn_req_by_cpu_mem_write_part3_4                                     (15.39%)
                 0      unc_iio_txn_req_by_cpu_mem_write_part3_5                                     (15.40%)
                 0      unc_iio_txn_req_by_cpu_peer_read_part0_0                                     (15.40%)
                 0      unc_iio_txn_req_by_cpu_peer_read_part0_1                                     (15.40%)
                 0      unc_iio_txn_req_by_cpu_peer_read_part0_2                                     (15.40%)
                 0      unc_iio_txn_req_by_cpu_peer_read_part0_3                                     (15.40%)
                 0      unc_iio_txn_req_by_cpu_peer_read_part0_4                                     (15.40%)
                 0      unc_iio_txn_req_by_cpu_peer_read_part0_5                                     (15.40%)
                 0      unc_iio_txn_req_by_cpu_peer_read_part1_0                                     (15.39%)
                 0      unc_iio_txn_req_by_cpu_peer_read_part1_1                                     (15.39%)
                 0      unc_iio_txn_req_by_cpu_peer_read_part1_2                                     (15.39%)
                 0      unc_iio_txn_req_by_cpu_peer_read_part1_3                                     (15.40%)
                 0      unc_iio_txn_req_by_cpu_peer_read_part1_4                                     (15.40%)
                 0      unc_iio_txn_req_by_cpu_peer_read_part1_5                                     (15.39%)
                 0      unc_iio_txn_req_by_cpu_peer_read_part2_0                                     (15.39%)
                 0      unc_iio_txn_req_by_cpu_peer_read_part2_1                                     (15.39%)
                 0      unc_iio_txn_req_by_cpu_peer_read_part2_2                                     (15.39%)
                 0      unc_iio_txn_req_by_cpu_peer_read_part2_3                                     (15.39%)
                 0      unc_iio_txn_req_by_cpu_peer_read_part2_4                                     (15.39%)
                 0      unc_iio_txn_req_by_cpu_peer_read_part2_5                                     (15.38%)
                 0      unc_iio_txn_req_by_cpu_peer_read_part3_0                                     (15.39%)
                 0      unc_iio_txn_req_by_cpu_peer_read_part3_1                                     (15.38%)
                 0      unc_iio_txn_req_by_cpu_peer_read_part3_2                                     (15.38%)
                 0      unc_iio_txn_req_by_cpu_peer_read_part3_3                                     (15.38%)
                 0      unc_iio_txn_req_by_cpu_peer_read_part3_4                                     (15.38%)
                 0      unc_iio_txn_req_by_cpu_peer_read_part3_5                                     (15.38%)
                 0      unc_iio_txn_req_by_cpu_peer_write_part0_0                                     (15.38%)
                 0      unc_iio_txn_req_by_cpu_peer_write_part0_1                                     (15.38%)
                 0      unc_iio_txn_req_by_cpu_peer_write_part0_2                                     (15.38%)
                 0      unc_iio_txn_req_by_cpu_peer_write_part0_3                                     (15.38%)
                 0      unc_iio_txn_req_by_cpu_peer_write_part0_4                                     (15.38%)
                 0      unc_iio_txn_req_by_cpu_peer_write_part0_5                                     (15.38%)
                 0      unc_iio_txn_req_by_cpu_peer_write_part1_0                                     (15.38%)
                 0      unc_iio_txn_req_by_cpu_peer_write_part1_1                                     (15.38%)
                 0      unc_iio_txn_req_by_cpu_peer_write_part1_2                                     (15.38%)
                 0      unc_iio_txn_req_by_cpu_peer_write_part1_3                                     (15.38%)
                 0      unc_iio_txn_req_by_cpu_peer_write_part1_4                                     (15.38%)
                 0      unc_iio_txn_req_by_cpu_peer_write_part1_5                                     (15.38%)
                 0      unc_iio_txn_req_by_cpu_peer_write_part2_0                                     (15.38%)
                 0      unc_iio_txn_req_by_cpu_peer_write_part2_1                                     (15.38%)
                 0      unc_iio_txn_req_by_cpu_peer_write_part2_2                                     (15.38%)
                 0      unc_iio_txn_req_by_cpu_peer_write_part2_3                                     (15.38%)
                 0      unc_iio_txn_req_by_cpu_peer_write_part2_4                                     (15.38%)
                 0      unc_iio_txn_req_by_cpu_peer_write_part2_5                                     (15.38%)
                 0      unc_iio_txn_req_by_cpu_peer_write_part3_0                                     (15.38%)
                 0      unc_iio_txn_req_by_cpu_peer_write_part3_1                                     (15.38%)
                 0      unc_iio_txn_req_by_cpu_peer_write_part3_2                                     (15.38%)
                 0      unc_iio_txn_req_by_cpu_peer_write_part3_3                                     (15.38%)
                 0      unc_iio_txn_req_by_cpu_peer_write_part3_4                                     (15.38%)
                 0      unc_iio_txn_req_by_cpu_peer_write_part3_5                                     (15.38%)
                 0      unc_iio_txn_req_of_cpu_mem_read_part0_0                                     (15.38%)
                 0      unc_iio_txn_req_of_cpu_mem_read_part0_1                                     (15.38%)
                 0      unc_iio_txn_req_of_cpu_mem_read_part0_2                                     (15.38%)
                 0      unc_iio_txn_req_of_cpu_mem_read_part0_3                                     (15.38%)
                 0      unc_iio_txn_req_of_cpu_mem_read_part0_4                                     (15.38%)
                 0      unc_iio_txn_req_of_cpu_mem_read_part0_5                                     (15.38%)
                 0      unc_iio_txn_req_of_cpu_mem_read_part1_0                                     (15.38%)
                 0      unc_iio_txn_req_of_cpu_mem_read_part1_1                                     (15.38%)
                 0      unc_iio_txn_req_of_cpu_mem_read_part1_2                                     (15.38%)
                 0      unc_iio_txn_req_of_cpu_mem_read_part1_3                                     (15.38%)
                 0      unc_iio_txn_req_of_cpu_mem_read_part1_4                                     (15.38%)
                 0      unc_iio_txn_req_of_cpu_mem_read_part1_5                                     (15.38%)
                 0      unc_iio_txn_req_of_cpu_mem_read_part2_0                                     (15.38%)
                 0      unc_iio_txn_req_of_cpu_mem_read_part2_1                                     (15.38%)
                 0      unc_iio_txn_req_of_cpu_mem_read_part2_2                                     (15.38%)
                 0      unc_iio_txn_req_of_cpu_mem_read_part2_3                                     (15.38%)
                 0      unc_iio_txn_req_of_cpu_mem_read_part2_4                                     (15.38%)
                 0      unc_iio_txn_req_of_cpu_mem_read_part2_5                                     (15.38%)
                 0      unc_iio_txn_req_of_cpu_mem_read_part3_0                                     (15.38%)
                 0      unc_iio_txn_req_of_cpu_mem_read_part3_1                                     (15.38%)
                 0      unc_iio_txn_req_of_cpu_mem_read_part3_2                                     (15.38%)
                 0      unc_iio_txn_req_of_cpu_mem_read_part3_3                                     (15.38%)
                 0      unc_iio_txn_req_of_cpu_mem_read_part3_4                                     (15.38%)
                 0      unc_iio_txn_req_of_cpu_mem_read_part3_5                                     (15.38%)
                 0      unc_iio_txn_req_of_cpu_mem_write_part0_0                                     (15.38%)
                 0      unc_iio_txn_req_of_cpu_mem_write_part0_1                                     (15.38%)
                 0      unc_iio_txn_req_of_cpu_mem_write_part0_2                                     (15.38%)
                 0      unc_iio_txn_req_of_cpu_mem_write_part0_3                                     (15.38%)
                 0      unc_iio_txn_req_of_cpu_mem_write_part0_4                                     (15.38%)
                 0      unc_iio_txn_req_of_cpu_mem_write_part0_5                                     (15.38%)
                 0      unc_iio_txn_req_of_cpu_mem_write_part1_0                                     (15.38%)
                 0      unc_iio_txn_req_of_cpu_mem_write_part1_1                                     (15.38%)
                 0      unc_iio_txn_req_of_cpu_mem_write_part1_2                                     (15.38%)
                 0      unc_iio_txn_req_of_cpu_mem_write_part1_3                                     (15.38%)
                 0      unc_iio_txn_req_of_cpu_mem_write_part1_4                                     (15.39%)
                 0      unc_iio_txn_req_of_cpu_mem_write_part1_5                                     (15.39%)
                 0      unc_iio_txn_req_of_cpu_mem_write_part2_0                                     (15.39%)
                 0      unc_iio_txn_req_of_cpu_mem_write_part2_1                                     (15.39%)
                 0      unc_iio_txn_req_of_cpu_mem_write_part2_2                                     (15.38%)
                 0      unc_iio_txn_req_of_cpu_mem_write_part2_3                                     (15.38%)
                 0      unc_iio_txn_req_of_cpu_mem_write_part2_4                                     (15.38%)
                 0      unc_iio_txn_req_of_cpu_mem_write_part2_5                                     (15.38%)
                 0      unc_iio_txn_req_of_cpu_mem_write_part3_0                                     (15.38%)
                 0      unc_iio_txn_req_of_cpu_mem_write_part3_1                                     (15.39%)
                 0      unc_iio_txn_req_of_cpu_mem_write_part3_2                                     (15.39%)
                 0      unc_iio_txn_req_of_cpu_mem_write_part3_3                                     (15.39%)
                 0      unc_iio_txn_req_of_cpu_mem_write_part3_4                                     (15.39%)
                 0      unc_iio_txn_req_of_cpu_mem_write_part3_5                                     (15.39%)
                 0      unc_iio_txn_req_of_cpu_peer_read_part0_0                                     (15.39%)
                 0      unc_iio_txn_req_of_cpu_peer_read_part0_1                                     (15.39%)
                 0      unc_iio_txn_req_of_cpu_peer_read_part0_2                                     (15.39%)
                 0      unc_iio_txn_req_of_cpu_peer_read_part0_3                                     (15.39%)
                 0      unc_iio_txn_req_of_cpu_peer_read_part0_4                                     (15.39%)
                 0      unc_iio_txn_req_of_cpu_peer_read_part0_5                                     (15.39%)
                 0      unc_iio_txn_req_of_cpu_peer_read_part1_0                                     (15.39%)
                 0      unc_iio_txn_req_of_cpu_peer_read_part1_1                                     (15.39%)
                 0      unc_iio_txn_req_of_cpu_peer_read_part1_2                                     (15.39%)
                 0      unc_iio_txn_req_of_cpu_peer_read_part1_3                                     (15.39%)
                 0      unc_iio_txn_req_of_cpu_peer_read_part1_4                                     (15.39%)
                 0      unc_iio_txn_req_of_cpu_peer_read_part1_5                                     (15.39%)
                 0      unc_iio_txn_req_of_cpu_peer_read_part2_0                                     (15.39%)
                 0      unc_iio_txn_req_of_cpu_peer_read_part2_1                                     (15.39%)
                 0      unc_iio_txn_req_of_cpu_peer_read_part2_2                                     (15.39%)
                 0      unc_iio_txn_req_of_cpu_peer_read_part2_3                                     (15.39%)
                 0      unc_iio_txn_req_of_cpu_peer_read_part2_4                                     (15.39%)
                 0      unc_iio_txn_req_of_cpu_peer_read_part2_5                                     (15.39%)
                 0      unc_iio_txn_req_of_cpu_peer_read_part3_0                                     (15.39%)
                 0      unc_iio_txn_req_of_cpu_peer_read_part3_1                                     (15.39%)
                 0      unc_iio_txn_req_of_cpu_peer_read_part3_2                                     (15.39%)
                 0      unc_iio_txn_req_of_cpu_peer_read_part3_3                                     (15.39%)
                 0      unc_iio_txn_req_of_cpu_peer_read_part3_4                                     (15.39%)
                 0      unc_iio_txn_req_of_cpu_peer_read_part3_5                                     (15.39%)
                 0      unc_iio_txn_req_of_cpu_peer_write_part0_0                                     (15.39%)
                 0      unc_iio_txn_req_of_cpu_peer_write_part0_1                                     (15.39%)
                 0      unc_iio_txn_req_of_cpu_peer_write_part0_2                                     (15.39%)
                 0      unc_iio_txn_req_of_cpu_peer_write_part0_3                                     (15.39%)
                 0      unc_iio_txn_req_of_cpu_peer_write_part0_4                                     (15.39%)
                 0      unc_iio_txn_req_of_cpu_peer_write_part0_5                                     (15.39%)
                 0      unc_iio_txn_req_of_cpu_peer_write_part1_0                                     (15.39%)
                 0      unc_iio_txn_req_of_cpu_peer_write_part1_1                                     (15.39%)
                 0      unc_iio_txn_req_of_cpu_peer_write_part1_2                                     (15.39%)
                 0      unc_iio_txn_req_of_cpu_peer_write_part1_3                                     (15.39%)
                 0      unc_iio_txn_req_of_cpu_peer_write_part1_4                                     (15.39%)
                 0      unc_iio_txn_req_of_cpu_peer_write_part1_5                                     (15.39%)
                 0      unc_iio_txn_req_of_cpu_peer_write_part2_0                                     (15.39%)
                 0      unc_iio_txn_req_of_cpu_peer_write_part2_1                                     (15.38%)
                 0      unc_iio_txn_req_of_cpu_peer_write_part2_2                                     (15.38%)
                 0      unc_iio_txn_req_of_cpu_peer_write_part2_3                                     (15.38%)
                 0      unc_iio_txn_req_of_cpu_peer_write_part2_4                                     (15.38%)
                 0      unc_iio_txn_req_of_cpu_peer_write_part2_5                                     (15.38%)
                 0      unc_iio_txn_req_of_cpu_peer_write_part3_0                                     (15.38%)
                 0      unc_iio_txn_req_of_cpu_peer_write_part3_1                                     (15.38%)
                 0      unc_iio_txn_req_of_cpu_peer_write_part3_2                                     (15.38%)
                 0      unc_iio_txn_req_of_cpu_peer_write_part3_3                                     (15.38%)
                 0      unc_iio_txn_req_of_cpu_peer_write_part3_4                                     (15.38%)
                 0      unc_iio_txn_req_of_cpu_peer_write_part3_5                                     (15.38%)
     8,196,463,128      unc_m2m_bypass_m2m_egress_not_taken_0                                     (11.76%)
                 0      unc_m2m_bypass_m2m_egress_not_taken_1                                     (11.76%)
                 0      unc_m2m_direct2core_not_taken_dirstate_0                                     (11.76%)
                 0      unc_m2m_direct2core_not_taken_dirstate_1                                     (11.76%)
     8,197,033,986      unc_m2m_direct2core_taken_0                                     (11.76%)
                 0      unc_m2m_direct2core_taken_1                                     (11.76%)
                 0      unc_m2m_direct2core_txn_override_0                                     (11.77%)
                 0      unc_m2m_direct2core_txn_override_1                                     (11.77%)
                 0      unc_m2m_direct2upi_not_taken_credits_0                                     (11.77%)
                 0      unc_m2m_direct2upi_not_taken_credits_1                                     (11.77%)
                 0      unc_m2m_direct2upi_not_taken_dirstate_0                                     (11.77%)
                 0      unc_m2m_direct2upi_not_taken_dirstate_1                                     (11.77%)
                 0      unc_m2m_direct2upi_taken_0                                     (11.77%)
                 0      unc_m2m_direct2upi_taken_1                                     (11.77%)
                 0      unc_m2m_direct2upi_txn_override_0                                     (11.77%)
                 0      unc_m2m_direct2upi_txn_override_1                                     (11.77%)
     8,195,721,752      unc_m2m_directory_lookup_any_0                                     (11.77%)
                 0      unc_m2m_directory_lookup_any_1                                     (11.77%)
                 0      unc_m2m_directory_lookup_state_a_0                                     (11.77%)
                 0      unc_m2m_directory_lookup_state_a_1                                     (11.77%)
     8,196,313,187      unc_m2m_directory_lookup_state_i_0                                     (11.77%)
                 0      unc_m2m_directory_lookup_state_i_1                                     (11.77%)
                 0      unc_m2m_directory_lookup_state_s_0                                     (11.77%)
                 0      unc_m2m_directory_lookup_state_s_1                                     (11.77%)
                 0      unc_m2m_directory_update_a2i_0                                     (11.77%)
                 0      unc_m2m_directory_update_a2i_1                                     (11.77%)
                 0      unc_m2m_directory_update_a2s_0                                     (11.77%)
                 0      unc_m2m_directory_update_a2s_1                                     (11.77%)
                 0      unc_m2m_directory_update_any_0                                     (11.77%)
                 0      unc_m2m_directory_update_any_1                                     (11.77%)
                 0      unc_m2m_directory_update_i2a_0                                     (11.77%)
                 0      unc_m2m_directory_update_i2a_1                                     (11.77%)
                 0      unc_m2m_directory_update_i2s_0                                     (11.77%)
                 0      unc_m2m_directory_update_i2s_1                                     (11.77%)
                 0      unc_m2m_directory_update_s2a_0                                     (11.77%)
                 0      unc_m2m_directory_update_s2a_1                                     (11.77%)
                 0      unc_m2m_directory_update_s2i_0                                     (11.77%)
                 0      unc_m2m_directory_update_s2i_1                                     (11.77%)
     8,193,289,465      unc_m2m_imc_reads_all_0                                       (11.77%)
                 0      unc_m2m_imc_reads_all_1                                       (11.77%)
     8,195,013,610      unc_m2m_imc_reads_normal_0                                     (11.77%)
                 0      unc_m2m_imc_reads_normal_1                                     (11.77%)
     3,563,843,912      unc_m2m_imc_writes_all_0                                      (11.77%)
                 0      unc_m2m_imc_writes_all_1                                      (11.77%)
                 0      unc_m2m_imc_writes_ni_0                                       (11.77%)
                 0      unc_m2m_imc_writes_ni_1                                       (11.77%)
             1,836      unc_m2m_imc_writes_partial_0                                     (11.76%)
                 0      unc_m2m_imc_writes_partial_1                                     (11.76%)
                 0      unc_m2m_prefcam_demand_promotions_0                                     (11.76%)
                 0      unc_m2m_prefcam_demand_promotions_1                                     (11.76%)
                 0      unc_m2m_prefcam_inserts_0                                     (11.76%)
                 0      unc_m2m_prefcam_inserts_1                                     (11.76%)
     8,199,686,427      unc_m2m_rxc_ad_inserts_0                                      (11.76%)
                 0      unc_m2m_rxc_ad_inserts_1                                      (11.76%)
    12,273,468,862      unc_m2m_rxc_ad_occupancy_0                                     (11.76%)
                 0      unc_m2m_rxc_ad_occupancy_1                                     (11.76%)
     7,129,755,836      unc_m2m_rxc_bl_inserts_0                                      (11.76%)
                 0      unc_m2m_rxc_bl_inserts_1                                      (11.76%)
   189,927,872,422      unc_m2m_rxc_bl_occupancy_0                                     (11.76%)
                 0      unc_m2m_rxc_bl_occupancy_1                                     (11.76%)
                 0      unc_m2m_txc_ad_inserts_0                                      (11.76%)
                 0      unc_m2m_txc_ad_inserts_1                                      (11.76%)
                 0      unc_m2m_txc_ad_occupancy_0                                     (11.76%)
                 0      unc_m2m_txc_ad_occupancy_1                                     (11.76%)
     8,197,189,139      unc_m2m_txc_bl_inserts_all_0                                     (11.76%)
                 0      unc_m2m_txc_bl_inserts_all_1                                     (11.76%)
    16,392,580,119      unc_m2m_txc_bl_occupancy_all_0                                     (11.76%)
                 0      unc_m2m_txc_bl_occupancy_all_1                                     (11.76%)
                 0      unc_m3upi_upi_prefetch_spawn_0                                   
                 0      unc_m3upi_upi_prefetch_spawn_1                                   
     5,167,716,764      unc_m_act_count_wr_0                                          (25.00%)
                 0      unc_m_act_count_wr_1                                          (25.00%)
                 0      unc_m_act_count_wr_2                                          (25.00%)
                 0      unc_m_act_count_wr_3                                          (25.00%)
                 0      unc_m_act_count_wr_4                                          (25.00%)
                 0      unc_m_act_count_wr_5                                          (25.00%)
    11,739,525,599      unc_m_cas_count_all_0                                         (25.00%)
                 0      unc_m_cas_count_all_1                                         (25.00%)
                 0      unc_m_cas_count_all_2                                         (25.00%)
                 0      unc_m_cas_count_all_3                                         (25.00%)
                 0      unc_m_cas_count_all_4                                         (25.00%)
                 0      unc_m_cas_count_all_5                                         (25.00%)
     8,183,151,923      unc_m_cas_count_rd_0                                          (25.00%)
                 0      unc_m_cas_count_rd_1                                          (25.00%)
                 0      unc_m_cas_count_rd_2                                          (25.00%)
                 0      unc_m_cas_count_rd_3                                          (25.00%)
                 0      unc_m_cas_count_rd_4                                          (25.00%)
                 0      unc_m_cas_count_rd_5                                          (25.00%)
     8,184,031,341      unc_m_cas_count_rd_reg_0                                      (25.00%)
                 0      unc_m_cas_count_rd_reg_1                                      (25.00%)
                 0      unc_m_cas_count_rd_reg_2                                      (25.00%)
                 0      unc_m_cas_count_rd_reg_3                                      (25.00%)
                 0      unc_m_cas_count_rd_reg_4                                      (25.00%)
                 0      unc_m_cas_count_rd_reg_5                                      (25.00%)
         1,751,429      unc_m_cas_count_rd_underfill_0                                     (25.00%)
                 0      unc_m_cas_count_rd_underfill_1                                     (25.00%)
                 0      unc_m_cas_count_rd_underfill_2                                     (25.00%)
                 0      unc_m_cas_count_rd_underfill_3                                     (25.00%)
                 0      unc_m_cas_count_rd_underfill_4                                     (25.00%)
                 0      unc_m_cas_count_rd_underfill_5                                     (25.00%)
     3,561,833,409      unc_m_cas_count_wr_0                                          (25.00%)
                 0      unc_m_cas_count_wr_1                                          (25.00%)
                 0      unc_m_cas_count_wr_2                                          (25.00%)
                 0      unc_m_cas_count_wr_3                                          (25.00%)
                 0      unc_m_cas_count_wr_4                                          (25.00%)
                 0      unc_m_cas_count_wr_5                                          (25.00%)
     2,807,219,560      unc_m_cas_count_wr_wmm_0                                      (25.00%)
                 0      unc_m_cas_count_wr_wmm_1                                      (25.00%)
                 0      unc_m_cas_count_wr_wmm_2                                      (25.00%)
                 0      unc_m_cas_count_wr_wmm_3                                      (25.00%)
                 0      unc_m_cas_count_wr_wmm_4                                      (25.00%)
                 0      unc_m_cas_count_wr_wmm_5                                      (25.00%)
    82,084,597,778      unc_m_clockticks_0                                            (25.00%)
    80,725,163,790      unc_m_clockticks_1                                            (25.00%)
    80,726,827,690      unc_m_clockticks_2                                            (25.00%)
    80,707,122,195      unc_m_clockticks_3                                            (25.00%)
    80,712,217,377      unc_m_clockticks_4                                            (25.00%)
    80,683,162,513      unc_m_clockticks_5                                            (25.00%)
                 0      unc_m_power_channel_ppd_0                                     (25.00%)
                 0      unc_m_power_channel_ppd_1                                     (25.00%)
                 0      unc_m_power_channel_ppd_2                                     (25.00%)
                 0      unc_m_power_channel_ppd_3                                     (25.00%)
                 0      unc_m_power_channel_ppd_4                                     (25.00%)
                 0      unc_m_power_channel_ppd_5                                     (25.00%)
                 0      unc_m_power_self_refresh_0                                     (25.00%)
                 0      unc_m_power_self_refresh_1                                     (25.00%)
                 0      unc_m_power_self_refresh_2                                     (25.00%)
                 0      unc_m_power_self_refresh_3                                     (25.00%)
                 0      unc_m_power_self_refresh_4                                     (25.00%)
                 0      unc_m_power_self_refresh_5                                     (25.00%)
    13,377,840,545      unc_m_pre_count_page_miss_0                                     (25.00%)
                 0      unc_m_pre_count_page_miss_1                                     (25.00%)
                 0      unc_m_pre_count_page_miss_2                                     (25.00%)
                 0      unc_m_pre_count_page_miss_3                                     (25.00%)
                 0      unc_m_pre_count_page_miss_4                                     (25.00%)
                 0      unc_m_pre_count_page_miss_5                                     (25.00%)
     9,614,676,082      unc_m_pre_count_rd_0                                          (25.00%)
                 0      unc_m_pre_count_rd_1                                          (25.01%)
                 0      unc_m_pre_count_rd_2                                          (25.01%)
                 0      unc_m_pre_count_rd_3                                          (25.00%)
                 0      unc_m_pre_count_rd_4                                          (25.00%)
                 0      unc_m_pre_count_rd_5                                          (25.00%)
     8,183,445,753      unc_m_rpq_inserts_0                                           (25.00%)
                 0      unc_m_rpq_inserts_1                                           (25.00%)
                 0      unc_m_rpq_inserts_2                                           (25.00%)
                 0      unc_m_rpq_inserts_3                                           (25.00%)
                 0      unc_m_rpq_inserts_4                                           (25.00%)
                 0      unc_m_rpq_inserts_5                                           (25.00%)
   912,502,039,051      unc_m_rpq_occupancy_0                                         (25.00%)
                 0      unc_m_rpq_occupancy_1                                         (25.00%)
                 0      unc_m_rpq_occupancy_2                                         (25.00%)
                 0      unc_m_rpq_occupancy_3                                         (25.00%)
                 0      unc_m_rpq_occupancy_4                                         (25.00%)
                 0      unc_m_rpq_occupancy_5                                         (25.00%)
     3,556,717,743      unc_m_wpq_inserts_0                                           (25.00%)
                 0      unc_m_wpq_inserts_1                                           (25.00%)
                 0      unc_m_wpq_inserts_2                                           (25.00%)
                 0      unc_m_wpq_inserts_3                                           (25.00%)
                 0      unc_m_wpq_inserts_4                                           (25.00%)
                 0      unc_m_wpq_inserts_5                                           (25.00%)
 1,581,655,276,283      unc_m_wpq_occupancy_0                                         (25.00%)
                 0      unc_m_wpq_occupancy_1                                         (25.00%)
                 0      unc_m_wpq_occupancy_2                                         (25.00%)
                 0      unc_m_wpq_occupancy_3                                         (25.00%)
                 0      unc_m_wpq_occupancy_4                                         (25.00%)
                 0      unc_m_wpq_occupancy_5                                         (25.00%)
    83,472,261,012      unc_upi_clockticks_0                                        
    83,472,215,990      unc_upi_clockticks_1                                        
                 0      unc_upi_direct_attempts_d2c_0                                   
                 0      unc_upi_direct_attempts_d2c_1                                   
                 0      unc_upi_direct_attempts_d2k_0                                   
                 0      unc_upi_direct_attempts_d2k_1                                   

      69.794738108 seconds time elapsed

