# started on Tue Feb  6 06:50:36 2024


 Performance counter stats for 'system wide':

           335,546      r185                                                          (6.94%)
         3,751,055      r2085                                                         (8.33%)
        15,143,932      r1001085                                                      (9.72%)
           115,474      re85                                                          (11.11%)
                 0      r885                                                          (11.11%)
             4,545      r485                                                          (11.11%)
           112,170      r285                                                          (11.11%)
        15,794,162      r1085                                                         (11.11%)
     8,943,939,047      r151                                                          (11.11%)
    15,611,322,421      r248                                                          (11.11%)
   383,915,447,054      r148                                                          (11.11%)
   134,459,238,012      r1000148                                                      (11.11%)
   134,463,838,051      r1200148                                                      (11.11%)
     8,933,191,243      r1ff1                                                         (11.11%)
     8,525,866,383      r2f2                                                          (11.11%)
        95,468,346      r1f2                                                          (11.11%)
         6,816,025      r4f2                                                          (11.11%)
         6,766,692      r4f2                                                          (11.11%)
       129,925,871      re424                                                         (11.11%)
     1,344,042,247      re124                                                         (11.12%)
       905,889,952      r2724                                                         (11.12%)
     4,265,782,324      re724                                                         (11.12%)
    10,810,315,471      rf824                                                         (11.12%)
     2,791,781,457      re224                                                         (11.12%)
       104,720,211      rc424                                                         (11.12%)
        26,847,232      r2424                                                         (11.12%)
     1,215,562,189      rc124                                                         (11.12%)
       130,860,415      r2124                                                         (11.12%)
     8,928,247,988      r3f24                                                         (11.12%)
     2,786,982,826      rd824                                                         (11.12%)
     8,020,490,109      r3824                                                         (11.12%)
    15,070,314,969      rff24                                                         (11.12%)
     2,034,012,834      rc224                                                         (11.12%)
       750,413,744      r2224                                                         (11.12%)
     8,528,216,347      r40f0                                                         (11.12%)
             2,330      r803                                                          (11.12%)
         2,611,183      r203                                                          (11.12%)
       353,066,678      r107                                                          (11.12%)
           129,296      r14c                                                          (11.12%)
     8,318,293,207      r412e                                                         (11.12%)
     8,616,693,915      r4f2e                                                         (11.12%)
                 0      r40001a8                                                      (11.12%)
                 0      r10001a8                                                      (11.12%)
                 0      r40001a8                                                      (11.12%)
                 0      r1a8                                                          (11.12%)
         2,840,320      r10401c3                                                      (11.12%)
           674,075      r2c3                                                          (11.12%)
           971,262      r4c3                                                          (11.12%)
    48,695,676,480      r81d0                                                         (11.12%)
    29,509,468,332      r82d0                                                         (11.12%)
    78,207,413,824      r83d0                                                         (11.12%)
         9,833,363      r21d0                                                         (11.11%)
           168,780      r41d0                                                         (5.56%)
           662,249      r42d0                                                         (5.55%)
           131,869      r11d0                                                         (5.55%)
           145,860      r12d0                                                         (5.55%)
            36,235      r2d2                                                          (5.55%)
         1,178,933      r4d2                                                          (5.55%)
             1,927      r1d2                                                          (5.55%)
        10,308,929      r8d2                                                          (5.55%)
       329,501,239      r1d3                                                          (6.94%)
                 0      r2d3                                                          (8.33%)
                 0      r8d3                                                          (9.72%)
                 0      r4d3                                                          (11.10%)
                 0      r4d4                                                          (11.10%)
    21,996,309,811      r40d1                                                         (11.10%)
    24,987,798,837      r1d1                                                          (11.10%)
     1,751,241,486      r8d1                                                          (11.10%)
     1,328,289,579      r2d1                                                          (11.10%)
       423,551,575      r10d1                                                         (5.55%)
        10,417,648      r4d1                                                          (5.55%)
       411,166,799      r20d1                                                         (5.55%)
   <not supported>      r1cd:p                                                      
   <not supported>      r1cd:p                                                      
   <not supported>      r1cd:p                                                      
   <not supported>      r1cd:p                                                      
   <not supported>      r1cd:p                                                      
   <not supported>      r1cd:p                                                      
   <not supported>      r1cd:p                                                      
   <not supported>      r1cd:p                                                      

      69.821412374 seconds time elapsed

