# started on Tue Feb  6 06:57:40 2024


 Performance counter stats for 'system wide':

           402,936      r185                                                          (6.95%)
         3,787,302      r2085                                                         (8.34%)
        17,693,186      r1001085                                                      (9.72%)
           170,939      re85                                                          (11.11%)
                 0      r885                                                          (11.12%)
             6,153      r485                                                          (11.12%)
           162,888      r285                                                          (11.12%)
        18,999,845      r1085                                                         (11.12%)
     8,817,661,125      r151                                                          (11.12%)
    15,921,668,315      r248                                                          (11.12%)
   393,748,822,930      r148                                                          (11.12%)
   136,146,886,477      r1000148                                                      (11.12%)
   136,118,647,965      r1200148                                                      (11.12%)
     8,809,269,157      r1ff1                                                         (11.12%)
     8,402,690,948      r2f2                                                          (11.12%)
        93,241,663      r1f2                                                          (11.12%)
         6,130,340      r4f2                                                          (11.12%)
         6,104,512      r4f2                                                          (11.12%)
       130,606,444      re424                                                         (11.12%)
     1,341,453,875      re124                                                         (11.12%)
       912,416,636      r2724                                                         (11.12%)
     4,277,170,267      re724                                                         (11.12%)
    10,519,724,810      rf824                                                         (11.12%)
     2,805,461,356      re224                                                         (11.11%)
       105,992,769      rc424                                                         (11.11%)
        24,378,675      r2424                                                         (11.11%)
     1,212,755,166      rc124                                                         (11.11%)
       131,185,064      r2124                                                         (11.11%)
     8,807,152,623      r3f24                                                         (11.11%)
     2,635,843,925      rd824                                                         (11.11%)
     7,893,535,350      r3824                                                         (11.11%)
    14,808,023,896      rff24                                                         (11.11%)
     2,048,333,340      rc224                                                         (11.11%)
       759,038,208      r2224                                                         (11.11%)
     8,402,149,115      r40f0                                                         (11.11%)
             2,529      r803                                                          (11.11%)
         2,479,680      r203                                                          (11.11%)
       378,540,636      r107                                                          (11.11%)
            37,032      r14c                                                          (11.11%)
     8,199,511,026      r412e                                                         (11.11%)
     8,498,628,860      r4f2e                                                         (11.11%)
                 0      r40001a8                                                      (11.11%)
                 0      r10001a8                                                      (11.11%)
                 0      r40001a8                                                      (11.11%)
                 0      r1a8                                                          (11.11%)
         2,896,337      r10401c3                                                      (11.11%)
           693,182      r2c3                                                          (11.11%)
         1,041,603      r4c3                                                          (11.11%)
    46,697,761,504      r81d0                                                         (11.11%)
    29,819,536,286      r82d0                                                         (11.11%)
    76,522,314,494      r83d0                                                         (11.11%)
        10,184,953      r21d0                                                         (11.11%)
           193,580      r41d0                                                         (5.55%)
           535,450      r42d0                                                         (5.55%)
           187,835      r11d0                                                         (5.55%)
           143,355      r12d0                                                         (5.55%)
            61,605      r2d2                                                          (5.55%)
         1,468,243      r4d2                                                          (5.55%)
             3,276      r1d2                                                          (5.55%)
        10,789,063      r8d2                                                          (5.55%)
       335,235,956      r1d3                                                          (6.94%)
                 0      r2d3                                                          (8.33%)
                 0      r8d3                                                          (9.72%)
                 0      r4d3                                                          (11.11%)
                 0      r4d4                                                          (11.11%)
    22,170,361,587      r40d1                                                         (11.11%)
    22,964,288,952      r1d1                                                          (11.11%)
     1,747,332,723      r8d1                                                          (11.11%)
     1,315,453,112      r2d1                                                          (11.11%)
       431,363,593      r10d1                                                         (5.55%)
        10,469,138      r4d1                                                          (5.55%)
       417,704,089      r20d1                                                         (5.55%)
   <not supported>      r1cd:p                                                      
   <not supported>      r1cd:p                                                      
   <not supported>      r1cd:p                                                      
   <not supported>      r1cd:p                                                      
   <not supported>      r1cd:p                                                      
   <not supported>      r1cd:p                                                      
   <not supported>      r1cd:p                                                      
   <not supported>      r1cd:p                                                      

      69.863278771 seconds time elapsed

