# started on Mon Feb  5 06:45:08 2024


 Performance counter stats for 'system wide':

        42,905,772      r2ab                                                          (19.51%)
                 0      r1c6                                                          (19.51%)
                 0      r1c6                                                          (19.51%)
                 0      r1c6                                                          (19.51%)
                 0      r1c6                                                          (19.51%)
                 0      r1c6                                                          (9.76%)
                 0      r1c6                                                          (9.76%)
                 0      r1c6                                                          (9.76%)
                 0      r1c6                                                          (9.76%)
                 0      r1c6                                                          (9.76%)
                 0      r1c6                                                          (9.76%)
                 0      r1c6                                                          (9.76%)
                 0      r1c6                                                          (9.76%)
                 0      r1c6                                                          (9.76%)
                 0      r1c6                                                          (9.76%)
                 0      r1c6                                                          (9.76%)
                 0      r1c6                                                          (9.76%)
                 0      r1c6                                                          (9.76%)
       346,007,188      r480                                                          (12.20%)
    42,179,852,802      r183                                                          (14.64%)
       135,689,601      r283                                                          (17.08%)
        93,255,604      r483                                                          (19.52%)
    27,637,797,843      r4001879                                                      (19.52%)
    55,238,065,920      r1001879                                                      (19.52%)
       603,353,756      r4002479                                                      (19.52%)
     1,741,417,678      r1002479                                                      (19.52%)
    54,854,346,339      r1000879                                                      (19.52%)
   163,971,939,250      r879                                                          (19.51%)
     1,113,643,319      r1000479                                                      (19.51%)
     2,959,881,971      r479                                                          (19.51%)
     1,011,100,788      r1003079                                                      (19.51%)
       392,028,965      r1001079                                                      (19.51%)
     1,570,360,239      r2079                                                         (19.51%)
       307,305,186      r1043079                                                      (19.51%)
     2,861,951,544      r3079                                                         (19.51%)
    30,028,215,037      r19c                                                          (19.51%)
       983,473,795      r400019c                                                      (19.51%)
   156,248,908,949      r180019c                                                      (19.51%)
     5,222,494,361      r300019c                                                      (19.51%)
    11,142,841,882      r200019c                                                      (19.51%)
    12,679,667,133      r100019c                                                      (19.51%)

      69.849623935 seconds time elapsed

