# started on Tue Feb  6 08:55:46 2024


 Performance counter stats for 'system wide':

                 0      r1b7                                                          (11.60%)
                 0      r1b7                                                          (11.60%)
                 0      r1b7                                                          (11.60%)
                 0      r1b7                                                          (11.60%)
                 0      r1b7                                                          (11.60%)
            61,212      r3fc1                                                         (11.60%)
     7,100,226,284      r159                                                          (11.60%)
   114,648,709,608      r1a2                                                          (11.60%)
    30,616,782,981      r8a2                                                          (11.60%)
                 0      r20cc                                                         (11.60%)
                 0      r40cc                                                         (11.60%)
    23,474,173,800      r15e                                                          (11.60%)
     1,179,383,598      r184015e                                                      (11.60%)
                 0      r4c9                                                          (11.60%)
                 0      r80c9                                                         (11.60%)
                 0      r8c9                                                          (11.60%)
                 0      r40c9                                                         (11.60%)
                 0      r10c9                                                         (11.59%)
                 0      r20c9                                                         (11.59%)
                 0      r2c9                                                          (11.59%)
                 0      r1c9                                                          (11.59%)
                 0      r10f4                                                         (11.59%)
                 0      r132                                                          (11.59%)
            86,157      r832                                                          (11.59%)
             6,780      r232                                                          (11.59%)
                 0      r432                                                          (11.59%)
           229,863      r1bd                                                          (11.59%)
            41,051      r20bd                                                         (11.59%)
                 0      r15d                                                          (11.59%)
                 0      r25d                                                          (11.59%)
                 0      r45d                                                          (11.59%)
                 0      r85d                                                          (11.59%)
                 0      r105d                                                         (11.59%)
                 0      r254                                                          (11.59%)
                 0      r154                                                          (11.59%)
                 0      r1054                                                         (11.59%)
                 0      r854                                                          (11.59%)
                 0      r2054                                                         (11.59%)
                 0      r454                                                          (11.59%)
                 0      r4054                                                         (11.59%)
    36,382,674,388      r1a1                                                          (11.59%)
    38,005,434,264      r2a1                                                          (11.59%)
    33,641,567,047      r4a1                                                          (11.59%)
    34,279,478,650      r8a1                                                          (11.59%)
    41,990,063,020      r10a1                                                         (11.59%)
    33,784,361,353      r20a1                                                         (11.59%)
    39,297,502,629      r40a1                                                         (11.59%)
     2,436,945,804      r80a1                                                         (11.59%)
   218,917,401,201      r2b1                                                          (11.59%)
    81,269,444,171      r10002b1                                                      (11.59%)
    62,331,421,854      r20002b1                                                      (11.59%)
    44,892,063,568      r30002b1                                                      (11.59%)
    22,207,534,667      r40002b1                                                      (11.59%)
   100,319,093,509      r18002b1                                                      (11.59%)
    81,271,517,449      r10001b1                                                      (11.59%)
    62,320,307,017      r20001b1                                                      (11.59%)
    44,879,627,722      r30001b1                                                      (11.59%)
    22,181,137,557      r40001b1                                                      (11.59%)
   100,363,304,544      r18001b1                                                      (11.59%)
   218,947,990,760      r1b1                                                          (11.59%)
         5,146,772      r10b1                                                         (11.59%)
   177,586,288,293      r10e                                                          (11.59%)
        50,791,729      r200e                                                         (11.60%)
   132,794,024,606      r180010e                                                      (11.60%)
                 0      r20e                                                          (11.60%)
    27,574,145,203      r4c2                                                          (11.60%)
   174,708,873,014      r2c2                                                          (11.60%)
   128,293,965,642      r18002c2                                                      (11.59%)
   181,455,912,875      r108002c2                                                     (11.59%)
   136,239,350,200      unc_c_clockticks_0                                            (36.39%)
   136,320,144,880      unc_c_clockticks_1                                            (36.42%)
   136,218,220,650      unc_c_clockticks_2                                            (36.37%)
   136,278,356,442      unc_c_clockticks_3                                            (36.49%)
   136,291,091,332      unc_c_clockticks_4                                            (36.53%)
   136,359,489,412      unc_c_clockticks_5                                            (36.56%)
   136,483,832,970      unc_c_clockticks_6                                            (36.52%)
   136,490,519,623      unc_c_clockticks_7                                            (36.58%)
            61,959      unc_c_fast_asserted_0                                         (36.39%)
            79,843      unc_c_fast_asserted_1                                         (36.43%)
           125,441      unc_c_fast_asserted_2                                         (36.37%)
            46,536      unc_c_fast_asserted_3                                         (36.40%)
           186,300      unc_c_fast_asserted_4                                         (36.41%)
            28,836      unc_c_fast_asserted_5                                         (36.46%)
         7,678,126      unc_c_fast_asserted_6                                         (36.52%)
         5,921,998      unc_c_fast_asserted_7                                         (36.58%)
                 0      unc_c_llc_lookup_data_read_0                                     (36.38%)
                 0      unc_c_llc_lookup_data_read_1                                     (36.34%)
                 0      unc_c_llc_lookup_data_read_2                                     (36.37%)
                 0      unc_c_llc_lookup_data_read_3                                     (36.20%)
                 0      unc_c_llc_lookup_data_read_4                                     (36.17%)
                 0      unc_c_llc_lookup_data_read_5                                     (36.13%)
                 0      unc_c_llc_lookup_data_read_6                                     (36.09%)
                 0      unc_c_llc_lookup_data_read_7                                     (36.29%)
                 0      unc_c_llc_lookup_remote_snoop_0                                     (36.33%)
                 0      unc_c_llc_lookup_remote_snoop_1                                     (36.28%)
                 0      unc_c_llc_lookup_remote_snoop_2                                     (36.37%)
                 0      unc_c_llc_lookup_remote_snoop_3                                     (36.23%)
                 0      unc_c_llc_lookup_remote_snoop_4                                     (36.18%)
                 0      unc_c_llc_lookup_remote_snoop_5                                     (36.12%)
                 0      unc_c_llc_lookup_remote_snoop_6                                     (36.04%)
                 0      unc_c_llc_lookup_remote_snoop_7                                     (35.96%)
        10,459,339      unc_c_llc_victims_e_state_0                                     (36.31%)
        10,280,291      unc_c_llc_victims_e_state_1                                     (36.27%)
         9,019,695      unc_c_llc_victims_e_state_2                                     (36.37%)
        10,276,073      unc_c_llc_victims_e_state_3                                     (36.28%)
        10,173,482      unc_c_llc_victims_e_state_4                                     (36.24%)
        10,295,017      unc_c_llc_victims_e_state_5                                     (36.20%)
        10,297,960      unc_c_llc_victims_e_state_6                                     (36.16%)
        10,266,987      unc_c_llc_victims_e_state_7                                     (36.10%)
                11      unc_c_llc_victims_f_state_0                                     (36.33%)
                19      unc_c_llc_victims_f_state_1                                     (36.30%)
               214      unc_c_llc_victims_f_state_2                                     (36.36%)
                22      unc_c_llc_victims_f_state_3                                     (36.36%)
                28      unc_c_llc_victims_f_state_4                                     (36.33%)
                22      unc_c_llc_victims_f_state_5                                     (36.31%)
                30      unc_c_llc_victims_f_state_6                                     (36.29%)
                11      unc_c_llc_victims_f_state_7                                     (36.27%)
       188,196,032      unc_c_llc_victims_m_state_0                                     (36.34%)
       188,077,477      unc_c_llc_victims_m_state_1                                     (36.36%)
       188,766,484      unc_c_llc_victims_m_state_2                                     (36.36%)
       188,132,155      unc_c_llc_victims_m_state_3                                     (36.46%)
       188,012,251      unc_c_llc_victims_m_state_4                                     (36.48%)
       188,044,989      unc_c_llc_victims_m_state_5                                     (36.49%)
       188,188,729      unc_c_llc_victims_m_state_6                                     (36.49%)
       188,158,056      unc_c_llc_victims_m_state_7                                     (36.49%)
           478,615      unc_c_llc_victims_s_state_0                                     (36.38%)
           469,094      unc_c_llc_victims_s_state_1                                     (36.42%)
           503,239      unc_c_llc_victims_s_state_2                                     (36.36%)
           513,391      unc_c_llc_victims_s_state_3                                     (36.44%)
           517,439      unc_c_llc_victims_s_state_4                                     (36.48%)
           507,326      unc_c_llc_victims_s_state_5                                     (36.52%)
           544,114      unc_c_llc_victims_s_state_6                                     (36.56%)
           492,951      unc_c_llc_victims_s_state_7                                     (36.60%)
                 0      unc_c_tor_inserts_irq_0                                       (36.40%)
                 0      unc_c_tor_inserts_irq_1                                       (36.42%)
                 3      unc_c_tor_inserts_irq_2                                       (36.36%)
                 0      unc_c_tor_inserts_irq_3                                       (36.46%)
                 0      unc_c_tor_inserts_irq_4                                       (36.47%)
                 0      unc_c_tor_inserts_irq_5                                       (36.49%)
                 0      unc_c_tor_inserts_irq_6                                       (36.60%)
                 0      unc_c_tor_inserts_irq_7                                       (36.64%)
                 0      unc_c_tor_inserts_irq_hit_0                                     (36.40%)
                 0      unc_c_tor_inserts_irq_hit_1                                     (36.40%)
                 0      unc_c_tor_inserts_irq_hit_2                                     (36.36%)
                 0      unc_c_tor_inserts_irq_hit_3                                     (36.42%)
                 0      unc_c_tor_inserts_irq_hit_4                                     (36.44%)
                 0      unc_c_tor_inserts_irq_hit_5                                     (36.42%)
                16      unc_c_tor_inserts_irq_hit_6                                     (36.44%)
                11      unc_c_tor_inserts_irq_hit_7                                     (36.46%)
                 0      unc_c_tor_inserts_irq_miss_0                                     (36.38%)
                 0      unc_c_tor_inserts_irq_miss_1                                     (36.38%)
                 0      unc_c_tor_inserts_irq_miss_2                                     (36.36%)
                 0      unc_c_tor_inserts_irq_miss_3                                     (36.30%)
                 0      unc_c_tor_inserts_irq_miss_4                                     (36.30%)
                 0      unc_c_tor_inserts_irq_miss_5                                     (36.30%)
                 0      unc_c_tor_inserts_irq_miss_6                                     (36.30%)
                 0      unc_c_tor_inserts_irq_miss_7                                     (36.04%)

      70.120833670 seconds time elapsed

