# started on Mon Feb  5 09:28:05 2024


 Performance counter stats for 'system wide':

        35,558,348      r1000114                                                      (10.52%)
         5,020,659      r1e6                                                          (10.52%)
    28,825,359,727      rc4                                                           (10.52%)
   <not supported>      r4c4:p                                                      
    28,508,011,067      r1c4                                                          (10.52%)
         1,191,712      r40c4                                                         (10.52%)
       147,656,320      r2c4                                                          (10.52%)
       147,680,651      r8c4                                                          (10.53%)
    27,293,473,231      r20c4                                                         (10.53%)
     1,500,244,053      r10c4                                                         (10.53%)
        12,327,958      rc5                                                           (10.53%)
   <not supported>      r4c5:p                                                      
         2,629,253      r1c5                                                          (10.53%)
            17,373      r2c5                                                          (10.53%)
        11,718,332      r20c5                                                         (10.53%)
     1,840,894,073      r23c                                                          (10.53%)
     1,841,079,662      r13c                                                          (10.53%)
     1,841,156,895      r20013c                                                       (10.53%)
     1,840,070,292      r23c                                                          (10.53%)
   154,461,356,782      r300                                                          (11.84%)
     1,838,722,600      r13c                                                          (11.84%)
     1,842,221,518      r20013c                                                       (11.84%)
           496,699      r104003c                                                      (11.84%)
   168,254,697,071      r3c                                                           (13.16%)
   168,302,164,925      r20003c                                                       (13.16%)
   168,438,061,002      r3c                                                           (13.16%)
   168,507,571,796      r20003c                                                       (13.16%)
   138,454,482,744      r80008a3                                                      (13.16%)
    72,191,073,565      r10001a3                                                      (13.16%)
   157,004,809,825      r100010a3                                                     (11.84%)
    83,573,801,027      rc000ca3                                                      (11.84%)
    51,840,949,331      r50005a3                                                      (11.84%)
    86,225,435,760      r140014a3                                                     (11.84%)
    93,501,091,233      r40004a3                                                      (11.84%)
    13,858,074,172      r2a6                                                          (11.84%)
    14,322,018,210      r4a6                                                          (10.53%)
    21,700,066,899      r8a6                                                          (10.53%)
    14,197,362,322      r10a6                                                         (10.53%)
     6,602,065,350      r40a6                                                         (10.53%)
       636,483,259      r1a6                                                          (10.53%)
           494,064      r187                                                          (10.53%)
   196,073,058,330      rc0                                                           (11.85%)
   195,890,698,809      rc0                                                           (11.85%)
   <not supported>      r1c0:p                                                      
   <not supported>      ra8001c0:p                                                  
       226,211,081      r800d                                                         (11.85%)
       165,321,617      r10d                                                          (11.85%)
       165,240,456      r20010d                                                       (11.85%)
               312      r803                                                          (11.85%)
         7,045,416      r203                                                          (11.85%)
       372,875,825      r107                                                          (11.85%)
               177      r14c                                                          (11.85%)
                 0      r40001a8                                                      (11.85%)
                 0      r10001a8                                                      (10.53%)
                 0      r1a8                                                          (10.53%)
         2,871,129      r10401c3                                                      (10.53%)
           674,774      r4c3                                                          (10.53%)
            42,918      r3fc1                                                         (10.53%)
   112,005,711,204      r1a2                                                          (10.53%)
     8,605,676,311      r8a2                                                          (10.53%)
                 0      r20cc                                                         (10.53%)
     6,126,195,701      r15e                                                          (10.53%)
       317,695,372      r184015e                                                      (10.53%)
    26,480,308,010      r1a1                                                          (10.53%)
    31,750,141,595      r2a1                                                          (10.53%)
    40,470,093,470      r4a1                                                          (10.53%)
    35,953,916,165      r8a1                                                          (10.53%)
    34,069,777,713      r10a1                                                         (10.53%)
    34,560,949,497      r20a1                                                         (10.53%)
    39,404,942,005      r40a1                                                         (10.53%)
       674,316,643      r80a1                                                         (10.53%)
   220,318,579,090      r2b1                                                          (10.53%)
    74,906,310,376      r10002b1                                                      (10.53%)
    60,968,194,468      r20002b1                                                      (10.53%)
    46,597,270,357      r30002b1                                                      (10.52%)
    24,895,602,278      r40002b1                                                      (10.52%)
    93,602,824,270      r18002b1                                                      (10.52%)
    74,811,181,781      r10001b1                                                      (10.52%)
    60,936,730,829      r20001b1                                                      (10.52%)
    46,591,625,617      r30001b1                                                      (10.52%)

      69.836601824 seconds time elapsed

