# started on Tue Feb  6 06:18:42 2024


 Performance counter stats for 'system wide':

                 0      r8c7                                                          (11.68%)
                 0      r10c7                                                         (11.68%)
                 0      r20c7                                                         (10.39%)
                 0      r18c7                                                         (10.39%)
                 0      r40c7                                                         (10.39%)
                 0      r80c7                                                         (10.39%)
                 0      r18c7                                                         (10.39%)
    25,542,183,047      r3c7                                                          (10.39%)
    25,548,203,891      r1c7                                                          (10.39%)
                 0      r2c7                                                          (10.39%)
                 0      rfcc7                                                         (10.39%)
                 0      r1001eca                                                      (10.39%)
                 0      r1c6                                                          (10.39%)
                 0      r1c6                                                          (10.39%)
                 0      r1c6                                                          (10.39%)
                 0      r1c6                                                          (10.39%)
                 0      r1c6                                                          (5.20%)
   <not supported>      r1c6:p                                                      
                 0      r1c6                                                          (5.20%)
                 0      r1c6                                                          (5.20%)
                 0      r1c6                                                          (5.20%)
                 0      r1c6                                                          (5.20%)
                 0      r1c6                                                          (5.20%)
                 0      r1c6                                                          (5.20%)
                 0      r1c6                                                          (5.20%)
                 0      r1c6                                                          (5.20%)
                 0      r1c6                                                          (5.20%)
                 0      r1c6                                                          (5.20%)
                 0      r1c6                                                          (5.20%)
                 0      r1c6                                                          (5.20%)
                 0      r1c6                                                          (5.20%)
                 0      r4c8                                                          (6.49%)
                 0      r80c8                                                         (7.79%)
                 0      r8c8                                                          (9.09%)
                 0      r40c8                                                         (10.39%)
                 0      r10c8                                                         (10.39%)
                 0      r20c8                                                         (10.39%)
                 0      r2c8                                                          (10.39%)
                 0      r1c8                                                          (10.39%)
           566,409      r1cb                                                          (10.39%)
       346,615,073      r480                                                          (10.39%)
    42,088,274,579      r183                                                          (10.39%)
       129,621,226      r283                                                          (10.39%)
        80,340,845      r483                                                          (10.39%)
        78,986,741      r483                                                          (10.39%)
     7,939,698,888      r4fe                                                          (10.39%)
       266,699,961      r2fe                                                          (10.39%)
    27,541,943,456      r4001879                                                      (10.39%)
    55,067,209,720      r1001879                                                      (10.39%)
       569,338,252      r4002479                                                      (10.39%)
     1,648,036,894      r1002479                                                      (10.39%)
    54,697,590,841      r1000879                                                      (10.39%)
    55,083,460,708      r1001879                                                      (10.39%)
    27,556,315,921      r4001879                                                      (10.39%)
   163,531,652,944      r879                                                          (10.39%)
     1,055,252,076      r1000479                                                      (10.39%)
     2,823,505,112      r479                                                          (10.39%)
       994,150,154      r1003079                                                      (10.39%)
       386,623,141      r1001079                                                      (10.39%)
     1,550,949,744      r2079                                                         (10.39%)
       300,478,515      r1043079                                                      (10.39%)
     2,818,219,479      r3079                                                         (10.39%)
    29,785,518,446      r19c                                                          (10.39%)
       936,833,582      r400019c                                                      (10.39%)
   155,860,240,605      r180019c                                                      (10.39%)
     5,161,506,173      r300019c                                                      (10.39%)
    11,096,377,172      r200019c                                                      (10.39%)
    12,648,850,178      r100019c                                                      (10.39%)
           608,909      r187                                                          (10.39%)
     2,642,454,701      r155                                                          (10.39%)
   193,355,902,248      rc0                                                           (11.69%)
   193,379,427,967      rc0                                                           (11.69%)
       157,447,874      r2c0                                                          (11.69%)
   <not supported>      r1c0:p                                                      
   <not supported>      ra8001c0:p                                                  
       243,360,904      r800d                                                         (11.69%)
        30,309,029      r104010d                                                      (11.69%)
       176,104,446      r10d                                                          (11.69%)
       178,148,195      r20010d                                                       (11.69%)
           512,230      r1ae                                                          (11.69%)

      69.917283110 seconds time elapsed

