# started on Mon Feb  5 09:31:37 2024


 Performance counter stats for 'system wide':

        36,691,157      r1000114                                                      (10.52%)
         5,065,435      r1e6                                                          (10.52%)
    28,282,278,303      rc4                                                           (10.52%)
   <not supported>      r4c4:p                                                      
    27,942,667,145      r1c4                                                          (10.52%)
         1,212,584      r40c4                                                         (10.52%)
       153,187,076      r2c4                                                          (10.53%)
       154,786,851      r8c4                                                          (10.53%)
    28,025,495,847      r20c4                                                         (10.53%)
       295,199,904      r10c4                                                         (10.53%)
        13,225,434      rc5                                                           (10.53%)
   <not supported>      r4c5:p                                                      
         3,465,080      r1c5                                                          (10.53%)
            23,098      r2c5                                                          (10.53%)
        12,127,182      r20c5                                                         (10.53%)
     1,851,314,078      r23c                                                          (10.53%)
     1,851,408,766      r13c                                                          (10.53%)
     1,850,937,158      r20013c                                                       (10.53%)
     1,850,748,955      r23c                                                          (10.53%)
   155,608,246,817      r300                                                          (11.85%)
     1,849,756,090      r13c                                                          (11.85%)
     1,849,162,310      r20013c                                                       (11.85%)
           496,888      r104003c                                                      (11.85%)
   168,828,005,951      r3c                                                           (13.16%)
   168,786,479,929      r20003c                                                       (13.16%)
   168,670,674,524      r3c                                                           (13.16%)
   168,688,888,528      r20003c                                                       (13.16%)
   136,125,432,532      r80008a3                                                      (13.16%)
    57,980,752,425      r10001a3                                                      (13.16%)
   157,811,012,490      r100010a3                                                     (11.85%)
    83,446,312,661      rc000ca3                                                      (11.85%)
    43,319,375,151      r50005a3                                                      (11.85%)
    88,198,560,900      r140014a3                                                     (11.85%)
    94,936,784,138      r40004a3                                                      (11.85%)
    13,121,370,816      r2a6                                                          (11.85%)
    13,999,735,556      r4a6                                                          (10.53%)
    21,652,378,090      r8a6                                                          (10.53%)
    14,657,331,142      r10a6                                                         (10.53%)
     6,125,852,466      r40a6                                                         (10.53%)
       617,259,890      r1a6                                                          (10.53%)
           484,351      r187                                                          (10.53%)
   195,323,434,237      rc0                                                           (11.85%)
   195,274,399,169      rc0                                                           (11.85%)
   <not supported>      r1c0:p                                                      
   <not supported>      ra8001c0:p                                                  
       230,191,573      r800d                                                         (11.85%)
       170,627,310      r10d                                                          (11.85%)
       170,056,354      r20010d                                                       (11.85%)
               988      r803                                                          (11.85%)
         8,857,313      r203                                                          (11.85%)
       378,245,804      r107                                                          (11.85%)
             1,511      r14c                                                          (11.85%)
                 0      r40001a8                                                      (11.85%)
                 0      r10001a8                                                      (10.53%)
                 0      r1a8                                                          (10.53%)
         2,837,037      r10401c3                                                      (10.53%)
           689,268      r4c3                                                          (10.53%)
            40,883      r3fc1                                                         (10.53%)
   112,013,231,271      r1a2                                                          (10.53%)
     7,554,751,229      r8a2                                                          (10.53%)
                 0      r20cc                                                         (10.53%)
     5,725,818,427      r15e                                                          (10.53%)
       284,048,422      r184015e                                                      (10.53%)
    24,061,585,278      r1a1                                                          (10.53%)
    29,992,063,569      r2a1                                                          (10.53%)
    40,662,461,293      r4a1                                                          (10.53%)
    36,001,674,521      r8a1                                                          (10.53%)
    34,979,241,834      r10a1                                                         (10.53%)
    35,478,950,020      r20a1                                                         (10.53%)
    38,856,423,361      r40a1                                                         (10.52%)
       659,161,457      r80a1                                                         (10.52%)
   219,577,625,289      r2b1                                                          (10.52%)
    73,945,325,215      r10002b1                                                      (10.52%)
    60,816,894,118      r20002b1                                                      (10.52%)
    46,853,616,121      r30002b1                                                      (10.52%)
    25,239,320,962      r40002b1                                                      (10.52%)
    94,720,387,858      r18002b1                                                      (10.52%)
    73,953,227,743      r10001b1                                                      (10.52%)
    60,851,971,589      r20001b1                                                      (10.52%)
    46,898,104,427      r30001b1                                                      (10.52%)

      69.907087140 seconds time elapsed

