# started on Mon Feb  5 09:15:05 2024


 Performance counter stats for 'system wide':

        36,146,542      r1000114                                                      (10.52%)
         4,716,715      r1e6                                                          (10.52%)
    28,403,820,703      rc4                                                           (10.52%)
   <not supported>      r4c4:p                                                      
    28,078,507,683      r1c4                                                          (10.52%)
         1,195,336      r40c4                                                         (10.52%)
       142,125,577      r2c4                                                          (10.52%)
       141,558,060      r8c4                                                          (10.53%)
    26,869,708,602      r20c4                                                         (10.53%)
     1,504,486,674      r10c4                                                         (10.53%)
        12,148,102      rc5                                                           (10.53%)
   <not supported>      r4c5:p                                                      
         2,372,071      r1c5                                                          (10.53%)
             8,530      r2c5                                                          (10.53%)
        11,418,169      r20c5                                                         (10.53%)
     1,834,191,535      r23c                                                          (10.53%)
     1,834,673,447      r13c                                                          (10.53%)
     1,834,624,741      r20013c                                                       (10.53%)
     1,835,236,815      r23c                                                          (10.53%)
   154,139,874,238      r300                                                          (11.84%)
     1,833,499,620      r13c                                                          (11.84%)
     1,833,633,532      r20013c                                                       (11.84%)
           495,792      r104003c                                                      (11.84%)
   168,037,724,363      r3c                                                           (13.16%)
   168,097,234,104      r20003c                                                       (13.16%)
   168,140,284,605      r3c                                                           (13.16%)
   168,272,305,470      r20003c                                                       (13.16%)
   119,240,781,551      r80008a3                                                      (13.16%)
    71,911,220,451      r10001a3                                                      (13.16%)
   159,062,150,640      r100010a3                                                     (11.84%)
    80,493,531,971      rc000ca3                                                      (11.84%)
    53,619,235,753      r50005a3                                                      (11.84%)
    83,914,720,963      r140014a3                                                     (11.84%)
    90,076,490,734      r40004a3                                                      (11.84%)
    15,145,385,716      r2a6                                                          (11.84%)
    17,919,993,005      r4a6                                                          (10.53%)
    23,732,377,578      r8a6                                                          (10.53%)
    14,252,736,934      r10a6                                                         (10.53%)
     5,329,035,595      r40a6                                                         (10.53%)
       610,494,952      r1a6                                                          (10.53%)
           581,625      r187                                                          (10.53%)
   193,767,773,119      rc0                                                           (11.84%)
   193,752,183,939      rc0                                                           (11.84%)
   <not supported>      r1c0:p                                                      
   <not supported>      ra8001c0:p                                                  
       233,033,514      r800d                                                         (11.84%)
       173,187,043      r10d                                                          (11.84%)
       172,212,496      r20010d                                                       (11.84%)
               802      r803                                                          (11.84%)
         9,067,353      r203                                                          (11.84%)
       383,997,579      r107                                                          (11.84%)
           136,685      r14c                                                          (11.84%)
                 0      r40001a8                                                      (11.84%)
                 0      r10001a8                                                      (10.53%)
                 0      r1a8                                                          (10.53%)
         2,688,485      r10401c3                                                      (10.53%)
           654,426      r4c3                                                          (10.53%)
            39,169      r3fc1                                                         (10.53%)
   113,056,590,087      r1a2                                                          (10.53%)
     6,813,741,052      r8a2                                                          (10.53%)
                 0      r20cc                                                         (10.53%)
     5,032,849,486      r15e                                                          (10.53%)
       258,490,415      r184015e                                                      (10.53%)
    35,389,359,128      r1a1                                                          (10.53%)
    39,895,047,786      r2a1                                                          (10.53%)
    39,511,963,678      r4a1                                                          (10.53%)
    35,814,487,635      r8a1                                                          (10.53%)
    33,154,306,020      r10a1                                                         (10.53%)
    34,411,203,375      r20a1                                                         (10.53%)
    39,792,419,995      r40a1                                                         (10.53%)
       628,435,722      r80a1                                                         (10.53%)
   216,734,527,746      r2b1                                                          (10.53%)
    78,360,486,978      r10002b1                                                      (10.53%)
    63,172,439,669      r20002b1                                                      (10.53%)
    45,224,769,204      r30002b1                                                      (10.53%)
    21,510,983,058      r40002b1                                                      (10.53%)
    89,966,152,056      r18002b1                                                      (10.53%)
    78,295,221,505      r10001b1                                                      (10.53%)
    63,125,661,443      r20001b1                                                      (10.52%)
    45,214,200,606      r30001b1                                                      (10.52%)

      69.763995753 seconds time elapsed

