# started on Tue Feb  6 10:12:30 2024


 Performance counter stats for 'system wide':

                 0      unc_h_dir_update_ha_0                                         (23.51%)
                 0      unc_h_dir_update_ha_1                                         (23.51%)
            19,130      unc_h_dir_update_ha_2                                         (23.43%)
            18,193      unc_h_dir_update_ha_3                                         (23.39%)
                 0      unc_h_dir_update_ha_4                                         (23.54%)
                 0      unc_h_dir_update_ha_5                                         (23.53%)
                 0      unc_h_dir_update_ha_6                                         (23.51%)
                 0      unc_h_dir_update_ha_7                                         (23.54%)
                 0      unc_h_dir_update_tor_0                                        (23.54%)
                 0      unc_h_dir_update_tor_1                                        (23.54%)
                 0      unc_h_dir_update_tor_2                                        (23.54%)
                 0      unc_h_dir_update_tor_3                                        (23.54%)
                 0      unc_h_dir_update_tor_4                                        (23.54%)
                 0      unc_h_dir_update_tor_5                                        (23.54%)
                 0      unc_h_dir_update_tor_6                                        (23.54%)
                 0      unc_h_dir_update_tor_7                                        (23.54%)
             3,093      unc_h_hitme_hit_ex_rds_0                                      (23.54%)
             2,795      unc_h_hitme_hit_ex_rds_1                                      (23.54%)
                 0      unc_h_hitme_hit_ex_rds_2                                      (23.54%)
                 0      unc_h_hitme_hit_ex_rds_3                                      (23.54%)
             1,848      unc_h_hitme_hit_ex_rds_4                                      (23.54%)
             1,886      unc_h_hitme_hit_ex_rds_5                                      (23.54%)
                 0      unc_h_hitme_hit_ex_rds_6                                      (23.54%)
             1,619      unc_h_hitme_hit_ex_rds_7                                      (23.54%)
               718      unc_h_misc_rfo_hit_s_0                                        (23.54%)
               688      unc_h_misc_rfo_hit_s_1                                        (23.53%)
                68      unc_h_misc_rfo_hit_s_2                                        (23.54%)
               850      unc_h_misc_rfo_hit_s_3                                        (23.54%)
               374      unc_h_misc_rfo_hit_s_4                                        (23.53%)
                 8      unc_h_misc_rfo_hit_s_5                                        (23.53%)
               438      unc_h_misc_rfo_hit_s_6                                        (23.53%)
               294      unc_h_misc_rfo_hit_s_7                                        (23.83%)
        38,651,603      unc_h_requests_invitoe_local_0                                     (23.60%)
        38,861,283      unc_h_requests_invitoe_local_1                                     (23.60%)
        38,880,111      unc_h_requests_invitoe_local_2                                     (23.60%)
        38,883,150      unc_h_requests_invitoe_local_3                                     (23.60%)
        38,704,908      unc_h_requests_invitoe_local_4                                     (23.53%)
        38,922,619      unc_h_requests_invitoe_local_5                                     (23.82%)
        38,921,777      unc_h_requests_invitoe_local_6                                     (23.82%)
        38,586,441      unc_h_requests_invitoe_local_7                                     (23.72%)
               174      unc_h_requests_invitoe_remote_0                                     (23.58%)
             2,801      unc_h_requests_invitoe_remote_1                                     (23.60%)
             9,135      unc_h_requests_invitoe_remote_2                                     (23.65%)
             2,972      unc_h_requests_invitoe_remote_3                                     (23.69%)
             7,657      unc_h_requests_invitoe_remote_4                                     (23.53%)
             6,034      unc_h_requests_invitoe_remote_5                                     (23.63%)
             8,452      unc_h_requests_invitoe_remote_6                                     (23.68%)
                 0      unc_h_requests_invitoe_remote_7                                     (23.25%)
     1,013,665,465      unc_h_requests_reads_0                                        (23.47%)
     1,010,595,663      unc_h_requests_reads_1                                        (23.47%)
     1,011,012,546      unc_h_requests_reads_2                                        (23.48%)
     1,011,632,712      unc_h_requests_reads_3                                        (23.48%)
     1,012,547,665      unc_h_requests_reads_4                                        (23.53%)
     1,010,970,891      unc_h_requests_reads_5                                        (23.24%)
     1,010,832,720      unc_h_requests_reads_6                                        (23.25%)
     1,013,141,392      unc_h_requests_reads_7                                        (23.35%)
     1,016,655,402      unc_h_requests_reads_local_0                                     (23.53%)
     1,016,452,547      unc_h_requests_reads_local_1                                     (23.53%)
     1,016,628,113      unc_h_requests_reads_local_2                                     (23.53%)
     1,016,918,869      unc_h_requests_reads_local_3                                     (23.53%)
     1,016,002,614      unc_h_requests_reads_local_4                                     (23.53%)
     1,016,663,867      unc_h_requests_reads_local_5                                     (23.53%)
     1,016,637,654      unc_h_requests_reads_local_6                                     (23.53%)
     1,016,475,719      unc_h_requests_reads_local_7                                     (23.53%)
       448,453,446      unc_h_requests_writes_0                                       (23.53%)
       448,413,080      unc_h_requests_writes_1                                       (23.53%)
       448,700,115      unc_h_requests_writes_2                                       (23.53%)
       448,302,431      unc_h_requests_writes_3                                       (23.53%)
       448,286,380      unc_h_requests_writes_4                                       (23.53%)
       447,908,868      unc_h_requests_writes_5                                       (23.53%)
       448,193,966      unc_h_requests_writes_6                                       (23.53%)
       448,118,282      unc_h_requests_writes_7                                       (23.53%)
       448,892,809      unc_h_requests_writes_local_0                                     (23.53%)
       448,774,163      unc_h_requests_writes_local_1                                     (23.53%)
       449,156,762      unc_h_requests_writes_local_2                                     (23.53%)
       448,818,261      unc_h_requests_writes_local_3                                     (23.53%)
       448,747,193      unc_h_requests_writes_local_4                                     (23.53%)
       448,552,617      unc_h_requests_writes_local_5                                     (23.59%)
       448,618,953      unc_h_requests_writes_local_6                                     (23.59%)
       448,486,385      unc_h_requests_writes_local_7                                     (23.59%)
     2,265,490,409      unc_h_rxc_inserts_irq_0                                       (23.53%)
     2,183,420,213      unc_h_rxc_inserts_irq_1                                       (23.64%)
     2,182,751,184      unc_h_rxc_inserts_irq_2                                       (23.70%)
     2,184,839,071      unc_h_rxc_inserts_irq_3                                       (23.76%)
     2,175,125,485      unc_h_rxc_inserts_irq_4                                       (23.53%)
     2,183,847,700      unc_h_rxc_inserts_irq_5                                       (23.72%)
     2,184,241,684      unc_h_rxc_inserts_irq_6                                       (23.79%)
     2,185,548,489      unc_h_rxc_inserts_irq_7                                       (23.85%)
           220,704      unc_h_rxc_irq1_reject_pa_match_0                                     (23.56%)
           241,478      unc_h_rxc_irq1_reject_pa_match_1                                     (23.56%)
           191,350      unc_h_rxc_irq1_reject_pa_match_2                                     (23.58%)
           187,341      unc_h_rxc_irq1_reject_pa_match_3                                     (23.61%)
           193,583      unc_h_rxc_irq1_reject_pa_match_4                                     (23.53%)
           175,594      unc_h_rxc_irq1_reject_pa_match_5                                     (23.48%)
           197,831      unc_h_rxc_irq1_reject_pa_match_6                                     (23.50%)
           243,556      unc_h_rxc_irq1_reject_pa_match_7                                     (23.52%)
    17,653,604,601      unc_h_rxc_occupancy_irq_0                                     (23.53%)
    16,960,232,682      unc_h_rxc_occupancy_irq_1                                     (23.42%)
    16,805,102,788      unc_h_rxc_occupancy_irq_2                                     (23.36%)
    17,202,256,726      unc_h_rxc_occupancy_irq_3                                     (23.30%)
    17,623,384,413      unc_h_rxc_occupancy_irq_4                                     (23.53%)
    17,283,423,483      unc_h_rxc_occupancy_irq_5                                     (23.34%)
    24,485,625,606      unc_h_rxc_occupancy_irq_6                                     (23.27%)
    24,224,272,419      unc_h_rxc_occupancy_irq_7                                     (23.21%)
             7,128      unc_h_snoop_resp_rsp_fwd_wb_0                                     (23.49%)
            18,545      unc_h_snoop_resp_rsp_fwd_wb_1                                     (23.46%)
                 0      unc_h_snoop_resp_rsp_fwd_wb_2                                     (23.48%)
                 0      unc_h_snoop_resp_rsp_fwd_wb_3                                     (23.45%)
             4,416      unc_h_snoop_resp_rsp_fwd_wb_4                                     (23.53%)
            18,395      unc_h_snoop_resp_rsp_fwd_wb_5                                     (23.43%)
            23,418      unc_h_snoop_resp_rsp_fwd_wb_6                                     (23.39%)
             4,098      unc_h_snoop_resp_rsp_fwd_wb_7                                     (23.47%)
                 0      unc_h_snoop_resp_rspcnflct_0                                     (23.53%)
                 0      unc_h_snoop_resp_rspcnflct_1                                     (23.52%)
                 0      unc_h_snoop_resp_rspcnflct_2                                     (23.52%)
                 0      unc_h_snoop_resp_rspcnflct_3                                     (23.52%)
                 0      unc_h_snoop_resp_rspcnflct_4                                     (23.53%)
                 0      unc_h_snoop_resp_rspcnflct_5                                     (23.53%)
                 0      unc_h_snoop_resp_rspcnflct_6                                     (23.52%)
                 0      unc_h_snoop_resp_rspcnflct_7                                     (23.52%)
             7,059      unc_h_snoop_resp_rspifwd_0                                     (23.53%)
             7,107      unc_h_snoop_resp_rspifwd_1                                     (23.53%)
             2,367      unc_h_snoop_resp_rspifwd_2                                     (23.53%)
                 0      unc_h_snoop_resp_rspifwd_3                                     (23.53%)
                 0      unc_h_snoop_resp_rspifwd_4                                     (23.53%)
             5,334      unc_h_snoop_resp_rspifwd_5                                     (23.53%)
             4,237      unc_h_snoop_resp_rspifwd_6                                     (23.53%)
                 0      unc_h_snoop_resp_rspifwd_7                                     (23.53%)
                 0      unc_h_snoop_resp_rspsfwd_0                                     (23.53%)
                 0      unc_h_snoop_resp_rspsfwd_1                                     (23.53%)
                 0      unc_h_snoop_resp_rspsfwd_2                                     (23.53%)
             6,949      unc_h_snoop_resp_rspsfwd_3                                     (23.53%)
             4,284      unc_h_snoop_resp_rspsfwd_4                                     (23.53%)
                 0      unc_h_snoop_resp_rspsfwd_5                                     (23.53%)
                 0      unc_h_snoop_resp_rspsfwd_6                                     (23.53%)
             3,851      unc_h_snoop_resp_rspsfwd_7                                     (23.53%)
           124,980      unc_i_cache_total_occupancy_mem_0                                     (33.35%)
            91,786      unc_i_cache_total_occupancy_mem_1                                     (33.33%)
                 0      unc_i_cache_total_occupancy_mem_2                                     (33.33%)
                 0      unc_i_cache_total_occupancy_mem_3                                     (33.33%)
                 0      unc_i_cache_total_occupancy_mem_4                                     (33.33%)
                 0      unc_i_cache_total_occupancy_mem_5                                     (33.33%)
                21      unc_i_coherent_ops_pcitom_0                                     (33.33%)
                 0      unc_i_coherent_ops_pcitom_1                                     (33.32%)
                 0      unc_i_coherent_ops_pcitom_2                                     (33.32%)
                 0      unc_i_coherent_ops_pcitom_3                                     (33.32%)
                 0      unc_i_coherent_ops_pcitom_4                                     (33.32%)
                 0      unc_i_coherent_ops_pcitom_5                                     (33.32%)
               492      unc_i_coherent_ops_rfo_0                                      (33.32%)
               123      unc_i_coherent_ops_rfo_1                                      (33.35%)
                 0      unc_i_coherent_ops_rfo_2                                      (33.35%)
                 0      unc_i_coherent_ops_rfo_3                                      (33.35%)
                 0      unc_i_coherent_ops_rfo_4                                      (33.35%)
                 0      unc_i_coherent_ops_rfo_5                                      (33.35%)
               909      unc_i_faf_inserts_0                                           (33.35%)
            39,159      unc_i_faf_inserts_1                                           (33.33%)
                 0      unc_i_faf_inserts_2                                           (33.33%)
                 0      unc_i_faf_inserts_3                                           (33.33%)
                 0      unc_i_faf_inserts_4                                           (33.33%)
                 0      unc_i_faf_inserts_5                                           (33.33%)
               747      unc_i_faf_occupancy_0                                         (33.33%)
            30,033      unc_i_faf_occupancy_1                                         (33.32%)
                 0      unc_i_faf_occupancy_2                                         (33.32%)
                 0      unc_i_faf_occupancy_3                                         (33.32%)
                 0      unc_i_faf_occupancy_4                                         (33.32%)
                 0      unc_i_faf_occupancy_5                                         (33.32%)
               471      unc_i_transactions_wr_pref_0                                     (33.32%)
                39      unc_i_transactions_wr_pref_1                                     (33.35%)
                 0      unc_i_transactions_wr_pref_2                                     (33.35%)
                 0      unc_i_transactions_wr_pref_3                                     (33.35%)
                 0      unc_i_transactions_wr_pref_4                                     (33.35%)
                 0      unc_i_transactions_wr_pref_5                                     (33.35%)
    67,756,679,054      unc_iio_clockticks_0                                          (5.29%)
    67,538,367,583      unc_iio_clockticks_1                                          (7.02%)
    67,535,152,441      unc_iio_clockticks_2                                          (7.02%)
    67,740,115,186      unc_iio_clockticks_3                                          (5.28%)
                 0      unc_iio_clockticks_4                                          (6.98%)
                 0      unc_iio_clockticks_5                                          (6.98%)
                 0      unc_iio_comp_buf_inserts_cmpd_all_parts_0                                     (7.04%)
                 0      unc_iio_comp_buf_inserts_cmpd_all_parts_1                                     (5.30%)
                 0      unc_iio_comp_buf_inserts_cmpd_all_parts_2                                     (5.33%)
                 0      unc_iio_comp_buf_inserts_cmpd_all_parts_3                                     (7.03%)
                 0      unc_iio_comp_buf_inserts_cmpd_all_parts_4                                     (7.04%)
                 0      unc_iio_comp_buf_inserts_cmpd_all_parts_5                                     (5.32%)
                 0      unc_iio_comp_buf_inserts_cmpd_part0_0                                     (7.04%)
                 0      unc_iio_comp_buf_inserts_cmpd_part0_1                                     (7.03%)
                 0      unc_iio_comp_buf_inserts_cmpd_part0_2                                     (7.04%)
                 0      unc_iio_comp_buf_inserts_cmpd_part0_3                                     (7.03%)
                 0      unc_iio_comp_buf_inserts_cmpd_part0_4                                     (7.01%)
                 0      unc_iio_comp_buf_inserts_cmpd_part0_5                                     (7.01%)
                 0      unc_iio_comp_buf_inserts_cmpd_part1_0                                     (7.05%)
                 0      unc_iio_comp_buf_inserts_cmpd_part1_1                                     (7.04%)
                 0      unc_iio_comp_buf_inserts_cmpd_part1_2                                     (7.04%)
                 0      unc_iio_comp_buf_inserts_cmpd_part1_3                                     (7.03%)
                 0      unc_iio_comp_buf_inserts_cmpd_part1_4                                     (7.03%)
                 0      unc_iio_comp_buf_inserts_cmpd_part1_5                                     (7.05%)
                 0      unc_iio_comp_buf_inserts_cmpd_part2_0                                     (7.05%)
                 0      unc_iio_comp_buf_inserts_cmpd_part2_1                                     (7.01%)
                 0      unc_iio_comp_buf_inserts_cmpd_part2_2                                     (7.01%)
                 0      unc_iio_comp_buf_inserts_cmpd_part2_3                                     (7.03%)
                 0      unc_iio_comp_buf_inserts_cmpd_part2_4                                     (7.04%)
                 0      unc_iio_comp_buf_inserts_cmpd_part2_5                                     (7.04%)
                 0      unc_iio_comp_buf_inserts_cmpd_part3_0                                     (7.02%)
                 0      unc_iio_comp_buf_inserts_cmpd_part3_1                                     (7.02%)
                 0      unc_iio_comp_buf_inserts_cmpd_part3_2                                     (7.06%)
                 0      unc_iio_comp_buf_inserts_cmpd_part3_3                                     (7.03%)
                 0      unc_iio_comp_buf_inserts_cmpd_part3_4                                     (7.02%)
                 0      unc_iio_comp_buf_inserts_cmpd_part3_5                                     (7.02%)
            32,196      unc_iio_comp_buf_occupancy_cmpd_all_parts_0                                     (7.03%)
        30,402,965      unc_iio_comp_buf_occupancy_cmpd_all_parts_1                                     (7.03%)
                 0      unc_iio_comp_buf_occupancy_cmpd_all_parts_2                                     (7.02%)
                 0      unc_iio_comp_buf_occupancy_cmpd_all_parts_3                                     (7.03%)
                 0      unc_iio_comp_buf_occupancy_cmpd_all_parts_4                                     (7.02%)
                 0      unc_iio_comp_buf_occupancy_cmpd_all_parts_5                                     (7.02%)
                 0      unc_iio_comp_buf_occupancy_cmpd_part0_0                                     (7.02%)
                 0      unc_iio_comp_buf_occupancy_cmpd_part0_1                                     (7.02%)
                 0      unc_iio_comp_buf_occupancy_cmpd_part0_2                                     (7.03%)
                 0      unc_iio_comp_buf_occupancy_cmpd_part0_3                                     (7.02%)
                 0      unc_iio_comp_buf_occupancy_cmpd_part0_4                                     (7.03%)
                 0      unc_iio_comp_buf_occupancy_cmpd_part0_5                                     (7.03%)
            45,509      unc_iio_comp_buf_occupancy_cmpd_part1_0                                     (7.02%)
                 0      unc_iio_comp_buf_occupancy_cmpd_part1_1                                     (7.02%)
                 0      unc_iio_comp_buf_occupancy_cmpd_part1_2                                     (7.03%)
                 0      unc_iio_comp_buf_occupancy_cmpd_part1_3                                     (7.02%)
                 0      unc_iio_comp_buf_occupancy_cmpd_part1_4                                     (7.03%)
                 0      unc_iio_comp_buf_occupancy_cmpd_part1_5                                     (7.03%)
                 0      unc_iio_comp_buf_occupancy_cmpd_part2_0                                     (7.02%)
                 0      unc_iio_comp_buf_occupancy_cmpd_part2_1                                     (7.02%)
                 0      unc_iio_comp_buf_occupancy_cmpd_part2_2                                     (7.02%)
                 0      unc_iio_comp_buf_occupancy_cmpd_part2_3                                     (7.02%)
                 0      unc_iio_comp_buf_occupancy_cmpd_part2_4                                     (7.02%)
                 0      unc_iio_comp_buf_occupancy_cmpd_part2_5                                     (7.02%)
                 0      unc_iio_comp_buf_occupancy_cmpd_part3_0                                     (7.01%)
                 0      unc_iio_comp_buf_occupancy_cmpd_part3_1                                     (3.53%)
                 0      unc_iio_comp_buf_occupancy_cmpd_part3_2                                     (7.02%)
                 0      unc_iio_comp_buf_occupancy_cmpd_part3_3                                     (7.02%)
                 0      unc_iio_comp_buf_occupancy_cmpd_part3_4                                     (3.53%)
                 0      unc_iio_comp_buf_occupancy_cmpd_part3_5                                     (7.05%)
                 0      unc_iio_data_req_by_cpu_mem_read_part0_0                                     (5.28%)
                 0      unc_iio_data_req_by_cpu_mem_read_part0_1                                     (7.03%)
                 0      unc_iio_data_req_by_cpu_mem_read_part0_2                                     (7.03%)
                 0      unc_iio_data_req_by_cpu_mem_read_part0_3                                     (5.27%)
                 0      unc_iio_data_req_by_cpu_mem_read_part0_4                                     (3.52%)
                 0      unc_iio_data_req_by_cpu_mem_read_part0_5                                     (7.03%)
                 0      unc_iio_data_req_by_cpu_mem_read_part1_0                                     (7.02%)
                 0      unc_iio_data_req_by_cpu_mem_read_part1_1                                     (7.02%)
                 0      unc_iio_data_req_by_cpu_mem_read_part1_2                                     (7.02%)
                 0      unc_iio_data_req_by_cpu_mem_read_part1_3                                     (7.02%)
                 0      unc_iio_data_req_by_cpu_mem_read_part1_4                                     (7.02%)
                 0      unc_iio_data_req_by_cpu_mem_read_part1_5                                     (7.02%)
                 0      unc_iio_data_req_by_cpu_mem_read_part2_0                                     (7.01%)
                 0      unc_iio_data_req_by_cpu_mem_read_part2_1                                     (7.00%)
                 0      unc_iio_data_req_by_cpu_mem_read_part2_2                                     (6.99%)
                 0      unc_iio_data_req_by_cpu_mem_read_part2_3                                     (7.02%)
                 0      unc_iio_data_req_by_cpu_mem_read_part2_4                                     (7.04%)
                 0      unc_iio_data_req_by_cpu_mem_read_part2_5                                     (7.03%)
                 0      unc_iio_data_req_by_cpu_mem_read_part3_0                                     (7.02%)
                 0      unc_iio_data_req_by_cpu_mem_read_part3_1                                     (7.00%)
                 0      unc_iio_data_req_by_cpu_mem_read_part3_2                                     (7.03%)
                 0      unc_iio_data_req_by_cpu_mem_read_part3_3                                     (7.02%)
                 0      unc_iio_data_req_by_cpu_mem_read_part3_4                                     (7.02%)
                 0      unc_iio_data_req_by_cpu_mem_read_part3_5                                     (7.00%)
                 0      unc_iio_data_req_by_cpu_mem_write_part0_0                                     (7.00%)
                 0      unc_iio_data_req_by_cpu_mem_write_part0_1                                     (7.05%)
                 0      unc_iio_data_req_by_cpu_mem_write_part0_2                                     (7.03%)
                 0      unc_iio_data_req_by_cpu_mem_write_part0_3                                     (7.02%)
                 0      unc_iio_data_req_by_cpu_mem_write_part0_4                                     (7.03%)
                 0      unc_iio_data_req_by_cpu_mem_write_part0_5                                     (7.02%)
                 0      unc_iio_data_req_by_cpu_mem_write_part1_0                                     (7.03%)
                 0      unc_iio_data_req_by_cpu_mem_write_part1_1                                     (7.03%)
                 0      unc_iio_data_req_by_cpu_mem_write_part1_2                                     (7.03%)
                 0      unc_iio_data_req_by_cpu_mem_write_part1_3                                     (7.02%)
                 0      unc_iio_data_req_by_cpu_mem_write_part1_4                                     (7.01%)
                 0      unc_iio_data_req_by_cpu_mem_write_part1_5                                     (7.04%)
                 0      unc_iio_data_req_by_cpu_mem_write_part2_0                                     (7.04%)
                 0      unc_iio_data_req_by_cpu_mem_write_part2_1                                     (7.02%)
                 0      unc_iio_data_req_by_cpu_mem_write_part2_2                                     (7.01%)
                 0      unc_iio_data_req_by_cpu_mem_write_part2_3                                     (7.02%)
                 0      unc_iio_data_req_by_cpu_mem_write_part2_4                                     (6.99%)
                 0      unc_iio_data_req_by_cpu_mem_write_part2_5                                     (7.00%)
                 0      unc_iio_data_req_by_cpu_mem_write_part3_0                                     (7.02%)
                 0      unc_iio_data_req_by_cpu_mem_write_part3_1                                     (7.02%)
                 0      unc_iio_data_req_by_cpu_mem_write_part3_2                                     (7.00%)
                 0      unc_iio_data_req_by_cpu_mem_write_part3_3                                     (7.02%)
                 0      unc_iio_data_req_by_cpu_mem_write_part3_4                                     (7.01%)
                 0      unc_iio_data_req_by_cpu_mem_write_part3_5                                     (7.02%)
                 0      unc_iio_data_req_by_cpu_peer_read_part0_0                                     (7.02%)
                 0      unc_iio_data_req_by_cpu_peer_read_part0_1                                     (7.01%)
                 0      unc_iio_data_req_by_cpu_peer_read_part0_2                                     (7.01%)
                 0      unc_iio_data_req_by_cpu_peer_read_part0_3                                     (7.02%)
                 0      unc_iio_data_req_by_cpu_peer_read_part0_4                                     (7.01%)
                 0      unc_iio_data_req_by_cpu_peer_read_part0_5                                     (7.01%)
                 0      unc_iio_data_req_by_cpu_peer_read_part1_0                                     (7.02%)
                 0      unc_iio_data_req_by_cpu_peer_read_part1_1                                     (7.02%)
                 0      unc_iio_data_req_by_cpu_peer_read_part1_2                                     (7.02%)
                 0      unc_iio_data_req_by_cpu_peer_read_part1_3                                     (7.02%)
                 0      unc_iio_data_req_by_cpu_peer_read_part1_4                                     (7.02%)
                 0      unc_iio_data_req_by_cpu_peer_read_part1_5                                     (7.03%)
                 0      unc_iio_data_req_by_cpu_peer_read_part2_0                                     (7.01%)
                 0      unc_iio_data_req_by_cpu_peer_read_part2_1                                     (7.02%)
                 0      unc_iio_data_req_by_cpu_peer_read_part2_2                                     (7.02%)
                 0      unc_iio_data_req_by_cpu_peer_read_part2_3                                     (7.01%)
                 0      unc_iio_data_req_by_cpu_peer_read_part2_4                                     (7.02%)
                 0      unc_iio_data_req_by_cpu_peer_read_part2_5                                     (7.03%)
                 0      unc_iio_data_req_by_cpu_peer_read_part3_0                                     (7.02%)
                 0      unc_iio_data_req_by_cpu_peer_read_part3_1                                     (7.02%)
                 0      unc_iio_data_req_by_cpu_peer_read_part3_2                                     (7.02%)
                 0      unc_iio_data_req_by_cpu_peer_read_part3_3                                     (7.02%)
                 0      unc_iio_data_req_by_cpu_peer_read_part3_4                                     (7.01%)
                 0      unc_iio_data_req_by_cpu_peer_read_part3_5                                     (7.01%)
                 0      unc_iio_data_req_by_cpu_peer_write_part0_0                                     (7.02%)
                 0      unc_iio_data_req_by_cpu_peer_write_part0_1                                     (7.02%)
                 0      unc_iio_data_req_by_cpu_peer_write_part0_2                                     (7.01%)
                 0      unc_iio_data_req_by_cpu_peer_write_part0_3                                     (7.02%)
                 0      unc_iio_data_req_by_cpu_peer_write_part0_4                                     (7.01%)
                 0      unc_iio_data_req_by_cpu_peer_write_part0_5                                     (7.02%)
                 0      unc_iio_data_req_by_cpu_peer_write_part1_0                                     (7.00%)
                 0      unc_iio_data_req_by_cpu_peer_write_part1_1                                     (7.00%)
                 0      unc_iio_data_req_by_cpu_peer_write_part1_2                                     (6.98%)
                 0      unc_iio_data_req_by_cpu_peer_write_part1_3                                     (7.02%)
                 0      unc_iio_data_req_by_cpu_peer_write_part1_4                                     (7.02%)
                 0      unc_iio_data_req_by_cpu_peer_write_part1_5                                     (7.00%)
                 0      unc_iio_data_req_by_cpu_peer_write_part2_0                                     (3.51%)
                 0      unc_iio_data_req_by_cpu_peer_write_part2_1                                     (7.02%)
                 0      unc_iio_data_req_by_cpu_peer_write_part2_2                                     (3.55%)
                 0      unc_iio_data_req_by_cpu_peer_write_part2_3                                     (3.51%)
                 0      unc_iio_data_req_by_cpu_peer_write_part2_4                                     (7.06%)
                 0      unc_iio_data_req_by_cpu_peer_write_part2_5                                     (3.54%)
                 0      unc_iio_data_req_by_cpu_peer_write_part3_0                                     (5.27%)
                 0      unc_iio_data_req_by_cpu_peer_write_part3_1                                     (3.52%)
                 0      unc_iio_data_req_by_cpu_peer_write_part3_2                                     (5.29%)
                 0      unc_iio_data_req_by_cpu_peer_write_part3_3                                     (5.26%)
                 0      unc_iio_data_req_by_cpu_peer_write_part3_4                                     (3.51%)
                 0      unc_iio_data_req_by_cpu_peer_write_part3_5                                     (5.30%)
                 0      unc_iio_data_req_of_cpu_mem_read_part0_0                                     (7.04%)
                 0      unc_iio_data_req_of_cpu_mem_read_part0_1                                     (7.05%)
                 0      unc_iio_data_req_of_cpu_mem_read_part0_2                                     (7.05%)
                 0      unc_iio_data_req_of_cpu_mem_read_part0_3                                     (7.02%)
                 0      unc_iio_data_req_of_cpu_mem_read_part0_4                                     (5.27%)
                 0      unc_iio_data_req_of_cpu_mem_read_part0_5                                     (7.05%)
                 0      unc_iio_data_req_of_cpu_mem_read_part1_0                                     (7.02%)
                 0      unc_iio_data_req_of_cpu_mem_read_part1_1                                     (7.02%)
                 0      unc_iio_data_req_of_cpu_mem_read_part1_2                                     (7.01%)
                 0      unc_iio_data_req_of_cpu_mem_read_part1_3                                     (7.02%)
                 0      unc_iio_data_req_of_cpu_mem_read_part1_4                                     (7.03%)
                 0      unc_iio_data_req_of_cpu_mem_read_part1_5                                     (7.03%)
                 0      unc_iio_data_req_of_cpu_mem_read_part2_0                                     (7.01%)
                 0      unc_iio_data_req_of_cpu_mem_read_part2_1                                     (7.01%)
                 0      unc_iio_data_req_of_cpu_mem_read_part2_2                                     (7.02%)
                 0      unc_iio_data_req_of_cpu_mem_read_part2_3                                     (7.02%)
                 0      unc_iio_data_req_of_cpu_mem_read_part2_4                                     (7.00%)
                 0      unc_iio_data_req_of_cpu_mem_read_part2_5                                     (7.00%)
                 0      unc_iio_data_req_of_cpu_mem_read_part3_0                                     (7.01%)
                 0      unc_iio_data_req_of_cpu_mem_read_part3_1                                     (7.01%)
                 0      unc_iio_data_req_of_cpu_mem_read_part3_2                                     (7.01%)
                 0      unc_iio_data_req_of_cpu_mem_read_part3_3                                     (7.02%)
                 0      unc_iio_data_req_of_cpu_mem_read_part3_4                                     (7.00%)
                 0      unc_iio_data_req_of_cpu_mem_read_part3_5                                     (6.99%)
                 0      unc_iio_data_req_of_cpu_mem_write_part0_0                                     (7.02%)
                 0      unc_iio_data_req_of_cpu_mem_write_part0_1                                     (7.02%)
                 0      unc_iio_data_req_of_cpu_mem_write_part0_2                                     (7.02%)
                 0      unc_iio_data_req_of_cpu_mem_write_part0_3                                     (5.26%)
                 0      unc_iio_data_req_of_cpu_mem_write_part0_4                                     (7.02%)
                 0      unc_iio_data_req_of_cpu_mem_write_part0_5                                     (7.02%)
                 0      unc_iio_data_req_of_cpu_mem_write_part1_0                                     (5.28%)
                 0      unc_iio_data_req_of_cpu_mem_write_part1_1                                     (7.04%)
                 0      unc_iio_data_req_of_cpu_mem_write_part1_2                                     (7.03%)
                 0      unc_iio_data_req_of_cpu_mem_write_part1_3                                     (5.26%)
                 0      unc_iio_data_req_of_cpu_mem_write_part1_4                                     (5.26%)
                 0      unc_iio_data_req_of_cpu_mem_write_part1_5                                     (7.01%)
                 0      unc_iio_data_req_of_cpu_mem_write_part2_0                                     (5.26%)
                 0      unc_iio_data_req_of_cpu_mem_write_part2_1                                     (5.25%)
                 0      unc_iio_data_req_of_cpu_mem_write_part2_2                                     (6.99%)
                 0      unc_iio_data_req_of_cpu_mem_write_part2_3                                     (7.02%)
                 0      unc_iio_data_req_of_cpu_mem_write_part2_4                                     (5.26%)
                 0      unc_iio_data_req_of_cpu_mem_write_part2_5                                     (7.01%)
                 0      unc_iio_data_req_of_cpu_mem_write_part3_0                                     (7.00%)
                 0      unc_iio_data_req_of_cpu_mem_write_part3_1                                     (5.24%)
                 0      unc_iio_data_req_of_cpu_mem_write_part3_2                                     (5.26%)
                 0      unc_iio_data_req_of_cpu_mem_write_part3_3                                     (7.02%)
                 0      unc_iio_data_req_of_cpu_mem_write_part3_4                                     (7.00%)
                 0      unc_iio_data_req_of_cpu_mem_write_part3_5                                     (5.26%)
                 0      unc_iio_data_req_of_cpu_peer_read_part0_0                                     (7.02%)
                 0      unc_iio_data_req_of_cpu_peer_read_part0_1                                     (7.02%)
                 0      unc_iio_data_req_of_cpu_peer_read_part0_2                                     (5.26%)
                 0      unc_iio_data_req_of_cpu_peer_read_part0_3                                     (7.02%)
                 0      unc_iio_data_req_of_cpu_peer_read_part0_4                                     (7.03%)
                 0      unc_iio_data_req_of_cpu_peer_read_part0_5                                     (5.29%)
                 0      unc_iio_data_req_of_cpu_peer_read_part1_0                                     (5.28%)
                 0      unc_iio_data_req_of_cpu_peer_read_part1_1                                     (7.04%)
                 0      unc_iio_data_req_of_cpu_peer_read_part1_2                                     (7.02%)
                 0      unc_iio_data_req_of_cpu_peer_read_part1_3                                     (5.26%)
                 0      unc_iio_data_req_of_cpu_peer_read_part1_4                                     (7.04%)
                 0      unc_iio_data_req_of_cpu_peer_read_part1_5                                     (7.03%)
                 0      unc_iio_data_req_of_cpu_peer_read_part2_0                                     (5.27%)
                 0      unc_iio_data_req_of_cpu_peer_read_part2_1                                     (5.26%)
                 0      unc_iio_data_req_of_cpu_peer_read_part2_2                                     (7.04%)
                 0      unc_iio_data_req_of_cpu_peer_read_part2_3                                     (5.26%)
                 0      unc_iio_data_req_of_cpu_peer_read_part2_4                                     (5.26%)
                 0      unc_iio_data_req_of_cpu_peer_read_part2_5                                     (7.01%)
                 0      unc_iio_data_req_of_cpu_peer_read_part3_0                                     (7.01%)
                 0      unc_iio_data_req_of_cpu_peer_read_part3_1                                     (5.26%)
                 0      unc_iio_data_req_of_cpu_peer_read_part3_2                                     (7.01%)
                 0      unc_iio_data_req_of_cpu_peer_read_part3_3                                     (7.02%)
                 0      unc_iio_data_req_of_cpu_peer_read_part3_4                                     (5.25%)
                 0      unc_iio_data_req_of_cpu_peer_read_part3_5                                     (7.01%)
                 0      unc_iio_data_req_of_cpu_peer_write_part0_0                                     (7.02%)
                 0      unc_iio_data_req_of_cpu_peer_write_part0_1                                     (7.01%)
                 0      unc_iio_data_req_of_cpu_peer_write_part0_2                                     (7.00%)
                 0      unc_iio_data_req_of_cpu_peer_write_part0_3                                     (7.02%)
                 0      unc_iio_data_req_of_cpu_peer_write_part0_4                                     (7.00%)
                 0      unc_iio_data_req_of_cpu_peer_write_part0_5                                     (6.97%)
                 0      unc_iio_data_req_of_cpu_peer_write_part1_0                                     (7.01%)
                 0      unc_iio_data_req_of_cpu_peer_write_part1_1                                     (7.00%)
                 0      unc_iio_data_req_of_cpu_peer_write_part1_2                                     (5.25%)
                 0      unc_iio_data_req_of_cpu_peer_write_part1_3                                     (7.02%)
                 0      unc_iio_data_req_of_cpu_peer_write_part1_4                                     (7.01%)
                 0      unc_iio_data_req_of_cpu_peer_write_part1_5                                     (5.25%)
                 0      unc_iio_data_req_of_cpu_peer_write_part2_0                                     (5.26%)
                 0      unc_iio_data_req_of_cpu_peer_write_part2_1                                     (7.02%)
                 0      unc_iio_data_req_of_cpu_peer_write_part2_2                                     (5.25%)
                 0      unc_iio_data_req_of_cpu_peer_write_part2_3                                     (5.26%)
                 0      unc_iio_data_req_of_cpu_peer_write_part2_4                                     (7.00%)
                 0      unc_iio_data_req_of_cpu_peer_write_part2_5                                     (5.26%)
                 0      unc_iio_data_req_of_cpu_peer_write_part3_0                                     (5.26%)
                 0      unc_iio_data_req_of_cpu_peer_write_part3_1                                     (5.26%)
                 0      unc_iio_data_req_of_cpu_peer_write_part3_2                                     (7.02%)
                 0      unc_iio_data_req_of_cpu_peer_write_part3_3                                     (5.26%)
                 0      unc_iio_data_req_of_cpu_peer_write_part3_4                                     (5.26%)
                 0      unc_iio_data_req_of_cpu_peer_write_part3_5                                     (5.26%)
                 0      unc_iio_payload_bytes_in_mem_read_part0_0                                     (7.02%)
                 0      unc_iio_payload_bytes_in_mem_read_part0_1                                     (5.26%)
                 0      unc_iio_payload_bytes_in_mem_read_part0_2                                     (5.26%)
                 0      unc_iio_payload_bytes_in_mem_read_part0_3                                     (7.02%)
                 0      unc_iio_payload_bytes_in_mem_read_part0_4                                     (5.26%)
                 0      unc_iio_payload_bytes_in_mem_read_part0_5                                     (5.26%)
                 0      unc_iio_payload_bytes_in_mem_read_part1_0                                     (5.26%)
                 0      unc_iio_payload_bytes_in_mem_read_part1_1                                     (7.01%)
                 0      unc_iio_payload_bytes_in_mem_read_part1_2                                     (5.26%)
                 0      unc_iio_payload_bytes_in_mem_read_part1_3                                     (5.26%)
                 0      unc_iio_payload_bytes_in_mem_read_part1_4                                     (7.02%)
                 0      unc_iio_payload_bytes_in_mem_read_part1_5                                     (7.01%)
                 0      unc_iio_payload_bytes_in_mem_read_part2_0                                     (5.26%)
                 0      unc_iio_payload_bytes_in_mem_read_part2_1                                     (5.26%)
                 0      unc_iio_payload_bytes_in_mem_read_part2_2                                     (7.01%)
                 0      unc_iio_payload_bytes_in_mem_read_part2_3                                     (5.26%)
                 0      unc_iio_payload_bytes_in_mem_read_part2_4                                     (5.26%)
                 0      unc_iio_payload_bytes_in_mem_read_part2_5                                     (5.26%)
                 0      unc_iio_payload_bytes_in_mem_read_part3_0                                     (7.02%)
                 0      unc_iio_payload_bytes_in_mem_read_part3_1                                     (5.26%)
                 0      unc_iio_payload_bytes_in_mem_read_part3_2                                     (5.26%)
                 0      unc_iio_payload_bytes_in_mem_read_part3_3                                     (5.26%)
                 0      unc_iio_payload_bytes_in_mem_read_part3_4                                     (5.26%)
                 0      unc_iio_payload_bytes_in_mem_read_part3_5                                     (5.27%)
                 0      unc_iio_payload_bytes_in_mem_write_part0_0                                     (5.26%)
                 0      unc_iio_payload_bytes_in_mem_write_part0_1                                     (7.02%)
                 0      unc_iio_payload_bytes_in_mem_write_part0_2                                     (5.27%)
                 0      unc_iio_payload_bytes_in_mem_write_part0_3                                     (5.26%)
                 0      unc_iio_payload_bytes_in_mem_write_part0_4                                     (5.27%)
                 0      unc_iio_payload_bytes_in_mem_write_part0_5                                     (7.02%)
                 0      unc_iio_payload_bytes_in_mem_write_part1_0                                     (5.26%)
                 0      unc_iio_payload_bytes_in_mem_write_part1_1                                     (5.26%)
                 0      unc_iio_payload_bytes_in_mem_write_part1_2                                     (7.02%)
                 0      unc_iio_payload_bytes_in_mem_write_part1_3                                     (7.01%)
                 0      unc_iio_payload_bytes_in_mem_write_part1_4                                     (5.26%)
                 0      unc_iio_payload_bytes_in_mem_write_part1_5                                     (5.26%)
                 0      unc_iio_payload_bytes_in_mem_write_part2_0                                     (7.01%)
                 0      unc_iio_payload_bytes_in_mem_write_part2_1                                     (5.26%)
                 0      unc_iio_payload_bytes_in_mem_write_part2_2                                     (5.27%)
                 0      unc_iio_payload_bytes_in_mem_write_part2_3                                     (7.01%)
                 0      unc_iio_payload_bytes_in_mem_write_part2_4                                     (7.02%)
                 0      unc_iio_payload_bytes_in_mem_write_part2_5                                     (5.27%)
                 0      unc_iio_payload_bytes_in_mem_write_part3_0                                     (7.02%)
                 0      unc_iio_payload_bytes_in_mem_write_part3_1                                     (7.02%)
                 0      unc_iio_payload_bytes_in_mem_write_part3_2                                     (5.27%)
                 0      unc_iio_payload_bytes_in_mem_write_part3_3                                     (5.26%)
                 0      unc_iio_payload_bytes_in_mem_write_part3_4                                     (7.02%)
                 0      unc_iio_payload_bytes_in_mem_write_part3_5                                     (7.02%)
                 0      unc_iio_txn_req_by_cpu_mem_read_part0_0                                     (7.02%)
                 0      unc_iio_txn_req_by_cpu_mem_read_part0_1                                     (7.02%)
                 0      unc_iio_txn_req_by_cpu_mem_read_part0_2                                     (7.02%)
                 0      unc_iio_txn_req_by_cpu_mem_read_part0_3                                     (7.01%)
                 0      unc_iio_txn_req_by_cpu_mem_read_part0_4                                     (7.01%)
                 0      unc_iio_txn_req_by_cpu_mem_read_part0_5                                     (7.01%)
                 0      unc_iio_txn_req_by_cpu_mem_read_part1_0                                     (7.01%)
                 0      unc_iio_txn_req_by_cpu_mem_read_part1_1                                     (7.01%)
                 0      unc_iio_txn_req_by_cpu_mem_read_part1_2                                     (7.01%)
                 0      unc_iio_txn_req_by_cpu_mem_read_part1_3                                     (7.01%)
                 0      unc_iio_txn_req_by_cpu_mem_read_part1_4                                     (7.01%)
                 0      unc_iio_txn_req_by_cpu_mem_read_part1_5                                     (7.01%)
                 0      unc_iio_txn_req_by_cpu_mem_read_part2_0                                     (7.01%)
                 0      unc_iio_txn_req_by_cpu_mem_read_part2_1                                     (7.01%)
                 0      unc_iio_txn_req_by_cpu_mem_read_part2_2                                     (7.01%)
                 0      unc_iio_txn_req_by_cpu_mem_read_part2_3                                     (7.01%)
                 0      unc_iio_txn_req_by_cpu_mem_read_part2_4                                     (7.01%)
                 0      unc_iio_txn_req_by_cpu_mem_read_part2_5                                     (7.01%)
                 0      unc_iio_txn_req_by_cpu_mem_read_part3_0                                     (7.01%)
                 0      unc_iio_txn_req_by_cpu_mem_read_part3_1                                     (7.01%)
                 0      unc_iio_txn_req_by_cpu_mem_read_part3_2                                     (7.02%)
                 0      unc_iio_txn_req_by_cpu_mem_read_part3_3                                     (7.01%)
                 0      unc_iio_txn_req_by_cpu_mem_read_part3_4                                     (7.03%)
                 0      unc_iio_txn_req_by_cpu_mem_read_part3_5                                     (7.03%)
                 0      unc_iio_txn_req_by_cpu_mem_write_part0_0                                     (7.01%)
                 0      unc_iio_txn_req_by_cpu_mem_write_part0_1                                     (7.01%)
                 0      unc_iio_txn_req_by_cpu_mem_write_part0_2                                     (7.01%)
                 0      unc_iio_txn_req_by_cpu_mem_write_part0_3                                     (7.02%)
                 0      unc_iio_txn_req_by_cpu_mem_write_part0_4                                     (6.99%)
                 0      unc_iio_txn_req_by_cpu_mem_write_part0_5                                     (6.99%)
                 0      unc_iio_txn_req_by_cpu_mem_write_part1_0                                     (7.01%)
                 0      unc_iio_txn_req_by_cpu_mem_write_part1_1                                     (6.99%)
                 0      unc_iio_txn_req_by_cpu_mem_write_part1_2                                     (6.98%)
                 0      unc_iio_txn_req_by_cpu_mem_write_part1_3                                     (7.01%)
                 0      unc_iio_txn_req_by_cpu_mem_write_part1_4                                     (6.97%)
                 0      unc_iio_txn_req_by_cpu_mem_write_part1_5                                     (6.95%)

      69.829329307 seconds time elapsed

