# started on Mon Feb  5 04:19:53 2024


 Performance counter stats for 'system wide':

     9,258,262,713      r151                                                          (9.99%)
    17,056,436,314      r248                                                          (10.00%)
   321,812,373,602      r148                                                          (10.00%)
   113,137,806,333      r1000148                                                      (10.00%)
   113,129,079,081      r1200148                                                      (10.00%)
     9,250,312,375      r1ff1                                                         (10.00%)
     7,942,963,754      r2f2                                                          (10.00%)
       104,130,026      r1f2                                                          (10.00%)
         6,460,675      r4f2                                                          (10.00%)
         6,420,394      r4f2                                                          (10.00%)
       137,356,438      re424                                                         (10.00%)
     1,198,454,738      re124                                                         (10.00%)
     1,767,988,435      r2724                                                         (10.00%)
     5,555,164,013      re724                                                         (10.00%)
     9,596,369,730      rf824                                                         (10.00%)
     4,220,505,797      re224                                                         (10.00%)
       101,439,580      rc424                                                         (10.00%)
        35,808,444      r2424                                                         (10.00%)
     1,091,855,610      rc124                                                         (10.00%)
       108,629,967      r2124                                                         (10.00%)
     9,237,401,168      r3f24                                                         (10.00%)
     2,126,063,946      rd824                                                         (10.00%)
     7,477,265,708      r3824                                                         (10.00%)
    15,159,988,808      rff24                                                         (10.00%)
     2,595,595,691      rc224                                                         (10.00%)
     1,620,191,987      r2224                                                         (10.00%)
     7,940,811,993      r40f0                                                         (10.00%)
     7,053,130,992      r412e                                                         (10.00%)
     8,048,041,922      r4f2e                                                         (10.00%)
    33,129,629,964      r81d0                                                         (10.00%)
    35,402,926,650      r82d0                                                         (10.00%)
        18,778,762      r21d0                                                         (10.00%)
           145,777      r41d0                                                         (10.00%)
           541,362      r42d0                                                         (5.00%)
           214,545      r11d0                                                         (5.00%)
           150,554      r12d0                                                         (5.00%)
            38,863      r2d2                                                          (5.00%)
         1,740,821      r4d2                                                          (5.00%)
             4,058      r1d2                                                          (5.00%)
        12,192,430      r8d2                                                          (5.00%)
       304,603,488      r1d3                                                          (6.25%)
                 0      r2d3                                                          (7.50%)
                 0      r8d3                                                          (8.75%)
                 0      r4d3                                                          (10.00%)
                 0      r4d4                                                          (10.00%)
    19,017,556,995      r40d1                                                         (10.00%)
    12,683,839,544      r1d1                                                          (10.00%)
     1,604,181,487      r8d1                                                          (10.00%)
     1,208,782,010      r2d1                                                          (10.00%)
       395,566,174      r10d1                                                         (5.00%)
        12,856,149      r4d1                                                          (5.00%)
       379,586,756      r20d1                                                         (5.00%)
     4,042,130,191      r8b0                                                          (6.25%)
    18,752,008,978      r80b0                                                         (7.50%)
        39,174,158      r2b0                                                          (8.75%)
       519,958,476      r1b0                                                          (10.00%)
     2,575,310,008      r4b0                                                          (10.00%)
    65,880,908,367      r1b2                                                          (10.00%)
 1,063,190,833,507      r860                                                          (10.00%)
   119,808,872,424      r1000860                                                      (10.00%)
       944,782,279      r1000260                                                      (10.00%)
    49,430,536,248      r1000160                                                      (10.00%)
    89,918,835,642      r1000460                                                      (10.00%)
     3,149,323,110      r260                                                          (9.99%)
    89,500,877,259      r160                                                          (9.99%)
        42,405,066      r6000160                                                      (9.99%)
   484,861,443,010      r460                                                          (9.99%)
                 0      r1b7                                                          (9.99%)
                 0      r1b7                                                          (9.99%)
                 0      r1b7                                                          (9.99%)
                 0      r1b7                                                          (9.99%)
                 0      r1b7                                                          (9.99%)
                 0      r1b7                                                          (9.99%)
                 0      r1b7                                                          (9.99%)
                 0      r1b7                                                          (9.99%)
                 0      r1b7                                                          (9.99%)
                 0      r1b7                                                          (9.99%)
                 0      r1b7                                                          (9.99%)
                 0      r1b7                                                          (9.99%)
                 0      r1b7                                                          (9.99%)

      70.058248498 seconds time elapsed

