# started on Mon Feb  5 06:26:14 2024


 Performance counter stats for 'system wide':

        81,810,733      r2ab                                                          (19.51%)
                 0      r1c6                                                          (19.51%)
                 0      r1c6                                                          (19.51%)
                 0      r1c6                                                          (19.51%)
                 0      r1c6                                                          (19.51%)
                 0      r1c6                                                          (9.76%)
                 0      r1c6                                                          (9.76%)
                 0      r1c6                                                          (9.76%)
                 0      r1c6                                                          (9.76%)
                 0      r1c6                                                          (9.76%)
                 0      r1c6                                                          (9.76%)
                 0      r1c6                                                          (9.76%)
                 0      r1c6                                                          (9.76%)
                 0      r1c6                                                          (9.76%)
                 0      r1c6                                                          (9.76%)
                 0      r1c6                                                          (9.76%)
                 0      r1c6                                                          (9.76%)
                 0      r1c6                                                          (9.76%)
       571,263,227      r480                                                          (12.20%)
    48,916,062,379      r183                                                          (14.64%)
       146,134,852      r283                                                          (17.08%)
       101,584,931      r483                                                          (19.52%)
    22,284,945,576      r4001879                                                      (19.52%)
    41,124,291,517      r1001879                                                      (19.52%)
       660,344,139      r4002479                                                      (19.51%)
     1,894,208,459      r1002479                                                      (19.51%)
    39,650,731,942      r1000879                                                      (19.51%)
   151,879,041,602      r879                                                          (19.51%)
     1,206,611,061      r1000479                                                      (19.51%)
     3,206,133,054      r479                                                          (19.51%)
     2,140,781,736      r1003079                                                      (19.51%)
     1,478,455,096      r1001079                                                      (19.51%)
     1,677,279,035      r2079                                                         (19.51%)
       716,399,246      r1043079                                                      (19.51%)
     6,538,401,047      r3079                                                         (19.51%)
    21,124,637,167      r19c                                                          (19.51%)
     1,201,964,463      r400019c                                                      (19.51%)
   158,724,131,229      r180019c                                                      (19.51%)
     1,450,218,931      r300019c                                                      (19.51%)
     7,568,841,626      r200019c                                                      (19.51%)
    11,017,645,271      r100019c                                                      (19.51%)

      70.091747058 seconds time elapsed

