# started on Mon Feb  5 01:59:23 2024


 Performance counter stats for 'system wide':

    28,297,799,105        branch-instructions       #   50.561 M/sec                    (18.87%)
        19,217,500        branch-misses             #    0.07% of all branches          (16.99%)
     1,870,815,834        bus-cycles                #    3.343 M/sec                    (16.99%)
     7,651,507,812        cache-misses              #   93.359 % of all cache refs      (16.99%)
     8,194,350,978        cache-references          #   14.641 M/sec                    (16.99%)
   169,654,844,596        cpu-cycles                #    0.303 GHz                      (16.99%)
   193,293,555,700        instructions              #    1.14  insn per cycle           (18.87%)
   157,214,812,079        ref-cycles                #  280.901 M/sec                    (20.76%)
                 0        alignment-faults          #    0.000 K/sec                  
                 0        bpf-output                #    0.000 K/sec                  
            20,683        context-switches          #    0.037 K/sec                  
        559,684.56 msec   cpu-clock                 #    7.999 CPUs utilized          
               263        cpu-migrations            #    0.000 K/sec                  
                 0        dummy                     #    0.000 K/sec                  
                 0        emulation-faults          #    0.000 K/sec                  
                 7        major-faults              #    0.000 K/sec                  
            27,889        minor-faults              #    0.050 K/sec                  
            27,868        page-faults               #    0.050 K/sec                  
        559,675.09 msec   task-clock                #    7.999 CPUs utilized          
     8,866,073,238        L1-dcache-load-misses     #   20.15% of all L1-dcache hits    (20.76%)
    44,003,863,814        L1-dcache-loads           #   78.623 M/sec                    (20.76%)
    31,434,539,994        L1-dcache-stores          #   56.165 M/sec                    (20.76%)
       165,023,402        L1-icache-load-misses                                         (20.76%)
       610,813,935        LLC-load-misses           #   96.82% of all LL-cache hits     (20.75%)
       630,850,971        LLC-loads                 #    1.127 M/sec                    (20.75%)
     2,282,248,815        LLC-store-misses          #    4.078 M/sec                    (3.77%)
     2,289,006,055        LLC-stores                #    4.090 M/sec                    (3.77%)
        18,626,668        branch-load-misses        #    0.033 M/sec                    (5.66%)
    28,248,357,992        branch-loads              #   50.472 M/sec                    (7.55%)
           356,381        dTLB-load-misses          #    0.00% of all dTLB cache hits   (9.43%)
    43,968,295,911        dTLB-loads                #   78.560 M/sec                    (11.32%)
           373,798        dTLB-store-misses         #    0.668 K/sec                    (13.21%)
    31,453,963,390        dTLB-stores               #   56.200 M/sec                    (15.09%)
           172,055        iTLB-load-misses          #    4.49% of all iTLB cache hits   (15.09%)
         3,832,529        iTLB-loads                #    0.007 M/sec                    (15.09%)
                 0        node-load-misses          #    0.000 K/sec                    (15.09%)
       611,607,076        node-loads                #    1.093 M/sec                    (15.10%)
                 0        node-store-misses         #    0.000 K/sec                    (3.77%)
     2,269,803,280        node-stores               #    4.056 M/sec                    (3.77%)
    28,258,224,961        branch-instructions       #   50.490 M/sec                    (5.66%)
        18,830,529        branch-misses             #    0.07% of all branches          (7.55%)
     1,868,026,913        bus-cycles                #    3.338 M/sec                    (9.43%)
     7,656,473,585        cache-misses              #   93.419 % of all cache refs      (11.32%)
     8,197,299,762        cache-references          #   14.646 M/sec                    (13.21%)
   169,475,970,829        cpu-cycles                #    0.303 GHz                      (15.10%)
                 0        cstate_core/c3-residency/ #    0.000 K/sec                  
                 0        cstate_core/c6-residency/ #    0.000 K/sec                  
                 0        cstate_core/c7-residency/ #    0.000 K/sec                  
                 0        cstate_pkg/c2-residency/  #    0.000 K/sec                  
                 0        cstate_pkg/c3-residency/  #    0.000 K/sec                  
                 0        cstate_pkg/c6-residency/  #    0.000 K/sec                  
                 0        cstate_pkg/c7-residency/  #    0.000 K/sec                  
                 0        cycles-ct                 #    0.000 K/sec                    (16.98%)
                 0        cycles-t                  #    0.000 K/sec                    (16.98%)
                 0        el-abort                  #    0.000 K/sec                    (16.98%)
                 0        el-capacity               #    0.000 K/sec                    (16.98%)
                 0        el-commit                 #    0.000 K/sec                    (16.98%)
                 0        el-conflict               #    0.000 K/sec                    (16.98%)
                 0        el-start                  #    0.000 K/sec                    (16.98%)
   193,266,061,369        instructions              #    1.14  insn per cycle           (18.87%)
     <not counted>        intel_pt//                                                    (0.00%)
                 0        mem-loads                 #    0.000 K/sec                    (18.87%)
    31,413,545,594        mem-stores                #   56.128 M/sec                    (16.98%)
   182,435,497,851        msr/aperf/                #  325.964 M/sec                  
               256 C      msr/cpu_thermal_margin/   #    0.000 K/sec                  
   186,120,601,824        msr/mperf/                #  332.548 M/sec                  
   182,430,815,872        msr/pperf/                #  325.956 M/sec                  
                 0        msr/smi/                  #    0.000 K/sec                  
 1,172,354,096,494        msr/tsc/                  # 2094.687 M/sec                  
          2,402.28 Joules power/energy-pkg/         #    0.004 K/sec                  
            588.42 Joules power/energy-ram/         #    0.001 K/sec                  
   156,881,589,650        ref-cycles                #  280.306 M/sec                    (18.87%)
    32,493,949,631        topdown-fetch-bubbles     #      4.8% frontend bound          (18.87%)
       839,456,688        topdown-recovery-bubbles  #      0.2% bad speculation         (18.87%)
   170,702,528,607        topdown-slots-issued      #     69.9% backend bound           (18.87%)
   170,098,786,013        topdown-slots-retired     #     25.1% retiring                (18.87%)
   678,198,514,640        topdown-total-slots       # 1211.762 M/sec                    (20.76%)
                 0        tx-abort                  #    0.000 K/sec                    (20.76%)
                 0        tx-capacity               #    0.000 K/sec                    (20.76%)
                 0        tx-commit                 #    0.000 K/sec                    (18.87%)

      69.969478210 seconds time elapsed

