# started on Tue Feb  6 08:45:07 2024


 Performance counter stats for 'system wide':

                 0      r1b7                                                          (11.59%)
                 0      r1b7                                                          (11.59%)
                 0      r1b7                                                          (11.59%)
                 0      r1b7                                                          (11.59%)
                 0      r1b7                                                          (11.59%)
            45,865      r3fc1                                                         (11.59%)
    10,469,154,750      r159                                                          (11.60%)
   103,561,137,539      r1a2                                                          (11.60%)
     6,810,819,754      r8a2                                                          (11.60%)
                 0      r20cc                                                         (11.60%)
                 0      r40cc                                                         (11.60%)
     8,973,326,283      r15e                                                          (11.60%)
       430,328,824      r184015e                                                      (11.60%)
                 0      r4c9                                                          (11.60%)
                 0      r80c9                                                         (11.60%)
                 0      r8c9                                                          (11.60%)
                 0      r40c9                                                         (11.60%)
                 0      r10c9                                                         (11.60%)
                 0      r20c9                                                         (11.60%)
                 0      r2c9                                                          (11.60%)
                 0      r1c9                                                          (11.60%)
                 0      r10f4                                                         (11.60%)
                 0      r132                                                          (11.60%)
            34,517      r832                                                          (11.60%)
            43,777      r232                                                          (11.60%)
                 0      r432                                                          (11.60%)
           194,156      r1bd                                                          (11.60%)
            12,641      r20bd                                                         (11.60%)
                 0      r15d                                                          (11.60%)
                 0      r25d                                                          (11.60%)
                 0      r45d                                                          (11.60%)
                 0      r85d                                                          (11.60%)
                 9      r105d                                                         (11.60%)
                 0      r254                                                          (11.60%)
                 0      r154                                                          (11.60%)
                 0      r1054                                                         (11.60%)
                 0      r854                                                          (11.60%)
                 0      r2054                                                         (11.60%)
                 0      r454                                                          (11.60%)
                 0      r4054                                                         (11.60%)
    26,196,264,470      r1a1                                                          (11.60%)
    31,061,536,114      r2a1                                                          (11.60%)
    39,029,044,802      r4a1                                                          (11.60%)
    35,008,059,319      r8a1                                                          (11.60%)
    32,514,745,920      r10a1                                                         (11.60%)
    33,543,640,370      r20a1                                                         (11.60%)
    39,847,020,381      r40a1                                                         (11.60%)
     1,314,924,333      r80a1                                                         (11.60%)
   216,477,131,663      r2b1                                                          (11.60%)
    74,303,487,203      r10002b1                                                      (11.60%)
    59,985,353,489      r20002b1                                                      (11.60%)
    45,461,055,126      r30002b1                                                      (11.60%)
    24,159,827,474      r40002b1                                                      (11.60%)
    98,568,230,919      r18002b1                                                      (11.60%)
    74,167,780,843      r10001b1                                                      (11.60%)
    59,843,488,855      r20001b1                                                      (11.60%)
    45,350,229,035      r30001b1                                                      (11.60%)
    24,105,470,079      r40001b1                                                      (11.59%)
    98,491,703,000      r18001b1                                                      (11.59%)
   215,634,603,760      r1b1                                                          (11.59%)
         5,108,671      r10b1                                                         (11.59%)
   171,047,529,652      r10e                                                          (11.59%)
        49,373,408      r200e                                                         (11.59%)
   122,757,819,133      r180010e                                                      (11.59%)
                 0      r20e                                                          (11.59%)
    25,959,376,576      r4c2                                                          (11.59%)
   168,355,117,702      r2c2                                                          (11.59%)
   126,121,632,909      r18002c2                                                      (11.59%)
   172,230,069,534      r108002c2                                                     (11.59%)
   136,982,298,919      unc_c_clockticks_0                                            (36.42%)
   136,936,141,894      unc_c_clockticks_1                                            (36.46%)
   137,054,651,418      unc_c_clockticks_2                                            (36.50%)
   136,964,456,118      unc_c_clockticks_3                                            (36.40%)
   136,985,438,026      unc_c_clockticks_4                                            (36.44%)
   137,042,072,556      unc_c_clockticks_5                                            (36.59%)
   136,838,042,219      unc_c_clockticks_6                                            (36.37%)
   136,977,774,387      unc_c_clockticks_7                                            (36.64%)
            52,629      unc_c_fast_asserted_0                                         (36.46%)
            38,898      unc_c_fast_asserted_1                                         (36.51%)
             7,052      unc_c_fast_asserted_2                                         (36.53%)
             5,940      unc_c_fast_asserted_3                                         (36.40%)
            17,241      unc_c_fast_asserted_4                                         (36.44%)
            77,313      unc_c_fast_asserted_5                                         (36.59%)
           607,399      unc_c_fast_asserted_6                                         (36.37%)
           667,128      unc_c_fast_asserted_7                                         (36.42%)
                 0      unc_c_llc_lookup_data_read_0                                     (36.48%)
                 0      unc_c_llc_lookup_data_read_1                                     (36.49%)
                 0      unc_c_llc_lookup_data_read_2                                     (36.50%)
                 0      unc_c_llc_lookup_data_read_3                                     (36.38%)
                 0      unc_c_llc_lookup_data_read_4                                     (36.42%)
                 0      unc_c_llc_lookup_data_read_5                                     (36.40%)
                 0      unc_c_llc_lookup_data_read_6                                     (36.37%)
                 0      unc_c_llc_lookup_data_read_7                                     (36.11%)
                 0      unc_c_llc_lookup_remote_snoop_0                                     (36.36%)
                 0      unc_c_llc_lookup_remote_snoop_1                                     (36.33%)
                 0      unc_c_llc_lookup_remote_snoop_2                                     (36.31%)
                 0      unc_c_llc_lookup_remote_snoop_3                                     (36.34%)
                 0      unc_c_llc_lookup_remote_snoop_4                                     (36.29%)
                 0      unc_c_llc_lookup_remote_snoop_5                                     (36.15%)
                 0      unc_c_llc_lookup_remote_snoop_6                                     (36.37%)
                 0      unc_c_llc_lookup_remote_snoop_7                                     (36.13%)
        16,178,407      unc_c_llc_victims_e_state_0                                     (36.23%)
        16,159,550      unc_c_llc_victims_e_state_1                                     (36.19%)
        15,981,603      unc_c_llc_victims_e_state_2                                     (36.15%)
        15,556,212      unc_c_llc_victims_e_state_3                                     (36.31%)
        15,938,312      unc_c_llc_victims_e_state_4                                     (36.27%)
        15,856,968      unc_c_llc_victims_e_state_5                                     (36.17%)
        14,661,313      unc_c_llc_victims_e_state_6                                     (36.37%)
        15,881,944      unc_c_llc_victims_e_state_7                                     (36.26%)
                19      unc_c_llc_victims_f_state_0                                     (36.23%)
                17      unc_c_llc_victims_f_state_1                                     (36.22%)
                 0      unc_c_llc_victims_f_state_2                                     (36.20%)
                25      unc_c_llc_victims_f_state_3                                     (36.33%)
                30      unc_c_llc_victims_f_state_4                                     (36.31%)
                11      unc_c_llc_victims_f_state_5                                     (36.29%)
                49      unc_c_llc_victims_f_state_6                                     (36.37%)
                 0      unc_c_llc_victims_f_state_7                                     (36.43%)
        47,364,292      unc_c_llc_victims_m_state_0                                     (36.29%)
        47,379,463      unc_c_llc_victims_m_state_1                                     (36.29%)
        47,209,972      unc_c_llc_victims_m_state_2                                     (36.29%)
        46,427,721      unc_c_llc_victims_m_state_3                                     (36.35%)
        46,807,350      unc_c_llc_victims_m_state_4                                     (36.35%)
        46,969,807      unc_c_llc_victims_m_state_5                                     (36.43%)
        45,616,043      unc_c_llc_victims_m_state_6                                     (36.37%)
        46,483,006      unc_c_llc_victims_m_state_7                                     (36.56%)
           207,081      unc_c_llc_victims_s_state_0                                     (36.35%)
           209,737      unc_c_llc_victims_s_state_1                                     (36.37%)
           208,595      unc_c_llc_victims_s_state_2                                     (36.40%)
           225,042      unc_c_llc_victims_s_state_3                                     (36.36%)
           194,569      unc_c_llc_victims_s_state_4                                     (36.39%)
           208,304      unc_c_llc_victims_s_state_5                                     (36.54%)
           202,231      unc_c_llc_victims_s_state_6                                     (36.36%)
           202,348      unc_c_llc_victims_s_state_7                                     (36.62%)
                 0      unc_c_tor_inserts_irq_0                                       (36.47%)
                 0      unc_c_tor_inserts_irq_1                                       (36.50%)
                 0      unc_c_tor_inserts_irq_2                                       (36.54%)
                 0      unc_c_tor_inserts_irq_3                                       (36.40%)
                 0      unc_c_tor_inserts_irq_4                                       (36.43%)
                 0      unc_c_tor_inserts_irq_5                                       (36.51%)
                 0      unc_c_tor_inserts_irq_6                                       (36.36%)
                 0      unc_c_tor_inserts_irq_7                                       (36.55%)
                 0      unc_c_tor_inserts_irq_hit_0                                     (36.43%)
                 0      unc_c_tor_inserts_irq_hit_1                                     (36.42%)
                 0      unc_c_tor_inserts_irq_hit_2                                     (36.41%)
                 0      unc_c_tor_inserts_irq_hit_3                                     (36.40%)
                 0      unc_c_tor_inserts_irq_hit_4                                     (36.36%)
                 0      unc_c_tor_inserts_irq_hit_5                                     (36.26%)
                 0      unc_c_tor_inserts_irq_hit_6                                     (36.36%)
                 6      unc_c_tor_inserts_irq_hit_7                                     (36.25%)
                 0      unc_c_tor_inserts_irq_miss_0                                     (36.30%)
                 0      unc_c_tor_inserts_irq_miss_1                                     (36.25%)
                 0      unc_c_tor_inserts_irq_miss_2                                     (36.19%)
                 0      unc_c_tor_inserts_irq_miss_3                                     (36.35%)
                 0      unc_c_tor_inserts_irq_miss_4                                     (36.32%)
                 0      unc_c_tor_inserts_irq_miss_5                                     (36.11%)
                 0      unc_c_tor_inserts_irq_miss_6                                     (36.36%)
                 0      unc_c_tor_inserts_irq_miss_7                                     (36.06%)

      69.817284992 seconds time elapsed

