# started on Tue Feb  6 05:50:21 2024


 Performance counter stats for 'system wide':

                 0      r8c7                                                          (11.68%)
                 0      r10c7                                                         (11.68%)
                 0      r20c7                                                         (10.39%)
                 0      r18c7                                                         (10.39%)
                 0      r40c7                                                         (10.39%)
                 0      r80c7                                                         (10.39%)
                 0      r18c7                                                         (10.39%)
    23,830,561,898      r3c7                                                          (10.39%)
    23,823,005,538      r1c7                                                          (10.39%)
                 0      r2c7                                                          (10.39%)
                 0      rfcc7                                                         (10.39%)
                 0      r1001eca                                                      (10.39%)
                 0      r1c6                                                          (10.39%)
                 0      r1c6                                                          (10.39%)
                 0      r1c6                                                          (10.39%)
                 0      r1c6                                                          (10.39%)
                 0      r1c6                                                          (5.20%)
   <not supported>      r1c6:p                                                      
                 0      r1c6                                                          (5.20%)
                 0      r1c6                                                          (5.20%)
                 0      r1c6                                                          (5.20%)
                 0      r1c6                                                          (5.20%)
                 0      r1c6                                                          (5.20%)
                 0      r1c6                                                          (5.20%)
                 0      r1c6                                                          (5.20%)
                 0      r1c6                                                          (5.20%)
                 0      r1c6                                                          (5.20%)
                 0      r1c6                                                          (5.20%)
                 0      r1c6                                                          (5.20%)
                 0      r1c6                                                          (5.20%)
                 0      r1c6                                                          (5.20%)
                 0      r4c8                                                          (6.50%)
                 0      r80c8                                                         (7.80%)
                 0      r8c8                                                          (9.09%)
                 0      r40c8                                                         (10.39%)
                 0      r10c8                                                         (10.39%)
                 0      r20c8                                                         (10.39%)
                 0      r2c8                                                          (10.39%)
                 0      r1c8                                                          (10.39%)
           565,760      r1cb                                                          (10.39%)
       411,512,215      r480                                                          (10.39%)
    42,101,739,161      r183                                                          (10.39%)
       135,255,727      r283                                                          (10.39%)
        83,567,935      r483                                                          (10.39%)
        81,543,040      r483                                                          (10.39%)
     7,459,736,426      r4fe                                                          (10.39%)
       493,881,611      r2fe                                                          (10.39%)
    27,736,548,870      r4001879                                                      (10.39%)
    55,424,566,598      r1001879                                                      (10.39%)
       592,294,548      r4002479                                                      (10.39%)
     1,724,775,806      r1002479                                                      (10.39%)
    54,702,083,913      r1000879                                                      (10.39%)
    55,474,124,650      r1001879                                                      (10.39%)
    27,766,492,427      r4001879                                                      (10.39%)
   162,888,387,625      r879                                                          (10.39%)
     1,158,337,942      r1000479                                                      (10.39%)
     3,106,994,622      r479                                                          (10.39%)
     1,386,974,996      r1003079                                                      (10.39%)
       749,033,561      r1001079                                                      (10.39%)
     1,619,159,336      r2079                                                         (10.39%)
       440,138,219      r1043079                                                      (10.39%)
     4,072,207,802      r3079                                                         (10.39%)
    31,115,632,511      r19c                                                          (10.39%)
     1,039,806,926      r400019c                                                      (10.38%)
   155,713,984,624      r180019c                                                      (10.38%)
     5,299,258,556      r300019c                                                      (10.38%)
    11,737,945,849      r200019c                                                      (10.38%)
    13,139,102,130      r100019c                                                      (10.38%)
           686,784      r187                                                          (10.38%)
     2,897,419,973      r155                                                          (10.38%)
   193,240,553,378      rc0                                                           (11.68%)
   193,221,943,543      rc0                                                           (11.68%)
       214,048,062      r2c0                                                          (11.68%)
   <not supported>      r1c0:p                                                      
   <not supported>      ra8001c0:p                                                  
       269,963,298      r800d                                                         (11.68%)
        32,082,443      r104010d                                                      (11.68%)
       184,656,531      r10d                                                          (11.68%)
       183,344,374      r20010d                                                       (11.68%)
           510,283      r1ae                                                          (11.68%)

      69.973643562 seconds time elapsed

