# started on Mon Feb  5 08:36:07 2024


 Performance counter stats for 'system wide':

   169,734,352,442      r728                                                          (44.44%)
                 0      r1828                                                         (44.44%)
                 0      r2028                                                         (44.44%)
           223,398      r4028                                                         (44.44%)
           954,695      r20ef                                                         (44.44%)
         5,688,535      r10ef                                                         (44.44%)
         9,875,085      r2ef                                                          (44.44%)
       309,648,824      r1ef                                                          (44.45%)
         3,887,920      r40ef                                                         (44.45%)
         2,005,720      r8ef                                                          (44.45%)
            73,528      r4ef                                                          (44.45%)
           566,837      r1cb                                                          (44.45%)
     6,484,304,290      r4fe                                                          (44.45%)
       937,747,042      r2fe                                                          (44.45%)
                 0      r132                                                          (44.45%)
           105,433      r832                                                          (44.45%)
            18,305      r232                                                          (44.45%)
                 0      r432                                                          (44.45%)

      70.092024958 seconds time elapsed

