# started on Mon Feb  5 08:57:22 2024


 Performance counter stats for 'system wide':

        36,285,257      r1000114                                                      (10.52%)
         5,243,217      r1e6                                                          (10.52%)
    29,544,400,554      rc4                                                           (10.53%)
   <not supported>      r4c4:p                                                      
    29,236,550,014      r1c4                                                          (10.53%)
         1,203,063      r40c4                                                         (10.53%)
       139,131,420      r2c4                                                          (10.53%)
       139,502,218      r8c4                                                          (10.53%)
    27,437,406,422      r20c4                                                         (10.53%)
     2,076,505,631      r10c4                                                         (10.53%)
        13,004,333      rc5                                                           (10.53%)
   <not supported>      r4c5:p                                                      
         3,234,367      r1c5                                                          (10.53%)
            29,348      r2c5                                                          (10.53%)
        12,123,839      r20c5                                                         (10.53%)
     1,842,163,416      r23c                                                          (10.53%)
     1,842,120,411      r13c                                                          (10.53%)
     1,841,834,088      r20013c                                                       (10.53%)
     1,841,405,700      r23c                                                          (10.53%)
   154,835,939,823      r300                                                          (11.85%)
     1,840,754,783      r13c                                                          (11.85%)
     1,839,962,579      r20013c                                                       (11.85%)
           498,084      r104003c                                                      (11.85%)
   168,195,324,386      r3c                                                           (13.17%)
   168,201,707,728      r20003c                                                       (13.17%)
   168,125,212,205      r3c                                                           (13.17%)
   168,134,103,631      r20003c                                                       (13.17%)
   139,981,120,934      r80008a3                                                      (13.17%)
    72,325,295,334      r10001a3                                                      (13.17%)
   159,188,700,289      r100010a3                                                     (11.85%)
    84,322,627,127      rc000ca3                                                      (11.85%)
    52,120,497,864      r50005a3                                                      (11.85%)
    87,004,853,963      r140014a3                                                     (11.85%)
    92,915,211,943      r40004a3                                                      (11.85%)
    13,802,250,100      r2a6                                                          (11.85%)
    14,206,826,815      r4a6                                                          (10.53%)
    21,893,374,623      r8a6                                                          (10.53%)
    14,396,733,733      r10a6                                                         (10.53%)
     4,925,669,363      r40a6                                                         (10.53%)
       595,956,003      r1a6                                                          (10.53%)
           758,297      r187                                                          (10.53%)
   200,222,404,850      rc0                                                           (11.85%)
   200,275,222,027      rc0                                                           (11.85%)
   <not supported>      r1c0:p                                                      
   <not supported>      ra8001c0:p                                                  
       239,683,833      r800d                                                         (11.84%)
       176,129,701      r10d                                                          (11.84%)
       174,437,555      r20010d                                                       (11.84%)
               997      r803                                                          (11.84%)
         9,577,137      r203                                                          (11.84%)
       376,290,353      r107                                                          (11.84%)
           128,844      r14c                                                          (11.84%)
                 0      r40001a8                                                      (11.84%)
                 0      r10001a8                                                      (10.52%)
                 0      r1a8                                                          (10.52%)
         2,885,188      r10401c3                                                      (10.52%)
           685,834      r4c3                                                          (10.52%)
            38,710      r3fc1                                                         (10.52%)
   111,222,680,398      r1a2                                                          (10.52%)
     6,927,034,898      r8a2                                                          (10.52%)
                 0      r20cc                                                         (10.52%)
     5,123,644,759      r15e                                                          (10.52%)
       272,251,983      r184015e                                                      (10.52%)
    27,483,762,143      r1a1                                                          (10.52%)
    32,785,081,852      r2a1                                                          (10.52%)
    41,107,605,603      r4a1                                                          (10.52%)
    36,669,758,691      r8a1                                                          (10.52%)
    33,761,065,918      r10a1                                                         (10.52%)
    34,897,287,916      r20a1                                                         (10.52%)
    40,245,386,312      r40a1                                                         (10.52%)
       633,107,044      r80a1                                                         (10.52%)
   224,721,858,288      r2b1                                                          (10.52%)
    75,768,633,511      r10002b1                                                      (10.52%)
    61,910,169,094      r20002b1                                                      (10.52%)
    47,659,830,225      r30002b1                                                      (10.52%)
    25,733,570,393      r40002b1                                                      (10.52%)
    92,744,581,589      r18002b1                                                      (10.52%)
    75,538,129,214      r10001b1                                                      (10.52%)
    61,702,620,637      r20001b1                                                      (10.52%)
    47,493,536,245      r30001b1                                                      (10.52%)

      69.809204970 seconds time elapsed

