# started on Mon Feb  5 06:04:59 2024


 Performance counter stats for 'system wide':

        35,019,931      r2ab                                                          (19.51%)
                 0      r1c6                                                          (19.51%)
                 0      r1c6                                                          (19.51%)
                 0      r1c6                                                          (19.52%)
                 0      r1c6                                                          (19.52%)
                 0      r1c6                                                          (9.76%)
                 0      r1c6                                                          (9.76%)
                 0      r1c6                                                          (9.76%)
                 0      r1c6                                                          (9.76%)
                 0      r1c6                                                          (9.76%)
                 0      r1c6                                                          (9.76%)
                 0      r1c6                                                          (9.76%)
                 0      r1c6                                                          (9.76%)
                 0      r1c6                                                          (9.76%)
                 0      r1c6                                                          (9.76%)
                 0      r1c6                                                          (9.76%)
                 0      r1c6                                                          (9.76%)
                 0      r1c6                                                          (9.76%)
       356,283,672      r480                                                          (12.19%)
    41,358,420,179      r183                                                          (14.63%)
       136,992,447      r283                                                          (17.07%)
        88,769,477      r483                                                          (19.51%)
    27,514,102,971      r4001879                                                      (19.51%)
    54,985,472,280      r1001879                                                      (19.51%)
       601,004,735      r4002479                                                      (19.51%)
     1,723,139,236      r1002479                                                      (19.51%)
    54,758,188,315      r1000879                                                      (19.51%)
   167,689,211,532      r879                                                          (19.51%)
     1,097,397,922      r1000479                                                      (19.51%)
     2,932,761,295      r479                                                          (19.51%)
       921,680,385      r1003079                                                      (19.51%)
       301,021,066      r1001079                                                      (19.51%)
     1,561,851,198      r2079                                                         (19.51%)
       272,515,040      r1043079                                                      (19.51%)
     2,541,455,318      r3079                                                         (19.51%)
    27,888,783,643      r19c                                                          (19.51%)
       952,481,320      r400019c                                                      (19.51%)
   156,932,155,376      r180019c                                                      (19.51%)
     4,941,112,739      r300019c                                                      (19.51%)
    10,348,656,307      r200019c                                                      (19.51%)
    11,712,690,212      r100019c                                                      (19.51%)

      69.832622423 seconds time elapsed

