# started on Tue Feb  6 06:52:57 2024


 Performance counter stats for 'system wide':

           346,336      r185                                                          (6.94%)
         3,754,374      r2085                                                         (8.33%)
        16,274,644      r1001085                                                      (9.72%)
           127,840      re85                                                          (11.11%)
                 0      r885                                                          (11.11%)
             3,662      r485                                                          (11.12%)
           120,854      r285                                                          (11.12%)
        16,494,754      r1085                                                         (11.12%)
     8,761,623,689      r151                                                          (11.12%)
    17,157,985,308      r248                                                          (11.12%)
   385,698,052,672      r148                                                          (11.12%)
   137,950,028,553      r1000148                                                      (11.12%)
   137,926,518,327      r1200148                                                      (11.12%)
     8,744,265,649      r1ff1                                                         (11.12%)
     8,335,506,098      r2f2                                                          (11.12%)
        96,985,339      r1f2                                                          (11.12%)
         6,521,012      r4f2                                                          (11.12%)
         6,533,505      r4f2                                                          (11.12%)
       126,394,354      re424                                                         (11.12%)
     1,449,017,353      re124                                                         (11.12%)
       944,246,896      r2724                                                         (11.12%)
     3,903,540,282      re724                                                         (11.12%)
    10,480,428,024      rf824                                                         (11.12%)
     2,322,148,327      re224                                                         (11.12%)
       105,903,462      rc424                                                         (11.12%)
        26,712,787      r2424                                                         (11.12%)
     1,342,218,475      rc124                                                         (11.12%)
       110,834,909      r2124                                                         (11.12%)
     8,748,960,942      r3f24                                                         (11.12%)
     2,671,694,980      rd824                                                         (11.12%)
     7,799,640,397      r3824                                                         (11.11%)
    14,380,126,989      rff24                                                         (11.11%)
     1,509,789,654      rc224                                                         (11.11%)
       813,718,374      r2224                                                         (11.11%)
     8,347,215,847      r40f0                                                         (11.11%)
             2,782      r803                                                          (11.11%)
         2,379,529      r203                                                          (11.11%)
       365,335,181      r107                                                          (11.11%)
               414      r14c                                                          (11.11%)
     8,143,380,043      r412e                                                         (11.11%)
     8,444,936,607      r4f2e                                                         (11.11%)
                 0      r40001a8                                                      (11.11%)
                 0      r10001a8                                                      (11.11%)
                 0      r40001a8                                                      (11.11%)
                 0      r1a8                                                          (11.11%)
         2,960,301      r10401c3                                                      (11.11%)
           748,710      r2c3                                                          (11.11%)
         1,038,763      r4c3                                                          (11.11%)
    47,859,599,838      r81d0                                                         (11.11%)
    28,932,122,008      r82d0                                                         (11.11%)
    76,846,277,415      r83d0                                                         (11.11%)
        10,290,461      r21d0                                                         (11.11%)
           156,931      r41d0                                                         (5.55%)
           610,609      r42d0                                                         (5.55%)
           180,981      r11d0                                                         (5.55%)
           130,873      r12d0                                                         (5.55%)
            55,759      r2d2                                                          (5.55%)
         1,318,160      r4d2                                                          (5.55%)
             1,332      r1d2                                                          (5.55%)
        10,089,139      r8d2                                                          (5.55%)
       465,625,872      r1d3                                                          (6.94%)
                 0      r2d3                                                          (8.33%)
                 0      r8d3                                                          (9.72%)
                 0      r4d3                                                          (11.11%)
                 0      r4d4                                                          (11.11%)
    23,325,540,806      r40d1                                                         (11.11%)
    22,834,839,712      r1d1                                                          (11.11%)
     2,077,804,498      r8d1                                                          (11.11%)
     1,481,656,828      r2d1                                                          (11.11%)
       596,617,143      r10d1                                                         (5.55%)
        10,373,260      r4d1                                                          (5.55%)
       583,175,328      r20d1                                                         (5.55%)
   <not supported>      r1cd:p                                                      
   <not supported>      r1cd:p                                                      
   <not supported>      r1cd:p                                                      
   <not supported>      r1cd:p                                                      
   <not supported>      r1cd:p                                                      
   <not supported>      r1cd:p                                                      
   <not supported>      r1cd:p                                                      
   <not supported>      r1cd:p                                                      

      69.871048148 seconds time elapsed

