# started on Mon Feb  5 04:22:16 2024


 Performance counter stats for 'system wide':

     9,145,790,714      r151                                                          (10.00%)
    18,967,187,417      r248                                                          (10.00%)
   311,404,147,144      r148                                                          (10.00%)
   114,566,573,963      r1000148                                                      (10.00%)
   114,545,437,724      r1200148                                                      (10.00%)
     9,131,359,595      r1ff1                                                         (10.01%)
     7,823,017,726      r2f2                                                          (10.01%)
        99,730,880      r1f2                                                          (10.01%)
         6,849,685      r4f2                                                          (10.01%)
         6,855,864      r4f2                                                          (10.01%)
       142,557,386      re424                                                         (10.01%)
     1,301,196,748      re124                                                         (10.01%)
     1,809,108,704      r2724                                                         (10.01%)
     5,267,646,510      re724                                                         (10.01%)
     9,404,757,237      rf824                                                         (10.01%)
     3,821,036,279      re224                                                         (10.01%)
       105,556,993      rc424                                                         (10.01%)
        36,124,768      r2424                                                         (10.01%)
     1,205,681,592      rc124                                                         (10.01%)
        95,439,590      r2124                                                         (10.01%)
     9,122,710,774      r3f24                                                         (10.00%)
     2,088,434,602      rd824                                                         (10.00%)
     7,317,659,085      r3824                                                         (10.00%)
    14,668,953,063      rff24                                                         (10.00%)
     2,146,544,512      rc224                                                         (10.00%)
     1,677,157,626      r2224                                                         (10.00%)
     7,820,191,008      r40f0                                                         (10.00%)
     6,928,861,112      r412e                                                         (10.00%)
     7,927,374,557      r4f2e                                                         (10.00%)
    32,509,144,266      r81d0                                                         (10.00%)
    35,065,187,325      r82d0                                                         (10.00%)
        19,575,389      r21d0                                                         (10.00%)
           171,241      r41d0                                                         (10.00%)
           566,555      r42d0                                                         (5.00%)
           284,488      r11d0                                                         (5.00%)
           151,564      r12d0                                                         (5.00%)
            22,543      r2d2                                                          (5.00%)
         1,341,848      r4d2                                                          (5.00%)
             2,940      r1d2                                                          (5.00%)
        11,908,493      r8d2                                                          (5.00%)
       380,818,318      r1d3                                                          (6.25%)
                 0      r2d3                                                          (7.50%)
                 0      r8d3                                                          (8.75%)
                 0      r4d3                                                          (10.00%)
                 0      r4d4                                                          (10.00%)
    19,972,079,216      r40d1                                                         (10.00%)
    10,813,353,680      r1d1                                                          (10.00%)
     1,816,596,442      r8d1                                                          (10.00%)
     1,326,186,682      r2d1                                                          (10.00%)
       491,507,141      r10d1                                                         (5.00%)
        12,052,214      r4d1                                                          (5.00%)
       476,892,757      r20d1                                                         (5.00%)
     3,964,506,410      r8b0                                                          (6.25%)
    18,498,486,076      r80b0                                                         (7.50%)
        36,521,352      r2b0                                                          (8.75%)
       731,998,427      r1b0                                                          (10.00%)
     2,987,112,450      r4b0                                                          (10.00%)
    68,010,287,813      r1b2                                                          (10.00%)
   937,326,183,557      r860                                                          (10.00%)
   118,042,855,367      r1000860                                                      (10.00%)
       932,412,355      r1000260                                                      (10.00%)
    57,378,056,791      r1000160                                                      (10.00%)
   113,356,141,675      r1000460                                                      (10.00%)
     3,105,281,061      r260                                                          (10.00%)
   106,305,516,817      r160                                                          (10.00%)
        90,643,563      r6000160                                                      (10.00%)
   588,690,700,891      r460                                                          (10.00%)
                 0      r1b7                                                          (10.00%)
                 0      r1b7                                                          (10.00%)
                 0      r1b7                                                          (10.00%)
                 0      r1b7                                                          (10.00%)
                 0      r1b7                                                          (10.00%)
                 0      r1b7                                                          (10.00%)
                 0      r1b7                                                          (10.00%)
                 0      r1b7                                                          (10.00%)
                 0      r1b7                                                          (10.00%)
                 0      r1b7                                                          (10.00%)
                 0      r1b7                                                          (10.00%)
                 0      r1b7                                                          (10.00%)
                 0      r1b7                                                          (10.00%)

      70.100575168 seconds time elapsed

