# started on Mon Feb  5 06:21:31 2024


 Performance counter stats for 'system wide':

        36,863,009      r2ab                                                          (19.51%)
                 0      r1c6                                                          (19.51%)
                 0      r1c6                                                          (19.51%)
                 0      r1c6                                                          (19.51%)
                 0      r1c6                                                          (19.51%)
                 0      r1c6                                                          (9.76%)
                 0      r1c6                                                          (9.76%)
                 0      r1c6                                                          (9.76%)
                 0      r1c6                                                          (9.76%)
                 0      r1c6                                                          (9.76%)
                 0      r1c6                                                          (9.76%)
                 0      r1c6                                                          (9.76%)
                 0      r1c6                                                          (9.76%)
                 0      r1c6                                                          (9.76%)
                 0      r1c6                                                          (9.76%)
                 0      r1c6                                                          (9.76%)
                 0      r1c6                                                          (9.76%)
                 0      r1c6                                                          (9.76%)
       345,767,756      r480                                                          (12.20%)
    41,933,399,873      r183                                                          (14.64%)
       135,362,922      r283                                                          (17.08%)
        83,057,216      r483                                                          (19.52%)
    27,978,610,237      r4001879                                                      (19.52%)
    55,911,456,891      r1001879                                                      (19.52%)
       599,789,715      r4002479                                                      (19.52%)
     1,731,818,865      r1002479                                                      (19.52%)
    55,606,859,199      r1000879                                                      (19.52%)
   170,931,132,886      r879                                                          (19.52%)
     1,117,454,623      r1000479                                                      (19.52%)
     3,006,131,678      r479                                                          (19.52%)
       943,889,620      r1003079                                                      (19.52%)
       318,302,234      r1001079                                                      (19.52%)
     1,591,838,909      r2079                                                         (19.52%)
       280,283,644      r1043079                                                      (19.51%)
     2,612,073,206      r3079                                                         (19.51%)
    28,612,394,549      r19c                                                          (19.51%)
       974,608,226      r400019c                                                      (19.51%)
   156,452,593,862      r180019c                                                      (19.51%)
     4,929,873,276      r300019c                                                      (19.51%)
    10,465,632,338      r200019c                                                      (19.51%)
    12,083,763,988      r100019c                                                      (19.51%)

      69.815975069 seconds time elapsed

