# started on Tue Feb  6 08:32:08 2024


 Performance counter stats for 'system wide':

                 0      r1b7                                                          (11.59%)
                 0      r1b7                                                          (11.59%)
                 0      r1b7                                                          (11.60%)
                 0      r1b7                                                          (11.60%)
                 0      r1b7                                                          (11.60%)
            47,230      r3fc1                                                         (11.60%)
     8,863,046,974      r159                                                          (11.60%)
   106,780,259,119      r1a2                                                          (11.60%)
     6,461,804,618      r8a2                                                          (11.60%)
                 0      r20cc                                                         (11.60%)
                 0      r40cc                                                         (11.60%)
     8,313,954,422      r15e                                                          (11.60%)
       393,322,855      r184015e                                                      (11.60%)
                 0      r4c9                                                          (11.60%)
                 0      r80c9                                                         (11.60%)
                 0      r8c9                                                          (11.60%)
                 0      r40c9                                                         (11.60%)
                 0      r10c9                                                         (11.60%)
                 0      r20c9                                                         (11.60%)
                 0      r2c9                                                          (11.60%)
                 0      r1c9                                                          (11.60%)
                 0      r10f4                                                         (11.60%)
                17      r132                                                          (11.60%)
            49,932      r832                                                          (11.60%)
            71,868      r232                                                          (11.60%)
                 0      r432                                                          (11.60%)
           234,353      r1bd                                                          (11.60%)
            34,607      r20bd                                                         (11.60%)
                 9      r15d                                                          (11.60%)
                 0      r25d                                                          (11.60%)
                 0      r45d                                                          (11.59%)
                 0      r85d                                                          (11.59%)
                 0      r105d                                                         (11.59%)
                 0      r254                                                          (11.59%)
                 0      r154                                                          (11.59%)
                 0      r1054                                                         (11.59%)
                 0      r854                                                          (11.59%)
                 0      r2054                                                         (11.59%)
                 0      r454                                                          (11.59%)
                 0      r4054                                                         (11.59%)
    27,058,288,157      r1a1                                                          (11.59%)
    31,949,121,718      r2a1                                                          (11.59%)
    40,509,686,510      r4a1                                                          (11.59%)
    36,328,510,281      r8a1                                                          (11.59%)
    33,554,449,309      r10a1                                                         (11.59%)
    34,780,075,057      r20a1                                                         (11.59%)
    41,312,604,991      r40a1                                                         (11.59%)
     1,273,282,411      r80a1                                                         (11.59%)
   224,358,027,893      r2b1                                                          (11.59%)
    76,306,098,146      r10002b1                                                      (11.59%)
    62,158,099,748      r20002b1                                                      (11.59%)
    47,546,459,825      r30002b1                                                      (11.59%)
    25,388,290,263      r40002b1                                                      (11.59%)
    99,470,472,815      r18002b1                                                      (11.59%)
    76,399,516,495      r10001b1                                                      (11.59%)
    62,264,331,034      r20001b1                                                      (11.59%)
    47,653,084,343      r30001b1                                                      (11.59%)
    25,471,718,250      r40001b1                                                      (11.59%)
    99,623,061,137      r18001b1                                                      (11.59%)
   225,178,867,660      r1b1                                                          (11.59%)
         5,121,696      r10b1                                                         (11.59%)
   178,989,420,248      r10e                                                          (11.59%)
        49,979,051      r200e                                                         (11.59%)
   124,541,405,964      r180010e                                                      (11.59%)
                 0      r20e                                                          (11.59%)
    26,935,922,243      r4c2                                                          (11.59%)
   175,808,366,230      r2c2                                                          (11.59%)
   128,063,536,096      r18002c2                                                      (11.59%)
   175,965,692,469      r108002c2                                                     (11.59%)
   136,222,781,550      unc_c_clockticks_0                                            (36.37%)
   136,283,866,165      unc_c_clockticks_1                                            (36.35%)
   136,317,165,183      unc_c_clockticks_2                                            (36.33%)
   136,317,609,107      unc_c_clockticks_3                                            (36.32%)
   136,318,032,179      unc_c_clockticks_4                                            (36.30%)
   136,305,039,507      unc_c_clockticks_5                                            (36.37%)
   136,296,184,486      unc_c_clockticks_6                                            (36.35%)
   136,283,232,482      unc_c_clockticks_7                                            (36.34%)
            13,535      unc_c_fast_asserted_0                                         (36.36%)
            87,614      unc_c_fast_asserted_1                                         (36.37%)
            40,604      unc_c_fast_asserted_2                                         (36.37%)
            14,373      unc_c_fast_asserted_3                                         (36.37%)
            30,385      unc_c_fast_asserted_4                                         (36.37%)
            59,041      unc_c_fast_asserted_5                                         (36.29%)
           906,124      unc_c_fast_asserted_6                                         (36.29%)
           886,477      unc_c_fast_asserted_7                                         (36.29%)
                 0      unc_c_llc_lookup_data_read_0                                     (36.36%)
                 0      unc_c_llc_lookup_data_read_1                                     (36.35%)
                 0      unc_c_llc_lookup_data_read_2                                     (36.33%)
                 0      unc_c_llc_lookup_data_read_3                                     (36.32%)
                 0      unc_c_llc_lookup_data_read_4                                     (36.30%)
                 0      unc_c_llc_lookup_data_read_5                                     (36.21%)
                 0      unc_c_llc_lookup_data_read_6                                     (36.19%)
                 0      unc_c_llc_lookup_data_read_7                                     (36.18%)
                 0      unc_c_llc_lookup_remote_snoop_0                                     (36.36%)
                 0      unc_c_llc_lookup_remote_snoop_1                                     (36.33%)
                 0      unc_c_llc_lookup_remote_snoop_2                                     (36.30%)
                 0      unc_c_llc_lookup_remote_snoop_3                                     (36.27%)
                 0      unc_c_llc_lookup_remote_snoop_4                                     (36.24%)
                 0      unc_c_llc_lookup_remote_snoop_5                                     (36.28%)
                 0      unc_c_llc_lookup_remote_snoop_6                                     (36.25%)
                 0      unc_c_llc_lookup_remote_snoop_7                                     (36.22%)
        15,380,205      unc_c_llc_victims_e_state_0                                     (36.36%)
        15,338,341      unc_c_llc_victims_e_state_1                                     (36.35%)
        15,532,234      unc_c_llc_victims_e_state_2                                     (36.33%)
        15,491,470      unc_c_llc_victims_e_state_3                                     (36.31%)
        15,524,059      unc_c_llc_victims_e_state_4                                     (36.29%)
        15,716,486      unc_c_llc_victims_e_state_5                                     (36.35%)
        15,623,380      unc_c_llc_victims_e_state_6                                     (36.33%)
        15,596,551      unc_c_llc_victims_e_state_7                                     (36.32%)
                52      unc_c_llc_victims_f_state_0                                     (36.36%)
                19      unc_c_llc_victims_f_state_1                                     (36.36%)
                30      unc_c_llc_victims_f_state_2                                     (36.36%)
                17      unc_c_llc_victims_f_state_3                                     (36.36%)
                33      unc_c_llc_victims_f_state_4                                     (36.35%)
                14      unc_c_llc_victims_f_state_5                                     (36.51%)
                14      unc_c_llc_victims_f_state_6                                     (36.51%)
                 3      unc_c_llc_victims_f_state_7                                     (36.51%)
        45,281,751      unc_c_llc_victims_m_state_0                                     (36.36%)
        45,292,819      unc_c_llc_victims_m_state_1                                     (36.39%)
        45,449,854      unc_c_llc_victims_m_state_2                                     (36.42%)
        45,408,103      unc_c_llc_victims_m_state_3                                     (36.45%)
        45,439,983      unc_c_llc_victims_m_state_4                                     (36.48%)
        45,317,189      unc_c_llc_victims_m_state_5                                     (36.60%)
        45,195,919      unc_c_llc_victims_m_state_6                                     (36.63%)
        45,163,418      unc_c_llc_victims_m_state_7                                     (36.67%)
           230,091      unc_c_llc_victims_s_state_0                                     (36.36%)
           237,274      unc_c_llc_victims_s_state_1                                     (36.41%)
           240,878      unc_c_llc_victims_s_state_2                                     (36.46%)
           252,023      unc_c_llc_victims_s_state_3                                     (36.51%)
           225,335      unc_c_llc_victims_s_state_4                                     (36.56%)
           229,732      unc_c_llc_victims_s_state_5                                     (36.45%)
           242,759      unc_c_llc_victims_s_state_6                                     (36.50%)
           221,967      unc_c_llc_victims_s_state_7                                     (36.55%)
                 0      unc_c_tor_inserts_irq_0                                       (36.36%)
                 0      unc_c_tor_inserts_irq_1                                       (36.38%)
                 0      unc_c_tor_inserts_irq_2                                       (36.40%)
                 0      unc_c_tor_inserts_irq_3                                       (36.42%)
                 3      unc_c_tor_inserts_irq_4                                       (36.43%)
                 0      unc_c_tor_inserts_irq_5                                       (36.37%)
                 0      unc_c_tor_inserts_irq_6                                       (36.39%)
                 0      unc_c_tor_inserts_irq_7                                       (36.41%)
                 0      unc_c_tor_inserts_irq_hit_0                                     (36.37%)
                 0      unc_c_tor_inserts_irq_hit_1                                     (36.37%)
                 0      unc_c_tor_inserts_irq_hit_2                                     (36.37%)
                 0      unc_c_tor_inserts_irq_hit_3                                     (36.37%)
                 0      unc_c_tor_inserts_irq_hit_4                                     (36.37%)
                 0      unc_c_tor_inserts_irq_hit_5                                     (36.29%)
                 0      unc_c_tor_inserts_irq_hit_6                                     (36.29%)
                 0      unc_c_tor_inserts_irq_hit_7                                     (36.29%)
                 0      unc_c_tor_inserts_irq_miss_0                                     (36.37%)
                 0      unc_c_tor_inserts_irq_miss_1                                     (36.35%)
                 0      unc_c_tor_inserts_irq_miss_2                                     (36.34%)
                 0      unc_c_tor_inserts_irq_miss_3                                     (36.32%)
                 0      unc_c_tor_inserts_irq_miss_4                                     (36.31%)
                 0      unc_c_tor_inserts_irq_miss_5                                     (36.29%)
                 0      unc_c_tor_inserts_irq_miss_6                                     (36.27%)
                 0      unc_c_tor_inserts_irq_miss_7                                     (36.26%)

      69.858618027 seconds time elapsed

