# started on Tue Feb  6 10:23:08 2024


 Performance counter stats for 'system wide':

                 0      unc_h_dir_update_ha_0                                         (23.53%)
                 0      unc_h_dir_update_ha_1                                         (23.54%)
                 0      unc_h_dir_update_ha_2                                         (23.54%)
                 0      unc_h_dir_update_ha_3                                         (23.53%)
                 0      unc_h_dir_update_ha_4                                         (23.53%)
                 0      unc_h_dir_update_ha_5                                         (23.54%)
                 0      unc_h_dir_update_ha_6                                         (23.54%)
             5,676      unc_h_dir_update_ha_7                                         (23.54%)
                 0      unc_h_dir_update_tor_0                                        (23.54%)
             2,821      unc_h_dir_update_tor_1                                        (23.54%)
               794      unc_h_dir_update_tor_2                                        (23.54%)
             7,414      unc_h_dir_update_tor_3                                        (23.54%)
             5,629      unc_h_dir_update_tor_4                                        (23.54%)
             1,236      unc_h_dir_update_tor_5                                        (23.54%)
                 0      unc_h_dir_update_tor_6                                        (23.54%)
             2,324      unc_h_dir_update_tor_7                                        (23.54%)
             2,910      unc_h_hitme_hit_ex_rds_0                                      (23.54%)
             3,029      unc_h_hitme_hit_ex_rds_1                                      (23.54%)
                 0      unc_h_hitme_hit_ex_rds_2                                      (23.53%)
             2,630      unc_h_hitme_hit_ex_rds_3                                      (23.53%)
             2,452      unc_h_hitme_hit_ex_rds_4                                      (23.54%)
             1,366      unc_h_hitme_hit_ex_rds_5                                      (23.78%)
             2,345      unc_h_hitme_hit_ex_rds_6                                      (23.54%)
             2,324      unc_h_hitme_hit_ex_rds_7                                      (23.54%)
               956      unc_h_misc_rfo_hit_s_0                                        (23.53%)
                 8      unc_h_misc_rfo_hit_s_1                                        (23.54%)
                55      unc_h_misc_rfo_hit_s_2                                        (23.66%)
               763      unc_h_misc_rfo_hit_s_3                                        (23.72%)
               454      unc_h_misc_rfo_hit_s_4                                        (23.78%)
                 0      unc_h_misc_rfo_hit_s_5                                        (23.84%)
               728      unc_h_misc_rfo_hit_s_6                                        (23.90%)
             1,147      unc_h_misc_rfo_hit_s_7                                        (23.54%)
        37,942,238      unc_h_requests_invitoe_local_0                                     (23.64%)
        37,881,459      unc_h_requests_invitoe_local_1                                     (23.56%)
        37,956,491      unc_h_requests_invitoe_local_2                                     (23.63%)
        37,888,095      unc_h_requests_invitoe_local_3                                     (23.65%)
        37,953,824      unc_h_requests_invitoe_local_4                                     (23.68%)
        37,939,608      unc_h_requests_invitoe_local_5                                     (23.30%)
        37,915,483      unc_h_requests_invitoe_local_6                                     (23.30%)
        37,985,580      unc_h_requests_invitoe_local_7                                     (23.54%)
                 0      unc_h_requests_invitoe_remote_0                                     (23.57%)
            13,874      unc_h_requests_invitoe_remote_1                                     (23.48%)
            15,738      unc_h_requests_invitoe_remote_2                                     (23.39%)
            15,368      unc_h_requests_invitoe_remote_3                                     (23.35%)
                 0      unc_h_requests_invitoe_remote_4                                     (23.30%)
            15,413      unc_h_requests_invitoe_remote_5                                     (23.35%)
            18,062      unc_h_requests_invitoe_remote_6                                     (23.31%)
                 0      unc_h_requests_invitoe_remote_7                                     (23.53%)
     1,029,435,687      unc_h_requests_reads_0                                        (23.43%)
     1,033,485,139      unc_h_requests_reads_1                                        (23.53%)
     1,033,375,711      unc_h_requests_reads_2                                        (23.50%)
     1,033,525,222      unc_h_requests_reads_3                                        (23.50%)
     1,032,349,513      unc_h_requests_reads_4                                        (23.50%)
     1,033,515,532      unc_h_requests_reads_5                                        (23.53%)
     1,033,531,419      unc_h_requests_reads_6                                        (23.53%)
     1,032,904,163      unc_h_requests_reads_7                                        (23.53%)
     1,033,494,024      unc_h_requests_reads_local_0                                     (23.53%)
     1,033,928,912      unc_h_requests_reads_local_1                                     (23.53%)
     1,033,864,017      unc_h_requests_reads_local_2                                     (23.53%)
     1,034,253,804      unc_h_requests_reads_local_3                                     (23.53%)
     1,034,217,351      unc_h_requests_reads_local_4                                     (23.53%)
     1,033,715,711      unc_h_requests_reads_local_5                                     (23.53%)
     1,033,747,528      unc_h_requests_reads_local_6                                     (23.53%)
     1,033,135,131      unc_h_requests_reads_local_7                                     (23.53%)
       461,212,407      unc_h_requests_writes_0                                       (23.53%)
       461,339,596      unc_h_requests_writes_1                                       (23.53%)
       461,229,555      unc_h_requests_writes_2                                       (23.53%)
       461,057,436      unc_h_requests_writes_3                                       (23.53%)
       461,120,642      unc_h_requests_writes_4                                       (23.53%)
       460,956,761      unc_h_requests_writes_5                                       (23.53%)
       461,001,392      unc_h_requests_writes_6                                       (23.53%)
       461,074,716      unc_h_requests_writes_7                                       (23.53%)
       461,326,866      unc_h_requests_writes_local_0                                     (23.53%)
       461,441,566      unc_h_requests_writes_local_1                                     (23.53%)
       461,299,804      unc_h_requests_writes_local_2                                     (23.53%)
       461,090,714      unc_h_requests_writes_local_3                                     (23.53%)
       461,177,091      unc_h_requests_writes_local_4                                     (23.53%)
       460,975,778      unc_h_requests_writes_local_5                                     (23.53%)
       460,959,872      unc_h_requests_writes_local_6                                     (23.78%)
       461,005,401      unc_h_requests_writes_local_7                                     (23.53%)
     2,296,497,717      unc_h_rxc_inserts_irq_0                                       (23.59%)
     2,208,622,793      unc_h_rxc_inserts_irq_1                                       (23.59%)
     2,208,059,068      unc_h_rxc_inserts_irq_2                                       (23.68%)
     2,210,735,369      unc_h_rxc_inserts_irq_3                                       (23.72%)
     2,214,823,977      unc_h_rxc_inserts_irq_4                                       (23.76%)
     2,206,711,584      unc_h_rxc_inserts_irq_5                                       (23.72%)
     2,208,334,204      unc_h_rxc_inserts_irq_6                                       (23.76%)
     2,206,675,083      unc_h_rxc_inserts_irq_7                                       (23.53%)
           306,725      unc_h_rxc_irq1_reject_pa_match_0                                     (23.60%)
           304,201      unc_h_rxc_irq1_reject_pa_match_1                                     (23.58%)
           257,782      unc_h_rxc_irq1_reject_pa_match_2                                     (23.56%)
           262,431      unc_h_rxc_irq1_reject_pa_match_3                                     (23.57%)
           248,747      unc_h_rxc_irq1_reject_pa_match_4                                     (23.57%)
           221,983      unc_h_rxc_irq1_reject_pa_match_5                                     (23.59%)
           245,176      unc_h_rxc_irq1_reject_pa_match_6                                     (23.61%)
           250,988      unc_h_rxc_irq1_reject_pa_match_7                                     (23.53%)
    17,931,864,096      unc_h_rxc_occupancy_irq_0                                     (23.47%)
    17,254,782,108      unc_h_rxc_occupancy_irq_1                                     (23.53%)
    17,107,288,976      unc_h_rxc_occupancy_irq_2                                     (23.41%)
    17,448,298,650      unc_h_rxc_occupancy_irq_3                                     (23.35%)
    17,913,200,910      unc_h_rxc_occupancy_irq_4                                     (23.30%)
    17,512,855,651      unc_h_rxc_occupancy_irq_5                                     (23.24%)
    23,860,817,713      unc_h_rxc_occupancy_irq_6                                     (23.18%)
    24,041,867,177      unc_h_rxc_occupancy_irq_7                                     (23.53%)
             6,846      unc_h_snoop_resp_rsp_fwd_wb_0                                     (23.46%)
                 0      unc_h_snoop_resp_rsp_fwd_wb_1                                     (23.49%)
                 0      unc_h_snoop_resp_rsp_fwd_wb_2                                     (23.44%)
                 0      unc_h_snoop_resp_rsp_fwd_wb_3                                     (23.41%)
            14,586      unc_h_snoop_resp_rsp_fwd_wb_4                                     (23.39%)
                 0      unc_h_snoop_resp_rsp_fwd_wb_5                                     (23.47%)
                 0      unc_h_snoop_resp_rsp_fwd_wb_6                                     (23.45%)
               225      unc_h_snoop_resp_rsp_fwd_wb_7                                     (23.53%)
                 0      unc_h_snoop_resp_rspcnflct_0                                     (23.50%)
                 0      unc_h_snoop_resp_rspcnflct_1                                     (23.50%)
             2,334      unc_h_snoop_resp_rspcnflct_2                                     (23.52%)
             8,043      unc_h_snoop_resp_rspcnflct_3                                     (23.52%)
             5,927      unc_h_snoop_resp_rspcnflct_4                                     (23.52%)
                 0      unc_h_snoop_resp_rspcnflct_5                                     (23.52%)
                 0      unc_h_snoop_resp_rspcnflct_6                                     (23.52%)
                 0      unc_h_snoop_resp_rspcnflct_7                                     (23.53%)
                 0      unc_h_snoop_resp_rspifwd_0                                     (23.53%)
             6,657      unc_h_snoop_resp_rspifwd_1                                     (23.52%)
                 0      unc_h_snoop_resp_rspifwd_2                                     (23.52%)
                 0      unc_h_snoop_resp_rspifwd_3                                     (23.53%)
                 0      unc_h_snoop_resp_rspifwd_4                                     (23.53%)
             3,872      unc_h_snoop_resp_rspifwd_5                                     (23.53%)
             6,078      unc_h_snoop_resp_rspifwd_6                                     (23.53%)
                 0      unc_h_snoop_resp_rspifwd_7                                     (23.53%)
             7,153      unc_h_snoop_resp_rspsfwd_0                                     (23.53%)
             6,452      unc_h_snoop_resp_rspsfwd_1                                     (23.53%)
             2,482      unc_h_snoop_resp_rspsfwd_2                                     (23.53%)
                 0      unc_h_snoop_resp_rspsfwd_3                                     (23.53%)
                 0      unc_h_snoop_resp_rspsfwd_4                                     (23.53%)
             3,838      unc_h_snoop_resp_rspsfwd_5                                     (23.53%)
             6,014      unc_h_snoop_resp_rspsfwd_6                                     (23.53%)
             5,317      unc_h_snoop_resp_rspsfwd_7                                     (23.53%)
           211,586      unc_i_cache_total_occupancy_mem_0                                     (33.34%)
            84,128      unc_i_cache_total_occupancy_mem_1                                     (33.33%)
                 0      unc_i_cache_total_occupancy_mem_2                                     (33.33%)
                 0      unc_i_cache_total_occupancy_mem_3                                     (33.33%)
                 0      unc_i_cache_total_occupancy_mem_4                                     (33.33%)
                 0      unc_i_cache_total_occupancy_mem_5                                     (33.33%)
               876      unc_i_coherent_ops_pcitom_0                                     (33.33%)
                 0      unc_i_coherent_ops_pcitom_1                                     (33.33%)
                 0      unc_i_coherent_ops_pcitom_2                                     (33.33%)
                 0      unc_i_coherent_ops_pcitom_3                                     (33.33%)
                 0      unc_i_coherent_ops_pcitom_4                                     (33.33%)
                 0      unc_i_coherent_ops_pcitom_5                                     (33.33%)
               615      unc_i_coherent_ops_rfo_0                                      (33.33%)
               171      unc_i_coherent_ops_rfo_1                                      (33.34%)
                 0      unc_i_coherent_ops_rfo_2                                      (33.34%)
                 0      unc_i_coherent_ops_rfo_3                                      (33.34%)
                 0      unc_i_coherent_ops_rfo_4                                      (33.34%)
                 0      unc_i_coherent_ops_rfo_5                                      (33.34%)
             1,065      unc_i_faf_inserts_0                                           (33.34%)
            38,863      unc_i_faf_inserts_1                                           (33.33%)
                 0      unc_i_faf_inserts_2                                           (33.33%)
                 0      unc_i_faf_inserts_3                                           (33.33%)
                 0      unc_i_faf_inserts_4                                           (33.33%)
                 0      unc_i_faf_inserts_5                                           (33.33%)
             1,020      unc_i_faf_occupancy_0                                         (33.33%)
            19,822      unc_i_faf_occupancy_1                                         (33.33%)
                 0      unc_i_faf_occupancy_2                                         (33.33%)
                 0      unc_i_faf_occupancy_3                                         (33.33%)
                 0      unc_i_faf_occupancy_4                                         (33.33%)
                 0      unc_i_faf_occupancy_5                                         (33.33%)
               630      unc_i_transactions_wr_pref_0                                     (33.33%)
                36      unc_i_transactions_wr_pref_1                                     (33.34%)
                 0      unc_i_transactions_wr_pref_2                                     (33.34%)
                 0      unc_i_transactions_wr_pref_3                                     (33.34%)
                 0      unc_i_transactions_wr_pref_4                                     (33.34%)
                 0      unc_i_transactions_wr_pref_5                                     (33.34%)
    67,666,098,872      unc_iio_clockticks_0                                          (5.29%)
    67,465,392,853      unc_iio_clockticks_1                                          (7.01%)
    67,487,334,628      unc_iio_clockticks_2                                          (7.00%)
    67,655,262,650      unc_iio_clockticks_3                                          (5.28%)
                 0      unc_iio_clockticks_4                                          (6.98%)
                 0      unc_iio_clockticks_5                                          (6.97%)
                 0      unc_iio_comp_buf_inserts_cmpd_all_parts_0                                     (7.04%)
                 0      unc_iio_comp_buf_inserts_cmpd_all_parts_1                                     (5.29%)
                 0      unc_iio_comp_buf_inserts_cmpd_all_parts_2                                     (5.33%)
                 0      unc_iio_comp_buf_inserts_cmpd_all_parts_3                                     (7.03%)
                 0      unc_iio_comp_buf_inserts_cmpd_all_parts_4                                     (7.05%)
                 0      unc_iio_comp_buf_inserts_cmpd_all_parts_5                                     (5.30%)
                 0      unc_iio_comp_buf_inserts_cmpd_part0_0                                     (7.03%)
                 0      unc_iio_comp_buf_inserts_cmpd_part0_1                                     (7.03%)
                 0      unc_iio_comp_buf_inserts_cmpd_part0_2                                     (7.05%)
                 0      unc_iio_comp_buf_inserts_cmpd_part0_3                                     (7.03%)
                 0      unc_iio_comp_buf_inserts_cmpd_part0_4                                     (7.00%)
                 0      unc_iio_comp_buf_inserts_cmpd_part0_5                                     (7.00%)
                 0      unc_iio_comp_buf_inserts_cmpd_part1_0                                     (7.03%)
                 0      unc_iio_comp_buf_inserts_cmpd_part1_1                                     (7.03%)
                 0      unc_iio_comp_buf_inserts_cmpd_part1_2                                     (7.05%)
                 0      unc_iio_comp_buf_inserts_cmpd_part1_3                                     (7.03%)
                 0      unc_iio_comp_buf_inserts_cmpd_part1_4                                     (7.03%)
                 0      unc_iio_comp_buf_inserts_cmpd_part1_5                                     (7.04%)
                 0      unc_iio_comp_buf_inserts_cmpd_part2_0                                     (7.04%)
                 0      unc_iio_comp_buf_inserts_cmpd_part2_1                                     (7.02%)
                 0      unc_iio_comp_buf_inserts_cmpd_part2_2                                     (7.02%)
                 0      unc_iio_comp_buf_inserts_cmpd_part2_3                                     (7.03%)
                 0      unc_iio_comp_buf_inserts_cmpd_part2_4                                     (7.04%)
                 0      unc_iio_comp_buf_inserts_cmpd_part2_5                                     (7.03%)
                 0      unc_iio_comp_buf_inserts_cmpd_part3_0                                     (7.03%)
                 0      unc_iio_comp_buf_inserts_cmpd_part3_1                                     (7.03%)
                 0      unc_iio_comp_buf_inserts_cmpd_part3_2                                     (7.05%)
                 0      unc_iio_comp_buf_inserts_cmpd_part3_3                                     (7.03%)
                 0      unc_iio_comp_buf_inserts_cmpd_part3_4                                     (6.99%)
                 0      unc_iio_comp_buf_inserts_cmpd_part3_5                                     (6.99%)
           371,452      unc_iio_comp_buf_occupancy_cmpd_all_parts_0                                     (7.03%)
         7,957,325      unc_iio_comp_buf_occupancy_cmpd_all_parts_1                                     (7.03%)
                 0      unc_iio_comp_buf_occupancy_cmpd_all_parts_2                                     (7.01%)
                 0      unc_iio_comp_buf_occupancy_cmpd_all_parts_3                                     (7.03%)
                 0      unc_iio_comp_buf_occupancy_cmpd_all_parts_4                                     (7.02%)
                 0      unc_iio_comp_buf_occupancy_cmpd_all_parts_5                                     (7.03%)
                 0      unc_iio_comp_buf_occupancy_cmpd_part0_0                                     (7.03%)
         5,429,205      unc_iio_comp_buf_occupancy_cmpd_part0_1                                     (7.03%)
                 0      unc_iio_comp_buf_occupancy_cmpd_part0_2                                     (7.02%)
                 0      unc_iio_comp_buf_occupancy_cmpd_part0_3                                     (7.03%)
                 0      unc_iio_comp_buf_occupancy_cmpd_part0_4                                     (7.04%)
                 0      unc_iio_comp_buf_occupancy_cmpd_part0_5                                     (7.03%)
            29,287      unc_iio_comp_buf_occupancy_cmpd_part1_0                                     (7.03%)
                 0      unc_iio_comp_buf_occupancy_cmpd_part1_1                                     (7.03%)
                 0      unc_iio_comp_buf_occupancy_cmpd_part1_2                                     (7.03%)
                 0      unc_iio_comp_buf_occupancy_cmpd_part1_3                                     (7.02%)
                 0      unc_iio_comp_buf_occupancy_cmpd_part1_4                                     (7.04%)
                 0      unc_iio_comp_buf_occupancy_cmpd_part1_5                                     (7.04%)
                 0      unc_iio_comp_buf_occupancy_cmpd_part2_0                                     (7.02%)
                 0      unc_iio_comp_buf_occupancy_cmpd_part2_1                                     (7.02%)
                 0      unc_iio_comp_buf_occupancy_cmpd_part2_2                                     (7.02%)
                 0      unc_iio_comp_buf_occupancy_cmpd_part2_3                                     (7.02%)
                 0      unc_iio_comp_buf_occupancy_cmpd_part2_4                                     (7.02%)
                 0      unc_iio_comp_buf_occupancy_cmpd_part2_5                                     (7.02%)
                 0      unc_iio_comp_buf_occupancy_cmpd_part3_0                                     (7.00%)
                 0      unc_iio_comp_buf_occupancy_cmpd_part3_1                                     (7.03%)
                 0      unc_iio_comp_buf_occupancy_cmpd_part3_2                                     (7.03%)
                 0      unc_iio_comp_buf_occupancy_cmpd_part3_3                                     (7.01%)
                 0      unc_iio_comp_buf_occupancy_cmpd_part3_4                                     (7.06%)
                 0      unc_iio_comp_buf_occupancy_cmpd_part3_5                                     (7.05%)
                 0      unc_iio_data_req_by_cpu_mem_read_part0_0                                     (5.27%)
                 0      unc_iio_data_req_by_cpu_mem_read_part0_1                                     (7.03%)
                 0      unc_iio_data_req_by_cpu_mem_read_part0_2                                     (7.02%)
                 0      unc_iio_data_req_by_cpu_mem_read_part0_3                                     (5.27%)
                 0      unc_iio_data_req_by_cpu_mem_read_part0_4                                     (3.51%)
                 0      unc_iio_data_req_by_cpu_mem_read_part0_5                                     (7.04%)
                 0      unc_iio_data_req_by_cpu_mem_read_part1_0                                     (7.03%)
                 0      unc_iio_data_req_by_cpu_mem_read_part1_1                                     (7.03%)
                 0      unc_iio_data_req_by_cpu_mem_read_part1_2                                     (7.02%)
                 0      unc_iio_data_req_by_cpu_mem_read_part1_3                                     (7.02%)
                 0      unc_iio_data_req_by_cpu_mem_read_part1_4                                     (7.04%)
                 0      unc_iio_data_req_by_cpu_mem_read_part1_5                                     (7.03%)
                 0      unc_iio_data_req_by_cpu_mem_read_part2_0                                     (7.02%)
                 0      unc_iio_data_req_by_cpu_mem_read_part2_1                                     (7.01%)
                 0      unc_iio_data_req_by_cpu_mem_read_part2_2                                     (7.00%)
                 0      unc_iio_data_req_by_cpu_mem_read_part2_3                                     (7.02%)
                 0      unc_iio_data_req_by_cpu_mem_read_part2_4                                     (7.04%)
                 0      unc_iio_data_req_by_cpu_mem_read_part2_5                                     (7.03%)
                 0      unc_iio_data_req_by_cpu_mem_read_part3_0                                     (7.01%)
                 0      unc_iio_data_req_by_cpu_mem_read_part3_1                                     (6.99%)
                 0      unc_iio_data_req_by_cpu_mem_read_part3_2                                     (6.99%)
                 0      unc_iio_data_req_by_cpu_mem_read_part3_3                                     (7.02%)
                 0      unc_iio_data_req_by_cpu_mem_read_part3_4                                     (7.02%)
                 0      unc_iio_data_req_by_cpu_mem_read_part3_5                                     (7.01%)
                 0      unc_iio_data_req_by_cpu_mem_write_part0_0                                     (7.03%)
                 0      unc_iio_data_req_by_cpu_mem_write_part0_1                                     (7.04%)
                 0      unc_iio_data_req_by_cpu_mem_write_part0_2                                     (7.05%)
                 0      unc_iio_data_req_by_cpu_mem_write_part0_3                                     (7.02%)
                 0      unc_iio_data_req_by_cpu_mem_write_part0_4                                     (7.05%)
                 0      unc_iio_data_req_by_cpu_mem_write_part0_5                                     (7.02%)
                 0      unc_iio_data_req_by_cpu_mem_write_part1_0                                     (7.02%)
                 0      unc_iio_data_req_by_cpu_mem_write_part1_1                                     (7.02%)
                 0      unc_iio_data_req_by_cpu_mem_write_part1_2                                     (7.02%)
                 0      unc_iio_data_req_by_cpu_mem_write_part1_3                                     (7.02%)
                 0      unc_iio_data_req_by_cpu_mem_write_part1_4                                     (7.03%)
                 0      unc_iio_data_req_by_cpu_mem_write_part1_5                                     (7.04%)
                 0      unc_iio_data_req_by_cpu_mem_write_part2_0                                     (7.01%)
                 0      unc_iio_data_req_by_cpu_mem_write_part2_1                                     (6.99%)
                 0      unc_iio_data_req_by_cpu_mem_write_part2_2                                     (6.98%)
                 0      unc_iio_data_req_by_cpu_mem_write_part2_3                                     (7.02%)
                 0      unc_iio_data_req_by_cpu_mem_write_part2_4                                     (6.98%)
                 0      unc_iio_data_req_by_cpu_mem_write_part2_5                                     (6.97%)
                 0      unc_iio_data_req_by_cpu_mem_write_part3_0                                     (7.02%)
                 0      unc_iio_data_req_by_cpu_mem_write_part3_1                                     (7.02%)
                 0      unc_iio_data_req_by_cpu_mem_write_part3_2                                     (7.02%)
                 0      unc_iio_data_req_by_cpu_mem_write_part3_3                                     (7.02%)
                 0      unc_iio_data_req_by_cpu_mem_write_part3_4                                     (7.02%)
                 0      unc_iio_data_req_by_cpu_mem_write_part3_5                                     (7.01%)
                 0      unc_iio_data_req_by_cpu_peer_read_part0_0                                     (7.02%)
                 0      unc_iio_data_req_by_cpu_peer_read_part0_1                                     (7.02%)
                 0      unc_iio_data_req_by_cpu_peer_read_part0_2                                     (7.03%)
                 0      unc_iio_data_req_by_cpu_peer_read_part0_3                                     (7.02%)
                 0      unc_iio_data_req_by_cpu_peer_read_part0_4                                     (7.02%)
                 0      unc_iio_data_req_by_cpu_peer_read_part0_5                                     (7.03%)
                 0      unc_iio_data_req_by_cpu_peer_read_part1_0                                     (7.02%)
                 0      unc_iio_data_req_by_cpu_peer_read_part1_1                                     (7.02%)
                 0      unc_iio_data_req_by_cpu_peer_read_part1_2                                     (7.02%)
                 0      unc_iio_data_req_by_cpu_peer_read_part1_3                                     (7.02%)
                 0      unc_iio_data_req_by_cpu_peer_read_part1_4                                     (7.03%)
                 0      unc_iio_data_req_by_cpu_peer_read_part1_5                                     (7.03%)
                 0      unc_iio_data_req_by_cpu_peer_read_part2_0                                     (7.02%)
                 0      unc_iio_data_req_by_cpu_peer_read_part2_1                                     (7.02%)
                 0      unc_iio_data_req_by_cpu_peer_read_part2_2                                     (7.03%)
                 0      unc_iio_data_req_by_cpu_peer_read_part2_3                                     (7.02%)
                 0      unc_iio_data_req_by_cpu_peer_read_part2_4                                     (7.02%)
                 0      unc_iio_data_req_by_cpu_peer_read_part2_5                                     (7.03%)
                 0      unc_iio_data_req_by_cpu_peer_read_part3_0                                     (7.02%)
                 0      unc_iio_data_req_by_cpu_peer_read_part3_1                                     (7.02%)
                 0      unc_iio_data_req_by_cpu_peer_read_part3_2                                     (7.02%)
                 0      unc_iio_data_req_by_cpu_peer_read_part3_3                                     (7.02%)
                 0      unc_iio_data_req_by_cpu_peer_read_part3_4                                     (7.02%)
                 0      unc_iio_data_req_by_cpu_peer_read_part3_5                                     (7.02%)
                 0      unc_iio_data_req_by_cpu_peer_write_part0_0                                     (7.01%)
                 0      unc_iio_data_req_by_cpu_peer_write_part0_1                                     (7.01%)
                 0      unc_iio_data_req_by_cpu_peer_write_part0_2                                     (7.02%)
                 0      unc_iio_data_req_by_cpu_peer_write_part0_3                                     (7.01%)
                 0      unc_iio_data_req_by_cpu_peer_write_part0_4                                     (6.99%)
                 0      unc_iio_data_req_by_cpu_peer_write_part0_5                                     (7.00%)
                 0      unc_iio_data_req_by_cpu_peer_write_part1_0                                     (5.25%)
                 0      unc_iio_data_req_by_cpu_peer_write_part1_1                                     (7.00%)
                 0      unc_iio_data_req_by_cpu_peer_write_part1_2                                     (6.98%)
                 0      unc_iio_data_req_by_cpu_peer_write_part1_3                                     (5.26%)
                 0      unc_iio_data_req_by_cpu_peer_write_part1_4                                     (7.03%)
                 0      unc_iio_data_req_by_cpu_peer_write_part1_5                                     (7.01%)
                 0      unc_iio_data_req_by_cpu_peer_write_part2_0                                     (3.51%)
                 0      unc_iio_data_req_by_cpu_peer_write_part2_1                                     (3.53%)
                 0      unc_iio_data_req_by_cpu_peer_write_part2_2                                     (3.55%)
                 0      unc_iio_data_req_by_cpu_peer_write_part2_3                                     (3.51%)
                 0      unc_iio_data_req_by_cpu_peer_write_part2_4                                     (3.53%)
                 0      unc_iio_data_req_by_cpu_peer_write_part2_5                                     (3.54%)
                 0      unc_iio_data_req_by_cpu_peer_write_part3_0                                     (5.27%)
                 0      unc_iio_data_req_by_cpu_peer_write_part3_1                                     (3.52%)
                 0      unc_iio_data_req_by_cpu_peer_write_part3_2                                     (5.27%)
                 0      unc_iio_data_req_by_cpu_peer_write_part3_3                                     (5.26%)
                 0      unc_iio_data_req_by_cpu_peer_write_part3_4                                     (3.49%)
                 0      unc_iio_data_req_by_cpu_peer_write_part3_5                                     (5.29%)
                 0      unc_iio_data_req_of_cpu_mem_read_part0_0                                     (7.02%)
                 0      unc_iio_data_req_of_cpu_mem_read_part0_1                                     (7.03%)
                 0      unc_iio_data_req_of_cpu_mem_read_part0_2                                     (7.03%)
                 0      unc_iio_data_req_of_cpu_mem_read_part0_3                                     (7.02%)
                 0      unc_iio_data_req_of_cpu_mem_read_part0_4                                     (5.26%)
                 0      unc_iio_data_req_of_cpu_mem_read_part0_5                                     (7.05%)
                 0      unc_iio_data_req_of_cpu_mem_read_part1_0                                     (7.03%)
                 0      unc_iio_data_req_of_cpu_mem_read_part1_1                                     (7.03%)
                 0      unc_iio_data_req_of_cpu_mem_read_part1_2                                     (7.02%)
                 0      unc_iio_data_req_of_cpu_mem_read_part1_3                                     (7.02%)
                 0      unc_iio_data_req_of_cpu_mem_read_part1_4                                     (7.04%)
                 0      unc_iio_data_req_of_cpu_mem_read_part1_5                                     (7.04%)
                 0      unc_iio_data_req_of_cpu_mem_read_part2_0                                     (5.26%)
                 0      unc_iio_data_req_of_cpu_mem_read_part2_1                                     (7.03%)
                 0      unc_iio_data_req_of_cpu_mem_read_part2_2                                     (7.04%)
                 0      unc_iio_data_req_of_cpu_mem_read_part2_3                                     (5.26%)
                 0      unc_iio_data_req_of_cpu_mem_read_part2_4                                     (7.00%)
                 0      unc_iio_data_req_of_cpu_mem_read_part2_5                                     (7.00%)
                 0      unc_iio_data_req_of_cpu_mem_read_part3_0                                     (7.02%)
                 0      unc_iio_data_req_of_cpu_mem_read_part3_1                                     (7.01%)
                 0      unc_iio_data_req_of_cpu_mem_read_part3_2                                     (7.00%)
                 0      unc_iio_data_req_of_cpu_mem_read_part3_3                                     (7.02%)
                 0      unc_iio_data_req_of_cpu_mem_read_part3_4                                     (6.99%)
                 0      unc_iio_data_req_of_cpu_mem_read_part3_5                                     (6.99%)
                 0      unc_iio_data_req_of_cpu_mem_write_part0_0                                     (7.02%)
                 0      unc_iio_data_req_of_cpu_mem_write_part0_1                                     (7.01%)
                 0      unc_iio_data_req_of_cpu_mem_write_part0_2                                     (7.00%)
                 0      unc_iio_data_req_of_cpu_mem_write_part0_3                                     (7.02%)
                 0      unc_iio_data_req_of_cpu_mem_write_part0_4                                     (5.30%)
                 0      unc_iio_data_req_of_cpu_mem_write_part0_5                                     (7.03%)
                 0      unc_iio_data_req_of_cpu_mem_write_part1_0                                     (5.25%)
                 0      unc_iio_data_req_of_cpu_mem_write_part1_1                                     (5.27%)
                 0      unc_iio_data_req_of_cpu_mem_write_part1_2                                     (7.02%)
                 0      unc_iio_data_req_of_cpu_mem_write_part1_3                                     (7.02%)
                 0      unc_iio_data_req_of_cpu_mem_write_part1_4                                     (5.27%)
                 0      unc_iio_data_req_of_cpu_mem_write_part1_5                                     (7.02%)
                 0      unc_iio_data_req_of_cpu_mem_write_part2_0                                     (7.01%)
                 0      unc_iio_data_req_of_cpu_mem_write_part2_1                                     (5.24%)
                 0      unc_iio_data_req_of_cpu_mem_write_part2_2                                     (5.23%)
                 0      unc_iio_data_req_of_cpu_mem_write_part2_3                                     (7.02%)
                 0      unc_iio_data_req_of_cpu_mem_write_part2_4                                     (6.98%)
                 0      unc_iio_data_req_of_cpu_mem_write_part2_5                                     (5.24%)
                 0      unc_iio_data_req_of_cpu_mem_write_part3_0                                     (7.01%)
                 0      unc_iio_data_req_of_cpu_mem_write_part3_1                                     (7.00%)
                 0      unc_iio_data_req_of_cpu_mem_write_part3_2                                     (5.26%)
                 0      unc_iio_data_req_of_cpu_mem_write_part3_3                                     (5.26%)
                 0      unc_iio_data_req_of_cpu_mem_write_part3_4                                     (7.01%)
                 0      unc_iio_data_req_of_cpu_mem_write_part3_5                                     (5.27%)
                 0      unc_iio_data_req_of_cpu_peer_read_part0_0                                     (5.27%)
                 0      unc_iio_data_req_of_cpu_peer_read_part0_1                                     (7.04%)
                 0      unc_iio_data_req_of_cpu_peer_read_part0_2                                     (7.03%)
                 0      unc_iio_data_req_of_cpu_peer_read_part0_3                                     (5.26%)
                 0      unc_iio_data_req_of_cpu_peer_read_part0_4                                     (7.03%)
                 0      unc_iio_data_req_of_cpu_peer_read_part0_5                                     (7.02%)
                 0      unc_iio_data_req_of_cpu_peer_read_part1_0                                     (5.28%)
                 0      unc_iio_data_req_of_cpu_peer_read_part1_1                                     (5.29%)
                 0      unc_iio_data_req_of_cpu_peer_read_part1_2                                     (7.02%)
                 0      unc_iio_data_req_of_cpu_peer_read_part1_3                                     (7.02%)
                 0      unc_iio_data_req_of_cpu_peer_read_part1_4                                     (5.29%)
                 0      unc_iio_data_req_of_cpu_peer_read_part1_5                                     (7.03%)
                 0      unc_iio_data_req_of_cpu_peer_read_part2_0                                     (7.02%)
                 0      unc_iio_data_req_of_cpu_peer_read_part2_1                                     (5.25%)
                 0      unc_iio_data_req_of_cpu_peer_read_part2_2                                     (5.26%)
                 0      unc_iio_data_req_of_cpu_peer_read_part2_3                                     (7.02%)
                 0      unc_iio_data_req_of_cpu_peer_read_part2_4                                     (5.27%)
                 0      unc_iio_data_req_of_cpu_peer_read_part2_5                                     (5.28%)
                 0      unc_iio_data_req_of_cpu_peer_read_part3_0                                     (7.01%)
                 0      unc_iio_data_req_of_cpu_peer_read_part3_1                                     (7.01%)
                 0      unc_iio_data_req_of_cpu_peer_read_part3_2                                     (5.28%)
                 0      unc_iio_data_req_of_cpu_peer_read_part3_3                                     (7.02%)
                 0      unc_iio_data_req_of_cpu_peer_read_part3_4                                     (7.00%)
                 0      unc_iio_data_req_of_cpu_peer_read_part3_5                                     (5.26%)
                 0      unc_iio_data_req_of_cpu_peer_write_part0_0                                     (7.01%)
                 0      unc_iio_data_req_of_cpu_peer_write_part0_1                                     (7.00%)
                 0      unc_iio_data_req_of_cpu_peer_write_part0_2                                     (6.99%)
                 0      unc_iio_data_req_of_cpu_peer_write_part0_3                                     (7.02%)
                 0      unc_iio_data_req_of_cpu_peer_write_part0_4                                     (6.97%)
                 0      unc_iio_data_req_of_cpu_peer_write_part0_5                                     (6.96%)
                 0      unc_iio_data_req_of_cpu_peer_write_part1_0                                     (7.01%)
                 0      unc_iio_data_req_of_cpu_peer_write_part1_1                                     (6.99%)
                 0      unc_iio_data_req_of_cpu_peer_write_part1_2                                     (6.98%)
                 0      unc_iio_data_req_of_cpu_peer_write_part1_3                                     (5.26%)
                 0      unc_iio_data_req_of_cpu_peer_write_part1_4                                     (7.00%)
                 0      unc_iio_data_req_of_cpu_peer_write_part1_5                                     (6.98%)
                 0      unc_iio_data_req_of_cpu_peer_write_part2_0                                     (5.26%)
                 0      unc_iio_data_req_of_cpu_peer_write_part2_1                                     (5.26%)
                 0      unc_iio_data_req_of_cpu_peer_write_part2_2                                     (7.02%)
                 0      unc_iio_data_req_of_cpu_peer_write_part2_3                                     (5.26%)
                 0      unc_iio_data_req_of_cpu_peer_write_part2_4                                     (5.26%)
                 0      unc_iio_data_req_of_cpu_peer_write_part2_5                                     (7.02%)
                 0      unc_iio_data_req_of_cpu_peer_write_part3_0                                     (5.26%)
                 0      unc_iio_data_req_of_cpu_peer_write_part3_1                                     (5.26%)
                 0      unc_iio_data_req_of_cpu_peer_write_part3_2                                     (5.26%)
                 0      unc_iio_data_req_of_cpu_peer_write_part3_3                                     (7.02%)
                 0      unc_iio_data_req_of_cpu_peer_write_part3_4                                     (5.26%)
                 0      unc_iio_data_req_of_cpu_peer_write_part3_5                                     (5.26%)
                 0      unc_iio_payload_bytes_in_mem_read_part0_0                                     (5.26%)
                 0      unc_iio_payload_bytes_in_mem_read_part0_1                                     (7.02%)
                 0      unc_iio_payload_bytes_in_mem_read_part0_2                                     (5.26%)
                 0      unc_iio_payload_bytes_in_mem_read_part0_3                                     (5.26%)
                 0      unc_iio_payload_bytes_in_mem_read_part0_4                                     (7.02%)
                 0      unc_iio_payload_bytes_in_mem_read_part0_5                                     (5.26%)
                 0      unc_iio_payload_bytes_in_mem_read_part1_0                                     (5.26%)
                 0      unc_iio_payload_bytes_in_mem_read_part1_1                                     (5.26%)
                 0      unc_iio_payload_bytes_in_mem_read_part1_2                                     (7.02%)
                 0      unc_iio_payload_bytes_in_mem_read_part1_3                                     (5.26%)
                 0      unc_iio_payload_bytes_in_mem_read_part1_4                                     (5.26%)
                 0      unc_iio_payload_bytes_in_mem_read_part1_5                                     (5.26%)
                 0      unc_iio_payload_bytes_in_mem_read_part2_0                                     (7.02%)
                 0      unc_iio_payload_bytes_in_mem_read_part2_1                                     (5.26%)
                 0      unc_iio_payload_bytes_in_mem_read_part2_2                                     (5.27%)
                 0      unc_iio_payload_bytes_in_mem_read_part2_3                                     (5.26%)
                 0      unc_iio_payload_bytes_in_mem_read_part2_4                                     (5.27%)
                 0      unc_iio_payload_bytes_in_mem_read_part2_5                                     (5.27%)
                 0      unc_iio_payload_bytes_in_mem_read_part3_0                                     (5.26%)
                 0      unc_iio_payload_bytes_in_mem_read_part3_1                                     (5.26%)
                 0      unc_iio_payload_bytes_in_mem_read_part3_2                                     (5.27%)
                 0      unc_iio_payload_bytes_in_mem_read_part3_3                                     (5.26%)
                 0      unc_iio_payload_bytes_in_mem_read_part3_4                                     (5.27%)
                 0      unc_iio_payload_bytes_in_mem_read_part3_5                                     (7.03%)
                 0      unc_iio_payload_bytes_in_mem_write_part0_0                                     (5.26%)
                 0      unc_iio_payload_bytes_in_mem_write_part0_1                                     (5.26%)
                 0      unc_iio_payload_bytes_in_mem_write_part0_2                                     (5.27%)
                 0      unc_iio_payload_bytes_in_mem_write_part0_3                                     (7.02%)
                 0      unc_iio_payload_bytes_in_mem_write_part0_4                                     (5.27%)
                 0      unc_iio_payload_bytes_in_mem_write_part0_5                                     (5.27%)
                 0      unc_iio_payload_bytes_in_mem_write_part1_0                                     (5.26%)
                 0      unc_iio_payload_bytes_in_mem_write_part1_1                                     (7.02%)
                 0      unc_iio_payload_bytes_in_mem_write_part1_2                                     (5.27%)
                 0      unc_iio_payload_bytes_in_mem_write_part1_3                                     (5.26%)
                 0      unc_iio_payload_bytes_in_mem_write_part1_4                                     (7.03%)
                 0      unc_iio_payload_bytes_in_mem_write_part1_5                                     (5.27%)
                 0      unc_iio_payload_bytes_in_mem_write_part2_0                                     (5.27%)
                 0      unc_iio_payload_bytes_in_mem_write_part2_1                                     (7.03%)
                 0      unc_iio_payload_bytes_in_mem_write_part2_2                                     (7.03%)
                 0      unc_iio_payload_bytes_in_mem_write_part2_3                                     (5.26%)
                 0      unc_iio_payload_bytes_in_mem_write_part2_4                                     (5.27%)
                 0      unc_iio_payload_bytes_in_mem_write_part2_5                                     (7.03%)
                 0      unc_iio_payload_bytes_in_mem_write_part3_0                                     (7.02%)
                 0      unc_iio_payload_bytes_in_mem_write_part3_1                                     (5.27%)
                 0      unc_iio_payload_bytes_in_mem_write_part3_2                                     (7.03%)
                 0      unc_iio_payload_bytes_in_mem_write_part3_3                                     (7.02%)
                 0      unc_iio_payload_bytes_in_mem_write_part3_4                                     (5.27%)
                 0      unc_iio_payload_bytes_in_mem_write_part3_5                                     (5.27%)
                 0      unc_iio_txn_req_by_cpu_mem_read_part0_0                                     (7.02%)
                 0      unc_iio_txn_req_by_cpu_mem_read_part0_1                                     (7.02%)
                 0      unc_iio_txn_req_by_cpu_mem_read_part0_2                                     (7.02%)
                 0      unc_iio_txn_req_by_cpu_mem_read_part0_3                                     (7.02%)
                 0      unc_iio_txn_req_by_cpu_mem_read_part0_4                                     (7.02%)
                 0      unc_iio_txn_req_by_cpu_mem_read_part0_5                                     (7.02%)
                 0      unc_iio_txn_req_by_cpu_mem_read_part1_0                                     (7.02%)
                 0      unc_iio_txn_req_by_cpu_mem_read_part1_1                                     (7.02%)
                 0      unc_iio_txn_req_by_cpu_mem_read_part1_2                                     (7.02%)
                 0      unc_iio_txn_req_by_cpu_mem_read_part1_3                                     (7.02%)
                 0      unc_iio_txn_req_by_cpu_mem_read_part1_4                                     (7.01%)
                 0      unc_iio_txn_req_by_cpu_mem_read_part1_5                                     (7.02%)
                 0      unc_iio_txn_req_by_cpu_mem_read_part2_0                                     (7.02%)
                 0      unc_iio_txn_req_by_cpu_mem_read_part2_1                                     (7.02%)
                 0      unc_iio_txn_req_by_cpu_mem_read_part2_2                                     (7.02%)
                 0      unc_iio_txn_req_by_cpu_mem_read_part2_3                                     (7.02%)
                 0      unc_iio_txn_req_by_cpu_mem_read_part2_4                                     (7.02%)
                 0      unc_iio_txn_req_by_cpu_mem_read_part2_5                                     (7.01%)
                 0      unc_iio_txn_req_by_cpu_mem_read_part3_0                                     (7.02%)
                 0      unc_iio_txn_req_by_cpu_mem_read_part3_1                                     (7.02%)
                 0      unc_iio_txn_req_by_cpu_mem_read_part3_2                                     (7.02%)
                 0      unc_iio_txn_req_by_cpu_mem_read_part3_3                                     (7.02%)
                 0      unc_iio_txn_req_by_cpu_mem_read_part3_4                                     (7.03%)
                 0      unc_iio_txn_req_by_cpu_mem_read_part3_5                                     (7.03%)
                 0      unc_iio_txn_req_by_cpu_mem_write_part0_0                                     (7.02%)
                 0      unc_iio_txn_req_by_cpu_mem_write_part0_1                                     (7.01%)
                 0      unc_iio_txn_req_by_cpu_mem_write_part0_2                                     (7.01%)
                 0      unc_iio_txn_req_by_cpu_mem_write_part0_3                                     (7.02%)
                 0      unc_iio_txn_req_by_cpu_mem_write_part0_4                                     (7.01%)
                 0      unc_iio_txn_req_by_cpu_mem_write_part0_5                                     (6.99%)
                 0      unc_iio_txn_req_by_cpu_mem_write_part1_0                                     (7.01%)
                 0      unc_iio_txn_req_by_cpu_mem_write_part1_1                                     (7.00%)
                 0      unc_iio_txn_req_by_cpu_mem_write_part1_2                                     (6.99%)
                 0      unc_iio_txn_req_by_cpu_mem_write_part1_3                                     (7.02%)
                 0      unc_iio_txn_req_by_cpu_mem_write_part1_4                                     (6.97%)
                 0      unc_iio_txn_req_by_cpu_mem_write_part1_5                                     (6.97%)

      69.732985773 seconds time elapsed

