# started on Mon Feb  5 08:34:56 2024


 Performance counter stats for 'system wide':

   169,954,315,538      r728                                                          (44.44%)
                 0      r1828                                                         (44.44%)
                 0      r2028                                                         (44.44%)
           242,757      r4028                                                         (44.45%)
         1,110,908      r20ef                                                         (44.45%)
         4,585,156      r10ef                                                         (44.45%)
        11,055,198      r2ef                                                          (44.45%)
       300,445,307      r1ef                                                          (44.45%)
         3,920,747      r40ef                                                         (44.45%)
         2,179,768      r8ef                                                          (44.45%)
            56,463      r4ef                                                          (44.45%)
           567,037      r1cb                                                          (44.45%)
     6,777,973,762      r4fe                                                          (44.44%)
       946,604,529      r2fe                                                          (44.44%)
                14      r132                                                          (44.44%)
           106,835      r832                                                          (44.44%)
           611,892      r232                                                          (44.44%)
                 0      r432                                                          (44.44%)

      70.065103443 seconds time elapsed

