# started on Tue Feb  6 10:04:14 2024


 Performance counter stats for 'system wide':

             6,782      unc_h_dir_update_ha_0                                         (23.53%)
             7,215      unc_h_dir_update_ha_1                                         (23.53%)
             2,240      unc_h_dir_update_ha_2                                         (23.53%)
             7,224      unc_h_dir_update_ha_3                                         (23.53%)
             6,905      unc_h_dir_update_ha_4                                         (23.53%)
               773      unc_h_dir_update_ha_5                                         (23.53%)
             7,114      unc_h_dir_update_ha_6                                         (23.53%)
             6,757      unc_h_dir_update_ha_7                                         (23.53%)
                 0      unc_h_dir_update_tor_0                                        (23.53%)
                 0      unc_h_dir_update_tor_1                                        (23.53%)
             2,290      unc_h_dir_update_tor_2                                        (23.53%)
                 0      unc_h_dir_update_tor_3                                        (23.53%)
                 0      unc_h_dir_update_tor_4                                        (23.53%)
               752      unc_h_dir_update_tor_5                                        (23.53%)
                 0      unc_h_dir_update_tor_6                                        (23.53%)
                 0      unc_h_dir_update_tor_7                                        (23.53%)
             6,553      unc_h_hitme_hit_ex_rds_0                                      (23.53%)
             6,982      unc_h_hitme_hit_ex_rds_1                                      (23.53%)
             1,003      unc_h_hitme_hit_ex_rds_2                                      (23.72%)
             3,132      unc_h_hitme_hit_ex_rds_3                                      (23.78%)
             7,126      unc_h_hitme_hit_ex_rds_4                                      (23.53%)
                 0      unc_h_hitme_hit_ex_rds_5                                      (23.54%)
             7,316      unc_h_hitme_hit_ex_rds_6                                      (23.91%)
             6,488      unc_h_hitme_hit_ex_rds_7                                      (23.91%)
               941      unc_h_misc_rfo_hit_s_0                                        (23.59%)
               828      unc_h_misc_rfo_hit_s_1                                        (23.66%)
                47      unc_h_misc_rfo_hit_s_2                                        (23.54%)
                47      unc_h_misc_rfo_hit_s_3                                        (23.54%)
                55      unc_h_misc_rfo_hit_s_4                                        (23.54%)
                64      unc_h_misc_rfo_hit_s_5                                        (23.54%)
                68      unc_h_misc_rfo_hit_s_6                                        (23.54%)
                68      unc_h_misc_rfo_hit_s_7                                        (23.54%)
        74,411,692      unc_h_requests_invitoe_local_0                                     (23.54%)
        74,387,940      unc_h_requests_invitoe_local_1                                     (23.54%)
        74,518,189      unc_h_requests_invitoe_local_2                                     (23.54%)
        74,506,535      unc_h_requests_invitoe_local_3                                     (23.54%)
        74,537,597      unc_h_requests_invitoe_local_4                                     (23.54%)
        74,725,412      unc_h_requests_invitoe_local_5                                     (23.53%)
        74,501,588      unc_h_requests_invitoe_local_6                                     (23.53%)
        74,451,104      unc_h_requests_invitoe_local_7                                     (23.53%)
               353      unc_h_requests_invitoe_remote_0                                     (23.53%)
               438      unc_h_requests_invitoe_remote_1                                     (23.53%)
               149      unc_h_requests_invitoe_remote_2                                     (23.53%)
               608      unc_h_requests_invitoe_remote_3                                     (23.53%)
               667      unc_h_requests_invitoe_remote_4                                     (23.53%)
                60      unc_h_requests_invitoe_remote_5                                     (23.53%)
               518      unc_h_requests_invitoe_remote_6                                     (23.53%)
               531      unc_h_requests_invitoe_remote_7                                     (23.53%)
       963,633,787      unc_h_requests_reads_0                                        (23.53%)
       964,657,142      unc_h_requests_reads_1                                        (23.53%)
       965,046,006      unc_h_requests_reads_2                                        (23.53%)
       965,040,713      unc_h_requests_reads_3                                        (23.53%)
       964,993,281      unc_h_requests_reads_4                                        (23.53%)
       966,536,331      unc_h_requests_reads_5                                        (23.53%)
       964,928,361      unc_h_requests_reads_6                                        (23.52%)
       964,670,803      unc_h_requests_reads_7                                        (23.52%)
       963,999,695      unc_h_requests_reads_local_0                                     (23.52%)
       964,949,619      unc_h_requests_reads_local_1                                     (23.52%)
       965,258,884      unc_h_requests_reads_local_2                                     (23.52%)
       965,342,666      unc_h_requests_reads_local_3                                     (23.53%)
       965,311,391      unc_h_requests_reads_local_4                                     (23.53%)
       966,702,581      unc_h_requests_reads_local_5                                     (23.52%)
       965,079,642      unc_h_requests_reads_local_6                                     (23.53%)
       964,816,695      unc_h_requests_reads_local_7                                     (23.53%)
       498,575,804      unc_h_requests_writes_0                                       (23.53%)
       498,974,235      unc_h_requests_writes_1                                       (23.53%)
       498,991,091      unc_h_requests_writes_2                                       (23.53%)
       499,166,855      unc_h_requests_writes_3                                       (23.53%)
       499,149,837      unc_h_requests_writes_4                                       (23.84%)
       499,508,204      unc_h_requests_writes_5                                       (23.53%)
       498,535,242      unc_h_requests_writes_6                                       (23.79%)
       498,462,363      unc_h_requests_writes_7                                       (23.85%)
       497,147,729      unc_h_requests_writes_local_0                                     (23.58%)
       497,515,667      unc_h_requests_writes_local_1                                     (23.62%)
       497,490,107      unc_h_requests_writes_local_2                                     (23.66%)
       497,550,928      unc_h_requests_writes_local_3                                     (23.70%)
       497,494,837      unc_h_requests_writes_local_4                                     (23.75%)
       497,788,008      unc_h_requests_writes_local_5                                     (23.53%)
       496,913,561      unc_h_requests_writes_local_6                                     (23.68%)
       496,893,814      unc_h_requests_writes_local_7                                     (23.72%)
     2,282,082,294      unc_h_rxc_inserts_irq_0                                       (23.56%)
     2,193,500,636      unc_h_rxc_inserts_irq_1                                       (23.58%)
     2,193,131,061      unc_h_rxc_inserts_irq_2                                       (23.61%)
     2,194,045,772      unc_h_rxc_inserts_irq_3                                       (23.63%)
     2,193,955,191      unc_h_rxc_inserts_irq_4                                       (23.65%)
     2,194,045,193      unc_h_rxc_inserts_irq_5                                       (23.53%)
     2,192,965,498      unc_h_rxc_inserts_irq_6                                       (23.54%)
     2,193,859,064      unc_h_rxc_inserts_irq_7                                       (23.57%)
           834,789      unc_h_rxc_irq1_reject_pa_match_0                                     (23.54%)
           810,541      unc_h_rxc_irq1_reject_pa_match_1                                     (23.54%)
           700,318      unc_h_rxc_irq1_reject_pa_match_2                                     (23.54%)
           755,100      unc_h_rxc_irq1_reject_pa_match_3                                     (23.54%)
           753,986      unc_h_rxc_irq1_reject_pa_match_4                                     (23.54%)
           693,867      unc_h_rxc_irq1_reject_pa_match_5                                     (23.53%)
           705,495      unc_h_rxc_irq1_reject_pa_match_6                                     (23.17%)
           742,528      unc_h_rxc_irq1_reject_pa_match_7                                     (23.17%)
    18,513,165,269      unc_h_rxc_occupancy_irq_0                                     (23.47%)
    17,918,138,540      unc_h_rxc_occupancy_irq_1                                     (23.41%)
    17,687,038,543      unc_h_rxc_occupancy_irq_2                                     (23.35%)
    18,278,325,934      unc_h_rxc_occupancy_irq_3                                     (23.29%)
    18,999,641,724      unc_h_rxc_occupancy_irq_4                                     (23.23%)
    18,354,849,925      unc_h_rxc_occupancy_irq_5                                     (23.53%)
    30,080,360,642      unc_h_rxc_occupancy_irq_6                                     (23.28%)
    29,787,512,392      unc_h_rxc_occupancy_irq_7                                     (23.21%)
            17,387      unc_h_snoop_resp_rsp_fwd_wb_0                                     (23.49%)
            14,838      unc_h_snoop_resp_rsp_fwd_wb_1                                     (23.45%)
            17,498      unc_h_snoop_resp_rsp_fwd_wb_2                                     (23.40%)
            15,693      unc_h_snoop_resp_rsp_fwd_wb_3                                     (23.36%)
            15,829      unc_h_snoop_resp_rsp_fwd_wb_4                                     (23.32%)
             7,437      unc_h_snoop_resp_rsp_fwd_wb_5                                     (23.53%)
            24,665      unc_h_snoop_resp_rsp_fwd_wb_6                                     (23.39%)
            23,383      unc_h_snoop_resp_rsp_fwd_wb_7                                     (23.35%)
                 0      unc_h_snoop_resp_rspcnflct_0                                     (23.51%)
                 0      unc_h_snoop_resp_rspcnflct_1                                     (23.48%)
                 0      unc_h_snoop_resp_rspcnflct_2                                     (23.46%)
                 0      unc_h_snoop_resp_rspcnflct_3                                     (23.44%)
                 0      unc_h_snoop_resp_rspcnflct_4                                     (23.41%)
                 0      unc_h_snoop_resp_rspcnflct_5                                     (23.53%)
                 0      unc_h_snoop_resp_rspcnflct_6                                     (23.52%)
                 0      unc_h_snoop_resp_rspcnflct_7                                     (23.50%)
                 0      unc_h_snoop_resp_rspifwd_0                                     (23.53%)
                 0      unc_h_snoop_resp_rspifwd_1                                     (23.53%)
                 0      unc_h_snoop_resp_rspifwd_2                                     (23.53%)
                 0      unc_h_snoop_resp_rspifwd_3                                     (23.53%)
                 0      unc_h_snoop_resp_rspifwd_4                                     (23.53%)
                 0      unc_h_snoop_resp_rspifwd_5                                     (23.54%)
                 0      unc_h_snoop_resp_rspifwd_6                                     (23.53%)
                 0      unc_h_snoop_resp_rspifwd_7                                     (23.53%)
                 0      unc_h_snoop_resp_rspsfwd_0                                     (23.53%)
                 0      unc_h_snoop_resp_rspsfwd_1                                     (23.53%)
                 0      unc_h_snoop_resp_rspsfwd_2                                     (23.53%)
                 0      unc_h_snoop_resp_rspsfwd_3                                     (23.53%)
                 0      unc_h_snoop_resp_rspsfwd_4                                     (23.53%)
                 0      unc_h_snoop_resp_rspsfwd_5                                     (23.53%)
                 0      unc_h_snoop_resp_rspsfwd_6                                     (23.53%)
                 0      unc_h_snoop_resp_rspsfwd_7                                     (23.53%)
           126,115      unc_i_cache_total_occupancy_mem_0                                     (33.34%)
            93,382      unc_i_cache_total_occupancy_mem_1                                     (33.34%)
                 0      unc_i_cache_total_occupancy_mem_2                                     (33.34%)
                 0      unc_i_cache_total_occupancy_mem_3                                     (33.34%)
                 0      unc_i_cache_total_occupancy_mem_4                                     (33.34%)
                 0      unc_i_cache_total_occupancy_mem_5                                     (33.34%)
                 9      unc_i_coherent_ops_pcitom_0                                     (33.34%)
                 0      unc_i_coherent_ops_pcitom_1                                     (33.34%)
                 0      unc_i_coherent_ops_pcitom_2                                     (33.34%)
                 0      unc_i_coherent_ops_pcitom_3                                     (33.34%)
                 0      unc_i_coherent_ops_pcitom_4                                     (33.34%)
                 0      unc_i_coherent_ops_pcitom_5                                     (33.33%)
               459      unc_i_coherent_ops_rfo_0                                      (33.33%)
                99      unc_i_coherent_ops_rfo_1                                      (33.33%)
                 0      unc_i_coherent_ops_rfo_2                                      (33.33%)
                 0      unc_i_coherent_ops_rfo_3                                      (33.33%)
                 0      unc_i_coherent_ops_rfo_4                                      (33.33%)
                 0      unc_i_coherent_ops_rfo_5                                      (33.33%)
               657      unc_i_faf_inserts_0                                           (33.33%)
            24,624      unc_i_faf_inserts_1                                           (33.33%)
                 0      unc_i_faf_inserts_2                                           (33.33%)
                 0      unc_i_faf_inserts_3                                           (33.33%)
                 0      unc_i_faf_inserts_4                                           (33.33%)
                 0      unc_i_faf_inserts_5                                           (33.33%)
               639      unc_i_faf_occupancy_0                                         (33.33%)
            19,796      unc_i_faf_occupancy_1                                         (33.33%)
                 0      unc_i_faf_occupancy_2                                         (33.33%)
                 0      unc_i_faf_occupancy_3                                         (33.33%)
                 0      unc_i_faf_occupancy_4                                         (33.33%)
                 0      unc_i_faf_occupancy_5                                         (33.34%)
               528      unc_i_transactions_wr_pref_0                                     (33.33%)
                93      unc_i_transactions_wr_pref_1                                     (33.33%)
                 0      unc_i_transactions_wr_pref_2                                     (33.33%)
                 0      unc_i_transactions_wr_pref_3                                     (33.33%)
                 0      unc_i_transactions_wr_pref_4                                     (33.33%)
                 0      unc_i_transactions_wr_pref_5                                     (33.33%)
    67,434,686,819      unc_iio_clockticks_0                                          (7.03%)
    67,621,654,733      unc_iio_clockticks_1                                          (7.03%)
    67,637,180,355      unc_iio_clockticks_2                                          (7.03%)
    67,638,056,556      unc_iio_clockticks_3                                          (7.02%)
                 0      unc_iio_clockticks_4                                          (7.03%)
                 0      unc_iio_clockticks_5                                          (7.03%)
                 0      unc_iio_comp_buf_inserts_cmpd_all_parts_0                                     (7.03%)
                 0      unc_iio_comp_buf_inserts_cmpd_all_parts_1                                     (7.03%)
                 0      unc_iio_comp_buf_inserts_cmpd_all_parts_2                                     (7.04%)
                 0      unc_iio_comp_buf_inserts_cmpd_all_parts_3                                     (7.05%)
                 0      unc_iio_comp_buf_inserts_cmpd_all_parts_4                                     (7.03%)
                 0      unc_iio_comp_buf_inserts_cmpd_all_parts_5                                     (7.03%)
                 0      unc_iio_comp_buf_inserts_cmpd_part0_0                                     (7.03%)
                 0      unc_iio_comp_buf_inserts_cmpd_part0_1                                     (7.03%)
                 0      unc_iio_comp_buf_inserts_cmpd_part0_2                                     (7.04%)
                 0      unc_iio_comp_buf_inserts_cmpd_part0_3                                     (7.04%)
                 0      unc_iio_comp_buf_inserts_cmpd_part0_4                                     (7.04%)
                 0      unc_iio_comp_buf_inserts_cmpd_part0_5                                     (7.05%)
                 0      unc_iio_comp_buf_inserts_cmpd_part1_0                                     (7.03%)
                 0      unc_iio_comp_buf_inserts_cmpd_part1_1                                     (7.03%)
                 0      unc_iio_comp_buf_inserts_cmpd_part1_2                                     (7.03%)
                 0      unc_iio_comp_buf_inserts_cmpd_part1_3                                     (7.03%)
                 0      unc_iio_comp_buf_inserts_cmpd_part1_4                                     (7.03%)
                 0      unc_iio_comp_buf_inserts_cmpd_part1_5                                     (7.04%)
                 0      unc_iio_comp_buf_inserts_cmpd_part2_0                                     (7.03%)
                 0      unc_iio_comp_buf_inserts_cmpd_part2_1                                     (7.03%)
                 0      unc_iio_comp_buf_inserts_cmpd_part2_2                                     (7.02%)
                 0      unc_iio_comp_buf_inserts_cmpd_part2_3                                     (7.01%)
                 0      unc_iio_comp_buf_inserts_cmpd_part2_4                                     (7.02%)
                 0      unc_iio_comp_buf_inserts_cmpd_part2_5                                     (7.02%)
                 0      unc_iio_comp_buf_inserts_cmpd_part3_0                                     (7.03%)
                 0      unc_iio_comp_buf_inserts_cmpd_part3_1                                     (7.03%)
                 0      unc_iio_comp_buf_inserts_cmpd_part3_2                                     (7.04%)
                 0      unc_iio_comp_buf_inserts_cmpd_part3_3                                     (7.03%)
                 0      unc_iio_comp_buf_inserts_cmpd_part3_4                                     (7.03%)
                 0      unc_iio_comp_buf_inserts_cmpd_part3_5                                     (7.02%)
            62,068      unc_iio_comp_buf_occupancy_cmpd_all_parts_0                                     (7.03%)
                 0      unc_iio_comp_buf_occupancy_cmpd_all_parts_1                                     (7.03%)
                 0      unc_iio_comp_buf_occupancy_cmpd_all_parts_2                                     (7.02%)
                 0      unc_iio_comp_buf_occupancy_cmpd_all_parts_3                                     (7.02%)
                 0      unc_iio_comp_buf_occupancy_cmpd_all_parts_4                                     (7.03%)
                 0      unc_iio_comp_buf_occupancy_cmpd_all_parts_5                                     (7.03%)
                 0      unc_iio_comp_buf_occupancy_cmpd_part0_0                                     (7.02%)
        24,027,623      unc_iio_comp_buf_occupancy_cmpd_part0_1                                     (7.02%)
                 0      unc_iio_comp_buf_occupancy_cmpd_part0_2                                     (7.03%)
                 0      unc_iio_comp_buf_occupancy_cmpd_part0_3                                     (7.02%)
                 0      unc_iio_comp_buf_occupancy_cmpd_part0_4                                     (7.02%)
                 0      unc_iio_comp_buf_occupancy_cmpd_part0_5                                     (7.01%)
            33,881      unc_iio_comp_buf_occupancy_cmpd_part1_0                                     (7.02%)
                 0      unc_iio_comp_buf_occupancy_cmpd_part1_1                                     (7.02%)
                 0      unc_iio_comp_buf_occupancy_cmpd_part1_2                                     (7.02%)
                 0      unc_iio_comp_buf_occupancy_cmpd_part1_3                                     (7.02%)
                 0      unc_iio_comp_buf_occupancy_cmpd_part1_4                                     (7.02%)
                 0      unc_iio_comp_buf_occupancy_cmpd_part1_5                                     (7.02%)
                 0      unc_iio_comp_buf_occupancy_cmpd_part2_0                                     (7.02%)
                 0      unc_iio_comp_buf_occupancy_cmpd_part2_1                                     (7.02%)
                 0      unc_iio_comp_buf_occupancy_cmpd_part2_2                                     (7.02%)
                 0      unc_iio_comp_buf_occupancy_cmpd_part2_3                                     (7.02%)
                 0      unc_iio_comp_buf_occupancy_cmpd_part2_4                                     (7.02%)
                 0      unc_iio_comp_buf_occupancy_cmpd_part2_5                                     (7.03%)
                 0      unc_iio_comp_buf_occupancy_cmpd_part3_0                                     (7.02%)
                 0      unc_iio_comp_buf_occupancy_cmpd_part3_1                                     (7.02%)
                 0      unc_iio_comp_buf_occupancy_cmpd_part3_2                                     (7.04%)
                 0      unc_iio_comp_buf_occupancy_cmpd_part3_3                                     (7.02%)
                 0      unc_iio_comp_buf_occupancy_cmpd_part3_4                                     (7.02%)
                 0      unc_iio_comp_buf_occupancy_cmpd_part3_5                                     (7.03%)
                 0      unc_iio_data_req_by_cpu_mem_read_part0_0                                     (7.02%)
                 0      unc_iio_data_req_by_cpu_mem_read_part0_1                                     (7.03%)
                 0      unc_iio_data_req_by_cpu_mem_read_part0_2                                     (7.03%)
                 0      unc_iio_data_req_by_cpu_mem_read_part0_3                                     (7.02%)
                 0      unc_iio_data_req_by_cpu_mem_read_part0_4                                     (7.03%)
                 0      unc_iio_data_req_by_cpu_mem_read_part0_5                                     (7.02%)
                 0      unc_iio_data_req_by_cpu_mem_read_part1_0                                     (7.02%)
                 0      unc_iio_data_req_by_cpu_mem_read_part1_1                                     (5.26%)
                 0      unc_iio_data_req_by_cpu_mem_read_part1_2                                     (7.03%)
                 0      unc_iio_data_req_by_cpu_mem_read_part1_3                                     (7.05%)
                 0      unc_iio_data_req_by_cpu_mem_read_part1_4                                     (7.06%)
                 0      unc_iio_data_req_by_cpu_mem_read_part1_5                                     (7.03%)
                 0      unc_iio_data_req_by_cpu_mem_read_part2_0                                     (7.02%)
                 0      unc_iio_data_req_by_cpu_mem_read_part2_1                                     (7.02%)
                 0      unc_iio_data_req_by_cpu_mem_read_part2_2                                     (7.01%)
                 0      unc_iio_data_req_by_cpu_mem_read_part2_3                                     (7.01%)
                 0      unc_iio_data_req_by_cpu_mem_read_part2_4                                     (7.02%)
                 0      unc_iio_data_req_by_cpu_mem_read_part2_5                                     (7.02%)
                 0      unc_iio_data_req_by_cpu_mem_read_part3_0                                     (7.02%)
                 0      unc_iio_data_req_by_cpu_mem_read_part3_1                                     (7.02%)
                 0      unc_iio_data_req_by_cpu_mem_read_part3_2                                     (7.02%)
                 0      unc_iio_data_req_by_cpu_mem_read_part3_3                                     (7.02%)
                 0      unc_iio_data_req_by_cpu_mem_read_part3_4                                     (7.02%)
                 0      unc_iio_data_req_by_cpu_mem_read_part3_5                                     (7.01%)
                 0      unc_iio_data_req_by_cpu_mem_write_part0_0                                     (7.02%)
                 0      unc_iio_data_req_by_cpu_mem_write_part0_1                                     (7.02%)
                 0      unc_iio_data_req_by_cpu_mem_write_part0_2                                     (7.04%)
                 0      unc_iio_data_req_by_cpu_mem_write_part0_3                                     (7.03%)
                 0      unc_iio_data_req_by_cpu_mem_write_part0_4                                     (7.03%)
                 0      unc_iio_data_req_by_cpu_mem_write_part0_5                                     (7.02%)
                 0      unc_iio_data_req_by_cpu_mem_write_part1_0                                     (7.02%)
                 0      unc_iio_data_req_by_cpu_mem_write_part1_1                                     (7.01%)
                 0      unc_iio_data_req_by_cpu_mem_write_part1_2                                     (7.00%)
                 0      unc_iio_data_req_by_cpu_mem_write_part1_3                                     (7.01%)
                 0      unc_iio_data_req_by_cpu_mem_write_part1_4                                     (6.99%)
                 0      unc_iio_data_req_by_cpu_mem_write_part1_5                                     (6.98%)
                 0      unc_iio_data_req_by_cpu_mem_write_part2_0                                     (7.02%)
                 0      unc_iio_data_req_by_cpu_mem_write_part2_1                                     (7.02%)
                 0      unc_iio_data_req_by_cpu_mem_write_part2_2                                     (7.02%)
                 0      unc_iio_data_req_by_cpu_mem_write_part2_3                                     (7.01%)
                 0      unc_iio_data_req_by_cpu_mem_write_part2_4                                     (7.01%)
                 0      unc_iio_data_req_by_cpu_mem_write_part2_5                                     (7.01%)
                 0      unc_iio_data_req_by_cpu_mem_write_part3_0                                     (7.02%)
                 0      unc_iio_data_req_by_cpu_mem_write_part3_1                                     (7.02%)
                 0      unc_iio_data_req_by_cpu_mem_write_part3_2                                     (7.02%)
                 0      unc_iio_data_req_by_cpu_mem_write_part3_3                                     (7.01%)
                 0      unc_iio_data_req_by_cpu_mem_write_part3_4                                     (7.01%)
                 0      unc_iio_data_req_by_cpu_mem_write_part3_5                                     (7.01%)
                 0      unc_iio_data_req_by_cpu_peer_read_part0_0                                     (7.02%)
                 0      unc_iio_data_req_by_cpu_peer_read_part0_1                                     (7.02%)
                 0      unc_iio_data_req_by_cpu_peer_read_part0_2                                     (7.02%)
                 0      unc_iio_data_req_by_cpu_peer_read_part0_3                                     (7.02%)
                 0      unc_iio_data_req_by_cpu_peer_read_part0_4                                     (7.02%)
                 0      unc_iio_data_req_by_cpu_peer_read_part0_5                                     (7.02%)
                 0      unc_iio_data_req_by_cpu_peer_read_part1_0                                     (7.02%)
                 0      unc_iio_data_req_by_cpu_peer_read_part1_1                                     (7.01%)
                 0      unc_iio_data_req_by_cpu_peer_read_part1_2                                     (7.02%)
                 0      unc_iio_data_req_by_cpu_peer_read_part1_3                                     (7.02%)
                 0      unc_iio_data_req_by_cpu_peer_read_part1_4                                     (7.02%)
                 0      unc_iio_data_req_by_cpu_peer_read_part1_5                                     (7.02%)
                 0      unc_iio_data_req_by_cpu_peer_read_part2_0                                     (7.02%)
                 0      unc_iio_data_req_by_cpu_peer_read_part2_1                                     (7.02%)
                 0      unc_iio_data_req_by_cpu_peer_read_part2_2                                     (7.02%)
                 0      unc_iio_data_req_by_cpu_peer_read_part2_3                                     (7.01%)
                 0      unc_iio_data_req_by_cpu_peer_read_part2_4                                     (7.02%)
                 0      unc_iio_data_req_by_cpu_peer_read_part2_5                                     (7.02%)
                 0      unc_iio_data_req_by_cpu_peer_read_part3_0                                     (7.02%)
                 0      unc_iio_data_req_by_cpu_peer_read_part3_1                                     (7.02%)
                 0      unc_iio_data_req_by_cpu_peer_read_part3_2                                     (7.02%)
                 0      unc_iio_data_req_by_cpu_peer_read_part3_3                                     (7.04%)
                 0      unc_iio_data_req_by_cpu_peer_read_part3_4                                     (7.04%)
                 0      unc_iio_data_req_by_cpu_peer_read_part3_5                                     (7.04%)
                 0      unc_iio_data_req_by_cpu_peer_write_part0_0                                     (7.02%)
                 0      unc_iio_data_req_by_cpu_peer_write_part0_1                                     (7.01%)
                 0      unc_iio_data_req_by_cpu_peer_write_part0_2                                     (7.01%)
                 0      unc_iio_data_req_by_cpu_peer_write_part0_3                                     (7.02%)
                 0      unc_iio_data_req_by_cpu_peer_write_part0_4                                     (7.00%)
                 0      unc_iio_data_req_by_cpu_peer_write_part0_5                                     (7.01%)
                 0      unc_iio_data_req_by_cpu_peer_write_part1_0                                     (7.02%)
                 0      unc_iio_data_req_by_cpu_peer_write_part1_1                                     (7.02%)
                 0      unc_iio_data_req_by_cpu_peer_write_part1_2                                     (7.01%)
                 0      unc_iio_data_req_by_cpu_peer_write_part1_3                                     (7.00%)
                 0      unc_iio_data_req_by_cpu_peer_write_part1_4                                     (7.02%)
                 0      unc_iio_data_req_by_cpu_peer_write_part1_5                                     (7.01%)
                 0      unc_iio_data_req_by_cpu_peer_write_part2_0                                     (7.02%)
                 0      unc_iio_data_req_by_cpu_peer_write_part2_1                                     (7.02%)
                 0      unc_iio_data_req_by_cpu_peer_write_part2_2                                     (7.01%)
                 0      unc_iio_data_req_by_cpu_peer_write_part2_3                                     (7.02%)
                 0      unc_iio_data_req_by_cpu_peer_write_part2_4                                     (7.03%)
                 0      unc_iio_data_req_by_cpu_peer_write_part2_5                                     (7.03%)
                 0      unc_iio_data_req_by_cpu_peer_write_part3_0                                     (7.02%)
                 0      unc_iio_data_req_by_cpu_peer_write_part3_1                                     (5.27%)
                 0      unc_iio_data_req_by_cpu_peer_write_part3_2                                     (7.04%)
                 0      unc_iio_data_req_by_cpu_peer_write_part3_3                                     (7.04%)
                 0      unc_iio_data_req_by_cpu_peer_write_part3_4                                     (5.26%)
                 0      unc_iio_data_req_by_cpu_peer_write_part3_5                                     (7.07%)
                 0      unc_iio_data_req_of_cpu_mem_read_part0_0                                     (7.02%)
                 0      unc_iio_data_req_of_cpu_mem_read_part0_1                                     (7.02%)
                 0      unc_iio_data_req_of_cpu_mem_read_part0_2                                     (7.02%)
                 0      unc_iio_data_req_of_cpu_mem_read_part0_3                                     (7.02%)
                 0      unc_iio_data_req_of_cpu_mem_read_part0_4                                     (7.03%)
                 0      unc_iio_data_req_of_cpu_mem_read_part0_5                                     (7.02%)
                 0      unc_iio_data_req_of_cpu_mem_read_part1_0                                     (7.02%)
                 0      unc_iio_data_req_of_cpu_mem_read_part1_1                                     (7.02%)
                 0      unc_iio_data_req_of_cpu_mem_read_part1_2                                     (7.02%)
                 0      unc_iio_data_req_of_cpu_mem_read_part1_3                                     (7.02%)
                 0      unc_iio_data_req_of_cpu_mem_read_part1_4                                     (7.01%)
                 0      unc_iio_data_req_of_cpu_mem_read_part1_5                                     (7.01%)
                 0      unc_iio_data_req_of_cpu_mem_read_part2_0                                     (7.02%)
                 0      unc_iio_data_req_of_cpu_mem_read_part2_1                                     (7.02%)
                 0      unc_iio_data_req_of_cpu_mem_read_part2_2                                     (7.02%)
                 0      unc_iio_data_req_of_cpu_mem_read_part2_3                                     (7.02%)
                 0      unc_iio_data_req_of_cpu_mem_read_part2_4                                     (7.02%)
                 0      unc_iio_data_req_of_cpu_mem_read_part2_5                                     (7.02%)
                 0      unc_iio_data_req_of_cpu_mem_read_part3_0                                     (7.02%)
                 0      unc_iio_data_req_of_cpu_mem_read_part3_1                                     (7.02%)
                 0      unc_iio_data_req_of_cpu_mem_read_part3_2                                     (7.02%)
                 0      unc_iio_data_req_of_cpu_mem_read_part3_3                                     (7.02%)
                 0      unc_iio_data_req_of_cpu_mem_read_part3_4                                     (7.02%)
                 0      unc_iio_data_req_of_cpu_mem_read_part3_5                                     (7.02%)
                 0      unc_iio_data_req_of_cpu_mem_write_part0_0                                     (7.02%)
                 0      unc_iio_data_req_of_cpu_mem_write_part0_1                                     (7.02%)
                 0      unc_iio_data_req_of_cpu_mem_write_part0_2                                     (7.01%)
                 0      unc_iio_data_req_of_cpu_mem_write_part0_3                                     (7.01%)
                 0      unc_iio_data_req_of_cpu_mem_write_part0_4                                     (7.00%)
                 0      unc_iio_data_req_of_cpu_mem_write_part0_5                                     (6.99%)
                 0      unc_iio_data_req_of_cpu_mem_write_part1_0                                     (7.02%)
                 0      unc_iio_data_req_of_cpu_mem_write_part1_1                                     (7.02%)
                 0      unc_iio_data_req_of_cpu_mem_write_part1_2                                     (7.02%)
                 0      unc_iio_data_req_of_cpu_mem_write_part1_3                                     (7.01%)
                 0      unc_iio_data_req_of_cpu_mem_write_part1_4                                     (5.26%)
                 0      unc_iio_data_req_of_cpu_mem_write_part1_5                                     (7.02%)
                 0      unc_iio_data_req_of_cpu_mem_write_part2_0                                     (7.02%)
                 0      unc_iio_data_req_of_cpu_mem_write_part2_1                                     (5.28%)
                 0      unc_iio_data_req_of_cpu_mem_write_part2_2                                     (7.02%)
                 0      unc_iio_data_req_of_cpu_mem_write_part2_3                                     (7.00%)
                 0      unc_iio_data_req_of_cpu_mem_write_part2_4                                     (5.27%)
                 0      unc_iio_data_req_of_cpu_mem_write_part2_5                                     (7.02%)
                 0      unc_iio_data_req_of_cpu_mem_write_part3_0                                     (7.02%)
                 0      unc_iio_data_req_of_cpu_mem_write_part3_1                                     (5.25%)
                 0      unc_iio_data_req_of_cpu_mem_write_part3_2                                     (5.24%)
                 0      unc_iio_data_req_of_cpu_mem_write_part3_3                                     (7.01%)
                 0      unc_iio_data_req_of_cpu_mem_write_part3_4                                     (7.00%)
                 0      unc_iio_data_req_of_cpu_mem_write_part3_5                                     (5.22%)
                 0      unc_iio_data_req_of_cpu_peer_read_part0_0                                     (7.02%)
                 0      unc_iio_data_req_of_cpu_peer_read_part0_1                                     (7.00%)
                 0      unc_iio_data_req_of_cpu_peer_read_part0_2                                     (5.27%)
                 0      unc_iio_data_req_of_cpu_peer_read_part0_3                                     (7.03%)
                 0      unc_iio_data_req_of_cpu_peer_read_part0_4                                     (7.01%)
                 0      unc_iio_data_req_of_cpu_peer_read_part0_5                                     (5.26%)
                 0      unc_iio_data_req_of_cpu_peer_read_part1_0                                     (5.26%)
                 0      unc_iio_data_req_of_cpu_peer_read_part1_1                                     (7.02%)
                 0      unc_iio_data_req_of_cpu_peer_read_part1_2                                     (7.02%)
                 0      unc_iio_data_req_of_cpu_peer_read_part1_3                                     (5.25%)
                 0      unc_iio_data_req_of_cpu_peer_read_part1_4                                     (7.01%)
                 0      unc_iio_data_req_of_cpu_peer_read_part1_5                                     (7.01%)
                 0      unc_iio_data_req_of_cpu_peer_read_part2_0                                     (5.26%)
                 0      unc_iio_data_req_of_cpu_peer_read_part2_1                                     (7.02%)
                 0      unc_iio_data_req_of_cpu_peer_read_part2_2                                     (7.02%)
                 0      unc_iio_data_req_of_cpu_peer_read_part2_3                                     (5.26%)
                 0      unc_iio_data_req_of_cpu_peer_read_part2_4                                     (7.02%)
                 0      unc_iio_data_req_of_cpu_peer_read_part2_5                                     (7.01%)
                 0      unc_iio_data_req_of_cpu_peer_read_part3_0                                     (7.02%)
                 0      unc_iio_data_req_of_cpu_peer_read_part3_1                                     (7.01%)
                 0      unc_iio_data_req_of_cpu_peer_read_part3_2                                     (7.01%)
                 0      unc_iio_data_req_of_cpu_peer_read_part3_3                                     (7.01%)
                 0      unc_iio_data_req_of_cpu_peer_read_part3_4                                     (5.26%)
                 0      unc_iio_data_req_of_cpu_peer_read_part3_5                                     (7.01%)
                 0      unc_iio_data_req_of_cpu_peer_write_part0_0                                     (7.02%)
                 0      unc_iio_data_req_of_cpu_peer_write_part0_1                                     (5.26%)
                 0      unc_iio_data_req_of_cpu_peer_write_part0_2                                     (7.01%)
                 0      unc_iio_data_req_of_cpu_peer_write_part0_3                                     (7.01%)
                 0      unc_iio_data_req_of_cpu_peer_write_part0_4                                     (5.25%)
                 0      unc_iio_data_req_of_cpu_peer_write_part0_5                                     (5.26%)
                 0      unc_iio_data_req_of_cpu_peer_write_part1_0                                     (7.02%)
                 0      unc_iio_data_req_of_cpu_peer_write_part1_1                                     (5.26%)
                 0      unc_iio_data_req_of_cpu_peer_write_part1_2                                     (5.26%)
                 0      unc_iio_data_req_of_cpu_peer_write_part1_3                                     (7.02%)
                 0      unc_iio_data_req_of_cpu_peer_write_part1_4                                     (7.01%)
                 0      unc_iio_data_req_of_cpu_peer_write_part1_5                                     (5.26%)
                 0      unc_iio_data_req_of_cpu_peer_write_part2_0                                     (5.26%)
                 0      unc_iio_data_req_of_cpu_peer_write_part2_1                                     (7.02%)
                 0      unc_iio_data_req_of_cpu_peer_write_part2_2                                     (5.26%)
                 0      unc_iio_data_req_of_cpu_peer_write_part2_3                                     (5.26%)
                 0      unc_iio_data_req_of_cpu_peer_write_part2_4                                     (7.02%)
                 0      unc_iio_data_req_of_cpu_peer_write_part2_5                                     (7.02%)
                 0      unc_iio_data_req_of_cpu_peer_write_part3_0                                     (5.26%)
                 0      unc_iio_data_req_of_cpu_peer_write_part3_1                                     (5.26%)
                 0      unc_iio_data_req_of_cpu_peer_write_part3_2                                     (7.02%)
                 0      unc_iio_data_req_of_cpu_peer_write_part3_3                                     (5.26%)
                 0      unc_iio_data_req_of_cpu_peer_write_part3_4                                     (5.26%)
                 0      unc_iio_data_req_of_cpu_peer_write_part3_5                                     (7.02%)
                 0      unc_iio_payload_bytes_in_mem_read_part0_0                                     (7.01%)
                 0      unc_iio_payload_bytes_in_mem_read_part0_1                                     (5.26%)
                 0      unc_iio_payload_bytes_in_mem_read_part0_2                                     (5.26%)
                 0      unc_iio_payload_bytes_in_mem_read_part0_3                                     (7.02%)
                 0      unc_iio_payload_bytes_in_mem_read_part0_4                                     (5.26%)
                 0      unc_iio_payload_bytes_in_mem_read_part0_5                                     (5.26%)
                 0      unc_iio_payload_bytes_in_mem_read_part1_0                                     (7.01%)
                 0      unc_iio_payload_bytes_in_mem_read_part1_1                                     (7.01%)
                 0      unc_iio_payload_bytes_in_mem_read_part1_2                                     (5.26%)
                 0      unc_iio_payload_bytes_in_mem_read_part1_3                                     (5.27%)
                 0      unc_iio_payload_bytes_in_mem_read_part1_4                                     (7.02%)
                 0      unc_iio_payload_bytes_in_mem_read_part1_5                                     (5.27%)
                 0      unc_iio_payload_bytes_in_mem_read_part2_0                                     (5.26%)
                 0      unc_iio_payload_bytes_in_mem_read_part2_1                                     (7.02%)
                 0      unc_iio_payload_bytes_in_mem_read_part2_2                                     (7.02%)
                 0      unc_iio_payload_bytes_in_mem_read_part2_3                                     (5.26%)
                 0      unc_iio_payload_bytes_in_mem_read_part2_4                                     (7.02%)
                 0      unc_iio_payload_bytes_in_mem_read_part2_5                                     (7.03%)
                 0      unc_iio_payload_bytes_in_mem_read_part3_0                                     (5.26%)
                 0      unc_iio_payload_bytes_in_mem_read_part3_1                                     (7.02%)
                 0      unc_iio_payload_bytes_in_mem_read_part3_2                                     (7.02%)
                 0      unc_iio_payload_bytes_in_mem_read_part3_3                                     (7.02%)
                 0      unc_iio_payload_bytes_in_mem_read_part3_4                                     (7.01%)
                 0      unc_iio_payload_bytes_in_mem_read_part3_5                                     (7.03%)
                 0      unc_iio_payload_bytes_in_mem_write_part0_0                                     (7.01%)
                 0      unc_iio_payload_bytes_in_mem_write_part0_1                                     (7.02%)
                 0      unc_iio_payload_bytes_in_mem_write_part0_2                                     (7.01%)
                 0      unc_iio_payload_bytes_in_mem_write_part0_3                                     (7.01%)
                 0      unc_iio_payload_bytes_in_mem_write_part0_4                                     (7.02%)
                 0      unc_iio_payload_bytes_in_mem_write_part0_5                                     (7.01%)
                 0      unc_iio_payload_bytes_in_mem_write_part1_0                                     (7.02%)
                 0      unc_iio_payload_bytes_in_mem_write_part1_1                                     (7.03%)
                 0      unc_iio_payload_bytes_in_mem_write_part1_2                                     (7.04%)
                 0      unc_iio_payload_bytes_in_mem_write_part1_3                                     (7.04%)
                 0      unc_iio_payload_bytes_in_mem_write_part1_4                                     (5.29%)
                 0      unc_iio_payload_bytes_in_mem_write_part1_5                                     (7.02%)
                 0      unc_iio_payload_bytes_in_mem_write_part2_0                                     (7.02%)
                 0      unc_iio_payload_bytes_in_mem_write_part2_1                                     (5.27%)
                 0      unc_iio_payload_bytes_in_mem_write_part2_2                                     (7.02%)
                 0      unc_iio_payload_bytes_in_mem_write_part2_3                                     (7.02%)
                 0      unc_iio_payload_bytes_in_mem_write_part2_4                                     (5.26%)
                 0      unc_iio_payload_bytes_in_mem_write_part2_5                                     (7.02%)
                 0      unc_iio_payload_bytes_in_mem_write_part3_0                                     (7.02%)
                 0      unc_iio_payload_bytes_in_mem_write_part3_1                                     (5.25%)
                 0      unc_iio_payload_bytes_in_mem_write_part3_2                                     (7.00%)
                 0      unc_iio_payload_bytes_in_mem_write_part3_3                                     (7.01%)
                 0      unc_iio_payload_bytes_in_mem_write_part3_4                                     (7.01%)
                 0      unc_iio_payload_bytes_in_mem_write_part3_5                                     (5.27%)
                 0      unc_iio_txn_req_by_cpu_mem_read_part0_0                                     (7.02%)
                 0      unc_iio_txn_req_by_cpu_mem_read_part0_1                                     (7.01%)
                 0      unc_iio_txn_req_by_cpu_mem_read_part0_2                                     (7.00%)
                 0      unc_iio_txn_req_by_cpu_mem_read_part0_3                                     (7.02%)
                 0      unc_iio_txn_req_by_cpu_mem_read_part0_4                                     (7.02%)
                 0      unc_iio_txn_req_by_cpu_mem_read_part0_5                                     (7.01%)
                 0      unc_iio_txn_req_by_cpu_mem_read_part1_0                                     (7.02%)
                 0      unc_iio_txn_req_by_cpu_mem_read_part1_1                                     (7.01%)
                 0      unc_iio_txn_req_by_cpu_mem_read_part1_2                                     (7.01%)
                 0      unc_iio_txn_req_by_cpu_mem_read_part1_3                                     (7.01%)
                 0      unc_iio_txn_req_by_cpu_mem_read_part1_4                                     (6.99%)
                 0      unc_iio_txn_req_by_cpu_mem_read_part1_5                                     (6.99%)
                 0      unc_iio_txn_req_by_cpu_mem_read_part2_0                                     (7.01%)
                 0      unc_iio_txn_req_by_cpu_mem_read_part2_1                                     (7.02%)
                 0      unc_iio_txn_req_by_cpu_mem_read_part2_2                                     (7.01%)
                 0      unc_iio_txn_req_by_cpu_mem_read_part2_3                                     (7.01%)
                 0      unc_iio_txn_req_by_cpu_mem_read_part2_4                                     (7.01%)
                 0      unc_iio_txn_req_by_cpu_mem_read_part2_5                                     (7.01%)
                 0      unc_iio_txn_req_by_cpu_mem_read_part3_0                                     (7.02%)
                 0      unc_iio_txn_req_by_cpu_mem_read_part3_1                                     (7.02%)
                 0      unc_iio_txn_req_by_cpu_mem_read_part3_2                                     (7.01%)
                 0      unc_iio_txn_req_by_cpu_mem_read_part3_3                                     (7.02%)
                 0      unc_iio_txn_req_by_cpu_mem_read_part3_4                                     (7.02%)
                 0      unc_iio_txn_req_by_cpu_mem_read_part3_5                                     (7.02%)
                 0      unc_iio_txn_req_by_cpu_mem_write_part0_0                                     (7.02%)
                 0      unc_iio_txn_req_by_cpu_mem_write_part0_1                                     (7.02%)
                 0      unc_iio_txn_req_by_cpu_mem_write_part0_2                                     (7.03%)
                 0      unc_iio_txn_req_by_cpu_mem_write_part0_3                                     (7.03%)
                 0      unc_iio_txn_req_by_cpu_mem_write_part0_4                                     (7.04%)
                 0      unc_iio_txn_req_by_cpu_mem_write_part0_5                                     (7.04%)
                 0      unc_iio_txn_req_by_cpu_mem_write_part1_0                                     (7.02%)
                 0      unc_iio_txn_req_by_cpu_mem_write_part1_1                                     (7.02%)
                 0      unc_iio_txn_req_by_cpu_mem_write_part1_2                                     (7.02%)
                 0      unc_iio_txn_req_by_cpu_mem_write_part1_3                                     (7.02%)
                 0      unc_iio_txn_req_by_cpu_mem_write_part1_4                                     (7.04%)
                 0      unc_iio_txn_req_by_cpu_mem_write_part1_5                                     (7.05%)

      69.939991595 seconds time elapsed

