# started on Tue Feb  6 08:36:51 2024


 Performance counter stats for 'system wide':

                 0      r1b7                                                          (11.59%)
                 0      r1b7                                                          (11.59%)
                 0      r1b7                                                          (11.59%)
                 0      r1b7                                                          (11.59%)
                 0      r1b7                                                          (11.59%)
            49,311      r3fc1                                                         (11.59%)
     6,966,036,659      r159                                                          (11.59%)
   111,003,639,048      r1a2                                                          (11.59%)
    13,695,561,314      r8a2                                                          (11.59%)
                 0      r20cc                                                         (11.59%)
                 0      r40cc                                                         (11.59%)
    12,509,283,850      r15e                                                          (11.59%)
       607,627,850      r184015e                                                      (11.59%)
                 0      r4c9                                                          (11.59%)
                 0      r80c9                                                         (11.59%)
                 0      r8c9                                                          (11.60%)
                 0      r40c9                                                         (11.60%)
                 0      r10c9                                                         (11.60%)
                 0      r20c9                                                         (11.60%)
                 0      r2c9                                                          (11.60%)
                 0      r1c9                                                          (11.60%)
                 0      r10f4                                                         (11.60%)
                 0      r132                                                          (11.60%)
            45,548      r832                                                          (11.60%)
            17,005      r232                                                          (11.60%)
                 0      r432                                                          (11.60%)
           203,076      r1bd                                                          (11.60%)
            27,683      r20bd                                                         (11.60%)
                 0      r15d                                                          (11.60%)
                 0      r25d                                                          (11.60%)
                 0      r45d                                                          (11.60%)
                 0      r85d                                                          (11.60%)
                 0      r105d                                                         (11.60%)
                 0      r254                                                          (11.60%)
                 0      r154                                                          (11.60%)
                 0      r1054                                                         (11.60%)
                 0      r854                                                          (11.60%)
                 0      r2054                                                         (11.60%)
                 0      r454                                                          (11.60%)
                 0      r4054                                                         (11.60%)
    24,777,038,301      r1a1                                                          (11.60%)
    30,874,531,001      r2a1                                                          (11.60%)
    42,011,705,430      r4a1                                                          (11.60%)
    37,172,656,440      r8a1                                                          (11.60%)
    38,429,581,062      r10a1                                                         (11.60%)
    36,652,563,445      r20a1                                                         (11.60%)
    41,841,861,319      r40a1                                                         (11.60%)
     1,665,665,443      r80a1                                                         (11.60%)
   232,639,530,182      r2b1                                                          (11.60%)
    79,481,311,441      r10002b1                                                      (11.60%)
    64,729,250,984      r20002b1                                                      (11.60%)
    48,932,646,328      r30002b1                                                      (11.60%)
    26,295,672,751      r40002b1                                                      (11.60%)
   101,525,541,576      r18002b1                                                      (11.60%)
    79,461,844,172      r10001b1                                                      (11.60%)
    64,719,066,646      r20001b1                                                      (11.60%)
    48,929,985,554      r30001b1                                                      (11.60%)
    26,298,023,025      r40001b1                                                      (11.60%)
   101,510,370,491      r18001b1                                                      (11.60%)
   232,525,661,834      r1b1                                                          (11.60%)
         5,091,312      r10b1                                                         (11.60%)
   183,014,521,123      r10e                                                          (11.60%)
        51,223,370      r200e                                                         (11.60%)
   126,554,780,358      r180010e                                                      (11.60%)
                 0      r20e                                                          (11.60%)
    28,696,165,015      r4c2                                                          (11.60%)
   180,212,051,863      r2c2                                                          (11.60%)
   130,705,828,733      r18002c2                                                      (11.60%)
   180,762,299,923      r108002c2                                                     (11.60%)
   135,791,910,823      unc_c_clockticks_0                                            (36.25%)
   135,797,039,228      unc_c_clockticks_1                                            (36.23%)
   135,788,369,046      unc_c_clockticks_2                                            (36.36%)
   135,844,578,111      unc_c_clockticks_3                                            (36.34%)
   135,849,038,343      unc_c_clockticks_4                                            (36.32%)
   135,862,509,181      unc_c_clockticks_5                                            (36.30%)
   135,841,252,022      unc_c_clockticks_6                                            (36.28%)
   135,820,879,516      unc_c_clockticks_7                                            (36.26%)
            31,892      unc_c_fast_asserted_0                                         (36.25%)
            33,961      unc_c_fast_asserted_1                                         (36.25%)
            10,704      unc_c_fast_asserted_2                                         (36.37%)
            43,332      unc_c_fast_asserted_3                                         (36.37%)
            26,216      unc_c_fast_asserted_4                                         (36.37%)
            21,838      unc_c_fast_asserted_5                                         (36.37%)
         2,282,764      unc_c_fast_asserted_6                                         (36.37%)
         3,340,753      unc_c_fast_asserted_7                                         (36.37%)
                 0      unc_c_llc_lookup_data_read_0                                     (36.37%)
                 0      unc_c_llc_lookup_data_read_1                                     (36.36%)
                 0      unc_c_llc_lookup_data_read_2                                     (36.37%)
                 0      unc_c_llc_lookup_data_read_3                                     (36.35%)
                 0      unc_c_llc_lookup_data_read_4                                     (36.33%)
                 0      unc_c_llc_lookup_data_read_5                                     (36.32%)
                 0      unc_c_llc_lookup_data_read_6                                     (36.30%)
                 6      unc_c_llc_lookup_data_read_7                                     (36.28%)
                 0      unc_c_llc_lookup_remote_snoop_0                                     (36.26%)
                 0      unc_c_llc_lookup_remote_snoop_1                                     (36.22%)
                 0      unc_c_llc_lookup_remote_snoop_2                                     (36.37%)
                 0      unc_c_llc_lookup_remote_snoop_3                                     (36.33%)
                 0      unc_c_llc_lookup_remote_snoop_4                                     (36.29%)
                 0      unc_c_llc_lookup_remote_snoop_5                                     (36.26%)
                 0      unc_c_llc_lookup_remote_snoop_6                                     (36.22%)
                 0      unc_c_llc_lookup_remote_snoop_7                                     (36.18%)
        12,637,530      unc_c_llc_victims_e_state_0                                     (36.14%)
        12,635,109      unc_c_llc_victims_e_state_1                                     (36.12%)
        11,015,802      unc_c_llc_victims_e_state_2                                     (36.37%)
        12,530,460      unc_c_llc_victims_e_state_3                                     (36.35%)
        12,352,495      unc_c_llc_victims_e_state_4                                     (36.33%)
        12,362,848      unc_c_llc_victims_e_state_5                                     (36.31%)
        12,225,618      unc_c_llc_victims_e_state_6                                     (36.29%)
        12,261,626      unc_c_llc_victims_e_state_7                                     (36.27%)
                 6      unc_c_llc_victims_f_state_0                                     (36.24%)
                 8      unc_c_llc_victims_f_state_1                                     (36.23%)
                77      unc_c_llc_victims_f_state_2                                     (36.36%)
                39      unc_c_llc_victims_f_state_3                                     (36.36%)
                19      unc_c_llc_victims_f_state_4                                     (36.36%)
                19      unc_c_llc_victims_f_state_5                                     (36.35%)
                19      unc_c_llc_victims_f_state_6                                     (36.35%)
                36      unc_c_llc_victims_f_state_7                                     (36.35%)
        99,745,133      unc_c_llc_victims_m_state_0                                     (36.34%)
        99,769,304      unc_c_llc_victims_m_state_1                                     (36.38%)
        99,713,574      unc_c_llc_victims_m_state_2                                     (36.36%)
        99,644,329      unc_c_llc_victims_m_state_3                                     (36.40%)
        99,590,068      unc_c_llc_victims_m_state_4                                     (36.44%)
        99,625,652      unc_c_llc_victims_m_state_5                                     (36.47%)
        99,560,289      unc_c_llc_victims_m_state_6                                     (36.51%)
        99,593,708      unc_c_llc_victims_m_state_7                                     (36.55%)
           293,315      unc_c_llc_victims_s_state_0                                     (36.58%)
           311,940      unc_c_llc_victims_s_state_1                                     (36.64%)
           307,415      unc_c_llc_victims_s_state_2                                     (36.36%)
           325,667      unc_c_llc_victims_s_state_3                                     (36.42%)
           317,050      unc_c_llc_victims_s_state_4                                     (36.48%)
           312,607      unc_c_llc_victims_s_state_5                                     (36.54%)
           324,873      unc_c_llc_victims_s_state_6                                     (36.60%)
           305,414      unc_c_llc_victims_s_state_7                                     (36.66%)
                 0      unc_c_tor_inserts_irq_0                                       (36.72%)
                 0      unc_c_tor_inserts_irq_1                                       (36.74%)
                 5      unc_c_tor_inserts_irq_2                                       (36.36%)
                 0      unc_c_tor_inserts_irq_3                                       (36.39%)
                 0      unc_c_tor_inserts_irq_4                                       (36.41%)
                 0      unc_c_tor_inserts_irq_5                                       (36.43%)
                 0      unc_c_tor_inserts_irq_6                                       (36.45%)
                 0      unc_c_tor_inserts_irq_7                                       (36.47%)
                 0      unc_c_tor_inserts_irq_hit_0                                     (36.50%)
                 0      unc_c_tor_inserts_irq_hit_1                                     (36.50%)
                 0      unc_c_tor_inserts_irq_hit_2                                     (36.36%)
                 0      unc_c_tor_inserts_irq_hit_3                                     (36.37%)
                 0      unc_c_tor_inserts_irq_hit_4                                     (36.37%)
                 0      unc_c_tor_inserts_irq_hit_5                                     (36.37%)
                 0      unc_c_tor_inserts_irq_hit_6                                     (36.37%)
                 0      unc_c_tor_inserts_irq_hit_7                                     (36.37%)
                 0      unc_c_tor_inserts_irq_miss_0                                     (36.37%)
                 0      unc_c_tor_inserts_irq_miss_1                                     (36.35%)
                 0      unc_c_tor_inserts_irq_miss_2                                     (36.36%)
                 0      unc_c_tor_inserts_irq_miss_3                                     (36.34%)
                 0      unc_c_tor_inserts_irq_miss_4                                     (36.33%)
                 0      unc_c_tor_inserts_irq_miss_5                                     (36.31%)
                 0      unc_c_tor_inserts_irq_miss_6                                     (36.29%)
                 0      unc_c_tor_inserts_irq_miss_7                                     (36.27%)

      69.969989190 seconds time elapsed

