# started on Mon Feb  5 09:32:48 2024


 Performance counter stats for 'system wide':

        36,770,497      r1000114                                                      (10.52%)
         6,582,387      r1e6                                                          (10.52%)
    28,056,774,371      rc4                                                           (10.52%)
   <not supported>      r4c4:p                                                      
    27,722,854,872      r1c4                                                          (10.52%)
         1,208,520      r40c4                                                         (10.52%)
       150,376,378      r2c4                                                          (10.52%)
       153,073,099      r8c4                                                          (10.53%)
    27,807,772,746      r20c4                                                         (10.53%)
       277,825,605      r10c4                                                         (10.53%)
        13,294,779      rc5                                                           (10.53%)
   <not supported>      r4c5:p                                                      
         3,343,501      r1c5                                                          (10.53%)
            28,642      r2c5                                                          (10.53%)
        11,954,983      r20c5                                                         (10.53%)
     1,847,333,851      r23c                                                          (10.53%)
     1,846,343,654      r13c                                                          (10.53%)
     1,845,895,364      r20013c                                                       (10.53%)
     1,844,844,701      r23c                                                          (10.53%)
   154,948,542,711      r300                                                          (11.84%)
     1,845,887,445      r13c                                                          (11.84%)
     1,843,500,833      r20013c                                                       (11.84%)
           497,502      r104003c                                                      (11.84%)
   168,439,270,588      r3c                                                           (13.16%)
   168,554,986,854      r20003c                                                       (13.16%)
   168,553,141,110      r3c                                                           (13.16%)
   168,536,407,888      r20003c                                                       (13.16%)
   139,677,389,385      r80008a3                                                      (13.16%)
    72,777,211,685      r10001a3                                                      (13.16%)
   157,080,820,770      r100010a3                                                     (11.84%)
    84,187,420,261      rc000ca3                                                      (11.84%)
    52,344,819,195      r50005a3                                                      (11.84%)
    86,893,363,855      r140014a3                                                     (11.84%)
    94,169,502,676      r40004a3                                                      (11.84%)
    13,880,757,963      r2a6                                                          (11.84%)
    14,357,221,086      r4a6                                                          (10.53%)
    21,742,370,597      r8a6                                                          (10.53%)
    14,262,302,938      r10a6                                                         (10.53%)
     6,702,535,937      r40a6                                                         (10.53%)
       643,894,349      r1a6                                                          (10.53%)
           452,704      r187                                                          (10.53%)
   193,434,799,794      rc0                                                           (11.84%)
   193,461,880,991      rc0                                                           (11.84%)
   <not supported>      r1c0:p                                                      
   <not supported>      ra8001c0:p                                                  
       226,852,980      r800d                                                         (11.84%)
       168,376,211      r10d                                                          (11.84%)
       166,625,489      r20010d                                                       (11.84%)
               405      r803                                                          (11.84%)
         7,436,518      r203                                                          (11.84%)
       395,731,622      r107                                                          (11.84%)
               186      r14c                                                          (11.84%)
                 0      r40001a8                                                      (11.84%)
                 0      r10001a8                                                      (10.53%)
                 0      r1a8                                                          (10.53%)
         2,899,800      r10401c3                                                      (10.53%)
           705,121      r4c3                                                          (10.53%)
            39,588      r3fc1                                                         (10.53%)
   112,702,126,751      r1a2                                                          (10.53%)
     8,709,031,366      r8a2                                                          (10.53%)
                 0      r20cc                                                         (10.53%)
     6,156,129,263      r15e                                                          (10.53%)
       317,180,877      r184015e                                                      (10.53%)
    24,904,736,145      r1a1                                                          (10.53%)
    30,542,614,860      r2a1                                                          (10.53%)
    40,306,710,441      r4a1                                                          (10.53%)
    35,612,814,975      r8a1                                                          (10.53%)
    35,183,055,838      r10a1                                                         (10.53%)
    35,040,159,098      r20a1                                                         (10.53%)
    38,708,029,626      r40a1                                                         (10.53%)
       665,480,965      r80a1                                                         (10.53%)
   217,798,782,930      r2b1                                                          (10.53%)
    74,466,038,158      r10002b1                                                      (10.53%)
    60,522,204,301      r20002b1                                                      (10.53%)
    46,135,156,308      r30002b1                                                      (10.53%)
    24,403,734,883      r40002b1                                                      (10.53%)
    94,213,422,735      r18002b1                                                      (10.53%)
    74,495,475,224      r10001b1                                                      (10.53%)
    60,553,895,920      r20001b1                                                      (10.53%)
    46,176,068,684      r30001b1                                                      (10.53%)

      69.922642424 seconds time elapsed

