# started on Mon Feb  5 04:26:59 2024


 Performance counter stats for 'system wide':

     8,941,218,843      r151                                                          (10.00%)
    15,522,221,674      r248                                                          (10.00%)
   384,400,969,504      r148                                                          (10.00%)
   134,398,436,710      r1000148                                                      (10.00%)
   134,379,112,195      r1200148                                                      (10.00%)
     8,926,624,080      r1ff1                                                         (10.00%)
     8,511,885,186      r2f2                                                          (10.01%)
       100,820,482      r1f2                                                          (10.01%)
         6,694,572      r4f2                                                          (10.01%)
         6,737,799      r4f2                                                          (10.01%)
       137,334,691      re424                                                         (10.01%)
     1,346,528,388      re124                                                         (10.01%)
       910,230,001      r2724                                                         (10.01%)
     4,276,067,240      re724                                                         (10.01%)
    10,799,226,350      rf824                                                         (10.01%)
     2,795,345,465      re224                                                         (10.01%)
       108,279,927      rc424                                                         (10.01%)
        25,907,508      r2424                                                         (10.01%)
     1,214,836,434      rc124                                                         (10.01%)
       130,068,143      r2124                                                         (10.01%)
     8,919,530,853      r3f24                                                         (10.01%)
     2,777,315,127      rd824                                                         (10.01%)
     8,009,624,441      r3824                                                         (10.01%)
    15,058,767,573      rff24                                                         (10.01%)
     2,041,511,564      rc224                                                         (10.01%)
       752,470,732      r2224                                                         (10.01%)
     8,512,515,470      r40f0                                                         (10.01%)
     8,312,537,977      r412e                                                         (10.01%)
     8,617,544,639      r4f2e                                                         (10.01%)
    48,742,049,884      r81d0                                                         (10.01%)
    29,577,586,038      r82d0                                                         (10.01%)
        10,827,265      r21d0                                                         (10.01%)
           236,612      r41d0                                                         (10.01%)
           450,748      r42d0                                                         (5.00%)
           259,191      r11d0                                                         (5.00%)
           146,422      r12d0                                                         (5.00%)
            30,151      r2d2                                                          (5.00%)
         1,223,045      r4d2                                                          (5.00%)
             1,881      r1d2                                                          (5.00%)
        10,358,586      r8d2                                                          (5.00%)
       327,581,661      r1d3                                                          (6.25%)
                 0      r2d3                                                          (7.50%)
                 0      r8d3                                                          (8.75%)
                 0      r4d3                                                          (10.00%)
                 0      r4d4                                                          (10.00%)
    21,980,889,865      r40d1                                                         (10.00%)
    24,962,217,135      r1d1                                                          (10.00%)
     1,746,277,558      r8d1                                                          (10.00%)
     1,324,316,206      r2d1                                                          (10.00%)
       421,674,286      r10d1                                                         (5.00%)
        10,206,545      r4d1                                                          (5.00%)
       409,005,477      r20d1                                                         (5.00%)
     5,060,297,865      r8b0                                                          (6.25%)
    17,887,790,120      r80b0                                                         (7.50%)
        25,154,658      r2b0                                                          (8.75%)
       539,363,932      r1b0                                                          (10.00%)
     1,797,914,910      r4b0                                                          (10.00%)
    81,069,874,228      r1b2                                                          (10.00%)
 1,260,772,042,307      r860                                                          (10.00%)
   143,597,356,665      r1000860                                                      (10.00%)
       580,900,177      r1000260                                                      (10.00%)
    56,879,197,875      r1000160                                                      (10.00%)
    87,563,360,207      r1000460                                                      (10.00%)
     2,009,377,951      r260                                                          (10.00%)
   100,155,548,100      r160                                                          (10.00%)
        29,779,552      r6000160                                                      (10.00%)
   434,606,173,986      r460                                                          (10.00%)
                 0      r1b7                                                          (10.00%)
                 0      r1b7                                                          (10.00%)
                 0      r1b7                                                          (10.00%)
                 0      r1b7                                                          (10.00%)
                 0      r1b7                                                          (10.00%)
                 0      r1b7                                                          (10.00%)
                 0      r1b7                                                          (10.00%)
                 0      r1b7                                                          (10.00%)
                 0      r1b7                                                          (10.00%)
                 0      r1b7                                                          (10.00%)
                 0      r1b7                                                          (10.00%)
                 0      r1b7                                                          (10.00%)
                 0      r1b7                                                          (10.00%)

      69.875976272 seconds time elapsed

