# started on Mon Feb  5 08:46:45 2024


 Performance counter stats for 'system wide':

   169,141,673,225      r728                                                          (44.44%)
                 0      r1828                                                         (44.44%)
                 0      r2028                                                         (44.44%)
           268,865      r4028                                                         (44.44%)
           995,981      r20ef                                                         (44.45%)
         3,225,080      r10ef                                                         (44.45%)
        10,401,876      r2ef                                                          (44.45%)
        80,526,968      r1ef                                                          (44.45%)
         2,333,760      r40ef                                                         (44.45%)
         2,492,413      r8ef                                                          (44.45%)
             6,623      r4ef                                                          (44.45%)
           565,631      r1cb                                                          (44.45%)
     7,763,800,707      r4fe                                                          (44.45%)
       268,074,603      r2fe                                                          (44.45%)
                 5      r132                                                          (44.44%)
            60,453      r832                                                          (44.44%)
           573,145      r232                                                          (44.44%)
                 0      r432                                                          (44.44%)

      69.833317953 seconds time elapsed

