# started on Tue Feb  6 05:53:54 2024


 Performance counter stats for 'system wide':

                 0      r8c7                                                          (11.68%)
                 0      r10c7                                                         (11.68%)
                 0      r20c7                                                         (10.38%)
                 0      r18c7                                                         (10.39%)
                 0      r40c7                                                         (10.39%)
                 0      r80c7                                                         (10.39%)
                 0      r18c7                                                         (10.39%)
    29,557,050,371      r3c7                                                          (10.39%)
    29,541,906,214      r1c7                                                          (10.39%)
                 0      r2c7                                                          (10.39%)
                 0      rfcc7                                                         (10.39%)
                 0      r1001eca                                                      (10.39%)
                 0      r1c6                                                          (10.39%)
                 0      r1c6                                                          (10.39%)
                 0      r1c6                                                          (10.39%)
                 0      r1c6                                                          (10.39%)
                 0      r1c6                                                          (5.20%)
   <not supported>      r1c6:p                                                      
                 0      r1c6                                                          (5.20%)
                 0      r1c6                                                          (5.20%)
                 0      r1c6                                                          (5.20%)
                 0      r1c6                                                          (5.20%)
                 0      r1c6                                                          (5.20%)
                 0      r1c6                                                          (5.20%)
                 0      r1c6                                                          (5.20%)
                 0      r1c6                                                          (5.20%)
                 0      r1c6                                                          (5.20%)
                 0      r1c6                                                          (5.20%)
                 0      r1c6                                                          (5.20%)
                 0      r1c6                                                          (5.20%)
                 0      r1c6                                                          (5.20%)
                 0      r4c8                                                          (6.49%)
                 0      r80c8                                                         (7.79%)
                 0      r8c8                                                          (9.09%)
                 0      r40c8                                                         (10.39%)
                 0      r10c8                                                         (10.39%)
                 0      r20c8                                                         (10.39%)
                 0      r2c8                                                          (10.39%)
                 0      r1c8                                                          (10.39%)
           564,999      r1cb                                                          (10.39%)
       400,315,636      r480                                                          (10.39%)
    42,489,533,350      r183                                                          (10.39%)
       133,020,906      r283                                                          (10.39%)
        85,928,991      r483                                                          (10.39%)
        83,279,942      r483                                                          (10.39%)
     8,093,828,640      r4fe                                                          (10.39%)
       273,712,229      r2fe                                                          (10.39%)
    28,226,732,953      r4001879                                                      (10.39%)
    56,448,509,191      r1001879                                                      (10.39%)
       593,772,072      r4002479                                                      (10.39%)
     1,725,281,382      r1002479                                                      (10.39%)
    56,059,156,298      r1000879                                                      (10.39%)
    56,434,649,403      r1001879                                                      (10.39%)
    28,229,134,864      r4001879                                                      (10.39%)
   171,983,099,631      r879                                                          (10.39%)
     1,126,355,487      r1000479                                                      (10.39%)
     3,011,078,630      r479                                                          (10.39%)
     1,012,942,311      r1003079                                                      (10.39%)
       388,152,436      r1001079                                                      (10.39%)
     1,595,070,538      r2079                                                         (10.39%)
       309,522,652      r1043079                                                      (10.39%)
     2,862,599,878      r3079                                                         (10.39%)
    31,554,365,457      r19c                                                          (10.39%)
     1,009,949,835      r400019c                                                      (10.39%)
   155,027,675,570      r180019c                                                      (10.39%)
     5,438,720,432      r300019c                                                      (10.39%)
    11,575,539,346      r200019c                                                      (10.39%)
    13,475,064,228      r100019c                                                      (10.39%)
           885,954      r187                                                          (10.39%)
     2,825,635,864      r155                                                          (10.39%)
   202,035,845,696      rc0                                                           (11.69%)
   202,015,454,556      rc0                                                           (11.69%)
       197,663,954      r2c0                                                          (11.69%)
   <not supported>      r1c0:p                                                      
   <not supported>      ra8001c0:p                                                  
       261,080,378      r800d                                                         (11.69%)
        32,694,396      r104010d                                                      (11.69%)
       185,210,263      r10d                                                          (11.69%)
       183,130,576      r20010d                                                       (11.69%)
           518,665      r1ae                                                          (11.68%)

      69.835826753 seconds time elapsed

