# started on Tue Feb  6 06:47:03 2024


 Performance counter stats for 'system wide':

           503,578      r185                                                          (6.94%)
         3,812,172      r2085                                                         (8.33%)
        21,645,053      r1001085                                                      (9.72%)
           201,524      re85                                                          (11.11%)
                 0      r885                                                          (11.11%)
             5,005      r485                                                          (11.11%)
           162,399      r285                                                          (11.11%)
        19,116,763      r1085                                                         (11.11%)
     9,061,265,545      r151                                                          (11.11%)
    18,927,520,161      r248                                                          (11.11%)
   328,005,390,622      r148                                                          (11.11%)
   114,660,239,220      r1000148                                                      (11.11%)
   114,620,551,421      r1200148                                                      (11.11%)
     9,009,308,908      r1ff1                                                         (11.11%)
     7,705,530,666      r2f2                                                          (11.11%)
        97,998,267      r1f2                                                          (11.11%)
         7,648,921      r4f2                                                          (11.11%)
         7,635,746      r4f2                                                          (11.11%)
       139,009,293      re424                                                         (11.11%)
     1,234,791,772      re124                                                         (11.11%)
     1,859,925,819      r2724                                                         (11.11%)
     4,904,784,929      re724                                                         (11.11%)
     9,147,445,817      rf824                                                         (11.11%)
     3,530,209,732      re224                                                         (11.11%)
       101,081,972      rc424                                                         (11.11%)
        36,821,505      r2424                                                         (11.11%)
     1,142,724,823      rc124                                                         (11.11%)
        90,096,697      r2124                                                         (11.11%)
     9,000,468,649      r3f24                                                         (11.11%)
     2,012,191,324      rd824                                                         (11.11%)
     7,137,628,816      r3824                                                         (11.11%)
    14,050,689,148      rff24                                                         (11.11%)
     1,793,484,179      rc224                                                         (11.11%)
     1,740,489,142      r2224                                                         (11.11%)
     7,691,559,767      r40f0                                                         (11.11%)
             3,194      r803                                                          (11.11%)
         2,806,359      r203                                                          (11.11%)
        91,225,544      r107                                                          (11.11%)
               378      r14c                                                          (11.11%)
     6,811,479,811      r412e                                                         (11.11%)
     7,796,257,328      r4f2e                                                         (11.11%)
                 0      r40001a8                                                      (11.11%)
                 0      r10001a8                                                      (11.11%)
                 0      r40001a8                                                      (11.11%)
                 0      r1a8                                                          (11.11%)
         3,099,246      r10401c3                                                      (11.11%)
           577,804      r2c3                                                          (11.11%)
         1,413,976      r4c3                                                          (11.11%)
    31,926,769,331      r81d0                                                         (11.11%)
    34,751,842,808      r82d0                                                         (11.11%)
    66,638,366,129      r83d0                                                         (11.11%)
        12,091,332      r21d0                                                         (11.11%)
           167,855      r41d0                                                         (5.56%)
           664,633      r42d0                                                         (5.56%)
           228,317      r11d0                                                         (5.56%)
           164,454      r12d0                                                         (5.56%)
            41,802      r2d2                                                          (5.56%)
         1,542,955      r4d2                                                          (5.56%)
             4,733      r1d2                                                          (5.56%)
        11,839,581      r8d2                                                          (5.56%)
       436,308,752      r1d3                                                          (6.95%)
                 0      r2d3                                                          (8.34%)
                 0      r8d3                                                          (9.72%)
                 0      r4d3                                                          (11.11%)
                 0      r4d4                                                          (11.11%)
    19,470,596,536      r40d1                                                         (11.11%)
    10,643,462,639      r1d1                                                          (11.11%)
     1,893,252,070      r8d1                                                          (11.11%)
     1,332,947,922      r2d1                                                          (11.11%)
       562,800,219      r10d1                                                         (5.55%)
        12,155,422      r4d1                                                          (5.55%)
       548,534,030      r20d1                                                         (5.55%)
   <not supported>      r1cd:p                                                      
   <not supported>      r1cd:p                                                      
   <not supported>      r1cd:p                                                      
   <not supported>      r1cd:p                                                      
   <not supported>      r1cd:p                                                      
   <not supported>      r1cd:p                                                      
   <not supported>      r1cd:p                                                      
   <not supported>      r1cd:p                                                      

      70.119866363 seconds time elapsed

