# started on Tue Feb  6 07:42:33 2024


 Performance counter stats for 'system wide':

         2,197,748      r109                                                          (10.00%)
     4,867,562,683      r8b0                                                          (10.00%)
    17,504,245,813      r80b0                                                         (10.00%)
        24,902,757      r2b0                                                          (10.00%)
       852,420,828      r1b0                                                          (10.00%)
     2,297,353,878      r4b0                                                          (10.00%)
       123,864,775      r10b0                                                         (10.00%)
    82,146,060,479      r1b2                                                          (10.01%)
 1,098,781,460,213      r860                                                          (10.01%)
   141,092,952,332      r1000860                                                      (10.01%)
       559,673,858      r1000260                                                      (10.01%)
    70,014,483,681      r1000160                                                      (10.01%)
   119,646,489,064      r1000460                                                      (10.01%)
    18,728,175,250      r1001060                                                      (10.01%)
     2,087,782,477      r260                                                          (10.01%)
   127,808,542,522      r160                                                          (10.01%)
        95,817,920      r6000160                                                      (10.01%)
   562,361,070,160      r460                                                          (10.01%)
    30,841,453,996      r1060                                                         (10.01%)
         3,287,096      r6001060                                                      (10.01%)
                 0      r1b7                                                          (10.01%)
                 0      r1b7                                                          (10.01%)
                 0      r1b7                                                          (10.01%)
                 0      r1b7                                                          (10.01%)
                 0      r1b7                                                          (10.01%)
                 0      r1b7                                                          (10.01%)
                 0      r1b7                                                          (10.01%)
                 0      r1b7                                                          (10.01%)
                 0      r1b7                                                          (10.01%)
                 0      r1b7                                                          (10.01%)
                 0      r1b7                                                          (10.01%)
                 0      r1b7                                                          (10.01%)
                 0      r1b7                                                          (10.01%)
                 0      r1b7                                                          (10.01%)
                 0      r1b7                                                          (10.01%)
                 0      r1b7                                                          (10.01%)
                 0      r1b7                                                          (10.01%)
                 0      r1b7                                                          (10.01%)
                 0      r1b7                                                          (10.00%)
                 0      r1b7                                                          (10.00%)
                 0      r1b7                                                          (10.00%)
                 0      r1b7                                                          (10.00%)
                 0      r1b7                                                          (10.00%)
                 0      r1b7                                                          (10.00%)
                 0      r1b7                                                          (10.00%)
                 0      r1b7                                                          (10.00%)
                 0      r1b7                                                          (10.00%)
                 0      r1b7                                                          (10.00%)
                 0      r1b7                                                          (10.00%)
                 0      r1b7                                                          (10.00%)
                 0      r1b7                                                          (10.00%)
                 0      r1b7                                                          (10.00%)
                 0      r1b7                                                          (10.00%)
                 0      r1b7                                                          (10.00%)
                 0      r1b7                                                          (10.00%)
                 0      r1b7                                                          (10.00%)
                 0      r1b7                                                          (10.00%)
                 0      r1b7                                                          (10.00%)
                 0      r1b7                                                          (10.00%)
                 0      r1b7                                                          (10.00%)
                 0      r1b7                                                          (10.00%)
                 0      r1b7                                                          (10.00%)
                 0      r1b7                                                          (10.00%)
                 0      r1b7                                                          (10.00%)
                 0      r1b7                                                          (10.00%)
                 0      r1b7                                                          (10.00%)
                 0      r1b7                                                          (10.00%)
                 0      r1b7                                                          (10.00%)
                 0      r1b7                                                          (10.00%)
                 0      r1b7                                                          (10.00%)
                 0      r1b7                                                          (10.00%)
                 0      r1b7                                                          (10.00%)
                 0      r1b7                                                          (10.00%)
                 0      r1b7                                                          (10.00%)
                 0      r1b7                                                          (10.00%)
                 0      r1b7                                                          (10.00%)
                 0      r1b7                                                          (10.00%)
                 0      r1b7                                                          (10.00%)
                 0      r1b7                                                          (10.00%)
                 0      r1b7                                                          (10.00%)

      69.880082138 seconds time elapsed

