# started on Mon Feb  5 08:19:35 2024


 Performance counter stats for 'system wide':

   169,587,689,660      r728                                                          (44.44%)
                 0      r1828                                                         (44.44%)
                 0      r2028                                                         (44.44%)
           261,104      r4028                                                         (44.44%)
         1,170,901      r20ef                                                         (44.44%)
         5,472,271      r10ef                                                         (44.44%)
        10,478,891      r2ef                                                          (44.44%)
       155,727,972      r1ef                                                          (44.45%)
         2,716,916      r40ef                                                         (44.45%)
         1,976,092      r8ef                                                          (44.45%)
             2,682      r4ef                                                          (44.45%)
           565,461      r1cb                                                          (44.45%)
     7,292,786,479      r4fe                                                          (44.45%)
       489,787,204      r2fe                                                          (44.45%)
                 0      r132                                                          (44.45%)
            69,493      r832                                                          (44.45%)
           697,158      r232                                                          (44.45%)
                 0      r432                                                          (44.44%)

      69.983241609 seconds time elapsed

