# started on Mon Feb  5 06:32:09 2024


 Performance counter stats for 'system wide':

        79,400,594      r2ab                                                          (19.51%)
                 0      r1c6                                                          (19.51%)
                 0      r1c6                                                          (19.51%)
                 0      r1c6                                                          (19.51%)
                 0      r1c6                                                          (19.51%)
                 0      r1c6                                                          (9.76%)
                 0      r1c6                                                          (9.76%)
                 0      r1c6                                                          (9.76%)
                 0      r1c6                                                          (9.76%)
                 0      r1c6                                                          (9.76%)
                 0      r1c6                                                          (9.76%)
                 0      r1c6                                                          (9.76%)
                 0      r1c6                                                          (9.76%)
                 0      r1c6                                                          (9.76%)
                 0      r1c6                                                          (9.76%)
                 0      r1c6                                                          (9.76%)
                 0      r1c6                                                          (9.76%)
                 0      r1c6                                                          (9.76%)
       583,126,492      r480                                                          (12.20%)
    50,773,585,103      r183                                                          (14.64%)
       146,322,933      r283                                                          (17.08%)
       100,954,667      r483                                                          (19.52%)
    23,175,986,679      r4001879                                                      (19.52%)
    38,954,599,567      r1001879                                                      (19.52%)
       664,237,080      r4002479                                                      (19.51%)
     1,913,578,009      r1002479                                                      (19.51%)
    37,494,241,472      r1000879                                                      (19.51%)
   157,303,872,518      r879                                                          (19.51%)
     1,233,778,763      r1000479                                                      (19.51%)
     3,290,409,142      r479                                                          (19.51%)
     2,140,855,353      r1003079                                                      (19.51%)
     1,480,928,940      r1001079                                                      (19.51%)
     1,691,817,713      r2079                                                         (19.51%)
       714,340,950      r1043079                                                      (19.51%)
     6,529,662,385      r3079                                                         (19.51%)
    18,021,554,053      r19c                                                          (19.51%)
     1,244,440,531      r400019c                                                      (19.51%)
   160,548,480,491      r180019c                                                      (19.51%)
     1,482,550,765      r300019c                                                      (19.51%)
     6,230,076,539      r200019c                                                      (19.51%)
     9,077,578,735      r100019c                                                      (19.51%)

      70.133502475 seconds time elapsed

