# started on Mon Feb  5 09:09:11 2024


 Performance counter stats for 'system wide':

        36,466,121      r1000114                                                      (10.52%)
         5,467,980      r1e6                                                          (10.52%)
    28,748,537,317      rc4                                                           (10.52%)
   <not supported>      r4c4:p                                                      
    28,442,076,485      r1c4                                                          (10.52%)
         1,206,040      r40c4                                                         (10.52%)
       141,794,208      r2c4                                                          (10.53%)
       143,347,323      r8c4                                                          (10.53%)
    27,183,681,495      r20c4                                                         (10.53%)
     1,514,680,468      r10c4                                                         (10.53%)
        12,998,686      rc5                                                           (10.53%)
   <not supported>      r4c5:p                                                      
         3,214,998      r1c5                                                          (10.53%)
            17,096      r2c5                                                          (10.53%)
        11,893,823      r20c5                                                         (10.53%)
     1,839,954,165      r23c                                                          (10.53%)
     1,839,160,348      r13c                                                          (10.53%)
     1,837,849,224      r20013c                                                       (10.53%)
     1,836,604,240      r23c                                                          (10.53%)
   154,168,019,542      r300                                                          (11.85%)
     1,836,371,367      r13c                                                          (11.85%)
     1,837,329,429      r20013c                                                       (11.85%)
           496,361      r104003c                                                      (11.85%)
   168,129,270,224      r3c                                                           (13.16%)
   168,196,285,210      r20003c                                                       (13.16%)
   168,308,317,914      r3c                                                           (13.16%)
   168,321,914,533      r20003c                                                       (13.16%)
   140,714,011,013      r80008a3                                                      (13.16%)
    81,865,502,489      r10001a3                                                      (13.16%)
   157,551,577,419      r100010a3                                                     (11.85%)
    83,629,833,494      rc000ca3                                                      (11.85%)
    57,823,490,322      r50005a3                                                      (11.85%)
    86,140,223,989      r140014a3                                                     (11.85%)
    93,447,833,602      r40004a3                                                      (11.85%)
    14,033,920,725      r2a6                                                          (11.85%)
    14,222,511,382      r4a6                                                          (10.53%)
    21,898,058,572      r8a6                                                          (10.53%)
    14,248,636,742      r10a6                                                         (10.53%)
     6,432,228,311      r40a6                                                         (10.53%)
       648,898,757      r1a6                                                          (10.53%)
           737,195      r187                                                          (10.53%)
   194,952,219,656      rc0                                                           (11.85%)
   194,904,274,290      rc0                                                           (11.85%)
   <not supported>      r1c0:p                                                      
   <not supported>      ra8001c0:p                                                  
       223,284,014      r800d                                                         (11.85%)
       168,824,663      r10d                                                          (11.85%)
       168,788,264      r20010d                                                       (11.85%)
               794      r803                                                          (11.85%)
         7,020,127      r203                                                          (11.85%)
       375,713,115      r107                                                          (11.85%)
               329      r14c                                                          (11.85%)
                 0      r40001a8                                                      (11.85%)
                 0      r10001a8                                                      (10.53%)
                 0      r1a8                                                          (10.53%)
         2,857,331      r10401c3                                                      (10.53%)
           644,200      r4c3                                                          (10.53%)
            38,603      r3fc1                                                         (10.53%)
   112,066,174,378      r1a2                                                          (10.53%)
     8,279,356,879      r8a2                                                          (10.53%)
                 0      r20cc                                                         (10.53%)
     6,020,165,192      r15e                                                          (10.53%)
       360,824,129      r184015e                                                      (10.53%)
    26,759,995,998      r1a1                                                          (10.53%)
    31,871,382,022      r2a1                                                          (10.53%)
    40,233,416,562      r4a1                                                          (10.53%)
    35,803,390,029      r8a1                                                          (10.53%)
    33,354,939,946      r10a1                                                         (10.53%)
    34,398,390,078      r20a1                                                         (10.53%)
    39,302,733,405      r40a1                                                         (10.52%)
       563,922,368      r80a1                                                         (10.52%)
   219,027,093,646      r2b1                                                          (10.52%)
    74,823,129,217      r10002b1                                                      (10.52%)
    60,772,578,149      r20002b1                                                      (10.52%)
    46,534,320,313      r30002b1                                                      (10.52%)
    24,595,923,702      r40002b1                                                      (10.52%)
    93,479,339,751      r18002b1                                                      (10.52%)
    74,852,495,672      r10001b1                                                      (10.52%)
    60,792,604,265      r20001b1                                                      (10.52%)
    46,545,267,299      r30001b1                                                      (10.52%)

      69.830747232 seconds time elapsed

