# started on Tue Feb  6 06:45:52 2024


 Performance counter stats for 'system wide':

           358,767      r185                                                          (6.95%)
         3,747,562      r2085                                                         (8.34%)
        17,692,315      r1001085                                                      (9.73%)
           138,364      re85                                                          (11.11%)
                 0      r885                                                          (11.12%)
             3,364      r485                                                          (11.12%)
           175,906      r285                                                          (11.12%)
        21,094,142      r1085                                                         (11.12%)
     9,136,954,163      r151                                                          (11.12%)
    18,989,692,282      r248                                                          (11.12%)
   312,887,601,863      r148                                                          (11.12%)
   114,901,246,246      r1000148                                                      (11.12%)
   114,929,665,762      r1200148                                                      (11.12%)
     9,132,524,154      r1ff1                                                         (11.12%)
     7,821,800,567      r2f2                                                          (11.12%)
       101,962,504      r1f2                                                          (11.12%)
         6,605,200      r4f2                                                          (11.12%)
         6,449,992      r4f2                                                          (11.12%)
       143,815,486      re424                                                         (11.12%)
     1,298,295,488      re124                                                         (11.12%)
     1,801,890,853      r2724                                                         (11.12%)
     5,244,797,678      re724                                                         (11.11%)
     9,385,447,540      rf824                                                         (11.11%)
     3,807,150,150      re224                                                         (11.11%)
       103,165,528      rc424                                                         (11.11%)
        38,270,785      r2424                                                         (11.11%)
     1,201,516,862      rc124                                                         (11.11%)
        95,364,415      r2124                                                         (11.11%)
     9,113,374,834      r3f24                                                         (11.11%)
     2,086,833,438      rd824                                                         (11.11%)
     7,315,730,007      r3824                                                         (11.11%)
    14,658,260,106      rff24                                                         (11.11%)
     2,139,486,399      rc224                                                         (11.11%)
     1,669,027,647      r2224                                                         (11.11%)
     7,821,982,397      r40f0                                                         (11.11%)
             1,710      r803                                                          (11.11%)
         2,932,400      r203                                                          (11.11%)
        90,412,702      r107                                                          (11.11%)
            40,354      r14c                                                          (11.11%)
     6,924,640,389      r412e                                                         (11.11%)
     7,916,512,626      r4f2e                                                         (11.11%)
                 0      r40001a8                                                      (11.11%)
                 0      r10001a8                                                      (11.11%)
                 0      r40001a8                                                      (11.11%)
                 0      r1a8                                                          (11.11%)
         3,066,579      r10401c3                                                      (11.11%)
           543,021      r2c3                                                          (11.11%)
         1,477,299      r4c3                                                          (11.11%)
    32,436,478,972      r81d0                                                         (11.11%)
    35,043,014,508      r82d0                                                         (11.11%)
    67,457,545,235      r83d0                                                         (11.11%)
        11,029,736      r21d0                                                         (11.11%)
           202,764      r41d0                                                         (5.55%)
           630,864      r42d0                                                         (5.55%)
           120,940      r11d0                                                         (5.55%)
           156,044      r12d0                                                         (5.55%)
            50,389      r2d2                                                          (5.55%)
         1,627,913      r4d2                                                          (5.55%)
             5,365      r1d2                                                          (5.55%)
        11,916,737      r8d2                                                          (5.56%)
       380,834,774      r1d3                                                          (6.94%)
                 0      r2d3                                                          (8.33%)
                 0      r8d3                                                          (9.72%)
                 0      r4d3                                                          (11.11%)
                 0      r4d4                                                          (11.11%)
    19,977,165,962      r40d1                                                         (11.11%)
    10,678,472,987      r1d1                                                          (11.11%)
     1,810,015,809      r8d1                                                          (11.11%)
     1,318,767,914      r2d1                                                          (11.11%)
       491,328,659      r10d1                                                         (5.55%)
        11,753,325      r4d1                                                          (5.56%)
       477,433,991      r20d1                                                         (5.56%)
   <not supported>      r1cd:p                                                      
   <not supported>      r1cd:p                                                      
   <not supported>      r1cd:p                                                      
   <not supported>      r1cd:p                                                      
   <not supported>      r1cd:p                                                      
   <not supported>      r1cd:p                                                      
   <not supported>      r1cd:p                                                      
   <not supported>      r1cd:p                                                      

      70.078143807 seconds time elapsed

