# started on Mon Feb  5 06:41:35 2024


 Performance counter stats for 'system wide':

        44,276,896      r2ab                                                          (19.51%)
                 0      r1c6                                                          (19.51%)
                 0      r1c6                                                          (19.51%)
                 0      r1c6                                                          (19.51%)
                 0      r1c6                                                          (19.51%)
                 0      r1c6                                                          (9.76%)
                 0      r1c6                                                          (9.76%)
                 0      r1c6                                                          (9.76%)
                 0      r1c6                                                          (9.76%)
                 0      r1c6                                                          (9.76%)
                 0      r1c6                                                          (9.76%)
                 0      r1c6                                                          (9.76%)
                 0      r1c6                                                          (9.76%)
                 0      r1c6                                                          (9.76%)
                 0      r1c6                                                          (9.76%)
                 0      r1c6                                                          (9.76%)
                 0      r1c6                                                          (9.76%)
                 0      r1c6                                                          (9.76%)
       359,483,750      r480                                                          (12.19%)
    43,149,926,658      r183                                                          (14.63%)
       138,616,780      r283                                                          (17.07%)
        90,138,047      r483                                                          (19.51%)
    28,177,190,783      r4001879                                                      (19.51%)
    56,287,025,141      r1001879                                                      (19.51%)
       610,927,829      r4002479                                                      (19.51%)
     1,759,093,475      r1002479                                                      (19.51%)
    55,864,188,569      r1000879                                                      (19.51%)
   167,185,331,554      r879                                                          (19.51%)
     1,113,140,111      r1000479                                                      (19.51%)
     2,961,666,278      r479                                                          (19.51%)
     1,011,345,718      r1003079                                                      (19.51%)
       392,864,364      r1001079                                                      (19.51%)
     1,561,581,867      r2079                                                         (19.51%)
       303,716,785      r1043079                                                      (19.51%)
     2,838,366,367      r3079                                                         (19.51%)
    33,277,360,217      r19c                                                          (19.51%)
       971,597,004      r400019c                                                      (19.51%)
   154,797,790,861      r180019c                                                      (19.51%)
     5,676,373,152      r300019c                                                      (19.51%)
    12,423,675,629      r200019c                                                      (19.51%)
    14,252,745,563      r100019c                                                      (19.51%)

      69.880293730 seconds time elapsed

