# started on Tue Feb  6 06:51:46 2024


 Performance counter stats for 'system wide':

           389,588      r185                                                          (6.95%)
         3,788,529      r2085                                                         (8.34%)
        17,550,324      r1001085                                                      (9.73%)
           147,324      re85                                                          (11.12%)
                 0      r885                                                          (11.12%)
             6,612      r485                                                          (11.12%)
           148,995      r285                                                          (11.12%)
        16,968,110      r1085                                                         (11.12%)
     8,771,688,285      r151                                                          (11.11%)
    16,793,372,520      r248                                                          (11.11%)
   408,200,341,370      r148                                                          (11.11%)
   138,200,989,035      r1000148                                                      (11.11%)
   138,216,644,930      r1200148                                                      (11.11%)
     8,738,946,265      r1ff1                                                         (11.11%)
     8,323,415,124      r2f2                                                          (11.11%)
        95,508,861      r1f2                                                          (11.11%)
         8,057,803      r4f2                                                          (11.11%)
         8,048,376      r4f2                                                          (11.11%)
       132,395,875      re424                                                         (11.11%)
     1,426,377,829      re124                                                         (11.11%)
     1,066,090,048      r2724                                                         (11.11%)
     3,537,952,154      re724                                                         (11.11%)
    10,308,273,378      rf824                                                         (11.11%)
     1,977,410,522      re224                                                         (11.11%)
       105,265,083      rc424                                                         (11.11%)
        26,204,699      r2424                                                         (11.11%)
     1,318,989,235      rc124                                                         (11.11%)
       106,993,848      r2124                                                         (11.11%)
     8,729,932,875      r3f24                                                         (11.11%)
     2,633,190,855      rd824                                                         (11.11%)
     7,669,362,942      r3824                                                         (11.11%)
    13,838,615,729      rff24                                                         (11.11%)
     1,049,895,029      rc224                                                         (11.11%)
       925,826,594      r2224                                                         (11.11%)
     8,325,785,693      r40f0                                                         (11.11%)
             2,799      r803                                                          (11.11%)
         2,559,909      r203                                                          (11.11%)
       375,765,374      r107                                                          (11.11%)
             1,557      r14c                                                          (11.11%)
     8,112,858,486      r412e                                                         (11.11%)
     8,414,692,324      r4f2e                                                         (11.11%)
                 0      r40001a8                                                      (11.11%)
                 0      r10001a8                                                      (11.11%)
                 0      r40001a8                                                      (11.11%)
                 0      r1a8                                                          (11.11%)
         2,894,374      r10401c3                                                      (11.11%)
           695,432      r2c3                                                          (11.11%)
         1,019,388      r4c3                                                          (11.11%)
    47,803,747,271      r81d0                                                         (11.11%)
    28,943,729,086      r82d0                                                         (11.11%)
    76,779,241,404      r83d0                                                         (11.11%)
         9,742,655      r21d0                                                         (11.11%)
           190,897      r41d0                                                         (5.56%)
           589,603      r42d0                                                         (5.56%)
           146,328      r11d0                                                         (5.56%)
           135,220      r12d0                                                         (5.56%)
            48,073      r2d2                                                          (5.56%)
         1,324,479      r4d2                                                          (5.56%)
             3,600      r1d2                                                          (5.56%)
        10,137,258      r8d2                                                          (5.56%)
       518,741,832      r1d3                                                          (6.94%)
                 0      r2d3                                                          (8.33%)
                 0      r8d3                                                          (9.72%)
                 0      r4d3                                                          (11.11%)
                 0      r4d4                                                          (11.11%)
    23,398,339,123      r40d1                                                         (11.11%)
    22,289,770,714      r1d1                                                          (11.11%)
     2,176,315,857      r8d1                                                          (11.11%)
     1,516,529,244      r2d1                                                          (11.11%)
       660,286,454      r10d1                                                         (5.56%)
        10,049,750      r4d1                                                          (5.56%)
       647,778,219      r20d1                                                         (5.56%)
   <not supported>      r1cd:p                                                      
   <not supported>      r1cd:p                                                      
   <not supported>      r1cd:p                                                      
   <not supported>      r1cd:p                                                      
   <not supported>      r1cd:p                                                      
   <not supported>      r1cd:p                                                      
   <not supported>      r1cd:p                                                      
   <not supported>      r1cd:p                                                      

      69.776253819 seconds time elapsed

