# started on Tue Feb  6 07:39:00 2024


 Performance counter stats for 'system wide':

         2,320,164      r109                                                          (9.99%)
     4,785,844,385      r8b0                                                          (10.00%)
    17,277,236,769      r80b0                                                         (10.00%)
        24,698,892      r2b0                                                          (10.00%)
     1,005,405,417      r1b0                                                          (10.00%)
     2,691,943,761      r4b0                                                          (10.00%)
       139,765,027      r10b0                                                         (10.00%)
    79,980,071,620      r1b2                                                          (10.00%)
 1,170,493,732,551      r860                                                          (10.00%)
   139,336,566,763      r1000860                                                      (10.00%)
       560,788,345      r1000260                                                      (10.00%)
    79,687,986,966      r1000160                                                      (10.00%)
   135,774,214,822      r1000460                                                      (10.00%)
    19,373,838,757      r1001060                                                      (10.00%)
     1,825,526,943      r260                                                          (10.00%)
   154,999,756,784      r160                                                          (10.00%)
       444,367,661      r6000160                                                      (10.00%)
   619,930,795,268      r460                                                          (10.00%)
    34,958,350,556      r1060                                                         (10.00%)
       136,816,028      r6001060                                                      (10.00%)
                 0      r1b7                                                          (10.00%)
                 0      r1b7                                                          (10.00%)
                 0      r1b7                                                          (10.00%)
                 0      r1b7                                                          (10.00%)
                 0      r1b7                                                          (10.00%)
                 0      r1b7                                                          (10.00%)
                 0      r1b7                                                          (10.00%)
                 0      r1b7                                                          (10.00%)
                 0      r1b7                                                          (10.00%)
                 0      r1b7                                                          (10.00%)
                 0      r1b7                                                          (10.00%)
                 0      r1b7                                                          (10.00%)
                 0      r1b7                                                          (10.00%)
                 0      r1b7                                                          (10.00%)
                 0      r1b7                                                          (10.00%)
                 0      r1b7                                                          (10.00%)
                 0      r1b7                                                          (10.00%)
                 0      r1b7                                                          (10.00%)
                 0      r1b7                                                          (10.00%)
                 0      r1b7                                                          (10.00%)
                 0      r1b7                                                          (10.00%)
                 0      r1b7                                                          (10.00%)
                 0      r1b7                                                          (10.00%)
                 0      r1b7                                                          (10.00%)
                 0      r1b7                                                          (10.00%)
                 0      r1b7                                                          (10.00%)
                 0      r1b7                                                          (10.00%)
                 0      r1b7                                                          (10.00%)
                 0      r1b7                                                          (10.00%)
                 0      r1b7                                                          (10.00%)
                 0      r1b7                                                          (10.00%)
                 0      r1b7                                                          (10.00%)
                 0      r1b7                                                          (10.00%)
                 0      r1b7                                                          (10.00%)
                 0      r1b7                                                          (10.00%)
                 0      r1b7                                                          (10.00%)
                 0      r1b7                                                          (10.00%)
                 0      r1b7                                                          (10.00%)
                 0      r1b7                                                          (10.00%)
                 0      r1b7                                                          (10.00%)
                 0      r1b7                                                          (10.00%)
                 0      r1b7                                                          (10.00%)
                 0      r1b7                                                          (10.00%)
                 0      r1b7                                                          (10.00%)
                 0      r1b7                                                          (10.00%)
                 0      r1b7                                                          (9.99%)
                 0      r1b7                                                          (9.99%)
                 0      r1b7                                                          (9.99%)
                 0      r1b7                                                          (9.99%)
                 0      r1b7                                                          (9.99%)
                 0      r1b7                                                          (9.99%)
                 0      r1b7                                                          (9.99%)
                 0      r1b7                                                          (9.99%)
                 0      r1b7                                                          (9.99%)
                 0      r1b7                                                          (9.99%)
                 0      r1b7                                                          (9.99%)
                 0      r1b7                                                          (9.99%)
                 0      r1b7                                                          (9.99%)
                 0      r1b7                                                          (9.99%)
                 0      r1b7                                                          (9.99%)

      69.820055852 seconds time elapsed

