# started on Tue Feb  6 10:16:02 2024


 Performance counter stats for 'system wide':

                 0      unc_h_dir_update_ha_0                                         (23.54%)
                 0      unc_h_dir_update_ha_1                                         (23.47%)
                 0      unc_h_dir_update_ha_2                                         (23.47%)
                 0      unc_h_dir_update_ha_3                                         (23.47%)
                 0      unc_h_dir_update_ha_4                                         (23.54%)
                 0      unc_h_dir_update_ha_5                                         (23.53%)
                 0      unc_h_dir_update_ha_6                                         (23.51%)
                 0      unc_h_dir_update_ha_7                                         (23.54%)
                 0      unc_h_dir_update_tor_0                                        (23.54%)
                 0      unc_h_dir_update_tor_1                                        (23.54%)
                 0      unc_h_dir_update_tor_2                                        (23.54%)
                 0      unc_h_dir_update_tor_3                                        (23.54%)
             2,944      unc_h_dir_update_tor_4                                        (23.54%)
             5,689      unc_h_dir_update_tor_5                                        (23.54%)
                 0      unc_h_dir_update_tor_6                                        (23.54%)
             3,233      unc_h_dir_update_tor_7                                        (23.54%)
             1,780      unc_h_hitme_hit_ex_rds_0                                      (23.53%)
             1,759      unc_h_hitme_hit_ex_rds_1                                      (23.54%)
             2,770      unc_h_hitme_hit_ex_rds_2                                      (23.54%)
                 0      unc_h_hitme_hit_ex_rds_3                                      (23.54%)
             1,831      unc_h_hitme_hit_ex_rds_4                                      (23.53%)
             3,068      unc_h_hitme_hit_ex_rds_5                                      (23.53%)
             2,073      unc_h_hitme_hit_ex_rds_6                                      (23.54%)
             2,035      unc_h_hitme_hit_ex_rds_7                                      (23.53%)
               212      unc_h_misc_rfo_hit_s_0                                        (23.53%)
               251      unc_h_misc_rfo_hit_s_1                                        (23.53%)
               654      unc_h_misc_rfo_hit_s_2                                        (23.53%)
               361      unc_h_misc_rfo_hit_s_3                                        (23.53%)
               263      unc_h_misc_rfo_hit_s_4                                        (23.53%)
               784      unc_h_misc_rfo_hit_s_5                                        (23.72%)
               422      unc_h_misc_rfo_hit_s_6                                        (23.72%)
               340      unc_h_misc_rfo_hit_s_7                                        (23.54%)
       145,650,430      unc_h_requests_invitoe_local_0                                     (23.60%)
       145,608,471      unc_h_requests_invitoe_local_1                                     (23.64%)
       145,799,094      unc_h_requests_invitoe_local_2                                     (23.68%)
       146,459,151      unc_h_requests_invitoe_local_3                                     (23.72%)
       146,092,804      unc_h_requests_invitoe_local_4                                     (23.60%)
       145,710,166      unc_h_requests_invitoe_local_5                                     (23.76%)
       145,810,825      unc_h_requests_invitoe_local_6                                     (23.80%)
       146,715,667      unc_h_requests_invitoe_local_7                                     (23.54%)
                 0      unc_h_requests_invitoe_remote_0                                     (23.60%)
                 0      unc_h_requests_invitoe_remote_1                                     (23.61%)
                 8      unc_h_requests_invitoe_remote_2                                     (23.61%)
             9,750      unc_h_requests_invitoe_remote_3                                     (23.71%)
                 0      unc_h_requests_invitoe_remote_4                                     (23.56%)
                 0      unc_h_requests_invitoe_remote_5                                     (23.38%)
                17      unc_h_requests_invitoe_remote_6                                     (23.38%)
                 0      unc_h_requests_invitoe_remote_7                                     (23.54%)
       886,193,123      unc_h_requests_reads_0                                        (23.48%)
       885,714,044      unc_h_requests_reads_1                                        (23.43%)
       886,322,018      unc_h_requests_reads_2                                        (23.39%)
       884,642,086      unc_h_requests_reads_3                                        (23.38%)
       885,515,230      unc_h_requests_reads_4                                        (23.47%)
       885,995,523      unc_h_requests_reads_5                                        (23.31%)
       885,956,886      unc_h_requests_reads_6                                        (23.27%)
       887,015,984      unc_h_requests_reads_7                                        (23.53%)
       889,176,214      unc_h_requests_reads_local_0                                     (23.51%)
       889,358,537      unc_h_requests_reads_local_1                                     (23.53%)
       889,730,578      unc_h_requests_reads_local_2                                     (23.53%)
       890,119,018      unc_h_requests_reads_local_3                                     (23.53%)
       889,209,273      unc_h_requests_reads_local_4                                     (23.53%)
       889,953,998      unc_h_requests_reads_local_5                                     (23.53%)
       889,830,708      unc_h_requests_reads_local_6                                     (23.53%)
       889,193,379      unc_h_requests_reads_local_7                                     (23.53%)
       582,309,410      unc_h_requests_writes_0                                       (23.53%)
       581,959,429      unc_h_requests_writes_1                                       (23.53%)
       582,237,909      unc_h_requests_writes_2                                       (23.53%)
       582,130,639      unc_h_requests_writes_3                                       (23.53%)
       581,547,716      unc_h_requests_writes_4                                       (23.53%)
       581,799,530      unc_h_requests_writes_5                                       (23.53%)
       581,872,163      unc_h_requests_writes_6                                       (23.53%)
       580,848,978      unc_h_requests_writes_7                                       (23.53%)
       581,774,090      unc_h_requests_writes_local_0                                     (23.53%)
       581,384,335      unc_h_requests_writes_local_1                                     (23.53%)
       581,738,397      unc_h_requests_writes_local_2                                     (23.53%)
       581,496,275      unc_h_requests_writes_local_3                                     (23.53%)
       580,996,214      unc_h_requests_writes_local_4                                     (23.53%)
       581,199,136      unc_h_requests_writes_local_5                                     (23.53%)
       581,308,127      unc_h_requests_writes_local_6                                     (23.53%)
       580,716,695      unc_h_requests_writes_local_7                                     (23.53%)
     2,396,880,563      unc_h_rxc_inserts_irq_0                                       (23.53%)
     2,312,867,690      unc_h_rxc_inserts_irq_1                                       (23.59%)
     2,313,784,213      unc_h_rxc_inserts_irq_2                                       (23.65%)
     2,314,955,368      unc_h_rxc_inserts_irq_3                                       (23.72%)
     2,310,811,888      unc_h_rxc_inserts_irq_4                                       (23.53%)
     2,313,097,390      unc_h_rxc_inserts_irq_5                                       (23.78%)
     2,313,639,384      unc_h_rxc_inserts_irq_6                                       (23.85%)
     2,311,227,136      unc_h_rxc_inserts_irq_7                                       (23.53%)
           725,471      unc_h_rxc_irq1_reject_pa_match_0                                     (23.64%)
           697,801      unc_h_rxc_irq1_reject_pa_match_1                                     (23.66%)
           685,742      unc_h_rxc_irq1_reject_pa_match_2                                     (23.69%)
           753,074      unc_h_rxc_irq1_reject_pa_match_3                                     (23.60%)
           716,655      unc_h_rxc_irq1_reject_pa_match_4                                     (23.57%)
           591,059      unc_h_rxc_irq1_reject_pa_match_5                                     (23.63%)
           799,214      unc_h_rxc_irq1_reject_pa_match_6                                     (23.65%)
           825,981      unc_h_rxc_irq1_reject_pa_match_7                                     (23.53%)
    21,247,117,337      unc_h_rxc_occupancy_irq_0                                     (23.56%)
    20,692,230,117      unc_h_rxc_occupancy_irq_1                                     (23.49%)
    20,078,730,103      unc_h_rxc_occupancy_irq_2                                     (23.43%)
    21,100,445,102      unc_h_rxc_occupancy_irq_3                                     (23.34%)
    22,979,637,369      unc_h_rxc_occupancy_irq_4                                     (23.53%)
    21,743,162,450      unc_h_rxc_occupancy_irq_5                                     (23.28%)
    46,055,590,142      unc_h_rxc_occupancy_irq_6                                     (23.22%)
    47,063,163,108      unc_h_rxc_occupancy_irq_7                                     (23.53%)
             3,172      unc_h_snoop_resp_rsp_fwd_wb_0                                     (23.43%)
             3,132      unc_h_snoop_resp_rsp_fwd_wb_1                                     (23.40%)
             5,185      unc_h_snoop_resp_rsp_fwd_wb_2                                     (23.38%)
            20,297      unc_h_snoop_resp_rsp_fwd_wb_3                                     (23.35%)
             2,963      unc_h_snoop_resp_rsp_fwd_wb_4                                     (23.49%)
             5,219      unc_h_snoop_resp_rsp_fwd_wb_5                                     (23.43%)
             3,631      unc_h_snoop_resp_rsp_fwd_wb_6                                     (23.41%)
            28,995      unc_h_snoop_resp_rsp_fwd_wb_7                                     (23.53%)
                 0      unc_h_snoop_resp_rspcnflct_0                                     (23.47%)
                 0      unc_h_snoop_resp_rspcnflct_1                                     (23.50%)
                 0      unc_h_snoop_resp_rspcnflct_2                                     (23.50%)
                 0      unc_h_snoop_resp_rspcnflct_3                                     (23.50%)
                 0      unc_h_snoop_resp_rspcnflct_4                                     (23.51%)
                 0      unc_h_snoop_resp_rspcnflct_5                                     (23.50%)
                 0      unc_h_snoop_resp_rspcnflct_6                                     (23.52%)
             2,979      unc_h_snoop_resp_rspcnflct_7                                     (23.53%)
             2,771      unc_h_snoop_resp_rspifwd_0                                     (23.53%)
                 0      unc_h_snoop_resp_rspifwd_1                                     (23.53%)
                 0      unc_h_snoop_resp_rspifwd_2                                     (23.53%)
                 0      unc_h_snoop_resp_rspifwd_3                                     (23.52%)
                 0      unc_h_snoop_resp_rspifwd_4                                     (23.53%)
                 0      unc_h_snoop_resp_rspifwd_5                                     (23.53%)
                 0      unc_h_snoop_resp_rspifwd_6                                     (23.53%)
                 0      unc_h_snoop_resp_rspifwd_7                                     (23.53%)
                 0      unc_h_snoop_resp_rspsfwd_0                                     (23.53%)
             3,094      unc_h_snoop_resp_rspsfwd_1                                     (23.53%)
             5,555      unc_h_snoop_resp_rspsfwd_2                                     (23.53%)
             3,268      unc_h_snoop_resp_rspsfwd_3                                     (23.53%)
                 0      unc_h_snoop_resp_rspsfwd_4                                     (23.53%)
                 0      unc_h_snoop_resp_rspsfwd_5                                     (23.53%)
             3,528      unc_h_snoop_resp_rspsfwd_6                                     (23.53%)
                 0      unc_h_snoop_resp_rspsfwd_7                                     (23.53%)
           147,896      unc_i_cache_total_occupancy_mem_0                                     (33.33%)
            99,760      unc_i_cache_total_occupancy_mem_1                                     (33.33%)
                 0      unc_i_cache_total_occupancy_mem_2                                     (33.33%)
                 0      unc_i_cache_total_occupancy_mem_3                                     (33.33%)
                 0      unc_i_cache_total_occupancy_mem_4                                     (33.33%)
                 0      unc_i_cache_total_occupancy_mem_5                                     (33.33%)
                 3      unc_i_coherent_ops_pcitom_0                                     (33.33%)
                 0      unc_i_coherent_ops_pcitom_1                                     (33.33%)
                 0      unc_i_coherent_ops_pcitom_2                                     (33.33%)
                 0      unc_i_coherent_ops_pcitom_3                                     (33.33%)
                 0      unc_i_coherent_ops_pcitom_4                                     (33.33%)
                 0      unc_i_coherent_ops_pcitom_5                                     (33.33%)
               441      unc_i_coherent_ops_rfo_0                                      (33.33%)
               114      unc_i_coherent_ops_rfo_1                                      (33.33%)
                 0      unc_i_coherent_ops_rfo_2                                      (33.33%)
                 0      unc_i_coherent_ops_rfo_3                                      (33.33%)
                 0      unc_i_coherent_ops_rfo_4                                      (33.33%)
                 0      unc_i_coherent_ops_rfo_5                                      (33.33%)
               678      unc_i_faf_inserts_0                                           (33.33%)
            19,439      unc_i_faf_inserts_1                                           (33.33%)
                 0      unc_i_faf_inserts_2                                           (33.33%)
                 0      unc_i_faf_inserts_3                                           (33.33%)
                 0      unc_i_faf_inserts_4                                           (33.33%)
                 0      unc_i_faf_inserts_5                                           (33.34%)
               771      unc_i_faf_occupancy_0                                         (33.34%)
            19,249      unc_i_faf_occupancy_1                                         (33.34%)
                 0      unc_i_faf_occupancy_2                                         (33.34%)
                 0      unc_i_faf_occupancy_3                                         (33.34%)
                 0      unc_i_faf_occupancy_4                                         (33.33%)
                 0      unc_i_faf_occupancy_5                                         (33.33%)
               603      unc_i_transactions_wr_pref_0                                     (33.33%)
                87      unc_i_transactions_wr_pref_1                                     (33.33%)
                 0      unc_i_transactions_wr_pref_2                                     (33.33%)
                 0      unc_i_transactions_wr_pref_3                                     (33.34%)
                 0      unc_i_transactions_wr_pref_4                                     (33.33%)
                 0      unc_i_transactions_wr_pref_5                                     (33.33%)
    67,945,693,596      unc_iio_clockticks_0                                          (5.28%)
    67,841,744,699      unc_iio_clockticks_1                                          (7.03%)
    67,757,273,215      unc_iio_clockticks_2                                          (7.01%)
    67,985,412,477      unc_iio_clockticks_3                                          (5.33%)
                 0      unc_iio_clockticks_4                                          (6.99%)
                 0      unc_iio_clockticks_5                                          (6.98%)
                 0      unc_iio_comp_buf_inserts_cmpd_all_parts_0                                     (7.03%)
                 0      unc_iio_comp_buf_inserts_cmpd_all_parts_1                                     (5.29%)
                 0      unc_iio_comp_buf_inserts_cmpd_all_parts_2                                     (5.32%)
                 0      unc_iio_comp_buf_inserts_cmpd_all_parts_3                                     (7.04%)
                 0      unc_iio_comp_buf_inserts_cmpd_all_parts_4                                     (5.29%)
                 0      unc_iio_comp_buf_inserts_cmpd_all_parts_5                                     (5.32%)
                 0      unc_iio_comp_buf_inserts_cmpd_part0_0                                     (7.03%)
                 0      unc_iio_comp_buf_inserts_cmpd_part0_1                                     (7.03%)
                 0      unc_iio_comp_buf_inserts_cmpd_part0_2                                     (7.04%)
                 0      unc_iio_comp_buf_inserts_cmpd_part0_3                                     (7.02%)
                 0      unc_iio_comp_buf_inserts_cmpd_part0_4                                     (7.02%)
                 0      unc_iio_comp_buf_inserts_cmpd_part0_5                                     (7.05%)
                 0      unc_iio_comp_buf_inserts_cmpd_part1_0                                     (7.03%)
                 0      unc_iio_comp_buf_inserts_cmpd_part1_1                                     (7.05%)
                 0      unc_iio_comp_buf_inserts_cmpd_part1_2                                     (7.01%)
                 0      unc_iio_comp_buf_inserts_cmpd_part1_3                                     (7.04%)
                 0      unc_iio_comp_buf_inserts_cmpd_part1_4                                     (7.03%)
                 0      unc_iio_comp_buf_inserts_cmpd_part1_5                                     (7.00%)
                 0      unc_iio_comp_buf_inserts_cmpd_part2_0                                     (7.03%)
                 0      unc_iio_comp_buf_inserts_cmpd_part2_1                                     (7.03%)
                 0      unc_iio_comp_buf_inserts_cmpd_part2_2                                     (7.05%)
                 0      unc_iio_comp_buf_inserts_cmpd_part2_3                                     (7.03%)
                 0      unc_iio_comp_buf_inserts_cmpd_part2_4                                     (7.02%)
                 0      unc_iio_comp_buf_inserts_cmpd_part2_5                                     (7.03%)
                 0      unc_iio_comp_buf_inserts_cmpd_part3_0                                     (7.03%)
                 0      unc_iio_comp_buf_inserts_cmpd_part3_1                                     (7.04%)
                 0      unc_iio_comp_buf_inserts_cmpd_part3_2                                     (7.04%)
                 0      unc_iio_comp_buf_inserts_cmpd_part3_3                                     (7.02%)
                 0      unc_iio_comp_buf_inserts_cmpd_part3_4                                     (7.02%)
                 0      unc_iio_comp_buf_inserts_cmpd_part3_5                                     (7.04%)
            24,675      unc_iio_comp_buf_occupancy_cmpd_all_parts_0                                     (7.03%)
                 0      unc_iio_comp_buf_occupancy_cmpd_all_parts_1                                     (7.03%)
                 0      unc_iio_comp_buf_occupancy_cmpd_all_parts_2                                     (7.03%)
                 0      unc_iio_comp_buf_occupancy_cmpd_all_parts_3                                     (7.04%)
                 0      unc_iio_comp_buf_occupancy_cmpd_all_parts_4                                     (7.03%)
                 0      unc_iio_comp_buf_occupancy_cmpd_all_parts_5                                     (7.02%)
                 0      unc_iio_comp_buf_occupancy_cmpd_part0_0                                     (7.03%)
                 0      unc_iio_comp_buf_occupancy_cmpd_part0_1                                     (7.03%)
                 0      unc_iio_comp_buf_occupancy_cmpd_part0_2                                     (7.03%)
                 0      unc_iio_comp_buf_occupancy_cmpd_part0_3                                     (7.04%)
                 0      unc_iio_comp_buf_occupancy_cmpd_part0_4                                     (7.04%)
                 0      unc_iio_comp_buf_occupancy_cmpd_part0_5                                     (7.03%)
            33,178      unc_iio_comp_buf_occupancy_cmpd_part1_0                                     (7.02%)
                 0      unc_iio_comp_buf_occupancy_cmpd_part1_1                                     (7.03%)
                 0      unc_iio_comp_buf_occupancy_cmpd_part1_2                                     (7.03%)
                 0      unc_iio_comp_buf_occupancy_cmpd_part1_3                                     (7.02%)
                 0      unc_iio_comp_buf_occupancy_cmpd_part1_4                                     (7.03%)
                 0      unc_iio_comp_buf_occupancy_cmpd_part1_5                                     (7.03%)
                 0      unc_iio_comp_buf_occupancy_cmpd_part2_0                                     (7.02%)
                 0      unc_iio_comp_buf_occupancy_cmpd_part2_1                                     (7.02%)
                 0      unc_iio_comp_buf_occupancy_cmpd_part2_2                                     (7.02%)
                 0      unc_iio_comp_buf_occupancy_cmpd_part2_3                                     (7.03%)
                 0      unc_iio_comp_buf_occupancy_cmpd_part2_4                                     (7.02%)
                 0      unc_iio_comp_buf_occupancy_cmpd_part2_5                                     (7.02%)
                 0      unc_iio_comp_buf_occupancy_cmpd_part3_0                                     (7.02%)
                 0      unc_iio_comp_buf_occupancy_cmpd_part3_1                                     (7.03%)
                 0      unc_iio_comp_buf_occupancy_cmpd_part3_2                                     (7.03%)
                 0      unc_iio_comp_buf_occupancy_cmpd_part3_3                                     (5.29%)
                 0      unc_iio_comp_buf_occupancy_cmpd_part3_4                                     (7.06%)
                 0      unc_iio_comp_buf_occupancy_cmpd_part3_5                                     (7.07%)
                 0      unc_iio_data_req_by_cpu_mem_read_part0_0                                     (5.27%)
                 0      unc_iio_data_req_by_cpu_mem_read_part0_1                                     (7.02%)
                 0      unc_iio_data_req_by_cpu_mem_read_part0_2                                     (7.01%)
                 0      unc_iio_data_req_by_cpu_mem_read_part0_3                                     (5.27%)
                 0      unc_iio_data_req_by_cpu_mem_read_part0_4                                     (7.02%)
                 0      unc_iio_data_req_by_cpu_mem_read_part0_5                                     (7.02%)
                 0      unc_iio_data_req_by_cpu_mem_read_part1_0                                     (7.02%)
                 0      unc_iio_data_req_by_cpu_mem_read_part1_1                                     (7.02%)
                 0      unc_iio_data_req_by_cpu_mem_read_part1_2                                     (7.02%)
                 0      unc_iio_data_req_by_cpu_mem_read_part1_3                                     (7.03%)
                 0      unc_iio_data_req_by_cpu_mem_read_part1_4                                     (7.03%)
                 0      unc_iio_data_req_by_cpu_mem_read_part1_5                                     (7.01%)
                 0      unc_iio_data_req_by_cpu_mem_read_part2_0                                     (7.02%)
                 0      unc_iio_data_req_by_cpu_mem_read_part2_1                                     (7.00%)
                 0      unc_iio_data_req_by_cpu_mem_read_part2_2                                     (7.03%)
                 0      unc_iio_data_req_by_cpu_mem_read_part2_3                                     (7.01%)
                 0      unc_iio_data_req_by_cpu_mem_read_part2_4                                     (6.99%)
                 0      unc_iio_data_req_by_cpu_mem_read_part2_5                                     (7.02%)
                 0      unc_iio_data_req_by_cpu_mem_read_part3_0                                     (7.02%)
                 0      unc_iio_data_req_by_cpu_mem_read_part3_1                                     (7.03%)
                 0      unc_iio_data_req_by_cpu_mem_read_part3_2                                     (7.01%)
                 0      unc_iio_data_req_by_cpu_mem_read_part3_3                                     (7.03%)
                 0      unc_iio_data_req_by_cpu_mem_read_part3_4                                     (7.04%)
                 0      unc_iio_data_req_by_cpu_mem_read_part3_5                                     (7.02%)
                 0      unc_iio_data_req_by_cpu_mem_write_part0_0                                     (7.02%)
                 0      unc_iio_data_req_by_cpu_mem_write_part0_1                                     (7.00%)
                 0      unc_iio_data_req_by_cpu_mem_write_part0_2                                     (7.02%)
                 0      unc_iio_data_req_by_cpu_mem_write_part0_3                                     (7.00%)
                 0      unc_iio_data_req_by_cpu_mem_write_part0_4                                     (7.02%)
                 0      unc_iio_data_req_by_cpu_mem_write_part0_5                                     (7.01%)
                 0      unc_iio_data_req_by_cpu_mem_write_part1_0                                     (7.02%)
                 0      unc_iio_data_req_by_cpu_mem_write_part1_1                                     (7.02%)
                 0      unc_iio_data_req_by_cpu_mem_write_part1_2                                     (7.04%)
                 0      unc_iio_data_req_by_cpu_mem_write_part1_3                                     (7.02%)
                 0      unc_iio_data_req_by_cpu_mem_write_part1_4                                     (7.03%)
                 0      unc_iio_data_req_by_cpu_mem_write_part1_5                                     (7.02%)
                 0      unc_iio_data_req_by_cpu_mem_write_part2_0                                     (7.02%)
                 0      unc_iio_data_req_by_cpu_mem_write_part2_1                                     (7.00%)
                 0      unc_iio_data_req_by_cpu_mem_write_part2_2                                     (7.01%)
                 0      unc_iio_data_req_by_cpu_mem_write_part2_3                                     (7.01%)
                 0      unc_iio_data_req_by_cpu_mem_write_part2_4                                     (6.99%)
                 0      unc_iio_data_req_by_cpu_mem_write_part2_5                                     (6.99%)
                 0      unc_iio_data_req_by_cpu_mem_write_part3_0                                     (7.02%)
                 0      unc_iio_data_req_by_cpu_mem_write_part3_1                                     (7.02%)
                 0      unc_iio_data_req_by_cpu_mem_write_part3_2                                     (7.02%)
                 0      unc_iio_data_req_by_cpu_mem_write_part3_3                                     (7.02%)
                 0      unc_iio_data_req_by_cpu_mem_write_part3_4                                     (7.02%)
                 0      unc_iio_data_req_by_cpu_mem_write_part3_5                                     (7.02%)
                 0      unc_iio_data_req_by_cpu_peer_read_part0_0                                     (7.02%)
                 0      unc_iio_data_req_by_cpu_peer_read_part0_1                                     (7.02%)
                 0      unc_iio_data_req_by_cpu_peer_read_part0_2                                     (7.03%)
                 0      unc_iio_data_req_by_cpu_peer_read_part0_3                                     (7.02%)
                 0      unc_iio_data_req_by_cpu_peer_read_part0_4                                     (7.02%)
                 0      unc_iio_data_req_by_cpu_peer_read_part0_5                                     (7.02%)
                 0      unc_iio_data_req_by_cpu_peer_read_part1_0                                     (7.02%)
                 0      unc_iio_data_req_by_cpu_peer_read_part1_1                                     (7.02%)
                 0      unc_iio_data_req_by_cpu_peer_read_part1_2                                     (7.02%)
                 0      unc_iio_data_req_by_cpu_peer_read_part1_3                                     (7.03%)
                 0      unc_iio_data_req_by_cpu_peer_read_part1_4                                     (7.03%)
                 0      unc_iio_data_req_by_cpu_peer_read_part1_5                                     (7.03%)
                 0      unc_iio_data_req_by_cpu_peer_read_part2_0                                     (7.02%)
                 0      unc_iio_data_req_by_cpu_peer_read_part2_1                                     (7.02%)
                 0      unc_iio_data_req_by_cpu_peer_read_part2_2                                     (7.03%)
                 0      unc_iio_data_req_by_cpu_peer_read_part2_3                                     (7.03%)
                 0      unc_iio_data_req_by_cpu_peer_read_part2_4                                     (7.02%)
                 0      unc_iio_data_req_by_cpu_peer_read_part2_5                                     (7.03%)
                 0      unc_iio_data_req_by_cpu_peer_read_part3_0                                     (7.02%)
                 0      unc_iio_data_req_by_cpu_peer_read_part3_1                                     (7.02%)
                 0      unc_iio_data_req_by_cpu_peer_read_part3_2                                     (7.02%)
                 0      unc_iio_data_req_by_cpu_peer_read_part3_3                                     (7.02%)
                 0      unc_iio_data_req_by_cpu_peer_read_part3_4                                     (7.02%)
                 0      unc_iio_data_req_by_cpu_peer_read_part3_5                                     (7.02%)
                 0      unc_iio_data_req_by_cpu_peer_write_part0_0                                     (7.02%)
                 0      unc_iio_data_req_by_cpu_peer_write_part0_1                                     (7.01%)
                 0      unc_iio_data_req_by_cpu_peer_write_part0_2                                     (7.01%)
                 0      unc_iio_data_req_by_cpu_peer_write_part0_3                                     (7.00%)
                 0      unc_iio_data_req_by_cpu_peer_write_part0_4                                     (6.99%)
                 0      unc_iio_data_req_by_cpu_peer_write_part0_5                                     (7.01%)
                 0      unc_iio_data_req_by_cpu_peer_write_part1_0                                     (5.26%)
                 0      unc_iio_data_req_by_cpu_peer_write_part1_1                                     (7.02%)
                 0      unc_iio_data_req_by_cpu_peer_write_part1_2                                     (7.00%)
                 0      unc_iio_data_req_by_cpu_peer_write_part1_3                                     (6.98%)
                 0      unc_iio_data_req_by_cpu_peer_write_part1_4                                     (7.03%)
                 0      unc_iio_data_req_by_cpu_peer_write_part1_5                                     (7.02%)
                 0      unc_iio_data_req_by_cpu_peer_write_part2_0                                     (3.51%)
                 0      unc_iio_data_req_by_cpu_peer_write_part2_1                                     (3.52%)
                 0      unc_iio_data_req_by_cpu_peer_write_part2_2                                     (3.54%)
                 0      unc_iio_data_req_by_cpu_peer_write_part2_3                                     (3.55%)
                 0      unc_iio_data_req_by_cpu_peer_write_part2_4                                     (3.53%)
                 0      unc_iio_data_req_by_cpu_peer_write_part2_5                                     (3.55%)
                 0      unc_iio_data_req_by_cpu_peer_write_part3_0                                     (5.26%)
                 0      unc_iio_data_req_by_cpu_peer_write_part3_1                                     (3.51%)
                 0      unc_iio_data_req_by_cpu_peer_write_part3_2                                     (5.27%)
                 0      unc_iio_data_req_by_cpu_peer_write_part3_3                                     (5.27%)
                 0      unc_iio_data_req_by_cpu_peer_write_part3_4                                     (3.51%)
                 0      unc_iio_data_req_by_cpu_peer_write_part3_5                                     (5.28%)
                 0      unc_iio_data_req_of_cpu_mem_read_part0_0                                     (7.02%)
                 0      unc_iio_data_req_of_cpu_mem_read_part0_1                                     (7.03%)
                 0      unc_iio_data_req_of_cpu_mem_read_part0_2                                     (7.02%)
                 0      unc_iio_data_req_of_cpu_mem_read_part0_3                                     (7.01%)
                 0      unc_iio_data_req_of_cpu_mem_read_part0_4                                     (7.02%)
                 0      unc_iio_data_req_of_cpu_mem_read_part0_5                                     (7.02%)
                 0      unc_iio_data_req_of_cpu_mem_read_part1_0                                     (7.02%)
                 0      unc_iio_data_req_of_cpu_mem_read_part1_1                                     (7.01%)
                 0      unc_iio_data_req_of_cpu_mem_read_part1_2                                     (7.01%)
                 0      unc_iio_data_req_of_cpu_mem_read_part1_3                                     (7.03%)
                 0      unc_iio_data_req_of_cpu_mem_read_part1_4                                     (7.03%)
                 0      unc_iio_data_req_of_cpu_mem_read_part1_5                                     (7.02%)
                 0      unc_iio_data_req_of_cpu_mem_read_part2_0                                     (7.02%)
                 0      unc_iio_data_req_of_cpu_mem_read_part2_1                                     (7.01%)
                 0      unc_iio_data_req_of_cpu_mem_read_part2_2                                     (7.03%)
                 0      unc_iio_data_req_of_cpu_mem_read_part2_3                                     (7.01%)
                 0      unc_iio_data_req_of_cpu_mem_read_part2_4                                     (7.01%)
                 0      unc_iio_data_req_of_cpu_mem_read_part2_5                                     (7.02%)
                 0      unc_iio_data_req_of_cpu_mem_read_part3_0                                     (7.02%)
                 0      unc_iio_data_req_of_cpu_mem_read_part3_1                                     (7.01%)
                 0      unc_iio_data_req_of_cpu_mem_read_part3_2                                     (7.01%)
                 0      unc_iio_data_req_of_cpu_mem_read_part3_3                                     (7.00%)
                 0      unc_iio_data_req_of_cpu_mem_read_part3_4                                     (6.99%)
                 0      unc_iio_data_req_of_cpu_mem_read_part3_5                                     (6.99%)
                 0      unc_iio_data_req_of_cpu_mem_write_part0_0                                     (7.02%)
                 0      unc_iio_data_req_of_cpu_mem_write_part0_1                                     (7.01%)
                 0      unc_iio_data_req_of_cpu_mem_write_part0_2                                     (7.01%)
                 0      unc_iio_data_req_of_cpu_mem_write_part0_3                                     (7.02%)
                 0      unc_iio_data_req_of_cpu_mem_write_part0_4                                     (7.01%)
                 0      unc_iio_data_req_of_cpu_mem_write_part0_5                                     (7.01%)
                 0      unc_iio_data_req_of_cpu_mem_write_part1_0                                     (5.26%)
                 0      unc_iio_data_req_of_cpu_mem_write_part1_1                                     (7.02%)
                 0      unc_iio_data_req_of_cpu_mem_write_part1_2                                     (7.01%)
                 0      unc_iio_data_req_of_cpu_mem_write_part1_3                                     (5.26%)
                 0      unc_iio_data_req_of_cpu_mem_write_part1_4                                     (7.02%)
                 0      unc_iio_data_req_of_cpu_mem_write_part1_5                                     (7.02%)
                 0      unc_iio_data_req_of_cpu_mem_write_part2_0                                     (5.26%)
                 0      unc_iio_data_req_of_cpu_mem_write_part2_1                                     (7.02%)
                 0      unc_iio_data_req_of_cpu_mem_write_part2_2                                     (7.02%)
                 0      unc_iio_data_req_of_cpu_mem_write_part2_3                                     (5.29%)
                 0      unc_iio_data_req_of_cpu_mem_write_part2_4                                     (7.02%)
                 0      unc_iio_data_req_of_cpu_mem_write_part2_5                                     (7.02%)
                 0      unc_iio_data_req_of_cpu_mem_write_part3_0                                     (7.02%)
                 0      unc_iio_data_req_of_cpu_mem_write_part3_1                                     (5.28%)
                 0      unc_iio_data_req_of_cpu_mem_write_part3_2                                     (7.02%)
                 0      unc_iio_data_req_of_cpu_mem_write_part3_3                                     (7.01%)
                 0      unc_iio_data_req_of_cpu_mem_write_part3_4                                     (5.25%)
                 0      unc_iio_data_req_of_cpu_mem_write_part3_5                                     (7.01%)
                 0      unc_iio_data_req_of_cpu_peer_read_part0_0                                     (7.02%)
                 0      unc_iio_data_req_of_cpu_peer_read_part0_1                                     (5.25%)
                 0      unc_iio_data_req_of_cpu_peer_read_part0_2                                     (6.99%)
                 0      unc_iio_data_req_of_cpu_peer_read_part0_3                                     (6.99%)
                 0      unc_iio_data_req_of_cpu_peer_read_part0_4                                     (5.27%)
                 0      unc_iio_data_req_of_cpu_peer_read_part0_5                                     (5.26%)
                 0      unc_iio_data_req_of_cpu_peer_read_part1_0                                     (7.02%)
                 0      unc_iio_data_req_of_cpu_peer_read_part1_1                                     (7.00%)
                 0      unc_iio_data_req_of_cpu_peer_read_part1_2                                     (5.28%)
                 0      unc_iio_data_req_of_cpu_peer_read_part1_3                                     (7.03%)
                 0      unc_iio_data_req_of_cpu_peer_read_part1_4                                     (7.02%)
                 0      unc_iio_data_req_of_cpu_peer_read_part1_5                                     (5.26%)
                 0      unc_iio_data_req_of_cpu_peer_read_part2_0                                     (5.26%)
                 0      unc_iio_data_req_of_cpu_peer_read_part2_1                                     (7.03%)
                 0      unc_iio_data_req_of_cpu_peer_read_part2_2                                     (5.27%)
                 0      unc_iio_data_req_of_cpu_peer_read_part2_3                                     (5.26%)
                 0      unc_iio_data_req_of_cpu_peer_read_part2_4                                     (7.01%)
                 0      unc_iio_data_req_of_cpu_peer_read_part2_5                                     (7.02%)
                 0      unc_iio_data_req_of_cpu_peer_read_part3_0                                     (5.26%)
                 0      unc_iio_data_req_of_cpu_peer_read_part3_1                                     (5.28%)
                 0      unc_iio_data_req_of_cpu_peer_read_part3_2                                     (7.00%)
                 0      unc_iio_data_req_of_cpu_peer_read_part3_3                                     (5.25%)
                 0      unc_iio_data_req_of_cpu_peer_read_part3_4                                     (5.27%)
                 0      unc_iio_data_req_of_cpu_peer_read_part3_5                                     (7.01%)
                 0      unc_iio_data_req_of_cpu_peer_write_part0_0                                     (7.02%)
                 0      unc_iio_data_req_of_cpu_peer_write_part0_1                                     (5.25%)
                 0      unc_iio_data_req_of_cpu_peer_write_part0_2                                     (7.00%)
                 0      unc_iio_data_req_of_cpu_peer_write_part0_3                                     (7.00%)
                 0      unc_iio_data_req_of_cpu_peer_write_part0_4                                     (5.23%)
                 0      unc_iio_data_req_of_cpu_peer_write_part0_5                                     (6.97%)
                 0      unc_iio_data_req_of_cpu_peer_write_part1_0                                     (7.02%)
                 0      unc_iio_data_req_of_cpu_peer_write_part1_1                                     (7.00%)
                 0      unc_iio_data_req_of_cpu_peer_write_part1_2                                     (5.26%)
                 0      unc_iio_data_req_of_cpu_peer_write_part1_3                                     (7.02%)
                 0      unc_iio_data_req_of_cpu_peer_write_part1_4                                     (6.99%)
                 0      unc_iio_data_req_of_cpu_peer_write_part1_5                                     (5.26%)
                 0      unc_iio_data_req_of_cpu_peer_write_part2_0                                     (5.26%)
                 0      unc_iio_data_req_of_cpu_peer_write_part2_1                                     (7.02%)
                 0      unc_iio_data_req_of_cpu_peer_write_part2_2                                     (5.26%)
                 0      unc_iio_data_req_of_cpu_peer_write_part2_3                                     (5.26%)
                 0      unc_iio_data_req_of_cpu_peer_write_part2_4                                     (5.26%)
                 0      unc_iio_data_req_of_cpu_peer_write_part2_5                                     (5.26%)
                 0      unc_iio_data_req_of_cpu_peer_write_part3_0                                     (5.26%)
                 0      unc_iio_data_req_of_cpu_peer_write_part3_1                                     (5.26%)
                 0      unc_iio_data_req_of_cpu_peer_write_part3_2                                     (7.02%)
                 0      unc_iio_data_req_of_cpu_peer_write_part3_3                                     (5.26%)
                 0      unc_iio_data_req_of_cpu_peer_write_part3_4                                     (5.26%)
                 0      unc_iio_data_req_of_cpu_peer_write_part3_5                                     (5.26%)
                 0      unc_iio_payload_bytes_in_mem_read_part0_0                                     (7.02%)
                 0      unc_iio_payload_bytes_in_mem_read_part0_1                                     (5.26%)
                 0      unc_iio_payload_bytes_in_mem_read_part0_2                                     (5.26%)
                 0      unc_iio_payload_bytes_in_mem_read_part0_3                                     (5.26%)
                 0      unc_iio_payload_bytes_in_mem_read_part0_4                                     (7.02%)
                 0      unc_iio_payload_bytes_in_mem_read_part0_5                                     (5.26%)
                 0      unc_iio_payload_bytes_in_mem_read_part1_0                                     (5.26%)
                 0      unc_iio_payload_bytes_in_mem_read_part1_1                                     (5.26%)
                 0      unc_iio_payload_bytes_in_mem_read_part1_2                                     (5.26%)
                 0      unc_iio_payload_bytes_in_mem_read_part1_3                                     (5.26%)
                 0      unc_iio_payload_bytes_in_mem_read_part1_4                                     (5.26%)
                 0      unc_iio_payload_bytes_in_mem_read_part1_5                                     (5.26%)
                 0      unc_iio_payload_bytes_in_mem_read_part2_0                                     (5.26%)
                 0      unc_iio_payload_bytes_in_mem_read_part2_1                                     (5.27%)
                 0      unc_iio_payload_bytes_in_mem_read_part2_2                                     (5.27%)
                 0      unc_iio_payload_bytes_in_mem_read_part2_3                                     (7.02%)
                 0      unc_iio_payload_bytes_in_mem_read_part2_4                                     (5.26%)
                 0      unc_iio_payload_bytes_in_mem_read_part2_5                                     (5.26%)
                 0      unc_iio_payload_bytes_in_mem_read_part3_0                                     (5.26%)
                 0      unc_iio_payload_bytes_in_mem_read_part3_1                                     (7.02%)
                 0      unc_iio_payload_bytes_in_mem_read_part3_2                                     (5.26%)
                 0      unc_iio_payload_bytes_in_mem_read_part3_3                                     (5.27%)
                 0      unc_iio_payload_bytes_in_mem_read_part3_4                                     (5.27%)
                 0      unc_iio_payload_bytes_in_mem_read_part3_5                                     (7.03%)
                 0      unc_iio_payload_bytes_in_mem_write_part0_0                                     (5.26%)
                 0      unc_iio_payload_bytes_in_mem_write_part0_1                                     (5.26%)
                 0      unc_iio_payload_bytes_in_mem_write_part0_2                                     (5.27%)
                 0      unc_iio_payload_bytes_in_mem_write_part0_3                                     (5.26%)
                 0      unc_iio_payload_bytes_in_mem_write_part0_4                                     (5.27%)
                 0      unc_iio_payload_bytes_in_mem_write_part0_5                                     (5.27%)
                 0      unc_iio_payload_bytes_in_mem_write_part1_0                                     (7.02%)
                 0      unc_iio_payload_bytes_in_mem_write_part1_1                                     (5.26%)
                 0      unc_iio_payload_bytes_in_mem_write_part1_2                                     (5.26%)
                 0      unc_iio_payload_bytes_in_mem_write_part1_3                                     (5.27%)
                 0      unc_iio_payload_bytes_in_mem_write_part1_4                                     (7.03%)
                 0      unc_iio_payload_bytes_in_mem_write_part1_5                                     (5.27%)
                 0      unc_iio_payload_bytes_in_mem_write_part2_0                                     (5.26%)
                 0      unc_iio_payload_bytes_in_mem_write_part2_1                                     (7.02%)
                 0      unc_iio_payload_bytes_in_mem_write_part2_2                                     (7.02%)
                 0      unc_iio_payload_bytes_in_mem_write_part2_3                                     (5.27%)
                 0      unc_iio_payload_bytes_in_mem_write_part2_4                                     (7.03%)
                 0      unc_iio_payload_bytes_in_mem_write_part2_5                                     (7.03%)
                 0      unc_iio_payload_bytes_in_mem_write_part3_0                                     (5.26%)
                 0      unc_iio_payload_bytes_in_mem_write_part3_1                                     (5.27%)
                 0      unc_iio_payload_bytes_in_mem_write_part3_2                                     (7.03%)
                 0      unc_iio_payload_bytes_in_mem_write_part3_3                                     (7.03%)
                 0      unc_iio_payload_bytes_in_mem_write_part3_4                                     (5.27%)
                 0      unc_iio_payload_bytes_in_mem_write_part3_5                                     (7.02%)
                 0      unc_iio_txn_req_by_cpu_mem_read_part0_0                                     (7.02%)
                 0      unc_iio_txn_req_by_cpu_mem_read_part0_1                                     (7.02%)
                 0      unc_iio_txn_req_by_cpu_mem_read_part0_2                                     (7.02%)
                 0      unc_iio_txn_req_by_cpu_mem_read_part0_3                                     (7.02%)
                 0      unc_iio_txn_req_by_cpu_mem_read_part0_4                                     (7.02%)
                 0      unc_iio_txn_req_by_cpu_mem_read_part0_5                                     (7.02%)
                 0      unc_iio_txn_req_by_cpu_mem_read_part1_0                                     (7.02%)
                 0      unc_iio_txn_req_by_cpu_mem_read_part1_1                                     (7.02%)
                 0      unc_iio_txn_req_by_cpu_mem_read_part1_2                                     (7.02%)
                 0      unc_iio_txn_req_by_cpu_mem_read_part1_3                                     (7.02%)
                 0      unc_iio_txn_req_by_cpu_mem_read_part1_4                                     (7.02%)
                 0      unc_iio_txn_req_by_cpu_mem_read_part1_5                                     (7.02%)
                 0      unc_iio_txn_req_by_cpu_mem_read_part2_0                                     (7.02%)
                 0      unc_iio_txn_req_by_cpu_mem_read_part2_1                                     (7.02%)
                 0      unc_iio_txn_req_by_cpu_mem_read_part2_2                                     (7.02%)
                 0      unc_iio_txn_req_by_cpu_mem_read_part2_3                                     (7.02%)
                 0      unc_iio_txn_req_by_cpu_mem_read_part2_4                                     (7.02%)
                 0      unc_iio_txn_req_by_cpu_mem_read_part2_5                                     (7.02%)
                 0      unc_iio_txn_req_by_cpu_mem_read_part3_0                                     (7.02%)
                 0      unc_iio_txn_req_by_cpu_mem_read_part3_1                                     (7.02%)
                 0      unc_iio_txn_req_by_cpu_mem_read_part3_2                                     (7.02%)
                 0      unc_iio_txn_req_by_cpu_mem_read_part3_3                                     (7.02%)
                 0      unc_iio_txn_req_by_cpu_mem_read_part3_4                                     (7.02%)
                 0      unc_iio_txn_req_by_cpu_mem_read_part3_5                                     (7.02%)
                 0      unc_iio_txn_req_by_cpu_mem_write_part0_0                                     (7.02%)
                 0      unc_iio_txn_req_by_cpu_mem_write_part0_1                                     (7.01%)
                 0      unc_iio_txn_req_by_cpu_mem_write_part0_2                                     (7.01%)
                 0      unc_iio_txn_req_by_cpu_mem_write_part0_3                                     (7.01%)
                 0      unc_iio_txn_req_by_cpu_mem_write_part0_4                                     (7.01%)
                 0      unc_iio_txn_req_by_cpu_mem_write_part0_5                                     (6.99%)
                 0      unc_iio_txn_req_by_cpu_mem_write_part1_0                                     (7.02%)
                 0      unc_iio_txn_req_by_cpu_mem_write_part1_1                                     (7.01%)
                 0      unc_iio_txn_req_by_cpu_mem_write_part1_2                                     (7.00%)
                 0      unc_iio_txn_req_by_cpu_mem_write_part1_3                                     (6.99%)
                 0      unc_iio_txn_req_by_cpu_mem_write_part1_4                                     (6.97%)
                 0      unc_iio_txn_req_by_cpu_mem_write_part1_5                                     (6.97%)

      70.024925255 seconds time elapsed

