# started on Tue Feb  6 06:36:25 2024


 Performance counter stats for 'system wide':

           348,712      r185                                                          (6.94%)
         3,758,343      r2085                                                         (8.33%)
        15,597,802      r1001085                                                      (9.72%)
           112,545      re85                                                          (11.11%)
                 0      r885                                                          (11.11%)
             3,771      r485                                                          (11.11%)
           103,312      r285                                                          (11.11%)
        14,489,890      r1085                                                         (11.11%)
     8,955,057,366      r151                                                          (11.11%)
    15,173,608,338      r248                                                          (11.11%)
   381,151,078,440      r148                                                          (11.11%)
   133,791,788,433      r1000148                                                      (11.11%)
   133,779,770,686      r1200148                                                      (11.11%)
     8,939,654,770      r1ff1                                                         (11.11%)
     8,543,324,145      r2f2                                                          (11.11%)
        92,531,232      r1f2                                                          (11.11%)
         6,835,922      r4f2                                                          (11.11%)
         6,762,894      r4f2                                                          (11.11%)
       129,559,101      re424                                                         (11.11%)
     1,333,030,844      re124                                                         (11.11%)
       891,200,169      r2724                                                         (11.11%)
     4,236,858,132      re724                                                         (11.11%)
    10,903,465,935      rf824                                                         (11.11%)
     2,780,401,887      re224                                                         (11.11%)
       106,613,572      rc424                                                         (11.11%)
        26,394,071      r2424                                                         (11.11%)
     1,204,813,519      rc124                                                         (11.11%)
       129,123,215      r2124                                                         (11.11%)
     8,960,583,514      r3f24                                                         (11.11%)
     2,851,492,466      rd824                                                         (11.11%)
     8,061,094,233      r3824                                                         (11.11%)
    15,166,660,599      rff24                                                         (11.11%)
     2,048,555,587      rc224                                                         (11.11%)
       745,784,356      r2224                                                         (11.11%)
     8,553,238,738      r40f0                                                         (11.11%)
             2,438      r803                                                          (11.11%)
         2,525,738      r203                                                          (11.11%)
       361,960,742      r107                                                          (11.12%)
           177,786      r14c                                                          (11.12%)
     8,336,119,538      r412e                                                         (11.12%)
     8,645,901,960      r4f2e                                                         (11.12%)
                 0      r40001a8                                                      (11.12%)
                 0      r10001a8                                                      (11.12%)
                 0      r40001a8                                                      (11.12%)
                 0      r1a8                                                          (11.12%)
         2,871,391      r10401c3                                                      (11.12%)
           687,110      r2c3                                                          (11.12%)
           993,209      r4c3                                                          (11.12%)
    50,098,211,774      r81d0                                                         (11.12%)
    29,324,123,153      r82d0                                                         (11.12%)
    79,380,636,753      r83d0                                                         (11.12%)
        11,287,426      r21d0                                                         (11.12%)
           223,078      r41d0                                                         (5.56%)
           676,680      r42d0                                                         (5.56%)
           328,179      r11d0                                                         (5.56%)
           150,307      r12d0                                                         (5.56%)
            52,515      r2d2                                                          (5.55%)
         1,259,250      r4d2                                                          (5.55%)
             2,323      r1d2                                                          (5.55%)
        10,478,693      r8d2                                                          (5.55%)
       323,655,316      r1d3                                                          (6.94%)
                 0      r2d3                                                          (8.33%)
                 0      r8d3                                                          (9.72%)
                 0      r4d3                                                          (11.10%)
                 0      r4d4                                                          (11.10%)
    21,842,306,110      r40d1                                                         (11.10%)
    26,419,118,554      r1d1                                                          (11.10%)
     1,735,321,534      r8d1                                                          (11.10%)
     1,319,047,129      r2d1                                                          (11.10%)
       417,314,331      r10d1                                                         (5.55%)
        10,494,563      r4d1                                                          (5.55%)
       404,565,343      r20d1                                                         (5.55%)
   <not supported>      r1cd:p                                                      
   <not supported>      r1cd:p                                                      
   <not supported>      r1cd:p                                                      
   <not supported>      r1cd:p                                                      
   <not supported>      r1cd:p                                                      
   <not supported>      r1cd:p                                                      
   <not supported>      r1cd:p                                                      
   <not supported>      r1cd:p                                                      

      69.825110139 seconds time elapsed

