# started on Mon Feb  5 06:13:15 2024


 Performance counter stats for 'system wide':

        54,484,967      r2ab                                                          (19.51%)
                 0      r1c6                                                          (19.51%)
                 0      r1c6                                                          (19.51%)
                 0      r1c6                                                          (19.51%)
                 0      r1c6                                                          (19.51%)
                 0      r1c6                                                          (9.76%)
                 0      r1c6                                                          (9.76%)
                 0      r1c6                                                          (9.76%)
                 0      r1c6                                                          (9.76%)
                 0      r1c6                                                          (9.76%)
                 0      r1c6                                                          (9.76%)
                 0      r1c6                                                          (9.76%)
                 0      r1c6                                                          (9.76%)
                 0      r1c6                                                          (9.76%)
                 0      r1c6                                                          (9.76%)
                 0      r1c6                                                          (9.76%)
                 0      r1c6                                                          (9.76%)
                 0      r1c6                                                          (9.76%)
       444,351,564      r480                                                          (12.20%)
    43,181,721,849      r183                                                          (14.64%)
       136,053,300      r283                                                          (17.07%)
        89,751,666      r483                                                          (19.51%)
    28,334,566,358      r4001879                                                      (19.51%)
    56,624,864,562      r1001879                                                      (19.51%)
       617,208,273      r4002479                                                      (19.51%)
     1,767,853,952      r1002479                                                      (19.51%)
    55,912,860,520      r1000879                                                      (19.51%)
   166,500,658,784      r879                                                          (19.51%)
     1,123,644,958      r1000479                                                      (19.51%)
     2,998,931,509      r479                                                          (19.51%)
     1,381,931,777      r1003079                                                      (19.51%)
       753,534,535      r1001079                                                      (19.51%)
     1,597,538,024      r2079                                                         (19.51%)
       436,818,508      r1043079                                                      (19.51%)
     4,074,419,434      r3079                                                         (19.51%)
    34,355,610,459      r19c                                                          (19.51%)
     1,075,613,918      r400019c                                                      (19.51%)
   154,743,680,752      r180019c                                                      (19.51%)
     5,776,131,461      r300019c                                                      (19.51%)
    12,981,965,250      r200019c                                                      (19.51%)
    14,574,140,138      r100019c                                                      (19.51%)

      69.987140457 seconds time elapsed

