# started on Tue Feb  6 10:13:40 2024


 Performance counter stats for 'system wide':

                 0      unc_h_dir_update_ha_0                                         (23.54%)
                17      unc_h_dir_update_ha_1                                         (23.53%)
                 0      unc_h_dir_update_ha_2                                         (23.53%)
                 0      unc_h_dir_update_ha_3                                         (23.53%)
                 0      unc_h_dir_update_ha_4                                         (23.54%)
                 0      unc_h_dir_update_ha_5                                         (23.54%)
                 0      unc_h_dir_update_ha_6                                         (23.54%)
                 0      unc_h_dir_update_ha_7                                         (23.53%)
                 0      unc_h_dir_update_tor_0                                        (23.54%)
                 0      unc_h_dir_update_tor_1                                        (23.54%)
                 0      unc_h_dir_update_tor_2                                        (23.54%)
                 0      unc_h_dir_update_tor_3                                        (23.54%)
                 0      unc_h_dir_update_tor_4                                        (23.54%)
                 0      unc_h_dir_update_tor_5                                        (23.54%)
                 0      unc_h_dir_update_tor_6                                        (23.54%)
                 0      unc_h_dir_update_tor_7                                        (23.54%)
                 0      unc_h_hitme_hit_ex_rds_0                                      (23.53%)
                 0      unc_h_hitme_hit_ex_rds_1                                      (23.53%)
                 0      unc_h_hitme_hit_ex_rds_2                                      (23.53%)
                 0      unc_h_hitme_hit_ex_rds_3                                      (23.53%)
                 0      unc_h_hitme_hit_ex_rds_4                                      (23.53%)
                 0      unc_h_hitme_hit_ex_rds_5                                      (23.53%)
                 0      unc_h_hitme_hit_ex_rds_6                                      (23.53%)
                 0      unc_h_hitme_hit_ex_rds_7                                      (23.53%)
                17      unc_h_misc_rfo_hit_s_0                                        (23.53%)
                13      unc_h_misc_rfo_hit_s_1                                        (23.53%)
                21      unc_h_misc_rfo_hit_s_2                                        (23.53%)
                17      unc_h_misc_rfo_hit_s_3                                        (23.53%)
                 0      unc_h_misc_rfo_hit_s_4                                        (23.53%)
                 0      unc_h_misc_rfo_hit_s_5                                        (23.53%)
                 0      unc_h_misc_rfo_hit_s_6                                        (23.53%)
                 0      unc_h_misc_rfo_hit_s_7                                        (23.53%)
        30,171,402      unc_h_requests_invitoe_local_0                                     (23.53%)
        30,176,132      unc_h_requests_invitoe_local_1                                     (23.53%)
        30,230,965      unc_h_requests_invitoe_local_2                                     (23.53%)
        30,271,940      unc_h_requests_invitoe_local_3                                     (23.53%)
        30,043,683      unc_h_requests_invitoe_local_4                                     (23.53%)
        30,027,079      unc_h_requests_invitoe_local_5                                     (23.53%)
        30,047,332      unc_h_requests_invitoe_local_6                                     (23.53%)
        30,055,173      unc_h_requests_invitoe_local_7                                     (23.53%)
               149      unc_h_requests_invitoe_remote_0                                     (23.53%)
               153      unc_h_requests_invitoe_remote_1                                     (23.53%)
               161      unc_h_requests_invitoe_remote_2                                     (23.53%)
               161      unc_h_requests_invitoe_remote_3                                     (23.53%)
               178      unc_h_requests_invitoe_remote_4                                     (23.53%)
               106      unc_h_requests_invitoe_remote_5                                     (23.53%)
               144      unc_h_requests_invitoe_remote_6                                     (23.53%)
               136      unc_h_requests_invitoe_remote_7                                     (23.53%)
     1,008,847,557      unc_h_requests_reads_0                                        (23.53%)
     1,010,159,477      unc_h_requests_reads_1                                        (23.53%)
     1,010,256,201      unc_h_requests_reads_2                                        (23.53%)
     1,010,326,380      unc_h_requests_reads_3                                        (23.53%)
     1,009,926,321      unc_h_requests_reads_4                                        (23.53%)
     1,010,040,957      unc_h_requests_reads_5                                        (23.53%)
     1,009,868,017      unc_h_requests_reads_6                                        (23.53%)
     1,009,592,160      unc_h_requests_reads_7                                        (23.53%)
     1,008,523,135      unc_h_requests_reads_local_0                                     (23.53%)
     1,009,872,643      unc_h_requests_reads_local_1                                     (23.53%)
     1,010,016,375      unc_h_requests_reads_local_2                                     (23.53%)
     1,010,113,091      unc_h_requests_reads_local_3                                     (23.53%)
     1,009,810,245      unc_h_requests_reads_local_4                                     (23.78%)
     1,009,920,134      unc_h_requests_reads_local_5                                     (23.78%)
     1,009,761,845      unc_h_requests_reads_local_6                                     (23.78%)
     1,009,501,075      unc_h_requests_reads_local_7                                     (23.78%)
       433,692,122      unc_h_requests_writes_0                                       (23.53%)
       434,059,980      unc_h_requests_writes_1                                       (23.59%)
       434,239,623      unc_h_requests_writes_2                                       (23.66%)
       434,147,703      unc_h_requests_writes_3                                       (23.72%)
       433,927,989      unc_h_requests_writes_4                                       (23.70%)
       434,024,041      unc_h_requests_writes_5                                       (23.76%)
       433,990,599      unc_h_requests_writes_6                                       (23.83%)
       433,926,193      unc_h_requests_writes_7                                       (23.89%)
       432,522,534      unc_h_requests_writes_local_0                                     (23.53%)
       432,891,155      unc_h_requests_writes_local_1                                     (23.57%)
       433,098,802      unc_h_requests_writes_local_2                                     (23.62%)
       432,905,599      unc_h_requests_writes_local_3                                     (23.66%)
       432,779,358      unc_h_requests_writes_local_4                                     (23.62%)
       432,852,793      unc_h_requests_writes_local_5                                     (23.67%)
       432,775,154      unc_h_requests_writes_local_6                                     (23.71%)
       432,674,015      unc_h_requests_writes_local_7                                     (23.75%)
     2,216,411,888      unc_h_rxc_inserts_irq_0                                       (23.53%)
     2,130,634,318      unc_h_rxc_inserts_irq_1                                       (23.55%)
     2,131,622,112      unc_h_rxc_inserts_irq_2                                       (23.58%)
     2,132,210,389      unc_h_rxc_inserts_irq_3                                       (23.60%)
     2,130,094,232      unc_h_rxc_inserts_irq_4                                       (23.54%)
     2,129,733,381      unc_h_rxc_inserts_irq_5                                       (23.56%)
     2,130,970,664      unc_h_rxc_inserts_irq_6                                       (23.58%)
     2,131,040,375      unc_h_rxc_inserts_irq_7                                       (23.61%)
           675,762      unc_h_rxc_irq1_reject_pa_match_0                                     (23.53%)
           682,045      unc_h_rxc_irq1_reject_pa_match_1                                     (23.53%)
           638,855      unc_h_rxc_irq1_reject_pa_match_2                                     (23.53%)
           644,756      unc_h_rxc_irq1_reject_pa_match_3                                     (23.54%)
           606,021      unc_h_rxc_irq1_reject_pa_match_4                                     (23.29%)
           586,056      unc_h_rxc_irq1_reject_pa_match_5                                     (23.29%)
           569,661      unc_h_rxc_irq1_reject_pa_match_6                                     (23.29%)
           580,987      unc_h_rxc_irq1_reject_pa_match_7                                     (23.29%)
    17,123,770,271      unc_h_rxc_occupancy_irq_0                                     (23.53%)
    16,455,840,616      unc_h_rxc_occupancy_irq_1                                     (23.47%)
    16,328,417,179      unc_h_rxc_occupancy_irq_2                                     (23.41%)
    16,588,511,219      unc_h_rxc_occupancy_irq_3                                     (23.35%)
    16,905,442,482      unc_h_rxc_occupancy_irq_4                                     (23.36%)
    16,655,924,810      unc_h_rxc_occupancy_irq_5                                     (23.30%)
    21,918,900,091      unc_h_rxc_occupancy_irq_6                                     (23.24%)
    21,936,593,722      unc_h_rxc_occupancy_irq_7                                     (23.18%)
            15,811      unc_h_snoop_resp_rsp_fwd_wb_0                                     (23.53%)
            13,936      unc_h_snoop_resp_rsp_fwd_wb_1                                     (23.49%)
            16,495      unc_h_snoop_resp_rsp_fwd_wb_2                                     (23.44%)
            14,712      unc_h_snoop_resp_rsp_fwd_wb_3                                     (23.40%)
            14,787      unc_h_snoop_resp_rsp_fwd_wb_4                                     (23.43%)
            14,617      unc_h_snoop_resp_rsp_fwd_wb_5                                     (23.39%)
            21,184      unc_h_snoop_resp_rsp_fwd_wb_6                                     (23.35%)
            20,686      unc_h_snoop_resp_rsp_fwd_wb_7                                     (23.31%)
                 0      unc_h_snoop_resp_rspcnflct_0                                     (23.53%)
                 0      unc_h_snoop_resp_rspcnflct_1                                     (23.50%)
                 0      unc_h_snoop_resp_rspcnflct_2                                     (23.48%)
                 0      unc_h_snoop_resp_rspcnflct_3                                     (23.45%)
                 0      unc_h_snoop_resp_rspcnflct_4                                     (23.52%)
                 0      unc_h_snoop_resp_rspcnflct_5                                     (23.50%)
                 0      unc_h_snoop_resp_rspcnflct_6                                     (23.47%)
                 0      unc_h_snoop_resp_rspcnflct_7                                     (23.45%)
                 0      unc_h_snoop_resp_rspifwd_0                                     (23.53%)
                 0      unc_h_snoop_resp_rspifwd_1                                     (23.52%)
                 0      unc_h_snoop_resp_rspifwd_2                                     (23.52%)
                 0      unc_h_snoop_resp_rspifwd_3                                     (23.52%)
                 0      unc_h_snoop_resp_rspifwd_4                                     (23.52%)
                 0      unc_h_snoop_resp_rspifwd_5                                     (23.52%)
                 0      unc_h_snoop_resp_rspifwd_6                                     (23.52%)
                 0      unc_h_snoop_resp_rspifwd_7                                     (23.52%)
                 0      unc_h_snoop_resp_rspsfwd_0                                     (23.53%)
                 0      unc_h_snoop_resp_rspsfwd_1                                     (23.53%)
                 0      unc_h_snoop_resp_rspsfwd_2                                     (23.53%)
                 0      unc_h_snoop_resp_rspsfwd_3                                     (23.52%)
                 0      unc_h_snoop_resp_rspsfwd_4                                     (23.52%)
                 0      unc_h_snoop_resp_rspsfwd_5                                     (23.52%)
                 0      unc_h_snoop_resp_rspsfwd_6                                     (23.52%)
                 0      unc_h_snoop_resp_rspsfwd_7                                     (23.53%)
           137,702      unc_i_cache_total_occupancy_mem_0                                     (33.34%)
            75,504      unc_i_cache_total_occupancy_mem_1                                     (33.33%)
                 0      unc_i_cache_total_occupancy_mem_2                                     (33.33%)
                 0      unc_i_cache_total_occupancy_mem_3                                     (33.33%)
                 0      unc_i_cache_total_occupancy_mem_4                                     (33.33%)
                 0      unc_i_cache_total_occupancy_mem_5                                     (33.33%)
                 9      unc_i_coherent_ops_pcitom_0                                     (33.33%)
                 0      unc_i_coherent_ops_pcitom_1                                     (33.33%)
                 0      unc_i_coherent_ops_pcitom_2                                     (33.34%)
                 0      unc_i_coherent_ops_pcitom_3                                     (33.34%)
                 0      unc_i_coherent_ops_pcitom_4                                     (33.34%)
                 0      unc_i_coherent_ops_pcitom_5                                     (33.34%)
               477      unc_i_coherent_ops_rfo_0                                      (33.34%)
                48      unc_i_coherent_ops_rfo_1                                      (33.34%)
                 0      unc_i_coherent_ops_rfo_2                                      (33.33%)
                 0      unc_i_coherent_ops_rfo_3                                      (33.33%)
                 0      unc_i_coherent_ops_rfo_4                                      (33.33%)
                 0      unc_i_coherent_ops_rfo_5                                      (33.33%)
               735      unc_i_faf_inserts_0                                           (33.33%)
            19,606      unc_i_faf_inserts_1                                           (33.33%)
                 0      unc_i_faf_inserts_2                                           (33.33%)
                 0      unc_i_faf_inserts_3                                           (33.33%)
                 0      unc_i_faf_inserts_4                                           (33.33%)
                 0      unc_i_faf_inserts_5                                           (33.33%)
               870      unc_i_faf_occupancy_0                                         (33.33%)
            45,240      unc_i_faf_occupancy_1                                         (33.33%)
                 0      unc_i_faf_occupancy_2                                         (33.34%)
                 0      unc_i_faf_occupancy_3                                         (33.34%)
                 0      unc_i_faf_occupancy_4                                         (33.34%)
                 0      unc_i_faf_occupancy_5                                         (33.34%)
               513      unc_i_transactions_wr_pref_0                                     (33.34%)
               138      unc_i_transactions_wr_pref_1                                     (33.34%)
                 0      unc_i_transactions_wr_pref_2                                     (33.33%)
                 0      unc_i_transactions_wr_pref_3                                     (33.33%)
                 0      unc_i_transactions_wr_pref_4                                     (33.33%)
                 0      unc_i_transactions_wr_pref_5                                     (33.33%)
    67,243,576,627      unc_iio_clockticks_0                                          (7.05%)
    67,305,957,973      unc_iio_clockticks_1                                          (7.03%)
    67,281,304,777      unc_iio_clockticks_2                                          (7.05%)
    67,247,887,335      unc_iio_clockticks_3                                          (7.06%)
                 0      unc_iio_clockticks_4                                          (7.03%)
                 0      unc_iio_clockticks_5                                          (7.03%)
                 0      unc_iio_comp_buf_inserts_cmpd_all_parts_0                                     (7.03%)
                 0      unc_iio_comp_buf_inserts_cmpd_all_parts_1                                     (7.02%)
                 0      unc_iio_comp_buf_inserts_cmpd_all_parts_2                                     (7.04%)
                 0      unc_iio_comp_buf_inserts_cmpd_all_parts_3                                     (7.02%)
                 0      unc_iio_comp_buf_inserts_cmpd_all_parts_4                                     (7.01%)
                 0      unc_iio_comp_buf_inserts_cmpd_all_parts_5                                     (7.04%)
                 0      unc_iio_comp_buf_inserts_cmpd_part0_0                                     (7.04%)
                 0      unc_iio_comp_buf_inserts_cmpd_part0_1                                     (7.03%)
                 0      unc_iio_comp_buf_inserts_cmpd_part0_2                                     (7.03%)
                 0      unc_iio_comp_buf_inserts_cmpd_part0_3                                     (7.03%)
                 0      unc_iio_comp_buf_inserts_cmpd_part0_4                                     (7.02%)
                 0      unc_iio_comp_buf_inserts_cmpd_part0_5                                     (7.03%)
                 0      unc_iio_comp_buf_inserts_cmpd_part1_0                                     (7.03%)
                 0      unc_iio_comp_buf_inserts_cmpd_part1_1                                     (7.04%)
                 0      unc_iio_comp_buf_inserts_cmpd_part1_2                                     (7.05%)
                 0      unc_iio_comp_buf_inserts_cmpd_part1_3                                     (7.05%)
                 0      unc_iio_comp_buf_inserts_cmpd_part1_4                                     (7.06%)
                 0      unc_iio_comp_buf_inserts_cmpd_part1_5                                     (7.03%)
                 0      unc_iio_comp_buf_inserts_cmpd_part2_0                                     (7.03%)
                 0      unc_iio_comp_buf_inserts_cmpd_part2_1                                     (7.03%)
                 0      unc_iio_comp_buf_inserts_cmpd_part2_2                                     (7.01%)
                 0      unc_iio_comp_buf_inserts_cmpd_part2_3                                     (7.03%)
                 0      unc_iio_comp_buf_inserts_cmpd_part2_4                                     (7.03%)
                 0      unc_iio_comp_buf_inserts_cmpd_part2_5                                     (7.03%)
                 0      unc_iio_comp_buf_inserts_cmpd_part3_0                                     (7.02%)
                 0      unc_iio_comp_buf_inserts_cmpd_part3_1                                     (7.02%)
                 0      unc_iio_comp_buf_inserts_cmpd_part3_2                                     (7.03%)
                 0      unc_iio_comp_buf_inserts_cmpd_part3_3                                     (7.04%)
                 0      unc_iio_comp_buf_inserts_cmpd_part3_4                                     (7.01%)
                 0      unc_iio_comp_buf_inserts_cmpd_part3_5                                     (7.03%)
            39,715      unc_iio_comp_buf_occupancy_cmpd_all_parts_0                                     (7.02%)
        12,211,738      unc_iio_comp_buf_occupancy_cmpd_all_parts_1                                     (7.03%)
                 0      unc_iio_comp_buf_occupancy_cmpd_all_parts_2                                     (7.03%)
                 0      unc_iio_comp_buf_occupancy_cmpd_all_parts_3                                     (7.02%)
                 0      unc_iio_comp_buf_occupancy_cmpd_all_parts_4                                     (7.00%)
                 0      unc_iio_comp_buf_occupancy_cmpd_all_parts_5                                     (7.03%)
                 0      unc_iio_comp_buf_occupancy_cmpd_part0_0                                     (7.02%)
           966,030      unc_iio_comp_buf_occupancy_cmpd_part0_1                                     (7.02%)
                 0      unc_iio_comp_buf_occupancy_cmpd_part0_2                                     (7.02%)
                 0      unc_iio_comp_buf_occupancy_cmpd_part0_3                                     (7.02%)
                 0      unc_iio_comp_buf_occupancy_cmpd_part0_4                                     (7.03%)
                 0      unc_iio_comp_buf_occupancy_cmpd_part0_5                                     (7.02%)
            33,807      unc_iio_comp_buf_occupancy_cmpd_part1_0                                     (7.02%)
                 0      unc_iio_comp_buf_occupancy_cmpd_part1_1                                     (7.02%)
                 0      unc_iio_comp_buf_occupancy_cmpd_part1_2                                     (7.03%)
                 0      unc_iio_comp_buf_occupancy_cmpd_part1_3                                     (7.03%)
                 0      unc_iio_comp_buf_occupancy_cmpd_part1_4                                     (7.01%)
                 0      unc_iio_comp_buf_occupancy_cmpd_part1_5                                     (7.02%)
                 0      unc_iio_comp_buf_occupancy_cmpd_part2_0                                     (7.02%)
                 0      unc_iio_comp_buf_occupancy_cmpd_part2_1                                     (7.03%)
                 0      unc_iio_comp_buf_occupancy_cmpd_part2_2                                     (7.03%)
                 0      unc_iio_comp_buf_occupancy_cmpd_part2_3                                     (7.03%)
                 0      unc_iio_comp_buf_occupancy_cmpd_part2_4                                     (7.05%)
                 0      unc_iio_comp_buf_occupancy_cmpd_part2_5                                     (7.02%)
                 0      unc_iio_comp_buf_occupancy_cmpd_part3_0                                     (7.01%)
                 0      unc_iio_comp_buf_occupancy_cmpd_part3_1                                     (7.03%)
                 0      unc_iio_comp_buf_occupancy_cmpd_part3_2                                     (7.01%)
                 0      unc_iio_comp_buf_occupancy_cmpd_part3_3                                     (7.04%)
                 0      unc_iio_comp_buf_occupancy_cmpd_part3_4                                     (7.03%)
                 0      unc_iio_comp_buf_occupancy_cmpd_part3_5                                     (7.02%)
                 0      unc_iio_data_req_by_cpu_mem_read_part0_0                                     (7.03%)
                 0      unc_iio_data_req_by_cpu_mem_read_part0_1                                     (7.01%)
                 0      unc_iio_data_req_by_cpu_mem_read_part0_2                                     (7.02%)
                 0      unc_iio_data_req_by_cpu_mem_read_part0_3                                     (7.02%)
                 0      unc_iio_data_req_by_cpu_mem_read_part0_4                                     (7.01%)
                 0      unc_iio_data_req_by_cpu_mem_read_part0_5                                     (7.02%)
                 0      unc_iio_data_req_by_cpu_mem_read_part1_0                                     (7.03%)
                 0      unc_iio_data_req_by_cpu_mem_read_part1_1                                     (7.04%)
                 0      unc_iio_data_req_by_cpu_mem_read_part1_2                                     (7.03%)
                 0      unc_iio_data_req_by_cpu_mem_read_part1_3                                     (7.04%)
                 0      unc_iio_data_req_by_cpu_mem_read_part1_4                                     (7.06%)
                 0      unc_iio_data_req_by_cpu_mem_read_part1_5                                     (7.02%)
                 0      unc_iio_data_req_by_cpu_mem_read_part2_0                                     (7.03%)
                 0      unc_iio_data_req_by_cpu_mem_read_part2_1                                     (7.02%)
                 0      unc_iio_data_req_by_cpu_mem_read_part2_2                                     (7.02%)
                 0      unc_iio_data_req_by_cpu_mem_read_part2_3                                     (7.00%)
                 0      unc_iio_data_req_by_cpu_mem_read_part2_4                                     (7.02%)
                 0      unc_iio_data_req_by_cpu_mem_read_part2_5                                     (7.02%)
                 0      unc_iio_data_req_by_cpu_mem_read_part3_0                                     (7.02%)
                 0      unc_iio_data_req_by_cpu_mem_read_part3_1                                     (7.01%)
                 0      unc_iio_data_req_by_cpu_mem_read_part3_2                                     (7.02%)
                 0      unc_iio_data_req_by_cpu_mem_read_part3_3                                     (7.00%)
                 0      unc_iio_data_req_by_cpu_mem_read_part3_4                                     (7.03%)
                 0      unc_iio_data_req_by_cpu_mem_read_part3_5                                     (7.02%)
                 0      unc_iio_data_req_by_cpu_mem_write_part0_0                                     (7.04%)
                 0      unc_iio_data_req_by_cpu_mem_write_part0_1                                     (7.02%)
                 0      unc_iio_data_req_by_cpu_mem_write_part0_2                                     (7.02%)
                 0      unc_iio_data_req_by_cpu_mem_write_part0_3                                     (7.01%)
                 0      unc_iio_data_req_by_cpu_mem_write_part0_4                                     (7.00%)
                 0      unc_iio_data_req_by_cpu_mem_write_part0_5                                     (7.02%)
                 0      unc_iio_data_req_by_cpu_mem_write_part1_0                                     (7.01%)
                 0      unc_iio_data_req_by_cpu_mem_write_part1_1                                     (7.01%)
                 0      unc_iio_data_req_by_cpu_mem_write_part1_2                                     (7.01%)
                 0      unc_iio_data_req_by_cpu_mem_write_part1_3                                     (7.02%)
                 0      unc_iio_data_req_by_cpu_mem_write_part1_4                                     (7.01%)
                 0      unc_iio_data_req_by_cpu_mem_write_part1_5                                     (7.02%)
                 0      unc_iio_data_req_by_cpu_mem_write_part2_0                                     (7.02%)
                 0      unc_iio_data_req_by_cpu_mem_write_part2_1                                     (7.02%)
                 0      unc_iio_data_req_by_cpu_mem_write_part2_2                                     (7.02%)
                 0      unc_iio_data_req_by_cpu_mem_write_part2_3                                     (7.02%)
                 0      unc_iio_data_req_by_cpu_mem_write_part2_4                                     (7.02%)
                 0      unc_iio_data_req_by_cpu_mem_write_part2_5                                     (7.02%)
                 0      unc_iio_data_req_by_cpu_mem_write_part3_0                                     (7.01%)
                 0      unc_iio_data_req_by_cpu_mem_write_part3_1                                     (7.01%)
                 0      unc_iio_data_req_by_cpu_mem_write_part3_2                                     (7.02%)
                 0      unc_iio_data_req_by_cpu_mem_write_part3_3                                     (7.02%)
                 0      unc_iio_data_req_by_cpu_mem_write_part3_4                                     (7.02%)
                 0      unc_iio_data_req_by_cpu_mem_write_part3_5                                     (7.02%)
                 0      unc_iio_data_req_by_cpu_peer_read_part0_0                                     (7.02%)
                 0      unc_iio_data_req_by_cpu_peer_read_part0_1                                     (7.03%)
                 0      unc_iio_data_req_by_cpu_peer_read_part0_2                                     (7.01%)
                 0      unc_iio_data_req_by_cpu_peer_read_part0_3                                     (7.01%)
                 0      unc_iio_data_req_by_cpu_peer_read_part0_4                                     (7.02%)
                 0      unc_iio_data_req_by_cpu_peer_read_part0_5                                     (7.02%)
                 0      unc_iio_data_req_by_cpu_peer_read_part1_0                                     (7.02%)
                 0      unc_iio_data_req_by_cpu_peer_read_part1_1                                     (7.04%)
                 0      unc_iio_data_req_by_cpu_peer_read_part1_2                                     (7.03%)
                 0      unc_iio_data_req_by_cpu_peer_read_part1_3                                     (7.05%)
                 0      unc_iio_data_req_by_cpu_peer_read_part1_4                                     (7.04%)
                 0      unc_iio_data_req_by_cpu_peer_read_part1_5                                     (7.02%)
                 0      unc_iio_data_req_by_cpu_peer_read_part2_0                                     (7.02%)
                 0      unc_iio_data_req_by_cpu_peer_read_part2_1                                     (7.01%)
                 0      unc_iio_data_req_by_cpu_peer_read_part2_2                                     (7.00%)
                 0      unc_iio_data_req_by_cpu_peer_read_part2_3                                     (6.99%)
                 0      unc_iio_data_req_by_cpu_peer_read_part2_4                                     (7.00%)
                 0      unc_iio_data_req_by_cpu_peer_read_part2_5                                     (7.02%)
                 0      unc_iio_data_req_by_cpu_peer_read_part3_0                                     (7.01%)
                 0      unc_iio_data_req_by_cpu_peer_read_part3_1                                     (7.01%)
                 0      unc_iio_data_req_by_cpu_peer_read_part3_2                                     (7.03%)
                 0      unc_iio_data_req_by_cpu_peer_read_part3_3                                     (7.04%)
                 0      unc_iio_data_req_by_cpu_peer_read_part3_4                                     (7.03%)
                 0      unc_iio_data_req_by_cpu_peer_read_part3_5                                     (7.02%)
                 0      unc_iio_data_req_by_cpu_peer_write_part0_0                                     (7.03%)
                 0      unc_iio_data_req_by_cpu_peer_write_part0_1                                     (7.02%)
                 0      unc_iio_data_req_by_cpu_peer_write_part0_2                                     (7.01%)
                 0      unc_iio_data_req_by_cpu_peer_write_part0_3                                     (7.01%)
                 0      unc_iio_data_req_by_cpu_peer_write_part0_4                                     (7.00%)
                 0      unc_iio_data_req_by_cpu_peer_write_part0_5                                     (7.02%)
                 0      unc_iio_data_req_by_cpu_peer_write_part1_0                                     (7.02%)
                 0      unc_iio_data_req_by_cpu_peer_write_part1_1                                     (7.02%)
                 0      unc_iio_data_req_by_cpu_peer_write_part1_2                                     (7.01%)
                 0      unc_iio_data_req_by_cpu_peer_write_part1_3                                     (7.02%)
                 0      unc_iio_data_req_by_cpu_peer_write_part1_4                                     (7.02%)
                 0      unc_iio_data_req_by_cpu_peer_write_part1_5                                     (7.02%)
                 0      unc_iio_data_req_by_cpu_peer_write_part2_0                                     (7.02%)
                 0      unc_iio_data_req_by_cpu_peer_write_part2_1                                     (7.02%)
                 0      unc_iio_data_req_by_cpu_peer_write_part2_2                                     (7.02%)
                 0      unc_iio_data_req_by_cpu_peer_write_part2_3                                     (7.01%)
                 0      unc_iio_data_req_by_cpu_peer_write_part2_4                                     (7.02%)
                 0      unc_iio_data_req_by_cpu_peer_write_part2_5                                     (7.02%)
                 0      unc_iio_data_req_by_cpu_peer_write_part3_0                                     (7.03%)
                 0      unc_iio_data_req_by_cpu_peer_write_part3_1                                     (7.02%)
                 0      unc_iio_data_req_by_cpu_peer_write_part3_2                                     (7.05%)
                 0      unc_iio_data_req_by_cpu_peer_write_part3_3                                     (7.07%)
                 0      unc_iio_data_req_by_cpu_peer_write_part3_4                                     (7.04%)
                 0      unc_iio_data_req_by_cpu_peer_write_part3_5                                     (7.02%)
                 0      unc_iio_data_req_of_cpu_mem_read_part0_0                                     (7.03%)
                 0      unc_iio_data_req_of_cpu_mem_read_part0_1                                     (7.04%)
                 0      unc_iio_data_req_of_cpu_mem_read_part0_2                                     (7.02%)
                 0      unc_iio_data_req_of_cpu_mem_read_part0_3                                     (7.01%)
                 0      unc_iio_data_req_of_cpu_mem_read_part0_4                                     (7.02%)
                 0      unc_iio_data_req_of_cpu_mem_read_part0_5                                     (7.02%)
                 0      unc_iio_data_req_of_cpu_mem_read_part1_0                                     (7.01%)
                 0      unc_iio_data_req_of_cpu_mem_read_part1_1                                     (7.01%)
                 0      unc_iio_data_req_of_cpu_mem_read_part1_2                                     (7.02%)
                 0      unc_iio_data_req_of_cpu_mem_read_part1_3                                     (7.02%)
                 0      unc_iio_data_req_of_cpu_mem_read_part1_4                                     (6.98%)
                 0      unc_iio_data_req_of_cpu_mem_read_part1_5                                     (7.02%)
                 0      unc_iio_data_req_of_cpu_mem_read_part2_0                                     (7.02%)
                 0      unc_iio_data_req_of_cpu_mem_read_part2_1                                     (7.03%)
                 0      unc_iio_data_req_of_cpu_mem_read_part2_2                                     (7.02%)
                 0      unc_iio_data_req_of_cpu_mem_read_part2_3                                     (7.01%)
                 0      unc_iio_data_req_of_cpu_mem_read_part2_4                                     (7.00%)
                 0      unc_iio_data_req_of_cpu_mem_read_part2_5                                     (7.02%)
                 0      unc_iio_data_req_of_cpu_mem_read_part3_0                                     (7.01%)
                 0      unc_iio_data_req_of_cpu_mem_read_part3_1                                     (7.03%)
                 0      unc_iio_data_req_of_cpu_mem_read_part3_2                                     (6.98%)
                 0      unc_iio_data_req_of_cpu_mem_read_part3_3                                     (6.98%)
                 0      unc_iio_data_req_of_cpu_mem_read_part3_4                                     (5.28%)
                 0      unc_iio_data_req_of_cpu_mem_read_part3_5                                     (7.02%)
                 0      unc_iio_data_req_of_cpu_mem_write_part0_0                                     (7.02%)
                 0      unc_iio_data_req_of_cpu_mem_write_part0_1                                     (5.26%)
                 0      unc_iio_data_req_of_cpu_mem_write_part0_2                                     (5.26%)
                 0      unc_iio_data_req_of_cpu_mem_write_part0_3                                     (7.02%)
                 0      unc_iio_data_req_of_cpu_mem_write_part0_4                                     (7.01%)
                 0      unc_iio_data_req_of_cpu_mem_write_part0_5                                     (5.26%)
                 0      unc_iio_data_req_of_cpu_mem_write_part1_0                                     (7.02%)
                 0      unc_iio_data_req_of_cpu_mem_write_part1_1                                     (7.00%)
                 0      unc_iio_data_req_of_cpu_mem_write_part1_2                                     (5.26%)
                 0      unc_iio_data_req_of_cpu_mem_write_part1_3                                     (5.25%)
                 0      unc_iio_data_req_of_cpu_mem_write_part1_4                                     (6.99%)
                 0      unc_iio_data_req_of_cpu_mem_write_part1_5                                     (5.26%)
                 0      unc_iio_data_req_of_cpu_mem_write_part2_0                                     (5.25%)
                 0      unc_iio_data_req_of_cpu_mem_write_part2_1                                     (7.01%)
                 0      unc_iio_data_req_of_cpu_mem_write_part2_2                                     (7.00%)
                 0      unc_iio_data_req_of_cpu_mem_write_part2_3                                     (5.25%)
                 0      unc_iio_data_req_of_cpu_mem_write_part2_4                                     (7.00%)
                 0      unc_iio_data_req_of_cpu_mem_write_part2_5                                     (7.01%)
                 0      unc_iio_data_req_of_cpu_mem_write_part3_0                                     (5.26%)
                 0      unc_iio_data_req_of_cpu_mem_write_part3_1                                     (5.26%)
                 0      unc_iio_data_req_of_cpu_mem_write_part3_2                                     (7.01%)
                 0      unc_iio_data_req_of_cpu_mem_write_part3_3                                     (7.01%)
                 0      unc_iio_data_req_of_cpu_mem_write_part3_4                                     (5.25%)
                 0      unc_iio_data_req_of_cpu_mem_write_part3_5                                     (7.01%)
                 0      unc_iio_data_req_of_cpu_peer_read_part0_0                                     (7.01%)
                 0      unc_iio_data_req_of_cpu_peer_read_part0_1                                     (5.26%)
                 0      unc_iio_data_req_of_cpu_peer_read_part0_2                                     (5.26%)
                 0      unc_iio_data_req_of_cpu_peer_read_part0_3                                     (7.02%)
                 0      unc_iio_data_req_of_cpu_peer_read_part0_4                                     (5.26%)
                 0      unc_iio_data_req_of_cpu_peer_read_part0_5                                     (5.26%)
                 0      unc_iio_data_req_of_cpu_peer_read_part1_0                                     (7.02%)
                 0      unc_iio_data_req_of_cpu_peer_read_part1_1                                     (7.01%)
                 0      unc_iio_data_req_of_cpu_peer_read_part1_2                                     (5.26%)
                 0      unc_iio_data_req_of_cpu_peer_read_part1_3                                     (5.27%)
                 0      unc_iio_data_req_of_cpu_peer_read_part1_4                                     (7.02%)
                 0      unc_iio_data_req_of_cpu_peer_read_part1_5                                     (5.26%)
                 0      unc_iio_data_req_of_cpu_peer_read_part2_0                                     (5.26%)
                 0      unc_iio_data_req_of_cpu_peer_read_part2_1                                     (7.02%)
                 0      unc_iio_data_req_of_cpu_peer_read_part2_2                                     (7.02%)
                 0      unc_iio_data_req_of_cpu_peer_read_part2_3                                     (5.26%)
                 0      unc_iio_data_req_of_cpu_peer_read_part2_4                                     (7.02%)
                 0      unc_iio_data_req_of_cpu_peer_read_part2_5                                     (7.01%)
                 0      unc_iio_data_req_of_cpu_peer_read_part3_0                                     (5.26%)
                 0      unc_iio_data_req_of_cpu_peer_read_part3_1                                     (7.02%)
                 0      unc_iio_data_req_of_cpu_peer_read_part3_2                                     (7.01%)
                 0      unc_iio_data_req_of_cpu_peer_read_part3_3                                     (7.01%)
                 0      unc_iio_data_req_of_cpu_peer_read_part3_4                                     (7.02%)
                 0      unc_iio_data_req_of_cpu_peer_read_part3_5                                     (7.01%)
                 0      unc_iio_data_req_of_cpu_peer_write_part0_0                                     (7.01%)
                 0      unc_iio_data_req_of_cpu_peer_write_part0_1                                     (5.26%)
                 0      unc_iio_data_req_of_cpu_peer_write_part0_2                                     (7.03%)
                 0      unc_iio_data_req_of_cpu_peer_write_part0_3                                     (7.02%)
                 0      unc_iio_data_req_of_cpu_peer_write_part0_4                                     (5.27%)
                 0      unc_iio_data_req_of_cpu_peer_write_part0_5                                     (7.02%)
                 0      unc_iio_data_req_of_cpu_peer_write_part1_0                                     (7.01%)
                 0      unc_iio_data_req_of_cpu_peer_write_part1_1                                     (5.26%)
                 0      unc_iio_data_req_of_cpu_peer_write_part1_2                                     (7.02%)
                 0      unc_iio_data_req_of_cpu_peer_write_part1_3                                     (7.02%)
                 0      unc_iio_data_req_of_cpu_peer_write_part1_4                                     (5.25%)
                 0      unc_iio_data_req_of_cpu_peer_write_part1_5                                     (5.26%)
                 0      unc_iio_data_req_of_cpu_peer_write_part2_0                                     (7.02%)
                 0      unc_iio_data_req_of_cpu_peer_write_part2_1                                     (7.01%)
                 0      unc_iio_data_req_of_cpu_peer_write_part2_2                                     (5.25%)
                 0      unc_iio_data_req_of_cpu_peer_write_part2_3                                     (7.01%)
                 0      unc_iio_data_req_of_cpu_peer_write_part2_4                                     (7.01%)
                 0      unc_iio_data_req_of_cpu_peer_write_part2_5                                     (5.26%)
                 0      unc_iio_data_req_of_cpu_peer_write_part3_0                                     (5.26%)
                 0      unc_iio_data_req_of_cpu_peer_write_part3_1                                     (7.02%)
                 0      unc_iio_data_req_of_cpu_peer_write_part3_2                                     (5.27%)
                 0      unc_iio_data_req_of_cpu_peer_write_part3_3                                     (5.27%)
                 0      unc_iio_data_req_of_cpu_peer_write_part3_4                                     (7.03%)
                 0      unc_iio_data_req_of_cpu_peer_write_part3_5                                     (7.02%)
                 0      unc_iio_payload_bytes_in_mem_read_part0_0                                     (5.26%)
                 0      unc_iio_payload_bytes_in_mem_read_part0_1                                     (7.03%)
                 0      unc_iio_payload_bytes_in_mem_read_part0_2                                     (7.03%)
                 0      unc_iio_payload_bytes_in_mem_read_part0_3                                     (5.28%)
                 0      unc_iio_payload_bytes_in_mem_read_part0_4                                     (7.06%)
                 0      unc_iio_payload_bytes_in_mem_read_part0_5                                     (7.02%)
                 0      unc_iio_payload_bytes_in_mem_read_part1_0                                     (7.02%)
                 0      unc_iio_payload_bytes_in_mem_read_part1_1                                     (7.03%)
                 0      unc_iio_payload_bytes_in_mem_read_part1_2                                     (7.04%)
                 0      unc_iio_payload_bytes_in_mem_read_part1_3                                     (7.05%)
                 0      unc_iio_payload_bytes_in_mem_read_part1_4                                     (5.31%)
                 0      unc_iio_payload_bytes_in_mem_read_part1_5                                     (7.02%)
                 0      unc_iio_payload_bytes_in_mem_read_part2_0                                     (7.03%)
                 0      unc_iio_payload_bytes_in_mem_read_part2_1                                     (5.26%)
                 0      unc_iio_payload_bytes_in_mem_read_part2_2                                     (7.00%)
                 0      unc_iio_payload_bytes_in_mem_read_part2_3                                     (7.00%)
                 0      unc_iio_payload_bytes_in_mem_read_part2_4                                     (5.22%)
                 0      unc_iio_payload_bytes_in_mem_read_part2_5                                     (7.02%)
                 0      unc_iio_payload_bytes_in_mem_read_part3_0                                     (7.01%)
                 0      unc_iio_payload_bytes_in_mem_read_part3_1                                     (5.25%)
                 0      unc_iio_payload_bytes_in_mem_read_part3_2                                     (7.00%)
                 0      unc_iio_payload_bytes_in_mem_read_part3_3                                     (6.98%)
                 0      unc_iio_payload_bytes_in_mem_read_part3_4                                     (6.98%)
                 0      unc_iio_payload_bytes_in_mem_read_part3_5                                     (7.02%)
                 0      unc_iio_payload_bytes_in_mem_write_part0_0                                     (7.01%)
                 0      unc_iio_payload_bytes_in_mem_write_part0_1                                     (7.01%)
                 0      unc_iio_payload_bytes_in_mem_write_part0_2                                     (7.03%)
                 0      unc_iio_payload_bytes_in_mem_write_part0_3                                     (7.03%)
                 0      unc_iio_payload_bytes_in_mem_write_part0_4                                     (7.03%)
                 0      unc_iio_payload_bytes_in_mem_write_part0_5                                     (7.02%)
                 0      unc_iio_payload_bytes_in_mem_write_part1_0                                     (7.01%)
                 0      unc_iio_payload_bytes_in_mem_write_part1_1                                     (7.03%)
                 0      unc_iio_payload_bytes_in_mem_write_part1_2                                     (7.03%)
                 0      unc_iio_payload_bytes_in_mem_write_part1_3                                     (7.04%)
                 0      unc_iio_payload_bytes_in_mem_write_part1_4                                     (7.03%)
                 0      unc_iio_payload_bytes_in_mem_write_part1_5                                     (7.02%)
                 0      unc_iio_payload_bytes_in_mem_write_part2_0                                     (7.02%)
                 0      unc_iio_payload_bytes_in_mem_write_part2_1                                     (7.02%)
                 0      unc_iio_payload_bytes_in_mem_write_part2_2                                     (7.02%)
                 0      unc_iio_payload_bytes_in_mem_write_part2_3                                     (7.01%)
                 0      unc_iio_payload_bytes_in_mem_write_part2_4                                     (7.01%)
                 0      unc_iio_payload_bytes_in_mem_write_part2_5                                     (5.26%)
                 0      unc_iio_payload_bytes_in_mem_write_part3_0                                     (7.02%)
                 0      unc_iio_payload_bytes_in_mem_write_part3_1                                     (7.01%)
                 0      unc_iio_payload_bytes_in_mem_write_part3_2                                     (5.26%)
                 0      unc_iio_payload_bytes_in_mem_write_part3_3                                     (6.99%)
                 0      unc_iio_payload_bytes_in_mem_write_part3_4                                     (7.00%)
                 0      unc_iio_payload_bytes_in_mem_write_part3_5                                     (5.26%)
                 0      unc_iio_txn_req_by_cpu_mem_read_part0_0                                     (7.01%)
                 0      unc_iio_txn_req_by_cpu_mem_read_part0_1                                     (7.01%)
                 0      unc_iio_txn_req_by_cpu_mem_read_part0_2                                     (7.00%)
                 0      unc_iio_txn_req_by_cpu_mem_read_part0_3                                     (7.00%)
                 0      unc_iio_txn_req_by_cpu_mem_read_part0_4                                     (7.01%)
                 0      unc_iio_txn_req_by_cpu_mem_read_part0_5                                     (7.02%)
                 0      unc_iio_txn_req_by_cpu_mem_read_part1_0                                     (7.01%)
                 0      unc_iio_txn_req_by_cpu_mem_read_part1_1                                     (7.01%)
                 0      unc_iio_txn_req_by_cpu_mem_read_part1_2                                     (7.01%)
                 0      unc_iio_txn_req_by_cpu_mem_read_part1_3                                     (7.01%)
                 0      unc_iio_txn_req_by_cpu_mem_read_part1_4                                     (7.01%)
                 0      unc_iio_txn_req_by_cpu_mem_read_part1_5                                     (7.02%)
                 0      unc_iio_txn_req_by_cpu_mem_read_part2_0                                     (7.02%)
                 0      unc_iio_txn_req_by_cpu_mem_read_part2_1                                     (7.01%)
                 0      unc_iio_txn_req_by_cpu_mem_read_part2_2                                     (7.02%)
                 0      unc_iio_txn_req_by_cpu_mem_read_part2_3                                     (7.02%)
                 0      unc_iio_txn_req_by_cpu_mem_read_part2_4                                     (7.02%)
                 0      unc_iio_txn_req_by_cpu_mem_read_part2_5                                     (7.02%)
                 0      unc_iio_txn_req_by_cpu_mem_read_part3_0                                     (7.02%)
                 0      unc_iio_txn_req_by_cpu_mem_read_part3_1                                     (7.02%)
                 0      unc_iio_txn_req_by_cpu_mem_read_part3_2                                     (7.02%)
                 0      unc_iio_txn_req_by_cpu_mem_read_part3_3                                     (7.02%)
                 0      unc_iio_txn_req_by_cpu_mem_read_part3_4                                     (7.02%)
                 0      unc_iio_txn_req_by_cpu_mem_read_part3_5                                     (7.02%)
                 0      unc_iio_txn_req_by_cpu_mem_write_part0_0                                     (7.02%)
                 0      unc_iio_txn_req_by_cpu_mem_write_part0_1                                     (7.02%)
                 0      unc_iio_txn_req_by_cpu_mem_write_part0_2                                     (7.03%)
                 0      unc_iio_txn_req_by_cpu_mem_write_part0_3                                     (7.03%)
                 0      unc_iio_txn_req_by_cpu_mem_write_part0_4                                     (7.03%)
                 0      unc_iio_txn_req_by_cpu_mem_write_part0_5                                     (7.02%)
                 0      unc_iio_txn_req_by_cpu_mem_write_part1_0                                     (7.02%)
                 0      unc_iio_txn_req_by_cpu_mem_write_part1_1                                     (7.03%)
                 0      unc_iio_txn_req_by_cpu_mem_write_part1_2                                     (7.03%)
                 0      unc_iio_txn_req_by_cpu_mem_write_part1_3                                     (7.04%)
                 0      unc_iio_txn_req_by_cpu_mem_write_part1_4                                     (7.06%)
                 0      unc_iio_txn_req_by_cpu_mem_write_part1_5                                     (7.02%)

      69.800378648 seconds time elapsed

