# started on Mon Feb  5 04:02:11 2024


 Performance counter stats for 'system wide':

     8,758,338,110      r151                                                          (10.00%)
    16,666,419,416      r248                                                          (10.00%)
   413,598,037,432      r148                                                          (10.00%)
   139,877,077,236      r1000148                                                      (10.00%)
   139,772,751,243      r1200148                                                      (10.00%)
     8,710,301,427      r1ff1                                                         (10.00%)
     8,360,208,252      r2f2                                                          (10.00%)
       101,062,402      r1f2                                                          (10.00%)
         7,820,577      r4f2                                                          (10.00%)
         7,739,456      r4f2                                                          (10.00%)
       136,672,782      re424                                                         (10.00%)
     1,442,844,129      re124                                                         (10.00%)
       997,359,431      r2724                                                         (10.00%)
     3,427,955,340      re724                                                         (10.00%)
    10,445,195,833      rf824                                                         (10.00%)
     1,851,562,903      re224                                                         (10.00%)
       108,319,515      rc424                                                         (10.00%)
        25,685,852      r2424                                                         (10.00%)
     1,337,474,387      rc124                                                         (10.00%)
       107,696,944      r2124                                                         (10.00%)
     8,727,480,380      r3f24                                                         (10.00%)
     2,736,236,889      rd824                                                         (10.00%)
     7,742,871,780      r3824                                                         (10.00%)
    13,891,704,874      rff24                                                         (10.00%)
       974,520,573      rc224                                                         (10.00%)
       849,107,103      r2224                                                         (10.00%)
     8,392,405,607      r40f0                                                         (10.00%)
     8,239,559,210      r412e                                                         (10.00%)
     8,496,627,727      r4f2e                                                         (10.00%)
    49,490,275,169      r81d0                                                         (10.00%)
    28,256,978,236      r82d0                                                         (10.00%)
        17,663,048      r21d0                                                         (10.00%)
           139,949      r41d0                                                         (10.00%)
           558,915      r42d0                                                         (5.00%)
           158,025      r11d0                                                         (5.00%)
           127,590      r12d0                                                         (5.00%)
            40,597      r2d2                                                          (5.00%)
         1,405,107      r4d2                                                          (5.00%)
             2,200      r1d2                                                          (5.00%)
        10,197,940      r8d2                                                          (5.00%)
       521,954,939      r1d3                                                          (6.25%)
                 0      r2d3                                                          (7.50%)
                 0      r8d3                                                          (8.75%)
                 0      r4d3                                                          (10.00%)
                 0      r4d4                                                          (10.00%)
    23,700,697,250      r40d1                                                         (10.00%)
    23,826,905,446      r1d1                                                          (10.00%)
     2,190,457,810      r8d1                                                          (10.00%)
     1,526,795,874      r2d1                                                          (10.00%)
       663,420,063      r10d1                                                         (5.00%)
        10,164,590      r4d1                                                          (5.00%)
       650,816,951      r20d1                                                         (5.00%)
     5,077,590,446      r8b0                                                          (6.25%)
    17,497,803,329      r80b0                                                         (7.50%)
        24,895,009      r2b0                                                          (8.75%)
       867,314,519      r1b0                                                          (10.00%)
     2,655,953,377      r4b0                                                          (10.00%)
    84,179,168,607      r1b2                                                          (10.00%)
 1,239,989,610,165      r860                                                          (10.00%)
   143,488,916,666      r1000860                                                      (10.00%)
       578,242,276      r1000260                                                      (10.00%)
    72,290,367,564      r1000160                                                      (10.00%)
   137,736,274,322      r1000460                                                      (10.00%)
     1,940,612,049      r260                                                          (10.00%)
   136,493,637,766      r160                                                          (10.00%)
       509,435,733      r6000160                                                      (10.00%)
   641,114,986,914      r460                                                          (10.00%)
                 0      r1b7                                                          (10.00%)
                 0      r1b7                                                          (10.00%)
                 0      r1b7                                                          (10.00%)
                 0      r1b7                                                          (10.00%)
                 0      r1b7                                                          (10.00%)
                 0      r1b7                                                          (10.00%)
                 0      r1b7                                                          (10.00%)
                 0      r1b7                                                          (10.00%)
                 0      r1b7                                                          (10.00%)
                 0      r1b7                                                          (10.00%)
                 0      r1b7                                                          (10.00%)
                 0      r1b7                                                          (10.00%)
                 0      r1b7                                                          (10.00%)

      69.844662432 seconds time elapsed

