# started on Mon Feb  5 08:50:17 2024


 Performance counter stats for 'system wide':

   169,059,374,094      r728                                                          (44.44%)
                 0      r1828                                                         (44.44%)
                 0      r2028                                                         (44.45%)
           256,347      r4028                                                         (44.45%)
         1,075,074      r20ef                                                         (44.45%)
         7,275,166      r10ef                                                         (44.45%)
        10,536,349      r2ef                                                          (44.45%)
        87,428,381      r1ef                                                          (44.45%)
         2,206,096      r40ef                                                         (44.45%)
         2,291,490      r8ef                                                          (44.45%)
            25,942      r4ef                                                          (44.45%)
           565,453      r1cb                                                          (44.44%)
     7,976,028,320      r4fe                                                          (44.44%)
       258,506,072      r2fe                                                          (44.44%)
                 0      r132                                                          (44.44%)
            50,559      r832                                                          (44.44%)
             7,885      r232                                                          (44.44%)
                 0      r432                                                          (44.44%)

      69.902223457 seconds time elapsed

