# started on Tue Feb  6 10:18:24 2024


 Performance counter stats for 'system wide':

             6,518      unc_h_dir_update_ha_0                                         (23.53%)
             6,684      unc_h_dir_update_ha_1                                         (23.53%)
             2,095      unc_h_dir_update_ha_2                                         (23.54%)
             6,000      unc_h_dir_update_ha_3                                         (23.53%)
             2,235      unc_h_dir_update_ha_4                                         (23.53%)
             6,319      unc_h_dir_update_ha_5                                         (23.53%)
             1,946      unc_h_dir_update_ha_6                                         (23.53%)
             1,933      unc_h_dir_update_ha_7                                         (23.53%)
             6,620      unc_h_dir_update_tor_0                                        (23.53%)
             6,667      unc_h_dir_update_tor_1                                        (23.53%)
             2,001      unc_h_dir_update_tor_2                                        (23.53%)
             5,430      unc_h_dir_update_tor_3                                        (23.53%)
             2,201      unc_h_dir_update_tor_4                                        (23.53%)
             6,582      unc_h_dir_update_tor_5                                        (23.53%)
                 0      unc_h_dir_update_tor_6                                        (23.53%)
             1,844      unc_h_dir_update_tor_7                                        (23.53%)
             4,233      unc_h_hitme_hit_ex_rds_0                                      (23.53%)
             4,022      unc_h_hitme_hit_ex_rds_1                                      (23.60%)
             1,208      unc_h_hitme_hit_ex_rds_2                                      (23.60%)
             3,588      unc_h_hitme_hit_ex_rds_3                                      (23.66%)
             1,494      unc_h_hitme_hit_ex_rds_4                                      (23.89%)
             3,866      unc_h_hitme_hit_ex_rds_5                                      (23.95%)
                 0      unc_h_hitme_hit_ex_rds_6                                      (23.54%)
                 0      unc_h_hitme_hit_ex_rds_7                                      (23.54%)
                72      unc_h_misc_rfo_hit_s_0                                        (23.54%)
                 0      unc_h_misc_rfo_hit_s_1                                        (23.61%)
                13      unc_h_misc_rfo_hit_s_2                                        (23.83%)
                38      unc_h_misc_rfo_hit_s_3                                        (23.54%)
                 8      unc_h_misc_rfo_hit_s_4                                        (23.54%)
                17      unc_h_misc_rfo_hit_s_5                                        (23.54%)
                 8      unc_h_misc_rfo_hit_s_6                                        (23.54%)
                13      unc_h_misc_rfo_hit_s_7                                        (23.54%)
       147,125,286      unc_h_requests_invitoe_local_0                                     (23.54%)
       147,115,053      unc_h_requests_invitoe_local_1                                     (23.54%)
       147,132,863      unc_h_requests_invitoe_local_2                                     (23.54%)
       147,375,459      unc_h_requests_invitoe_local_3                                     (23.54%)
       147,190,929      unc_h_requests_invitoe_local_4                                     (23.54%)
       147,162,389      unc_h_requests_invitoe_local_5                                     (23.54%)
       147,300,069      unc_h_requests_invitoe_local_6                                     (23.54%)
       147,258,021      unc_h_requests_invitoe_local_7                                     (23.54%)
               795      unc_h_requests_invitoe_remote_0                                     (23.54%)
               977      unc_h_requests_invitoe_remote_1                                     (23.54%)
               361      unc_h_requests_invitoe_remote_2                                     (23.54%)
               948      unc_h_requests_invitoe_remote_3                                     (23.53%)
               374      unc_h_requests_invitoe_remote_4                                     (23.53%)
               948      unc_h_requests_invitoe_remote_5                                     (23.53%)
               412      unc_h_requests_invitoe_remote_6                                     (23.53%)
               493      unc_h_requests_invitoe_remote_7                                     (23.53%)
       880,905,849      unc_h_requests_reads_0                                        (23.53%)
       880,869,446      unc_h_requests_reads_1                                        (23.53%)
       880,981,443      unc_h_requests_reads_2                                        (23.53%)
       881,262,617      unc_h_requests_reads_3                                        (23.53%)
       881,281,140      unc_h_requests_reads_4                                        (23.53%)
       881,395,098      unc_h_requests_reads_5                                        (23.53%)
       881,506,819      unc_h_requests_reads_6                                        (23.53%)
       881,224,414      unc_h_requests_reads_7                                        (23.53%)
       881,669,384      unc_h_requests_reads_local_0                                     (23.53%)
       881,585,634      unc_h_requests_reads_local_1                                     (23.53%)
       881,717,023      unc_h_requests_reads_local_2                                     (23.53%)
       881,880,889      unc_h_requests_reads_local_3                                     (23.53%)
       881,778,326      unc_h_requests_reads_local_4                                     (23.53%)
       881,928,667      unc_h_requests_reads_local_5                                     (23.53%)
       881,876,378      unc_h_requests_reads_local_6                                     (23.53%)
       881,581,330      unc_h_requests_reads_local_7                                     (23.53%)
       578,881,104      unc_h_requests_writes_0                                       (23.53%)
       578,859,826      unc_h_requests_writes_1                                       (23.53%)
       579,061,870      unc_h_requests_writes_2                                       (23.53%)
       578,950,509      unc_h_requests_writes_3                                       (23.53%)
       578,992,104      unc_h_requests_writes_4                                       (23.59%)
       579,023,154      unc_h_requests_writes_5                                       (23.59%)
       578,897,310      unc_h_requests_writes_6                                       (23.53%)
       578,857,179      unc_h_requests_writes_7                                       (23.59%)
       577,315,568      unc_h_requests_writes_local_0                                     (23.72%)
       578,910,781      unc_h_requests_writes_local_1                                     (23.76%)
       577,524,297      unc_h_requests_writes_local_2                                     (23.73%)
       577,383,793      unc_h_requests_writes_local_3                                     (23.62%)
       577,517,678      unc_h_requests_writes_local_4                                     (23.77%)
       577,570,715      unc_h_requests_writes_local_5                                     (23.81%)
       577,330,495      unc_h_requests_writes_local_6                                     (23.53%)
       577,238,657      unc_h_requests_writes_local_7                                     (23.57%)
     2,375,135,728      unc_h_rxc_inserts_irq_0                                       (23.66%)
     2,291,396,535      unc_h_rxc_inserts_irq_1                                       (23.69%)
     2,286,055,772      unc_h_rxc_inserts_irq_2                                       (23.63%)
     2,287,632,881      unc_h_rxc_inserts_irq_3                                       (23.58%)
     2,287,696,029      unc_h_rxc_inserts_irq_4                                       (23.65%)
     2,287,619,631      unc_h_rxc_inserts_irq_5                                       (23.67%)
     2,286,459,313      unc_h_rxc_inserts_irq_6                                       (23.53%)
     2,287,085,769      unc_h_rxc_inserts_irq_7                                       (23.55%)
         1,278,691      unc_h_rxc_irq1_reject_pa_match_0                                     (23.60%)
         1,350,248      unc_h_rxc_irq1_reject_pa_match_1                                     (23.48%)
         1,218,444      unc_h_rxc_irq1_reject_pa_match_2                                     (23.48%)
         1,230,268      unc_h_rxc_irq1_reject_pa_match_3                                     (23.54%)
         1,384,647      unc_h_rxc_irq1_reject_pa_match_4                                     (23.48%)
         1,359,880      unc_h_rxc_irq1_reject_pa_match_5                                     (23.48%)
         1,514,926      unc_h_rxc_irq1_reject_pa_match_6                                     (23.53%)
         1,520,262      unc_h_rxc_irq1_reject_pa_match_7                                     (23.53%)
    21,512,180,737      unc_h_rxc_occupancy_irq_0                                     (23.54%)
    21,084,237,331      unc_h_rxc_occupancy_irq_1                                     (23.30%)
    20,050,405,890      unc_h_rxc_occupancy_irq_2                                     (23.24%)
    21,371,772,590      unc_h_rxc_occupancy_irq_3                                     (23.41%)
    23,524,818,340      unc_h_rxc_occupancy_irq_4                                     (23.18%)
    22,275,263,811      unc_h_rxc_occupancy_irq_5                                     (23.12%)
    52,640,243,042      unc_h_rxc_occupancy_irq_6                                     (23.53%)
    52,980,173,474      unc_h_rxc_occupancy_irq_7                                     (23.47%)
            19,732      unc_h_snoop_resp_rsp_fwd_wb_0                                     (23.35%)
            17,535      unc_h_snoop_resp_rsp_fwd_wb_1                                     (23.38%)
            19,843      unc_h_snoop_resp_rsp_fwd_wb_2                                     (23.33%)
            17,936      unc_h_snoop_resp_rsp_fwd_wb_3                                     (23.44%)
            24,276      unc_h_snoop_resp_rsp_fwd_wb_4                                     (23.29%)
            18,531      unc_h_snoop_resp_rsp_fwd_wb_5                                     (23.25%)
            45,789      unc_h_snoop_resp_rsp_fwd_wb_6                                     (23.53%)
            41,150      unc_h_snoop_resp_rsp_fwd_wb_7                                     (23.49%)
                 0      unc_h_snoop_resp_rspcnflct_0                                     (23.40%)
                 0      unc_h_snoop_resp_rspcnflct_1                                     (23.46%)
                 0      unc_h_snoop_resp_rspcnflct_2                                     (23.43%)
                 0      unc_h_snoop_resp_rspcnflct_3                                     (23.48%)
                 0      unc_h_snoop_resp_rspcnflct_4                                     (23.41%)
                 0      unc_h_snoop_resp_rspcnflct_5                                     (23.39%)
                 0      unc_h_snoop_resp_rspcnflct_6                                     (23.53%)
                 0      unc_h_snoop_resp_rspcnflct_7                                     (23.51%)
                 0      unc_h_snoop_resp_rspifwd_0                                     (23.46%)
                 0      unc_h_snoop_resp_rspifwd_1                                     (23.52%)
                 0      unc_h_snoop_resp_rspifwd_2                                     (23.52%)
                 0      unc_h_snoop_resp_rspifwd_3                                     (23.53%)
                 0      unc_h_snoop_resp_rspifwd_4                                     (23.52%)
                 0      unc_h_snoop_resp_rspifwd_5                                     (23.52%)
                 0      unc_h_snoop_resp_rspifwd_6                                     (23.53%)
                 0      unc_h_snoop_resp_rspifwd_7                                     (23.53%)
                 0      unc_h_snoop_resp_rspsfwd_0                                     (23.52%)
                 0      unc_h_snoop_resp_rspsfwd_1                                     (23.53%)
                 0      unc_h_snoop_resp_rspsfwd_2                                     (23.53%)
                 0      unc_h_snoop_resp_rspsfwd_3                                     (23.53%)
                 0      unc_h_snoop_resp_rspsfwd_4                                     (23.53%)
                 0      unc_h_snoop_resp_rspsfwd_5                                     (23.52%)
                 0      unc_h_snoop_resp_rspsfwd_6                                     (23.53%)
                 0      unc_h_snoop_resp_rspsfwd_7                                     (23.53%)
           119,772      unc_i_cache_total_occupancy_mem_0                                     (33.33%)
           109,916      unc_i_cache_total_occupancy_mem_1                                     (33.33%)
                 0      unc_i_cache_total_occupancy_mem_2                                     (33.33%)
                 0      unc_i_cache_total_occupancy_mem_3                                     (33.33%)
                 0      unc_i_cache_total_occupancy_mem_4                                     (33.33%)
                 0      unc_i_cache_total_occupancy_mem_5                                     (33.33%)
                18      unc_i_coherent_ops_pcitom_0                                     (33.33%)
                 0      unc_i_coherent_ops_pcitom_1                                     (33.34%)
                 0      unc_i_coherent_ops_pcitom_2                                     (33.34%)
                 0      unc_i_coherent_ops_pcitom_3                                     (33.34%)
                 0      unc_i_coherent_ops_pcitom_4                                     (33.34%)
                 0      unc_i_coherent_ops_pcitom_5                                     (33.34%)
               573      unc_i_coherent_ops_rfo_0                                      (33.34%)
                 3      unc_i_coherent_ops_rfo_1                                      (33.33%)
                 0      unc_i_coherent_ops_rfo_2                                      (33.33%)
                 0      unc_i_coherent_ops_rfo_3                                      (33.32%)
                 0      unc_i_coherent_ops_rfo_4                                      (33.33%)
                 0      unc_i_coherent_ops_rfo_5                                      (33.33%)
               807      unc_i_faf_inserts_0                                           (33.33%)
            16,920      unc_i_faf_inserts_1                                           (33.33%)
                 0      unc_i_faf_inserts_2                                           (33.33%)
                 0      unc_i_faf_inserts_3                                           (33.33%)
                 0      unc_i_faf_inserts_4                                           (33.33%)
                 0      unc_i_faf_inserts_5                                           (33.34%)
               747      unc_i_faf_occupancy_0                                         (33.33%)
            22,700      unc_i_faf_occupancy_1                                         (33.34%)
                 0      unc_i_faf_occupancy_2                                         (33.34%)
                 0      unc_i_faf_occupancy_3                                         (33.34%)
                 0      unc_i_faf_occupancy_4                                         (33.34%)
                 0      unc_i_faf_occupancy_5                                         (33.34%)
               513      unc_i_transactions_wr_pref_0                                     (33.34%)
               159      unc_i_transactions_wr_pref_1                                     (33.33%)
                 0      unc_i_transactions_wr_pref_2                                     (33.33%)
                 0      unc_i_transactions_wr_pref_3                                     (33.33%)
                 0      unc_i_transactions_wr_pref_4                                     (33.33%)
                 0      unc_i_transactions_wr_pref_5                                     (33.32%)
    67,488,567,365      unc_iio_clockticks_0                                          (7.03%)
    67,678,658,065      unc_iio_clockticks_1                                          (7.05%)
    67,734,963,461      unc_iio_clockticks_2                                          (7.03%)
    67,531,143,721      unc_iio_clockticks_3                                          (7.01%)
                 0      unc_iio_clockticks_4                                          (7.01%)
                 0      unc_iio_clockticks_5                                          (7.04%)
                 0      unc_iio_comp_buf_inserts_cmpd_all_parts_0                                     (7.03%)
                 0      unc_iio_comp_buf_inserts_cmpd_all_parts_1                                     (7.04%)
                 0      unc_iio_comp_buf_inserts_cmpd_all_parts_2                                     (7.03%)
                 0      unc_iio_comp_buf_inserts_cmpd_all_parts_3                                     (7.03%)
                 0      unc_iio_comp_buf_inserts_cmpd_all_parts_4                                     (7.02%)
                 0      unc_iio_comp_buf_inserts_cmpd_all_parts_5                                     (6.99%)
                 0      unc_iio_comp_buf_inserts_cmpd_part0_0                                     (7.04%)
                 0      unc_iio_comp_buf_inserts_cmpd_part0_1                                     (7.02%)
                 0      unc_iio_comp_buf_inserts_cmpd_part0_2                                     (5.28%)
                 0      unc_iio_comp_buf_inserts_cmpd_part0_3                                     (7.09%)
                 0      unc_iio_comp_buf_inserts_cmpd_part0_4                                     (7.00%)
                 0      unc_iio_comp_buf_inserts_cmpd_part0_5                                     (5.27%)
                 0      unc_iio_comp_buf_inserts_cmpd_part1_0                                     (7.03%)
                 0      unc_iio_comp_buf_inserts_cmpd_part1_1                                     (5.27%)
                 0      unc_iio_comp_buf_inserts_cmpd_part1_2                                     (7.03%)
                 0      unc_iio_comp_buf_inserts_cmpd_part1_3                                     (7.04%)
                 0      unc_iio_comp_buf_inserts_cmpd_part1_4                                     (5.27%)
                 0      unc_iio_comp_buf_inserts_cmpd_part1_5                                     (7.04%)
                 0      unc_iio_comp_buf_inserts_cmpd_part2_0                                     (7.02%)
                 0      unc_iio_comp_buf_inserts_cmpd_part2_1                                     (7.04%)
                 0      unc_iio_comp_buf_inserts_cmpd_part2_2                                     (7.03%)
                 0      unc_iio_comp_buf_inserts_cmpd_part2_3                                     (7.00%)
                 0      unc_iio_comp_buf_inserts_cmpd_part2_4                                     (7.00%)
                 0      unc_iio_comp_buf_inserts_cmpd_part2_5                                     (7.01%)
                 0      unc_iio_comp_buf_inserts_cmpd_part3_0                                     (7.03%)
                 0      unc_iio_comp_buf_inserts_cmpd_part3_1                                     (7.03%)
                 0      unc_iio_comp_buf_inserts_cmpd_part3_2                                     (7.03%)
                 0      unc_iio_comp_buf_inserts_cmpd_part3_3                                     (7.02%)
                 0      unc_iio_comp_buf_inserts_cmpd_part3_4                                     (7.02%)
                 0      unc_iio_comp_buf_inserts_cmpd_part3_5                                     (6.99%)
            59,680      unc_iio_comp_buf_occupancy_cmpd_all_parts_0                                     (5.28%)
         9,242,632      unc_iio_comp_buf_occupancy_cmpd_all_parts_1                                     (7.00%)
                 0      unc_iio_comp_buf_occupancy_cmpd_all_parts_2                                     (7.03%)
                 0      unc_iio_comp_buf_occupancy_cmpd_all_parts_3                                     (5.28%)
                 0      unc_iio_comp_buf_occupancy_cmpd_all_parts_4                                     (6.99%)
                 0      unc_iio_comp_buf_occupancy_cmpd_all_parts_5                                     (7.05%)
                 0      unc_iio_comp_buf_occupancy_cmpd_part0_0                                     (7.03%)
        11,312,559      unc_iio_comp_buf_occupancy_cmpd_part0_1                                     (7.02%)
                 0      unc_iio_comp_buf_occupancy_cmpd_part0_2                                     (7.03%)
                 0      unc_iio_comp_buf_occupancy_cmpd_part0_3                                     (7.03%)
                 0      unc_iio_comp_buf_occupancy_cmpd_part0_4                                     (7.03%)
                 0      unc_iio_comp_buf_occupancy_cmpd_part0_5                                     (7.03%)
            45,037      unc_iio_comp_buf_occupancy_cmpd_part1_0                                     (7.02%)
                 0      unc_iio_comp_buf_occupancy_cmpd_part1_1                                     (7.02%)
                 0      unc_iio_comp_buf_occupancy_cmpd_part1_2                                     (7.02%)
                 0      unc_iio_comp_buf_occupancy_cmpd_part1_3                                     (7.05%)
                 0      unc_iio_comp_buf_occupancy_cmpd_part1_4                                     (7.02%)
                 0      unc_iio_comp_buf_occupancy_cmpd_part1_5                                     (7.05%)
                 0      unc_iio_comp_buf_occupancy_cmpd_part2_0                                     (7.03%)
                 0      unc_iio_comp_buf_occupancy_cmpd_part2_1                                     (7.03%)
                 0      unc_iio_comp_buf_occupancy_cmpd_part2_2                                     (7.02%)
                 0      unc_iio_comp_buf_occupancy_cmpd_part2_3                                     (7.04%)
                 0      unc_iio_comp_buf_occupancy_cmpd_part2_4                                     (7.03%)
                 0      unc_iio_comp_buf_occupancy_cmpd_part2_5                                     (7.03%)
                 0      unc_iio_comp_buf_occupancy_cmpd_part3_0                                     (7.03%)
                 0      unc_iio_comp_buf_occupancy_cmpd_part3_1                                     (7.01%)
                 0      unc_iio_comp_buf_occupancy_cmpd_part3_2                                     (7.02%)
                 0      unc_iio_comp_buf_occupancy_cmpd_part3_3                                     (7.02%)
                 0      unc_iio_comp_buf_occupancy_cmpd_part3_4                                     (7.03%)
                 0      unc_iio_comp_buf_occupancy_cmpd_part3_5                                     (7.01%)
                 0      unc_iio_data_req_by_cpu_mem_read_part0_0                                     (7.00%)
                 0      unc_iio_data_req_by_cpu_mem_read_part0_1                                     (3.54%)
                 0      unc_iio_data_req_by_cpu_mem_read_part0_2                                     (7.02%)
                 0      unc_iio_data_req_by_cpu_mem_read_part0_3                                     (7.03%)
                 0      unc_iio_data_req_by_cpu_mem_read_part0_4                                     (3.55%)
                 0      unc_iio_data_req_by_cpu_mem_read_part0_5                                     (7.05%)
                 0      unc_iio_data_req_by_cpu_mem_read_part1_0                                     (5.27%)
                 0      unc_iio_data_req_by_cpu_mem_read_part1_1                                     (7.05%)
                 0      unc_iio_data_req_by_cpu_mem_read_part1_2                                     (7.02%)
                 0      unc_iio_data_req_by_cpu_mem_read_part1_3                                     (5.27%)
                 0      unc_iio_data_req_by_cpu_mem_read_part1_4                                     (7.06%)
                 0      unc_iio_data_req_by_cpu_mem_read_part1_5                                     (7.05%)
                 0      unc_iio_data_req_by_cpu_mem_read_part2_0                                     (7.02%)
                 0      unc_iio_data_req_by_cpu_mem_read_part2_1                                     (7.02%)
                 0      unc_iio_data_req_by_cpu_mem_read_part2_2                                     (7.02%)
                 0      unc_iio_data_req_by_cpu_mem_read_part2_3                                     (7.05%)
                 0      unc_iio_data_req_by_cpu_mem_read_part2_4                                     (7.04%)
                 0      unc_iio_data_req_by_cpu_mem_read_part2_5                                     (7.05%)
                 0      unc_iio_data_req_by_cpu_mem_read_part3_0                                     (7.01%)
                 0      unc_iio_data_req_by_cpu_mem_read_part3_1                                     (7.00%)
                 0      unc_iio_data_req_by_cpu_mem_read_part3_2                                     (7.02%)
                 0      unc_iio_data_req_by_cpu_mem_read_part3_3                                     (7.01%)
                 0      unc_iio_data_req_by_cpu_mem_read_part3_4                                     (6.97%)
                 0      unc_iio_data_req_by_cpu_mem_read_part3_5                                     (6.96%)
                 0      unc_iio_data_req_by_cpu_mem_write_part0_0                                     (7.00%)
                 0      unc_iio_data_req_by_cpu_mem_write_part0_1                                     (5.29%)
                 0      unc_iio_data_req_by_cpu_mem_write_part0_2                                     (5.27%)
                 0      unc_iio_data_req_by_cpu_mem_write_part0_3                                     (6.99%)
                 0      unc_iio_data_req_by_cpu_mem_write_part0_4                                     (5.28%)
                 0      unc_iio_data_req_by_cpu_mem_write_part0_5                                     (5.31%)
                 0      unc_iio_data_req_by_cpu_mem_write_part1_0                                     (7.02%)
                 0      unc_iio_data_req_by_cpu_mem_write_part1_1                                     (7.02%)
                 0      unc_iio_data_req_by_cpu_mem_write_part1_2                                     (7.02%)
                 0      unc_iio_data_req_by_cpu_mem_write_part1_3                                     (7.03%)
                 0      unc_iio_data_req_by_cpu_mem_write_part1_4                                     (7.03%)
                 0      unc_iio_data_req_by_cpu_mem_write_part1_5                                     (7.02%)
                 0      unc_iio_data_req_by_cpu_mem_write_part2_0                                     (7.02%)
                 0      unc_iio_data_req_by_cpu_mem_write_part2_1                                     (7.03%)
                 0      unc_iio_data_req_by_cpu_mem_write_part2_2                                     (7.02%)
                 0      unc_iio_data_req_by_cpu_mem_write_part2_3                                     (7.02%)
                 0      unc_iio_data_req_by_cpu_mem_write_part2_4                                     (7.03%)
                 0      unc_iio_data_req_by_cpu_mem_write_part2_5                                     (7.03%)
                 0      unc_iio_data_req_by_cpu_mem_write_part3_0                                     (7.02%)
                 0      unc_iio_data_req_by_cpu_mem_write_part3_1                                     (7.02%)
                 0      unc_iio_data_req_by_cpu_mem_write_part3_2                                     (7.02%)
                 0      unc_iio_data_req_by_cpu_mem_write_part3_3                                     (7.02%)
                 0      unc_iio_data_req_by_cpu_mem_write_part3_4                                     (7.03%)
                 0      unc_iio_data_req_by_cpu_mem_write_part3_5                                     (7.03%)
                 0      unc_iio_data_req_by_cpu_peer_read_part0_0                                     (7.02%)
                 0      unc_iio_data_req_by_cpu_peer_read_part0_1                                     (7.01%)
                 0      unc_iio_data_req_by_cpu_peer_read_part0_2                                     (7.02%)
                 0      unc_iio_data_req_by_cpu_peer_read_part0_3                                     (7.03%)
                 0      unc_iio_data_req_by_cpu_peer_read_part0_4                                     (7.04%)
                 0      unc_iio_data_req_by_cpu_peer_read_part0_5                                     (6.99%)
                 0      unc_iio_data_req_by_cpu_peer_read_part1_0                                     (7.02%)
                 0      unc_iio_data_req_by_cpu_peer_read_part1_1                                     (7.00%)
                 0      unc_iio_data_req_by_cpu_peer_read_part1_2                                     (7.02%)
                 0      unc_iio_data_req_by_cpu_peer_read_part1_3                                     (7.03%)
                 0      unc_iio_data_req_by_cpu_peer_read_part1_4                                     (7.00%)
                 0      unc_iio_data_req_by_cpu_peer_read_part1_5                                     (6.99%)
                 0      unc_iio_data_req_by_cpu_peer_read_part2_0                                     (7.02%)
                 0      unc_iio_data_req_by_cpu_peer_read_part2_1                                     (7.03%)
                 0      unc_iio_data_req_by_cpu_peer_read_part2_2                                     (7.02%)
                 0      unc_iio_data_req_by_cpu_peer_read_part2_3                                     (7.02%)
                 0      unc_iio_data_req_by_cpu_peer_read_part2_4                                     (7.02%)
                 0      unc_iio_data_req_by_cpu_peer_read_part2_5                                     (7.03%)
                 0      unc_iio_data_req_by_cpu_peer_read_part3_0                                     (7.01%)
                 0      unc_iio_data_req_by_cpu_peer_read_part3_1                                     (7.01%)
                 0      unc_iio_data_req_by_cpu_peer_read_part3_2                                     (7.02%)
                 0      unc_iio_data_req_by_cpu_peer_read_part3_3                                     (7.00%)
                 0      unc_iio_data_req_by_cpu_peer_read_part3_4                                     (7.01%)
                 0      unc_iio_data_req_by_cpu_peer_read_part3_5                                     (7.01%)
                 0      unc_iio_data_req_by_cpu_peer_write_part0_0                                     (7.02%)
                 0      unc_iio_data_req_by_cpu_peer_write_part0_1                                     (7.02%)
                 0      unc_iio_data_req_by_cpu_peer_write_part0_2                                     (7.01%)
                 0      unc_iio_data_req_by_cpu_peer_write_part0_3                                     (7.01%)
                 0      unc_iio_data_req_by_cpu_peer_write_part0_4                                     (7.01%)
                 0      unc_iio_data_req_by_cpu_peer_write_part0_5                                     (7.03%)
                 0      unc_iio_data_req_by_cpu_peer_write_part1_0                                     (7.01%)
                 0      unc_iio_data_req_by_cpu_peer_write_part1_1                                     (6.99%)
                 0      unc_iio_data_req_by_cpu_peer_write_part1_2                                     (7.02%)
                 0      unc_iio_data_req_by_cpu_peer_write_part1_3                                     (6.99%)
                 0      unc_iio_data_req_by_cpu_peer_write_part1_4                                     (7.02%)
                 0      unc_iio_data_req_by_cpu_peer_write_part1_5                                     (7.00%)
                 0      unc_iio_data_req_by_cpu_peer_write_part2_0                                     (5.26%)
                 0      unc_iio_data_req_by_cpu_peer_write_part2_1                                     (7.02%)
                 0      unc_iio_data_req_by_cpu_peer_write_part2_2                                     (3.51%)
                 0      unc_iio_data_req_by_cpu_peer_write_part2_3                                     (5.30%)
                 0      unc_iio_data_req_by_cpu_peer_write_part2_4                                     (7.05%)
                 0      unc_iio_data_req_by_cpu_peer_write_part2_5                                     (3.56%)
                 0      unc_iio_data_req_by_cpu_peer_write_part3_0                                     (5.29%)
                 0      unc_iio_data_req_by_cpu_peer_write_part3_1                                     (3.52%)
                 0      unc_iio_data_req_by_cpu_peer_write_part3_2                                     (3.51%)
                 0      unc_iio_data_req_by_cpu_peer_write_part3_3                                     (5.26%)
                 0      unc_iio_data_req_by_cpu_peer_write_part3_4                                     (3.49%)
                 0      unc_iio_data_req_by_cpu_peer_write_part3_5                                     (3.50%)
                 0      unc_iio_data_req_of_cpu_mem_read_part0_0                                     (7.02%)
                 0      unc_iio_data_req_of_cpu_mem_read_part0_1                                     (7.02%)
                 0      unc_iio_data_req_of_cpu_mem_read_part0_2                                     (7.02%)
                 0      unc_iio_data_req_of_cpu_mem_read_part0_3                                     (7.04%)
                 0      unc_iio_data_req_of_cpu_mem_read_part0_4                                     (7.04%)
                 0      unc_iio_data_req_of_cpu_mem_read_part0_5                                     (7.04%)
                 0      unc_iio_data_req_of_cpu_mem_read_part1_0                                     (7.02%)
                 0      unc_iio_data_req_of_cpu_mem_read_part1_1                                     (7.03%)
                 0      unc_iio_data_req_of_cpu_mem_read_part1_2                                     (7.02%)
                 0      unc_iio_data_req_of_cpu_mem_read_part1_3                                     (7.03%)
                 0      unc_iio_data_req_of_cpu_mem_read_part1_4                                     (7.04%)
                 0      unc_iio_data_req_of_cpu_mem_read_part1_5                                     (7.04%)
                 0      unc_iio_data_req_of_cpu_mem_read_part2_0                                     (5.25%)
                 0      unc_iio_data_req_of_cpu_mem_read_part2_1                                     (7.00%)
                 0      unc_iio_data_req_of_cpu_mem_read_part2_2                                     (7.02%)
                 0      unc_iio_data_req_of_cpu_mem_read_part2_3                                     (5.22%)
                 0      unc_iio_data_req_of_cpu_mem_read_part2_4                                     (5.23%)
                 0      unc_iio_data_req_of_cpu_mem_read_part2_5                                     (6.99%)
                 0      unc_iio_data_req_of_cpu_mem_read_part3_0                                     (7.00%)
                 0      unc_iio_data_req_of_cpu_mem_read_part3_1                                     (5.24%)
                 0      unc_iio_data_req_of_cpu_mem_read_part3_2                                     (7.02%)
                 0      unc_iio_data_req_of_cpu_mem_read_part3_3                                     (7.01%)
                 0      unc_iio_data_req_of_cpu_mem_read_part3_4                                     (5.28%)
                 0      unc_iio_data_req_of_cpu_mem_read_part3_5                                     (5.28%)
                 0      unc_iio_data_req_of_cpu_mem_write_part0_0                                     (7.03%)
                 0      unc_iio_data_req_of_cpu_mem_write_part0_1                                     (5.29%)
                 0      unc_iio_data_req_of_cpu_mem_write_part0_2                                     (5.26%)
                 0      unc_iio_data_req_of_cpu_mem_write_part0_3                                     (7.02%)
                 0      unc_iio_data_req_of_cpu_mem_write_part0_4                                     (7.02%)
                 0      unc_iio_data_req_of_cpu_mem_write_part0_5                                     (5.27%)
                 0      unc_iio_data_req_of_cpu_mem_write_part1_0                                     (7.03%)
                 0      unc_iio_data_req_of_cpu_mem_write_part1_1                                     (7.02%)
                 0      unc_iio_data_req_of_cpu_mem_write_part1_2                                     (5.26%)
                 0      unc_iio_data_req_of_cpu_mem_write_part1_3                                     (6.98%)
                 0      unc_iio_data_req_of_cpu_mem_write_part1_4                                     (6.97%)
                 0      unc_iio_data_req_of_cpu_mem_write_part1_5                                     (6.96%)
                 0      unc_iio_data_req_of_cpu_mem_write_part2_0                                     (7.01%)
                 0      unc_iio_data_req_of_cpu_mem_write_part2_1                                     (6.99%)
                 0      unc_iio_data_req_of_cpu_mem_write_part2_2                                     (7.02%)
                 0      unc_iio_data_req_of_cpu_mem_write_part2_3                                     (5.26%)
                 0      unc_iio_data_req_of_cpu_mem_write_part2_4                                     (6.98%)
                 0      unc_iio_data_req_of_cpu_mem_write_part2_5                                     (6.96%)
                 0      unc_iio_data_req_of_cpu_mem_write_part3_0                                     (5.25%)
                 0      unc_iio_data_req_of_cpu_mem_write_part3_1                                     (5.24%)
                 0      unc_iio_data_req_of_cpu_mem_write_part3_2                                     (7.02%)
                 0      unc_iio_data_req_of_cpu_mem_write_part3_3                                     (5.23%)
                 0      unc_iio_data_req_of_cpu_mem_write_part3_4                                     (5.23%)
                 0      unc_iio_data_req_of_cpu_mem_write_part3_5                                     (6.97%)
                 0      unc_iio_data_req_of_cpu_peer_read_part0_0                                     (5.24%)
                 0      unc_iio_data_req_of_cpu_peer_read_part0_1                                     (5.24%)
                 0      unc_iio_data_req_of_cpu_peer_read_part0_2                                     (5.26%)
                 0      unc_iio_data_req_of_cpu_peer_read_part0_3                                     (7.00%)
                 0      unc_iio_data_req_of_cpu_peer_read_part0_4                                     (5.26%)
                 0      unc_iio_data_req_of_cpu_peer_read_part0_5                                     (5.25%)
                 0      unc_iio_data_req_of_cpu_peer_read_part1_0                                     (5.27%)
                 0      unc_iio_data_req_of_cpu_peer_read_part1_1                                     (5.27%)
                 0      unc_iio_data_req_of_cpu_peer_read_part1_2                                     (3.51%)
                 0      unc_iio_data_req_of_cpu_peer_read_part1_3                                     (5.30%)
                 0      unc_iio_data_req_of_cpu_peer_read_part1_4                                     (5.29%)
                 0      unc_iio_data_req_of_cpu_peer_read_part1_5                                     (3.54%)
                 0      unc_iio_data_req_of_cpu_peer_read_part2_0                                     (3.52%)
                 0      unc_iio_data_req_of_cpu_peer_read_part2_1                                     (3.53%)
                 0      unc_iio_data_req_of_cpu_peer_read_part2_2                                     (3.51%)
                 0      unc_iio_data_req_of_cpu_peer_read_part2_3                                     (3.52%)
                 0      unc_iio_data_req_of_cpu_peer_read_part2_4                                     (3.53%)
                 0      unc_iio_data_req_of_cpu_peer_read_part2_5                                     (3.54%)
                 0      unc_iio_data_req_of_cpu_peer_read_part3_0                                     (3.51%)
                 0      unc_iio_data_req_of_cpu_peer_read_part3_1                                     (5.27%)
                 0      unc_iio_data_req_of_cpu_peer_read_part3_2                                     (5.26%)
                 0      unc_iio_data_req_of_cpu_peer_read_part3_3                                     (3.51%)
                 0      unc_iio_data_req_of_cpu_peer_read_part3_4                                     (3.52%)
                 0      unc_iio_data_req_of_cpu_peer_read_part3_5                                     (5.28%)
                 0      unc_iio_data_req_of_cpu_peer_write_part0_0                                     (5.26%)
                 0      unc_iio_data_req_of_cpu_peer_write_part0_1                                     (5.26%)
                 0      unc_iio_data_req_of_cpu_peer_write_part0_2                                     (7.02%)
                 0      unc_iio_data_req_of_cpu_peer_write_part0_3                                     (5.26%)
                 0      unc_iio_data_req_of_cpu_peer_write_part0_4                                     (5.26%)
                 0      unc_iio_data_req_of_cpu_peer_write_part0_5                                     (7.02%)
                 0      unc_iio_data_req_of_cpu_peer_write_part1_0                                     (7.02%)
                 0      unc_iio_data_req_of_cpu_peer_write_part1_1                                     (5.26%)
                 0      unc_iio_data_req_of_cpu_peer_write_part1_2                                     (5.26%)
                 0      unc_iio_data_req_of_cpu_peer_write_part1_3                                     (7.02%)
                 0      unc_iio_data_req_of_cpu_peer_write_part1_4                                     (7.02%)
                 0      unc_iio_data_req_of_cpu_peer_write_part1_5                                     (5.26%)
                 0      unc_iio_data_req_of_cpu_peer_write_part2_0                                     (7.02%)
                 0      unc_iio_data_req_of_cpu_peer_write_part2_1                                     (7.02%)
                 0      unc_iio_data_req_of_cpu_peer_write_part2_2                                     (5.26%)
                 0      unc_iio_data_req_of_cpu_peer_write_part2_3                                     (5.27%)
                 0      unc_iio_data_req_of_cpu_peer_write_part2_4                                     (7.03%)
                 0      unc_iio_data_req_of_cpu_peer_write_part2_5                                     (5.27%)
                 0      unc_iio_data_req_of_cpu_peer_write_part3_0                                     (5.26%)
                 0      unc_iio_data_req_of_cpu_peer_write_part3_1                                     (7.02%)
                 0      unc_iio_data_req_of_cpu_peer_write_part3_2                                     (7.02%)
                 0      unc_iio_data_req_of_cpu_peer_write_part3_3                                     (5.27%)
                 0      unc_iio_data_req_of_cpu_peer_write_part3_4                                     (7.02%)
                 0      unc_iio_data_req_of_cpu_peer_write_part3_5                                     (7.02%)
                 0      unc_iio_payload_bytes_in_mem_read_part0_0                                     (5.26%)
                 0      unc_iio_payload_bytes_in_mem_read_part0_1                                     (7.02%)
                 0      unc_iio_payload_bytes_in_mem_read_part0_2                                     (7.02%)
                 0      unc_iio_payload_bytes_in_mem_read_part0_3                                     (7.02%)
                 0      unc_iio_payload_bytes_in_mem_read_part0_4                                     (5.26%)
                 0      unc_iio_payload_bytes_in_mem_read_part0_5                                     (7.02%)
                 0      unc_iio_payload_bytes_in_mem_read_part1_0                                     (7.02%)
                 0      unc_iio_payload_bytes_in_mem_read_part1_1                                     (7.02%)
                 0      unc_iio_payload_bytes_in_mem_read_part1_2                                     (7.02%)
                 0      unc_iio_payload_bytes_in_mem_read_part1_3                                     (7.03%)
                 0      unc_iio_payload_bytes_in_mem_read_part1_4                                     (7.05%)
                 0      unc_iio_payload_bytes_in_mem_read_part1_5                                     (7.05%)
                 0      unc_iio_payload_bytes_in_mem_read_part2_0                                     (7.02%)
                 0      unc_iio_payload_bytes_in_mem_read_part2_1                                     (5.27%)
                 0      unc_iio_payload_bytes_in_mem_read_part2_2                                     (5.26%)
                 0      unc_iio_payload_bytes_in_mem_read_part2_3                                     (7.04%)
                 0      unc_iio_payload_bytes_in_mem_read_part2_4                                     (7.04%)
                 0      unc_iio_payload_bytes_in_mem_read_part2_5                                     (7.05%)
                 0      unc_iio_payload_bytes_in_mem_read_part3_0                                     (7.01%)
                 0      unc_iio_payload_bytes_in_mem_read_part3_1                                     (5.27%)
                 0      unc_iio_payload_bytes_in_mem_read_part3_2                                     (7.02%)
                 0      unc_iio_payload_bytes_in_mem_read_part3_3                                     (7.00%)
                 0      unc_iio_payload_bytes_in_mem_read_part3_4                                     (5.25%)
                 0      unc_iio_payload_bytes_in_mem_read_part3_5                                     (5.27%)
                 0      unc_iio_payload_bytes_in_mem_write_part0_0                                     (7.02%)
                 0      unc_iio_payload_bytes_in_mem_write_part0_1                                     (7.01%)
                 0      unc_iio_payload_bytes_in_mem_write_part0_2                                     (7.02%)
                 0      unc_iio_payload_bytes_in_mem_write_part0_3                                     (7.00%)
                 0      unc_iio_payload_bytes_in_mem_write_part0_4                                     (6.99%)
                 0      unc_iio_payload_bytes_in_mem_write_part0_5                                     (5.23%)
                 0      unc_iio_payload_bytes_in_mem_write_part1_0                                     (7.02%)
                 0      unc_iio_payload_bytes_in_mem_write_part1_1                                     (7.00%)
                 0      unc_iio_payload_bytes_in_mem_write_part1_2                                     (5.26%)
                 0      unc_iio_payload_bytes_in_mem_write_part1_3                                     (5.27%)
                 0      unc_iio_payload_bytes_in_mem_write_part1_4                                     (7.01%)
                 0      unc_iio_payload_bytes_in_mem_write_part1_5                                     (6.99%)
                 0      unc_iio_payload_bytes_in_mem_write_part2_0                                     (5.26%)
                 0      unc_iio_payload_bytes_in_mem_write_part2_1                                     (7.02%)
                 0      unc_iio_payload_bytes_in_mem_write_part2_2                                     (7.02%)
                 0      unc_iio_payload_bytes_in_mem_write_part2_3                                     (5.27%)
                 0      unc_iio_payload_bytes_in_mem_write_part2_4                                     (7.04%)
                 0      unc_iio_payload_bytes_in_mem_write_part2_5                                     (7.04%)
                 0      unc_iio_payload_bytes_in_mem_write_part3_0                                     (5.27%)
                 0      unc_iio_payload_bytes_in_mem_write_part3_1                                     (7.02%)
                 0      unc_iio_payload_bytes_in_mem_write_part3_2                                     (7.02%)
                 0      unc_iio_payload_bytes_in_mem_write_part3_3                                     (7.02%)
                 0      unc_iio_payload_bytes_in_mem_write_part3_4                                     (5.27%)
                 0      unc_iio_payload_bytes_in_mem_write_part3_5                                     (7.02%)
                 0      unc_iio_txn_req_by_cpu_mem_read_part0_0                                     (7.02%)
                 0      unc_iio_txn_req_by_cpu_mem_read_part0_1                                     (7.02%)
                 0      unc_iio_txn_req_by_cpu_mem_read_part0_2                                     (7.02%)
                 0      unc_iio_txn_req_by_cpu_mem_read_part0_3                                     (7.02%)
                 0      unc_iio_txn_req_by_cpu_mem_read_part0_4                                     (7.02%)
                 0      unc_iio_txn_req_by_cpu_mem_read_part0_5                                     (7.00%)
                 0      unc_iio_txn_req_by_cpu_mem_read_part1_0                                     (7.01%)
                 0      unc_iio_txn_req_by_cpu_mem_read_part1_1                                     (7.01%)
                 0      unc_iio_txn_req_by_cpu_mem_read_part1_2                                     (7.01%)
                 0      unc_iio_txn_req_by_cpu_mem_read_part1_3                                     (7.01%)
                 0      unc_iio_txn_req_by_cpu_mem_read_part1_4                                     (7.01%)
                 0      unc_iio_txn_req_by_cpu_mem_read_part1_5                                     (7.01%)
                 0      unc_iio_txn_req_by_cpu_mem_read_part2_0                                     (7.01%)
                 0      unc_iio_txn_req_by_cpu_mem_read_part2_1                                     (7.01%)
                 0      unc_iio_txn_req_by_cpu_mem_read_part2_2                                     (7.02%)
                 0      unc_iio_txn_req_by_cpu_mem_read_part2_3                                     (7.01%)
                 0      unc_iio_txn_req_by_cpu_mem_read_part2_4                                     (7.01%)
                 0      unc_iio_txn_req_by_cpu_mem_read_part2_5                                     (7.02%)
                 0      unc_iio_txn_req_by_cpu_mem_read_part3_0                                     (7.02%)
                 0      unc_iio_txn_req_by_cpu_mem_read_part3_1                                     (7.02%)
                 0      unc_iio_txn_req_by_cpu_mem_read_part3_2                                     (7.02%)
                 0      unc_iio_txn_req_by_cpu_mem_read_part3_3                                     (7.03%)
                 0      unc_iio_txn_req_by_cpu_mem_read_part3_4                                     (7.03%)
                 0      unc_iio_txn_req_by_cpu_mem_read_part3_5                                     (7.02%)
                 0      unc_iio_txn_req_by_cpu_mem_write_part0_0                                     (7.02%)
                 0      unc_iio_txn_req_by_cpu_mem_write_part0_1                                     (7.01%)
                 0      unc_iio_txn_req_by_cpu_mem_write_part0_2                                     (7.01%)
                 0      unc_iio_txn_req_by_cpu_mem_write_part0_3                                     (7.00%)
                 0      unc_iio_txn_req_by_cpu_mem_write_part0_4                                     (7.00%)
                 0      unc_iio_txn_req_by_cpu_mem_write_part0_5                                     (7.00%)
                 0      unc_iio_txn_req_by_cpu_mem_write_part1_0                                     (7.00%)
                 0      unc_iio_txn_req_by_cpu_mem_write_part1_1                                     (7.00%)
                 0      unc_iio_txn_req_by_cpu_mem_write_part1_2                                     (7.01%)
                 0      unc_iio_txn_req_by_cpu_mem_write_part1_3                                     (6.96%)
                 0      unc_iio_txn_req_by_cpu_mem_write_part1_4                                     (6.96%)
                 0      unc_iio_txn_req_by_cpu_mem_write_part1_5                                     (6.95%)

      70.072636028 seconds time elapsed

