# started on Tue Feb  6 06:08:05 2024


 Performance counter stats for 'system wide':

                 0      r8c7                                                          (11.69%)
                 0      r10c7                                                         (11.69%)
                 0      r20c7                                                         (10.39%)
                 0      r18c7                                                         (10.39%)
                 0      r40c7                                                         (10.40%)
                 0      r80c7                                                         (10.40%)
                 0      r18c7                                                         (10.40%)
    28,517,295,643      r3c7                                                          (10.40%)
    28,501,567,335      r1c7                                                          (10.40%)
                 0      r2c7                                                          (10.40%)
                 0      rfcc7                                                         (10.40%)
                 0      r1001eca                                                      (10.39%)
                 0      r1c6                                                          (10.39%)
                 0      r1c6                                                          (10.39%)
                 0      r1c6                                                          (10.39%)
                 0      r1c6                                                          (10.39%)
                 0      r1c6                                                          (5.19%)
   <not supported>      r1c6:p                                                      
                 0      r1c6                                                          (5.19%)
                 0      r1c6                                                          (5.19%)
                 0      r1c6                                                          (5.19%)
                 0      r1c6                                                          (5.19%)
                 0      r1c6                                                          (5.19%)
                 0      r1c6                                                          (5.19%)
                 0      r1c6                                                          (5.19%)
                 0      r1c6                                                          (5.19%)
                 0      r1c6                                                          (5.19%)
                 0      r1c6                                                          (5.19%)
                 0      r1c6                                                          (5.19%)
                 0      r1c6                                                          (5.19%)
                 0      r1c6                                                          (5.19%)
                 0      r4c8                                                          (6.49%)
                 0      r80c8                                                         (7.79%)
                 0      r8c8                                                          (9.09%)
                 0      r40c8                                                         (10.39%)
                 0      r10c8                                                         (10.39%)
                 0      r20c8                                                         (10.39%)
                 0      r2c8                                                          (10.39%)
                 0      r1c8                                                          (10.39%)
           565,840      r1cb                                                          (10.39%)
       368,325,934      r480                                                          (10.39%)
    42,496,120,120      r183                                                          (10.39%)
       134,818,946      r283                                                          (10.39%)
        86,616,110      r483                                                          (10.39%)
        87,276,642      r483                                                          (10.39%)
     8,143,806,980      r4fe                                                          (10.39%)
       268,136,125      r2fe                                                          (10.39%)
    28,410,282,936      r4001879                                                      (10.39%)
    56,794,292,548      r1001879                                                      (10.39%)
       606,345,292      r4002479                                                      (10.39%)
     1,765,113,192      r1002479                                                      (10.39%)
    56,348,795,198      r1000879                                                      (10.39%)
    56,721,888,044      r1001879                                                      (10.39%)
    28,366,478,179      r4001879                                                      (10.39%)
   171,164,992,902      r879                                                          (10.39%)
     1,136,271,100      r1000479                                                      (10.39%)
     3,010,040,786      r479                                                          (10.39%)
     1,012,412,722      r1003079                                                      (10.39%)
       389,568,153      r1001079                                                      (10.39%)
     1,565,061,524      r2079                                                         (10.39%)
       304,892,608      r1043079                                                      (10.39%)
     2,824,512,774      r3079                                                         (10.39%)
    32,404,306,459      r19c                                                          (10.39%)
       913,308,942      r400019c                                                      (10.39%)
   154,379,716,503      r180019c                                                      (10.39%)
     5,625,324,208      r300019c                                                      (10.39%)
    11,978,477,434      r200019c                                                      (10.39%)
    13,863,080,044      r100019c                                                      (10.39%)
           395,233      r187                                                          (10.39%)
     2,612,404,812      r155                                                          (10.39%)
   201,549,819,277      rc0                                                           (11.69%)
   201,597,445,799      rc0                                                           (11.69%)
       182,271,349      r2c0                                                          (11.69%)
   <not supported>      r1c0:p                                                      
   <not supported>      ra8001c0:p                                                  
       240,806,340      r800d                                                         (11.69%)
        29,928,535      r104010d                                                      (11.69%)
       171,466,430      r10d                                                          (11.69%)
       170,693,315      r20010d                                                       (11.69%)
           507,045      r1ae                                                          (11.69%)

      69.851942962 seconds time elapsed

