# started on Tue Feb  6 05:44:27 2024


 Performance counter stats for 'system wide':

                 0      r8c7                                                          (11.68%)
                 0      r10c7                                                         (11.68%)
                 0      r20c7                                                         (10.39%)
                 0      r18c7                                                         (10.39%)
                 0      r40c7                                                         (10.39%)
                 0      r80c7                                                         (10.39%)
                 0      r18c7                                                         (10.39%)
    28,208,962,941      r3c7                                                          (10.39%)
    28,205,822,996      r1c7                                                          (10.39%)
                 0      r2c7                                                          (10.39%)
                 0      rfcc7                                                         (10.39%)
                 0      r1001eca                                                      (10.39%)
                 0      r1c6                                                          (10.39%)
                 0      r1c6                                                          (10.39%)
                 0      r1c6                                                          (10.39%)
                 0      r1c6                                                          (10.39%)
                 0      r1c6                                                          (5.20%)
   <not supported>      r1c6:p                                                      
                 0      r1c6                                                          (5.20%)
                 0      r1c6                                                          (5.20%)
                 0      r1c6                                                          (5.20%)
                 0      r1c6                                                          (5.20%)
                 0      r1c6                                                          (5.20%)
                 0      r1c6                                                          (5.20%)
                 0      r1c6                                                          (5.20%)
                 0      r1c6                                                          (5.20%)
                 0      r1c6                                                          (5.20%)
                 0      r1c6                                                          (5.20%)
                 0      r1c6                                                          (5.20%)
                 0      r1c6                                                          (5.20%)
                 0      r1c6                                                          (5.20%)
                 0      r4c8                                                          (6.50%)
                 0      r80c8                                                         (7.80%)
                 0      r8c8                                                          (9.10%)
                 0      r40c8                                                         (10.39%)
                 0      r10c8                                                         (10.39%)
                 0      r20c8                                                         (10.39%)
                 0      r2c8                                                          (10.39%)
                 0      r1c8                                                          (10.39%)
           567,039      r1cb                                                          (10.39%)
       374,376,618      r480                                                          (10.39%)
    40,844,315,564      r183                                                          (10.39%)
       138,360,224      r283                                                          (10.39%)
        93,065,267      r483                                                          (10.39%)
        92,176,757      r483                                                          (10.39%)
     7,841,678,582      r4fe                                                          (10.39%)
       223,394,995      r2fe                                                          (10.39%)
    27,126,496,657      r4001879                                                      (10.39%)
    54,211,228,440      r1001879                                                      (10.39%)
       600,516,387      r4002479                                                      (10.40%)
     1,742,376,710      r1002479                                                      (10.40%)
    53,908,966,105      r1000879                                                      (10.39%)
    54,199,772,625      r1001879                                                      (10.39%)
    27,121,396,683      r4001879                                                      (10.39%)
   165,001,245,133      r879                                                          (10.39%)
     1,157,367,910      r1000479                                                      (10.39%)
     3,102,114,400      r479                                                          (10.39%)
       926,958,438      r1003079                                                      (10.39%)
       296,758,925      r1001079                                                      (10.39%)
     1,588,312,582      r2079                                                         (10.38%)
       274,382,812      r1043079                                                      (10.38%)
     2,549,132,756      r3079                                                         (10.38%)
    20,567,074,900      r19c                                                          (10.38%)
       979,731,581      r400019c                                                      (10.38%)
   160,515,720,535      r180019c                                                      (10.38%)
     4,846,186,431      r300019c                                                      (10.38%)
     7,103,901,961      r200019c                                                      (10.38%)
     7,371,236,147      r100019c                                                      (10.38%)
           703,282      r187                                                          (10.38%)
     2,592,676,431      r155                                                          (10.38%)
   194,109,846,398      rc0                                                           (11.68%)
   194,143,933,294      rc0                                                           (11.68%)
       136,223,497      r2c0                                                          (11.68%)
   <not supported>      r1c0:p                                                      
   <not supported>      ra8001c0:p                                                  
       220,709,730      r800d                                                         (11.68%)
        28,388,801      r104010d                                                      (11.68%)
       161,931,862      r10d                                                          (11.68%)
       161,410,046      r20010d                                                       (11.68%)
           497,515      r1ae                                                          (11.68%)

      69.814785672 seconds time elapsed

