# started on Tue Feb  6 06:30:30 2024


 Performance counter stats for 'system wide':

           346,810      r185                                                          (6.94%)
         3,782,030      r2085                                                         (8.33%)
        13,338,257      r1001085                                                      (9.72%)
           143,952      re85                                                          (11.11%)
                 0      r885                                                          (11.11%)
             3,897      r485                                                          (11.11%)
           148,450      r285                                                          (11.11%)
        14,949,016      r1085                                                         (11.11%)
     8,835,007,635      r151                                                          (11.11%)
    16,720,659,873      r248                                                          (11.11%)
   383,675,339,149      r148                                                          (11.11%)
   130,893,968,361      r1000148                                                      (11.11%)
   130,887,103,679      r1200148                                                      (11.11%)
     8,795,694,195      r1ff1                                                         (11.11%)
     8,084,686,180      r2f2                                                          (11.11%)
        94,424,618      r1f2                                                          (11.11%)
         7,436,174      r4f2                                                          (11.11%)
         7,380,291      r4f2                                                          (11.11%)
       128,389,917      re424                                                         (11.11%)
     1,332,774,692      re124                                                         (11.11%)
     1,324,716,034      r2724                                                         (11.11%)
     3,980,380,163      re724                                                         (11.11%)
     9,850,374,042      rf824                                                         (11.11%)
     2,521,984,131      re224                                                         (11.11%)
       101,748,088      rc424                                                         (11.11%)
        27,055,781      r2424                                                         (11.11%)
     1,230,353,700      rc124                                                         (11.11%)
       100,462,903      r2124                                                         (11.11%)
     8,786,729,189      r3f24                                                         (11.11%)
     2,383,158,232      rd824                                                         (11.11%)
     7,460,893,685      r3824                                                         (11.11%)
    13,827,030,933      rff24                                                         (11.11%)
     1,326,357,922      rc224                                                         (11.11%)
     1,194,166,532      r2224                                                         (11.11%)
     8,086,530,646      r40f0                                                         (11.11%)
             3,329      r803                                                          (11.11%)
         2,607,068      r203                                                          (11.11%)
       422,051,720      r107                                                          (11.11%)
           332,429      r14c                                                          (11.11%)
     7,658,333,131      r412e                                                         (11.11%)
     8,185,900,760      r4f2e                                                         (11.11%)
                 0      r40001a8                                                      (11.11%)
                 0      r10001a8                                                      (11.11%)
                 0      r40001a8                                                      (11.11%)
                 0      r1a8                                                          (11.11%)
         3,127,989      r10401c3                                                      (11.11%)
           770,574      r2c3                                                          (11.11%)
         1,215,370      r4c3                                                          (11.11%)
    43,577,870,857      r81d0                                                         (11.11%)
    31,261,679,533      r82d0                                                         (11.11%)
    74,834,699,447      r83d0                                                         (11.11%)
        10,915,257      r21d0                                                         (11.11%)
           272,794      r41d0                                                         (5.56%)
           847,856      r42d0                                                         (5.56%)
           254,493      r11d0                                                         (5.56%)
           162,218      r12d0                                                         (5.56%)
            43,311      r2d2                                                          (5.56%)
         1,403,853      r4d2                                                          (5.56%)
             5,524      r1d2                                                          (5.56%)
        10,744,488      r8d2                                                          (5.56%)
       485,856,013      r1d3                                                          (6.95%)
                 0      r2d3                                                          (8.33%)
                 0      r8d3                                                          (9.72%)
                 0      r4d3                                                          (11.11%)
                 0      r4d4                                                          (11.11%)
    21,964,579,792      r40d1                                                         (11.11%)
    19,578,495,537      r1d1                                                          (11.11%)
     2,054,224,502      r8d1                                                          (11.10%)
     1,432,492,292      r2d1                                                          (11.10%)
       624,271,468      r10d1                                                         (5.55%)
        10,573,149      r4d1                                                          (5.55%)
       610,677,960      r20d1                                                         (5.55%)
   <not supported>      r1cd:p                                                      
   <not supported>      r1cd:p                                                      
   <not supported>      r1cd:p                                                      
   <not supported>      r1cd:p                                                      
   <not supported>      r1cd:p                                                      
   <not supported>      r1cd:p                                                      
   <not supported>      r1cd:p                                                      
   <not supported>      r1cd:p                                                      

      69.973970320 seconds time elapsed

