# started on Tue Feb  6 05:55:04 2024


 Performance counter stats for 'system wide':

                 0      r8c7                                                          (11.69%)
                 0      r10c7                                                         (11.69%)
                 0      r20c7                                                         (10.39%)
                 0      r18c7                                                         (10.39%)
                 0      r40c7                                                         (10.39%)
                 0      r80c7                                                         (10.39%)
                 0      r18c7                                                         (10.39%)
    29,180,238,142      r3c7                                                          (10.40%)
    29,151,471,914      r1c7                                                          (10.40%)
                 0      r2c7                                                          (10.40%)
                 0      rfcc7                                                         (10.40%)
                 0      r1001eca                                                      (10.40%)
                 0      r1c6                                                          (10.40%)
                 0      r1c6                                                          (10.40%)
                 0      r1c6                                                          (10.40%)
                 0      r1c6                                                          (10.40%)
                 0      r1c6                                                          (5.20%)
   <not supported>      r1c6:p                                                      
                 0      r1c6                                                          (5.20%)
                 0      r1c6                                                          (5.20%)
                 0      r1c6                                                          (5.20%)
                 0      r1c6                                                          (5.20%)
                 0      r1c6                                                          (5.20%)
                 0      r1c6                                                          (5.20%)
                 0      r1c6                                                          (5.20%)
                 0      r1c6                                                          (5.20%)
                 0      r1c6                                                          (5.20%)
                 0      r1c6                                                          (5.20%)
                 0      r1c6                                                          (5.20%)
                 0      r1c6                                                          (5.20%)
                 0      r1c6                                                          (5.20%)
                 0      r4c8                                                          (6.50%)
                 0      r80c8                                                         (7.80%)
                 0      r8c8                                                          (9.09%)
                 0      r40c8                                                         (10.39%)
                 0      r10c8                                                         (10.39%)
                 0      r20c8                                                         (10.39%)
                 0      r2c8                                                          (10.39%)
                 0      r1c8                                                          (10.39%)
           564,835      r1cb                                                          (10.39%)
       347,887,216      r480                                                          (10.39%)
    41,631,106,459      r183                                                          (10.39%)
       130,351,043      r283                                                          (10.39%)
        86,053,651      r483                                                          (10.39%)
        85,013,884      r483                                                          (10.39%)
     8,034,448,341      r4fe                                                          (10.39%)
       211,632,885      r2fe                                                          (10.39%)
    27,757,158,669      r4001879                                                      (10.39%)
    55,500,386,686      r1001879                                                      (10.39%)
       571,974,926      r4002479                                                      (10.39%)
     1,644,520,226      r1002479                                                      (10.39%)
    55,236,196,834      r1000879                                                      (10.39%)
    55,547,487,629      r1001879                                                      (10.39%)
    27,792,536,835      r4001879                                                      (10.39%)
   169,402,417,969      r879                                                          (10.39%)
     1,059,287,418      r1000479                                                      (10.39%)
     2,850,821,079      r479                                                          (10.39%)
       904,983,941      r1003079                                                      (10.39%)
       292,782,860      r1001079                                                      (10.39%)
     1,560,216,360      r2079                                                         (10.39%)
       270,221,880      r1043079                                                      (10.39%)
     2,518,501,290      r3079                                                         (10.39%)
    28,377,796,706      r19c                                                          (10.39%)
       935,965,772      r400019c                                                      (10.39%)
   156,031,712,920      r180019c                                                      (10.39%)
     4,941,260,138      r300019c                                                      (10.39%)
    10,513,984,415      r200019c                                                      (10.39%)
    12,149,095,946      r100019c                                                      (10.39%)
           613,843      r187                                                          (10.39%)
     2,702,090,022      r155                                                          (10.39%)
   199,323,976,550      rc0                                                           (11.69%)
   199,347,765,669      rc0                                                           (11.69%)
       153,578,846      r2c0                                                          (11.69%)
   <not supported>      r1c0:p                                                      
   <not supported>      ra8001c0:p                                                  
       229,009,570      r800d                                                         (11.69%)
        30,048,581      r104010d                                                      (11.69%)
       170,559,424      r10d                                                          (11.69%)
       170,713,384      r20010d                                                       (11.69%)
           501,091      r1ae                                                          (11.69%)

      69.796015875 seconds time elapsed

