# started on Tue Feb  6 08:56:57 2024


 Performance counter stats for 'system wide':

                 0      r1b7                                                          (11.59%)
                 0      r1b7                                                          (11.59%)
                 0      r1b7                                                          (11.59%)
                 0      r1b7                                                          (11.59%)
                 0      r1b7                                                          (11.60%)
            47,214      r3fc1                                                         (11.60%)
     6,884,739,639      r159                                                          (11.60%)
   112,915,144,099      r1a2                                                          (11.60%)
    10,526,876,443      r8a2                                                          (11.60%)
                 0      r20cc                                                         (11.60%)
                 0      r40cc                                                         (11.60%)
    10,515,668,131      r15e                                                          (11.60%)
       609,938,693      r184015e                                                      (11.60%)
                 0      r4c9                                                          (11.60%)
                 0      r80c9                                                         (11.60%)
                 0      r8c9                                                          (11.60%)
                 0      r40c9                                                         (11.60%)
                 0      r10c9                                                         (11.60%)
                 0      r20c9                                                         (11.60%)
                 0      r2c9                                                          (11.60%)
                 0      r1c9                                                          (11.60%)
                 0      r10f4                                                         (11.60%)
                 0      r132                                                          (11.60%)
            28,907      r832                                                          (11.60%)
           688,604      r232                                                          (11.60%)
                 0      r432                                                          (11.60%)
           184,427      r1bd                                                          (11.60%)
            16,215      r20bd                                                         (11.60%)
                 0      r15d                                                          (11.60%)
                 0      r25d                                                          (11.60%)
                 0      r45d                                                          (11.60%)
                 0      r85d                                                          (11.60%)
                 0      r105d                                                         (11.60%)
                 0      r254                                                          (11.60%)
                 0      r154                                                          (11.60%)
                 0      r1054                                                         (11.60%)
                 0      r854                                                          (11.60%)
                 0      r2054                                                         (11.60%)
                 0      r454                                                          (11.60%)
                 0      r4054                                                         (11.60%)
    27,759,578,017      r1a1                                                          (11.60%)
    32,740,672,991      r2a1                                                          (11.60%)
    41,247,516,753      r4a1                                                          (11.60%)
    36,830,519,180      r8a1                                                          (11.60%)
    34,816,501,569      r10a1                                                         (11.60%)
    35,393,925,012      r20a1                                                         (11.59%)
    41,981,705,124      r40a1                                                         (11.59%)
     1,340,248,746      r80a1                                                         (11.59%)
   228,420,741,270      r2b1                                                          (11.59%)
    78,993,915,608      r10002b1                                                      (11.59%)
    63,616,539,781      r20002b1                                                      (11.59%)
    48,048,854,700      r30002b1                                                      (11.59%)
    25,259,733,246      r40002b1                                                      (11.59%)
   101,860,234,094      r18002b1                                                      (11.59%)
    78,916,714,999      r10001b1                                                      (11.59%)
    63,561,480,859      r20001b1                                                      (11.59%)
    48,010,196,453      r30001b1                                                      (11.59%)
    25,218,887,074      r40001b1                                                      (11.59%)
   101,788,402,984      r18001b1                                                      (11.59%)
   228,111,185,393      r1b1                                                          (11.59%)
         5,108,712      r10b1                                                         (11.59%)
   180,918,639,597      r10e                                                          (11.59%)
        50,903,491      r200e                                                         (11.59%)
   128,338,436,596      r180010e                                                      (11.59%)
                 0      r20e                                                          (11.59%)
    27,574,426,324      r4c2                                                          (11.59%)
   178,305,762,996      r2c2                                                          (11.59%)
   131,487,710,865      r18002c2                                                      (11.59%)
   180,720,646,432      r108002c2                                                     (11.59%)
   135,613,177,622      unc_c_clockticks_0                                            (36.40%)
   135,620,568,991      unc_c_clockticks_1                                            (36.33%)
   135,662,197,053      unc_c_clockticks_2                                            (36.31%)
   135,651,291,123      unc_c_clockticks_3                                            (36.30%)
   135,627,838,783      unc_c_clockticks_4                                            (36.37%)
   135,655,969,698      unc_c_clockticks_5                                            (36.31%)
   135,631,434,534      unc_c_clockticks_6                                            (36.37%)
   135,640,095,486      unc_c_clockticks_7                                            (36.35%)
            79,318      unc_c_fast_asserted_0                                         (36.31%)
            98,858      unc_c_fast_asserted_1                                         (36.29%)
            95,889      unc_c_fast_asserted_2                                         (36.27%)
            65,938      unc_c_fast_asserted_3                                         (36.27%)
            68,323      unc_c_fast_asserted_4                                         (36.37%)
            66,431      unc_c_fast_asserted_5                                         (36.33%)
         1,243,242      unc_c_fast_asserted_6                                         (36.35%)
         1,509,041      unc_c_fast_asserted_7                                         (36.35%)
                 0      unc_c_llc_lookup_data_read_0                                     (36.29%)
                 0      unc_c_llc_lookup_data_read_1                                     (36.33%)
                 0      unc_c_llc_lookup_data_read_2                                     (36.27%)
                 0      unc_c_llc_lookup_data_read_3                                     (36.25%)
                 0      unc_c_llc_lookup_data_read_4                                     (36.36%)
                 0      unc_c_llc_lookup_data_read_5                                     (36.35%)
                 0      unc_c_llc_lookup_data_read_6                                     (36.33%)
                 0      unc_c_llc_lookup_data_read_7                                     (36.31%)
                 0      unc_c_llc_lookup_remote_snoop_0                                     (36.31%)
                 0      unc_c_llc_lookup_remote_snoop_1                                     (36.33%)
                 0      unc_c_llc_lookup_remote_snoop_2                                     (36.27%)
                 0      unc_c_llc_lookup_remote_snoop_3                                     (36.23%)
                 0      unc_c_llc_lookup_remote_snoop_4                                     (36.37%)
                 0      unc_c_llc_lookup_remote_snoop_5                                     (36.30%)
                 0      unc_c_llc_lookup_remote_snoop_6                                     (36.35%)
                 0      unc_c_llc_lookup_remote_snoop_7                                     (36.31%)
        13,202,931      unc_c_llc_victims_e_state_0                                     (36.29%)
        13,047,178      unc_c_llc_victims_e_state_1                                     (36.26%)
        13,162,273      unc_c_llc_victims_e_state_2                                     (36.23%)
        13,321,177      unc_c_llc_victims_e_state_3                                     (36.21%)
        11,451,550      unc_c_llc_victims_e_state_4                                     (36.37%)
        13,135,526      unc_c_llc_victims_e_state_5                                     (36.27%)
        13,117,952      unc_c_llc_victims_e_state_6                                     (36.36%)
        13,176,318      unc_c_llc_victims_e_state_7                                     (36.34%)
                25      unc_c_llc_victims_f_state_0                                     (36.24%)
                28      unc_c_llc_victims_f_state_1                                     (36.25%)
                11      unc_c_llc_victims_f_state_2                                     (36.28%)
                 8      unc_c_llc_victims_f_state_3                                     (36.28%)
               148      unc_c_llc_victims_f_state_4                                     (36.37%)
                30      unc_c_llc_victims_f_state_5                                     (36.32%)
                30      unc_c_llc_victims_f_state_6                                     (36.40%)
                25      unc_c_llc_victims_f_state_7                                     (36.40%)
        54,639,444      unc_c_llc_victims_m_state_0                                     (36.24%)
        54,448,982      unc_c_llc_victims_m_state_1                                     (36.32%)
        54,540,681      unc_c_llc_victims_m_state_2                                     (36.41%)
        54,614,903      unc_c_llc_victims_m_state_3                                     (36.45%)
        53,737,791      unc_c_llc_victims_m_state_4                                     (36.37%)
        54,727,784      unc_c_llc_victims_m_state_5                                     (36.39%)
        54,495,555      unc_c_llc_victims_m_state_6                                     (36.42%)
        54,583,490      unc_c_llc_victims_m_state_7                                     (36.46%)
           235,266      unc_c_llc_victims_s_state_0                                     (36.35%)
           245,036      unc_c_llc_victims_s_state_1                                     (36.43%)
           253,461      unc_c_llc_victims_s_state_2                                     (36.51%)
           258,462      unc_c_llc_victims_s_state_3                                     (36.57%)
           209,982      unc_c_llc_victims_s_state_4                                     (36.37%)
           237,462      unc_c_llc_victims_s_state_5                                     (36.49%)
           233,898      unc_c_llc_victims_s_state_6                                     (36.39%)
           215,311      unc_c_llc_victims_s_state_7                                     (36.45%)
                 0      unc_c_tor_inserts_irq_0                                       (36.49%)
                 5      unc_c_tor_inserts_irq_1                                       (36.55%)
                 0      unc_c_tor_inserts_irq_2                                       (36.58%)
                 0      unc_c_tor_inserts_irq_3                                       (36.60%)
                 0      unc_c_tor_inserts_irq_4                                       (36.36%)
                 0      unc_c_tor_inserts_irq_5                                       (36.51%)
                 0      unc_c_tor_inserts_irq_6                                       (36.37%)
                 0      unc_c_tor_inserts_irq_7                                       (36.39%)
                 0      unc_c_tor_inserts_irq_hit_0                                     (36.57%)
                 0      unc_c_tor_inserts_irq_hit_1                                     (36.53%)
                 0      unc_c_tor_inserts_irq_hit_2                                     (36.51%)
                 0      unc_c_tor_inserts_irq_hit_3                                     (36.51%)
                 0      unc_c_tor_inserts_irq_hit_4                                     (36.36%)
                 0      unc_c_tor_inserts_irq_hit_5                                     (36.41%)
                 0      unc_c_tor_inserts_irq_hit_6                                     (36.35%)
                 0      unc_c_tor_inserts_irq_hit_7                                     (36.35%)
                 0      unc_c_tor_inserts_irq_miss_0                                     (36.53%)
                 0      unc_c_tor_inserts_irq_miss_1                                     (36.41%)
                 0      unc_c_tor_inserts_irq_miss_2                                     (36.37%)
                 0      unc_c_tor_inserts_irq_miss_3                                     (36.36%)
                 0      unc_c_tor_inserts_irq_miss_4                                     (36.36%)
                 0      unc_c_tor_inserts_irq_miss_5                                     (36.35%)
                 0      unc_c_tor_inserts_irq_miss_6                                     (36.34%)
                 0      unc_c_tor_inserts_irq_miss_7                                     (36.32%)

      69.874360719 seconds time elapsed

