# started on Tue Feb  6 08:34:30 2024


 Performance counter stats for 'system wide':

                 0      r1b7                                                          (11.59%)
                 0      r1b7                                                          (11.60%)
                 0      r1b7                                                          (11.60%)
                 0      r1b7                                                          (11.60%)
                 0      r1b7                                                          (11.60%)
            47,860      r3fc1                                                         (11.60%)
     8,559,414,928      r159                                                          (11.60%)
   108,848,655,164      r1a2                                                          (11.60%)
     6,686,763,257      r8a2                                                          (11.60%)
                 0      r20cc                                                         (11.60%)
                 0      r40cc                                                         (11.60%)
     8,338,969,899      r15e                                                          (11.60%)
       413,753,829      r184015e                                                      (11.60%)
                 0      r4c9                                                          (11.60%)
                 0      r80c9                                                         (11.60%)
                 0      r8c9                                                          (11.60%)
                 0      r40c9                                                         (11.60%)
                 0      r10c9                                                         (11.60%)
                 0      r20c9                                                         (11.60%)
                 0      r2c9                                                          (11.60%)
                 0      r1c9                                                          (11.59%)
                 0      r10f4                                                         (11.59%)
                 0      r132                                                          (11.59%)
            35,395      r832                                                          (11.59%)
            73,732      r232                                                          (11.59%)
                 0      r432                                                          (11.59%)
           211,998      r1bd                                                          (11.59%)
            31,004      r20bd                                                         (11.59%)
                 0      r15d                                                          (11.59%)
                 0      r25d                                                          (11.59%)
                 0      r45d                                                          (11.59%)
                 0      r85d                                                          (11.59%)
                 0      r105d                                                         (11.59%)
                 0      r254                                                          (11.59%)
                 0      r154                                                          (11.59%)
                 0      r1054                                                         (11.59%)
                 0      r854                                                          (11.59%)
                 0      r2054                                                         (11.59%)
                 0      r454                                                          (11.59%)
                 0      r4054                                                         (11.59%)
    35,762,207,068      r1a1                                                          (11.59%)
    40,000,910,480      r2a1                                                          (11.59%)
    39,545,527,607      r4a1                                                          (11.59%)
    36,112,720,495      r8a1                                                          (11.59%)
    32,907,281,050      r10a1                                                         (11.59%)
    34,445,219,108      r20a1                                                         (11.59%)
    41,612,013,975      r40a1                                                         (11.59%)
     1,216,709,438      r80a1                                                         (11.59%)
   221,190,524,977      r2b1                                                          (11.59%)
    80,280,328,950      r10002b1                                                      (11.59%)
    64,366,623,866      r20002b1                                                      (11.59%)
    45,882,304,774      r30002b1                                                      (11.59%)
    21,961,450,084      r40002b1                                                      (11.59%)
    96,243,741,621      r18002b1                                                      (11.59%)
    80,283,215,341      r10001b1                                                      (11.59%)
    64,412,744,885      r20001b1                                                      (11.59%)
    45,932,329,372      r30001b1                                                      (11.59%)
    21,966,863,063      r40001b1                                                      (11.59%)
    96,374,684,702      r18001b1                                                      (11.59%)
   221,483,290,887      r1b1                                                          (11.59%)
         5,152,769      r10b1                                                         (11.59%)
   176,033,380,063      r10e                                                          (11.59%)
        51,404,524      r200e                                                         (11.59%)
   127,800,265,292      r180010e                                                      (11.59%)
                 0      r20e                                                          (11.59%)
    26,493,791,091      r4c2                                                          (11.59%)
   173,133,509,597      r2c2                                                          (11.59%)
   126,415,221,835      r18002c2                                                      (11.59%)
   176,666,421,082      r108002c2                                                     (11.59%)
   136,090,986,423      unc_c_clockticks_0                                            (36.37%)
   136,155,013,241      unc_c_clockticks_1                                            (36.35%)
   136,186,341,643      unc_c_clockticks_2                                            (36.33%)
   136,179,256,038      unc_c_clockticks_3                                            (36.37%)
   136,184,830,106      unc_c_clockticks_4                                            (36.35%)
   136,186,620,966      unc_c_clockticks_5                                            (36.33%)
   136,172,785,186      unc_c_clockticks_6                                            (36.32%)
   136,158,656,885      unc_c_clockticks_7                                            (36.30%)
             5,346      unc_c_fast_asserted_0                                         (36.36%)
            12,105      unc_c_fast_asserted_1                                         (36.36%)
            52,121      unc_c_fast_asserted_2                                         (36.37%)
           107,112      unc_c_fast_asserted_3                                         (36.32%)
           116,533      unc_c_fast_asserted_4                                         (36.32%)
            32,315      unc_c_fast_asserted_5                                         (36.32%)
         1,193,897      unc_c_fast_asserted_6                                         (36.32%)
         1,123,798      unc_c_fast_asserted_7                                         (36.32%)
                 0      unc_c_llc_lookup_data_read_0                                     (36.36%)
                 0      unc_c_llc_lookup_data_read_1                                     (36.35%)
                 0      unc_c_llc_lookup_data_read_2                                     (36.33%)
                 0      unc_c_llc_lookup_data_read_3                                     (36.27%)
                 0      unc_c_llc_lookup_data_read_4                                     (36.25%)
                 0      unc_c_llc_lookup_data_read_5                                     (36.24%)
                 0      unc_c_llc_lookup_data_read_6                                     (36.22%)
                 0      unc_c_llc_lookup_data_read_7                                     (36.21%)
                 0      unc_c_llc_lookup_remote_snoop_0                                     (36.36%)
                 0      unc_c_llc_lookup_remote_snoop_1                                     (36.33%)
                 0      unc_c_llc_lookup_remote_snoop_2                                     (36.30%)
                 0      unc_c_llc_lookup_remote_snoop_3                                     (36.31%)
                 0      unc_c_llc_lookup_remote_snoop_4                                     (36.28%)
                 0      unc_c_llc_lookup_remote_snoop_5                                     (36.25%)
                 0      unc_c_llc_lookup_remote_snoop_6                                     (36.21%)
                 0      unc_c_llc_lookup_remote_snoop_7                                     (36.18%)
        15,170,756      unc_c_llc_victims_e_state_0                                     (36.36%)
        15,160,653      unc_c_llc_victims_e_state_1                                     (36.35%)
        15,235,461      unc_c_llc_victims_e_state_2                                     (36.33%)
        15,339,352      unc_c_llc_victims_e_state_3                                     (36.36%)
        15,264,687      unc_c_llc_victims_e_state_4                                     (36.34%)
        15,399,658      unc_c_llc_victims_e_state_5                                     (36.32%)
        15,367,507      unc_c_llc_victims_e_state_6                                     (36.30%)
        15,289,541      unc_c_llc_victims_e_state_7                                     (36.29%)
                44      unc_c_llc_victims_f_state_0                                     (36.36%)
                28      unc_c_llc_victims_f_state_1                                     (36.36%)
                17      unc_c_llc_victims_f_state_2                                     (36.36%)
                16      unc_c_llc_victims_f_state_3                                     (36.45%)
                19      unc_c_llc_victims_f_state_4                                     (36.45%)
                25      unc_c_llc_victims_f_state_5                                     (36.45%)
                11      unc_c_llc_victims_f_state_6                                     (36.45%)
                22      unc_c_llc_victims_f_state_7                                     (36.45%)
        44,726,645      unc_c_llc_victims_m_state_0                                     (36.36%)
        44,731,823      unc_c_llc_victims_m_state_1                                     (36.39%)
        44,814,275      unc_c_llc_victims_m_state_2                                     (36.42%)
        44,735,573      unc_c_llc_victims_m_state_3                                     (36.51%)
        44,676,883      unc_c_llc_victims_m_state_4                                     (36.54%)
        44,767,723      unc_c_llc_victims_m_state_5                                     (36.57%)
        44,737,878      unc_c_llc_victims_m_state_6                                     (36.61%)
        44,701,916      unc_c_llc_victims_m_state_7                                     (36.64%)
           239,813      unc_c_llc_victims_s_state_0                                     (36.36%)
           244,415      unc_c_llc_victims_s_state_1                                     (36.42%)
           249,368      unc_c_llc_victims_s_state_2                                     (36.47%)
           258,986      unc_c_llc_victims_s_state_3                                     (36.42%)
           227,826      unc_c_llc_victims_s_state_4                                     (36.47%)
           242,474      unc_c_llc_victims_s_state_5                                     (36.52%)
           256,362      unc_c_llc_victims_s_state_6                                     (36.57%)
           233,846      unc_c_llc_victims_s_state_7                                     (36.62%)
                 0      unc_c_tor_inserts_irq_0                                       (36.36%)
                 0      unc_c_tor_inserts_irq_1                                       (36.38%)
                 0      unc_c_tor_inserts_irq_2                                       (36.40%)
                 0      unc_c_tor_inserts_irq_3                                       (36.37%)
                 0      unc_c_tor_inserts_irq_4                                       (36.39%)
                 0      unc_c_tor_inserts_irq_5                                       (36.41%)
                 0      unc_c_tor_inserts_irq_6                                       (36.43%)
                 0      unc_c_tor_inserts_irq_7                                       (36.44%)
                 0      unc_c_tor_inserts_irq_hit_0                                     (36.37%)
                 0      unc_c_tor_inserts_irq_hit_1                                     (36.37%)
                 0      unc_c_tor_inserts_irq_hit_2                                     (36.37%)
                 0      unc_c_tor_inserts_irq_hit_3                                     (36.32%)
                 0      unc_c_tor_inserts_irq_hit_4                                     (36.32%)
                 0      unc_c_tor_inserts_irq_hit_5                                     (36.32%)
                 0      unc_c_tor_inserts_irq_hit_6                                     (36.32%)
                 0      unc_c_tor_inserts_irq_hit_7                                     (36.32%)
                 0      unc_c_tor_inserts_irq_miss_0                                     (36.37%)
                 0      unc_c_tor_inserts_irq_miss_1                                     (36.35%)
                 0      unc_c_tor_inserts_irq_miss_2                                     (36.33%)
                 0      unc_c_tor_inserts_irq_miss_3                                     (36.32%)
                 0      unc_c_tor_inserts_irq_miss_4                                     (36.30%)
                 0      unc_c_tor_inserts_irq_miss_5                                     (36.28%)
                 0      unc_c_tor_inserts_irq_miss_6                                     (36.27%)
                 0      unc_c_tor_inserts_irq_miss_7                                     (36.25%)

      69.846798078 seconds time elapsed

