# started on Tue Feb  6 07:05:56 2024


 Performance counter stats for 'system wide':

         1,820,157      r109                                                          (10.00%)
     5,020,464,380      r8b0                                                          (10.00%)
    17,382,012,113      r80b0                                                         (10.00%)
        25,833,359      r2b0                                                          (10.00%)
       869,102,606      r1b0                                                          (10.00%)
     2,655,659,419      r4b0                                                          (10.00%)
       126,485,033      r10b0                                                         (10.00%)
    83,826,340,472      r1b2                                                          (10.00%)
 1,224,986,690,510      r860                                                          (10.00%)
   142,734,555,816      r1000860                                                      (10.00%)
       565,080,124      r1000260                                                      (10.00%)
    72,606,384,713      r1000160                                                      (10.00%)
   137,824,519,318      r1000460                                                      (10.00%)
    18,594,107,899      r1001060                                                      (10.00%)
     2,060,026,644      r260                                                          (10.00%)
   137,287,049,493      r160                                                          (10.00%)
       489,416,644      r6000160                                                      (10.00%)
   641,455,037,897      r460                                                          (10.00%)
    33,300,826,075      r1060                                                         (10.00%)
       154,641,449      r6001060                                                      (10.00%)
                 0      r1b7                                                          (10.00%)
                 0      r1b7                                                          (10.00%)
                 0      r1b7                                                          (10.00%)
                 0      r1b7                                                          (10.00%)
                 0      r1b7                                                          (10.00%)
                 0      r1b7                                                          (10.00%)
                 0      r1b7                                                          (10.00%)
                 0      r1b7                                                          (10.00%)
                 0      r1b7                                                          (10.00%)
                 0      r1b7                                                          (10.01%)
                 0      r1b7                                                          (10.01%)
                 0      r1b7                                                          (10.01%)
                 0      r1b7                                                          (10.01%)
                 0      r1b7                                                          (10.01%)
                 0      r1b7                                                          (10.01%)
                 0      r1b7                                                          (10.01%)
                 0      r1b7                                                          (10.01%)
                 0      r1b7                                                          (10.01%)
                 0      r1b7                                                          (10.01%)
                 0      r1b7                                                          (10.01%)
                 0      r1b7                                                          (10.01%)
                 0      r1b7                                                          (10.01%)
                 0      r1b7                                                          (10.01%)
                 0      r1b7                                                          (10.01%)
                 0      r1b7                                                          (10.01%)
                 0      r1b7                                                          (10.01%)
                 0      r1b7                                                          (10.01%)
                 0      r1b7                                                          (10.01%)
                 0      r1b7                                                          (10.01%)
                 0      r1b7                                                          (10.01%)
                 0      r1b7                                                          (10.01%)
                 0      r1b7                                                          (10.00%)
                 0      r1b7                                                          (10.00%)
                 0      r1b7                                                          (10.00%)
                 0      r1b7                                                          (10.00%)
                 0      r1b7                                                          (10.00%)
                 0      r1b7                                                          (10.00%)
                 0      r1b7                                                          (10.00%)
                 0      r1b7                                                          (10.00%)
                 0      r1b7                                                          (9.99%)
                 0      r1b7                                                          (9.99%)
                 0      r1b7                                                          (9.99%)
                 0      r1b7                                                          (10.00%)
                 0      r1b7                                                          (9.99%)
                 0      r1b7                                                          (9.99%)
                 0      r1b7                                                          (9.99%)
                 0      r1b7                                                          (9.99%)
                 0      r1b7                                                          (9.99%)
                 0      r1b7                                                          (9.99%)
                 0      r1b7                                                          (9.99%)
                 0      r1b7                                                          (9.99%)
                 0      r1b7                                                          (9.99%)
                 0      r1b7                                                          (9.99%)
                 0      r1b7                                                          (9.99%)
                 0      r1b7                                                          (9.99%)
                 0      r1b7                                                          (9.99%)
                 0      r1b7                                                          (9.99%)
                 0      r1b7                                                          (9.99%)
                 0      r1b7                                                          (10.00%)
                 0      r1b7                                                          (10.00%)

      69.814055258 seconds time elapsed

