# started on Mon Feb  5 08:21:57 2024


 Performance counter stats for 'system wide':

   169,444,605,823      r728                                                          (44.44%)
                 0      r1828                                                         (44.44%)
                 0      r2028                                                         (44.44%)
           223,037      r4028                                                         (44.44%)
           935,524      r20ef                                                         (44.44%)
         6,380,876      r10ef                                                         (44.45%)
        10,668,059      r2ef                                                          (44.45%)
       162,133,257      r1ef                                                          (44.45%)
         2,727,739      r40ef                                                         (44.45%)
         2,274,154      r8ef                                                          (44.45%)
            19,870      r4ef                                                          (44.45%)
           566,539      r1cb                                                          (44.45%)
     7,423,873,328      r4fe                                                          (44.45%)
       484,631,276      r2fe                                                          (44.45%)
                18      r132                                                          (44.45%)
            71,665      r832                                                          (44.44%)
           611,877      r232                                                          (44.44%)
                 0      r432                                                          (44.44%)

      69.997956329 seconds time elapsed

