# started on Mon Feb  5 07:28:49 2024


 Performance counter stats for 'system wide':

    68,462,333,564      r20002a3                                                      (11.11%)
    51,983,169,184      r60006a3                                                      (11.11%)
                 0      r4c8                                                          (11.11%)
                 0      r80c8                                                         (11.11%)
                 0      r8c8                                                          (11.11%)
                 0      r40c8                                                         (11.11%)
                 0      r10c8                                                         (11.11%)
                 0      r20c8                                                         (11.12%)
                 0      r2c8                                                          (11.12%)
                 0      r1c8                                                          (11.12%)
           533,311      r2c3                                                          (11.12%)
   <not supported>      r1cd:p                                                      
   <not supported>      r1cd:p                                                      
   <not supported>      r1cd:p                                                      
   <not supported>      r1cd:p                                                      
   <not supported>      r1cd:p                                                      
   <not supported>      r1cd:p                                                      
   <not supported>      r1cd:p                                                      
   <not supported>      r1cd:p                                                      
       125,682,860      r10b0                                                         (11.12%)
    20,331,332,857      r1001060                                                      (11.12%)
    32,168,402,354      r1060                                                         (11.12%)
        18,972,089      r6001060                                                      (11.12%)
                 0      r1b7                                                          (11.12%)
                 0      r1b7                                                          (11.12%)
                 0      r1b7                                                          (11.12%)
                 0      r1b7                                                          (11.12%)
                 0      r1b7                                                          (11.12%)
                 0      r1b7                                                          (11.12%)
                 0      r1b7                                                          (11.12%)
                 0      r1b7                                                          (11.12%)
                 0      r1b7                                                          (11.12%)
                 0      r1b7                                                          (11.12%)
                 0      r1b7                                                          (11.12%)
                 0      r1b7                                                          (11.12%)
                 0      r1b7                                                          (11.12%)
                 0      r1b7                                                          (11.12%)
                 0      r1b7                                                          (11.12%)
                 0      r1b7                                                          (11.12%)
                 0      r1b7                                                          (11.12%)
                 0      r1b7                                                          (11.12%)
                 0      r1b7                                                          (11.12%)
                 0      r1b7                                                          (11.12%)
                 0      r1b7                                                          (11.12%)
                 0      r1b7                                                          (11.12%)
                 0      r1b7                                                          (11.12%)
                 0      r1b7                                                          (11.12%)
                 0      r1b7                                                          (11.12%)
                 0      r1b7                                                          (11.12%)
                 0      r1b7                                                          (11.11%)
                 0      r1b7                                                          (11.11%)
                 0      r1b7                                                          (11.11%)
                 0      r1b7                                                          (11.11%)
                 0      r1b7                                                          (11.11%)
                 0      r1b7                                                          (11.11%)
                 0      r1b7                                                          (11.11%)
                 0      r1b7                                                          (11.11%)
                 0      r1b7                                                          (11.11%)
                 0      r1b7                                                          (11.11%)
                 0      r1b7                                                          (11.11%)
                 0      r1b7                                                          (11.11%)
                 0      r1b7                                                          (11.11%)
                 0      r1b7                                                          (11.11%)
                 0      r1b7                                                          (11.11%)
                 0      r1b7                                                          (11.11%)
           525,924      offcore_response.other.l3_miss.any_snoop                                     (11.11%)
                 0      offcore_response.other.l3_miss.remote_hit_forward                                     (2.78%)
                 0      offcore_response.other.l3_miss.remote_hitm                                     (2.78%)
                 0      offcore_response.other.l3_miss.snoop_miss_or_no_fwd                                     (2.78%)
                 0      offcore_response.other.l3_miss_local_dram.snoop_miss_or_no_fwd                                     (2.78%)
                 0      offcore_response.other.l3_miss_remote_dram.snoop_miss_or_no_fwd                                     (2.78%)
                 0      r1b7                                                          (2.78%)
                 0      r1b7                                                          (4.17%)
                 0      r1b7                                                          (5.55%)
                 0      r1b7                                                          (6.94%)
                 0      r1b7                                                          (8.33%)
                 0      r1b7                                                          (9.72%)
                 0      r1b7                                                          (11.11%)
                 0      r1b7                                                          (11.11%)
                 0      r1b7                                                          (11.11%)

      69.882485810 seconds time elapsed

