# started on Tue Feb  6 08:33:19 2024


 Performance counter stats for 'system wide':

                 0      r1b7                                                          (11.59%)
                 0      r1b7                                                          (11.60%)
                 0      r1b7                                                          (11.60%)
                 0      r1b7                                                          (11.60%)
                 0      r1b7                                                          (11.60%)
            50,379      r3fc1                                                         (11.60%)
     7,878,366,200      r159                                                          (11.60%)
   109,505,581,605      r1a2                                                          (11.60%)
     6,803,848,087      r8a2                                                          (11.60%)
                 0      r20cc                                                         (11.60%)
                 0      r40cc                                                         (11.60%)
     8,286,785,576      r15e                                                          (11.60%)
       430,397,131      r184015e                                                      (11.60%)
                 0      r4c9                                                          (11.60%)
                 0      r80c9                                                         (11.60%)
                 0      r8c9                                                          (11.60%)
                 0      r40c9                                                         (11.60%)
                 0      r10c9                                                         (11.60%)
                 0      r20c9                                                         (11.60%)
                 0      r2c9                                                          (11.60%)
                 0      r1c9                                                          (11.60%)
                 0      r10f4                                                         (11.60%)
                26      r132                                                          (11.60%)
            34,156      r832                                                          (11.60%)
         1,267,537      r232                                                          (11.60%)
                 0      r432                                                          (11.59%)
           196,240      r1bd                                                          (11.59%)
            27,326      r20bd                                                         (11.59%)
                 0      r15d                                                          (11.59%)
                 0      r25d                                                          (11.59%)
                 0      r45d                                                          (11.59%)
                 0      r85d                                                          (11.59%)
                 0      r105d                                                         (11.59%)
                 0      r254                                                          (11.59%)
                 0      r154                                                          (11.59%)
                 0      r1054                                                         (11.59%)
                 0      r854                                                          (11.59%)
                 0      r2054                                                         (11.59%)
                 0      r454                                                          (11.59%)
                 0      r4054                                                         (11.59%)
    27,875,930,238      r1a1                                                          (11.59%)
    33,008,794,526      r2a1                                                          (11.59%)
    41,376,827,317      r4a1                                                          (11.59%)
    37,103,165,443      r8a1                                                          (11.59%)
    34,051,019,337      r10a1                                                         (11.59%)
    35,442,441,609      r20a1                                                         (11.59%)
    42,082,503,566      r40a1                                                         (11.59%)
     1,245,996,786      r80a1                                                         (11.59%)
   229,555,324,819      r2b1                                                          (11.59%)
    78,419,363,341      r10002b1                                                      (11.59%)
    63,566,804,404      r20002b1                                                      (11.59%)
    48,421,342,763      r30002b1                                                      (11.59%)
    25,924,470,021      r40002b1                                                      (11.59%)
   100,066,887,432      r18002b1                                                      (11.59%)
    78,454,918,923      r10001b1                                                      (11.59%)
    63,574,541,341      r20001b1                                                      (11.59%)
    48,386,757,617      r30001b1                                                      (11.59%)
    25,889,387,456      r40001b1                                                      (11.59%)
   100,173,844,575      r18001b1                                                      (11.59%)
   229,650,575,616      r1b1                                                          (11.59%)
         5,093,731      r10b1                                                         (11.59%)
   182,438,488,809      r10e                                                          (11.59%)
        51,476,267      r200e                                                         (11.59%)
   125,749,019,998      r180010e                                                      (11.59%)
                 0      r20e                                                          (11.59%)
    27,567,022,562      r4c2                                                          (11.59%)
   179,365,392,188      r2c2                                                          (11.59%)
   129,324,187,491      r18002c2                                                      (11.59%)
   178,270,500,290      r108002c2                                                     (11.59%)
   135,890,068,524      unc_c_clockticks_0                                            (36.37%)
   135,902,048,676      unc_c_clockticks_1                                            (36.35%)
   135,942,417,383      unc_c_clockticks_2                                            (36.33%)
   135,940,894,888      unc_c_clockticks_3                                            (36.31%)
   135,929,310,640      unc_c_clockticks_4                                            (36.35%)
   135,931,790,568      unc_c_clockticks_5                                            (36.33%)
   135,920,155,345      unc_c_clockticks_6                                            (36.31%)
   135,813,857,515      unc_c_clockticks_7                                            (36.37%)
            19,106      unc_c_fast_asserted_0                                         (36.35%)
            36,156      unc_c_fast_asserted_1                                         (36.35%)
            42,835      unc_c_fast_asserted_2                                         (36.35%)
            34,539      unc_c_fast_asserted_3                                         (36.35%)
            74,869      unc_c_fast_asserted_4                                         (36.28%)
           100,813      unc_c_fast_asserted_5                                         (36.29%)
         1,331,552      unc_c_fast_asserted_6                                         (36.29%)
         2,304,560      unc_c_fast_asserted_7                                         (36.37%)
                 0      unc_c_llc_lookup_data_read_0                                     (36.35%)
                 0      unc_c_llc_lookup_data_read_1                                     (36.34%)
                 0      unc_c_llc_lookup_data_read_2                                     (36.32%)
                 0      unc_c_llc_lookup_data_read_3                                     (36.30%)
                 0      unc_c_llc_lookup_data_read_4                                     (36.23%)
                 0      unc_c_llc_lookup_data_read_5                                     (36.22%)
                 0      unc_c_llc_lookup_data_read_6                                     (36.20%)
                 0      unc_c_llc_lookup_data_read_7                                     (36.37%)
                 0      unc_c_llc_lookup_remote_snoop_0                                     (36.37%)
                 0      unc_c_llc_lookup_remote_snoop_1                                     (36.34%)
                 0      unc_c_llc_lookup_remote_snoop_2                                     (36.30%)
                 0      unc_c_llc_lookup_remote_snoop_3                                     (36.27%)
                 0      unc_c_llc_lookup_remote_snoop_4                                     (36.28%)
                 0      unc_c_llc_lookup_remote_snoop_5                                     (36.24%)
                 0      unc_c_llc_lookup_remote_snoop_6                                     (36.21%)
                 0      unc_c_llc_lookup_remote_snoop_7                                     (36.37%)
        14,747,668      unc_c_llc_victims_e_state_0                                     (36.35%)
        14,664,828      unc_c_llc_victims_e_state_1                                     (36.33%)
        14,822,718      unc_c_llc_victims_e_state_2                                     (36.31%)
        14,865,071      unc_c_llc_victims_e_state_3                                     (36.29%)
        15,002,702      unc_c_llc_victims_e_state_4                                     (36.32%)
        15,095,143      unc_c_llc_victims_e_state_5                                     (36.30%)
        14,846,003      unc_c_llc_victims_e_state_6                                     (36.28%)
        13,134,951      unc_c_llc_victims_e_state_7                                     (36.36%)
                39      unc_c_llc_victims_f_state_0                                     (36.33%)
                19      unc_c_llc_victims_f_state_1                                     (36.33%)
                19      unc_c_llc_victims_f_state_2                                     (36.33%)
                47      unc_c_llc_victims_f_state_3                                     (36.32%)
                16      unc_c_llc_victims_f_state_4                                     (36.47%)
                16      unc_c_llc_victims_f_state_5                                     (36.47%)
                 3      unc_c_llc_victims_f_state_6                                     (36.47%)
                66      unc_c_llc_victims_f_state_7                                     (36.36%)
        44,838,110      unc_c_llc_victims_m_state_0                                     (36.34%)
        44,840,674      unc_c_llc_victims_m_state_1                                     (36.37%)
        44,908,970      unc_c_llc_victims_m_state_2                                     (36.41%)
        44,945,558      unc_c_llc_victims_m_state_3                                     (36.44%)
        45,080,671      unc_c_llc_victims_m_state_4                                     (36.57%)
        45,123,464      unc_c_llc_victims_m_state_5                                     (36.61%)
        44,947,936      unc_c_llc_victims_m_state_6                                     (36.64%)
        44,118,244      unc_c_llc_victims_m_state_7                                     (36.36%)
           253,422      unc_c_llc_victims_s_state_0                                     (36.36%)
           258,233      unc_c_llc_victims_s_state_1                                     (36.41%)
           262,055      unc_c_llc_victims_s_state_2                                     (36.47%)
           274,675      unc_c_llc_victims_s_state_3                                     (36.52%)
           258,821      unc_c_llc_victims_s_state_4                                     (36.47%)
           271,546      unc_c_llc_victims_s_state_5                                     (36.53%)
           281,524      unc_c_llc_victims_s_state_6                                     (36.58%)
           237,823      unc_c_llc_victims_s_state_7                                     (36.36%)
                 0      unc_c_tor_inserts_irq_0                                       (36.40%)
                 0      unc_c_tor_inserts_irq_1                                       (36.42%)
                 0      unc_c_tor_inserts_irq_2                                       (36.44%)
                 0      unc_c_tor_inserts_irq_3                                       (36.45%)
                 0      unc_c_tor_inserts_irq_4                                       (36.43%)
                 0      unc_c_tor_inserts_irq_5                                       (36.45%)
                 0      unc_c_tor_inserts_irq_6                                       (36.47%)
                 0      unc_c_tor_inserts_irq_7                                       (36.36%)
                 0      unc_c_tor_inserts_irq_hit_0                                     (36.42%)
                 0      unc_c_tor_inserts_irq_hit_1                                     (36.42%)
                 0      unc_c_tor_inserts_irq_hit_2                                     (36.42%)
                 0      unc_c_tor_inserts_irq_hit_3                                     (36.43%)
                 0      unc_c_tor_inserts_irq_hit_4                                     (36.32%)
                 0      unc_c_tor_inserts_irq_hit_5                                     (36.32%)
                 0      unc_c_tor_inserts_irq_hit_6                                     (36.32%)
                 0      unc_c_tor_inserts_irq_hit_7                                     (36.36%)
                 0      unc_c_tor_inserts_irq_miss_0                                     (36.38%)
                 0      unc_c_tor_inserts_irq_miss_1                                     (36.37%)
                 0      unc_c_tor_inserts_irq_miss_2                                     (36.35%)
                 0      unc_c_tor_inserts_irq_miss_3                                     (36.34%)
                 0      unc_c_tor_inserts_irq_miss_4                                     (36.30%)
                 0      unc_c_tor_inserts_irq_miss_5                                     (36.28%)
                 0      unc_c_tor_inserts_irq_miss_6                                     (36.26%)
                 0      unc_c_tor_inserts_irq_miss_7                                     (36.36%)

      69.852197476 seconds time elapsed

