# started on Tue Feb  6 09:05:12 2024


 Performance counter stats for 'system wide':

                 0      r1b7                                                          (11.59%)
                 0      r1b7                                                          (11.60%)
                 0      r1b7                                                          (11.60%)
                 0      r1b7                                                          (11.60%)
                 0      r1b7                                                          (11.60%)
            46,397      r3fc1                                                         (11.60%)
    12,302,319,257      r159                                                          (11.60%)
    99,471,381,722      r1a2                                                          (11.60%)
     7,333,030,927      r8a2                                                          (11.60%)
                 0      r20cc                                                         (11.60%)
                 0      r40cc                                                         (11.60%)
     9,965,281,638      r15e                                                          (11.60%)
       436,535,256      r184015e                                                      (11.60%)
                 0      r4c9                                                          (11.60%)
                 0      r80c9                                                         (11.60%)
                 0      r8c9                                                          (11.60%)
                 0      r40c9                                                         (11.60%)
                 0      r10c9                                                         (11.60%)
                 0      r20c9                                                         (11.60%)
                 0      r2c9                                                          (11.60%)
                 0      r1c9                                                          (11.60%)
                 0      r10f4                                                         (11.60%)
                 0      r132                                                          (11.60%)
            34,117      r832                                                          (11.60%)
            80,030      r232                                                          (11.59%)
                 0      r432                                                          (11.59%)
           193,526      r1bd                                                          (11.59%)
            14,603      r20bd                                                         (11.59%)
                17      r15d                                                          (11.59%)
                 0      r25d                                                          (11.59%)
                 0      r45d                                                          (11.59%)
                 0      r85d                                                          (11.59%)
                 0      r105d                                                         (11.59%)
                 0      r254                                                          (11.59%)
                 0      r154                                                          (11.59%)
                 0      r1054                                                         (11.59%)
                 0      r854                                                          (11.59%)
                 0      r2054                                                         (11.59%)
                 0      r454                                                          (11.59%)
                 0      r4054                                                         (11.59%)
    22,829,120,857      r1a1                                                          (11.59%)
    28,084,789,699      r2a1                                                          (11.59%)
    37,711,174,993      r4a1                                                          (11.59%)
    33,654,745,893      r8a1                                                          (11.59%)
    32,597,622,688      r10a1                                                         (11.59%)
    33,112,145,288      r20a1                                                         (11.59%)
    37,940,755,252      r40a1                                                         (11.59%)
     1,367,176,427      r80a1                                                         (11.59%)
   208,093,240,769      r2b1                                                          (11.59%)
    71,083,499,006      r10002b1                                                      (11.59%)
    57,746,001,411      r20002b1                                                      (11.59%)
    43,899,260,081      r30002b1                                                      (11.59%)
    23,479,856,136      r40002b1                                                      (11.59%)
    98,040,504,610      r18002b1                                                      (11.59%)
    71,022,004,109      r10001b1                                                      (11.59%)
    57,736,961,244      r20001b1                                                      (11.59%)
    43,907,538,559      r30001b1                                                      (11.59%)
    23,490,507,987      r40001b1                                                      (11.59%)
    98,113,523,138      r18001b1                                                      (11.59%)
   208,065,636,265      r1b1                                                          (11.59%)
         5,058,634      r10b1                                                         (11.59%)
   164,354,569,972      r10e                                                          (11.59%)
        49,166,973      r200e                                                         (11.59%)
   120,556,439,006      r180010e                                                      (11.59%)
                 0      r20e                                                          (11.59%)
    25,605,315,093      r4c2                                                          (11.59%)
   161,359,810,619      r2c2                                                          (11.59%)
   124,664,910,906      r18002c2                                                      (11.59%)
   169,026,007,049      r108002c2                                                     (11.59%)
   137,364,708,761      unc_c_clockticks_0                                            (36.36%)
   137,340,969,650      unc_c_clockticks_1                                            (36.33%)
   137,395,519,815      unc_c_clockticks_2                                            (36.32%)
   137,398,433,301      unc_c_clockticks_3                                            (36.31%)
   137,247,382,630      unc_c_clockticks_4                                            (36.37%)
   137,381,665,705      unc_c_clockticks_5                                            (36.36%)
   137,376,983,527      unc_c_clockticks_6                                            (36.35%)
   137,345,768,376      unc_c_clockticks_7                                            (36.34%)
            22,118      unc_c_fast_asserted_0                                         (36.32%)
             6,218      unc_c_fast_asserted_1                                         (36.33%)
            10,471      unc_c_fast_asserted_2                                         (36.32%)
            14,394      unc_c_fast_asserted_3                                         (36.32%)
            18,463      unc_c_fast_asserted_4                                         (36.37%)
             6,934      unc_c_fast_asserted_5                                         (36.37%)
           773,604      unc_c_fast_asserted_6                                         (36.37%)
           946,115      unc_c_fast_asserted_7                                         (36.37%)
                 0      unc_c_llc_lookup_data_read_0                                     (36.33%)
                 0      unc_c_llc_lookup_data_read_1                                     (36.37%)
                 0      unc_c_llc_lookup_data_read_2                                     (36.34%)
                 0      unc_c_llc_lookup_data_read_3                                     (36.33%)
                 0      unc_c_llc_lookup_data_read_4                                     (36.37%)
                 0      unc_c_llc_lookup_data_read_5                                     (36.36%)
                 0      unc_c_llc_lookup_data_read_6                                     (36.35%)
                 0      unc_c_llc_lookup_data_read_7                                     (36.34%)
                 0      unc_c_llc_lookup_remote_snoop_0                                     (36.36%)
                 0      unc_c_llc_lookup_remote_snoop_1                                     (36.33%)
                 0      unc_c_llc_lookup_remote_snoop_2                                     (36.30%)
                 0      unc_c_llc_lookup_remote_snoop_3                                     (36.28%)
                 0      unc_c_llc_lookup_remote_snoop_4                                     (36.37%)
                 0      unc_c_llc_lookup_remote_snoop_5                                     (36.35%)
                 0      unc_c_llc_lookup_remote_snoop_6                                     (36.33%)
                 0      unc_c_llc_lookup_remote_snoop_7                                     (36.31%)
        17,078,908      unc_c_llc_victims_e_state_0                                     (36.31%)
        16,858,843      unc_c_llc_victims_e_state_1                                     (36.28%)
        16,759,644      unc_c_llc_victims_e_state_2                                     (36.27%)
        16,800,504      unc_c_llc_victims_e_state_3                                     (36.26%)
        15,458,909      unc_c_llc_victims_e_state_4                                     (36.36%)
        15,750,192      unc_c_llc_victims_e_state_5                                     (36.35%)
        16,518,717      unc_c_llc_victims_e_state_6                                     (36.34%)
        16,807,892      unc_c_llc_victims_e_state_7                                     (36.33%)
                 0      unc_c_llc_victims_f_state_0                                     (36.27%)
                 0      unc_c_llc_victims_f_state_1                                     (36.32%)
                 0      unc_c_llc_victims_f_state_2                                     (36.34%)
                 0      unc_c_llc_victims_f_state_3                                     (36.33%)
                17      unc_c_llc_victims_f_state_4                                     (36.36%)
               121      unc_c_llc_victims_f_state_5                                     (36.36%)
                19      unc_c_llc_victims_f_state_6                                     (36.36%)
                 0      unc_c_llc_victims_f_state_7                                     (36.36%)
        58,987,959      unc_c_llc_victims_m_state_0                                     (36.32%)
        58,930,959      unc_c_llc_victims_m_state_1                                     (36.36%)
        58,717,756      unc_c_llc_victims_m_state_2                                     (36.41%)
        58,614,784      unc_c_llc_victims_m_state_3                                     (36.43%)
        57,485,537      unc_c_llc_victims_m_state_4                                     (36.36%)
        57,749,236      unc_c_llc_victims_m_state_5                                     (36.38%)
        58,395,918      unc_c_llc_victims_m_state_6                                     (36.40%)
        58,660,721      unc_c_llc_victims_m_state_7                                     (36.42%)
           232,394      unc_c_llc_victims_s_state_0                                     (36.38%)
           222,054      unc_c_llc_victims_s_state_1                                     (36.44%)
           225,829      unc_c_llc_victims_s_state_2                                     (36.49%)
           241,711      unc_c_llc_victims_s_state_3                                     (36.52%)
           198,543      unc_c_llc_victims_s_state_4                                     (36.36%)
           210,693      unc_c_llc_victims_s_state_5                                     (36.40%)
           234,184      unc_c_llc_victims_s_state_6                                     (36.43%)
           217,634      unc_c_llc_victims_s_state_7                                     (36.46%)
                 0      unc_c_tor_inserts_irq_0                                       (36.47%)
                 0      unc_c_tor_inserts_irq_1                                       (36.49%)
                 0      unc_c_tor_inserts_irq_2                                       (36.50%)
                 0      unc_c_tor_inserts_irq_3                                       (36.51%)
                 0      unc_c_tor_inserts_irq_4                                       (36.36%)
                 0      unc_c_tor_inserts_irq_5                                       (36.38%)
                 0      unc_c_tor_inserts_irq_6                                       (36.39%)
                 0      unc_c_tor_inserts_irq_7                                       (36.40%)
                 0      unc_c_tor_inserts_irq_hit_0                                     (36.50%)
                 0      unc_c_tor_inserts_irq_hit_1                                     (36.41%)
                 0      unc_c_tor_inserts_irq_hit_2                                     (36.40%)
                 0      unc_c_tor_inserts_irq_hit_3                                     (36.40%)
                 0      unc_c_tor_inserts_irq_hit_4                                     (36.36%)
                 0      unc_c_tor_inserts_irq_hit_5                                     (36.37%)
                 0      unc_c_tor_inserts_irq_hit_6                                     (36.37%)
                 0      unc_c_tor_inserts_irq_hit_7                                     (36.37%)
                 0      unc_c_tor_inserts_irq_miss_0                                     (36.41%)
                 0      unc_c_tor_inserts_irq_miss_1                                     (36.37%)
                 0      unc_c_tor_inserts_irq_miss_2                                     (36.35%)
                 0      unc_c_tor_inserts_irq_miss_3                                     (36.34%)
                 0      unc_c_tor_inserts_irq_miss_4                                     (36.36%)
                 0      unc_c_tor_inserts_irq_miss_5                                     (36.36%)
                 0      unc_c_tor_inserts_irq_miss_6                                     (36.34%)
                 0      unc_c_tor_inserts_irq_miss_7                                     (36.33%)

      69.850887628 seconds time elapsed

