# started on Mon Feb  5 02:13:33 2024


 Performance counter stats for 'system wide':

    28,269,605,042        branch-instructions       #   50.443 M/sec                    (18.86%)
        18,421,108        branch-misses             #    0.07% of all branches          (16.98%)
     1,869,878,310        bus-cycles                #    3.337 M/sec                    (16.98%)
     6,778,270,464        cache-misses              #   87.170 % of all cache refs      (16.98%)
     7,773,133,457        cache-references          #   13.870 M/sec                    (16.98%)
   169,793,289,931        cpu-cycles                #    0.303 GHz                      (16.98%)
   191,442,064,528        instructions              #    1.13  insn per cycle           (18.87%)
   157,166,190,462        ref-cycles                #  280.441 M/sec                    (20.76%)
                 0        alignment-faults          #    0.000 K/sec                  
                 0        bpf-output                #    0.000 K/sec                  
            19,962        context-switches          #    0.036 K/sec                  
        560,429.98 msec   cpu-clock                 #    7.999 CPUs utilized          
               214        cpu-migrations            #    0.000 K/sec                  
                 0        dummy                     #    0.000 K/sec                  
                 0        emulation-faults          #    0.000 K/sec                  
                 9        major-faults              #    0.000 K/sec                  
            47,270        minor-faults              #    0.084 K/sec                  
            47,251        page-faults               #    0.084 K/sec                  
        560,420.72 msec   task-clock                #    7.999 CPUs utilized          
     9,056,213,406        L1-dcache-load-misses     #   28.18% of all L1-dcache hits    (20.75%)
    32,139,086,644        L1-dcache-loads           #   57.348 M/sec                    (20.76%)
    34,851,170,257        L1-dcache-stores          #   62.187 M/sec                    (20.76%)
       171,846,963        L1-icache-load-misses                                         (20.76%)
       548,168,054        LLC-load-misses           #   96.28% of all LL-cache hits     (20.76%)
       569,341,717        LLC-loads                 #    1.016 M/sec                    (20.76%)
     2,064,697,411        LLC-store-misses          #    3.684 M/sec                    (3.77%)
     2,078,986,507        LLC-stores                #    3.710 M/sec                    (3.77%)
        18,293,254        branch-load-misses        #    0.033 M/sec                    (5.66%)
    28,281,527,167        branch-loads              #   50.464 M/sec                    (7.55%)
           385,059        dTLB-load-misses          #    0.00% of all dTLB cache hits   (9.44%)
    32,134,582,817        dTLB-loads                #   57.340 M/sec                    (11.32%)
           437,479        dTLB-store-misses         #    0.781 K/sec                    (13.21%)
    34,843,983,816        dTLB-stores               #   62.174 M/sec                    (15.10%)
           209,385        iTLB-load-misses          #    5.39% of all iTLB cache hits   (15.10%)
         3,884,345        iTLB-loads                #    0.007 M/sec                    (15.10%)
                 0        node-load-misses          #    0.000 K/sec                    (15.10%)
       549,317,307        node-loads                #    0.980 M/sec                    (15.10%)
                 0        node-store-misses         #    0.000 K/sec                    (3.77%)
     2,057,039,518        node-stores               #    3.670 M/sec                    (3.77%)
    28,320,108,969        branch-instructions       #   50.533 M/sec                    (5.66%)
        19,071,671        branch-misses             #    0.07% of all branches          (7.55%)
     1,868,829,914        bus-cycles                #    3.335 M/sec                    (9.44%)
     6,779,943,194        cache-misses              #   87.192 % of all cache refs      (11.32%)
     7,778,701,322        cache-references          #   13.880 M/sec                    (13.21%)
   169,540,703,128        cpu-cycles                #    0.303 GHz                      (15.10%)
                 0        cstate_core/c3-residency/ #    0.000 K/sec                  
                 0        cstate_core/c6-residency/ #    0.000 K/sec                  
                 0        cstate_core/c7-residency/ #    0.000 K/sec                  
                 0        cstate_pkg/c2-residency/  #    0.000 K/sec                  
                 0        cstate_pkg/c3-residency/  #    0.000 K/sec                  
                 0        cstate_pkg/c6-residency/  #    0.000 K/sec                  
                 0        cstate_pkg/c7-residency/  #    0.000 K/sec                  
                 0        cycles-ct                 #    0.000 K/sec                    (16.99%)
                 0        cycles-t                  #    0.000 K/sec                    (16.99%)
                 0        el-abort                  #    0.000 K/sec                    (16.99%)
                 0        el-capacity               #    0.000 K/sec                    (16.99%)
                 0        el-commit                 #    0.000 K/sec                    (16.99%)
                 0        el-conflict               #    0.000 K/sec                    (16.99%)
                 0        el-start                  #    0.000 K/sec                    (16.99%)
   191,250,832,368        instructions              #    1.13  insn per cycle           (18.87%)
     <not counted>        intel_pt//                                                    (0.00%)
                 0        mem-loads                 #    0.000 K/sec                    (18.87%)
    34,787,539,905        mem-stores                #   62.073 M/sec                    (16.99%)
   182,877,580,224        msr/aperf/                #  326.319 M/sec                  
               255 C      msr/cpu_thermal_margin/   #    0.000 K/sec                  
   186,766,784,763        msr/mperf/                #  333.259 M/sec                  
   182,872,634,240        msr/pperf/                #  326.310 M/sec                  
                 0        msr/smi/                  #    0.000 K/sec                  
 1,173,909,476,742        msr/tsc/                  # 2094.676 M/sec                  
          2,413.34 Joules power/energy-pkg/         #    0.004 K/sec                  
            581.60 Joules power/energy-ram/         #    0.001 K/sec                  
   157,434,680,117        ref-cycles                #  280.920 M/sec                    (18.87%)
    24,082,329,154        topdown-fetch-bubbles     #      3.5% frontend bound          (18.87%)
       894,698,980        topdown-recovery-bubbles  #      0.2% bad speculation         (18.87%)
   171,362,759,083        topdown-slots-issued      #     71.1% backend bound           (18.87%)
   170,694,862,617        topdown-slots-retired     #     25.1% retiring                (18.87%)
   678,978,803,272        topdown-total-slots       # 1211.542 M/sec                    (20.76%)
                 0        tx-abort                  #    0.000 K/sec                    (20.75%)
                 0        tx-capacity               #    0.000 K/sec                    (20.75%)
                 0        tx-commit                 #    0.000 K/sec                    (18.86%)

      70.062621533 seconds time elapsed

