# started on Tue Feb  6 06:16:20 2024


 Performance counter stats for 'system wide':

                 0      r8c7                                                          (11.69%)
                 0      r10c7                                                         (11.69%)
                 0      r20c7                                                         (10.39%)
                 0      r18c7                                                         (10.39%)
                 0      r40c7                                                         (10.39%)
                 0      r80c7                                                         (10.39%)
                 0      r18c7                                                         (10.40%)
    25,169,843,096      r3c7                                                          (10.40%)
    25,182,657,915      r1c7                                                          (10.40%)
                 0      r2c7                                                          (10.40%)
                 0      rfcc7                                                         (10.40%)
                 0      r1001eca                                                      (10.40%)
                 0      r1c6                                                          (10.40%)
                 0      r1c6                                                          (10.40%)
                 0      r1c6                                                          (10.40%)
                 0      r1c6                                                          (10.40%)
                 0      r1c6                                                          (5.20%)
   <not supported>      r1c6:p                                                      
                 0      r1c6                                                          (5.20%)
                 0      r1c6                                                          (5.20%)
                 0      r1c6                                                          (5.20%)
                 0      r1c6                                                          (5.20%)
                 0      r1c6                                                          (5.20%)
                 0      r1c6                                                          (5.20%)
                 0      r1c6                                                          (5.20%)
                 0      r1c6                                                          (5.20%)
                 0      r1c6                                                          (5.19%)
                 0      r1c6                                                          (5.19%)
                 0      r1c6                                                          (5.19%)
                 0      r1c6                                                          (5.19%)
                 0      r1c6                                                          (5.19%)
                 0      r4c8                                                          (6.49%)
                 0      r80c8                                                         (7.79%)
                 0      r8c8                                                          (9.09%)
                 0      r40c8                                                         (10.39%)
                 0      r10c8                                                         (10.39%)
                 0      r20c8                                                         (10.39%)
                 0      r2c8                                                          (10.39%)
                 0      r1c8                                                          (10.39%)
           565,880      r1cb                                                          (10.39%)
       383,576,075      r480                                                          (10.39%)
    41,588,569,154      r183                                                          (10.39%)
       134,724,396      r283                                                          (10.39%)
        85,919,593      r483                                                          (10.39%)
        85,757,522      r483                                                          (10.39%)
     7,830,703,109      r4fe                                                          (10.39%)
       263,035,061      r2fe                                                          (10.39%)
    27,267,347,487      r4001879                                                      (10.39%)
    54,518,120,073      r1001879                                                      (10.39%)
       573,408,510      r4002479                                                      (10.39%)
     1,666,017,593      r1002479                                                      (10.39%)
    54,134,469,890      r1000879                                                      (10.39%)
    54,519,943,380      r1001879                                                      (10.39%)
    27,273,597,165      r4001879                                                      (10.39%)
   161,896,873,481      r879                                                          (10.39%)
     1,067,745,369      r1000479                                                      (10.39%)
     2,860,637,369      r479                                                          (10.39%)
     1,003,371,826      r1003079                                                      (10.39%)
       392,125,566      r1001079                                                      (10.39%)
     1,560,062,333      r2079                                                         (10.39%)
       302,980,593      r1043079                                                      (10.39%)
     2,827,320,293      r3079                                                         (10.39%)
    29,435,849,294      r19c                                                          (10.39%)
       957,410,368      r400019c                                                      (10.39%)
   155,830,047,985      r180019c                                                      (10.39%)
     5,171,921,400      r300019c                                                      (10.39%)
    10,984,191,547      r200019c                                                      (10.39%)
    12,525,531,552      r100019c                                                      (10.39%)
           748,695      r187                                                          (10.39%)
     2,726,325,583      r155                                                          (10.39%)
   191,684,861,586      rc0                                                           (11.69%)
   191,725,783,327      rc0                                                           (11.69%)
       174,284,398      r2c0                                                          (11.69%)
   <not supported>      r1c0:p                                                      
   <not supported>      ra8001c0:p                                                  
       238,460,468      r800d                                                         (11.69%)
        30,321,902      r104010d                                                      (11.69%)
       172,447,544      r10d                                                          (11.69%)
       170,736,087      r20010d                                                       (11.69%)
           506,002      r1ae                                                          (11.69%)

      69.865129981 seconds time elapsed

