# started on Tue Feb  6 09:08:45 2024


 Performance counter stats for 'system wide':

                 0      r1b7                                                          (11.59%)
                 0      r1b7                                                          (11.59%)
                 0      r1b7                                                          (11.59%)
                 0      r1b7                                                          (11.59%)
                 0      r1b7                                                          (11.59%)
            47,652      r3fc1                                                         (11.59%)
     6,908,979,460      r159                                                          (11.59%)
   112,964,296,473      r1a2                                                          (11.59%)
     8,644,988,551      r8a2                                                          (11.59%)
                 0      r20cc                                                         (11.59%)
                 0      r40cc                                                         (11.59%)
     9,104,492,601      r15e                                                          (11.59%)
       481,918,848      r184015e                                                      (11.59%)
                 0      r4c9                                                          (11.59%)
                 0      r80c9                                                         (11.59%)
                 0      r8c9                                                          (11.59%)
                 0      r40c9                                                         (11.59%)
                 0      r10c9                                                         (11.59%)
                 0      r20c9                                                         (11.59%)
                 0      r2c9                                                          (11.59%)
                 0      r1c9                                                          (11.59%)
                 0      r10f4                                                         (11.59%)
                17      r132                                                          (11.60%)
            26,691      r832                                                          (11.60%)
               423      r232                                                          (11.60%)
                 0      r432                                                          (11.60%)
           183,339      r1bd                                                          (11.60%)
            13,711      r20bd                                                         (11.60%)
                 0      r15d                                                          (11.60%)
                 0      r25d                                                          (11.60%)
                 0      r45d                                                          (11.60%)
                 0      r85d                                                          (11.60%)
                 0      r105d                                                         (11.60%)
                 0      r254                                                          (11.60%)
                 0      r154                                                          (11.60%)
                 0      r1054                                                         (11.60%)
                 0      r854                                                          (11.60%)
                 0      r2054                                                         (11.60%)
                 0      r454                                                          (11.60%)
                 0      r4054                                                         (11.60%)
    26,114,564,555      r1a1                                                          (11.60%)
    31,690,959,105      r2a1                                                          (11.60%)
    41,465,491,663      r4a1                                                          (11.60%)
    36,827,705,102      r8a1                                                          (11.60%)
    36,245,729,942      r10a1                                                         (11.60%)
    36,178,090,336      r20a1                                                         (11.60%)
    41,469,078,246      r40a1                                                         (11.60%)
     1,325,386,290      r80a1                                                         (11.60%)
   227,586,198,709      r2b1                                                          (11.60%)
    78,747,827,616      r10002b1                                                      (11.60%)
    63,456,952,497      r20002b1                                                      (11.60%)
    47,873,551,461      r30002b1                                                      (11.60%)
    25,123,319,870      r40002b1                                                      (11.60%)
   102,159,473,988      r18002b1                                                      (11.60%)
    78,853,376,437      r10001b1                                                      (11.60%)
    63,538,477,462      r20001b1                                                      (11.60%)
    47,894,026,838      r30001b1                                                      (11.60%)
    25,116,768,249      r40001b1                                                      (11.60%)
   102,198,288,858      r18001b1                                                      (11.60%)
   227,648,160,498      r1b1                                                          (11.60%)
         5,092,530      r10b1                                                         (11.60%)
   179,320,100,378      r10e                                                          (11.60%)
        49,699,029      r200e                                                         (11.60%)
   128,381,510,112      r180010e                                                      (11.60%)
                 0      r20e                                                          (11.60%)
    28,171,610,311      r4c2                                                          (11.60%)
   176,466,009,529      r2c2                                                          (11.60%)
   132,082,440,463      r18002c2                                                      (11.60%)
   180,586,853,651      r108002c2                                                     (11.60%)
   135,609,483,291      unc_c_clockticks_0                                            (36.37%)
   135,644,495,137      unc_c_clockticks_1                                            (36.35%)
   135,679,490,560      unc_c_clockticks_2                                            (36.33%)
   135,679,731,754      unc_c_clockticks_3                                            (36.31%)
   135,687,826,861      unc_c_clockticks_4                                            (36.29%)
   135,693,815,975      unc_c_clockticks_5                                            (36.27%)
   135,681,991,460      unc_c_clockticks_6                                            (36.25%)
   135,655,917,916      unc_c_clockticks_7                                            (36.23%)
            36,507      unc_c_fast_asserted_0                                         (36.37%)
            18,809      unc_c_fast_asserted_1                                         (36.37%)
            11,352      unc_c_fast_asserted_2                                         (36.37%)
             7,890      unc_c_fast_asserted_3                                         (36.37%)
            51,828      unc_c_fast_asserted_4                                         (36.37%)
            12,283      unc_c_fast_asserted_5                                         (36.37%)
           866,574      unc_c_fast_asserted_6                                         (36.38%)
         1,017,216      unc_c_fast_asserted_7                                         (36.38%)
                 0      unc_c_llc_lookup_data_read_0                                     (36.37%)
                 0      unc_c_llc_lookup_data_read_1                                     (36.36%)
                 0      unc_c_llc_lookup_data_read_2                                     (36.34%)
                 0      unc_c_llc_lookup_data_read_3                                     (36.32%)
                 0      unc_c_llc_lookup_data_read_4                                     (36.30%)
                 0      unc_c_llc_lookup_data_read_5                                     (36.28%)
                 6      unc_c_llc_lookup_data_read_6                                     (36.26%)
                 0      unc_c_llc_lookup_data_read_7                                     (36.25%)
                 0      unc_c_llc_lookup_remote_snoop_0                                     (36.37%)
                 0      unc_c_llc_lookup_remote_snoop_1                                     (36.34%)
                 0      unc_c_llc_lookup_remote_snoop_2                                     (36.30%)
                 0      unc_c_llc_lookup_remote_snoop_3                                     (36.26%)
                 0      unc_c_llc_lookup_remote_snoop_4                                     (36.22%)
                 0      unc_c_llc_lookup_remote_snoop_5                                     (36.18%)
                 0      unc_c_llc_lookup_remote_snoop_6                                     (36.14%)
                 0      unc_c_llc_lookup_remote_snoop_7                                     (36.11%)
        12,831,167      unc_c_llc_victims_e_state_0                                     (36.36%)
        12,775,182      unc_c_llc_victims_e_state_1                                     (36.34%)
        12,807,624      unc_c_llc_victims_e_state_2                                     (36.32%)
        12,731,350      unc_c_llc_victims_e_state_3                                     (36.30%)
        12,743,097      unc_c_llc_victims_e_state_4                                     (36.28%)
        12,853,134      unc_c_llc_victims_e_state_5                                     (36.26%)
        12,832,776      unc_c_llc_victims_e_state_6                                     (36.24%)
        12,896,086      unc_c_llc_victims_e_state_7                                     (36.21%)
                52      unc_c_llc_victims_f_state_0                                     (36.36%)
                36      unc_c_llc_victims_f_state_1                                     (36.36%)
                30      unc_c_llc_victims_f_state_2                                     (36.35%)
                36      unc_c_llc_victims_f_state_3                                     (36.35%)
                14      unc_c_llc_victims_f_state_4                                     (36.35%)
                11      unc_c_llc_victims_f_state_5                                     (36.34%)
                11      unc_c_llc_victims_f_state_6                                     (36.34%)
                11      unc_c_llc_victims_f_state_7                                     (36.34%)
        55,924,928      unc_c_llc_victims_m_state_0                                     (36.36%)
        55,891,540      unc_c_llc_victims_m_state_1                                     (36.40%)
        55,946,624      unc_c_llc_victims_m_state_2                                     (36.43%)
        55,855,214      unc_c_llc_victims_m_state_3                                     (36.47%)
        55,854,210      unc_c_llc_victims_m_state_4                                     (36.51%)
        55,815,533      unc_c_llc_victims_m_state_5                                     (36.54%)
        55,782,608      unc_c_llc_victims_m_state_6                                     (36.58%)
        55,721,514      unc_c_llc_victims_m_state_7                                     (36.62%)
           216,302      unc_c_llc_victims_s_state_0                                     (36.36%)
           218,592      unc_c_llc_victims_s_state_1                                     (36.42%)
           234,052      unc_c_llc_victims_s_state_2                                     (36.48%)
           233,718      unc_c_llc_victims_s_state_3                                     (36.54%)
           216,067      unc_c_llc_victims_s_state_4                                     (36.60%)
           224,300      unc_c_llc_victims_s_state_5                                     (36.66%)
           234,246      unc_c_llc_victims_s_state_6                                     (36.72%)
           208,433      unc_c_llc_victims_s_state_7                                     (36.78%)
                 0      unc_c_tor_inserts_irq_0                                       (36.36%)
                 0      unc_c_tor_inserts_irq_1                                       (36.39%)
                 0      unc_c_tor_inserts_irq_2                                       (36.41%)
                 0      unc_c_tor_inserts_irq_3                                       (36.43%)
                 0      unc_c_tor_inserts_irq_4                                       (36.45%)
                 0      unc_c_tor_inserts_irq_5                                       (36.47%)
                 0      unc_c_tor_inserts_irq_6                                       (36.49%)
                 0      unc_c_tor_inserts_irq_7                                       (36.51%)
                 0      unc_c_tor_inserts_irq_hit_0                                     (36.36%)
                 0      unc_c_tor_inserts_irq_hit_1                                     (36.36%)
                 0      unc_c_tor_inserts_irq_hit_2                                     (36.36%)
                 0      unc_c_tor_inserts_irq_hit_3                                     (36.37%)
                 0      unc_c_tor_inserts_irq_hit_4                                     (36.37%)
                 0      unc_c_tor_inserts_irq_hit_5                                     (36.37%)
                 0      unc_c_tor_inserts_irq_hit_6                                     (36.37%)
                 0      unc_c_tor_inserts_irq_hit_7                                     (36.37%)
                 0      unc_c_tor_inserts_irq_miss_0                                     (36.36%)
                 0      unc_c_tor_inserts_irq_miss_1                                     (36.34%)
                 0      unc_c_tor_inserts_irq_miss_2                                     (36.32%)
                 0      unc_c_tor_inserts_irq_miss_3                                     (36.30%)
                 0      unc_c_tor_inserts_irq_miss_4                                     (36.29%)
                 0      unc_c_tor_inserts_irq_miss_5                                     (36.27%)
                 0      unc_c_tor_inserts_irq_miss_6                                     (36.25%)
                 0      unc_c_tor_inserts_irq_miss_7                                     (36.23%)

      69.903080624 seconds time elapsed

