# started on Mon Feb  5 06:16:47 2024


 Performance counter stats for 'system wide':

        53,827,902      r2ab                                                          (19.51%)
                 0      r1c6                                                          (19.51%)
                 0      r1c6                                                          (19.51%)
                 0      r1c6                                                          (19.51%)
                 0      r1c6                                                          (19.51%)
                 0      r1c6                                                          (9.76%)
                 0      r1c6                                                          (9.76%)
                 0      r1c6                                                          (9.76%)
                 0      r1c6                                                          (9.76%)
                 0      r1c6                                                          (9.76%)
                 0      r1c6                                                          (9.76%)
                 0      r1c6                                                          (9.76%)
                 0      r1c6                                                          (9.76%)
                 0      r1c6                                                          (9.76%)
                 0      r1c6                                                          (9.76%)
                 0      r1c6                                                          (9.76%)
                 0      r1c6                                                          (9.76%)
                 0      r1c6                                                          (9.76%)
       438,310,490      r480                                                          (12.20%)
    41,998,116,199      r183                                                          (14.64%)
       137,579,498      r283                                                          (17.07%)
        87,511,871      r483                                                          (19.51%)
    27,745,167,054      r4001879                                                      (19.51%)
    55,409,648,036      r1001879                                                      (19.51%)
       620,703,894      r4002479                                                      (19.51%)
     1,785,894,152      r1002479                                                      (19.51%)
    54,685,176,121      r1000879                                                      (19.51%)
   162,891,642,940      r879                                                          (19.51%)
     1,141,379,211      r1000479                                                      (19.51%)
     3,046,044,897      r479                                                          (19.51%)
     1,387,035,053      r1003079                                                      (19.51%)
       755,921,664      r1001079                                                      (19.51%)
     1,604,755,966      r2079                                                         (19.51%)
       444,324,465      r1043079                                                      (19.51%)
     4,083,732,022      r3079                                                         (19.51%)
    30,910,184,851      r19c                                                          (19.51%)
     1,081,606,124      r400019c                                                      (19.51%)
   156,195,981,611      r180019c                                                      (19.51%)
     5,294,052,434      r300019c                                                      (19.51%)
    11,594,350,099      r200019c                                                      (19.51%)
    12,939,647,801      r100019c                                                      (19.51%)

      69.983946687 seconds time elapsed

