# started on Mon Feb  5 08:29:02 2024


 Performance counter stats for 'system wide':

   168,901,318,809      r728                                                          (44.44%)
                 0      r1828                                                         (44.44%)
                 0      r2028                                                         (44.44%)
           195,309      r4028                                                         (44.44%)
         1,160,450      r20ef                                                         (44.44%)
         7,506,309      r10ef                                                         (44.45%)
        10,858,979      r2ef                                                          (44.45%)
        71,345,305      r1ef                                                          (44.45%)
         2,150,448      r40ef                                                         (44.45%)
         2,185,878      r8ef                                                          (44.45%)
            29,303      r4ef                                                          (44.45%)
           565,511      r1cb                                                          (44.45%)
     8,092,490,051      r4fe                                                          (44.45%)
       218,839,240      r2fe                                                          (44.45%)
                 9      r132                                                          (44.44%)
            53,907      r832                                                          (44.44%)
           140,426      r232                                                          (44.44%)
                 0      r432                                                          (44.44%)

      69.851712119 seconds time elapsed

