# started on Mon Feb  5 08:33:45 2024


 Performance counter stats for 'system wide':

   169,875,323,897      r728                                                          (44.45%)
                 0      r1828                                                         (44.45%)
                 0      r2028                                                         (44.45%)
           268,799      r4028                                                         (44.45%)
           961,639      r20ef                                                         (44.45%)
         4,744,626      r10ef                                                         (44.44%)
        10,196,617      r2ef                                                          (44.44%)
       299,148,559      r1ef                                                          (44.44%)
         3,623,126      r40ef                                                         (44.44%)
         2,108,383      r8ef                                                          (44.44%)
               887      r4ef                                                          (44.44%)
           566,730      r1cb                                                          (44.44%)
     6,093,678,716      r4fe                                                          (44.44%)
       946,856,397      r2fe                                                          (44.44%)
                 4      r132                                                          (44.44%)
           111,502      r832                                                          (44.45%)
            64,221      r232                                                          (44.45%)
                 0      r432                                                          (44.45%)

      70.076010826 seconds time elapsed

