# started on Mon Feb  5 04:08:05 2024


 Performance counter stats for 'system wide':

     8,909,901,345      r151                                                          (10.00%)
    17,773,741,837      r248                                                          (10.00%)
   362,150,559,324      r148                                                          (10.00%)
   130,576,104,954      r1000148                                                      (10.00%)
   130,561,447,296      r1200148                                                      (10.00%)
     8,893,091,459      r1ff1                                                         (10.00%)
     8,178,074,393      r2f2                                                          (10.00%)
       102,585,151      r1f2                                                          (10.00%)
         6,120,753      r4f2                                                          (10.00%)
         6,058,854      r4f2                                                          (10.00%)
       131,691,644      re424                                                         (10.00%)
     1,395,315,642      re124                                                         (10.00%)
     1,227,302,491      r2724                                                         (10.00%)
     4,389,925,233      re724                                                         (10.00%)
    10,108,328,001      rf824                                                         (10.00%)
     2,856,612,436      re224                                                         (10.00%)
       108,158,052      rc424                                                         (10.00%)
        29,853,009      r2424                                                         (10.00%)
     1,297,402,989      rc124                                                         (10.00%)
       104,842,882      r2124                                                         (10.00%)
     8,885,244,611      r3f24                                                         (10.00%)
     2,446,668,027      rd824                                                         (10.00%)
     7,650,628,404      r3824                                                         (10.00%)
    14,487,434,606      rff24                                                         (10.00%)
     1,760,140,697      rc224                                                         (10.00%)
     1,092,735,983      r2224                                                         (10.00%)
     8,173,598,466      r40f0                                                         (10.00%)
     7,748,077,939      r412e                                                         (10.00%)
     8,280,762,486      r4f2e                                                         (10.00%)
    44,194,444,136      r81d0                                                         (10.00%)
    31,616,833,543      r82d0                                                         (10.00%)
        17,660,837      r21d0                                                         (10.00%)
           230,150      r41d0                                                         (10.00%)
           857,712      r42d0                                                         (5.00%)
           277,895      r11d0                                                         (5.00%)
           151,616      r12d0                                                         (5.00%)
            94,195      r2d2                                                          (5.00%)
         1,558,254      r4d2                                                          (5.00%)
             8,660      r1d2                                                          (5.00%)
        11,058,075      r8d2                                                          (5.00%)
       436,426,486      r1d3                                                          (6.25%)
                 0      r2d3                                                          (7.50%)
                 0      r8d3                                                          (8.75%)
                 0      r4d3                                                          (10.00%)
                 0      r4d4                                                          (10.00%)
    22,151,652,643      r40d1                                                         (10.00%)
    20,136,230,369      r1d1                                                          (10.00%)
     2,008,569,075      r8d1                                                          (10.00%)
     1,449,449,421      r2d1                                                          (10.00%)
       559,885,903      r10d1                                                         (5.00%)
        11,379,840      r4d1                                                          (5.00%)
       545,203,182      r20d1                                                         (5.00%)
     4,583,900,011      r8b0                                                          (6.25%)
    17,899,773,683      r80b0                                                         (7.50%)
        30,899,115      r2b0                                                          (8.75%)
       772,607,296      r1b0                                                          (10.00%)
     2,520,408,237      r4b0                                                          (10.00%)
    77,386,228,411      r1b2                                                          (10.00%)
 1,079,483,613,580      r860                                                          (10.00%)
   134,658,441,692      r1000860                                                      (10.00%)
       689,205,427      r1000260                                                      (10.00%)
    64,173,077,607      r1000160                                                      (10.00%)
   117,037,653,116      r1000460                                                      (10.00%)
     2,339,589,754      r260                                                          (10.00%)
   116,794,447,012      r160                                                          (10.00%)
        90,001,184      r6000160                                                      (10.00%)
   569,797,103,679      r460                                                          (10.00%)
                 0      r1b7                                                          (10.00%)
                 0      r1b7                                                          (10.00%)
                 0      r1b7                                                          (10.00%)
                 0      r1b7                                                          (10.00%)
                 0      r1b7                                                          (10.00%)
                 0      r1b7                                                          (10.00%)
                 0      r1b7                                                          (10.00%)
                 0      r1b7                                                          (10.00%)
                 0      r1b7                                                          (10.00%)
                 0      r1b7                                                          (10.00%)
                 0      r1b7                                                          (10.00%)
                 0      r1b7                                                          (10.00%)
                 0      r1b7                                                          (10.00%)

      69.927805879 seconds time elapsed

