# started on Mon Feb  5 06:12:04 2024


 Performance counter stats for 'system wide':

        48,717,973      r2ab                                                          (19.51%)
                 0      r1c6                                                          (19.51%)
                 0      r1c6                                                          (19.51%)
                 0      r1c6                                                          (19.51%)
                 0      r1c6                                                          (19.51%)
                 0      r1c6                                                          (9.76%)
                 0      r1c6                                                          (9.76%)
                 0      r1c6                                                          (9.76%)
                 0      r1c6                                                          (9.76%)
                 0      r1c6                                                          (9.76%)
                 0      r1c6                                                          (9.76%)
                 0      r1c6                                                          (9.76%)
                 0      r1c6                                                          (9.76%)
                 0      r1c6                                                          (9.76%)
                 0      r1c6                                                          (9.76%)
                 0      r1c6                                                          (9.76%)
                 0      r1c6                                                          (9.76%)
                 0      r1c6                                                          (9.76%)
       428,413,322      r480                                                          (12.20%)
    40,798,759,970      r183                                                          (14.64%)
       136,036,616      r283                                                          (17.08%)
        88,836,166      r483                                                          (19.52%)
    27,145,610,561      r4001879                                                      (19.52%)
    54,217,154,674      r1001879                                                      (19.52%)
       618,286,611      r4002479                                                      (19.52%)
     1,793,109,998      r1002479                                                      (19.52%)
    53,491,498,089      r1000879                                                      (19.52%)
   159,331,883,259      r879                                                          (19.51%)
     1,161,756,758      r1000479                                                      (19.51%)
     3,105,345,422      r479                                                          (19.51%)
     1,398,616,186      r1003079                                                      (19.51%)
       760,092,972      r1001079                                                      (19.51%)
     1,623,226,566      r2079                                                         (19.51%)
       446,412,592      r1043079                                                      (19.51%)
     4,099,892,863      r3079                                                         (19.51%)
    30,058,265,235      r19c                                                          (19.51%)
     1,037,555,889      r400019c                                                      (19.51%)
   156,782,454,326      r180019c                                                      (19.51%)
     5,247,262,610      r300019c                                                      (19.51%)
    11,263,488,942      r200019c                                                      (19.51%)
    12,444,766,052      r100019c                                                      (19.51%)

      69.973369282 seconds time elapsed

