# started on Tue Feb  6 09:53:37 2024


 Performance counter stats for 'system wide':

             4,052      unc_h_dir_update_ha_0                                         (23.54%)
                 0      unc_h_dir_update_ha_1                                         (23.55%)
                 0      unc_h_dir_update_ha_2                                         (23.55%)
            13,941      unc_h_dir_update_ha_3                                         (23.54%)
            13,083      unc_h_dir_update_ha_4                                         (23.39%)
                 0      unc_h_dir_update_ha_5                                         (23.27%)
                 0      unc_h_dir_update_ha_6                                         (23.51%)
            21,411      unc_h_dir_update_ha_7                                         (23.36%)
                 0      unc_h_dir_update_tor_0                                        (23.54%)
                 0      unc_h_dir_update_tor_1                                        (23.50%)
            12,866      unc_h_dir_update_tor_2                                        (23.43%)
                 0      unc_h_dir_update_tor_3                                        (23.54%)
                 0      unc_h_dir_update_tor_4                                        (23.53%)
                 0      unc_h_dir_update_tor_5                                        (23.53%)
             2,060      unc_h_dir_update_tor_6                                        (23.54%)
                 0      unc_h_dir_update_tor_7                                        (23.54%)
                 0      unc_h_hitme_hit_ex_rds_0                                      (23.54%)
             5,225      unc_h_hitme_hit_ex_rds_1                                      (23.54%)
             1,776      unc_h_hitme_hit_ex_rds_2                                      (23.54%)
                 0      unc_h_hitme_hit_ex_rds_3                                      (23.54%)
             2,269      unc_h_hitme_hit_ex_rds_4                                      (23.54%)
             5,200      unc_h_hitme_hit_ex_rds_5                                      (23.54%)
               977      unc_h_hitme_hit_ex_rds_6                                      (23.53%)
             2,210      unc_h_hitme_hit_ex_rds_7                                      (23.53%)
               782      unc_h_misc_rfo_hit_s_0                                        (23.53%)
               875      unc_h_misc_rfo_hit_s_1                                        (23.53%)
                93      unc_h_misc_rfo_hit_s_2                                        (23.53%)
               718      unc_h_misc_rfo_hit_s_3                                        (23.53%)
               136      unc_h_misc_rfo_hit_s_4                                        (23.53%)
               569      unc_h_misc_rfo_hit_s_5                                        (23.53%)
               102      unc_h_misc_rfo_hit_s_6                                        (23.53%)
               195      unc_h_misc_rfo_hit_s_7                                        (23.53%)
        29,367,332      unc_h_requests_invitoe_local_0                                     (23.53%)
        29,392,201      unc_h_requests_invitoe_local_1                                     (23.53%)
        29,380,720      unc_h_requests_invitoe_local_2                                     (23.53%)
        29,407,636      unc_h_requests_invitoe_local_3                                     (23.53%)
        29,463,152      unc_h_requests_invitoe_local_4                                     (23.53%)
        29,510,495      unc_h_requests_invitoe_local_5                                     (23.53%)
        29,291,890      unc_h_requests_invitoe_local_6                                     (23.81%)
        29,317,152      unc_h_requests_invitoe_local_7                                     (23.81%)
             3,086      unc_h_requests_invitoe_remote_0                                     (23.59%)
               255      unc_h_requests_invitoe_remote_1                                     (23.53%)
               565      unc_h_requests_invitoe_remote_2                                     (23.53%)
             2,503      unc_h_requests_invitoe_remote_3                                     (23.53%)
             6,780      unc_h_requests_invitoe_remote_4                                     (23.69%)
               147      unc_h_requests_invitoe_remote_5                                     (23.81%)
             8,848      unc_h_requests_invitoe_remote_6                                     (23.68%)
             7,147      unc_h_requests_invitoe_remote_7                                     (23.72%)
       970,227,011      unc_h_requests_reads_0                                        (23.56%)
       973,775,285      unc_h_requests_reads_1                                        (23.61%)
       973,798,163      unc_h_requests_reads_2                                        (23.65%)
       968,093,657      unc_h_requests_reads_3                                        (23.53%)
       970,205,814      unc_h_requests_reads_4                                        (23.62%)
       971,718,961      unc_h_requests_reads_5                                        (23.64%)
       968,747,152      unc_h_requests_reads_6                                        (23.26%)
       968,564,745      unc_h_requests_reads_7                                        (23.26%)
       975,691,316      unc_h_requests_reads_local_0                                     (23.51%)
       977,407,714      unc_h_requests_reads_local_1                                     (23.54%)
       977,509,167      unc_h_requests_reads_local_2                                     (23.54%)
       977,259,888      unc_h_requests_reads_local_3                                     (23.53%)
       977,276,472      unc_h_requests_reads_local_4                                     (23.53%)
       977,358,969      unc_h_requests_reads_local_5                                     (23.53%)
       977,246,116      unc_h_requests_reads_local_6                                     (23.53%)
       977,323,857      unc_h_requests_reads_local_7                                     (23.53%)
       421,324,409      unc_h_requests_writes_0                                       (23.53%)
       421,237,274      unc_h_requests_writes_1                                       (23.53%)
       421,463,339      unc_h_requests_writes_2                                       (23.53%)
       421,778,389      unc_h_requests_writes_3                                       (23.53%)
       421,408,827      unc_h_requests_writes_4                                       (23.53%)
       421,454,168      unc_h_requests_writes_5                                       (23.53%)
       421,415,874      unc_h_requests_writes_6                                       (23.53%)
       421,486,209      unc_h_requests_writes_7                                       (23.52%)
       421,524,249      unc_h_requests_writes_local_0                                     (23.52%)
       421,431,839      unc_h_requests_writes_local_1                                     (23.52%)
       421,597,387      unc_h_requests_writes_local_2                                     (23.53%)
       421,860,001      unc_h_requests_writes_local_3                                     (23.53%)
       421,514,862      unc_h_requests_writes_local_4                                     (23.53%)
       421,577,278      unc_h_requests_writes_local_5                                     (23.53%)
       421,647,868      unc_h_requests_writes_local_6                                     (23.53%)
       421,611,085      unc_h_requests_writes_local_7                                     (23.53%)
     2,180,477,038      unc_h_rxc_inserts_irq_0                                       (23.53%)
     2,097,231,215      unc_h_rxc_inserts_irq_1                                       (23.64%)
     2,097,302,312      unc_h_rxc_inserts_irq_2                                       (23.70%)
     2,096,822,237      unc_h_rxc_inserts_irq_3                                       (23.53%)
     2,096,517,102      unc_h_rxc_inserts_irq_4                                       (23.75%)
     2,093,722,918      unc_h_rxc_inserts_irq_5                                       (23.72%)
     2,093,004,157      unc_h_rxc_inserts_irq_6                                       (23.78%)
     2,093,344,535      unc_h_rxc_inserts_irq_7                                       (23.83%)
           286,406      unc_h_rxc_irq1_reject_pa_match_0                                     (23.57%)
           337,870      unc_h_rxc_irq1_reject_pa_match_1                                     (23.57%)
           289,681      unc_h_rxc_irq1_reject_pa_match_2                                     (23.59%)
           312,109      unc_h_rxc_irq1_reject_pa_match_3                                     (23.53%)
           288,664      unc_h_rxc_irq1_reject_pa_match_4                                     (23.54%)
           289,529      unc_h_rxc_irq1_reject_pa_match_5                                     (23.54%)
           341,836      unc_h_rxc_irq1_reject_pa_match_6                                     (23.56%)
           495,883      unc_h_rxc_irq1_reject_pa_match_7                                     (23.58%)
    16,708,349,782      unc_h_rxc_occupancy_irq_0                                     (23.48%)
    16,035,854,656      unc_h_rxc_occupancy_irq_1                                     (23.42%)
    15,934,787,807      unc_h_rxc_occupancy_irq_2                                     (23.37%)
    16,175,061,894      unc_h_rxc_occupancy_irq_3                                     (23.53%)
    16,559,870,168      unc_h_rxc_occupancy_irq_4                                     (23.31%)
    16,313,189,875      unc_h_rxc_occupancy_irq_5                                     (23.34%)
    22,516,611,404      unc_h_rxc_occupancy_irq_6                                     (23.28%)
    22,436,857,215      unc_h_rxc_occupancy_irq_7                                     (23.23%)
            11,017      unc_h_snoop_resp_rsp_fwd_wb_0                                     (23.49%)
             9,815      unc_h_snoop_resp_rsp_fwd_wb_1                                     (23.45%)
                 0      unc_h_snoop_resp_rsp_fwd_wb_2                                     (23.46%)
                 0      unc_h_snoop_resp_rsp_fwd_wb_3                                     (23.53%)
                 0      unc_h_snoop_resp_rsp_fwd_wb_4                                     (23.44%)
            11,083      unc_h_snoop_resp_rsp_fwd_wb_5                                     (23.42%)
            20,445      unc_h_snoop_resp_rsp_fwd_wb_6                                     (23.38%)
                 0      unc_h_snoop_resp_rsp_fwd_wb_7                                     (23.48%)
             5,114      unc_h_snoop_resp_rspcnflct_0                                     (23.53%)
                 0      unc_h_snoop_resp_rspcnflct_1                                     (23.52%)
                 0      unc_h_snoop_resp_rspcnflct_2                                     (23.52%)
             5,669      unc_h_snoop_resp_rspcnflct_3                                     (23.53%)
                 0      unc_h_snoop_resp_rspcnflct_4                                     (23.53%)
                 0      unc_h_snoop_resp_rspcnflct_5                                     (23.53%)
                 0      unc_h_snoop_resp_rspcnflct_6                                     (23.53%)
                 0      unc_h_snoop_resp_rspcnflct_7                                     (23.53%)
                 0      unc_h_snoop_resp_rspifwd_0                                     (23.53%)
                 0      unc_h_snoop_resp_rspifwd_1                                     (23.53%)
                 0      unc_h_snoop_resp_rspifwd_2                                     (23.53%)
                 0      unc_h_snoop_resp_rspifwd_3                                     (23.53%)
                 0      unc_h_snoop_resp_rspifwd_4                                     (23.53%)
                 0      unc_h_snoop_resp_rspifwd_5                                     (23.53%)
                 0      unc_h_snoop_resp_rspifwd_6                                     (23.53%)
                 0      unc_h_snoop_resp_rspifwd_7                                     (23.53%)
                 0      unc_h_snoop_resp_rspsfwd_0                                     (23.53%)
                 0      unc_h_snoop_resp_rspsfwd_1                                     (23.53%)
                 0      unc_h_snoop_resp_rspsfwd_2                                     (23.53%)
                 0      unc_h_snoop_resp_rspsfwd_3                                     (23.53%)
                 0      unc_h_snoop_resp_rspsfwd_4                                     (23.53%)
                 0      unc_h_snoop_resp_rspsfwd_5                                     (23.53%)
                 0      unc_h_snoop_resp_rspsfwd_6                                     (23.53%)
                 0      unc_h_snoop_resp_rspsfwd_7                                     (23.53%)
           135,570      unc_i_cache_total_occupancy_mem_0                                     (33.33%)
            64,748      unc_i_cache_total_occupancy_mem_1                                     (33.33%)
                 0      unc_i_cache_total_occupancy_mem_2                                     (33.34%)
                 0      unc_i_cache_total_occupancy_mem_3                                     (33.34%)
                 0      unc_i_cache_total_occupancy_mem_4                                     (33.34%)
                 0      unc_i_cache_total_occupancy_mem_5                                     (33.34%)
                33      unc_i_coherent_ops_pcitom_0                                     (33.34%)
                 0      unc_i_coherent_ops_pcitom_1                                     (33.34%)
                 0      unc_i_coherent_ops_pcitom_2                                     (33.33%)
                 0      unc_i_coherent_ops_pcitom_3                                     (33.33%)
                 0      unc_i_coherent_ops_pcitom_4                                     (33.33%)
                 0      unc_i_coherent_ops_pcitom_5                                     (33.33%)
               579      unc_i_coherent_ops_rfo_0                                      (33.33%)
               132      unc_i_coherent_ops_rfo_1                                      (33.33%)
                 0      unc_i_coherent_ops_rfo_2                                      (33.33%)
                 0      unc_i_coherent_ops_rfo_3                                      (33.33%)
                 0      unc_i_coherent_ops_rfo_4                                      (33.33%)
                 0      unc_i_coherent_ops_rfo_5                                      (33.33%)
               819      unc_i_faf_inserts_0                                           (33.33%)
            59,708      unc_i_faf_inserts_1                                           (33.33%)
                 0      unc_i_faf_inserts_2                                           (33.34%)
                 0      unc_i_faf_inserts_3                                           (33.33%)
                 0      unc_i_faf_inserts_4                                           (33.33%)
                 0      unc_i_faf_inserts_5                                           (33.34%)
               849      unc_i_faf_occupancy_0                                         (33.34%)
            38,857      unc_i_faf_occupancy_1                                         (33.34%)
                 0      unc_i_faf_occupancy_2                                         (33.33%)
                 0      unc_i_faf_occupancy_3                                         (33.33%)
                 0      unc_i_faf_occupancy_4                                         (33.33%)
                 0      unc_i_faf_occupancy_5                                         (33.33%)
               552      unc_i_transactions_wr_pref_0                                     (33.33%)
                 3      unc_i_transactions_wr_pref_1                                     (33.33%)
                 0      unc_i_transactions_wr_pref_2                                     (33.33%)
                 0      unc_i_transactions_wr_pref_3                                     (33.33%)
                 0      unc_i_transactions_wr_pref_4                                     (33.33%)
                 0      unc_i_transactions_wr_pref_5                                     (33.33%)
    67,566,184,692      unc_iio_clockticks_0                                          (7.06%)
    67,453,325,172      unc_iio_clockticks_1                                          (7.04%)
    67,450,245,204      unc_iio_clockticks_2                                          (7.04%)
    67,557,482,582      unc_iio_clockticks_3                                          (7.04%)
                 0      unc_iio_clockticks_4                                          (7.03%)
                 0      unc_iio_clockticks_5                                          (7.03%)
                 0      unc_iio_comp_buf_inserts_cmpd_all_parts_0                                     (7.05%)
                 0      unc_iio_comp_buf_inserts_cmpd_all_parts_1                                     (7.05%)
                 0      unc_iio_comp_buf_inserts_cmpd_all_parts_2                                     (7.05%)
                 0      unc_iio_comp_buf_inserts_cmpd_all_parts_3                                     (7.05%)
                 0      unc_iio_comp_buf_inserts_cmpd_all_parts_4                                     (7.01%)
                 0      unc_iio_comp_buf_inserts_cmpd_all_parts_5                                     (7.04%)
                 0      unc_iio_comp_buf_inserts_cmpd_part0_0                                     (7.04%)
                 0      unc_iio_comp_buf_inserts_cmpd_part0_1                                     (7.02%)
                 0      unc_iio_comp_buf_inserts_cmpd_part0_2                                     (7.03%)
                 0      unc_iio_comp_buf_inserts_cmpd_part0_3                                     (7.03%)
                 0      unc_iio_comp_buf_inserts_cmpd_part0_4                                     (7.00%)
                 0      unc_iio_comp_buf_inserts_cmpd_part0_5                                     (7.03%)
                 0      unc_iio_comp_buf_inserts_cmpd_part1_0                                     (7.05%)
                 0      unc_iio_comp_buf_inserts_cmpd_part1_1                                     (7.04%)
                 0      unc_iio_comp_buf_inserts_cmpd_part1_2                                     (7.04%)
                 0      unc_iio_comp_buf_inserts_cmpd_part1_3                                     (7.05%)
                 0      unc_iio_comp_buf_inserts_cmpd_part1_4                                     (7.06%)
                 0      unc_iio_comp_buf_inserts_cmpd_part1_5                                     (7.03%)
                 0      unc_iio_comp_buf_inserts_cmpd_part2_0                                     (7.03%)
                 0      unc_iio_comp_buf_inserts_cmpd_part2_1                                     (7.02%)
                 0      unc_iio_comp_buf_inserts_cmpd_part2_2                                     (7.03%)
                 0      unc_iio_comp_buf_inserts_cmpd_part2_3                                     (7.02%)
                 0      unc_iio_comp_buf_inserts_cmpd_part2_4                                     (7.02%)
                 0      unc_iio_comp_buf_inserts_cmpd_part2_5                                     (7.03%)
                 0      unc_iio_comp_buf_inserts_cmpd_part3_0                                     (7.03%)
                 0      unc_iio_comp_buf_inserts_cmpd_part3_1                                     (7.03%)
                 0      unc_iio_comp_buf_inserts_cmpd_part3_2                                     (7.03%)
                 0      unc_iio_comp_buf_inserts_cmpd_part3_3                                     (7.00%)
                 0      unc_iio_comp_buf_inserts_cmpd_part3_4                                     (7.02%)
                 0      unc_iio_comp_buf_inserts_cmpd_part3_5                                     (7.03%)
            42,341      unc_iio_comp_buf_occupancy_cmpd_all_parts_0                                     (7.02%)
        18,568,282      unc_iio_comp_buf_occupancy_cmpd_all_parts_1                                     (7.03%)
                 0      unc_iio_comp_buf_occupancy_cmpd_all_parts_2                                     (7.01%)
                 0      unc_iio_comp_buf_occupancy_cmpd_all_parts_3                                     (7.02%)
                 0      unc_iio_comp_buf_occupancy_cmpd_all_parts_4                                     (7.02%)
                 0      unc_iio_comp_buf_occupancy_cmpd_all_parts_5                                     (7.03%)
                 0      unc_iio_comp_buf_occupancy_cmpd_part0_0                                     (7.02%)
         1,142,511      unc_iio_comp_buf_occupancy_cmpd_part0_1                                     (7.02%)
                 0      unc_iio_comp_buf_occupancy_cmpd_part0_2                                     (7.02%)
                 0      unc_iio_comp_buf_occupancy_cmpd_part0_3                                     (7.02%)
                 0      unc_iio_comp_buf_occupancy_cmpd_part0_4                                     (7.02%)
                 0      unc_iio_comp_buf_occupancy_cmpd_part0_5                                     (7.02%)
            46,324      unc_iio_comp_buf_occupancy_cmpd_part1_0                                     (7.01%)
                 0      unc_iio_comp_buf_occupancy_cmpd_part1_1                                     (7.02%)
                 0      unc_iio_comp_buf_occupancy_cmpd_part1_2                                     (7.02%)
                 0      unc_iio_comp_buf_occupancy_cmpd_part1_3                                     (7.02%)
                 0      unc_iio_comp_buf_occupancy_cmpd_part1_4                                     (7.02%)
                 0      unc_iio_comp_buf_occupancy_cmpd_part1_5                                     (7.02%)
                 0      unc_iio_comp_buf_occupancy_cmpd_part2_0                                     (7.02%)
                 0      unc_iio_comp_buf_occupancy_cmpd_part2_1                                     (7.06%)
                 0      unc_iio_comp_buf_occupancy_cmpd_part2_2                                     (7.02%)
                 0      unc_iio_comp_buf_occupancy_cmpd_part2_3                                     (7.01%)
                 0      unc_iio_comp_buf_occupancy_cmpd_part2_4                                     (7.08%)
                 0      unc_iio_comp_buf_occupancy_cmpd_part2_5                                     (7.02%)
                 0      unc_iio_comp_buf_occupancy_cmpd_part3_0                                     (7.00%)
                 0      unc_iio_comp_buf_occupancy_cmpd_part3_1                                     (7.04%)
                 0      unc_iio_comp_buf_occupancy_cmpd_part3_2                                     (7.01%)
                 0      unc_iio_comp_buf_occupancy_cmpd_part3_3                                     (7.02%)
                 0      unc_iio_comp_buf_occupancy_cmpd_part3_4                                     (7.06%)
                 0      unc_iio_comp_buf_occupancy_cmpd_part3_5                                     (7.02%)
                 0      unc_iio_data_req_by_cpu_mem_read_part0_0                                     (7.01%)
                 0      unc_iio_data_req_by_cpu_mem_read_part0_1                                     (7.02%)
                 0      unc_iio_data_req_by_cpu_mem_read_part0_2                                     (7.02%)
                 0      unc_iio_data_req_by_cpu_mem_read_part0_3                                     (7.00%)
                 0      unc_iio_data_req_by_cpu_mem_read_part0_4                                     (7.03%)
                 0      unc_iio_data_req_by_cpu_mem_read_part0_5                                     (7.02%)
                 0      unc_iio_data_req_by_cpu_mem_read_part1_0                                     (7.02%)
                 0      unc_iio_data_req_by_cpu_mem_read_part1_1                                     (7.05%)
                 0      unc_iio_data_req_by_cpu_mem_read_part1_2                                     (7.02%)
                 0      unc_iio_data_req_by_cpu_mem_read_part1_3                                     (7.04%)
                 0      unc_iio_data_req_by_cpu_mem_read_part1_4                                     (7.05%)
                 0      unc_iio_data_req_by_cpu_mem_read_part1_5                                     (7.02%)
                 0      unc_iio_data_req_by_cpu_mem_read_part2_0                                     (7.03%)
                 0      unc_iio_data_req_by_cpu_mem_read_part2_1                                     (7.03%)
                 0      unc_iio_data_req_by_cpu_mem_read_part2_2                                     (7.02%)
                 0      unc_iio_data_req_by_cpu_mem_read_part2_3                                     (7.02%)
                 0      unc_iio_data_req_by_cpu_mem_read_part2_4                                     (7.01%)
                 0      unc_iio_data_req_by_cpu_mem_read_part2_5                                     (7.02%)
                 0      unc_iio_data_req_by_cpu_mem_read_part3_0                                     (7.02%)
                 0      unc_iio_data_req_by_cpu_mem_read_part3_1                                     (7.00%)
                 0      unc_iio_data_req_by_cpu_mem_read_part3_2                                     (7.02%)
                 0      unc_iio_data_req_by_cpu_mem_read_part3_3                                     (7.00%)
                 0      unc_iio_data_req_by_cpu_mem_read_part3_4                                     (6.99%)
                 0      unc_iio_data_req_by_cpu_mem_read_part3_5                                     (7.02%)
                 0      unc_iio_data_req_by_cpu_mem_write_part0_0                                     (7.03%)
                 0      unc_iio_data_req_by_cpu_mem_write_part0_1                                     (7.01%)
                 0      unc_iio_data_req_by_cpu_mem_write_part0_2                                     (7.02%)
                 0      unc_iio_data_req_by_cpu_mem_write_part0_3                                     (7.01%)
                 0      unc_iio_data_req_by_cpu_mem_write_part0_4                                     (7.00%)
                 0      unc_iio_data_req_by_cpu_mem_write_part0_5                                     (7.02%)
                 0      unc_iio_data_req_by_cpu_mem_write_part1_0                                     (7.01%)
                 0      unc_iio_data_req_by_cpu_mem_write_part1_1                                     (7.01%)
                 0      unc_iio_data_req_by_cpu_mem_write_part1_2                                     (7.01%)
                 0      unc_iio_data_req_by_cpu_mem_write_part1_3                                     (7.01%)
                 0      unc_iio_data_req_by_cpu_mem_write_part1_4                                     (7.01%)
                 0      unc_iio_data_req_by_cpu_mem_write_part1_5                                     (7.02%)
                 0      unc_iio_data_req_by_cpu_mem_write_part2_0                                     (7.02%)
                 0      unc_iio_data_req_by_cpu_mem_write_part2_1                                     (7.02%)
                 0      unc_iio_data_req_by_cpu_mem_write_part2_2                                     (7.02%)
                 0      unc_iio_data_req_by_cpu_mem_write_part2_3                                     (7.03%)
                 0      unc_iio_data_req_by_cpu_mem_write_part2_4                                     (7.02%)
                 0      unc_iio_data_req_by_cpu_mem_write_part2_5                                     (7.02%)
                 0      unc_iio_data_req_by_cpu_mem_write_part3_0                                     (7.02%)
                 0      unc_iio_data_req_by_cpu_mem_write_part3_1                                     (7.01%)
                 0      unc_iio_data_req_by_cpu_mem_write_part3_2                                     (7.02%)
                 0      unc_iio_data_req_by_cpu_mem_write_part3_3                                     (7.02%)
                 0      unc_iio_data_req_by_cpu_mem_write_part3_4                                     (7.02%)
                 0      unc_iio_data_req_by_cpu_mem_write_part3_5                                     (7.02%)
                 0      unc_iio_data_req_by_cpu_peer_read_part0_0                                     (7.01%)
                 0      unc_iio_data_req_by_cpu_peer_read_part0_1                                     (7.01%)
                 0      unc_iio_data_req_by_cpu_peer_read_part0_2                                     (7.01%)
                 0      unc_iio_data_req_by_cpu_peer_read_part0_3                                     (7.03%)
                 0      unc_iio_data_req_by_cpu_peer_read_part0_4                                     (7.03%)
                 0      unc_iio_data_req_by_cpu_peer_read_part0_5                                     (7.02%)
                 0      unc_iio_data_req_by_cpu_peer_read_part1_0                                     (7.02%)
                 0      unc_iio_data_req_by_cpu_peer_read_part1_1                                     (7.02%)
                 0      unc_iio_data_req_by_cpu_peer_read_part1_2                                     (7.02%)
                 0      unc_iio_data_req_by_cpu_peer_read_part1_3                                     (7.03%)
                 0      unc_iio_data_req_by_cpu_peer_read_part1_4                                     (7.03%)
                 0      unc_iio_data_req_by_cpu_peer_read_part1_5                                     (7.02%)
                 0      unc_iio_data_req_by_cpu_peer_read_part2_0                                     (7.01%)
                 0      unc_iio_data_req_by_cpu_peer_read_part2_1                                     (7.00%)
                 0      unc_iio_data_req_by_cpu_peer_read_part2_2                                     (7.01%)
                 0      unc_iio_data_req_by_cpu_peer_read_part2_3                                     (6.99%)
                 0      unc_iio_data_req_by_cpu_peer_read_part2_4                                     (7.02%)
                 0      unc_iio_data_req_by_cpu_peer_read_part2_5                                     (7.02%)
                 0      unc_iio_data_req_by_cpu_peer_read_part3_0                                     (7.02%)
                 0      unc_iio_data_req_by_cpu_peer_read_part3_1                                     (7.03%)
                 0      unc_iio_data_req_by_cpu_peer_read_part3_2                                     (7.02%)
                 0      unc_iio_data_req_by_cpu_peer_read_part3_3                                     (7.04%)
                 0      unc_iio_data_req_by_cpu_peer_read_part3_4                                     (7.03%)
                 0      unc_iio_data_req_by_cpu_peer_read_part3_5                                     (7.02%)
                 0      unc_iio_data_req_by_cpu_peer_write_part0_0                                     (7.01%)
                 0      unc_iio_data_req_by_cpu_peer_write_part0_1                                     (7.00%)
                 0      unc_iio_data_req_by_cpu_peer_write_part0_2                                     (7.02%)
                 0      unc_iio_data_req_by_cpu_peer_write_part0_3                                     (7.00%)
                 0      unc_iio_data_req_by_cpu_peer_write_part0_4                                     (7.00%)
                 0      unc_iio_data_req_by_cpu_peer_write_part0_5                                     (7.02%)
                 0      unc_iio_data_req_by_cpu_peer_write_part1_0                                     (7.02%)
                 0      unc_iio_data_req_by_cpu_peer_write_part1_1                                     (7.02%)
                 0      unc_iio_data_req_by_cpu_peer_write_part1_2                                     (7.02%)
                 0      unc_iio_data_req_by_cpu_peer_write_part1_3                                     (7.02%)
                 0      unc_iio_data_req_by_cpu_peer_write_part1_4                                     (7.02%)
                 0      unc_iio_data_req_by_cpu_peer_write_part1_5                                     (7.02%)
                 0      unc_iio_data_req_by_cpu_peer_write_part2_0                                     (7.02%)
                 0      unc_iio_data_req_by_cpu_peer_write_part2_1                                     (7.02%)
                 0      unc_iio_data_req_by_cpu_peer_write_part2_2                                     (7.02%)
                 0      unc_iio_data_req_by_cpu_peer_write_part2_3                                     (7.01%)
                 0      unc_iio_data_req_by_cpu_peer_write_part2_4                                     (7.01%)
                 0      unc_iio_data_req_by_cpu_peer_write_part2_5                                     (7.02%)
                 0      unc_iio_data_req_by_cpu_peer_write_part3_0                                     (7.03%)
                 0      unc_iio_data_req_by_cpu_peer_write_part3_1                                     (7.06%)
                 0      unc_iio_data_req_by_cpu_peer_write_part3_2                                     (7.02%)
                 0      unc_iio_data_req_by_cpu_peer_write_part3_3                                     (7.06%)
                 0      unc_iio_data_req_by_cpu_peer_write_part3_4                                     (7.05%)
                 0      unc_iio_data_req_by_cpu_peer_write_part3_5                                     (7.02%)
                 0      unc_iio_data_req_of_cpu_mem_read_part0_0                                     (7.03%)
                 0      unc_iio_data_req_of_cpu_mem_read_part0_1                                     (7.03%)
                 0      unc_iio_data_req_of_cpu_mem_read_part0_2                                     (7.02%)
                 0      unc_iio_data_req_of_cpu_mem_read_part0_3                                     (7.01%)
                 0      unc_iio_data_req_of_cpu_mem_read_part0_4                                     (7.01%)
                 0      unc_iio_data_req_of_cpu_mem_read_part0_5                                     (7.02%)
                 0      unc_iio_data_req_of_cpu_mem_read_part1_0                                     (7.02%)
                 0      unc_iio_data_req_of_cpu_mem_read_part1_1                                     (7.01%)
                 0      unc_iio_data_req_of_cpu_mem_read_part1_2                                     (7.02%)
                 0      unc_iio_data_req_of_cpu_mem_read_part1_3                                     (7.02%)
                 0      unc_iio_data_req_of_cpu_mem_read_part1_4                                     (7.02%)
                 0      unc_iio_data_req_of_cpu_mem_read_part1_5                                     (7.02%)
                 0      unc_iio_data_req_of_cpu_mem_read_part2_0                                     (7.02%)
                 0      unc_iio_data_req_of_cpu_mem_read_part2_1                                     (7.02%)
                 0      unc_iio_data_req_of_cpu_mem_read_part2_2                                     (7.02%)
                 0      unc_iio_data_req_of_cpu_mem_read_part2_3                                     (7.02%)
                 0      unc_iio_data_req_of_cpu_mem_read_part2_4                                     (7.01%)
                 0      unc_iio_data_req_of_cpu_mem_read_part2_5                                     (7.02%)
                 0      unc_iio_data_req_of_cpu_mem_read_part3_0                                     (7.00%)
                 0      unc_iio_data_req_of_cpu_mem_read_part3_1                                     (7.00%)
                 0      unc_iio_data_req_of_cpu_mem_read_part3_2                                     (7.01%)
                 0      unc_iio_data_req_of_cpu_mem_read_part3_3                                     (6.99%)
                 0      unc_iio_data_req_of_cpu_mem_read_part3_4                                     (7.00%)
                 0      unc_iio_data_req_of_cpu_mem_read_part3_5                                     (7.02%)
                 0      unc_iio_data_req_of_cpu_mem_write_part0_0                                     (7.01%)
                 0      unc_iio_data_req_of_cpu_mem_write_part0_1                                     (7.00%)
                 0      unc_iio_data_req_of_cpu_mem_write_part0_2                                     (7.03%)
                 0      unc_iio_data_req_of_cpu_mem_write_part0_3                                     (7.02%)
                 0      unc_iio_data_req_of_cpu_mem_write_part0_4                                     (7.01%)
                 0      unc_iio_data_req_of_cpu_mem_write_part0_5                                     (5.26%)
                 0      unc_iio_data_req_of_cpu_mem_write_part1_0                                     (7.02%)
                 0      unc_iio_data_req_of_cpu_mem_write_part1_1                                     (7.01%)
                 0      unc_iio_data_req_of_cpu_mem_write_part1_2                                     (5.27%)
                 0      unc_iio_data_req_of_cpu_mem_write_part1_3                                     (7.00%)
                 0      unc_iio_data_req_of_cpu_mem_write_part1_4                                     (6.99%)
                 0      unc_iio_data_req_of_cpu_mem_write_part1_5                                     (5.26%)
                 0      unc_iio_data_req_of_cpu_mem_write_part2_0                                     (5.26%)
                 0      unc_iio_data_req_of_cpu_mem_write_part2_1                                     (7.01%)
                 0      unc_iio_data_req_of_cpu_mem_write_part2_2                                     (5.25%)
                 0      unc_iio_data_req_of_cpu_mem_write_part2_3                                     (5.26%)
                 0      unc_iio_data_req_of_cpu_mem_write_part2_4                                     (7.01%)
                 0      unc_iio_data_req_of_cpu_mem_write_part2_5                                     (7.01%)
                 0      unc_iio_data_req_of_cpu_mem_write_part3_0                                     (5.26%)
                 0      unc_iio_data_req_of_cpu_mem_write_part3_1                                     (5.26%)
                 0      unc_iio_data_req_of_cpu_mem_write_part3_2                                     (7.01%)
                 0      unc_iio_data_req_of_cpu_mem_write_part3_3                                     (5.26%)
                 0      unc_iio_data_req_of_cpu_mem_write_part3_4                                     (5.26%)
                 0      unc_iio_data_req_of_cpu_mem_write_part3_5                                     (7.01%)
                 0      unc_iio_data_req_of_cpu_peer_read_part0_0                                     (7.01%)
                 0      unc_iio_data_req_of_cpu_peer_read_part0_1                                     (5.25%)
                 0      unc_iio_data_req_of_cpu_peer_read_part0_2                                     (7.02%)
                 0      unc_iio_data_req_of_cpu_peer_read_part0_3                                     (7.01%)
                 0      unc_iio_data_req_of_cpu_peer_read_part0_4                                     (5.25%)
                 0      unc_iio_data_req_of_cpu_peer_read_part0_5                                     (5.26%)
                 0      unc_iio_data_req_of_cpu_peer_read_part1_0                                     (7.02%)
                 0      unc_iio_data_req_of_cpu_peer_read_part1_1                                     (7.02%)
                 0      unc_iio_data_req_of_cpu_peer_read_part1_2                                     (5.26%)
                 0      unc_iio_data_req_of_cpu_peer_read_part1_3                                     (7.02%)
                 0      unc_iio_data_req_of_cpu_peer_read_part1_4                                     (7.02%)
                 0      unc_iio_data_req_of_cpu_peer_read_part1_5                                     (5.26%)
                 0      unc_iio_data_req_of_cpu_peer_read_part2_0                                     (5.27%)
                 0      unc_iio_data_req_of_cpu_peer_read_part2_1                                     (7.02%)
                 0      unc_iio_data_req_of_cpu_peer_read_part2_2                                     (5.26%)
                 0      unc_iio_data_req_of_cpu_peer_read_part2_3                                     (5.27%)
                 0      unc_iio_data_req_of_cpu_peer_read_part2_4                                     (7.03%)
                 0      unc_iio_data_req_of_cpu_peer_read_part2_5                                     (7.01%)
                 0      unc_iio_data_req_of_cpu_peer_read_part3_0                                     (5.26%)
                 0      unc_iio_data_req_of_cpu_peer_read_part3_1                                     (5.26%)
                 0      unc_iio_data_req_of_cpu_peer_read_part3_2                                     (7.01%)
                 0      unc_iio_data_req_of_cpu_peer_read_part3_3                                     (5.26%)
                 0      unc_iio_data_req_of_cpu_peer_read_part3_4                                     (5.27%)
                 0      unc_iio_data_req_of_cpu_peer_read_part3_5                                     (7.01%)
                 0      unc_iio_data_req_of_cpu_peer_write_part0_0                                     (7.01%)
                 0      unc_iio_data_req_of_cpu_peer_write_part0_1                                     (5.26%)
                 0      unc_iio_data_req_of_cpu_peer_write_part0_2                                     (7.01%)
                 0      unc_iio_data_req_of_cpu_peer_write_part0_3                                     (7.01%)
                 0      unc_iio_data_req_of_cpu_peer_write_part0_4                                     (5.26%)
                 0      unc_iio_data_req_of_cpu_peer_write_part0_5                                     (7.01%)
                 0      unc_iio_data_req_of_cpu_peer_write_part1_0                                     (7.01%)
                 0      unc_iio_data_req_of_cpu_peer_write_part1_1                                     (7.01%)
                 0      unc_iio_data_req_of_cpu_peer_write_part1_2                                     (7.01%)
                 0      unc_iio_data_req_of_cpu_peer_write_part1_3                                     (7.02%)
                 0      unc_iio_data_req_of_cpu_peer_write_part1_4                                     (7.02%)
                 0      unc_iio_data_req_of_cpu_peer_write_part1_5                                     (7.02%)
                 0      unc_iio_data_req_of_cpu_peer_write_part2_0                                     (7.02%)
                 0      unc_iio_data_req_of_cpu_peer_write_part2_1                                     (7.02%)
                 0      unc_iio_data_req_of_cpu_peer_write_part2_2                                     (5.26%)
                 0      unc_iio_data_req_of_cpu_peer_write_part2_3                                     (7.02%)
                 0      unc_iio_data_req_of_cpu_peer_write_part2_4                                     (7.02%)
                 0      unc_iio_data_req_of_cpu_peer_write_part2_5                                     (5.26%)
                 0      unc_iio_data_req_of_cpu_peer_write_part3_0                                     (7.02%)
                 0      unc_iio_data_req_of_cpu_peer_write_part3_1                                     (7.02%)
                 0      unc_iio_data_req_of_cpu_peer_write_part3_2                                     (5.26%)
                 0      unc_iio_data_req_of_cpu_peer_write_part3_3                                     (7.01%)
                 0      unc_iio_data_req_of_cpu_peer_write_part3_4                                     (7.00%)
                 0      unc_iio_data_req_of_cpu_peer_write_part3_5                                     (5.26%)
                 0      unc_iio_payload_bytes_in_mem_read_part0_0                                     (7.02%)
                 0      unc_iio_payload_bytes_in_mem_read_part0_1                                     (7.03%)
                 0      unc_iio_payload_bytes_in_mem_read_part0_2                                     (7.02%)
                 0      unc_iio_payload_bytes_in_mem_read_part0_3                                     (7.05%)
                 0      unc_iio_payload_bytes_in_mem_read_part0_4                                     (7.06%)
                 0      unc_iio_payload_bytes_in_mem_read_part0_5                                     (7.02%)
                 0      unc_iio_payload_bytes_in_mem_read_part1_0                                     (5.28%)
                 0      unc_iio_payload_bytes_in_mem_read_part1_1                                     (7.04%)
                 0      unc_iio_payload_bytes_in_mem_read_part1_2                                     (7.02%)
                 0      unc_iio_payload_bytes_in_mem_read_part1_3                                     (5.30%)
                 0      unc_iio_payload_bytes_in_mem_read_part1_4                                     (7.03%)
                 0      unc_iio_payload_bytes_in_mem_read_part1_5                                     (7.02%)
                 0      unc_iio_payload_bytes_in_mem_read_part2_0                                     (5.27%)
                 0      unc_iio_payload_bytes_in_mem_read_part2_1                                     (7.00%)
                 0      unc_iio_payload_bytes_in_mem_read_part2_2                                     (7.02%)
                 0      unc_iio_payload_bytes_in_mem_read_part2_3                                     (5.23%)
                 0      unc_iio_payload_bytes_in_mem_read_part2_4                                     (6.97%)
                 0      unc_iio_payload_bytes_in_mem_read_part2_5                                     (7.02%)
                 0      unc_iio_payload_bytes_in_mem_read_part3_0                                     (7.00%)
                 0      unc_iio_payload_bytes_in_mem_read_part3_1                                     (5.24%)
                 0      unc_iio_payload_bytes_in_mem_read_part3_2                                     (7.01%)
                 0      unc_iio_payload_bytes_in_mem_read_part3_3                                     (6.98%)
                 0      unc_iio_payload_bytes_in_mem_read_part3_4                                     (5.26%)
                 0      unc_iio_payload_bytes_in_mem_read_part3_5                                     (7.02%)
                 0      unc_iio_payload_bytes_in_mem_write_part0_0                                     (7.01%)
                 0      unc_iio_payload_bytes_in_mem_write_part0_1                                     (5.27%)
                 0      unc_iio_payload_bytes_in_mem_write_part0_2                                     (7.02%)
                 0      unc_iio_payload_bytes_in_mem_write_part0_3                                     (7.04%)
                 0      unc_iio_payload_bytes_in_mem_write_part0_4                                     (5.29%)
                 0      unc_iio_payload_bytes_in_mem_write_part0_5                                     (7.02%)
                 0      unc_iio_payload_bytes_in_mem_write_part1_0                                     (7.02%)
                 0      unc_iio_payload_bytes_in_mem_write_part1_1                                     (7.04%)
                 0      unc_iio_payload_bytes_in_mem_write_part1_2                                     (7.02%)
                 0      unc_iio_payload_bytes_in_mem_write_part1_3                                     (7.05%)
                 0      unc_iio_payload_bytes_in_mem_write_part1_4                                     (7.06%)
                 0      unc_iio_payload_bytes_in_mem_write_part1_5                                     (7.02%)
                 0      unc_iio_payload_bytes_in_mem_write_part2_0                                     (7.03%)
                 0      unc_iio_payload_bytes_in_mem_write_part2_1                                     (7.02%)
                 0      unc_iio_payload_bytes_in_mem_write_part2_2                                     (7.02%)
                 0      unc_iio_payload_bytes_in_mem_write_part2_3                                     (7.00%)
                 0      unc_iio_payload_bytes_in_mem_write_part2_4                                     (6.99%)
                 0      unc_iio_payload_bytes_in_mem_write_part2_5                                     (7.02%)
                 0      unc_iio_payload_bytes_in_mem_write_part3_0                                     (7.01%)
                 0      unc_iio_payload_bytes_in_mem_write_part3_1                                     (7.00%)
                 0      unc_iio_payload_bytes_in_mem_write_part3_2                                     (5.26%)
                 0      unc_iio_payload_bytes_in_mem_write_part3_3                                     (6.99%)
                 0      unc_iio_payload_bytes_in_mem_write_part3_4                                     (6.98%)
                 0      unc_iio_payload_bytes_in_mem_write_part3_5                                     (5.26%)
                 0      unc_iio_txn_req_by_cpu_mem_read_part0_0                                     (7.00%)
                 0      unc_iio_txn_req_by_cpu_mem_read_part0_1                                     (7.00%)
                 0      unc_iio_txn_req_by_cpu_mem_read_part0_2                                     (7.00%)
                 0      unc_iio_txn_req_by_cpu_mem_read_part0_3                                     (7.02%)
                 0      unc_iio_txn_req_by_cpu_mem_read_part0_4                                     (7.02%)
                 0      unc_iio_txn_req_by_cpu_mem_read_part0_5                                     (7.02%)
                 0      unc_iio_txn_req_by_cpu_mem_read_part1_0                                     (7.02%)
                 0      unc_iio_txn_req_by_cpu_mem_read_part1_1                                     (7.02%)
                 0      unc_iio_txn_req_by_cpu_mem_read_part1_2                                     (7.02%)
                 0      unc_iio_txn_req_by_cpu_mem_read_part1_3                                     (7.02%)
                 0      unc_iio_txn_req_by_cpu_mem_read_part1_4                                     (7.03%)
                 0      unc_iio_txn_req_by_cpu_mem_read_part1_5                                     (7.02%)
                 0      unc_iio_txn_req_by_cpu_mem_read_part2_0                                     (7.02%)
                 0      unc_iio_txn_req_by_cpu_mem_read_part2_1                                     (7.02%)
                 0      unc_iio_txn_req_by_cpu_mem_read_part2_2                                     (7.02%)
                 0      unc_iio_txn_req_by_cpu_mem_read_part2_3                                     (7.02%)
                 0      unc_iio_txn_req_by_cpu_mem_read_part2_4                                     (7.02%)
                 0      unc_iio_txn_req_by_cpu_mem_read_part2_5                                     (7.02%)
                 0      unc_iio_txn_req_by_cpu_mem_read_part3_0                                     (7.02%)
                 0      unc_iio_txn_req_by_cpu_mem_read_part3_1                                     (7.01%)
                 0      unc_iio_txn_req_by_cpu_mem_read_part3_2                                     (7.02%)
                 0      unc_iio_txn_req_by_cpu_mem_read_part3_3                                     (7.02%)
                 0      unc_iio_txn_req_by_cpu_mem_read_part3_4                                     (7.02%)
                 0      unc_iio_txn_req_by_cpu_mem_read_part3_5                                     (7.02%)
                 0      unc_iio_txn_req_by_cpu_mem_write_part0_0                                     (7.01%)
                 0      unc_iio_txn_req_by_cpu_mem_write_part0_1                                     (7.01%)
                 0      unc_iio_txn_req_by_cpu_mem_write_part0_2                                     (7.01%)
                 0      unc_iio_txn_req_by_cpu_mem_write_part0_3                                     (7.03%)
                 0      unc_iio_txn_req_by_cpu_mem_write_part0_4                                     (7.03%)
                 0      unc_iio_txn_req_by_cpu_mem_write_part0_5                                     (7.02%)
                 0      unc_iio_txn_req_by_cpu_mem_write_part1_0                                     (7.03%)
                 0      unc_iio_txn_req_by_cpu_mem_write_part1_1                                     (7.04%)
                 0      unc_iio_txn_req_by_cpu_mem_write_part1_2                                     (7.03%)
                 0      unc_iio_txn_req_by_cpu_mem_write_part1_3                                     (7.05%)
                 0      unc_iio_txn_req_by_cpu_mem_write_part1_4                                     (7.06%)
                 0      unc_iio_txn_req_by_cpu_mem_write_part1_5                                     (7.02%)

      69.759368851 seconds time elapsed

