# started on Tue Feb  6 06:28:08 2024


 Performance counter stats for 'system wide':

           403,007      r185                                                          (6.94%)
         3,714,406      r2085                                                         (8.33%)
        22,877,566      r1001085                                                      (9.72%)
           175,912      re85                                                          (11.11%)
                 0      r885                                                          (11.11%)
             1,935      r485                                                          (11.11%)
           172,581      r285                                                          (11.11%)
        22,814,152      r1085                                                         (11.11%)
     8,698,804,781      r151                                                          (11.12%)
    15,012,979,702      r248                                                          (11.12%)
   375,070,337,993      r148                                                          (11.12%)
   128,385,075,990      r1000148                                                      (11.12%)
   128,414,808,632      r1200148                                                      (11.12%)
     8,638,869,180      r1ff1                                                         (11.12%)
     7,927,467,475      r2f2                                                          (11.12%)
       100,785,284      r1f2                                                          (11.12%)
         6,587,293      r4f2                                                          (11.12%)
         6,585,986      r4f2                                                          (11.12%)
       132,932,578      re424                                                         (11.12%)
     1,581,276,119      re124                                                         (11.12%)
     1,260,438,552      r2724                                                         (11.12%)
     4,228,306,285      re724                                                         (11.12%)
     9,559,460,585      rf824                                                         (11.12%)
     2,517,183,212      re224                                                         (11.12%)
       104,884,493      rc424                                                         (11.12%)
        30,425,776      r2424                                                         (11.12%)
     1,470,316,273      rc124                                                         (11.12%)
       109,286,108      r2124                                                         (11.12%)
     8,630,808,366      r3f24                                                         (11.12%)
     2,187,777,582      rd824                                                         (11.12%)
     7,371,595,710      r3824                                                         (11.12%)
    13,797,375,866      rff24                                                         (11.12%)
     1,394,213,666      rc224                                                         (11.12%)
     1,121,172,334      r2224                                                         (11.12%)
     7,925,879,856      r40f0                                                         (11.12%)
             2,825      r803                                                          (11.12%)
         2,690,639      r203                                                          (11.12%)
       404,430,424      r107                                                          (11.12%)
             8,672      r14c                                                          (11.12%)
     7,490,074,263      r412e                                                         (11.12%)
     8,022,008,639      r4f2e                                                         (11.12%)
                 0      r40001a8                                                      (11.12%)
                 0      r10001a8                                                      (11.12%)
                 0      r40001a8                                                      (11.12%)
                 0      r1a8                                                          (11.12%)
         3,055,416      r10401c3                                                      (11.12%)
           753,734      r2c3                                                          (11.12%)
         1,125,908      r4c3                                                          (11.11%)
    42,664,778,887      r81d0                                                         (11.11%)
    30,739,509,598      r82d0                                                         (11.11%)
    73,372,054,928      r83d0                                                         (11.11%)
        12,939,284      r21d0                                                         (11.11%)
           239,140      r41d0                                                         (5.55%)
           556,082      r42d0                                                         (5.55%)
           292,247      r11d0                                                         (5.55%)
           151,170      r12d0                                                         (5.55%)
            51,146      r2d2                                                          (5.55%)
         1,598,884      r4d2                                                          (5.55%)
             4,034      r1d2                                                          (5.55%)
        10,584,792      r8d2                                                          (5.55%)
       544,634,272      r1d3                                                          (6.94%)
                 0      r2d3                                                          (8.33%)
                 0      r8d3                                                          (9.72%)
                 0      r4d3                                                          (11.11%)
                 0      r4d4                                                          (11.11%)
    21,881,852,727      r40d1                                                         (11.11%)
    18,346,616,093      r1d1                                                          (11.11%)
     2,370,849,351      r8d1                                                          (11.11%)
     1,677,266,841      r2d1                                                          (11.11%)
       693,918,824      r10d1                                                         (5.55%)
        10,461,020      r4d1                                                          (5.55%)
       680,611,334      r20d1                                                         (5.55%)
   <not supported>      r1cd:p                                                      
   <not supported>      r1cd:p                                                      
   <not supported>      r1cd:p                                                      
   <not supported>      r1cd:p                                                      
   <not supported>      r1cd:p                                                      
   <not supported>      r1cd:p                                                      
   <not supported>      r1cd:p                                                      
   <not supported>      r1cd:p                                                      

      69.961143911 seconds time elapsed

