# started on Tue Feb  6 07:13:01 2024


 Performance counter stats for 'system wide':

         2,362,214      r109                                                          (10.00%)
     4,511,838,753      r8b0                                                          (10.00%)
    17,670,846,041      r80b0                                                         (10.00%)
        30,422,140      r2b0                                                          (10.00%)
       836,937,517      r1b0                                                          (10.00%)
     2,934,435,530      r4b0                                                          (10.00%)
       116,992,751      r10b0                                                         (10.01%)
    77,299,526,532      r1b2                                                          (10.01%)
 1,082,669,994,131      r860                                                          (10.01%)
   131,818,110,286      r1000860                                                      (10.01%)
       678,104,854      r1000260                                                      (10.01%)
    67,552,075,124      r1000160                                                      (10.01%)
   135,004,890,272      r1000460                                                      (10.01%)
    16,991,408,751      r1001060                                                      (10.01%)
     2,505,252,282      r260                                                          (10.01%)
   127,277,573,549      r160                                                          (10.01%)
       431,117,529      r6000160                                                      (10.01%)
   652,773,203,925      r460                                                          (10.01%)
    30,460,813,293      r1060                                                         (10.01%)
       136,411,514      r6001060                                                      (10.01%)
                 0      r1b7                                                          (10.01%)
                 0      r1b7                                                          (10.01%)
                 0      r1b7                                                          (10.01%)
                 0      r1b7                                                          (10.01%)
                 0      r1b7                                                          (10.01%)
                 0      r1b7                                                          (10.01%)
                 0      r1b7                                                          (10.01%)
                 0      r1b7                                                          (10.01%)
                 0      r1b7                                                          (10.01%)
                 0      r1b7                                                          (10.01%)
                 0      r1b7                                                          (10.01%)
                 0      r1b7                                                          (10.01%)
                 0      r1b7                                                          (10.01%)
                 0      r1b7                                                          (10.01%)
                 0      r1b7                                                          (10.01%)
                 0      r1b7                                                          (10.00%)
                 0      r1b7                                                          (10.00%)
                 0      r1b7                                                          (10.00%)
                 0      r1b7                                                          (10.00%)
                 0      r1b7                                                          (10.00%)
                 0      r1b7                                                          (10.00%)
                 0      r1b7                                                          (10.00%)
                 0      r1b7                                                          (10.00%)
                 0      r1b7                                                          (10.00%)
                 0      r1b7                                                          (10.00%)
                 0      r1b7                                                          (10.00%)
                 0      r1b7                                                          (10.00%)
                 0      r1b7                                                          (10.00%)
                 0      r1b7                                                          (10.00%)
                 0      r1b7                                                          (10.00%)
                 0      r1b7                                                          (10.00%)
                 0      r1b7                                                          (10.00%)
                 0      r1b7                                                          (10.00%)
                 0      r1b7                                                          (10.00%)
                 0      r1b7                                                          (10.00%)
                 0      r1b7                                                          (10.00%)
                 0      r1b7                                                          (10.00%)
                 0      r1b7                                                          (10.00%)
                 0      r1b7                                                          (10.00%)
                 0      r1b7                                                          (10.00%)
                 0      r1b7                                                          (10.00%)
                 0      r1b7                                                          (10.00%)
                 0      r1b7                                                          (10.00%)
                 0      r1b7                                                          (10.00%)
                 0      r1b7                                                          (10.00%)
                 0      r1b7                                                          (10.00%)
                 0      r1b7                                                          (10.00%)
                 0      r1b7                                                          (10.00%)
                 0      r1b7                                                          (10.00%)
                 0      r1b7                                                          (10.00%)
                 0      r1b7                                                          (10.00%)
                 0      r1b7                                                          (10.00%)
                 0      r1b7                                                          (10.00%)
                 0      r1b7                                                          (10.00%)
                 0      r1b7                                                          (10.00%)
                 0      r1b7                                                          (10.00%)
                 0      r1b7                                                          (10.00%)
                 0      r1b7                                                          (10.00%)
                 0      r1b7                                                          (10.00%)
                 0      r1b7                                                          (10.00%)

      69.957044634 seconds time elapsed

