# started on Tue Feb  6 06:06:54 2024


 Performance counter stats for 'system wide':

                 0      r8c7                                                          (11.68%)
                 0      r10c7                                                         (11.69%)
                 0      r20c7                                                         (10.39%)
                 0      r18c7                                                         (10.39%)
                 0      r40c7                                                         (10.39%)
                 0      r80c7                                                         (10.39%)
                 0      r18c7                                                         (10.39%)
    27,446,359,984      r3c7                                                          (10.39%)
    27,437,313,358      r1c7                                                          (10.40%)
                 0      r2c7                                                          (10.40%)
                 0      rfcc7                                                         (10.40%)
                 0      r1001eca                                                      (10.40%)
                 0      r1c6                                                          (10.40%)
                 0      r1c6                                                          (10.40%)
                 0      r1c6                                                          (10.40%)
                 0      r1c6                                                          (10.40%)
                 0      r1c6                                                          (5.20%)
   <not supported>      r1c6:p                                                      
                 0      r1c6                                                          (5.20%)
                 0      r1c6                                                          (5.20%)
                 0      r1c6                                                          (5.20%)
                 0      r1c6                                                          (5.20%)
                 0      r1c6                                                          (5.20%)
                 0      r1c6                                                          (5.20%)
                 0      r1c6                                                          (5.20%)
                 0      r1c6                                                          (5.20%)
                 0      r1c6                                                          (5.20%)
                 0      r1c6                                                          (5.20%)
                 0      r1c6                                                          (5.20%)
                 0      r1c6                                                          (5.20%)
                 0      r1c6                                                          (5.20%)
                 0      r4c8                                                          (6.50%)
                 0      r80c8                                                         (7.80%)
                 0      r8c8                                                          (9.10%)
                 0      r40c8                                                         (10.40%)
                 0      r10c8                                                         (10.40%)
                 0      r20c8                                                         (10.40%)
                 0      r2c8                                                          (10.39%)
                 0      r1c8                                                          (10.39%)
           566,890      r1cb                                                          (10.39%)
       360,974,502      r480                                                          (10.39%)
    41,279,692,913      r183                                                          (10.39%)
       134,282,178      r283                                                          (10.39%)
        87,494,773      r483                                                          (10.39%)
        86,304,498      r483                                                          (10.39%)
     7,801,189,011      r4fe                                                          (10.39%)
       268,697,081      r2fe                                                          (10.39%)
    27,400,714,666      r4001879                                                      (10.39%)
    54,776,762,662      r1001879                                                      (10.39%)
       574,243,884      r4002479                                                      (10.39%)
     1,672,166,167      r1002479                                                      (10.39%)
    54,425,528,411      r1000879                                                      (10.39%)
    54,821,091,752      r1001879                                                      (10.39%)
    27,432,693,982      r4001879                                                      (10.39%)
   165,612,713,051      r879                                                          (10.39%)
     1,115,432,540      r1000479                                                      (10.39%)
     2,992,489,251      r479                                                          (10.39%)
     1,006,367,125      r1003079                                                      (10.39%)
       384,990,075      r1001079                                                      (10.39%)
     1,581,548,586      r2079                                                         (10.39%)
       306,270,681      r1043079                                                      (10.39%)
     2,852,841,069      r3079                                                         (10.39%)
    28,317,006,255      r19c                                                          (10.39%)
       975,513,259      r400019c                                                      (10.39%)
   156,322,097,641      r180019c                                                      (10.39%)
     4,962,839,779      r300019c                                                      (10.39%)
    10,526,021,268      r200019c                                                      (10.39%)
    11,853,698,033      r100019c                                                      (10.39%)
           786,300      r187                                                          (10.39%)
     2,735,989,853      r155                                                          (10.39%)
   194,490,594,284      rc0                                                           (11.68%)
   194,434,965,996      rc0                                                           (11.68%)
       157,564,921      r2c0                                                          (11.68%)
   <not supported>      r1c0:p                                                      
   <not supported>      ra8001c0:p                                                  
       236,928,469      r800d                                                         (11.68%)
        29,811,673      r104010d                                                      (11.68%)
       168,993,007      r10d                                                          (11.68%)
       168,129,232      r20010d                                                       (11.68%)
           505,963      r1ae                                                          (11.68%)

      69.799818661 seconds time elapsed

