# started on Tue Feb  6 09:09:56 2024


 Performance counter stats for 'system wide':

                 0      r1b7                                                          (11.59%)
                 0      r1b7                                                          (11.59%)
                 0      r1b7                                                          (11.60%)
                 0      r1b7                                                          (11.60%)
                 0      r1b7                                                          (11.60%)
            50,403      r3fc1                                                         (11.60%)
     6,866,633,737      r159                                                          (11.60%)
   114,239,952,924      r1a2                                                          (11.60%)
     8,583,128,647      r8a2                                                          (11.60%)
                 0      r20cc                                                         (11.60%)
                 0      r40cc                                                         (11.60%)
     9,179,772,487      r15e                                                          (11.60%)
       477,931,821      r184015e                                                      (11.60%)
                 0      r4c9                                                          (11.60%)
                 0      r80c9                                                         (11.60%)
                 0      r8c9                                                          (11.60%)
                 0      r40c9                                                         (11.60%)
                 0      r10c9                                                         (11.60%)
                 0      r20c9                                                         (11.60%)
                 0      r2c9                                                          (11.60%)
                 0      r1c9                                                          (11.60%)
                 0      r10f4                                                         (11.60%)
                 0      r132                                                          (11.60%)
            35,272      r832                                                          (11.60%)
            41,030      r232                                                          (11.60%)
                 0      r432                                                          (11.60%)
           210,817      r1bd                                                          (11.60%)
            21,731      r20bd                                                         (11.60%)
                 0      r15d                                                          (11.60%)
                 0      r25d                                                          (11.60%)
                 0      r45d                                                          (11.60%)
                 0      r85d                                                          (11.60%)
                 0      r105d                                                         (11.59%)
                 0      r254                                                          (11.59%)
                 0      r154                                                          (11.59%)
                 0      r1054                                                         (11.59%)
                 0      r854                                                          (11.59%)
                 0      r2054                                                         (11.59%)
                 0      r454                                                          (11.59%)
                 0      r4054                                                         (11.59%)
    34,609,470,207      r1a1                                                          (11.59%)
    39,512,346,049      r2a1                                                          (11.59%)
    40,334,679,989      r4a1                                                          (11.59%)
    36,528,084,635      r8a1                                                          (11.59%)
    35,822,745,869      r10a1                                                         (11.59%)
    35,871,895,753      r20a1                                                         (11.59%)
    41,781,585,917      r40a1                                                         (11.59%)
     1,324,285,193      r80a1                                                         (11.59%)
   223,591,508,893      r2b1                                                          (11.59%)
    82,025,324,755      r10002b1                                                      (11.59%)
    65,532,701,255      r20002b1                                                      (11.59%)
    46,307,567,813      r30002b1                                                      (11.59%)
    21,646,804,384      r40002b1                                                      (11.59%)
    98,691,627,688      r18002b1                                                      (11.59%)
    82,079,091,413      r10001b1                                                      (11.59%)
    65,599,981,394      r20001b1                                                      (11.59%)
    46,349,692,977      r30001b1                                                      (11.59%)
    21,672,804,089      r40001b1                                                      (11.59%)
    98,659,529,412      r18001b1                                                      (11.59%)
   223,968,646,310      r1b1                                                          (11.59%)
         4,915,888      r10b1                                                         (11.59%)
   176,731,761,557      r10e                                                          (11.59%)
        49,125,862      r200e                                                         (11.59%)
   131,196,454,759      r180010e                                                      (11.59%)
                 0      r20e                                                          (11.59%)
    27,745,506,411      r4c2                                                          (11.59%)
   174,177,030,500      r2c2                                                          (11.59%)
   129,666,270,852      r18002c2                                                      (11.59%)
   180,795,683,737      r108002c2                                                     (11.59%)
   135,598,415,603      unc_c_clockticks_0                                            (36.35%)
   135,601,987,529      unc_c_clockticks_1                                            (36.33%)
   135,642,753,752      unc_c_clockticks_2                                            (36.31%)
   135,637,462,374      unc_c_clockticks_3                                            (36.29%)
   135,658,046,707      unc_c_clockticks_4                                            (36.27%)
   135,652,047,992      unc_c_clockticks_5                                            (36.25%)
   135,649,920,075      unc_c_clockticks_6                                            (36.23%)
   135,590,119,496      unc_c_clockticks_7                                            (36.37%)
            21,566      unc_c_fast_asserted_0                                         (36.34%)
            17,179      unc_c_fast_asserted_1                                         (36.35%)
            13,121      unc_c_fast_asserted_2                                         (36.35%)
            51,721      unc_c_fast_asserted_3                                         (36.35%)
            51,514      unc_c_fast_asserted_4                                         (36.35%)
           122,220      unc_c_fast_asserted_5                                         (36.35%)
         2,188,312      unc_c_fast_asserted_6                                         (36.35%)
         1,592,041      unc_c_fast_asserted_7                                         (36.37%)
                 0      unc_c_llc_lookup_data_read_0                                     (36.37%)
                 0      unc_c_llc_lookup_data_read_1                                     (36.35%)
                 0      unc_c_llc_lookup_data_read_2                                     (36.33%)
                 0      unc_c_llc_lookup_data_read_3                                     (36.31%)
                 0      unc_c_llc_lookup_data_read_4                                     (36.29%)
                 0      unc_c_llc_lookup_data_read_5                                     (36.27%)
                 0      unc_c_llc_lookup_data_read_6                                     (36.26%)
                 0      unc_c_llc_lookup_data_read_7                                     (36.37%)
                 0      unc_c_llc_lookup_remote_snoop_0                                     (36.35%)
                 0      unc_c_llc_lookup_remote_snoop_1                                     (36.31%)
                 0      unc_c_llc_lookup_remote_snoop_2                                     (36.27%)
                 0      unc_c_llc_lookup_remote_snoop_3                                     (36.23%)
                 0      unc_c_llc_lookup_remote_snoop_4                                     (36.19%)
                 0      unc_c_llc_lookup_remote_snoop_5                                     (36.16%)
                 0      unc_c_llc_lookup_remote_snoop_6                                     (36.12%)
                 0      unc_c_llc_lookup_remote_snoop_7                                     (36.36%)
        13,199,146      unc_c_llc_victims_e_state_0                                     (36.33%)
        13,052,302      unc_c_llc_victims_e_state_1                                     (36.30%)
        12,950,058      unc_c_llc_victims_e_state_2                                     (36.28%)
        13,078,924      unc_c_llc_victims_e_state_3                                     (36.26%)
        13,196,715      unc_c_llc_victims_e_state_4                                     (36.24%)
        13,306,593      unc_c_llc_victims_e_state_5                                     (36.22%)
        13,220,399      unc_c_llc_victims_e_state_6                                     (36.20%)
        11,274,937      unc_c_llc_victims_e_state_7                                     (36.36%)
                19      unc_c_llc_victims_f_state_0                                     (36.34%)
                39      unc_c_llc_victims_f_state_1                                     (36.34%)
                14      unc_c_llc_victims_f_state_2                                     (36.33%)
                41      unc_c_llc_victims_f_state_3                                     (36.33%)
                36      unc_c_llc_victims_f_state_4                                     (36.33%)
                 8      unc_c_llc_victims_f_state_5                                     (36.32%)
                17      unc_c_llc_victims_f_state_6                                     (36.32%)
                96      unc_c_llc_victims_f_state_7                                     (36.36%)
        54,624,586      unc_c_llc_victims_m_state_0                                     (36.36%)
        54,556,592      unc_c_llc_victims_m_state_1                                     (36.39%)
        54,494,450      unc_c_llc_victims_m_state_2                                     (36.43%)
        54,596,988      unc_c_llc_victims_m_state_3                                     (36.47%)
        54,680,292      unc_c_llc_victims_m_state_4                                     (36.50%)
        54,725,224      unc_c_llc_victims_m_state_5                                     (36.54%)
        54,697,076      unc_c_llc_victims_m_state_6                                     (36.57%)
        53,696,437      unc_c_llc_victims_m_state_7                                     (36.36%)
           230,515      unc_c_llc_victims_s_state_0                                     (36.40%)
           227,826      unc_c_llc_victims_s_state_1                                     (36.46%)
           229,098      unc_c_llc_victims_s_state_2                                     (36.52%)
           246,774      unc_c_llc_victims_s_state_3                                     (36.58%)
           226,677      unc_c_llc_victims_s_state_4                                     (36.63%)
           230,395      unc_c_llc_victims_s_state_5                                     (36.69%)
           243,646      unc_c_llc_victims_s_state_6                                     (36.75%)
           222,914      unc_c_llc_victims_s_state_7                                     (36.36%)
                 5      unc_c_tor_inserts_irq_0                                       (36.43%)
                 0      unc_c_tor_inserts_irq_1                                       (36.45%)
                 0      unc_c_tor_inserts_irq_2                                       (36.47%)
                 0      unc_c_tor_inserts_irq_3                                       (36.49%)
                 3      unc_c_tor_inserts_irq_4                                       (36.51%)
                 0      unc_c_tor_inserts_irq_5                                       (36.53%)
                 0      unc_c_tor_inserts_irq_6                                       (36.55%)
                 3      unc_c_tor_inserts_irq_7                                       (36.36%)
                 0      unc_c_tor_inserts_irq_hit_0                                     (36.39%)
                 0      unc_c_tor_inserts_irq_hit_1                                     (36.39%)
                 0      unc_c_tor_inserts_irq_hit_2                                     (36.39%)
                 0      unc_c_tor_inserts_irq_hit_3                                     (36.39%)
                 0      unc_c_tor_inserts_irq_hit_4                                     (36.40%)
                 0      unc_c_tor_inserts_irq_hit_5                                     (36.40%)
                 0      unc_c_tor_inserts_irq_hit_6                                     (36.40%)
                 0      unc_c_tor_inserts_irq_hit_7                                     (36.37%)
                 0      unc_c_tor_inserts_irq_miss_0                                     (36.37%)
                 0      unc_c_tor_inserts_irq_miss_1                                     (36.35%)
                 0      unc_c_tor_inserts_irq_miss_2                                     (36.33%)
                 0      unc_c_tor_inserts_irq_miss_3                                     (36.31%)
                 0      unc_c_tor_inserts_irq_miss_4                                     (36.29%)
                 0      unc_c_tor_inserts_irq_miss_5                                     (36.28%)
                 0      unc_c_tor_inserts_irq_miss_6                                     (36.26%)
                 0      unc_c_tor_inserts_irq_miss_7                                     (36.37%)

      69.860962341 seconds time elapsed

