# started on Mon Feb  5 06:54:34 2024


 Performance counter stats for 'system wide':

    70,641,610,724      r20002a3                                                      (11.11%)
    50,917,474,703      r60006a3                                                      (11.11%)
                 0      r4c8                                                          (11.11%)
                 0      r80c8                                                         (11.12%)
                 0      r8c8                                                          (11.12%)
                 0      r40c8                                                         (11.12%)
                 0      r10c8                                                         (11.12%)
                 0      r20c8                                                         (11.12%)
                 0      r2c8                                                          (11.12%)
                 0      r1c8                                                          (11.12%)
           699,866      r2c3                                                          (11.12%)
   <not supported>      r1cd:p                                                      
   <not supported>      r1cd:p                                                      
   <not supported>      r1cd:p                                                      
   <not supported>      r1cd:p                                                      
   <not supported>      r1cd:p                                                      
   <not supported>      r1cd:p                                                      
   <not supported>      r1cd:p                                                      
   <not supported>      r1cd:p                                                      
       128,572,130      r10b0                                                         (11.12%)
    18,001,520,257      r1001060                                                      (11.12%)
    32,555,868,827      r1060                                                         (11.12%)
       118,637,414      r6001060                                                      (11.11%)
                 0      r1b7                                                          (11.11%)
                 0      r1b7                                                          (11.11%)
                 0      r1b7                                                          (11.11%)
                 0      r1b7                                                          (11.11%)
                 0      r1b7                                                          (11.11%)
                 0      r1b7                                                          (11.11%)
                 0      r1b7                                                          (11.11%)
                 0      r1b7                                                          (11.11%)
                 0      r1b7                                                          (11.11%)
                 0      r1b7                                                          (11.11%)
                 0      r1b7                                                          (11.11%)
                 0      r1b7                                                          (11.11%)
                 0      r1b7                                                          (11.11%)
                 0      r1b7                                                          (11.11%)
                 0      r1b7                                                          (11.11%)
                 0      r1b7                                                          (11.11%)
                 0      r1b7                                                          (11.11%)
                 0      r1b7                                                          (11.11%)
                 0      r1b7                                                          (11.11%)
                 0      r1b7                                                          (11.11%)
                 0      r1b7                                                          (11.11%)
                 0      r1b7                                                          (11.11%)
                 0      r1b7                                                          (11.11%)
                 0      r1b7                                                          (11.11%)
                 0      r1b7                                                          (11.11%)
                 0      r1b7                                                          (11.11%)
                 0      r1b7                                                          (11.11%)
                 0      r1b7                                                          (11.11%)
                 0      r1b7                                                          (11.11%)
                 0      r1b7                                                          (11.11%)
                 0      r1b7                                                          (11.11%)
                 0      r1b7                                                          (11.11%)
                 0      r1b7                                                          (11.11%)
                 0      r1b7                                                          (11.11%)
                 0      r1b7                                                          (11.11%)
                 0      r1b7                                                          (11.11%)
                 0      r1b7                                                          (11.11%)
                 0      r1b7                                                          (11.11%)
                 0      r1b7                                                          (11.11%)
                 0      r1b7                                                          (11.11%)
                 0      r1b7                                                          (11.11%)
                 0      r1b7                                                          (11.11%)
           526,299      offcore_response.other.l3_miss.any_snoop                                     (11.11%)
                 0      offcore_response.other.l3_miss.remote_hit_forward                                     (2.78%)
                 0      offcore_response.other.l3_miss.remote_hitm                                     (2.78%)
                 0      offcore_response.other.l3_miss.snoop_miss_or_no_fwd                                     (2.78%)
                 0      offcore_response.other.l3_miss_local_dram.snoop_miss_or_no_fwd                                     (2.78%)
                 0      offcore_response.other.l3_miss_remote_dram.snoop_miss_or_no_fwd                                     (2.78%)
                 0      r1b7                                                          (2.78%)
                 0      r1b7                                                          (4.17%)
                 0      r1b7                                                          (5.56%)
                 0      r1b7                                                          (6.94%)
                 0      r1b7                                                          (8.33%)
                 0      r1b7                                                          (9.72%)
                 0      r1b7                                                          (11.11%)
                 0      r1b7                                                          (11.11%)
                 0      r1b7                                                          (11.11%)

      69.926146747 seconds time elapsed

