# started on Tue Feb  6 06:22:15 2024


 Performance counter stats for 'system wide':

           310,341      r185                                                          (6.94%)
         3,785,498      r2085                                                         (8.33%)
        14,783,797      r1001085                                                      (9.72%)
           130,671      re85                                                          (11.11%)
                 0      r885                                                          (11.11%)
             4,402      r485                                                          (11.11%)
           101,643      r285                                                          (11.11%)
        13,032,247      r1085                                                         (11.11%)
     8,938,812,298      r151                                                          (11.11%)
    15,198,753,362      r248                                                          (11.11%)
   383,468,060,406      r148                                                          (11.11%)
   134,428,460,686      r1000148                                                      (11.11%)
   134,420,140,706      r1200148                                                      (11.11%)
     8,938,039,725      r1ff1                                                         (11.11%)
     8,566,157,710      r2f2                                                          (11.11%)
        97,802,108      r1f2                                                          (11.11%)
         6,312,565      r4f2                                                          (11.11%)
         6,330,871      r4f2                                                          (11.11%)
       126,870,577      re424                                                         (11.11%)
     1,339,166,310      re124                                                         (11.11%)
       863,929,991      r2724                                                         (11.11%)
     4,185,069,964      re724                                                         (11.11%)
    10,953,478,234      rf824                                                         (11.11%)
     2,719,577,101      re224                                                         (11.11%)
       101,071,965      rc424                                                         (11.11%)
        24,991,937      r2424                                                         (11.11%)
     1,214,331,294      rc124                                                         (11.11%)
       129,256,003      r2124                                                         (11.11%)
     8,936,016,497      r3f24                                                         (11.11%)
     2,873,153,625      rd824                                                         (11.11%)
     8,072,440,976      r3824                                                         (11.11%)
    15,145,386,208      rff24                                                         (11.11%)
     2,011,200,775      rc224                                                         (11.11%)
       708,451,976      r2224                                                         (11.11%)
     8,575,271,798      r40f0                                                         (11.11%)
             2,961      r803                                                          (11.11%)
         2,510,678      r203                                                          (11.11%)
       357,724,434      r107                                                          (11.11%)
               414      r14c                                                          (11.11%)
     8,378,843,058      r412e                                                         (11.11%)
     8,667,068,571      r4f2e                                                         (11.11%)
                 0      r40001a8                                                      (11.11%)
                 0      r10001a8                                                      (11.11%)
                 0      r40001a8                                                      (11.11%)
                 0      r1a8                                                          (11.11%)
         2,990,903      r10401c3                                                      (11.11%)
           752,423      r2c3                                                          (11.11%)
         1,030,306      r4c3                                                          (11.11%)
    50,159,990,881      r81d0                                                         (11.11%)
    29,201,795,126      r82d0                                                         (11.11%)
    79,422,933,816      r83d0                                                         (11.11%)
        10,400,742      r21d0                                                         (11.11%)
           213,408      r41d0                                                         (5.56%)
           816,989      r42d0                                                         (5.56%)
           160,444      r11d0                                                         (5.56%)
           135,193      r12d0                                                         (5.56%)
            30,487      r2d2                                                          (5.56%)
         1,265,532      r4d2                                                          (5.56%)
             2,969      r1d2                                                          (5.56%)
        10,598,411      r8d2                                                          (5.56%)
       328,434,171      r1d3                                                          (6.95%)
                 0      r2d3                                                          (8.34%)
                 0      r8d3                                                          (9.72%)
                 0      r4d3                                                          (11.11%)
                 0      r4d4                                                          (11.11%)
    21,969,974,704      r40d1                                                         (11.11%)
    26,473,983,133      r1d1                                                          (11.11%)
     1,748,933,187      r8d1                                                          (11.11%)
     1,326,577,699      r2d1                                                          (11.11%)
       421,110,418      r10d1                                                         (5.56%)
        10,621,863      r4d1                                                          (5.56%)
       406,626,793      r20d1                                                         (5.56%)
   <not supported>      r1cd:p                                                      
   <not supported>      r1cd:p                                                      
   <not supported>      r1cd:p                                                      
   <not supported>      r1cd:p                                                      
   <not supported>      r1cd:p                                                      
   <not supported>      r1cd:p                                                      
   <not supported>      r1cd:p                                                      
   <not supported>      r1cd:p                                                      

      69.840375975 seconds time elapsed

