# started on Tue Feb  6 08:28:36 2024


 Performance counter stats for 'system wide':

                 0      r1b7                                                          (11.59%)
                 0      r1b7                                                          (11.60%)
                 0      r1b7                                                          (11.60%)
                 0      r1b7                                                          (11.60%)
                 0      r1b7                                                          (11.60%)
            48,301      r3fc1                                                         (11.60%)
     6,852,022,082      r159                                                          (11.60%)
   112,137,741,628      r1a2                                                          (11.60%)
     8,256,892,096      r8a2                                                          (11.60%)
                 0      r20cc                                                         (11.60%)
                 0      r40cc                                                         (11.60%)
     9,095,769,689      r15e                                                          (11.60%)
       528,980,757      r184015e                                                      (11.60%)
                 0      r4c9                                                          (11.60%)
                 0      r80c9                                                         (11.60%)
                 0      r8c9                                                          (11.60%)
                 0      r40c9                                                         (11.60%)
                 0      r10c9                                                         (11.60%)
                 0      r20c9                                                         (11.60%)
                 0      r2c9                                                          (11.60%)
                 0      r1c9                                                          (11.60%)
                 0      r10f4                                                         (11.60%)
                 0      r132                                                          (11.60%)
            34,051      r832                                                          (11.60%)
            11,737      r232                                                          (11.60%)
                 0      r432                                                          (11.59%)
           197,187      r1bd                                                          (11.59%)
            16,063      r20bd                                                         (11.59%)
                 0      r15d                                                          (11.59%)
                 0      r25d                                                          (11.59%)
                 0      r45d                                                          (11.59%)
                 0      r85d                                                          (11.59%)
                 0      r105d                                                         (11.59%)
                 0      r254                                                          (11.59%)
                 0      r154                                                          (11.59%)
                 0      r1054                                                         (11.59%)
                 0      r854                                                          (11.59%)
                 0      r2054                                                         (11.59%)
                 0      r454                                                          (11.59%)
                 0      r4054                                                         (11.59%)
    28,499,896,272      r1a1                                                          (11.59%)
    33,492,999,382      r2a1                                                          (11.59%)
    41,811,176,512      r4a1                                                          (11.59%)
    37,474,328,512      r8a1                                                          (11.59%)
    34,472,638,542      r10a1                                                         (11.59%)
    35,871,202,259      r20a1                                                         (11.59%)
    42,625,191,768      r40a1                                                         (11.59%)
     1,319,115,682      r80a1                                                         (11.59%)
   231,377,238,431      r2b1                                                          (11.59%)
    79,561,063,089      r10002b1                                                      (11.59%)
    64,251,922,586      r20002b1                                                      (11.59%)
    48,757,146,311      r30002b1                                                      (11.59%)
    25,717,111,393      r40002b1                                                      (11.59%)
   100,931,628,924      r18002b1                                                      (11.59%)
    79,447,754,860      r10001b1                                                      (11.59%)
    64,170,312,080      r20001b1                                                      (11.59%)
    48,730,005,950      r30001b1                                                      (11.59%)
    25,715,317,016      r40001b1                                                      (11.59%)
   100,941,288,000      r18001b1                                                      (11.59%)
   231,003,195,384      r1b1                                                          (11.59%)
         5,043,977      r10b1                                                         (11.59%)
   183,331,268,049      r10e                                                          (11.59%)
        49,707,271      r200e                                                         (11.59%)
   127,404,637,368      r180010e                                                      (11.59%)
                 0      r20e                                                          (11.59%)
    27,769,046,846      r4c2                                                          (11.59%)
   180,595,534,858      r2c2                                                          (11.59%)
   130,618,134,942      r18002c2                                                      (11.59%)
   180,215,064,012      r108002c2                                                     (11.59%)
   135,526,830,116      unc_c_clockticks_0                                            (36.37%)
   135,570,913,770      unc_c_clockticks_1                                            (36.35%)
   135,598,970,375      unc_c_clockticks_2                                            (36.33%)
   135,602,447,063      unc_c_clockticks_3                                            (36.31%)
   135,606,817,532      unc_c_clockticks_4                                            (36.29%)
   135,623,677,910      unc_c_clockticks_5                                            (36.27%)
   135,603,029,590      unc_c_clockticks_6                                            (36.25%)
   135,580,784,728      unc_c_clockticks_7                                            (36.23%)
            66,284      unc_c_fast_asserted_0                                         (36.37%)
            88,143      unc_c_fast_asserted_1                                         (36.37%)
            20,629      unc_c_fast_asserted_2                                         (36.37%)
            53,142      unc_c_fast_asserted_3                                         (36.37%)
            84,750      unc_c_fast_asserted_4                                         (36.37%)
            72,556      unc_c_fast_asserted_5                                         (36.37%)
         1,695,814      unc_c_fast_asserted_6                                         (36.37%)
         1,423,734      unc_c_fast_asserted_7                                         (36.37%)
                 0      unc_c_llc_lookup_data_read_0                                     (36.37%)
                 0      unc_c_llc_lookup_data_read_1                                     (36.35%)
                 0      unc_c_llc_lookup_data_read_2                                     (36.34%)
                 0      unc_c_llc_lookup_data_read_3                                     (36.32%)
                 0      unc_c_llc_lookup_data_read_4                                     (36.30%)
                 0      unc_c_llc_lookup_data_read_5                                     (36.28%)
                 0      unc_c_llc_lookup_data_read_6                                     (36.26%)
                 0      unc_c_llc_lookup_data_read_7                                     (36.24%)
                 0      unc_c_llc_lookup_remote_snoop_0                                     (36.37%)
                 0      unc_c_llc_lookup_remote_snoop_1                                     (36.33%)
                 0      unc_c_llc_lookup_remote_snoop_2                                     (36.29%)
                 0      unc_c_llc_lookup_remote_snoop_3                                     (36.26%)
                 0      unc_c_llc_lookup_remote_snoop_4                                     (36.22%)
                 0      unc_c_llc_lookup_remote_snoop_5                                     (36.18%)
                 0      unc_c_llc_lookup_remote_snoop_6                                     (36.14%)
                 0      unc_c_llc_lookup_remote_snoop_7                                     (36.11%)
        14,013,730      unc_c_llc_victims_e_state_0                                     (36.36%)
        13,971,006      unc_c_llc_victims_e_state_1                                     (36.34%)
        13,952,346      unc_c_llc_victims_e_state_2                                     (36.32%)
        13,887,617      unc_c_llc_victims_e_state_3                                     (36.30%)
        14,017,602      unc_c_llc_victims_e_state_4                                     (36.28%)
        13,983,448      unc_c_llc_victims_e_state_5                                     (36.26%)
        14,081,683      unc_c_llc_victims_e_state_6                                     (36.24%)
        14,021,949      unc_c_llc_victims_e_state_7                                     (36.22%)
                52      unc_c_llc_victims_f_state_0                                     (36.36%)
                28      unc_c_llc_victims_f_state_1                                     (36.36%)
                28      unc_c_llc_victims_f_state_2                                     (36.36%)
                39      unc_c_llc_victims_f_state_3                                     (36.35%)
                25      unc_c_llc_victims_f_state_4                                     (36.35%)
                39      unc_c_llc_victims_f_state_5                                     (36.35%)
                19      unc_c_llc_victims_f_state_6                                     (36.34%)
                 8      unc_c_llc_victims_f_state_7                                     (36.34%)
        43,736,804      unc_c_llc_victims_m_state_0                                     (36.36%)
        43,728,619      unc_c_llc_victims_m_state_1                                     (36.40%)
        43,768,516      unc_c_llc_victims_m_state_2                                     (36.43%)
        43,723,309      unc_c_llc_victims_m_state_3                                     (36.47%)
        43,859,810      unc_c_llc_victims_m_state_4                                     (36.50%)
        43,824,917      unc_c_llc_victims_m_state_5                                     (36.54%)
        43,876,037      unc_c_llc_victims_m_state_6                                     (36.58%)
        43,837,477      unc_c_llc_victims_m_state_7                                     (36.61%)
           221,557      unc_c_llc_victims_s_state_0                                     (36.36%)
           226,056      unc_c_llc_victims_s_state_1                                     (36.42%)
           227,787      unc_c_llc_victims_s_state_2                                     (36.48%)
           242,315      unc_c_llc_victims_s_state_3                                     (36.54%)
           218,354      unc_c_llc_victims_s_state_4                                     (36.60%)
           232,205      unc_c_llc_victims_s_state_5                                     (36.66%)
           242,177      unc_c_llc_victims_s_state_6                                     (36.71%)
           220,086      unc_c_llc_victims_s_state_7                                     (36.77%)
                 0      unc_c_tor_inserts_irq_0                                       (36.36%)
                 0      unc_c_tor_inserts_irq_1                                       (36.39%)
                 0      unc_c_tor_inserts_irq_2                                       (36.41%)
                 0      unc_c_tor_inserts_irq_3                                       (36.43%)
                 0      unc_c_tor_inserts_irq_4                                       (36.45%)
                 0      unc_c_tor_inserts_irq_5                                       (36.47%)
                 0      unc_c_tor_inserts_irq_6                                       (36.49%)
                 0      unc_c_tor_inserts_irq_7                                       (36.51%)
                 0      unc_c_tor_inserts_irq_hit_0                                     (36.36%)
                 0      unc_c_tor_inserts_irq_hit_1                                     (36.37%)
                 0      unc_c_tor_inserts_irq_hit_2                                     (36.37%)
                 0      unc_c_tor_inserts_irq_hit_3                                     (36.37%)
                 0      unc_c_tor_inserts_irq_hit_4                                     (36.37%)
                 0      unc_c_tor_inserts_irq_hit_5                                     (36.37%)
                 0      unc_c_tor_inserts_irq_hit_6                                     (36.38%)
                 0      unc_c_tor_inserts_irq_hit_7                                     (36.38%)
                 0      unc_c_tor_inserts_irq_miss_0                                     (36.36%)
                 0      unc_c_tor_inserts_irq_miss_1                                     (36.34%)
                 0      unc_c_tor_inserts_irq_miss_2                                     (36.33%)
                 0      unc_c_tor_inserts_irq_miss_3                                     (36.31%)
                 0      unc_c_tor_inserts_irq_miss_4                                     (36.29%)
                 0      unc_c_tor_inserts_irq_miss_5                                     (36.27%)
                 0      unc_c_tor_inserts_irq_miss_6                                     (36.25%)
                 0      unc_c_tor_inserts_irq_miss_7                                     (36.23%)

      69.852883594 seconds time elapsed

