# started on Mon Feb  5 04:03:22 2024


 Performance counter stats for 'system wide':

     8,562,202,964      r151                                                          (9.99%)
    11,001,429,902      r248                                                          (9.99%)
   279,738,827,359      r148                                                          (10.00%)
   119,267,862,513      r1000148                                                      (10.00%)
   119,292,379,749      r1200148                                                      (10.00%)
     8,513,075,060      r1ff1                                                         (10.00%)
     8,182,741,249      r2f2                                                          (10.00%)
        95,480,359      r1f2                                                          (10.00%)
         7,339,032      r4f2                                                          (10.00%)
         7,351,723      r4f2                                                          (10.00%)
       123,320,229      re424                                                         (10.00%)
     1,931,586,904      re124                                                         (10.00%)
       692,737,596      r2724                                                         (10.00%)
     4,465,684,102      re724                                                         (10.00%)
    10,304,110,284      rf824                                                         (10.00%)
     2,412,311,158      re224                                                         (10.00%)
       105,535,993      rc424                                                         (10.00%)
        23,977,565      r2424                                                         (10.00%)
     1,817,992,773      rc124                                                         (10.00%)
       116,534,632      r2124                                                         (10.00%)
     8,498,627,370      r3f24                                                         (10.00%)
     2,481,888,898      rd824                                                         (10.00%)
     7,804,648,926      r3824                                                         (10.00%)
    14,751,424,216      rff24                                                         (10.00%)
     1,852,002,639      rc224                                                         (10.00%)
       554,361,746      r2224                                                         (10.00%)
     8,177,397,006      r40f0                                                         (10.00%)
     8,032,126,677      r412e                                                         (10.00%)
     8,284,082,941      r4f2e                                                         (10.00%)
    47,877,766,773      r81d0                                                         (10.00%)
    27,768,466,816      r82d0                                                         (10.00%)
        11,176,025      r21d0                                                         (10.00%)
           218,615      r41d0                                                         (10.00%)
           928,916      r42d0                                                         (5.00%)
           289,558      r11d0                                                         (5.00%)
           167,622      r12d0                                                         (5.00%)
            30,649      r2d2                                                          (5.00%)
         1,163,786      r4d2                                                          (5.00%)
             2,239      r1d2                                                          (5.00%)
         9,697,719      r8d2                                                          (5.00%)
       405,170,517      r1d3                                                          (6.25%)
                 0      r2d3                                                          (7.50%)
                 0      r8d3                                                          (8.75%)
                 0      r4d3                                                          (10.00%)
                 0      r4d4                                                          (10.00%)
    21,955,304,994      r40d1                                                         (10.00%)
    24,035,318,853      r1d1                                                          (10.00%)
     1,719,184,043      r8d1                                                          (10.00%)
     1,200,916,140      r2d1                                                          (10.00%)
       517,245,122      r10d1                                                         (5.00%)
        10,689,891      r4d1                                                          (5.00%)
       501,293,895      r20d1                                                         (5.00%)
     4,904,459,049      r8b0                                                          (6.25%)
    16,999,354,119      r80b0                                                         (7.50%)
        26,057,038      r2b0                                                          (8.75%)
       884,106,476      r1b0                                                          (10.00%)
     1,703,216,634      r4b0                                                          (10.00%)
    77,137,860,426      r1b2                                                          (10.00%)
 1,236,958,032,619      r860                                                          (10.00%)
   142,994,156,051      r1000860                                                      (10.00%)
       584,515,366      r1000260                                                      (10.00%)
    71,495,350,231      r1000160                                                      (10.00%)
    94,696,504,986      r1000460                                                      (10.00%)
     2,182,827,392      r260                                                          (10.00%)
   135,409,249,380      r160                                                          (10.00%)
       112,577,069      r6000160                                                      (10.00%)
   400,069,820,514      r460                                                          (10.00%)
                 0      r1b7                                                          (10.00%)
                 0      r1b7                                                          (10.00%)
                 0      r1b7                                                          (9.99%)
                 0      r1b7                                                          (9.99%)
                 0      r1b7                                                          (9.99%)
                 0      r1b7                                                          (9.99%)
                 0      r1b7                                                          (9.99%)
                 0      r1b7                                                          (9.99%)
                 0      r1b7                                                          (9.99%)
                 0      r1b7                                                          (9.99%)
                 0      r1b7                                                          (9.99%)
                 0      r1b7                                                          (9.99%)
                 0      r1b7                                                          (9.99%)

      69.824471736 seconds time elapsed

