# started on Tue Feb  6 05:59:48 2024


 Performance counter stats for 'system wide':

                 0      r8c7                                                          (11.68%)
                 0      r10c7                                                         (11.68%)
                 0      r20c7                                                         (10.39%)
                 0      r18c7                                                         (10.39%)
                 0      r40c7                                                         (10.39%)
                 0      r80c7                                                         (10.39%)
                 0      r18c7                                                         (10.39%)
    18,700,980,274      r3c7                                                          (10.39%)
    18,687,313,057      r1c7                                                          (10.39%)
                 0      r2c7                                                          (10.39%)
                 0      rfcc7                                                         (10.39%)
                 0      r1001eca                                                      (10.39%)
                 0      r1c6                                                          (10.39%)
                 0      r1c6                                                          (10.39%)
                 0      r1c6                                                          (10.39%)
                 0      r1c6                                                          (10.39%)
                 0      r1c6                                                          (5.20%)
   <not supported>      r1c6:p                                                      
                 0      r1c6                                                          (5.20%)
                 0      r1c6                                                          (5.20%)
                 0      r1c6                                                          (5.20%)
                 0      r1c6                                                          (5.20%)
                 0      r1c6                                                          (5.20%)
                 0      r1c6                                                          (5.20%)
                 0      r1c6                                                          (5.20%)
                 0      r1c6                                                          (5.20%)
                 0      r1c6                                                          (5.20%)
                 0      r1c6                                                          (5.20%)
                 0      r1c6                                                          (5.20%)
                 0      r1c6                                                          (5.20%)
                 0      r1c6                                                          (5.20%)
                 0      r4c8                                                          (6.50%)
                 0      r80c8                                                         (7.79%)
                 0      r8c8                                                          (9.09%)
                 0      r40c8                                                         (10.39%)
                 0      r10c8                                                         (10.39%)
                 0      r20c8                                                         (10.39%)
                 0      r2c8                                                          (10.39%)
                 0      r1c8                                                          (10.39%)
           567,074      r1cb                                                          (10.39%)
       569,405,698      r480                                                          (10.39%)
    48,783,914,464      r183                                                          (10.39%)
       140,640,383      r283                                                          (10.39%)
        99,759,891      r483                                                          (10.39%)
        98,822,109      r483                                                          (10.39%)
     6,083,395,543      r4fe                                                          (10.39%)
       945,499,769      r2fe                                                          (10.39%)
    22,138,356,307      r4001879                                                      (10.39%)
    40,882,921,804      r1001879                                                      (10.39%)
       628,239,447      r4002479                                                      (10.39%)
     1,818,821,437      r1002479                                                      (10.39%)
    39,408,481,619      r1000879                                                      (10.39%)
    40,885,954,817      r1001879                                                      (10.39%)
    22,139,210,060      r4001879                                                      (10.39%)
   151,056,330,060      r879                                                          (10.39%)
     1,173,642,631      r1000479                                                      (10.39%)
     3,132,897,665      r479                                                          (10.39%)
     2,136,448,187      r1003079                                                      (10.39%)
     1,470,706,094      r1001079                                                      (10.39%)
     1,700,729,796      r2079                                                         (10.39%)
       715,851,954      r1043079                                                      (10.39%)
     6,532,289,068      r3079                                                         (10.39%)
    21,274,600,193      r19c                                                          (10.39%)
     1,247,915,874      r400019c                                                      (10.39%)
   158,022,107,573      r180019c                                                      (10.39%)
     1,516,765,928      r300019c                                                      (10.39%)
     7,637,901,150      r200019c                                                      (10.39%)
    11,061,226,601      r100019c                                                      (10.39%)
           967,376      r187                                                          (10.39%)
     3,029,275,726      r155                                                          (10.39%)
   179,337,812,585      rc0                                                           (11.68%)
   179,386,680,495      rc0                                                           (11.68%)
       233,352,955      r2c0                                                          (11.68%)
   <not supported>      r1c0:p                                                      
   <not supported>      ra8001c0:p                                                  
       309,363,046      r800d                                                         (11.68%)
        32,097,815      r104010d                                                      (11.68%)
       185,898,705      r10d                                                          (11.68%)
       186,657,799      r20010d                                                       (11.68%)
           518,791      r1ae                                                          (11.68%)

      70.058345017 seconds time elapsed

