# started on Tue Feb  6 09:07:34 2024


 Performance counter stats for 'system wide':

                 0      r1b7                                                          (11.60%)
                 0      r1b7                                                          (11.60%)
                 0      r1b7                                                          (11.60%)
                 0      r1b7                                                          (11.60%)
                 0      r1b7                                                          (11.60%)
            47,423      r3fc1                                                         (11.60%)
     6,905,443,060      r159                                                          (11.60%)
   112,934,349,387      r1a2                                                          (11.60%)
     8,458,979,206      r8a2                                                          (11.59%)
                 0      r20cc                                                         (11.59%)
                 0      r40cc                                                         (11.59%)
     8,870,426,782      r15e                                                          (11.59%)
       437,537,935      r184015e                                                      (11.59%)
                 0      r4c9                                                          (11.59%)
                 0      r80c9                                                         (11.59%)
                 0      r8c9                                                          (11.59%)
                 0      r40c9                                                         (11.59%)
                 0      r10c9                                                         (11.59%)
                 0      r20c9                                                         (11.59%)
                 0      r2c9                                                          (11.59%)
                 0      r1c9                                                          (11.59%)
                 0      r10f4                                                         (11.59%)
                 0      r132                                                          (11.59%)
            32,920      r832                                                          (11.59%)
         1,607,731      r232                                                          (11.59%)
                 0      r432                                                          (11.59%)
           203,888      r1bd                                                          (11.60%)
            26,787      r20bd                                                         (11.60%)
                 0      r15d                                                          (11.60%)
                 0      r25d                                                          (11.59%)
                 0      r45d                                                          (11.59%)
                 0      r85d                                                          (11.59%)
                 0      r105d                                                         (11.59%)
                 0      r254                                                          (11.59%)
                 0      r154                                                          (11.59%)
                 0      r1054                                                         (11.59%)
                 0      r854                                                          (11.59%)
                 0      r2054                                                         (11.60%)
                 0      r454                                                          (11.60%)
                 0      r4054                                                         (11.60%)
    25,945,493,842      r1a1                                                          (11.60%)
    31,411,930,459      r2a1                                                          (11.60%)
    41,586,823,442      r4a1                                                          (11.60%)
    36,996,386,445      r8a1                                                          (11.60%)
    36,451,512,245      r10a1                                                         (11.60%)
    36,461,531,658      r20a1                                                         (11.60%)
    41,781,373,686      r40a1                                                         (11.60%)
     1,365,882,932      r80a1                                                         (11.60%)
   228,326,898,607      r2b1                                                          (11.60%)
    78,622,946,783      r10002b1                                                      (11.60%)
    63,672,688,862      r20002b1                                                      (11.60%)
    48,248,978,182      r30002b1                                                      (11.60%)
    25,248,729,157      r40002b1                                                      (11.60%)
   102,303,833,307      r18002b1                                                      (11.60%)
    78,594,633,397      r10001b1                                                      (11.60%)
    63,644,315,077      r20001b1                                                      (11.60%)
    48,235,726,549      r30001b1                                                      (11.60%)
    25,240,273,832      r40001b1                                                      (11.60%)
   102,239,647,821      r18001b1                                                      (11.60%)
   228,093,568,740      r1b1                                                          (11.60%)
         5,041,897      r10b1                                                         (11.60%)
   179,713,718,661      r10e                                                          (11.60%)
        51,117,892      r200e                                                         (11.60%)
   128,361,888,654      r180010e                                                      (11.60%)
                 0      r20e                                                          (11.60%)
    28,258,283,435      r4c2                                                          (11.60%)
   176,965,041,423      r2c2                                                          (11.60%)
   132,153,842,386      r18002c2                                                      (11.60%)
   180,703,062,422      r108002c2                                                     (11.60%)
   136,171,285,361      unc_c_clockticks_0                                            (36.41%)
   136,055,763,956      unc_c_clockticks_1                                            (36.37%)
   136,148,220,252      unc_c_clockticks_2                                            (36.51%)
   136,140,026,998      unc_c_clockticks_3                                            (36.57%)
   136,227,591,857      unc_c_clockticks_4                                            (36.63%)
   136,126,121,895      unc_c_clockticks_5                                            (36.63%)
   136,124,857,091      unc_c_clockticks_6                                            (36.69%)
   136,180,128,833      unc_c_clockticks_7                                            (36.75%)
            99,620      unc_c_fast_asserted_0                                         (36.43%)
             3,242      unc_c_fast_asserted_1                                         (36.37%)
            15,585      unc_c_fast_asserted_2                                         (36.45%)
            58,948      unc_c_fast_asserted_3                                         (36.50%)
           119,105      unc_c_fast_asserted_4                                         (36.55%)
            35,792      unc_c_fast_asserted_5                                         (36.44%)
           830,957      unc_c_fast_asserted_6                                         (36.49%)
           939,551      unc_c_fast_asserted_7                                         (36.70%)
                 0      unc_c_llc_lookup_data_read_0                                     (36.42%)
                 0      unc_c_llc_lookup_data_read_1                                     (36.37%)
                 0      unc_c_llc_lookup_data_read_2                                     (36.29%)
                 0      unc_c_llc_lookup_data_read_3                                     (36.39%)
                 0      unc_c_llc_lookup_data_read_4                                     (36.41%)
                 0      unc_c_llc_lookup_data_read_5                                     (36.13%)
                 0      unc_c_llc_lookup_data_read_6                                     (36.11%)
                 0      unc_c_llc_lookup_data_read_7                                     (36.28%)
                 0      unc_c_llc_lookup_remote_snoop_0                                     (36.35%)
                 0      unc_c_llc_lookup_remote_snoop_1                                     (36.37%)
                 0      unc_c_llc_lookup_remote_snoop_2                                     (36.23%)
                 0      unc_c_llc_lookup_remote_snoop_3                                     (36.16%)
                 0      unc_c_llc_lookup_remote_snoop_4                                     (36.18%)
                 0      unc_c_llc_lookup_remote_snoop_5                                     (36.09%)
                 0      unc_c_llc_lookup_remote_snoop_6                                     (36.01%)
                 0      unc_c_llc_lookup_remote_snoop_7                                     (35.94%)
        13,340,851      unc_c_llc_victims_e_state_0                                     (36.29%)
        11,406,636      unc_c_llc_victims_e_state_1                                     (36.37%)
        12,979,655      unc_c_llc_victims_e_state_2                                     (36.27%)
        13,012,605      unc_c_llc_victims_e_state_3                                     (36.21%)
        13,130,825      unc_c_llc_victims_e_state_4                                     (36.15%)
        13,326,462      unc_c_llc_victims_e_state_5                                     (36.25%)
        13,430,236      unc_c_llc_victims_e_state_6                                     (36.19%)
        13,624,884      unc_c_llc_victims_e_state_7                                     (36.13%)
                19      unc_c_llc_victims_f_state_0                                     (36.31%)
               297      unc_c_llc_victims_f_state_1                                     (36.37%)
                19      unc_c_llc_victims_f_state_2                                     (36.34%)
                 8      unc_c_llc_victims_f_state_3                                     (36.32%)
                14      unc_c_llc_victims_f_state_4                                     (36.29%)
                19      unc_c_llc_victims_f_state_5                                     (36.39%)
                22      unc_c_llc_victims_f_state_6                                     (36.37%)
                11      unc_c_llc_victims_f_state_7                                     (36.35%)
        55,223,705      unc_c_llc_victims_m_state_0                                     (36.34%)
        54,102,955      unc_c_llc_victims_m_state_1                                     (36.37%)
        54,986,571      unc_c_llc_victims_m_state_2                                     (36.40%)
        54,991,766      unc_c_llc_victims_m_state_3                                     (36.40%)
        55,152,769      unc_c_llc_victims_m_state_4                                     (36.39%)
        55,230,560      unc_c_llc_victims_m_state_5                                     (36.58%)
        55,284,807      unc_c_llc_victims_m_state_6                                     (36.57%)
        55,410,829      unc_c_llc_victims_m_state_7                                     (36.57%)
           233,238      unc_c_llc_victims_s_state_0                                     (36.36%)
           203,326      unc_c_llc_victims_s_state_1                                     (36.37%)
           241,634      unc_c_llc_victims_s_state_2                                     (36.46%)
           247,999      unc_c_llc_victims_s_state_3                                     (36.50%)
           223,116      unc_c_llc_victims_s_state_4                                     (36.53%)
           221,561      unc_c_llc_victims_s_state_5                                     (36.68%)
           234,339      unc_c_llc_victims_s_state_6                                     (36.72%)
           221,689      unc_c_llc_victims_s_state_7                                     (36.75%)
                 0      unc_c_tor_inserts_irq_0                                       (36.40%)
                 0      unc_c_tor_inserts_irq_1                                       (36.36%)
                 0      unc_c_tor_inserts_irq_2                                       (36.47%)
                 0      unc_c_tor_inserts_irq_3                                       (36.50%)
                 0      unc_c_tor_inserts_irq_4                                       (36.56%)
                 0      unc_c_tor_inserts_irq_5                                       (36.62%)
                 0      unc_c_tor_inserts_irq_6                                       (36.66%)
                 5      unc_c_tor_inserts_irq_7                                       (36.54%)
                 0      unc_c_tor_inserts_irq_hit_0                                     (36.38%)
                 0      unc_c_tor_inserts_irq_hit_1                                     (36.36%)
                 0      unc_c_tor_inserts_irq_hit_2                                     (36.37%)
                 0      unc_c_tor_inserts_irq_hit_3                                     (36.27%)
                 0      unc_c_tor_inserts_irq_hit_4                                     (36.25%)
                 0      unc_c_tor_inserts_irq_hit_5                                     (36.23%)
                 0      unc_c_tor_inserts_irq_hit_6                                     (36.25%)
                 0      unc_c_tor_inserts_irq_hit_7                                     (36.08%)
                 0      unc_c_tor_inserts_irq_miss_0                                     (36.33%)
                 0      unc_c_tor_inserts_irq_miss_1                                     (36.36%)
                 0      unc_c_tor_inserts_irq_miss_2                                     (36.25%)
                 0      unc_c_tor_inserts_irq_miss_3                                     (36.21%)
                 0      unc_c_tor_inserts_irq_miss_4                                     (36.07%)
                 0      unc_c_tor_inserts_irq_miss_5                                     (35.99%)
                 0      unc_c_tor_inserts_irq_miss_6                                     (35.96%)
                 0      unc_c_tor_inserts_irq_miss_7                                     (35.92%)

      69.904514230 seconds time elapsed

