# started on Mon Feb  5 04:38:48 2024


 Performance counter stats for 'system wide':

     8,516,827,947      r151                                                          (10.00%)
    11,807,009,706      r248                                                          (10.00%)
   280,278,474,118      r148                                                          (10.00%)
   118,497,367,458      r1000148                                                      (10.00%)
   118,504,447,351      r1200148                                                      (10.00%)
     8,479,557,618      r1ff1                                                         (10.00%)
     8,068,285,886      r2f2                                                          (10.00%)
       103,150,929      r1f2                                                          (10.01%)
         7,804,301      r4f2                                                          (10.01%)
         7,805,782      r4f2                                                          (10.01%)
       129,921,266      re424                                                         (10.01%)
     1,851,293,000      re124                                                         (10.01%)
       787,733,672      r2724                                                         (10.01%)
     4,549,301,439      re724                                                         (10.01%)
    10,058,270,329      rf824                                                         (10.01%)
     2,564,256,786      re224                                                         (10.01%)
       107,479,477      rc424                                                         (10.01%)
        26,750,217      r2424                                                         (10.01%)
     1,738,200,151      rc124                                                         (10.01%)
       114,948,431      r2124                                                         (10.01%)
     8,477,863,553      r3f24                                                         (10.01%)
     2,367,402,697      rd824                                                         (10.01%)
     7,691,221,797      r3824                                                         (10.01%)
    14,605,220,273      rff24                                                         (10.01%)
     1,919,649,093      rc224                                                         (10.01%)
       644,977,304      r2224                                                         (10.01%)
     8,073,007,083      r40f0                                                         (10.01%)
     7,875,895,169      r412e                                                         (10.01%)
     8,179,003,449      r4f2e                                                         (10.01%)
    44,892,465,744      r81d0                                                         (10.01%)
    28,905,414,793      r82d0                                                         (10.01%)
        18,022,879      r21d0                                                         (10.01%)
           183,696      r41d0                                                         (10.01%)
           752,368      r42d0                                                         (5.00%)
           431,483      r11d0                                                         (5.00%)
           166,568      r12d0                                                         (5.00%)
            40,373      r2d2                                                          (5.00%)
         1,380,651      r4d2                                                          (5.00%)
             2,818      r1d2                                                          (5.00%)
        10,209,802      r8d2                                                          (5.00%)
       407,224,086      r1d3                                                          (6.25%)
                 0      r2d3                                                          (7.50%)
                 0      r8d3                                                          (8.75%)
                 0      r4d3                                                          (10.00%)
                 0      r4d4                                                          (10.00%)
    21,788,897,000      r40d1                                                         (10.00%)
    21,377,247,616      r1d1                                                          (10.00%)
     1,640,283,304      r8d1                                                          (10.00%)
     1,121,134,682      r2d1                                                          (10.00%)
       520,465,654      r10d1                                                         (5.00%)
        11,093,842      r4d1                                                          (5.00%)
       509,894,345      r20d1                                                         (5.00%)
     4,707,750,070      r8b0                                                          (6.25%)
    16,990,572,461      r80b0                                                         (7.50%)
        26,825,022      r2b0                                                          (8.75%)
       872,484,828      r1b0                                                          (10.00%)
     1,834,343,029      r4b0                                                          (10.00%)
    76,740,304,090      r1b2                                                          (10.00%)
 1,232,801,114,304      r860                                                          (10.00%)
   142,158,344,075      r1000860                                                      (10.00%)
       617,707,672      r1000260                                                      (10.00%)
    71,659,910,979      r1000160                                                      (10.00%)
    97,884,678,432      r1000460                                                      (10.00%)
     2,192,481,316      r260                                                          (10.00%)
   136,466,288,713      r160                                                          (10.00%)
       119,859,760      r6000160                                                      (10.00%)
   424,758,227,146      r460                                                          (10.00%)
                 0      r1b7                                                          (10.00%)
                 0      r1b7                                                          (10.00%)
                 0      r1b7                                                          (10.00%)
                 0      r1b7                                                          (10.00%)
                 0      r1b7                                                          (10.00%)
                 0      r1b7                                                          (10.00%)
                 0      r1b7                                                          (10.00%)
                 0      r1b7                                                          (10.00%)
                 0      r1b7                                                          (10.00%)
                 0      r1b7                                                          (10.00%)
                 0      r1b7                                                          (10.00%)
                 0      r1b7                                                          (10.00%)
                 0      r1b7                                                          (10.00%)

      69.882155233 seconds time elapsed

