# started on Mon Feb  5 06:33:20 2024


 Performance counter stats for 'system wide':

        41,029,369      r2ab                                                          (19.51%)
                 0      r1c6                                                          (19.51%)
                 0      r1c6                                                          (19.51%)
                 0      r1c6                                                          (19.51%)
                 0      r1c6                                                          (19.51%)
                 0      r1c6                                                          (9.76%)
                 0      r1c6                                                          (9.76%)
                 0      r1c6                                                          (9.76%)
                 0      r1c6                                                          (9.76%)
                 0      r1c6                                                          (9.76%)
                 0      r1c6                                                          (9.76%)
                 0      r1c6                                                          (9.76%)
                 0      r1c6                                                          (9.76%)
                 0      r1c6                                                          (9.76%)
                 0      r1c6                                                          (9.76%)
                 0      r1c6                                                          (9.76%)
                 0      r1c6                                                          (9.76%)
                 0      r1c6                                                          (9.76%)
       360,730,627      r480                                                          (12.20%)
    41,548,713,278      r183                                                          (14.63%)
       135,824,918      r283                                                          (17.07%)
        83,652,454      r483                                                          (19.51%)
    27,546,968,753      r4001879                                                      (19.51%)
    55,019,751,521      r1001879                                                      (19.51%)
       600,093,056      r4002479                                                      (19.51%)
     1,730,593,190      r1002479                                                      (19.51%)
    54,625,159,505      r1000879                                                      (19.51%)
   166,390,305,558      r879                                                          (19.51%)
     1,109,129,199      r1000479                                                      (19.51%)
     2,967,359,961      r479                                                          (19.51%)
     1,018,480,869      r1003079                                                      (19.51%)
       395,804,610      r1001079                                                      (19.51%)
     1,586,126,797      r2079                                                         (19.51%)
       309,959,644      r1043079                                                      (19.51%)
     2,877,249,172      r3079                                                         (19.51%)
    28,345,720,660      r19c                                                          (19.51%)
       980,869,407      r400019c                                                      (19.51%)
   157,113,668,362      r180019c                                                      (19.51%)
     4,939,341,355      r300019c                                                      (19.51%)
    10,550,200,111      r200019c                                                      (19.51%)
    11,874,953,762      r100019c                                                      (19.51%)

      69.866563646 seconds time elapsed

