# started on Tue Feb  6 08:39:13 2024


 Performance counter stats for 'system wide':

                 0      r1b7                                                          (11.60%)
                 0      r1b7                                                          (11.60%)
                 0      r1b7                                                          (11.60%)
                 0      r1b7                                                          (11.60%)
                 0      r1b7                                                          (11.60%)
            50,807      r3fc1                                                         (11.60%)
     6,977,785,696      r159                                                          (11.60%)
   111,990,914,735      r1a2                                                          (11.60%)
    14,705,010,119      r8a2                                                          (11.60%)
                 0      r20cc                                                         (11.60%)
                 0      r40cc                                                         (11.60%)
    12,958,166,436      r15e                                                          (11.59%)
       599,858,981      r184015e                                                      (11.59%)
                 0      r4c9                                                          (11.59%)
                 0      r80c9                                                         (11.59%)
                 0      r8c9                                                          (11.59%)
                 0      r40c9                                                         (11.59%)
                 0      r10c9                                                         (11.59%)
                 0      r20c9                                                         (11.59%)
                 0      r2c9                                                          (11.59%)
                 0      r1c9                                                          (11.59%)
                 0      r10f4                                                         (11.59%)
                 0      r132                                                          (11.59%)
            60,691      r832                                                          (11.59%)
            47,373      r232                                                          (11.60%)
                 0      r432                                                          (11.60%)
           218,275      r1bd                                                          (11.60%)
            36,902      r20bd                                                         (11.60%)
                 0      r15d                                                          (11.60%)
                 0      r25d                                                          (11.60%)
                 0      r45d                                                          (11.60%)
                 0      r85d                                                          (11.59%)
                 0      r105d                                                         (11.59%)
                 0      r254                                                          (11.59%)
                 0      r154                                                          (11.59%)
                 0      r1054                                                         (11.59%)
                 0      r854                                                          (11.59%)
                 0      r2054                                                         (11.59%)
                 0      r454                                                          (11.59%)
                 0      r4054                                                         (11.60%)
    25,310,394,230      r1a1                                                          (11.60%)
    30,957,488,606      r2a1                                                          (11.60%)
    41,476,776,566      r4a1                                                          (11.60%)
    36,647,635,796      r8a1                                                          (11.60%)
    38,651,326,775      r10a1                                                         (11.60%)
    36,198,132,265      r20a1                                                         (11.60%)
    41,580,939,896      r40a1                                                         (11.60%)
     1,650,908,775      r80a1                                                         (11.60%)
   229,608,388,187      r2b1                                                          (11.60%)
    79,291,822,000      r10002b1                                                      (11.60%)
    64,258,079,367      r20002b1                                                      (11.60%)
    48,267,535,994      r30002b1                                                      (11.60%)
    25,431,013,472      r40002b1                                                      (11.60%)
   101,688,193,191      r18002b1                                                      (11.60%)
    79,294,407,620      r10001b1                                                      (11.60%)
    64,260,897,414      r20001b1                                                      (11.60%)
    48,274,592,610      r30001b1                                                      (11.60%)
    25,434,730,033      r40001b1                                                      (11.60%)
   101,667,474,802      r18001b1                                                      (11.60%)
   229,546,227,920      r1b1                                                          (11.60%)
         5,168,519      r10b1                                                         (11.60%)
   180,804,788,683      r10e                                                          (11.60%)
        49,937,939      r200e                                                         (11.60%)
   127,952,374,198      r180010e                                                      (11.60%)
                 0      r20e                                                          (11.60%)
    28,353,376,150      r4c2                                                          (11.60%)
   178,190,807,203      r2c2                                                          (11.60%)
   131,322,924,320      r18002c2                                                      (11.60%)
   180,873,050,121      r108002c2                                                     (11.60%)
   135,760,759,868      unc_c_clockticks_0                                            (36.37%)
   135,797,085,055      unc_c_clockticks_1                                            (36.35%)
   135,802,149,657      unc_c_clockticks_2                                            (36.33%)
   135,826,641,089      unc_c_clockticks_3                                            (36.31%)
   135,830,415,999      unc_c_clockticks_4                                            (36.29%)
   135,846,096,257      unc_c_clockticks_5                                            (36.27%)
   135,830,148,918      unc_c_clockticks_6                                            (36.25%)
   135,813,143,367      unc_c_clockticks_7                                            (36.23%)
            87,111      unc_c_fast_asserted_0                                         (36.37%)
            65,617      unc_c_fast_asserted_1                                         (36.37%)
            28,460      unc_c_fast_asserted_2                                         (36.37%)
           101,702      unc_c_fast_asserted_3                                         (36.37%)
           111,076      unc_c_fast_asserted_4                                         (36.38%)
            75,295      unc_c_fast_asserted_5                                         (36.38%)
         2,540,445      unc_c_fast_asserted_6                                         (36.38%)
         3,308,020      unc_c_fast_asserted_7                                         (36.38%)
                 0      unc_c_llc_lookup_data_read_0                                     (36.37%)
                 0      unc_c_llc_lookup_data_read_1                                     (36.35%)
                 0      unc_c_llc_lookup_data_read_2                                     (36.34%)
                 0      unc_c_llc_lookup_data_read_3                                     (36.32%)
                 0      unc_c_llc_lookup_data_read_4                                     (36.30%)
                 0      unc_c_llc_lookup_data_read_5                                     (36.28%)
                 6      unc_c_llc_lookup_data_read_6                                     (36.26%)
                11      unc_c_llc_lookup_data_read_7                                     (36.25%)
                 0      unc_c_llc_lookup_remote_snoop_0                                     (36.37%)
                 0      unc_c_llc_lookup_remote_snoop_1                                     (36.34%)
                 0      unc_c_llc_lookup_remote_snoop_2                                     (36.30%)
                 0      unc_c_llc_lookup_remote_snoop_3                                     (36.26%)
                 0      unc_c_llc_lookup_remote_snoop_4                                     (36.22%)
                 0      unc_c_llc_lookup_remote_snoop_5                                     (36.18%)
                 0      unc_c_llc_lookup_remote_snoop_6                                     (36.15%)
                 0      unc_c_llc_lookup_remote_snoop_7                                     (36.11%)
        10,913,857      unc_c_llc_victims_e_state_0                                     (36.36%)
        12,202,155      unc_c_llc_victims_e_state_1                                     (36.34%)
        12,249,744      unc_c_llc_victims_e_state_2                                     (36.32%)
        12,144,812      unc_c_llc_victims_e_state_3                                     (36.30%)
        12,297,053      unc_c_llc_victims_e_state_4                                     (36.28%)
        12,387,722      unc_c_llc_victims_e_state_5                                     (36.26%)
        12,294,212      unc_c_llc_victims_e_state_6                                     (36.24%)
        12,383,372      unc_c_llc_victims_e_state_7                                     (36.22%)
               135      unc_c_llc_victims_f_state_0                                     (36.36%)
                19      unc_c_llc_victims_f_state_1                                     (36.36%)
                19      unc_c_llc_victims_f_state_2                                     (36.35%)
                14      unc_c_llc_victims_f_state_3                                     (36.35%)
                19      unc_c_llc_victims_f_state_4                                     (36.35%)
                44      unc_c_llc_victims_f_state_5                                     (36.34%)
                17      unc_c_llc_victims_f_state_6                                     (36.34%)
                11      unc_c_llc_victims_f_state_7                                     (36.34%)
        99,394,214      unc_c_llc_victims_m_state_0                                     (36.36%)
        99,382,322      unc_c_llc_victims_m_state_1                                     (36.40%)
        99,583,340      unc_c_llc_victims_m_state_2                                     (36.43%)
        99,541,667      unc_c_llc_victims_m_state_3                                     (36.47%)
        99,778,546      unc_c_llc_victims_m_state_4                                     (36.51%)
        99,770,787      unc_c_llc_victims_m_state_5                                     (36.54%)
        99,713,022      unc_c_llc_victims_m_state_6                                     (36.58%)
        99,741,605      unc_c_llc_victims_m_state_7                                     (36.61%)
           275,139      unc_c_llc_victims_s_state_0                                     (36.36%)
           300,074      unc_c_llc_victims_s_state_1                                     (36.42%)
           329,042      unc_c_llc_victims_s_state_2                                     (36.48%)
           326,789      unc_c_llc_victims_s_state_3                                     (36.54%)
           304,332      unc_c_llc_victims_s_state_4                                     (36.60%)
           302,150      unc_c_llc_victims_s_state_5                                     (36.66%)
           321,584      unc_c_llc_victims_s_state_6                                     (36.71%)
           296,378      unc_c_llc_victims_s_state_7                                     (36.77%)
                 3      unc_c_tor_inserts_irq_0                                       (36.36%)
                 0      unc_c_tor_inserts_irq_1                                       (36.38%)
                 0      unc_c_tor_inserts_irq_2                                       (36.40%)
                 0      unc_c_tor_inserts_irq_3                                       (36.43%)
                 0      unc_c_tor_inserts_irq_4                                       (36.45%)
                 0      unc_c_tor_inserts_irq_5                                       (36.47%)
                 0      unc_c_tor_inserts_irq_6                                       (36.49%)
                 0      unc_c_tor_inserts_irq_7                                       (36.51%)
                 0      unc_c_tor_inserts_irq_hit_0                                     (36.36%)
                 0      unc_c_tor_inserts_irq_hit_1                                     (36.36%)
                 0      unc_c_tor_inserts_irq_hit_2                                     (36.37%)
                 0      unc_c_tor_inserts_irq_hit_3                                     (36.37%)
                 0      unc_c_tor_inserts_irq_hit_4                                     (36.37%)
                 0      unc_c_tor_inserts_irq_hit_5                                     (36.37%)
                 0      unc_c_tor_inserts_irq_hit_6                                     (36.37%)
                 0      unc_c_tor_inserts_irq_hit_7                                     (36.37%)
                 0      unc_c_tor_inserts_irq_miss_0                                     (36.36%)
                 0      unc_c_tor_inserts_irq_miss_1                                     (36.34%)
                 0      unc_c_tor_inserts_irq_miss_2                                     (36.32%)
                 0      unc_c_tor_inserts_irq_miss_3                                     (36.31%)
                 0      unc_c_tor_inserts_irq_miss_4                                     (36.29%)
                 0      unc_c_tor_inserts_irq_miss_5                                     (36.27%)
                 0      unc_c_tor_inserts_irq_miss_6                                     (36.25%)
                 0      unc_c_tor_inserts_irq_miss_7                                     (36.23%)

      69.977213509 seconds time elapsed

