# started on Mon Feb  5 08:26:41 2024


 Performance counter stats for 'system wide':

   168,866,784,783      r728                                                          (44.44%)
                 0      r1828                                                         (44.45%)
                 0      r2028                                                         (44.45%)
           241,617      r4028                                                         (44.45%)
         1,066,778      r20ef                                                         (44.45%)
         5,954,483      r10ef                                                         (44.45%)
         9,925,319      r2ef                                                          (44.45%)
        65,455,397      r1ef                                                          (44.45%)
         1,989,140      r40ef                                                         (44.45%)
         2,171,901      r8ef                                                          (44.45%)
            60,715      r4ef                                                          (44.44%)
           565,077      r1cb                                                          (44.44%)
     8,012,556,651      r4fe                                                          (44.44%)
       212,867,504      r2fe                                                          (44.44%)
                 5      r132                                                          (44.44%)
            48,451      r832                                                          (44.44%)
             7,945      r232                                                          (44.44%)
                 0      r432                                                          (44.44%)

      69.827529323 seconds time elapsed

