# started on Tue Feb  6 10:24:19 2024


 Performance counter stats for 'system wide':

             5,057      unc_h_dir_update_ha_0                                         (23.53%)
             3,978      unc_h_dir_update_ha_1                                         (23.53%)
             1,432      unc_h_dir_update_ha_2                                         (23.53%)
             5,269      unc_h_dir_update_ha_3                                         (23.53%)
             4,253      unc_h_dir_update_ha_4                                         (23.53%)
             1,513      unc_h_dir_update_ha_5                                         (23.53%)
             5,562      unc_h_dir_update_ha_6                                         (23.53%)
             4,329      unc_h_dir_update_ha_7                                         (23.54%)
             1,687      unc_h_dir_update_tor_0                                        (23.53%)
                 0      unc_h_dir_update_tor_1                                        (23.53%)
               480      unc_h_dir_update_tor_2                                        (23.54%)
             1,683      unc_h_dir_update_tor_3                                        (23.65%)
                 0      unc_h_dir_update_tor_4                                        (23.53%)
                 0      unc_h_dir_update_tor_5                                        (23.53%)
             1,742      unc_h_dir_update_tor_6                                        (23.82%)
             1,954      unc_h_dir_update_tor_7                                        (23.54%)
                 0      unc_h_hitme_hit_ex_rds_0                                      (23.54%)
             1,645      unc_h_hitme_hit_ex_rds_1                                      (23.59%)
               377      unc_h_hitme_hit_ex_rds_2                                      (23.59%)
             1,399      unc_h_hitme_hit_ex_rds_3                                      (23.66%)
             1,615      unc_h_hitme_hit_ex_rds_4                                      (23.71%)
               534      unc_h_hitme_hit_ex_rds_5                                      (23.77%)
                 0      unc_h_hitme_hit_ex_rds_6                                      (23.53%)
                 0      unc_h_hitme_hit_ex_rds_7                                      (23.54%)
                81      unc_h_misc_rfo_hit_s_0                                        (23.54%)
                81      unc_h_misc_rfo_hit_s_1                                        (23.54%)
                64      unc_h_misc_rfo_hit_s_2                                        (23.53%)
                64      unc_h_misc_rfo_hit_s_3                                        (23.53%)
                38      unc_h_misc_rfo_hit_s_4                                        (23.53%)
                38      unc_h_misc_rfo_hit_s_5                                        (23.53%)
                55      unc_h_misc_rfo_hit_s_6                                        (23.53%)
                55      unc_h_misc_rfo_hit_s_7                                        (23.54%)
        38,815,955      unc_h_requests_invitoe_local_0                                     (23.53%)
        38,814,441      unc_h_requests_invitoe_local_1                                     (23.53%)
        38,805,958      unc_h_requests_invitoe_local_2                                     (23.54%)
        38,764,083      unc_h_requests_invitoe_local_3                                     (23.53%)
        38,780,329      unc_h_requests_invitoe_local_4                                     (23.53%)
        38,786,647      unc_h_requests_invitoe_local_5                                     (23.53%)
        38,679,426      unc_h_requests_invitoe_local_6                                     (23.53%)
        38,899,920      unc_h_requests_invitoe_local_7                                     (23.53%)
               119      unc_h_requests_invitoe_remote_0                                     (23.53%)
               166      unc_h_requests_invitoe_remote_1                                     (23.53%)
                34      unc_h_requests_invitoe_remote_2                                     (23.53%)
               166      unc_h_requests_invitoe_remote_3                                     (23.53%)
               166      unc_h_requests_invitoe_remote_4                                     (23.53%)
                38      unc_h_requests_invitoe_remote_5                                     (23.53%)
               115      unc_h_requests_invitoe_remote_6                                     (23.53%)
               111      unc_h_requests_invitoe_remote_7                                     (23.53%)
       942,889,049      unc_h_requests_reads_0                                        (23.53%)
       942,851,999      unc_h_requests_reads_1                                        (23.53%)
       942,979,182      unc_h_requests_reads_2                                        (23.53%)
       943,250,674      unc_h_requests_reads_3                                        (23.53%)
       943,109,558      unc_h_requests_reads_4                                        (23.53%)
       943,169,224      unc_h_requests_reads_5                                        (23.53%)
       942,775,180      unc_h_requests_reads_6                                        (23.53%)
       942,565,628      unc_h_requests_reads_7                                        (23.53%)
       942,974,994      unc_h_requests_reads_local_0                                     (23.53%)
       942,959,099      unc_h_requests_reads_local_1                                     (23.53%)
       942,968,621      unc_h_requests_reads_local_2                                     (23.52%)
       943,227,266      unc_h_requests_reads_local_3                                     (23.52%)
       943,085,967      unc_h_requests_reads_local_4                                     (23.52%)
       943,140,109      unc_h_requests_reads_local_5                                     (23.52%)
       942,866,225      unc_h_requests_reads_local_6                                     (23.53%)
       942,640,344      unc_h_requests_reads_local_7                                     (23.52%)
       423,785,242      unc_h_requests_writes_0                                       (23.53%)
       423,591,075      unc_h_requests_writes_1                                       (23.52%)
       424,080,559      unc_h_requests_writes_2                                       (23.52%)
       423,724,018      unc_h_requests_writes_3                                       (23.52%)
       423,233,968      unc_h_requests_writes_4                                       (23.64%)
       423,313,420      unc_h_requests_writes_5                                       (23.64%)
       423,286,249      unc_h_requests_writes_6                                       (23.64%)
       422,703,155      unc_h_requests_writes_7                                       (23.53%)
       421,791,678      unc_h_requests_writes_local_0                                     (23.58%)
       421,539,695      unc_h_requests_writes_local_1                                     (23.62%)
       423,077,030      unc_h_requests_writes_local_2                                     (23.53%)
       422,460,391      unc_h_requests_writes_local_3                                     (23.66%)
       420,030,001      unc_h_requests_writes_local_4                                     (23.69%)
       419,988,083      unc_h_requests_writes_local_5                                     (23.73%)
       419,816,047      unc_h_requests_writes_local_6                                     (23.76%)
       419,249,709      unc_h_requests_writes_local_7                                     (23.53%)
     2,140,031,673      unc_h_rxc_inserts_irq_0                                       (23.62%)
     2,053,758,152      unc_h_rxc_inserts_irq_1                                       (23.64%)
     2,048,469,719      unc_h_rxc_inserts_irq_2                                       (23.57%)
     2,049,649,987      unc_h_rxc_inserts_irq_3                                       (23.59%)
     2,048,751,289      unc_h_rxc_inserts_irq_4                                       (23.61%)
     2,047,121,016      unc_h_rxc_inserts_irq_5                                       (23.63%)
     2,046,367,921      unc_h_rxc_inserts_irq_6                                       (23.65%)
     2,044,582,673      unc_h_rxc_inserts_irq_7                                       (23.53%)
           164,361      unc_h_rxc_irq1_reject_pa_match_0                                     (23.59%)
           162,785      unc_h_rxc_irq1_reject_pa_match_1                                     (23.59%)
           114,266      unc_h_rxc_irq1_reject_pa_match_2                                     (23.55%)
           120,205      unc_h_rxc_irq1_reject_pa_match_3                                     (23.44%)
           126,349      unc_h_rxc_irq1_reject_pa_match_4                                     (23.45%)
           116,448      unc_h_rxc_irq1_reject_pa_match_5                                     (23.45%)
           107,867      unc_h_rxc_irq1_reject_pa_match_6                                     (23.45%)
           116,365      unc_h_rxc_irq1_reject_pa_match_7                                     (23.53%)
    16,555,060,872      unc_h_rxc_occupancy_irq_0                                     (23.55%)
    15,894,565,907      unc_h_rxc_occupancy_irq_1                                     (23.50%)
    15,849,873,446      unc_h_rxc_occupancy_irq_2                                     (23.53%)
    16,131,554,812      unc_h_rxc_occupancy_irq_3                                     (23.41%)
    16,463,516,230      unc_h_rxc_occupancy_irq_4                                     (23.36%)
    16,250,603,026      unc_h_rxc_occupancy_irq_5                                     (23.30%)
    22,290,191,289      unc_h_rxc_occupancy_irq_6                                     (23.25%)
    22,446,095,480      unc_h_rxc_occupancy_irq_7                                     (23.54%)
             8,923      unc_h_snoop_resp_rsp_fwd_wb_0                                     (23.48%)
             8,412      unc_h_snoop_resp_rsp_fwd_wb_1                                     (23.44%)
            11,107      unc_h_snoop_resp_rsp_fwd_wb_2                                     (23.49%)
             8,354      unc_h_snoop_resp_rsp_fwd_wb_3                                     (23.41%)
             9,214      unc_h_snoop_resp_rsp_fwd_wb_4                                     (23.38%)
            10,694      unc_h_snoop_resp_rsp_fwd_wb_5                                     (23.34%)
            11,594      unc_h_snoop_resp_rsp_fwd_wb_6                                     (23.31%)
            11,992      unc_h_snoop_resp_rsp_fwd_wb_7                                     (23.53%)
                 0      unc_h_snoop_resp_rspcnflct_0                                     (23.45%)
                 0      unc_h_snoop_resp_rspcnflct_1                                     (23.43%)
                 0      unc_h_snoop_resp_rspcnflct_2                                     (23.50%)
                 0      unc_h_snoop_resp_rspcnflct_3                                     (23.47%)
                 0      unc_h_snoop_resp_rspcnflct_4                                     (23.45%)
                 0      unc_h_snoop_resp_rspcnflct_5                                     (23.44%)
                 0      unc_h_snoop_resp_rspcnflct_6                                     (23.42%)
                 0      unc_h_snoop_resp_rspcnflct_7                                     (23.53%)
                 0      unc_h_snoop_resp_rspifwd_0                                     (23.48%)
                 0      unc_h_snoop_resp_rspifwd_1                                     (23.48%)
                 0      unc_h_snoop_resp_rspifwd_2                                     (23.51%)
                 0      unc_h_snoop_resp_rspifwd_3                                     (23.51%)
                 0      unc_h_snoop_resp_rspifwd_4                                     (23.51%)
                 0      unc_h_snoop_resp_rspifwd_5                                     (23.51%)
                 0      unc_h_snoop_resp_rspifwd_6                                     (23.51%)
                 0      unc_h_snoop_resp_rspifwd_7                                     (23.53%)
                 0      unc_h_snoop_resp_rspsfwd_0                                     (23.51%)
                 0      unc_h_snoop_resp_rspsfwd_1                                     (23.51%)
                 0      unc_h_snoop_resp_rspsfwd_2                                     (23.53%)
                 0      unc_h_snoop_resp_rspsfwd_3                                     (23.53%)
                 0      unc_h_snoop_resp_rspsfwd_4                                     (23.53%)
                 0      unc_h_snoop_resp_rspsfwd_5                                     (23.53%)
                 0      unc_h_snoop_resp_rspsfwd_6                                     (23.53%)
                 0      unc_h_snoop_resp_rspsfwd_7                                     (23.52%)
           112,323      unc_i_cache_total_occupancy_mem_0                                     (33.33%)
            93,334      unc_i_cache_total_occupancy_mem_1                                     (33.34%)
                 0      unc_i_cache_total_occupancy_mem_2                                     (33.33%)
                 0      unc_i_cache_total_occupancy_mem_3                                     (33.33%)
                 0      unc_i_cache_total_occupancy_mem_4                                     (33.33%)
                 0      unc_i_cache_total_occupancy_mem_5                                     (33.33%)
                 9      unc_i_coherent_ops_pcitom_0                                     (33.33%)
                 0      unc_i_coherent_ops_pcitom_1                                     (33.34%)
                 0      unc_i_coherent_ops_pcitom_2                                     (33.34%)
                 0      unc_i_coherent_ops_pcitom_3                                     (33.34%)
                 0      unc_i_coherent_ops_pcitom_4                                     (33.34%)
                 0      unc_i_coherent_ops_pcitom_5                                     (33.34%)
               483      unc_i_coherent_ops_rfo_0                                      (33.34%)
               105      unc_i_coherent_ops_rfo_1                                      (33.33%)
                 0      unc_i_coherent_ops_rfo_2                                      (33.33%)
                 0      unc_i_coherent_ops_rfo_3                                      (33.33%)
                 0      unc_i_coherent_ops_rfo_4                                      (33.33%)
                 0      unc_i_coherent_ops_rfo_5                                      (33.33%)
               744      unc_i_faf_inserts_0                                           (33.33%)
            26,751      unc_i_faf_inserts_1                                           (33.34%)
                 0      unc_i_faf_inserts_2                                           (33.33%)
                 0      unc_i_faf_inserts_3                                           (33.33%)
                 0      unc_i_faf_inserts_4                                           (33.33%)
                 0      unc_i_faf_inserts_5                                           (33.33%)
               750      unc_i_faf_occupancy_0                                         (33.33%)
            24,256      unc_i_faf_occupancy_1                                         (33.34%)
                 0      unc_i_faf_occupancy_2                                         (33.34%)
                 0      unc_i_faf_occupancy_3                                         (33.34%)
                 0      unc_i_faf_occupancy_4                                         (33.34%)
                 0      unc_i_faf_occupancy_5                                         (33.34%)
               465      unc_i_transactions_wr_pref_0                                     (33.34%)
                96      unc_i_transactions_wr_pref_1                                     (33.33%)
                 0      unc_i_transactions_wr_pref_2                                     (33.33%)
                 0      unc_i_transactions_wr_pref_3                                     (33.33%)
                 0      unc_i_transactions_wr_pref_4                                     (33.33%)
                 0      unc_i_transactions_wr_pref_5                                     (33.33%)
    67,910,753,046      unc_iio_clockticks_0                                          (7.02%)
    67,800,964,905      unc_iio_clockticks_1                                          (7.05%)
    67,656,136,210      unc_iio_clockticks_2                                          (7.08%)
    67,723,061,040      unc_iio_clockticks_3                                          (5.29%)
                 0      unc_iio_clockticks_4                                          (7.03%)
                 0      unc_iio_clockticks_5                                          (7.06%)
                 0      unc_iio_comp_buf_inserts_cmpd_all_parts_0                                     (7.05%)
                 0      unc_iio_comp_buf_inserts_cmpd_all_parts_1                                     (7.03%)
                 0      unc_iio_comp_buf_inserts_cmpd_all_parts_2                                     (7.04%)
                 0      unc_iio_comp_buf_inserts_cmpd_all_parts_3                                     (7.02%)
                 0      unc_iio_comp_buf_inserts_cmpd_all_parts_4                                     (7.03%)
                 0      unc_iio_comp_buf_inserts_cmpd_all_parts_5                                     (7.03%)
                 0      unc_iio_comp_buf_inserts_cmpd_part0_0                                     (7.03%)
                 0      unc_iio_comp_buf_inserts_cmpd_part0_1                                     (7.03%)
                 0      unc_iio_comp_buf_inserts_cmpd_part0_2                                     (7.03%)
                 0      unc_iio_comp_buf_inserts_cmpd_part0_3                                     (7.03%)
                 0      unc_iio_comp_buf_inserts_cmpd_part0_4                                     (7.03%)
                 0      unc_iio_comp_buf_inserts_cmpd_part0_5                                     (7.03%)
                 0      unc_iio_comp_buf_inserts_cmpd_part1_0                                     (7.03%)
                 0      unc_iio_comp_buf_inserts_cmpd_part1_1                                     (7.04%)
                 0      unc_iio_comp_buf_inserts_cmpd_part1_2                                     (7.04%)
                 0      unc_iio_comp_buf_inserts_cmpd_part1_3                                     (7.04%)
                 0      unc_iio_comp_buf_inserts_cmpd_part1_4                                     (7.03%)
                 0      unc_iio_comp_buf_inserts_cmpd_part1_5                                     (7.05%)
                 0      unc_iio_comp_buf_inserts_cmpd_part2_0                                     (7.03%)
                 0      unc_iio_comp_buf_inserts_cmpd_part2_1                                     (7.03%)
                 0      unc_iio_comp_buf_inserts_cmpd_part2_2                                     (7.03%)
                 0      unc_iio_comp_buf_inserts_cmpd_part2_3                                     (7.04%)
                 0      unc_iio_comp_buf_inserts_cmpd_part2_4                                     (7.03%)
                 0      unc_iio_comp_buf_inserts_cmpd_part2_5                                     (7.00%)
                 0      unc_iio_comp_buf_inserts_cmpd_part3_0                                     (7.02%)
                 0      unc_iio_comp_buf_inserts_cmpd_part3_1                                     (7.04%)
                 0      unc_iio_comp_buf_inserts_cmpd_part3_2                                     (7.04%)
                 0      unc_iio_comp_buf_inserts_cmpd_part3_3                                     (7.01%)
                 0      unc_iio_comp_buf_inserts_cmpd_part3_4                                     (7.03%)
                 0      unc_iio_comp_buf_inserts_cmpd_part3_5                                     (7.02%)
            37,084      unc_iio_comp_buf_occupancy_cmpd_all_parts_0                                     (7.04%)
        22,445,666      unc_iio_comp_buf_occupancy_cmpd_all_parts_1                                     (7.02%)
                 0      unc_iio_comp_buf_occupancy_cmpd_all_parts_2                                     (7.02%)
                 0      unc_iio_comp_buf_occupancy_cmpd_all_parts_3                                     (7.01%)
                 0      unc_iio_comp_buf_occupancy_cmpd_all_parts_4                                     (7.03%)
                 0      unc_iio_comp_buf_occupancy_cmpd_all_parts_5                                     (7.03%)
                 0      unc_iio_comp_buf_occupancy_cmpd_part0_0                                     (7.03%)
           191,582      unc_iio_comp_buf_occupancy_cmpd_part0_1                                     (7.03%)
                 0      unc_iio_comp_buf_occupancy_cmpd_part0_2                                     (7.03%)
                 0      unc_iio_comp_buf_occupancy_cmpd_part0_3                                     (7.03%)
                 0      unc_iio_comp_buf_occupancy_cmpd_part0_4                                     (7.03%)
                 0      unc_iio_comp_buf_occupancy_cmpd_part0_5                                     (7.02%)
            58,539      unc_iio_comp_buf_occupancy_cmpd_part1_0                                     (7.02%)
                 0      unc_iio_comp_buf_occupancy_cmpd_part1_1                                     (7.02%)
                 0      unc_iio_comp_buf_occupancy_cmpd_part1_2                                     (7.02%)
                 0      unc_iio_comp_buf_occupancy_cmpd_part1_3                                     (7.02%)
                 0      unc_iio_comp_buf_occupancy_cmpd_part1_4                                     (7.02%)
                 0      unc_iio_comp_buf_occupancy_cmpd_part1_5                                     (6.99%)
                 0      unc_iio_comp_buf_occupancy_cmpd_part2_0                                     (7.03%)
                 0      unc_iio_comp_buf_occupancy_cmpd_part2_1                                     (7.03%)
                 0      unc_iio_comp_buf_occupancy_cmpd_part2_2                                     (5.27%)
                 0      unc_iio_comp_buf_occupancy_cmpd_part2_3                                     (7.04%)
                 0      unc_iio_comp_buf_occupancy_cmpd_part2_4                                     (7.02%)
                 0      unc_iio_comp_buf_occupancy_cmpd_part2_5                                     (7.05%)
                 0      unc_iio_comp_buf_occupancy_cmpd_part3_0                                     (7.01%)
                 0      unc_iio_comp_buf_occupancy_cmpd_part3_1                                     (7.01%)
                 0      unc_iio_comp_buf_occupancy_cmpd_part3_2                                     (6.99%)
                 0      unc_iio_comp_buf_occupancy_cmpd_part3_3                                     (7.02%)
                 0      unc_iio_comp_buf_occupancy_cmpd_part3_4                                     (7.02%)
                 0      unc_iio_comp_buf_occupancy_cmpd_part3_5                                     (7.00%)
                 0      unc_iio_data_req_by_cpu_mem_read_part0_0                                     (7.02%)
                 0      unc_iio_data_req_by_cpu_mem_read_part0_1                                     (7.02%)
                 0      unc_iio_data_req_by_cpu_mem_read_part0_2                                     (7.02%)
                 0      unc_iio_data_req_by_cpu_mem_read_part0_3                                     (7.02%)
                 0      unc_iio_data_req_by_cpu_mem_read_part0_4                                     (7.02%)
                 0      unc_iio_data_req_by_cpu_mem_read_part0_5                                     (7.03%)
                 0      unc_iio_data_req_by_cpu_mem_read_part1_0                                     (7.03%)
                 0      unc_iio_data_req_by_cpu_mem_read_part1_1                                     (5.27%)
                 0      unc_iio_data_req_by_cpu_mem_read_part1_2                                     (7.04%)
                 0      unc_iio_data_req_by_cpu_mem_read_part1_3                                     (5.29%)
                 0      unc_iio_data_req_by_cpu_mem_read_part1_4                                     (5.27%)
                 0      unc_iio_data_req_by_cpu_mem_read_part1_5                                     (7.05%)
                 0      unc_iio_data_req_by_cpu_mem_read_part2_0                                     (7.02%)
                 0      unc_iio_data_req_by_cpu_mem_read_part2_1                                     (7.02%)
                 0      unc_iio_data_req_by_cpu_mem_read_part2_2                                     (7.01%)
                 0      unc_iio_data_req_by_cpu_mem_read_part2_3                                     (6.99%)
                 0      unc_iio_data_req_by_cpu_mem_read_part2_4                                     (7.02%)
                 0      unc_iio_data_req_by_cpu_mem_read_part2_5                                     (7.03%)
                 0      unc_iio_data_req_by_cpu_mem_read_part3_0                                     (7.01%)
                 0      unc_iio_data_req_by_cpu_mem_read_part3_1                                     (7.01%)
                 0      unc_iio_data_req_by_cpu_mem_read_part3_2                                     (6.99%)
                 0      unc_iio_data_req_by_cpu_mem_read_part3_3                                     (7.03%)
                 0      unc_iio_data_req_by_cpu_mem_read_part3_4                                     (7.02%)
                 0      unc_iio_data_req_by_cpu_mem_read_part3_5                                     (7.00%)
                 0      unc_iio_data_req_by_cpu_mem_write_part0_0                                     (7.00%)
                 0      unc_iio_data_req_by_cpu_mem_write_part0_1                                     (7.02%)
                 0      unc_iio_data_req_by_cpu_mem_write_part0_2                                     (7.02%)
                 0      unc_iio_data_req_by_cpu_mem_write_part0_3                                     (7.01%)
                 0      unc_iio_data_req_by_cpu_mem_write_part0_4                                     (7.02%)
                 0      unc_iio_data_req_by_cpu_mem_write_part0_5                                     (7.00%)
                 0      unc_iio_data_req_by_cpu_mem_write_part1_0                                     (7.01%)
                 0      unc_iio_data_req_by_cpu_mem_write_part1_1                                     (7.02%)
                 0      unc_iio_data_req_by_cpu_mem_write_part1_2                                     (7.02%)
                 0      unc_iio_data_req_by_cpu_mem_write_part1_3                                     (7.02%)
                 0      unc_iio_data_req_by_cpu_mem_write_part1_4                                     (7.02%)
                 0      unc_iio_data_req_by_cpu_mem_write_part1_5                                     (7.02%)
                 0      unc_iio_data_req_by_cpu_mem_write_part2_0                                     (7.02%)
                 0      unc_iio_data_req_by_cpu_mem_write_part2_1                                     (7.02%)
                 0      unc_iio_data_req_by_cpu_mem_write_part2_2                                     (7.02%)
                 0      unc_iio_data_req_by_cpu_mem_write_part2_3                                     (7.03%)
                 0      unc_iio_data_req_by_cpu_mem_write_part2_4                                     (7.02%)
                 0      unc_iio_data_req_by_cpu_mem_write_part2_5                                     (7.02%)
                 0      unc_iio_data_req_by_cpu_mem_write_part3_0                                     (7.02%)
                 0      unc_iio_data_req_by_cpu_mem_write_part3_1                                     (7.02%)
                 0      unc_iio_data_req_by_cpu_mem_write_part3_2                                     (7.01%)
                 0      unc_iio_data_req_by_cpu_mem_write_part3_3                                     (7.01%)
                 0      unc_iio_data_req_by_cpu_mem_write_part3_4                                     (7.02%)
                 0      unc_iio_data_req_by_cpu_mem_write_part3_5                                     (7.01%)
                 0      unc_iio_data_req_by_cpu_peer_read_part0_0                                     (5.28%)
                 0      unc_iio_data_req_by_cpu_peer_read_part0_1                                     (5.28%)
                 0      unc_iio_data_req_by_cpu_peer_read_part0_2                                     (7.01%)
                 0      unc_iio_data_req_by_cpu_peer_read_part0_3                                     (7.00%)
                 0      unc_iio_data_req_by_cpu_peer_read_part0_4                                     (5.27%)
                 0      unc_iio_data_req_by_cpu_peer_read_part0_5                                     (5.32%)
                 0      unc_iio_data_req_by_cpu_peer_read_part1_0                                     (7.03%)
                 0      unc_iio_data_req_by_cpu_peer_read_part1_1                                     (7.02%)
                 0      unc_iio_data_req_by_cpu_peer_read_part1_2                                     (7.02%)
                 0      unc_iio_data_req_by_cpu_peer_read_part1_3                                     (7.06%)
                 0      unc_iio_data_req_by_cpu_peer_read_part1_4                                     (7.02%)
                 0      unc_iio_data_req_by_cpu_peer_read_part1_5                                     (7.05%)
                 0      unc_iio_data_req_by_cpu_peer_read_part2_0                                     (7.01%)
                 0      unc_iio_data_req_by_cpu_peer_read_part2_1                                     (7.01%)
                 0      unc_iio_data_req_by_cpu_peer_read_part2_2                                     (7.02%)
                 0      unc_iio_data_req_by_cpu_peer_read_part2_3                                     (6.99%)
                 0      unc_iio_data_req_by_cpu_peer_read_part2_4                                     (7.02%)
                 0      unc_iio_data_req_by_cpu_peer_read_part2_5                                     (6.98%)
                 0      unc_iio_data_req_by_cpu_peer_read_part3_0                                     (7.02%)
                 0      unc_iio_data_req_by_cpu_peer_read_part3_1                                     (7.01%)
                 0      unc_iio_data_req_by_cpu_peer_read_part3_2                                     (7.02%)
                 0      unc_iio_data_req_by_cpu_peer_read_part3_3                                     (7.02%)
                 0      unc_iio_data_req_by_cpu_peer_read_part3_4                                     (7.01%)
                 0      unc_iio_data_req_by_cpu_peer_read_part3_5                                     (7.03%)
                 0      unc_iio_data_req_by_cpu_peer_write_part0_0                                     (7.01%)
                 0      unc_iio_data_req_by_cpu_peer_write_part0_1                                     (7.02%)
                 0      unc_iio_data_req_by_cpu_peer_write_part0_2                                     (7.00%)
                 0      unc_iio_data_req_by_cpu_peer_write_part0_3                                     (7.01%)
                 0      unc_iio_data_req_by_cpu_peer_write_part0_4                                     (7.02%)
                 0      unc_iio_data_req_by_cpu_peer_write_part0_5                                     (7.01%)
                 0      unc_iio_data_req_by_cpu_peer_write_part1_0                                     (7.02%)
                 0      unc_iio_data_req_by_cpu_peer_write_part1_1                                     (7.01%)
                 0      unc_iio_data_req_by_cpu_peer_write_part1_2                                     (7.02%)
                 0      unc_iio_data_req_by_cpu_peer_write_part1_3                                     (7.01%)
                 0      unc_iio_data_req_by_cpu_peer_write_part1_4                                     (7.01%)
                 0      unc_iio_data_req_by_cpu_peer_write_part1_5                                     (7.02%)
                 0      unc_iio_data_req_by_cpu_peer_write_part2_0                                     (7.01%)
                 0      unc_iio_data_req_by_cpu_peer_write_part2_1                                     (7.01%)
                 0      unc_iio_data_req_by_cpu_peer_write_part2_2                                     (7.02%)
                 0      unc_iio_data_req_by_cpu_peer_write_part2_3                                     (7.02%)
                 0      unc_iio_data_req_by_cpu_peer_write_part2_4                                     (7.01%)
                 0      unc_iio_data_req_by_cpu_peer_write_part2_5                                     (7.02%)
                 0      unc_iio_data_req_by_cpu_peer_write_part3_0                                     (7.02%)
                 0      unc_iio_data_req_by_cpu_peer_write_part3_1                                     (7.02%)
                 0      unc_iio_data_req_by_cpu_peer_write_part3_2                                     (7.04%)
                 0      unc_iio_data_req_by_cpu_peer_write_part3_3                                     (7.04%)
                 0      unc_iio_data_req_by_cpu_peer_write_part3_4                                     (7.02%)
                 0      unc_iio_data_req_by_cpu_peer_write_part3_5                                     (5.28%)
                 0      unc_iio_data_req_of_cpu_mem_read_part0_0                                     (7.04%)
                 0      unc_iio_data_req_of_cpu_mem_read_part0_1                                     (7.02%)
                 0      unc_iio_data_req_of_cpu_mem_read_part0_2                                     (7.04%)
                 0      unc_iio_data_req_of_cpu_mem_read_part0_3                                     (7.04%)
                 0      unc_iio_data_req_of_cpu_mem_read_part0_4                                     (7.02%)
                 0      unc_iio_data_req_of_cpu_mem_read_part0_5                                     (7.04%)
                 0      unc_iio_data_req_of_cpu_mem_read_part1_0                                     (7.03%)
                 0      unc_iio_data_req_of_cpu_mem_read_part1_1                                     (7.02%)
                 0      unc_iio_data_req_of_cpu_mem_read_part1_2                                     (7.02%)
                 0      unc_iio_data_req_of_cpu_mem_read_part1_3                                     (7.03%)
                 0      unc_iio_data_req_of_cpu_mem_read_part1_4                                     (7.02%)
                 0      unc_iio_data_req_of_cpu_mem_read_part1_5                                     (7.02%)
                 0      unc_iio_data_req_of_cpu_mem_read_part2_0                                     (7.02%)
                 0      unc_iio_data_req_of_cpu_mem_read_part2_1                                     (7.02%)
                 0      unc_iio_data_req_of_cpu_mem_read_part2_2                                     (7.02%)
                 0      unc_iio_data_req_of_cpu_mem_read_part2_3                                     (5.27%)
                 0      unc_iio_data_req_of_cpu_mem_read_part2_4                                     (5.26%)
                 0      unc_iio_data_req_of_cpu_mem_read_part2_5                                     (6.99%)
                 0      unc_iio_data_req_of_cpu_mem_read_part3_0                                     (7.01%)
                 0      unc_iio_data_req_of_cpu_mem_read_part3_1                                     (7.01%)
                 0      unc_iio_data_req_of_cpu_mem_read_part3_2                                     (7.00%)
                 0      unc_iio_data_req_of_cpu_mem_read_part3_3                                     (6.99%)
                 0      unc_iio_data_req_of_cpu_mem_read_part3_4                                     (7.02%)
                 0      unc_iio_data_req_of_cpu_mem_read_part3_5                                     (7.00%)
                 0      unc_iio_data_req_of_cpu_mem_write_part0_0                                     (7.00%)
                 0      unc_iio_data_req_of_cpu_mem_write_part0_1                                     (7.01%)
                 0      unc_iio_data_req_of_cpu_mem_write_part0_2                                     (6.99%)
                 0      unc_iio_data_req_of_cpu_mem_write_part0_3                                     (7.00%)
                 0      unc_iio_data_req_of_cpu_mem_write_part0_4                                     (7.02%)
                 0      unc_iio_data_req_of_cpu_mem_write_part0_5                                     (7.02%)
                 0      unc_iio_data_req_of_cpu_mem_write_part1_0                                     (5.29%)
                 0      unc_iio_data_req_of_cpu_mem_write_part1_1                                     (5.27%)
                 0      unc_iio_data_req_of_cpu_mem_write_part1_2                                     (7.03%)
                 0      unc_iio_data_req_of_cpu_mem_write_part1_3                                     (7.02%)
                 0      unc_iio_data_req_of_cpu_mem_write_part1_4                                     (5.26%)
                 0      unc_iio_data_req_of_cpu_mem_write_part1_5                                     (7.00%)
                 0      unc_iio_data_req_of_cpu_mem_write_part2_0                                     (7.02%)
                 0      unc_iio_data_req_of_cpu_mem_write_part2_1                                     (5.27%)
                 0      unc_iio_data_req_of_cpu_mem_write_part2_2                                     (7.01%)
                 0      unc_iio_data_req_of_cpu_mem_write_part2_3                                     (7.00%)
                 0      unc_iio_data_req_of_cpu_mem_write_part2_4                                     (5.26%)
                 0      unc_iio_data_req_of_cpu_mem_write_part2_5                                     (5.24%)
                 0      unc_iio_data_req_of_cpu_mem_write_part3_0                                     (5.24%)
                 0      unc_iio_data_req_of_cpu_mem_write_part3_1                                     (7.01%)
                 0      unc_iio_data_req_of_cpu_mem_write_part3_2                                     (5.25%)
                 0      unc_iio_data_req_of_cpu_mem_write_part3_3                                     (7.01%)
                 0      unc_iio_data_req_of_cpu_mem_write_part3_4                                     (7.02%)
                 0      unc_iio_data_req_of_cpu_mem_write_part3_5                                     (5.26%)
                 0      unc_iio_data_req_of_cpu_peer_read_part0_0                                     (5.26%)
                 0      unc_iio_data_req_of_cpu_peer_read_part0_1                                     (7.01%)
                 0      unc_iio_data_req_of_cpu_peer_read_part0_2                                     (5.26%)
                 0      unc_iio_data_req_of_cpu_peer_read_part0_3                                     (5.26%)
                 0      unc_iio_data_req_of_cpu_peer_read_part0_4                                     (7.02%)
                 0      unc_iio_data_req_of_cpu_peer_read_part0_5                                     (7.02%)
                 0      unc_iio_data_req_of_cpu_peer_read_part1_0                                     (7.02%)
                 0      unc_iio_data_req_of_cpu_peer_read_part1_1                                     (5.26%)
                 0      unc_iio_data_req_of_cpu_peer_read_part1_2                                     (7.02%)
                 0      unc_iio_data_req_of_cpu_peer_read_part1_3                                     (5.27%)
                 0      unc_iio_data_req_of_cpu_peer_read_part1_4                                     (5.26%)
                 0      unc_iio_data_req_of_cpu_peer_read_part1_5                                     (7.03%)
                 0      unc_iio_data_req_of_cpu_peer_read_part2_0                                     (7.02%)
                 0      unc_iio_data_req_of_cpu_peer_read_part2_1                                     (5.27%)
                 0      unc_iio_data_req_of_cpu_peer_read_part2_2                                     (5.27%)
                 0      unc_iio_data_req_of_cpu_peer_read_part2_3                                     (7.02%)
                 0      unc_iio_data_req_of_cpu_peer_read_part2_4                                     (5.26%)
                 0      unc_iio_data_req_of_cpu_peer_read_part2_5                                     (5.27%)
                 0      unc_iio_data_req_of_cpu_peer_read_part3_0                                     (7.02%)
                 0      unc_iio_data_req_of_cpu_peer_read_part3_1                                     (7.02%)
                 0      unc_iio_data_req_of_cpu_peer_read_part3_2                                     (5.26%)
                 0      unc_iio_data_req_of_cpu_peer_read_part3_3                                     (7.02%)
                 0      unc_iio_data_req_of_cpu_peer_read_part3_4                                     (7.02%)
                 0      unc_iio_data_req_of_cpu_peer_read_part3_5                                     (5.26%)
                 0      unc_iio_data_req_of_cpu_peer_write_part0_0                                     (7.02%)
                 0      unc_iio_data_req_of_cpu_peer_write_part0_1                                     (7.02%)
                 0      unc_iio_data_req_of_cpu_peer_write_part0_2                                     (7.01%)
                 0      unc_iio_data_req_of_cpu_peer_write_part0_3                                     (7.01%)
                 0      unc_iio_data_req_of_cpu_peer_write_part0_4                                     (7.02%)
                 0      unc_iio_data_req_of_cpu_peer_write_part0_5                                     (7.01%)
                 0      unc_iio_data_req_of_cpu_peer_write_part1_0                                     (7.01%)
                 0      unc_iio_data_req_of_cpu_peer_write_part1_1                                     (7.01%)
                 0      unc_iio_data_req_of_cpu_peer_write_part1_2                                     (7.01%)
                 0      unc_iio_data_req_of_cpu_peer_write_part1_3                                     (5.26%)
                 0      unc_iio_data_req_of_cpu_peer_write_part1_4                                     (7.02%)
                 0      unc_iio_data_req_of_cpu_peer_write_part1_5                                     (7.01%)
                 0      unc_iio_data_req_of_cpu_peer_write_part2_0                                     (5.25%)
                 0      unc_iio_data_req_of_cpu_peer_write_part2_1                                     (7.01%)
                 0      unc_iio_data_req_of_cpu_peer_write_part2_2                                     (7.00%)
                 0      unc_iio_data_req_of_cpu_peer_write_part2_3                                     (5.24%)
                 0      unc_iio_data_req_of_cpu_peer_write_part2_4                                     (7.02%)
                 0      unc_iio_data_req_of_cpu_peer_write_part2_5                                     (6.99%)
                 0      unc_iio_data_req_of_cpu_peer_write_part3_0                                     (5.26%)
                 0      unc_iio_data_req_of_cpu_peer_write_part3_1                                     (5.26%)
                 0      unc_iio_data_req_of_cpu_peer_write_part3_2                                     (7.02%)
                 0      unc_iio_data_req_of_cpu_peer_write_part3_3                                     (7.01%)
                 0      unc_iio_data_req_of_cpu_peer_write_part3_4                                     (5.26%)
                 0      unc_iio_data_req_of_cpu_peer_write_part3_5                                     (5.26%)
                 0      unc_iio_payload_bytes_in_mem_read_part0_0                                     (5.28%)
                 0      unc_iio_payload_bytes_in_mem_read_part0_1                                     (3.51%)
                 0      unc_iio_payload_bytes_in_mem_read_part0_2                                     (5.29%)
                 0      unc_iio_payload_bytes_in_mem_read_part0_3                                     (5.29%)
                 0      unc_iio_payload_bytes_in_mem_read_part0_4                                     (3.51%)
                 0      unc_iio_payload_bytes_in_mem_read_part0_5                                     (3.56%)
                 0      unc_iio_payload_bytes_in_mem_read_part1_0                                     (3.52%)
                 0      unc_iio_payload_bytes_in_mem_read_part1_1                                     (5.27%)
                 0      unc_iio_payload_bytes_in_mem_read_part1_2                                     (3.51%)
                 0      unc_iio_payload_bytes_in_mem_read_part1_3                                     (3.52%)
                 0      unc_iio_payload_bytes_in_mem_read_part1_4                                     (5.26%)
                 0      unc_iio_payload_bytes_in_mem_read_part1_5                                     (5.28%)
                 0      unc_iio_payload_bytes_in_mem_read_part2_0                                     (5.26%)
                 0      unc_iio_payload_bytes_in_mem_read_part2_1                                     (7.02%)
                 0      unc_iio_payload_bytes_in_mem_read_part2_2                                     (5.26%)
                 0      unc_iio_payload_bytes_in_mem_read_part2_3                                     (5.27%)
                 0      unc_iio_payload_bytes_in_mem_read_part2_4                                     (7.02%)
                 0      unc_iio_payload_bytes_in_mem_read_part2_5                                     (7.02%)
                 0      unc_iio_payload_bytes_in_mem_read_part3_0                                     (7.01%)
                 0      unc_iio_payload_bytes_in_mem_read_part3_1                                     (7.03%)
                 0      unc_iio_payload_bytes_in_mem_read_part3_2                                     (7.04%)
                 0      unc_iio_payload_bytes_in_mem_read_part3_3                                     (7.06%)
                 0      unc_iio_payload_bytes_in_mem_read_part3_4                                     (5.26%)
                 0      unc_iio_payload_bytes_in_mem_read_part3_5                                     (7.07%)
                 0      unc_iio_payload_bytes_in_mem_write_part0_0                                     (7.05%)
                 0      unc_iio_payload_bytes_in_mem_write_part0_1                                     (5.28%)
                 0      unc_iio_payload_bytes_in_mem_write_part0_2                                     (7.03%)
                 0      unc_iio_payload_bytes_in_mem_write_part0_3                                     (7.03%)
                 0      unc_iio_payload_bytes_in_mem_write_part0_4                                     (5.26%)
                 0      unc_iio_payload_bytes_in_mem_write_part0_5                                     (7.00%)
                 0      unc_iio_payload_bytes_in_mem_write_part1_0                                     (7.02%)
                 0      unc_iio_payload_bytes_in_mem_write_part1_1                                     (5.26%)
                 0      unc_iio_payload_bytes_in_mem_write_part1_2                                     (6.99%)
                 0      unc_iio_payload_bytes_in_mem_write_part1_3                                     (6.98%)
                 0      unc_iio_payload_bytes_in_mem_write_part1_4                                     (7.02%)
                 0      unc_iio_payload_bytes_in_mem_write_part1_5                                     (6.97%)
                 0      unc_iio_payload_bytes_in_mem_write_part2_0                                     (7.00%)
                 0      unc_iio_payload_bytes_in_mem_write_part2_1                                     (7.01%)
                 0      unc_iio_payload_bytes_in_mem_write_part2_2                                     (7.01%)
                 0      unc_iio_payload_bytes_in_mem_write_part2_3                                     (7.01%)
                 0      unc_iio_payload_bytes_in_mem_write_part2_4                                     (7.01%)
                 0      unc_iio_payload_bytes_in_mem_write_part2_5                                     (7.02%)
                 0      unc_iio_payload_bytes_in_mem_write_part3_0                                     (7.02%)
                 0      unc_iio_payload_bytes_in_mem_write_part3_1                                     (7.01%)
                 0      unc_iio_payload_bytes_in_mem_write_part3_2                                     (7.03%)
                 0      unc_iio_payload_bytes_in_mem_write_part3_3                                     (7.03%)
                 0      unc_iio_payload_bytes_in_mem_write_part3_4                                     (7.01%)
                 0      unc_iio_payload_bytes_in_mem_write_part3_5                                     (7.02%)
                 0      unc_iio_txn_req_by_cpu_mem_read_part0_0                                     (7.02%)
                 0      unc_iio_txn_req_by_cpu_mem_read_part0_1                                     (7.02%)
                 0      unc_iio_txn_req_by_cpu_mem_read_part0_2                                     (7.02%)
                 0      unc_iio_txn_req_by_cpu_mem_read_part0_3                                     (7.01%)
                 0      unc_iio_txn_req_by_cpu_mem_read_part0_4                                     (7.01%)
                 0      unc_iio_txn_req_by_cpu_mem_read_part0_5                                     (7.01%)
                 0      unc_iio_txn_req_by_cpu_mem_read_part1_0                                     (7.02%)
                 0      unc_iio_txn_req_by_cpu_mem_read_part1_1                                     (7.01%)
                 0      unc_iio_txn_req_by_cpu_mem_read_part1_2                                     (7.01%)
                 0      unc_iio_txn_req_by_cpu_mem_read_part1_3                                     (7.00%)
                 0      unc_iio_txn_req_by_cpu_mem_read_part1_4                                     (7.01%)
                 0      unc_iio_txn_req_by_cpu_mem_read_part1_5                                     (7.01%)
                 0      unc_iio_txn_req_by_cpu_mem_read_part2_0                                     (7.01%)
                 0      unc_iio_txn_req_by_cpu_mem_read_part2_1                                     (7.01%)
                 0      unc_iio_txn_req_by_cpu_mem_read_part2_2                                     (7.01%)
                 0      unc_iio_txn_req_by_cpu_mem_read_part2_3                                     (7.01%)
                 0      unc_iio_txn_req_by_cpu_mem_read_part2_4                                     (7.01%)
                 0      unc_iio_txn_req_by_cpu_mem_read_part2_5                                     (7.01%)
                 0      unc_iio_txn_req_by_cpu_mem_read_part3_0                                     (7.01%)
                 0      unc_iio_txn_req_by_cpu_mem_read_part3_1                                     (7.01%)
                 0      unc_iio_txn_req_by_cpu_mem_read_part3_2                                     (7.01%)
                 0      unc_iio_txn_req_by_cpu_mem_read_part3_3                                     (7.01%)
                 0      unc_iio_txn_req_by_cpu_mem_read_part3_4                                     (7.01%)
                 0      unc_iio_txn_req_by_cpu_mem_read_part3_5                                     (7.00%)
                 0      unc_iio_txn_req_by_cpu_mem_write_part0_0                                     (7.01%)
                 0      unc_iio_txn_req_by_cpu_mem_write_part0_1                                     (7.01%)
                 0      unc_iio_txn_req_by_cpu_mem_write_part0_2                                     (7.01%)
                 0      unc_iio_txn_req_by_cpu_mem_write_part0_3                                     (7.01%)
                 0      unc_iio_txn_req_by_cpu_mem_write_part0_4                                     (7.01%)
                 0      unc_iio_txn_req_by_cpu_mem_write_part0_5                                     (7.02%)
                 0      unc_iio_txn_req_by_cpu_mem_write_part1_0                                     (7.01%)
                 0      unc_iio_txn_req_by_cpu_mem_write_part1_1                                     (7.01%)
                 0      unc_iio_txn_req_by_cpu_mem_write_part1_2                                     (7.02%)
                 0      unc_iio_txn_req_by_cpu_mem_write_part1_3                                     (7.03%)
                 0      unc_iio_txn_req_by_cpu_mem_write_part1_4                                     (7.01%)
                 0      unc_iio_txn_req_by_cpu_mem_write_part1_5                                     (7.03%)

      69.840883090 seconds time elapsed

