# started on Mon Feb  5 09:29:15 2024


 Performance counter stats for 'system wide':

        35,726,740      r1000114                                                      (10.53%)
         4,923,749      r1e6                                                          (10.53%)
    28,548,691,691      rc4                                                           (10.53%)
   <not supported>      r4c4:p                                                      
    28,186,799,801      r1c4                                                          (10.53%)
         1,197,591      r40c4                                                         (10.53%)
       160,562,470      r2c4                                                          (10.53%)
       160,247,910      r8c4                                                          (10.53%)
    27,031,343,171      r20c4                                                         (10.53%)
     1,545,938,131      r10c4                                                         (10.53%)
        13,089,062      rc5                                                           (10.53%)
   <not supported>      r4c5:p                                                      
         3,563,424      r1c5                                                          (10.53%)
            16,014      r2c5                                                          (10.53%)
        12,253,237      r20c5                                                         (10.53%)
     1,848,455,669      r23c                                                          (10.53%)
     1,848,559,119      r13c                                                          (10.53%)
     1,849,461,212      r20013c                                                       (10.53%)
     1,848,556,369      r23c                                                          (10.54%)
   155,149,227,479      r300                                                          (11.85%)
     1,847,891,359      r13c                                                          (11.85%)
     1,850,443,542      r20013c                                                       (11.85%)
           497,515      r104003c                                                      (11.85%)
   168,839,156,203      r3c                                                           (13.17%)
   168,835,656,026      r20003c                                                       (13.16%)
   168,899,258,571      r3c                                                           (13.16%)
   168,998,951,048      r20003c                                                       (13.16%)
   117,666,507,939      r80008a3                                                      (13.16%)
    70,254,733,052      r10001a3                                                      (13.16%)
   157,262,630,864      r100010a3                                                     (11.84%)
    79,132,073,674      rc000ca3                                                      (11.84%)
    52,276,219,413      r50005a3                                                      (11.84%)
    82,456,787,655      r140014a3                                                     (11.84%)
    89,953,289,580      r40004a3                                                      (11.84%)
    15,160,971,212      r2a6                                                          (11.84%)
    18,020,861,487      r4a6                                                          (10.52%)
    23,714,322,554      r8a6                                                          (10.52%)
    14,347,460,713      r10a6                                                         (10.52%)
     7,050,346,273      r40a6                                                         (10.52%)
       680,005,813      r1a6                                                          (10.52%)
           601,419      r187                                                          (10.52%)
   194,155,579,405      rc0                                                           (11.84%)
   194,230,117,445      rc0                                                           (11.84%)
   <not supported>      r1c0:p                                                      
   <not supported>      ra8001c0:p                                                  
       236,470,205      r800d                                                         (11.84%)
       170,019,519      r10d                                                          (11.84%)
       169,113,889      r20010d                                                       (11.84%)
             1,149      r803                                                          (11.84%)
         7,180,125      r203                                                          (11.84%)
       377,711,269      r107                                                          (11.84%)
            19,273      r14c                                                          (11.84%)
                 0      r40001a8                                                      (11.84%)
                 0      r10001a8                                                      (10.52%)
                 0      r1a8                                                          (10.52%)
         2,669,124      r10401c3                                                      (10.52%)
           644,891      r4c3                                                          (10.52%)
            39,992      r3fc1                                                         (10.52%)
   112,920,904,319      r1a2                                                          (10.52%)
     8,425,898,497      r8a2                                                          (10.52%)
                 0      r20cc                                                         (10.52%)
     6,143,446,045      r15e                                                          (10.52%)
       313,132,516      r184015e                                                      (10.52%)
    35,000,386,959      r1a1                                                          (10.52%)
    39,599,011,661      r2a1                                                          (10.53%)
    39,597,966,815      r4a1                                                          (10.53%)
    35,824,249,718      r8a1                                                          (10.53%)
    33,830,067,804      r10a1                                                         (10.53%)
    34,450,649,967      r20a1                                                         (10.53%)
    39,856,917,079      r40a1                                                         (10.53%)
       713,644,736      r80a1                                                         (10.52%)
   217,969,796,870      r2b1                                                          (10.52%)
    78,683,776,029      r10002b1                                                      (10.53%)
    63,481,999,669      r20002b1                                                      (10.53%)
    45,481,132,482      r30002b1                                                      (10.53%)
    21,741,177,461      r40002b1                                                      (10.53%)
    90,027,783,025      r18002b1                                                      (10.53%)
    78,653,926,431      r10001b1                                                      (10.53%)
    63,446,215,411      r20001b1                                                      (10.53%)
    45,440,555,306      r30001b1                                                      (10.53%)

      69.867182530 seconds time elapsed

