# started on Tue Feb  6 06:19:53 2024


 Performance counter stats for 'system wide':

                 0      r8c7                                                          (11.68%)
                 0      r10c7                                                         (11.68%)
                 0      r20c7                                                         (10.38%)
                 0      r18c7                                                         (10.39%)
                 0      r40c7                                                         (10.39%)
                 0      r80c7                                                         (10.39%)
                 0      r18c7                                                         (10.39%)
    25,076,180,409      r3c7                                                          (10.39%)
    25,085,122,394      r1c7                                                          (10.39%)
                 0      r2c7                                                          (10.39%)
                 0      rfcc7                                                         (10.39%)
                 0      r1001eca                                                      (10.39%)
                 0      r1c6                                                          (10.39%)
                 0      r1c6                                                          (10.39%)
                 0      r1c6                                                          (10.39%)
                 0      r1c6                                                          (10.39%)
                 0      r1c6                                                          (5.20%)
   <not supported>      r1c6:p                                                      
                 0      r1c6                                                          (5.20%)
                 0      r1c6                                                          (5.20%)
                 0      r1c6                                                          (5.20%)
                 0      r1c6                                                          (5.20%)
                 0      r1c6                                                          (5.20%)
                 0      r1c6                                                          (5.20%)
                 0      r1c6                                                          (5.20%)
                 0      r1c6                                                          (5.20%)
                 0      r1c6                                                          (5.20%)
                 0      r1c6                                                          (5.20%)
                 0      r1c6                                                          (5.20%)
                 0      r1c6                                                          (5.20%)
                 0      r1c6                                                          (5.20%)
                 0      r4c8                                                          (6.49%)
                 0      r80c8                                                         (7.79%)
                 0      r8c8                                                          (9.09%)
                 0      r40c8                                                         (10.39%)
                 0      r10c8                                                         (10.39%)
                 0      r20c8                                                         (10.39%)
                 0      r2c8                                                          (10.39%)
                 0      r1c8                                                          (10.39%)
           565,782      r1cb                                                          (10.39%)
       345,465,844      r480                                                          (10.39%)
    41,081,201,861      r183                                                          (10.39%)
       128,036,571      r283                                                          (10.39%)
        79,803,606      r483                                                          (10.39%)
        79,734,167      r483                                                          (10.39%)
     7,773,507,370      r4fe                                                          (10.39%)
       268,487,042      r2fe                                                          (10.39%)
    27,132,985,237      r4001879                                                      (10.39%)
    54,239,950,460      r1001879                                                      (10.39%)
       570,665,117      r4002479                                                      (10.39%)
     1,654,892,131      r1002479                                                      (10.39%)
    53,885,463,467      r1000879                                                      (10.39%)
    54,267,721,663      r1001879                                                      (10.39%)
    27,162,000,622      r4001879                                                      (10.39%)
   161,087,357,176      r879                                                          (10.39%)
     1,061,286,496      r1000479                                                      (10.39%)
     2,845,056,810      r479                                                          (10.39%)
       995,190,416      r1003079                                                      (10.39%)
       385,149,699      r1001079                                                      (10.39%)
     1,576,459,013      r2079                                                         (10.39%)
       306,976,073      r1043079                                                      (10.39%)
     2,861,779,639      r3079                                                         (10.39%)
    21,816,768,922      r19c                                                          (10.39%)
     1,020,742,965      r400019c                                                      (10.39%)
   160,969,049,514      r180019c                                                      (10.39%)
     5,287,637,495      r300019c                                                      (10.39%)
     7,667,666,409      r200019c                                                      (10.39%)
     7,963,732,452      r100019c                                                      (10.39%)
           962,534      r187                                                          (10.39%)
     2,844,931,007      r155                                                          (10.39%)
   190,569,561,098      rc0                                                           (11.69%)
   190,572,998,460      rc0                                                           (11.69%)
       187,086,746      r2c0                                                          (11.69%)
   <not supported>      r1c0:p                                                      
   <not supported>      ra8001c0:p                                                  
       251,014,561      r800d                                                         (11.69%)
        32,687,438      r104010d                                                      (11.69%)
       186,421,645      r10d                                                          (11.69%)
       184,938,428      r20010d                                                       (11.68%)
           508,676      r1ae                                                          (11.68%)

      69.911340499 seconds time elapsed

