# started on Mon Feb  5 04:15:10 2024


 Performance counter stats for 'system wide':

     8,733,125,075      r151                                                          (10.00%)
    17,362,096,915      r248                                                          (10.00%)
   388,948,027,489      r148                                                          (10.00%)
   139,112,778,939      r1000148                                                      (10.00%)
   139,112,793,094      r1200148                                                      (10.00%)
     8,714,609,895      r1ff1                                                         (10.00%)
     8,371,896,665      r2f2                                                          (10.00%)
        99,370,781      r1f2                                                          (10.01%)
         6,143,760      r4f2                                                          (10.01%)
         6,113,611      r4f2                                                          (10.01%)
       131,253,838      re424                                                         (10.01%)
     1,450,650,183      re124                                                         (10.01%)
       860,485,845      r2724                                                         (10.01%)
     3,770,438,316      re724                                                         (10.01%)
    10,606,977,082      rf824                                                         (10.01%)
     2,185,658,600      re224                                                         (10.01%)
       115,540,600      rc424                                                         (10.01%)
        25,639,169      r2424                                                         (10.01%)
     1,343,438,514      rc124                                                         (10.01%)
       111,315,435      r2124                                                         (10.01%)
     8,707,736,768      r3f24                                                         (10.01%)
     2,759,028,560      rd824                                                         (10.01%)
     7,843,116,053      r3824                                                         (10.01%)
    14,378,900,125      rff24                                                         (10.01%)
     1,456,890,840      rc224                                                         (10.01%)
       725,382,242      r2224                                                         (10.01%)
     8,373,851,389      r40f0                                                         (10.01%)
     8,234,006,381      r412e                                                         (10.01%)
     8,483,901,538      r4f2e                                                         (10.01%)
    49,405,357,209      r81d0                                                         (10.01%)
    28,474,875,575      r82d0                                                         (10.01%)
        18,782,199      r21d0                                                         (10.01%)
           242,851      r41d0                                                         (10.01%)
           776,659      r42d0                                                         (5.00%)
           463,815      r11d0                                                         (5.00%)
           184,091      r12d0                                                         (5.00%)
            45,747      r2d2                                                          (5.00%)
         1,614,059      r4d2                                                          (5.00%)
             4,399      r1d2                                                          (5.00%)
        10,337,652      r8d2                                                          (5.00%)
       466,868,426      r1d3                                                          (6.25%)
                 0      r2d3                                                          (7.50%)
                 0      r8d3                                                          (8.75%)
                 0      r4d3                                                          (10.00%)
                 0      r4d4                                                          (10.00%)
    23,494,042,019      r40d1                                                         (10.00%)
    23,912,064,228      r1d1                                                          (10.00%)
     2,085,296,077      r8d1                                                          (10.00%)
     1,488,320,150      r2d1                                                          (10.00%)
       595,948,028      r10d1                                                         (5.00%)
        10,411,204      r4d1                                                          (5.00%)
       583,396,367      r20d1                                                         (5.00%)
     5,062,408,984      r8b0                                                          (6.25%)
    17,456,495,784      r80b0                                                         (7.50%)
        23,637,758      r2b0                                                          (8.75%)
       798,129,389      r1b0                                                          (10.00%)
     2,172,102,819      r4b0                                                          (10.00%)
    83,581,170,933      r1b2                                                          (10.00%)
 1,184,815,112,566      r860                                                          (10.00%)
   144,834,555,399      r1000860                                                      (10.00%)
       548,697,243      r1000260                                                      (10.00%)
    68,164,946,913      r1000160                                                      (10.00%)
   116,399,530,489      r1000460                                                      (10.00%)
     1,856,160,532      r260                                                          (10.00%)
   123,730,435,394      r160                                                          (10.00%)
        85,612,646      r6000160                                                      (10.00%)
   545,684,428,469      r460                                                          (10.00%)
                 0      r1b7                                                          (10.00%)
                 0      r1b7                                                          (10.00%)
                 0      r1b7                                                          (10.00%)
                 0      r1b7                                                          (10.00%)
                 0      r1b7                                                          (10.00%)
                 0      r1b7                                                          (10.00%)
                 0      r1b7                                                          (10.00%)
                 0      r1b7                                                          (10.00%)
                 0      r1b7                                                          (10.00%)
                 0      r1b7                                                          (10.00%)
                 0      r1b7                                                          (10.00%)
                 0      r1b7                                                          (10.00%)
                 0      r1b7                                                          (10.00%)

      69.800496895 seconds time elapsed

