# started on Mon Feb  5 04:32:53 2024


 Performance counter stats for 'system wide':

     8,681,793,925      r151                                                          (9.99%)
    15,639,652,538      r248                                                          (9.99%)
   408,874,361,944      r148                                                          (9.99%)
   138,824,882,949      r1000148                                                      (10.00%)
   138,830,726,428      r1200148                                                      (10.00%)
     8,624,511,526      r1ff1                                                         (10.00%)
     8,212,011,199      r2f2                                                          (10.00%)
        98,453,232      r1f2                                                          (10.00%)
         6,529,228      r4f2                                                          (10.00%)
         6,532,076      r4f2                                                          (10.00%)
       129,745,503      re424                                                         (10.00%)
     1,739,211,744      re124                                                         (10.00%)
       996,203,711      r2724                                                         (10.00%)
     3,865,906,093      re724                                                         (10.00%)
     9,965,277,182      rf824                                                         (10.00%)
     1,993,073,184      re224                                                         (10.00%)
       101,208,808      rc424                                                         (10.00%)
        24,021,070      r2424                                                         (10.00%)
     1,620,186,542      rc124                                                         (10.00%)
       118,544,051      r2124                                                         (10.00%)
     8,616,317,478      r3f24                                                         (10.00%)
     2,336,206,609      rd824                                                         (10.00%)
     7,620,598,264      r3824                                                         (10.00%)
    13,824,169,917      rff24                                                         (10.00%)
     1,141,164,085      rc224                                                         (10.00%)
       857,591,931      r2224                                                         (10.00%)
     8,218,252,718      r40f0                                                         (10.00%)
     8,017,138,860      r412e                                                         (10.00%)
     8,318,298,348      r4f2e                                                         (10.00%)
    45,938,745,742      r81d0                                                         (10.00%)
    29,453,339,594      r82d0                                                         (10.00%)
        16,137,807      r21d0                                                         (10.00%)
           256,498      r41d0                                                         (10.00%)
           662,366      r42d0                                                         (5.00%)
           424,087      r11d0                                                         (5.00%)
           143,514      r12d0                                                         (5.00%)
            39,353      r2d2                                                          (5.00%)
         1,175,192      r4d2                                                          (5.00%)
             2,919      r1d2                                                          (5.00%)
        10,053,375      r8d2                                                          (5.00%)
       603,614,468      r1d3                                                          (6.25%)
                 0      r2d3                                                          (7.50%)
                 0      r8d3                                                          (8.75%)
                 0      r4d3                                                          (10.00%)
                 0      r4d4                                                          (10.00%)
    23,827,849,203      r40d1                                                         (10.00%)
    19,396,917,228      r1d1                                                          (10.00%)
     2,602,977,038      r8d1                                                          (10.00%)
     1,833,562,943      r2d1                                                          (10.00%)
       768,892,110      r10d1                                                         (5.00%)
        10,235,602      r4d1                                                          (5.00%)
       755,163,182      r20d1                                                         (5.00%)
     4,793,650,806      r8b0                                                          (6.25%)
    17,307,257,045      r80b0                                                         (7.50%)
        25,318,928      r2b0                                                          (8.75%)
       999,812,952      r1b0                                                          (10.00%)
     2,695,014,707      r4b0                                                          (10.00%)
    80,276,065,732      r1b2                                                          (10.00%)
 1,184,177,818,343      r860                                                          (10.00%)
   140,032,402,982      r1000860                                                      (10.00%)
       570,037,794      r1000260                                                      (10.00%)
    79,870,265,307      r1000160                                                      (10.00%)
   136,117,757,191      r1000460                                                      (10.00%)
     1,769,308,190      r260                                                          (10.00%)
   155,129,427,587      r160                                                          (10.00%)
       444,272,166      r6000160                                                      (10.00%)
   623,439,632,804      r460                                                          (10.00%)
                 0      r1b7                                                          (10.00%)
                 0      r1b7                                                          (10.00%)
                 0      r1b7                                                          (10.00%)
                 0      r1b7                                                          (10.00%)
                 0      r1b7                                                          (10.00%)
                 0      r1b7                                                          (10.00%)
                 0      r1b7                                                          (10.00%)
                 0      r1b7                                                          (10.00%)
                 0      r1b7                                                          (10.00%)
                 0      r1b7                                                          (10.00%)
                 0      r1b7                                                          (10.00%)
                 0      r1b7                                                          (10.00%)
                 0      r1b7                                                          (10.00%)

      69.917555126 seconds time elapsed

