# started on Mon Feb  5 06:07:21 2024


 Performance counter stats for 'system wide':

        47,267,171      r2ab                                                          (19.51%)
                 0      r1c6                                                          (19.51%)
                 0      r1c6                                                          (19.51%)
                 0      r1c6                                                          (19.52%)
                 0      r1c6                                                          (19.52%)
                 0      r1c6                                                          (9.76%)
                 0      r1c6                                                          (9.76%)
                 0      r1c6                                                          (9.76%)
                 0      r1c6                                                          (9.76%)
                 0      r1c6                                                          (9.76%)
                 0      r1c6                                                          (9.76%)
                 0      r1c6                                                          (9.76%)
                 0      r1c6                                                          (9.76%)
                 0      r1c6                                                          (9.76%)
                 0      r1c6                                                          (9.76%)
                 0      r1c6                                                          (9.76%)
                 0      r1c6                                                          (9.76%)
                 0      r1c6                                                          (9.76%)
       358,284,832      r480                                                          (12.19%)
    42,013,560,745      r183                                                          (14.63%)
       134,668,592      r283                                                          (17.07%)
        85,774,642      r483                                                          (19.51%)
    28,028,714,338      r4001879                                                      (19.51%)
    56,011,427,081      r1001879                                                      (19.51%)
       598,163,754      r4002479                                                      (19.51%)
     1,729,255,141      r1002479                                                      (19.51%)
    55,705,761,162      r1000879                                                      (19.51%)
   171,583,557,333      r879                                                          (19.51%)
     1,107,181,842      r1000479                                                      (19.51%)
     2,952,903,622      r479                                                          (19.51%)
       929,897,082      r1003079                                                      (19.51%)
       312,149,951      r1001079                                                      (19.51%)
     1,568,865,814      r2079                                                         (19.51%)
       278,238,334      r1043079                                                      (19.51%)
     2,583,401,673      r3079                                                         (19.51%)
    28,470,653,745      r19c                                                          (19.51%)
       992,595,186      r400019c                                                      (19.51%)
   156,556,130,902      r180019c                                                      (19.51%)
     4,993,296,894      r300019c                                                      (19.51%)
    10,544,885,513      r200019c                                                      (19.51%)
    12,183,397,375      r100019c                                                      (19.51%)

      69.792680835 seconds time elapsed

