# started on Mon Feb  5 09:35:10 2024


 Performance counter stats for 'system wide':

        36,048,517      r1000114                                                      (10.53%)
         4,653,385      r1e6                                                          (10.53%)
    28,045,626,085      rc4                                                           (10.53%)
   <not supported>      r4c4:p                                                      
    27,696,098,369      r1c4                                                          (10.53%)
         1,199,502      r40c4                                                         (10.53%)
       155,106,095      r2c4                                                          (10.53%)
       155,706,086      r8c4                                                          (10.53%)
    27,776,183,912      r20c4                                                         (10.53%)
       259,551,722      r10c4                                                         (10.53%)
        12,315,578      rc5                                                           (10.53%)
   <not supported>      r4c5:p                                                      
         2,571,725      r1c5                                                          (10.53%)
            15,038      r2c5                                                          (10.53%)
        11,739,103      r20c5                                                         (10.53%)
     1,842,257,695      r23c                                                          (10.53%)
     1,842,273,885      r13c                                                          (10.53%)
     1,842,315,402      r20013c                                                       (10.53%)
     1,842,158,888      r23c                                                          (10.53%)
   154,700,677,121      r300                                                          (11.85%)
     1,843,430,347      r13c                                                          (11.85%)
     1,844,735,392      r20013c                                                       (11.85%)
           496,769      r104003c                                                      (11.85%)
   168,373,313,935      r3c                                                           (13.17%)
   168,429,868,313      r20003c                                                       (13.17%)
   168,525,413,551      r3c                                                           (13.17%)
   168,528,889,891      r20003c                                                       (13.17%)
   139,686,853,982      r80008a3                                                      (13.17%)
    72,796,770,900      r10001a3                                                      (13.17%)
   157,159,307,985      r100010a3                                                     (11.85%)
    84,162,218,833      rc000ca3                                                      (11.85%)
    52,351,068,210      r50005a3                                                      (11.85%)
    86,891,219,534      r140014a3                                                     (11.85%)
    94,302,495,467      r40004a3                                                      (11.85%)
    13,912,261,757      r2a6                                                          (11.84%)
    14,406,653,368      r4a6                                                          (10.53%)
    21,778,955,537      r8a6                                                          (10.53%)
    14,271,083,006      r10a6                                                         (10.52%)
     6,687,861,725      r40a6                                                         (10.52%)
       642,647,867      r1a6                                                          (10.52%)
           471,954      r187                                                          (10.52%)
   193,755,599,271      rc0                                                           (11.84%)
   193,669,518,019      rc0                                                           (11.84%)
   <not supported>      r1c0:p                                                      
   <not supported>      ra8001c0:p                                                  
       231,591,323      r800d                                                         (11.84%)
       170,572,498      r10d                                                          (11.84%)
       170,514,312      r20010d                                                       (11.84%)
               836      r803                                                          (11.84%)
         7,497,318      r203                                                          (11.84%)
       398,717,574      r107                                                          (11.84%)
            48,165      r14c                                                          (11.84%)
                 0      r40001a8                                                      (11.84%)
                 0      r10001a8                                                      (10.52%)
                 0      r1a8                                                          (10.52%)
         2,919,942      r10401c3                                                      (10.52%)
           694,456      r4c3                                                          (10.52%)
            40,253      r3fc1                                                         (10.52%)
   112,730,642,709      r1a2                                                          (10.52%)
     8,675,879,919      r8a2                                                          (10.52%)
                 0      r20cc                                                         (10.52%)
     6,148,490,471      r15e                                                          (10.52%)
       316,112,499      r184015e                                                      (10.52%)
    24,961,370,026      r1a1                                                          (10.52%)
    30,611,922,199      r2a1                                                          (10.52%)
    40,374,843,851      r4a1                                                          (10.52%)
    35,688,524,791      r8a1                                                          (10.52%)
    35,244,811,820      r10a1                                                         (10.52%)
    35,152,570,329      r20a1                                                         (10.52%)
    38,850,037,975      r40a1                                                         (10.52%)
       701,875,919      r80a1                                                         (10.52%)
   218,419,124,436      r2b1                                                          (10.52%)
    74,642,864,840      r10002b1                                                      (10.52%)
    60,730,946,863      r20002b1                                                      (10.52%)
    46,317,300,585      r30002b1                                                      (10.52%)
    24,511,523,867      r40002b1                                                      (10.52%)
    94,214,472,096      r18002b1                                                      (10.52%)
    74,588,059,361      r10001b1                                                      (10.52%)
    60,671,918,294      r20001b1                                                      (10.52%)
    46,261,552,239      r30001b1                                                      (10.52%)

      69.875855892 seconds time elapsed

