# started on Tue Feb  6 08:41:35 2024


 Performance counter stats for 'system wide':

                 0      r1b7                                                          (11.59%)
                 0      r1b7                                                          (11.59%)
                 0      r1b7                                                          (11.59%)
                 0      r1b7                                                          (11.59%)
                 0      r1b7                                                          (11.59%)
            48,650      r3fc1                                                         (11.59%)
     6,876,450,829      r159                                                          (11.59%)
   113,473,777,661      r1a2                                                          (11.60%)
    15,809,891,448      r8a2                                                          (11.60%)
                 0      r20cc                                                         (11.60%)
                 0      r40cc                                                         (11.60%)
    13,634,977,245      r15e                                                          (11.60%)
       699,769,988      r184015e                                                      (11.60%)
                 0      r4c9                                                          (11.60%)
                 0      r80c9                                                         (11.60%)
                 0      r8c9                                                          (11.60%)
                 0      r40c9                                                         (11.60%)
                 0      r10c9                                                         (11.60%)
                 0      r20c9                                                         (11.60%)
                 0      r2c9                                                          (11.60%)
                 0      r1c9                                                          (11.60%)
                 0      r10f4                                                         (11.60%)
                17      r132                                                          (11.60%)
            59,833      r832                                                          (11.60%)
            12,736      r232                                                          (11.60%)
                 0      r432                                                          (11.60%)
           222,346      r1bd                                                          (11.60%)
            38,241      r20bd                                                         (11.60%)
                 0      r15d                                                          (11.60%)
                 0      r25d                                                          (11.60%)
                 0      r45d                                                          (11.60%)
                 0      r85d                                                          (11.60%)
                 0      r105d                                                         (11.60%)
                 0      r254                                                          (11.60%)
                 0      r154                                                          (11.60%)
                 0      r1054                                                         (11.60%)
                 0      r854                                                          (11.60%)
                 0      r2054                                                         (11.60%)
                 0      r454                                                          (11.60%)
                 0      r4054                                                         (11.60%)
    33,128,977,107      r1a1                                                          (11.60%)
    38,260,502,883      r2a1                                                          (11.60%)
    39,999,041,825      r4a1                                                          (11.60%)
    36,138,245,688      r8a1                                                          (11.60%)
    37,908,715,942      r10a1                                                         (11.60%)
    35,430,009,884      r20a1                                                         (11.60%)
    41,486,220,849      r40a1                                                         (11.60%)
     1,660,132,300      r80a1                                                         (11.60%)
   224,344,772,809      r2b1                                                          (11.60%)
    82,441,901,086      r10002b1                                                      (11.60%)
    65,703,049,362      r20002b1                                                      (11.60%)
    46,173,612,306      r30002b1                                                      (11.60%)
    21,842,001,326      r40002b1                                                      (11.60%)
    98,545,305,173      r18002b1                                                      (11.60%)
    82,495,842,914      r10001b1                                                      (11.60%)
    65,729,387,547      r20001b1                                                      (11.60%)
    46,175,849,646      r30001b1                                                      (11.60%)
    21,832,397,909      r40001b1                                                      (11.60%)
    98,508,122,621      r18001b1                                                      (11.60%)
   224,314,087,538      r1b1                                                          (11.60%)
         5,194,124      r10b1                                                         (11.60%)
   176,799,795,784      r10e                                                          (11.60%)
        51,300,912      r200e                                                         (11.60%)
   130,861,807,947      r180010e                                                      (11.60%)
                 0      r20e                                                          (11.60%)
    27,666,080,371      r4c2                                                          (11.59%)
   174,019,313,258      r2c2                                                          (11.59%)
   129,244,959,052      r18002c2                                                      (11.59%)
   180,729,094,407      r108002c2                                                     (11.59%)
   135,784,190,706      unc_c_clockticks_0                                            (36.37%)
   135,820,135,531      unc_c_clockticks_1                                            (36.35%)
   135,856,431,765      unc_c_clockticks_2                                            (36.33%)
   135,862,049,193      unc_c_clockticks_3                                            (36.31%)
   135,865,927,147      unc_c_clockticks_4                                            (36.29%)
   135,878,790,325      unc_c_clockticks_5                                            (36.27%)
   135,864,755,783      unc_c_clockticks_6                                            (36.25%)
   135,839,443,495      unc_c_clockticks_7                                            (36.23%)
            20,705      unc_c_fast_asserted_0                                         (36.37%)
             4,762      unc_c_fast_asserted_1                                         (36.37%)
            14,518      unc_c_fast_asserted_2                                         (36.38%)
            11,879      unc_c_fast_asserted_3                                         (36.38%)
            22,990      unc_c_fast_asserted_4                                         (36.38%)
             5,141      unc_c_fast_asserted_5                                         (36.38%)
         3,628,734      unc_c_fast_asserted_6                                         (36.38%)
         3,327,683      unc_c_fast_asserted_7                                         (36.38%)
                 0      unc_c_llc_lookup_data_read_0                                     (36.37%)
                 0      unc_c_llc_lookup_data_read_1                                     (36.35%)
                 0      unc_c_llc_lookup_data_read_2                                     (36.34%)
                 0      unc_c_llc_lookup_data_read_3                                     (36.32%)
                 0      unc_c_llc_lookup_data_read_4                                     (36.30%)
                 0      unc_c_llc_lookup_data_read_5                                     (36.28%)
                11      unc_c_llc_lookup_data_read_6                                     (36.26%)
                 0      unc_c_llc_lookup_data_read_7                                     (36.24%)
                 0      unc_c_llc_lookup_remote_snoop_0                                     (36.37%)
                 0      unc_c_llc_lookup_remote_snoop_1                                     (36.33%)
                 0      unc_c_llc_lookup_remote_snoop_2                                     (36.29%)
                 0      unc_c_llc_lookup_remote_snoop_3                                     (36.26%)
                 0      unc_c_llc_lookup_remote_snoop_4                                     (36.22%)
                 0      unc_c_llc_lookup_remote_snoop_5                                     (36.18%)
                 0      unc_c_llc_lookup_remote_snoop_6                                     (36.14%)
                 0      unc_c_llc_lookup_remote_snoop_7                                     (36.11%)
        12,082,494      unc_c_llc_victims_e_state_0                                     (36.37%)
        12,122,974      unc_c_llc_victims_e_state_1                                     (36.34%)
        12,080,370      unc_c_llc_victims_e_state_2                                     (36.32%)
        12,088,701      unc_c_llc_victims_e_state_3                                     (36.30%)
        12,061,793      unc_c_llc_victims_e_state_4                                     (36.28%)
        12,238,553      unc_c_llc_victims_e_state_5                                     (36.26%)
        12,032,234      unc_c_llc_victims_e_state_6                                     (36.24%)
        12,090,437      unc_c_llc_victims_e_state_7                                     (36.22%)
                30      unc_c_llc_victims_f_state_0                                     (36.36%)
                30      unc_c_llc_victims_f_state_1                                     (36.35%)
                22      unc_c_llc_victims_f_state_2                                     (36.35%)
                30      unc_c_llc_victims_f_state_3                                     (36.35%)
                22      unc_c_llc_victims_f_state_4                                     (36.34%)
                30      unc_c_llc_victims_f_state_5                                     (36.34%)
                14      unc_c_llc_victims_f_state_6                                     (36.34%)
                 6      unc_c_llc_victims_f_state_7                                     (36.33%)
        98,856,180      unc_c_llc_victims_m_state_0                                     (36.36%)
        99,052,481      unc_c_llc_victims_m_state_1                                     (36.40%)
        98,908,141      unc_c_llc_victims_m_state_2                                     (36.43%)
        98,978,201      unc_c_llc_victims_m_state_3                                     (36.47%)
        99,048,618      unc_c_llc_victims_m_state_4                                     (36.50%)
        99,125,755      unc_c_llc_victims_m_state_5                                     (36.54%)
        99,022,002      unc_c_llc_victims_m_state_6                                     (36.58%)
        99,026,081      unc_c_llc_victims_m_state_7                                     (36.61%)
           297,499      unc_c_llc_victims_s_state_0                                     (36.36%)
           296,308      unc_c_llc_victims_s_state_1                                     (36.42%)
           314,781      unc_c_llc_victims_s_state_2                                     (36.48%)
           314,839      unc_c_llc_victims_s_state_3                                     (36.54%)
           288,725      unc_c_llc_victims_s_state_4                                     (36.60%)
           287,970      unc_c_llc_victims_s_state_5                                     (36.66%)
           320,091      unc_c_llc_victims_s_state_6                                     (36.72%)
           283,880      unc_c_llc_victims_s_state_7                                     (36.77%)
                 0      unc_c_tor_inserts_irq_0                                       (36.36%)
                 0      unc_c_tor_inserts_irq_1                                       (36.39%)
                 0      unc_c_tor_inserts_irq_2                                       (36.41%)
                 3      unc_c_tor_inserts_irq_3                                       (36.43%)
                 0      unc_c_tor_inserts_irq_4                                       (36.45%)
                 0      unc_c_tor_inserts_irq_5                                       (36.47%)
                 0      unc_c_tor_inserts_irq_6                                       (36.49%)
                 0      unc_c_tor_inserts_irq_7                                       (36.51%)
                 0      unc_c_tor_inserts_irq_hit_0                                     (36.36%)
                 0      unc_c_tor_inserts_irq_hit_1                                     (36.37%)
                 0      unc_c_tor_inserts_irq_hit_2                                     (36.37%)
                 0      unc_c_tor_inserts_irq_hit_3                                     (36.37%)
                 0      unc_c_tor_inserts_irq_hit_4                                     (36.37%)
                 0      unc_c_tor_inserts_irq_hit_5                                     (36.37%)
                 0      unc_c_tor_inserts_irq_hit_6                                     (36.38%)
                 0      unc_c_tor_inserts_irq_hit_7                                     (36.38%)
                 0      unc_c_tor_inserts_irq_miss_0                                     (36.36%)
                 0      unc_c_tor_inserts_irq_miss_1                                     (36.34%)
                 0      unc_c_tor_inserts_irq_miss_2                                     (36.33%)
                 0      unc_c_tor_inserts_irq_miss_3                                     (36.31%)
                 0      unc_c_tor_inserts_irq_miss_4                                     (36.29%)
                 0      unc_c_tor_inserts_irq_miss_5                                     (36.27%)
                 0      unc_c_tor_inserts_irq_miss_6                                     (36.25%)
                 0      unc_c_tor_inserts_irq_miss_7                                     (36.23%)

      69.964127920 seconds time elapsed

