# started on Mon Feb  5 06:19:09 2024


 Performance counter stats for 'system wide':

        48,074,164      r2ab                                                          (19.51%)
                 0      r1c6                                                          (19.51%)
                 0      r1c6                                                          (19.52%)
                 0      r1c6                                                          (19.52%)
                 0      r1c6                                                          (19.52%)
                 0      r1c6                                                          (9.76%)
                 0      r1c6                                                          (9.76%)
                 0      r1c6                                                          (9.76%)
                 0      r1c6                                                          (9.76%)
                 0      r1c6                                                          (9.76%)
                 0      r1c6                                                          (9.76%)
                 0      r1c6                                                          (9.76%)
                 0      r1c6                                                          (9.76%)
                 0      r1c6                                                          (9.76%)
                 0      r1c6                                                          (9.76%)
                 0      r1c6                                                          (9.76%)
                 0      r1c6                                                          (9.76%)
                 0      r1c6                                                          (9.76%)
       334,230,972      r480                                                          (12.19%)
    41,388,300,010      r183                                                          (14.63%)
       131,276,423      r283                                                          (17.07%)
        79,893,095      r483                                                          (19.51%)
    27,499,080,159      r4001879                                                      (19.51%)
    54,975,752,993      r1001879                                                      (19.51%)
       588,589,267      r4002479                                                      (19.51%)
     1,700,187,353      r1002479                                                      (19.51%)
    54,684,555,984      r1000879                                                      (19.51%)
   166,803,970,836      r879                                                          (19.51%)
     1,090,207,108      r1000479                                                      (19.51%)
     2,916,090,419      r479                                                          (19.51%)
       913,696,717      r1003079                                                      (19.51%)
       300,173,036      r1001079                                                      (19.51%)
     1,557,578,299      r2079                                                         (19.51%)
       270,954,496      r1043079                                                      (19.51%)
     2,536,405,926      r3079                                                         (19.51%)
    28,097,404,713      r19c                                                          (19.51%)
       961,204,090      r400019c                                                      (19.51%)
   157,003,151,279      r180019c                                                      (19.51%)
     4,915,212,930      r300019c                                                      (19.51%)
    10,381,368,495      r200019c                                                      (19.51%)
    11,763,026,658      r100019c                                                      (19.51%)

      69.828184898 seconds time elapsed

