# started on Tue Feb  6 09:04:01 2024


 Performance counter stats for 'system wide':

                 0      r1b7                                                          (11.59%)
                 0      r1b7                                                          (11.59%)
                 0      r1b7                                                          (11.60%)
                 0      r1b7                                                          (11.60%)
                 0      r1b7                                                          (11.60%)
            50,032      r3fc1                                                         (11.60%)
     6,856,139,348      r159                                                          (11.60%)
   113,299,025,460      r1a2                                                          (11.60%)
    10,543,495,665      r8a2                                                          (11.60%)
                 0      r20cc                                                         (11.60%)
                 0      r40cc                                                         (11.60%)
    10,494,184,837      r15e                                                          (11.60%)
       611,376,563      r184015e                                                      (11.60%)
                 0      r4c9                                                          (11.60%)
                 0      r80c9                                                         (11.60%)
                 0      r8c9                                                          (11.60%)
                 0      r40c9                                                         (11.60%)
                 0      r10c9                                                         (11.60%)
                 0      r20c9                                                         (11.60%)
                 0      r2c9                                                          (11.60%)
                 0      r1c9                                                          (11.60%)
                 0      r10f4                                                         (11.60%)
                 0      r132                                                          (11.60%)
            61,411      r832                                                          (11.60%)
            24,590      r232                                                          (11.60%)
                 0      r432                                                          (11.60%)
           245,898      r1bd                                                          (11.60%)
            29,304      r20bd                                                         (11.60%)
                 9      r15d                                                          (11.60%)
                 0      r25d                                                          (11.60%)
                 0      r45d                                                          (11.60%)
                 0      r85d                                                          (11.59%)
                 0      r105d                                                         (11.59%)
                 0      r254                                                          (11.59%)
                 0      r154                                                          (11.59%)
                 0      r1054                                                         (11.59%)
                 0      r854                                                          (11.59%)
                 0      r2054                                                         (11.59%)
                 0      r454                                                          (11.59%)
                 0      r4054                                                         (11.59%)
    26,162,696,318      r1a1                                                          (11.59%)
    31,476,524,151      r2a1                                                          (11.59%)
    41,084,794,514      r4a1                                                          (11.59%)
    36,512,366,755      r8a1                                                          (11.59%)
    35,961,820,891      r10a1                                                         (11.59%)
    35,870,475,767      r20a1                                                         (11.59%)
    41,266,170,335      r40a1                                                         (11.59%)
     1,339,761,114      r80a1                                                         (11.59%)
   225,427,413,169      r2b1                                                          (11.59%)
    78,258,740,740      r10002b1                                                      (11.59%)
    62,901,088,307      r20002b1                                                      (11.59%)
    47,355,221,086      r30002b1                                                      (11.59%)
    24,603,319,105      r40002b1                                                      (11.59%)
   102,278,921,380      r18002b1                                                      (11.59%)
    78,176,509,417      r10001b1                                                      (11.59%)
    62,887,846,733      r20001b1                                                      (11.59%)
    47,390,302,136      r30001b1                                                      (11.59%)
    24,643,328,001      r40001b1                                                      (11.59%)
   102,292,921,241      r18001b1                                                      (11.59%)
   225,394,275,751      r1b1                                                          (11.59%)
         5,067,741      r10b1                                                         (11.59%)
   177,669,173,662      r10e                                                          (11.59%)
        48,724,759      r200e                                                         (11.59%)
   128,620,009,675      r180010e                                                      (11.59%)
                 0      r20e                                                          (11.59%)
    27,913,774,453      r4c2                                                          (11.59%)
   174,806,066,257      r2c2                                                          (11.59%)
   132,017,899,041      r18002c2                                                      (11.59%)
   180,280,795,686      r108002c2                                                     (11.59%)
   135,534,328,743      unc_c_clockticks_0                                            (36.37%)
   135,573,291,994      unc_c_clockticks_1                                            (36.35%)
   135,601,644,655      unc_c_clockticks_2                                            (36.33%)
   135,604,712,437      unc_c_clockticks_3                                            (36.31%)
   135,611,350,675      unc_c_clockticks_4                                            (36.29%)
   135,623,704,049      unc_c_clockticks_5                                            (36.27%)
   135,607,959,551      unc_c_clockticks_6                                            (36.25%)
   135,588,007,936      unc_c_clockticks_7                                            (36.23%)
            22,215      unc_c_fast_asserted_0                                         (36.37%)
            15,605      unc_c_fast_asserted_1                                         (36.37%)
             9,119      unc_c_fast_asserted_2                                         (36.37%)
            21,380      unc_c_fast_asserted_3                                         (36.38%)
             8,572      unc_c_fast_asserted_4                                         (36.38%)
             9,512      unc_c_fast_asserted_5                                         (36.38%)
         1,290,317      unc_c_fast_asserted_6                                         (36.38%)
         1,694,050      unc_c_fast_asserted_7                                         (36.38%)
                 0      unc_c_llc_lookup_data_read_0                                     (36.37%)
                 0      unc_c_llc_lookup_data_read_1                                     (36.36%)
                 0      unc_c_llc_lookup_data_read_2                                     (36.34%)
                 0      unc_c_llc_lookup_data_read_3                                     (36.32%)
                 0      unc_c_llc_lookup_data_read_4                                     (36.30%)
                 0      unc_c_llc_lookup_data_read_5                                     (36.28%)
                 0      unc_c_llc_lookup_data_read_6                                     (36.26%)
                 0      unc_c_llc_lookup_data_read_7                                     (36.25%)
                 0      unc_c_llc_lookup_remote_snoop_0                                     (36.37%)
                 0      unc_c_llc_lookup_remote_snoop_1                                     (36.34%)
                 0      unc_c_llc_lookup_remote_snoop_2                                     (36.30%)
                 0      unc_c_llc_lookup_remote_snoop_3                                     (36.26%)
                 0      unc_c_llc_lookup_remote_snoop_4                                     (36.22%)
                 0      unc_c_llc_lookup_remote_snoop_5                                     (36.18%)
                 0      unc_c_llc_lookup_remote_snoop_6                                     (36.15%)
                 0      unc_c_llc_lookup_remote_snoop_7                                     (36.11%)
        12,912,411      unc_c_llc_victims_e_state_0                                     (36.36%)
        12,849,385      unc_c_llc_victims_e_state_1                                     (36.34%)
        12,720,140      unc_c_llc_victims_e_state_2                                     (36.32%)
        12,693,586      unc_c_llc_victims_e_state_3                                     (36.30%)
        12,987,722      unc_c_llc_victims_e_state_4                                     (36.28%)
        12,929,558      unc_c_llc_victims_e_state_5                                     (36.26%)
        12,976,151      unc_c_llc_victims_e_state_6                                     (36.24%)
        13,013,344      unc_c_llc_victims_e_state_7                                     (36.22%)
                77      unc_c_llc_victims_f_state_0                                     (36.36%)
                19      unc_c_llc_victims_f_state_1                                     (36.36%)
                14      unc_c_llc_victims_f_state_2                                     (36.36%)
                22      unc_c_llc_victims_f_state_3                                     (36.35%)
                17      unc_c_llc_victims_f_state_4                                     (36.35%)
                36      unc_c_llc_victims_f_state_5                                     (36.35%)
                14      unc_c_llc_victims_f_state_6                                     (36.34%)
                17      unc_c_llc_victims_f_state_7                                     (36.34%)
        54,804,815      unc_c_llc_victims_m_state_0                                     (36.36%)
        54,740,537      unc_c_llc_victims_m_state_1                                     (36.40%)
        54,735,908      unc_c_llc_victims_m_state_2                                     (36.43%)
        54,667,155      unc_c_llc_victims_m_state_3                                     (36.47%)
        54,974,530      unc_c_llc_victims_m_state_4                                     (36.51%)
        54,881,345      unc_c_llc_victims_m_state_5                                     (36.54%)
        54,936,171      unc_c_llc_victims_m_state_6                                     (36.58%)
        54,927,436      unc_c_llc_victims_m_state_7                                     (36.61%)
           225,230      unc_c_llc_victims_s_state_0                                     (36.36%)
           229,298      unc_c_llc_victims_s_state_1                                     (36.42%)
           235,779      unc_c_llc_victims_s_state_2                                     (36.48%)
           244,457      unc_c_llc_victims_s_state_3                                     (36.54%)
           221,732      unc_c_llc_victims_s_state_4                                     (36.60%)
           231,693      unc_c_llc_victims_s_state_5                                     (36.66%)
           244,023      unc_c_llc_victims_s_state_6                                     (36.71%)
           226,788      unc_c_llc_victims_s_state_7                                     (36.77%)
                 0      unc_c_tor_inserts_irq_0                                       (36.36%)
                 0      unc_c_tor_inserts_irq_1                                       (36.38%)
                 0      unc_c_tor_inserts_irq_2                                       (36.41%)
                 0      unc_c_tor_inserts_irq_3                                       (36.43%)
                 0      unc_c_tor_inserts_irq_4                                       (36.45%)
                 0      unc_c_tor_inserts_irq_5                                       (36.47%)
                 0      unc_c_tor_inserts_irq_6                                       (36.49%)
                 0      unc_c_tor_inserts_irq_7                                       (36.51%)
                 0      unc_c_tor_inserts_irq_hit_0                                     (36.36%)
                 0      unc_c_tor_inserts_irq_hit_1                                     (36.36%)
                 0      unc_c_tor_inserts_irq_hit_2                                     (36.37%)
                 0      unc_c_tor_inserts_irq_hit_3                                     (36.37%)
                 0      unc_c_tor_inserts_irq_hit_4                                     (36.37%)
                 0      unc_c_tor_inserts_irq_hit_5                                     (36.37%)
                 0      unc_c_tor_inserts_irq_hit_6                                     (36.37%)
                 0      unc_c_tor_inserts_irq_hit_7                                     (36.37%)
                 0      unc_c_tor_inserts_irq_miss_0                                     (36.36%)
                 0      unc_c_tor_inserts_irq_miss_1                                     (36.34%)
                 0      unc_c_tor_inserts_irq_miss_2                                     (36.32%)
                 0      unc_c_tor_inserts_irq_miss_3                                     (36.30%)
                 0      unc_c_tor_inserts_irq_miss_4                                     (36.29%)
                 0      unc_c_tor_inserts_irq_miss_5                                     (36.27%)
                 0      unc_c_tor_inserts_irq_miss_6                                     (36.25%)
                 0      unc_c_tor_inserts_irq_miss_7                                     (36.23%)

      69.859185684 seconds time elapsed

