# started on Mon Feb  5 02:19:28 2024


 Performance counter stats for 'system wide':

    29,987,727,092        branch-instructions       #   53.654 M/sec                    (18.87%)
        18,760,902        branch-misses             #    0.06% of all branches          (16.99%)
     1,868,095,410        bus-cycles                #    3.342 M/sec                    (16.99%)
     8,321,929,392        cache-misses              #   96.343 % of all cache refs      (16.99%)
     8,635,414,457        cache-references          #   15.450 M/sec                    (16.99%)
   169,318,915,998        cpu-cycles                #    0.303 GHz                      (16.99%)
   202,994,459,060        instructions              #    1.20  insn per cycle           (18.88%)
   156,889,300,947        ref-cycles                #  280.706 M/sec                    (20.77%)
                 0        alignment-faults          #    0.000 K/sec                  
                 0        bpf-output                #    0.000 K/sec                  
            20,809        context-switches          #    0.037 K/sec                  
        558,914.31 msec   cpu-clock                 #    7.999 CPUs utilized          
               214        cpu-migrations            #    0.000 K/sec                  
                 0        dummy                     #    0.000 K/sec                  
                 0        emulation-faults          #    0.000 K/sec                  
                 6        major-faults              #    0.000 K/sec                  
            18,649        minor-faults              #    0.033 K/sec                  
            18,627        page-faults               #    0.033 K/sec                  
        558,905.10 msec   task-clock                #    7.999 CPUs utilized          
     8,970,214,914        L1-dcache-load-misses     #   18.20% of all L1-dcache hits    (20.76%)
    49,298,424,610        L1-dcache-loads           #   88.205 M/sec                    (20.76%)
    29,805,225,700        L1-dcache-stores          #   53.327 M/sec                    (20.77%)
       165,652,428        L1-icache-load-misses                                         (20.77%)
       413,686,745        LLC-load-misses           #   95.43% of all LL-cache hits     (20.77%)
       433,477,964        LLC-loads                 #    0.776 M/sec                    (20.76%)
     1,449,582,891        LLC-store-misses          #    2.594 M/sec                    (3.77%)
     1,454,961,608        LLC-stores                #    2.603 M/sec                    (3.77%)
        18,016,248        branch-load-misses        #    0.032 M/sec                    (5.66%)
    30,021,048,024        branch-loads              #   53.714 M/sec                    (7.55%)
           252,617        dTLB-load-misses          #    0.00% of all dTLB cache hits   (9.43%)
    49,334,379,858        dTLB-loads                #   88.269 M/sec                    (11.32%)
           352,692        dTLB-store-misses         #    0.631 K/sec                    (13.21%)
    29,785,462,114        dTLB-stores               #   53.292 M/sec                    (15.09%)
           132,406        iTLB-load-misses          #    3.47% of all iTLB cache hits   (15.09%)
         3,810,609        iTLB-loads                #    0.007 M/sec                    (15.09%)
                 0        node-load-misses          #    0.000 K/sec                    (15.09%)
       413,958,286        node-loads                #    0.741 M/sec                    (15.09%)
                 0        node-store-misses         #    0.000 K/sec                    (3.77%)
     1,448,133,411        node-stores               #    2.591 M/sec                    (3.77%)
    29,934,500,317        branch-instructions       #   53.559 M/sec                    (5.66%)
        17,688,905        branch-misses             #    0.06% of all branches          (7.55%)
     1,864,889,035        bus-cycles                #    3.337 M/sec                    (9.43%)
     8,320,097,920        cache-misses              #   96.322 % of all cache refs      (11.32%)
     8,640,179,044        cache-references          #   15.459 M/sec                    (13.21%)
   169,231,004,727        cpu-cycles                #    0.303 GHz                      (15.09%)
                 0        cstate_core/c3-residency/ #    0.000 K/sec                  
                 0        cstate_core/c6-residency/ #    0.000 K/sec                  
                 0        cstate_core/c7-residency/ #    0.000 K/sec                  
                 0        cstate_pkg/c2-residency/  #    0.000 K/sec                  
                 0        cstate_pkg/c3-residency/  #    0.000 K/sec                  
                 0        cstate_pkg/c6-residency/  #    0.000 K/sec                  
                 0        cstate_pkg/c7-residency/  #    0.000 K/sec                  
                 0        cycles-ct                 #    0.000 K/sec                    (16.98%)
                 0        cycles-t                  #    0.000 K/sec                    (16.98%)
                 0        el-abort                  #    0.000 K/sec                    (16.98%)
                 0        el-capacity               #    0.000 K/sec                    (16.98%)
                 0        el-commit                 #    0.000 K/sec                    (16.98%)
                 0        el-conflict               #    0.000 K/sec                    (16.98%)
                 0        el-start                  #    0.000 K/sec                    (16.98%)
   202,674,711,636        instructions              #    1.20  insn per cycle           (18.87%)
     <not counted>        intel_pt//                                                    (0.00%)
                 0        mem-loads                 #    0.000 K/sec                    (18.87%)
    29,790,511,140        mem-stores                #   53.301 M/sec                    (16.98%)
   182,342,291,173        msr/aperf/                #  326.246 M/sec                  
               262 C      msr/cpu_thermal_margin/   #    0.000 K/sec                  
   186,266,754,097        msr/mperf/                #  333.268 M/sec                  
   182,337,207,296        msr/pperf/                #  326.237 M/sec                  
                 0        msr/smi/                  #    0.000 K/sec                  
 1,170,734,575,696        msr/tsc/                  # 2094.676 M/sec                  
          2,392.09 Joules power/energy-pkg/         #    0.004 K/sec                  
            597.57 Joules power/energy-ram/         #    0.001 K/sec                  
   156,984,237,938        ref-cycles                #  280.876 M/sec                    (18.87%)
    34,201,412,994        topdown-fetch-bubbles     #      5.0% frontend bound          (18.87%)
       835,107,312        topdown-recovery-bubbles  #      0.2% bad speculation         (18.87%)
   178,681,317,975        topdown-slots-issued      #     68.5% backend bound           (18.87%)
   178,045,680,418        topdown-slots-retired     #     26.3% retiring                (18.87%)
   678,110,066,616        topdown-total-slots       # 1213.273 M/sec                    (20.76%)
                 0        tx-abort                  #    0.000 K/sec                    (20.76%)
                 0        tx-capacity               #    0.000 K/sec                    (20.76%)
                 0        tx-commit                 #    0.000 K/sec                    (18.87%)

      69.873237016 seconds time elapsed

