# started on Tue Feb  6 10:25:30 2024


 Performance counter stats for 'system wide':

                 0      unc_h_dir_update_ha_0                                         (23.55%)
             7,281      unc_h_dir_update_ha_1                                         (23.54%)
             2,319      unc_h_dir_update_ha_2                                         (23.54%)
             7,013      unc_h_dir_update_ha_3                                         (23.54%)
             2,511      unc_h_dir_update_ha_4                                         (23.54%)
             7,605      unc_h_dir_update_ha_5                                         (23.54%)
             2,515      unc_h_dir_update_ha_6                                         (23.54%)
             2,252      unc_h_dir_update_ha_7                                         (23.53%)
                 0      unc_h_dir_update_tor_0                                        (23.54%)
             7,577      unc_h_dir_update_tor_1                                        (23.53%)
             2,516      unc_h_dir_update_tor_2                                        (23.53%)
                 0      unc_h_dir_update_tor_3                                        (23.54%)
             2,469      unc_h_dir_update_tor_4                                        (23.53%)
             7,611      unc_h_dir_update_tor_5                                        (23.53%)
             2,686      unc_h_dir_update_tor_6                                        (23.53%)
             2,431      unc_h_dir_update_tor_7                                        (23.53%)
             7,093      unc_h_hitme_hit_ex_rds_0                                      (23.53%)
             2,626      unc_h_hitme_hit_ex_rds_1                                      (23.53%)
                 0      unc_h_hitme_hit_ex_rds_2                                      (23.53%)
             6,545      unc_h_hitme_hit_ex_rds_3                                      (23.53%)
             1,011      unc_h_hitme_hit_ex_rds_4                                      (23.53%)
             2,762      unc_h_hitme_hit_ex_rds_5                                      (23.53%)
                 0      unc_h_hitme_hit_ex_rds_6                                      (23.53%)
             1,024      unc_h_hitme_hit_ex_rds_7                                      (23.53%)
               888      unc_h_misc_rfo_hit_s_0                                        (23.53%)
                93      unc_h_misc_rfo_hit_s_1                                        (23.53%)
               119      unc_h_misc_rfo_hit_s_2                                        (23.53%)
               931      unc_h_misc_rfo_hit_s_3                                        (23.53%)
             3,751      unc_h_misc_rfo_hit_s_4                                        (23.60%)
                25      unc_h_misc_rfo_hit_s_5                                        (23.59%)
                89      unc_h_misc_rfo_hit_s_6                                        (23.59%)
                93      unc_h_misc_rfo_hit_s_7                                        (23.54%)
        38,135,684      unc_h_requests_invitoe_local_0                                     (23.53%)
        38,078,569      unc_h_requests_invitoe_local_1                                     (23.64%)
        38,100,534      unc_h_requests_invitoe_local_2                                     (23.68%)
        38,053,600      unc_h_requests_invitoe_local_3                                     (23.75%)
        37,950,354      unc_h_requests_invitoe_local_4                                     (23.56%)
        37,911,719      unc_h_requests_invitoe_local_5                                     (23.50%)
        37,941,316      unc_h_requests_invitoe_local_6                                     (23.50%)
        37,775,205      unc_h_requests_invitoe_local_7                                     (23.54%)
             3,022      unc_h_requests_invitoe_remote_0                                     (23.72%)
                 0      unc_h_requests_invitoe_remote_1                                     (23.56%)
                 0      unc_h_requests_invitoe_remote_2                                     (23.56%)
                 0      unc_h_requests_invitoe_remote_3                                     (23.50%)
                 0      unc_h_requests_invitoe_remote_4                                     (23.54%)
                 0      unc_h_requests_invitoe_remote_5                                     (23.54%)
                 0      unc_h_requests_invitoe_remote_6                                     (23.54%)
                 0      unc_h_requests_invitoe_remote_7                                     (23.54%)
     1,021,937,383      unc_h_requests_reads_0                                        (23.35%)
     1,024,895,883      unc_h_requests_reads_1                                        (23.54%)
     1,025,249,845      unc_h_requests_reads_2                                        (23.54%)
     1,025,215,610      unc_h_requests_reads_3                                        (23.54%)
     1,024,771,471      unc_h_requests_reads_4                                        (23.54%)
     1,025,074,584      unc_h_requests_reads_5                                        (23.54%)
     1,025,055,201      unc_h_requests_reads_6                                        (23.54%)
     1,024,911,287      unc_h_requests_reads_7                                        (23.53%)
     1,025,431,538      unc_h_requests_reads_local_0                                     (23.53%)
     1,025,331,826      unc_h_requests_reads_local_1                                     (23.53%)
     1,025,720,077      unc_h_requests_reads_local_2                                     (23.53%)
     1,025,846,747      unc_h_requests_reads_local_3                                     (23.53%)
     1,025,199,229      unc_h_requests_reads_local_4                                     (23.53%)
     1,025,450,749      unc_h_requests_reads_local_5                                     (23.53%)
     1,025,464,283      unc_h_requests_reads_local_6                                     (23.53%)
     1,025,230,775      unc_h_requests_reads_local_7                                     (23.52%)
       457,046,851      unc_h_requests_writes_0                                       (23.52%)
       457,275,070      unc_h_requests_writes_1                                       (23.52%)
       457,190,977      unc_h_requests_writes_2                                       (23.52%)
       457,276,149      unc_h_requests_writes_3                                       (23.52%)
       457,387,117      unc_h_requests_writes_4                                       (23.52%)
       457,198,756      unc_h_requests_writes_5                                       (23.52%)
       457,270,640      unc_h_requests_writes_6                                       (23.52%)
       457,369,900      unc_h_requests_writes_7                                       (23.52%)
       457,156,553      unc_h_requests_writes_local_0                                     (23.52%)
       457,579,863      unc_h_requests_writes_local_1                                     (23.52%)
       457,425,392      unc_h_requests_writes_local_2                                     (23.52%)
       457,496,243      unc_h_requests_writes_local_3                                     (23.59%)
       457,693,240      unc_h_requests_writes_local_4                                     (23.52%)
       457,593,773      unc_h_requests_writes_local_5                                     (23.82%)
       457,679,829      unc_h_requests_writes_local_6                                     (23.88%)
       457,623,098      unc_h_requests_writes_local_7                                     (23.53%)
     2,273,649,906      unc_h_rxc_inserts_irq_0                                       (23.71%)
     2,198,277,017      unc_h_rxc_inserts_irq_1                                       (23.59%)
     2,199,262,794      unc_h_rxc_inserts_irq_2                                       (23.65%)
     2,199,859,234      unc_h_rxc_inserts_irq_3                                       (23.76%)
     2,198,213,733      unc_h_rxc_inserts_irq_4                                       (23.53%)
     2,192,932,707      unc_h_rxc_inserts_irq_5                                       (23.79%)
     2,193,480,263      unc_h_rxc_inserts_irq_6                                       (23.83%)
     2,199,470,949      unc_h_rxc_inserts_irq_7                                       (23.53%)
           560,569      unc_h_rxc_irq1_reject_pa_match_0                                     (23.64%)
           550,137      unc_h_rxc_irq1_reject_pa_match_1                                     (23.60%)
           568,773      unc_h_rxc_irq1_reject_pa_match_2                                     (23.62%)
           564,742      unc_h_rxc_irq1_reject_pa_match_3                                     (23.64%)
           535,642      unc_h_rxc_irq1_reject_pa_match_4                                     (23.57%)
           469,639      unc_h_rxc_irq1_reject_pa_match_5                                     (23.67%)
           537,549      unc_h_rxc_irq1_reject_pa_match_6                                     (23.69%)
           563,954      unc_h_rxc_irq1_reject_pa_match_7                                     (23.53%)
    17,812,805,935      unc_h_rxc_occupancy_irq_0                                     (23.56%)
    17,164,685,315      unc_h_rxc_occupancy_irq_1                                     (23.47%)
    16,991,226,526      unc_h_rxc_occupancy_irq_2                                     (23.41%)
    17,347,260,514      unc_h_rxc_occupancy_irq_3                                     (23.31%)
    17,882,140,627      unc_h_rxc_occupancy_irq_4                                     (23.53%)
    17,527,846,800      unc_h_rxc_occupancy_irq_5                                     (23.24%)
    24,404,373,747      unc_h_rxc_occupancy_irq_6                                     (23.18%)
    24,629,639,253      unc_h_rxc_occupancy_irq_7                                     (23.54%)
             7,557      unc_h_snoop_resp_rsp_fwd_wb_0                                     (23.34%)
            14,328      unc_h_snoop_resp_rsp_fwd_wb_1                                     (23.43%)
            16,241      unc_h_snoop_resp_rsp_fwd_wb_2                                     (23.39%)
            13,496      unc_h_snoop_resp_rsp_fwd_wb_3                                     (23.32%)
            16,760      unc_h_snoop_resp_rsp_fwd_wb_4                                     (23.47%)
            14,724      unc_h_snoop_resp_rsp_fwd_wb_5                                     (23.28%)
            24,112      unc_h_snoop_resp_rsp_fwd_wb_6                                     (23.23%)
            22,480      unc_h_snoop_resp_rsp_fwd_wb_7                                     (23.54%)
                 0      unc_h_snoop_resp_rspcnflct_0                                     (23.42%)
                 0      unc_h_snoop_resp_rspcnflct_1                                     (23.47%)
                 0      unc_h_snoop_resp_rspcnflct_2                                     (23.44%)
                 0      unc_h_snoop_resp_rspcnflct_3                                     (23.42%)
                 0      unc_h_snoop_resp_rspcnflct_4                                     (23.49%)
                 0      unc_h_snoop_resp_rspcnflct_5                                     (23.40%)
                 0      unc_h_snoop_resp_rspcnflct_6                                     (23.37%)
                 0      unc_h_snoop_resp_rspcnflct_7                                     (23.54%)
                 0      unc_h_snoop_resp_rspifwd_0                                     (23.51%)
                 0      unc_h_snoop_resp_rspifwd_1                                     (23.51%)
                 0      unc_h_snoop_resp_rspifwd_2                                     (23.51%)
                 0      unc_h_snoop_resp_rspifwd_3                                     (23.50%)
                 0      unc_h_snoop_resp_rspifwd_4                                     (23.51%)
                 0      unc_h_snoop_resp_rspifwd_5                                     (23.50%)
                 0      unc_h_snoop_resp_rspifwd_6                                     (23.50%)
                 0      unc_h_snoop_resp_rspifwd_7                                     (23.54%)
                 0      unc_h_snoop_resp_rspsfwd_0                                     (23.53%)
                 0      unc_h_snoop_resp_rspsfwd_1                                     (23.53%)
                 0      unc_h_snoop_resp_rspsfwd_2                                     (23.53%)
                 0      unc_h_snoop_resp_rspsfwd_3                                     (23.53%)
                 0      unc_h_snoop_resp_rspsfwd_4                                     (23.53%)
                 0      unc_h_snoop_resp_rspsfwd_5                                     (23.53%)
                 0      unc_h_snoop_resp_rspsfwd_6                                     (23.53%)
                 0      unc_h_snoop_resp_rspsfwd_7                                     (23.53%)
           127,224      unc_i_cache_total_occupancy_mem_0                                     (33.33%)
            98,481      unc_i_cache_total_occupancy_mem_1                                     (33.33%)
                 0      unc_i_cache_total_occupancy_mem_2                                     (33.33%)
                 0      unc_i_cache_total_occupancy_mem_3                                     (33.33%)
                 0      unc_i_cache_total_occupancy_mem_4                                     (33.33%)
                 0      unc_i_cache_total_occupancy_mem_5                                     (33.34%)
                 9      unc_i_coherent_ops_pcitom_0                                     (33.34%)
                 0      unc_i_coherent_ops_pcitom_1                                     (33.34%)
                 0      unc_i_coherent_ops_pcitom_2                                     (33.34%)
                 0      unc_i_coherent_ops_pcitom_3                                     (33.34%)
                 0      unc_i_coherent_ops_pcitom_4                                     (33.34%)
                 0      unc_i_coherent_ops_pcitom_5                                     (33.33%)
               501      unc_i_coherent_ops_rfo_0                                      (33.33%)
                72      unc_i_coherent_ops_rfo_1                                      (33.33%)
                 0      unc_i_coherent_ops_rfo_2                                      (33.33%)
                 0      unc_i_coherent_ops_rfo_3                                      (33.33%)
                 0      unc_i_coherent_ops_rfo_4                                      (33.33%)
                 0      unc_i_coherent_ops_rfo_5                                      (33.32%)
               759      unc_i_faf_inserts_0                                           (33.32%)
            41,992      unc_i_faf_inserts_1                                           (33.33%)
                 0      unc_i_faf_inserts_2                                           (33.33%)
                 0      unc_i_faf_inserts_3                                           (33.33%)
                 0      unc_i_faf_inserts_4                                           (33.33%)
                 0      unc_i_faf_inserts_5                                           (33.34%)
               891      unc_i_faf_occupancy_0                                         (33.34%)
            29,172      unc_i_faf_occupancy_1                                         (33.34%)
                 0      unc_i_faf_occupancy_2                                         (33.34%)
                 0      unc_i_faf_occupancy_3                                         (33.34%)
                 0      unc_i_faf_occupancy_4                                         (33.34%)
                 0      unc_i_faf_occupancy_5                                         (33.33%)
               489      unc_i_transactions_wr_pref_0                                     (33.33%)
                96      unc_i_transactions_wr_pref_1                                     (33.33%)
                 0      unc_i_transactions_wr_pref_2                                     (33.33%)
                 0      unc_i_transactions_wr_pref_3                                     (33.33%)
                 0      unc_i_transactions_wr_pref_4                                     (33.33%)
                 0      unc_i_transactions_wr_pref_5                                     (33.33%)
    67,391,246,562      unc_iio_clockticks_0                                          (7.03%)
    67,413,405,914      unc_iio_clockticks_1                                          (7.03%)
    67,493,462,226      unc_iio_clockticks_2                                          (7.04%)
    67,378,863,751      unc_iio_clockticks_3                                          (7.01%)
                 0      unc_iio_clockticks_4                                          (7.01%)
                 0      unc_iio_clockticks_5                                          (7.04%)
                 0      unc_iio_comp_buf_inserts_cmpd_all_parts_0                                     (7.03%)
                 0      unc_iio_comp_buf_inserts_cmpd_all_parts_1                                     (7.03%)
                 0      unc_iio_comp_buf_inserts_cmpd_all_parts_2                                     (5.29%)
                 0      unc_iio_comp_buf_inserts_cmpd_all_parts_3                                     (7.00%)
                 0      unc_iio_comp_buf_inserts_cmpd_all_parts_4                                     (7.00%)
                 0      unc_iio_comp_buf_inserts_cmpd_all_parts_5                                     (5.28%)
                 0      unc_iio_comp_buf_inserts_cmpd_part0_0                                     (5.29%)
                 0      unc_iio_comp_buf_inserts_cmpd_part0_1                                     (5.29%)
                 0      unc_iio_comp_buf_inserts_cmpd_part0_2                                     (7.03%)
                 0      unc_iio_comp_buf_inserts_cmpd_part0_3                                     (5.28%)
                 0      unc_iio_comp_buf_inserts_cmpd_part0_4                                     (5.27%)
                 0      unc_iio_comp_buf_inserts_cmpd_part0_5                                     (7.03%)
                 0      unc_iio_comp_buf_inserts_cmpd_part1_0                                     (5.26%)
                 0      unc_iio_comp_buf_inserts_cmpd_part1_1                                     (5.26%)
                 0      unc_iio_comp_buf_inserts_cmpd_part1_2                                     (5.30%)
                 0      unc_iio_comp_buf_inserts_cmpd_part1_3                                     (5.29%)
                 0      unc_iio_comp_buf_inserts_cmpd_part1_4                                     (5.29%)
                 0      unc_iio_comp_buf_inserts_cmpd_part1_5                                     (5.28%)
                 0      unc_iio_comp_buf_inserts_cmpd_part2_0                                     (5.30%)
                 0      unc_iio_comp_buf_inserts_cmpd_part2_1                                     (5.30%)
                 0      unc_iio_comp_buf_inserts_cmpd_part2_2                                     (7.03%)
                 0      unc_iio_comp_buf_inserts_cmpd_part2_3                                     (5.27%)
                 0      unc_iio_comp_buf_inserts_cmpd_part2_4                                     (5.27%)
                 0      unc_iio_comp_buf_inserts_cmpd_part2_5                                     (7.03%)
                 0      unc_iio_comp_buf_inserts_cmpd_part3_0                                     (7.03%)
                 0      unc_iio_comp_buf_inserts_cmpd_part3_1                                     (7.02%)
                 0      unc_iio_comp_buf_inserts_cmpd_part3_2                                     (7.03%)
                 0      unc_iio_comp_buf_inserts_cmpd_part3_3                                     (7.01%)
                 0      unc_iio_comp_buf_inserts_cmpd_part3_4                                     (7.02%)
                 0      unc_iio_comp_buf_inserts_cmpd_part3_5                                     (7.03%)
            45,544      unc_iio_comp_buf_occupancy_cmpd_all_parts_0                                     (7.02%)
        19,936,615      unc_iio_comp_buf_occupancy_cmpd_all_parts_1                                     (7.02%)
                 0      unc_iio_comp_buf_occupancy_cmpd_all_parts_2                                     (7.01%)
                 0      unc_iio_comp_buf_occupancy_cmpd_all_parts_3                                     (7.00%)
                 0      unc_iio_comp_buf_occupancy_cmpd_all_parts_4                                     (7.01%)
                 0      unc_iio_comp_buf_occupancy_cmpd_all_parts_5                                     (7.03%)
                 0      unc_iio_comp_buf_occupancy_cmpd_part0_0                                     (7.03%)
                 0      unc_iio_comp_buf_occupancy_cmpd_part0_1                                     (7.01%)
                 0      unc_iio_comp_buf_occupancy_cmpd_part0_2                                     (7.02%)
                 0      unc_iio_comp_buf_occupancy_cmpd_part0_3                                     (7.02%)
                 0      unc_iio_comp_buf_occupancy_cmpd_part0_4                                     (7.02%)
                 0      unc_iio_comp_buf_occupancy_cmpd_part0_5                                     (7.02%)
            39,203      unc_iio_comp_buf_occupancy_cmpd_part1_0                                     (7.02%)
                 0      unc_iio_comp_buf_occupancy_cmpd_part1_1                                     (7.02%)
                 0      unc_iio_comp_buf_occupancy_cmpd_part1_2                                     (7.02%)
                 0      unc_iio_comp_buf_occupancy_cmpd_part1_3                                     (7.02%)
                 0      unc_iio_comp_buf_occupancy_cmpd_part1_4                                     (7.02%)
                 0      unc_iio_comp_buf_occupancy_cmpd_part1_5                                     (7.02%)
                 0      unc_iio_comp_buf_occupancy_cmpd_part2_0                                     (7.03%)
                 0      unc_iio_comp_buf_occupancy_cmpd_part2_1                                     (6.97%)
                 0      unc_iio_comp_buf_occupancy_cmpd_part2_2                                     (7.01%)
                 0      unc_iio_comp_buf_occupancy_cmpd_part2_3                                     (7.03%)
                 0      unc_iio_comp_buf_occupancy_cmpd_part2_4                                     (7.02%)
                 0      unc_iio_comp_buf_occupancy_cmpd_part2_5                                     (7.02%)
                 0      unc_iio_comp_buf_occupancy_cmpd_part3_0                                     (7.00%)
                 0      unc_iio_comp_buf_occupancy_cmpd_part3_1                                     (7.00%)
                 0      unc_iio_comp_buf_occupancy_cmpd_part3_2                                     (7.01%)
                 0      unc_iio_comp_buf_occupancy_cmpd_part3_3                                     (7.01%)
                 0      unc_iio_comp_buf_occupancy_cmpd_part3_4                                     (7.00%)
                 0      unc_iio_comp_buf_occupancy_cmpd_part3_5                                     (7.02%)
                 0      unc_iio_data_req_by_cpu_mem_read_part0_0                                     (5.26%)
                 0      unc_iio_data_req_by_cpu_mem_read_part0_1                                     (5.26%)
                 0      unc_iio_data_req_by_cpu_mem_read_part0_2                                     (5.27%)
                 0      unc_iio_data_req_by_cpu_mem_read_part0_3                                     (5.26%)
                 0      unc_iio_data_req_by_cpu_mem_read_part0_4                                     (5.26%)
                 0      unc_iio_data_req_by_cpu_mem_read_part0_5                                     (5.27%)
                 0      unc_iio_data_req_by_cpu_mem_read_part1_0                                     (5.29%)
                 0      unc_iio_data_req_by_cpu_mem_read_part1_1                                     (5.30%)
                 0      unc_iio_data_req_by_cpu_mem_read_part1_2                                     (5.26%)
                 0      unc_iio_data_req_by_cpu_mem_read_part1_3                                     (5.36%)
                 0      unc_iio_data_req_by_cpu_mem_read_part1_4                                     (5.38%)
                 0      unc_iio_data_req_by_cpu_mem_read_part1_5                                     (5.27%)
                 0      unc_iio_data_req_by_cpu_mem_read_part2_0                                     (7.03%)
                 0      unc_iio_data_req_by_cpu_mem_read_part2_1                                     (7.03%)
                 0      unc_iio_data_req_by_cpu_mem_read_part2_2                                     (7.03%)
                 0      unc_iio_data_req_by_cpu_mem_read_part2_3                                     (7.03%)
                 0      unc_iio_data_req_by_cpu_mem_read_part2_4                                     (7.02%)
                 0      unc_iio_data_req_by_cpu_mem_read_part2_5                                     (7.02%)
                 0      unc_iio_data_req_by_cpu_mem_read_part3_0                                     (7.02%)
                 0      unc_iio_data_req_by_cpu_mem_read_part3_1                                     (7.02%)
                 0      unc_iio_data_req_by_cpu_mem_read_part3_2                                     (7.02%)
                 0      unc_iio_data_req_by_cpu_mem_read_part3_3                                     (7.03%)
                 0      unc_iio_data_req_by_cpu_mem_read_part3_4                                     (6.99%)
                 0      unc_iio_data_req_by_cpu_mem_read_part3_5                                     (7.02%)
                 0      unc_iio_data_req_by_cpu_mem_write_part0_0                                     (6.99%)
                 0      unc_iio_data_req_by_cpu_mem_write_part0_1                                     (7.00%)
                 0      unc_iio_data_req_by_cpu_mem_write_part0_2                                     (7.01%)
                 0      unc_iio_data_req_by_cpu_mem_write_part0_3                                     (7.00%)
                 0      unc_iio_data_req_by_cpu_mem_write_part0_4                                     (7.00%)
                 0      unc_iio_data_req_by_cpu_mem_write_part0_5                                     (7.02%)
                 0      unc_iio_data_req_by_cpu_mem_write_part1_0                                     (7.01%)
                 0      unc_iio_data_req_by_cpu_mem_write_part1_1                                     (7.02%)
                 0      unc_iio_data_req_by_cpu_mem_write_part1_2                                     (7.02%)
                 0      unc_iio_data_req_by_cpu_mem_write_part1_3                                     (7.02%)
                 0      unc_iio_data_req_by_cpu_mem_write_part1_4                                     (7.02%)
                 0      unc_iio_data_req_by_cpu_mem_write_part1_5                                     (7.02%)
                 0      unc_iio_data_req_by_cpu_mem_write_part2_0                                     (7.01%)
                 0      unc_iio_data_req_by_cpu_mem_write_part2_1                                     (7.02%)
                 0      unc_iio_data_req_by_cpu_mem_write_part2_2                                     (7.01%)
                 0      unc_iio_data_req_by_cpu_mem_write_part2_3                                     (7.02%)
                 0      unc_iio_data_req_by_cpu_mem_write_part2_4                                     (7.02%)
                 0      unc_iio_data_req_by_cpu_mem_write_part2_5                                     (7.02%)
                 0      unc_iio_data_req_by_cpu_mem_write_part3_0                                     (7.02%)
                 0      unc_iio_data_req_by_cpu_mem_write_part3_1                                     (7.02%)
                 0      unc_iio_data_req_by_cpu_mem_write_part3_2                                     (7.02%)
                 0      unc_iio_data_req_by_cpu_mem_write_part3_3                                     (7.04%)
                 0      unc_iio_data_req_by_cpu_mem_write_part3_4                                     (7.04%)
                 0      unc_iio_data_req_by_cpu_mem_write_part3_5                                     (7.02%)
                 0      unc_iio_data_req_by_cpu_peer_read_part0_0                                     (7.00%)
                 0      unc_iio_data_req_by_cpu_peer_read_part0_1                                     (7.01%)
                 0      unc_iio_data_req_by_cpu_peer_read_part0_2                                     (7.00%)
                 0      unc_iio_data_req_by_cpu_peer_read_part0_3                                     (6.95%)
                 0      unc_iio_data_req_by_cpu_peer_read_part0_4                                     (6.96%)
                 0      unc_iio_data_req_by_cpu_peer_read_part0_5                                     (7.03%)
                 0      unc_iio_data_req_by_cpu_peer_read_part1_0                                     (7.03%)
                 0      unc_iio_data_req_by_cpu_peer_read_part1_1                                     (7.02%)
                 0      unc_iio_data_req_by_cpu_peer_read_part1_2                                     (7.02%)
                 0      unc_iio_data_req_by_cpu_peer_read_part1_3                                     (7.01%)
                 0      unc_iio_data_req_by_cpu_peer_read_part1_4                                     (7.03%)
                 0      unc_iio_data_req_by_cpu_peer_read_part1_5                                     (7.03%)
                 0      unc_iio_data_req_by_cpu_peer_read_part2_0                                     (6.99%)
                 0      unc_iio_data_req_by_cpu_peer_read_part2_1                                     (6.98%)
                 0      unc_iio_data_req_by_cpu_peer_read_part2_2                                     (7.01%)
                 0      unc_iio_data_req_by_cpu_peer_read_part2_3                                     (6.98%)
                 0      unc_iio_data_req_by_cpu_peer_read_part2_4                                     (6.97%)
                 0      unc_iio_data_req_by_cpu_peer_read_part2_5                                     (7.02%)
                 0      unc_iio_data_req_by_cpu_peer_read_part3_0                                     (3.52%)
                 0      unc_iio_data_req_by_cpu_peer_read_part3_1                                     (3.52%)
                 0      unc_iio_data_req_by_cpu_peer_read_part3_2                                     (3.51%)
                 0      unc_iio_data_req_by_cpu_peer_read_part3_3                                     (3.51%)
                 0      unc_iio_data_req_by_cpu_peer_read_part3_4                                     (3.51%)
                 0      unc_iio_data_req_by_cpu_peer_read_part3_5                                     (3.51%)
                 0      unc_iio_data_req_by_cpu_peer_write_part0_0                                     (5.27%)
                 0      unc_iio_data_req_by_cpu_peer_write_part0_1                                     (5.26%)
                 0      unc_iio_data_req_by_cpu_peer_write_part0_2                                     (5.26%)
                 0      unc_iio_data_req_by_cpu_peer_write_part0_3                                     (5.26%)
                 0      unc_iio_data_req_by_cpu_peer_write_part0_4                                     (5.25%)
                 0      unc_iio_data_req_by_cpu_peer_write_part0_5                                     (5.26%)
                 0      unc_iio_data_req_by_cpu_peer_write_part1_0                                     (3.50%)
                 0      unc_iio_data_req_by_cpu_peer_write_part1_1                                     (3.50%)
                 0      unc_iio_data_req_by_cpu_peer_write_part1_2                                     (5.25%)
                 0      unc_iio_data_req_by_cpu_peer_write_part1_3                                     (3.49%)
                 0      unc_iio_data_req_by_cpu_peer_write_part1_4                                     (3.49%)
                 0      unc_iio_data_req_by_cpu_peer_write_part1_5                                     (5.26%)
                 0      unc_iio_data_req_by_cpu_peer_write_part2_0                                     (5.26%)
                 0      unc_iio_data_req_by_cpu_peer_write_part2_1                                     (5.27%)
                 0      unc_iio_data_req_by_cpu_peer_write_part2_2                                     (3.52%)
                 0      unc_iio_data_req_by_cpu_peer_write_part2_3                                     (5.31%)
                 0      unc_iio_data_req_by_cpu_peer_write_part2_4                                     (5.32%)
                 0      unc_iio_data_req_by_cpu_peer_write_part2_5                                     (3.51%)
                 0      unc_iio_data_req_by_cpu_peer_write_part3_0                                     (3.54%)
                 0      unc_iio_data_req_by_cpu_peer_write_part3_1                                     (3.55%)
                 0      unc_iio_data_req_by_cpu_peer_write_part3_2                                     (3.53%)
                 0      unc_iio_data_req_by_cpu_peer_write_part3_3                                     (3.50%)
                 0      unc_iio_data_req_by_cpu_peer_write_part3_4                                     (3.51%)
                 0      unc_iio_data_req_by_cpu_peer_write_part3_5                                     (3.51%)
                 0      unc_iio_data_req_of_cpu_mem_read_part0_0                                     (7.03%)
                 0      unc_iio_data_req_of_cpu_mem_read_part0_1                                     (7.04%)
                 0      unc_iio_data_req_of_cpu_mem_read_part0_2                                     (7.03%)
                 0      unc_iio_data_req_of_cpu_mem_read_part0_3                                     (7.03%)
                 0      unc_iio_data_req_of_cpu_mem_read_part0_4                                     (7.03%)
                 0      unc_iio_data_req_of_cpu_mem_read_part0_5                                     (7.01%)
                 0      unc_iio_data_req_of_cpu_mem_read_part1_0                                     (7.02%)
                 0      unc_iio_data_req_of_cpu_mem_read_part1_1                                     (7.02%)
                 0      unc_iio_data_req_of_cpu_mem_read_part1_2                                     (7.02%)
                 0      unc_iio_data_req_of_cpu_mem_read_part1_3                                     (7.01%)
                 0      unc_iio_data_req_of_cpu_mem_read_part1_4                                     (7.00%)
                 0      unc_iio_data_req_of_cpu_mem_read_part1_5                                     (7.01%)
                 0      unc_iio_data_req_of_cpu_mem_read_part2_0                                     (7.01%)
                 0      unc_iio_data_req_of_cpu_mem_read_part2_1                                     (7.00%)
                 0      unc_iio_data_req_of_cpu_mem_read_part2_2                                     (7.01%)
                 0      unc_iio_data_req_of_cpu_mem_read_part2_3                                     (5.23%)
                 0      unc_iio_data_req_of_cpu_mem_read_part2_4                                     (7.00%)
                 0      unc_iio_data_req_of_cpu_mem_read_part2_5                                     (7.01%)
                 0      unc_iio_data_req_of_cpu_mem_read_part3_0                                     (5.25%)
                 0      unc_iio_data_req_of_cpu_mem_read_part3_1                                     (7.00%)
                 0      unc_iio_data_req_of_cpu_mem_read_part3_2                                     (7.01%)
                 0      unc_iio_data_req_of_cpu_mem_read_part3_3                                     (5.28%)
                 0      unc_iio_data_req_of_cpu_mem_read_part3_4                                     (7.01%)
                 0      unc_iio_data_req_of_cpu_mem_read_part3_5                                     (7.01%)
                 0      unc_iio_data_req_of_cpu_mem_write_part0_0                                     (5.27%)
                 0      unc_iio_data_req_of_cpu_mem_write_part0_1                                     (5.27%)
                 0      unc_iio_data_req_of_cpu_mem_write_part0_2                                     (7.01%)
                 0      unc_iio_data_req_of_cpu_mem_write_part0_3                                     (7.01%)
                 0      unc_iio_data_req_of_cpu_mem_write_part0_4                                     (6.99%)
                 0      unc_iio_data_req_of_cpu_mem_write_part0_5                                     (7.01%)
                 0      unc_iio_data_req_of_cpu_mem_write_part1_0                                     (6.99%)
                 0      unc_iio_data_req_of_cpu_mem_write_part1_1                                     (6.99%)
                 0      unc_iio_data_req_of_cpu_mem_write_part1_2                                     (7.00%)
                 0      unc_iio_data_req_of_cpu_mem_write_part1_3                                     (6.98%)
                 0      unc_iio_data_req_of_cpu_mem_write_part1_4                                     (5.24%)
                 0      unc_iio_data_req_of_cpu_mem_write_part1_5                                     (7.02%)
                 0      unc_iio_data_req_of_cpu_mem_write_part2_0                                     (7.00%)
                 0      unc_iio_data_req_of_cpu_mem_write_part2_1                                     (7.00%)
                 0      unc_iio_data_req_of_cpu_mem_write_part2_2                                     (7.01%)
                 0      unc_iio_data_req_of_cpu_mem_write_part2_3                                     (7.01%)
                 0      unc_iio_data_req_of_cpu_mem_write_part2_4                                     (5.25%)
                 0      unc_iio_data_req_of_cpu_mem_write_part2_5                                     (7.02%)
                 0      unc_iio_data_req_of_cpu_mem_write_part3_0                                     (7.02%)
                 0      unc_iio_data_req_of_cpu_mem_write_part3_1                                     (5.26%)
                 0      unc_iio_data_req_of_cpu_mem_write_part3_2                                     (5.26%)
                 0      unc_iio_data_req_of_cpu_mem_write_part3_3                                     (7.02%)
                 0      unc_iio_data_req_of_cpu_mem_write_part3_4                                     (7.01%)
                 0      unc_iio_data_req_of_cpu_mem_write_part3_5                                     (5.26%)
                 0      unc_iio_data_req_of_cpu_peer_read_part0_0                                     (7.02%)
                 0      unc_iio_data_req_of_cpu_peer_read_part0_1                                     (7.01%)
                 0      unc_iio_data_req_of_cpu_peer_read_part0_2                                     (5.26%)
                 0      unc_iio_data_req_of_cpu_peer_read_part0_3                                     (5.26%)
                 0      unc_iio_data_req_of_cpu_peer_read_part0_4                                     (7.02%)
                 0      unc_iio_data_req_of_cpu_peer_read_part0_5                                     (5.26%)
                 0      unc_iio_data_req_of_cpu_peer_read_part1_0                                     (5.26%)
                 0      unc_iio_data_req_of_cpu_peer_read_part1_1                                     (7.02%)
                 0      unc_iio_data_req_of_cpu_peer_read_part1_2                                     (7.02%)
                 0      unc_iio_data_req_of_cpu_peer_read_part1_3                                     (5.26%)
                 0      unc_iio_data_req_of_cpu_peer_read_part1_4                                     (5.26%)
                 0      unc_iio_data_req_of_cpu_peer_read_part1_5                                     (7.02%)
                 0      unc_iio_data_req_of_cpu_peer_read_part2_0                                     (5.26%)
                 0      unc_iio_data_req_of_cpu_peer_read_part2_1                                     (5.26%)
                 0      unc_iio_data_req_of_cpu_peer_read_part2_2                                     (7.02%)
                 0      unc_iio_data_req_of_cpu_peer_read_part2_3                                     (7.02%)
                 0      unc_iio_data_req_of_cpu_peer_read_part2_4                                     (5.26%)
                 0      unc_iio_data_req_of_cpu_peer_read_part2_5                                     (5.26%)
                 0      unc_iio_data_req_of_cpu_peer_read_part3_0                                     (7.02%)
                 0      unc_iio_data_req_of_cpu_peer_read_part3_1                                     (5.26%)
                 0      unc_iio_data_req_of_cpu_peer_read_part3_2                                     (5.26%)
                 0      unc_iio_data_req_of_cpu_peer_read_part3_3                                     (7.03%)
                 0      unc_iio_data_req_of_cpu_peer_read_part3_4                                     (7.03%)
                 0      unc_iio_data_req_of_cpu_peer_read_part3_5                                     (5.26%)
                 0      unc_iio_data_req_of_cpu_peer_write_part0_0                                     (7.02%)
                 0      unc_iio_data_req_of_cpu_peer_write_part0_1                                     (7.03%)
                 0      unc_iio_data_req_of_cpu_peer_write_part0_2                                     (5.26%)
                 0      unc_iio_data_req_of_cpu_peer_write_part0_3                                     (7.05%)
                 0      unc_iio_data_req_of_cpu_peer_write_part0_4                                     (7.06%)
                 0      unc_iio_data_req_of_cpu_peer_write_part0_5                                     (7.02%)
                 0      unc_iio_data_req_of_cpu_peer_write_part1_0                                     (5.26%)
                 0      unc_iio_data_req_of_cpu_peer_write_part1_1                                     (5.28%)
                 0      unc_iio_data_req_of_cpu_peer_write_part1_2                                     (7.01%)
                 0      unc_iio_data_req_of_cpu_peer_write_part1_3                                     (5.25%)
                 0      unc_iio_data_req_of_cpu_peer_write_part1_4                                     (5.27%)
                 0      unc_iio_data_req_of_cpu_peer_write_part1_5                                     (7.02%)
                 0      unc_iio_data_req_of_cpu_peer_write_part2_0                                     (5.25%)
                 0      unc_iio_data_req_of_cpu_peer_write_part2_1                                     (6.98%)
                 0      unc_iio_data_req_of_cpu_peer_write_part2_2                                     (7.01%)
                 0      unc_iio_data_req_of_cpu_peer_write_part2_3                                     (5.21%)
                 0      unc_iio_data_req_of_cpu_peer_write_part2_4                                     (6.92%)
                 0      unc_iio_data_req_of_cpu_peer_write_part2_5                                     (7.02%)
                 0      unc_iio_data_req_of_cpu_peer_write_part3_0                                     (6.99%)
                 0      unc_iio_data_req_of_cpu_peer_write_part3_1                                     (6.98%)
                 0      unc_iio_data_req_of_cpu_peer_write_part3_2                                     (7.01%)
                 0      unc_iio_data_req_of_cpu_peer_write_part3_3                                     (6.97%)
                 0      unc_iio_data_req_of_cpu_peer_write_part3_4                                     (6.94%)
                 0      unc_iio_data_req_of_cpu_peer_write_part3_5                                     (5.26%)
                 0      unc_iio_payload_bytes_in_mem_read_part0_0                                     (5.25%)
                 0      unc_iio_payload_bytes_in_mem_read_part0_1                                     (5.25%)
                 0      unc_iio_payload_bytes_in_mem_read_part0_2                                     (5.26%)
                 0      unc_iio_payload_bytes_in_mem_read_part0_3                                     (5.24%)
                 0      unc_iio_payload_bytes_in_mem_read_part0_4                                     (3.50%)
                 0      unc_iio_payload_bytes_in_mem_read_part0_5                                     (3.51%)
                 0      unc_iio_payload_bytes_in_mem_read_part1_0                                     (3.51%)
                 0      unc_iio_payload_bytes_in_mem_read_part1_1                                     (3.51%)
                 0      unc_iio_payload_bytes_in_mem_read_part1_2                                     (3.51%)
                 0      unc_iio_payload_bytes_in_mem_read_part1_3                                     (3.51%)
                 0      unc_iio_payload_bytes_in_mem_read_part1_4                                     (3.51%)
                 0      unc_iio_payload_bytes_in_mem_read_part1_5                                     (3.51%)
                 0      unc_iio_payload_bytes_in_mem_read_part2_0                                     (3.51%)
                 0      unc_iio_payload_bytes_in_mem_read_part2_1                                     (3.51%)
                 0      unc_iio_payload_bytes_in_mem_read_part2_2                                     (3.51%)
                 0      unc_iio_payload_bytes_in_mem_read_part2_3                                     (3.51%)
                 0      unc_iio_payload_bytes_in_mem_read_part2_4                                     (3.51%)
                 0      unc_iio_payload_bytes_in_mem_read_part2_5                                     (3.51%)
                 0      unc_iio_payload_bytes_in_mem_read_part3_0                                     (3.51%)
                 0      unc_iio_payload_bytes_in_mem_read_part3_1                                     (3.51%)
                 0      unc_iio_payload_bytes_in_mem_read_part3_2                                     (3.51%)
                 0      unc_iio_payload_bytes_in_mem_read_part3_3                                     (3.51%)
                 0      unc_iio_payload_bytes_in_mem_read_part3_4                                     (3.51%)
                 0      unc_iio_payload_bytes_in_mem_read_part3_5                                     (3.51%)
                 0      unc_iio_payload_bytes_in_mem_write_part0_0                                     (3.51%)
                 0      unc_iio_payload_bytes_in_mem_write_part0_1                                     (3.52%)
                 0      unc_iio_payload_bytes_in_mem_write_part0_2                                     (3.51%)
                 0      unc_iio_payload_bytes_in_mem_write_part0_3                                     (3.52%)
                 0      unc_iio_payload_bytes_in_mem_write_part0_4                                     (3.52%)
                 0      unc_iio_payload_bytes_in_mem_write_part0_5                                     (3.51%)
                 0      unc_iio_payload_bytes_in_mem_write_part1_0                                     (3.51%)
                 0      unc_iio_payload_bytes_in_mem_write_part1_1                                     (3.54%)
                 0      unc_iio_payload_bytes_in_mem_write_part1_2                                     (3.52%)
                 0      unc_iio_payload_bytes_in_mem_write_part1_3                                     (3.55%)
                 0      unc_iio_payload_bytes_in_mem_write_part1_4                                     (3.56%)
                 0      unc_iio_payload_bytes_in_mem_write_part1_5                                     (3.51%)
                 0      unc_iio_payload_bytes_in_mem_write_part2_0                                     (3.53%)
                 0      unc_iio_payload_bytes_in_mem_write_part2_1                                     (3.55%)
                 0      unc_iio_payload_bytes_in_mem_write_part2_2                                     (3.52%)
                 0      unc_iio_payload_bytes_in_mem_write_part2_3                                     (3.56%)
                 0      unc_iio_payload_bytes_in_mem_write_part2_4                                     (3.58%)
                 0      unc_iio_payload_bytes_in_mem_write_part2_5                                     (3.51%)
                 0      unc_iio_payload_bytes_in_mem_write_part3_0                                     (3.54%)
                 0      unc_iio_payload_bytes_in_mem_write_part3_1                                     (3.53%)
                 0      unc_iio_payload_bytes_in_mem_write_part3_2                                     (3.52%)
                 0      unc_iio_payload_bytes_in_mem_write_part3_3                                     (3.54%)
                 0      unc_iio_payload_bytes_in_mem_write_part3_4                                     (3.55%)
                 0      unc_iio_payload_bytes_in_mem_write_part3_5                                     (3.51%)
                 0      unc_iio_txn_req_by_cpu_mem_read_part0_0                                     (5.30%)
                 0      unc_iio_txn_req_by_cpu_mem_read_part0_1                                     (5.28%)
                 0      unc_iio_txn_req_by_cpu_mem_read_part0_2                                     (5.27%)
                 0      unc_iio_txn_req_by_cpu_mem_read_part0_3                                     (5.30%)
                 0      unc_iio_txn_req_by_cpu_mem_read_part0_4                                     (5.31%)
                 0      unc_iio_txn_req_by_cpu_mem_read_part0_5                                     (5.26%)
                 0      unc_iio_txn_req_by_cpu_mem_read_part1_0                                     (7.06%)
                 0      unc_iio_txn_req_by_cpu_mem_read_part1_1                                     (7.03%)
                 0      unc_iio_txn_req_by_cpu_mem_read_part1_2                                     (7.03%)
                 0      unc_iio_txn_req_by_cpu_mem_read_part1_3                                     (7.04%)
                 0      unc_iio_txn_req_by_cpu_mem_read_part1_4                                     (7.05%)
                 0      unc_iio_txn_req_by_cpu_mem_read_part1_5                                     (7.02%)
                 0      unc_iio_txn_req_by_cpu_mem_read_part2_0                                     (7.03%)
                 0      unc_iio_txn_req_by_cpu_mem_read_part2_1                                     (7.02%)
                 0      unc_iio_txn_req_by_cpu_mem_read_part2_2                                     (7.02%)
                 0      unc_iio_txn_req_by_cpu_mem_read_part2_3                                     (7.02%)
                 0      unc_iio_txn_req_by_cpu_mem_read_part2_4                                     (7.02%)
                 0      unc_iio_txn_req_by_cpu_mem_read_part2_5                                     (7.02%)
                 0      unc_iio_txn_req_by_cpu_mem_read_part3_0                                     (7.02%)
                 0      unc_iio_txn_req_by_cpu_mem_read_part3_1                                     (7.01%)
                 0      unc_iio_txn_req_by_cpu_mem_read_part3_2                                     (7.01%)
                 0      unc_iio_txn_req_by_cpu_mem_read_part3_3                                     (7.01%)
                 0      unc_iio_txn_req_by_cpu_mem_read_part3_4                                     (7.01%)
                 0      unc_iio_txn_req_by_cpu_mem_read_part3_5                                     (7.02%)
                 0      unc_iio_txn_req_by_cpu_mem_write_part0_0                                     (7.02%)
                 0      unc_iio_txn_req_by_cpu_mem_write_part0_1                                     (7.02%)
                 0      unc_iio_txn_req_by_cpu_mem_write_part0_2                                     (7.02%)
                 0      unc_iio_txn_req_by_cpu_mem_write_part0_3                                     (7.02%)
                 0      unc_iio_txn_req_by_cpu_mem_write_part0_4                                     (7.00%)
                 0      unc_iio_txn_req_by_cpu_mem_write_part0_5                                     (7.02%)
                 0      unc_iio_txn_req_by_cpu_mem_write_part1_0                                     (7.00%)
                 0      unc_iio_txn_req_by_cpu_mem_write_part1_1                                     (6.99%)
                 0      unc_iio_txn_req_by_cpu_mem_write_part1_2                                     (7.01%)
                 0      unc_iio_txn_req_by_cpu_mem_write_part1_3                                     (6.96%)
                 0      unc_iio_txn_req_by_cpu_mem_write_part1_4                                     (6.95%)
                 0      unc_iio_txn_req_by_cpu_mem_write_part1_5                                     (7.02%)

      69.806698810 seconds time elapsed

