# started on Tue Feb  6 05:57:26 2024


 Performance counter stats for 'system wide':

                 0      r8c7                                                          (11.69%)
                 0      r10c7                                                         (11.69%)
                 0      r20c7                                                         (10.39%)
                 0      r18c7                                                         (10.39%)
                 0      r40c7                                                         (10.39%)
                 0      r80c7                                                         (10.40%)
                 0      r18c7                                                         (10.40%)
    29,129,697,507      r3c7                                                          (10.40%)
    29,146,658,120      r1c7                                                          (10.40%)
                 0      r2c7                                                          (10.40%)
                 0      rfcc7                                                         (10.40%)
                 0      r1001eca                                                      (10.40%)
                 0      r1c6                                                          (10.40%)
                 0      r1c6                                                          (10.40%)
                 0      r1c6                                                          (10.40%)
                 0      r1c6                                                          (10.40%)
                 0      r1c6                                                          (5.20%)
   <not supported>      r1c6:p                                                      
                 0      r1c6                                                          (5.20%)
                 0      r1c6                                                          (5.20%)
                 0      r1c6                                                          (5.20%)
                 0      r1c6                                                          (5.20%)
                 0      r1c6                                                          (5.20%)
                 0      r1c6                                                          (5.19%)
                 0      r1c6                                                          (5.19%)
                 0      r1c6                                                          (5.19%)
                 0      r1c6                                                          (5.19%)
                 0      r1c6                                                          (5.19%)
                 0      r1c6                                                          (5.19%)
                 0      r1c6                                                          (5.19%)
                 0      r1c6                                                          (5.19%)
                 0      r4c8                                                          (6.49%)
                 0      r80c8                                                         (7.79%)
                 0      r8c8                                                          (9.09%)
                 0      r40c8                                                         (10.39%)
                 0      r10c8                                                         (10.39%)
                 0      r20c8                                                         (10.39%)
                 0      r2c8                                                          (10.39%)
                 0      r1c8                                                          (10.39%)
           565,520      r1cb                                                          (10.39%)
       354,595,581      r480                                                          (10.39%)
    41,698,434,118      r183                                                          (10.39%)
       128,292,639      r283                                                          (10.39%)
        81,175,820      r483                                                          (10.39%)
        79,904,374      r483                                                          (10.39%)
     8,050,853,807      r4fe                                                          (10.39%)
       214,198,990      r2fe                                                          (10.39%)
    27,846,454,286      r4001879                                                      (10.39%)
    55,698,358,133      r1001879                                                      (10.39%)
       570,306,745      r4002479                                                      (10.39%)
     1,657,729,413      r1002479                                                      (10.39%)
    55,408,805,259      r1000879                                                      (10.39%)
    55,706,122,416      r1001879                                                      (10.39%)
    27,854,744,783      r4001879                                                      (10.39%)
   170,040,426,164      r879                                                          (10.39%)
     1,058,540,254      r1000479                                                      (10.39%)
     2,827,986,099      r479                                                          (10.39%)
       911,288,336      r1003079                                                      (10.39%)
       299,846,332      r1001079                                                      (10.39%)
     1,551,298,906      r2079                                                         (10.39%)
       272,651,804      r1043079                                                      (10.39%)
     2,552,342,203      r3079                                                         (10.39%)
    28,383,549,031      r19c                                                          (10.39%)
       981,687,417      r400019c                                                      (10.39%)
   156,355,975,554      r180019c                                                      (10.39%)
     4,967,968,684      r300019c                                                      (10.39%)
    10,521,339,865      r200019c                                                      (10.39%)
    12,162,450,109      r100019c                                                      (10.39%)
           814,355      r187                                                          (10.39%)
     2,751,697,212      r155                                                          (10.39%)
   200,071,425,108      rc0                                                           (11.69%)
   200,005,840,671      rc0                                                           (11.69%)
       154,869,477      r2c0                                                          (11.69%)
   <not supported>      r1c0:p                                                      
   <not supported>      ra8001c0:p                                                  
       238,150,478      r800d                                                         (11.69%)
        30,567,203      r104010d                                                      (11.69%)
       175,125,549      r10d                                                          (11.69%)
       173,816,501      r20010d                                                       (11.69%)
           502,858      r1ae                                                          (11.69%)

      69.862108256 seconds time elapsed

