# started on Tue Feb  6 10:14:51 2024


 Performance counter stats for 'system wide':

                 0      unc_h_dir_update_ha_0                                         (23.51%)
                 0      unc_h_dir_update_ha_1                                         (23.54%)
                 0      unc_h_dir_update_ha_2                                         (23.54%)
                 0      unc_h_dir_update_ha_3                                         (23.53%)
                 0      unc_h_dir_update_ha_4                                         (23.54%)
                 0      unc_h_dir_update_ha_5                                         (23.54%)
                 0      unc_h_dir_update_ha_6                                         (23.54%)
                 0      unc_h_dir_update_ha_7                                         (23.54%)
                 0      unc_h_dir_update_tor_0                                        (23.54%)
                 0      unc_h_dir_update_tor_1                                        (23.54%)
                 0      unc_h_dir_update_tor_2                                        (23.54%)
             6,287      unc_h_dir_update_tor_3                                        (23.54%)
             1,376      unc_h_dir_update_tor_4                                        (23.54%)
                 0      unc_h_dir_update_tor_5                                        (23.54%)
             2,175      unc_h_dir_update_tor_6                                        (23.54%)
             2,238      unc_h_dir_update_tor_7                                        (23.55%)
             3,419      unc_h_hitme_hit_ex_rds_0                                      (23.54%)
             3,054      unc_h_hitme_hit_ex_rds_1                                      (23.54%)
             1,130      unc_h_hitme_hit_ex_rds_2                                      (23.54%)
             3,063      unc_h_hitme_hit_ex_rds_3                                      (23.54%)
             1,368      unc_h_hitme_hit_ex_rds_4                                      (23.54%)
             3,347      unc_h_hitme_hit_ex_rds_5                                      (23.54%)
             1,678      unc_h_hitme_hit_ex_rds_6                                      (23.54%)
             1,801      unc_h_hitme_hit_ex_rds_7                                      (23.54%)
               918      unc_h_misc_rfo_hit_s_0                                        (23.54%)
             1,219      unc_h_misc_rfo_hit_s_1                                        (23.54%)
                68      unc_h_misc_rfo_hit_s_2                                        (23.66%)
               942      unc_h_misc_rfo_hit_s_3                                        (23.66%)
             2,150      unc_h_misc_rfo_hit_s_4                                        (23.54%)
                55      unc_h_misc_rfo_hit_s_5                                        (23.72%)
               344      unc_h_misc_rfo_hit_s_6                                        (23.87%)
               272      unc_h_misc_rfo_hit_s_7                                        (23.87%)
       146,549,554      unc_h_requests_invitoe_local_0                                     (23.64%)
       146,217,113      unc_h_requests_invitoe_local_1                                     (23.56%)
       147,003,547      unc_h_requests_invitoe_local_2                                     (23.63%)
       147,021,963      unc_h_requests_invitoe_local_3                                     (23.67%)
       146,188,617      unc_h_requests_invitoe_local_4                                     (23.53%)
       146,081,994      unc_h_requests_invitoe_local_5                                     (23.42%)
       146,868,457      unc_h_requests_invitoe_local_6                                     (23.64%)
       146,837,445      unc_h_requests_invitoe_local_7                                     (23.68%)
                 4      unc_h_requests_invitoe_remote_0                                     (23.56%)
            17,154      unc_h_requests_invitoe_remote_1                                     (23.47%)
                 0      unc_h_requests_invitoe_remote_2                                     (23.41%)
                 0      unc_h_requests_invitoe_remote_3                                     (23.41%)
            23,577      unc_h_requests_invitoe_remote_4                                     (23.53%)
            19,184      unc_h_requests_invitoe_remote_5                                     (23.35%)
                 0      unc_h_requests_invitoe_remote_6                                     (23.20%)
                 0      unc_h_requests_invitoe_remote_7                                     (23.20%)
       822,598,489      unc_h_requests_reads_0                                        (23.42%)
       824,570,744      unc_h_requests_reads_1                                        (23.51%)
       824,124,750      unc_h_requests_reads_2                                        (23.50%)
       822,744,773      unc_h_requests_reads_3                                        (23.39%)
       825,005,413      unc_h_requests_reads_4                                        (23.53%)
       825,340,374      unc_h_requests_reads_5                                        (23.52%)
       824,656,740      unc_h_requests_reads_6                                        (23.52%)
       822,617,245      unc_h_requests_reads_7                                        (23.38%)
       825,497,839      unc_h_requests_reads_local_0                                     (23.53%)
       824,810,509      unc_h_requests_reads_local_1                                     (23.53%)
       825,190,209      unc_h_requests_reads_local_2                                     (23.53%)
       825,301,471      unc_h_requests_reads_local_3                                     (23.53%)
       825,195,106      unc_h_requests_reads_local_4                                     (23.53%)
       825,441,129      unc_h_requests_reads_local_5                                     (23.53%)
       825,445,853      unc_h_requests_reads_local_6                                     (23.54%)
       825,078,451      unc_h_requests_reads_local_7                                     (23.54%)
       560,407,966      unc_h_requests_writes_0                                       (23.53%)
       559,947,055      unc_h_requests_writes_1                                       (23.54%)
       560,104,333      unc_h_requests_writes_2                                       (23.54%)
       560,045,200      unc_h_requests_writes_3                                       (23.54%)
       559,937,082      unc_h_requests_writes_4                                       (23.54%)
       559,154,521      unc_h_requests_writes_5                                       (23.54%)
       559,277,081      unc_h_requests_writes_6                                       (23.54%)
       559,168,502      unc_h_requests_writes_7                                       (23.54%)
       559,744,318      unc_h_requests_writes_local_0                                     (23.53%)
       559,597,037      unc_h_requests_writes_local_1                                     (23.53%)
       559,855,142      unc_h_requests_writes_local_2                                     (23.53%)
       559,875,843      unc_h_requests_writes_local_3                                     (23.53%)
       559,639,274      unc_h_requests_writes_local_4                                     (23.53%)
       559,032,974      unc_h_requests_writes_local_5                                     (23.66%)
       559,134,806      unc_h_requests_writes_local_6                                     (23.66%)
       559,036,473      unc_h_requests_writes_local_7                                     (23.66%)
     2,263,621,778      unc_h_rxc_inserts_irq_0                                       (23.59%)
     2,174,991,002      unc_h_rxc_inserts_irq_1                                       (23.59%)
     2,182,255,154      unc_h_rxc_inserts_irq_2                                       (23.68%)
     2,183,842,986      unc_h_rxc_inserts_irq_3                                       (23.74%)
     2,182,612,212      unc_h_rxc_inserts_irq_4                                       (23.53%)
     2,182,090,389      unc_h_rxc_inserts_irq_5                                       (23.80%)
     2,183,162,398      unc_h_rxc_inserts_irq_6                                       (23.75%)
     2,182,842,978      unc_h_rxc_inserts_irq_7                                       (23.81%)
           924,154      unc_h_rxc_irq1_reject_pa_match_0                                     (23.60%)
           911,865      unc_h_rxc_irq1_reject_pa_match_1                                     (23.57%)
           826,118      unc_h_rxc_irq1_reject_pa_match_2                                     (23.56%)
           871,951      unc_h_rxc_irq1_reject_pa_match_3                                     (23.59%)
           873,967      unc_h_rxc_irq1_reject_pa_match_4                                     (23.53%)
           790,615      unc_h_rxc_irq1_reject_pa_match_5                                     (23.61%)
           992,650      unc_h_rxc_irq1_reject_pa_match_6                                     (23.41%)
         1,025,884      unc_h_rxc_irq1_reject_pa_match_7                                     (23.44%)
    19,776,076,401      unc_h_rxc_occupancy_irq_0                                     (23.47%)
    19,236,187,698      unc_h_rxc_occupancy_irq_1                                     (23.53%)
    18,550,341,415      unc_h_rxc_occupancy_irq_2                                     (23.38%)
    19,912,063,096      unc_h_rxc_occupancy_irq_3                                     (23.32%)
    21,745,535,064      unc_h_rxc_occupancy_irq_4                                     (23.53%)
    20,311,287,799      unc_h_rxc_occupancy_irq_5                                     (23.26%)
    54,244,943,328      unc_h_rxc_occupancy_irq_6                                     (23.31%)
    54,971,842,906      unc_h_rxc_occupancy_irq_7                                     (23.24%)
             5,623      unc_h_snoop_resp_rsp_fwd_wb_0                                     (23.46%)
                 0      unc_h_snoop_resp_rsp_fwd_wb_1                                     (23.48%)
            17,863      unc_h_snoop_resp_rsp_fwd_wb_2                                     (23.43%)
             6,501      unc_h_snoop_resp_rsp_fwd_wb_3                                     (23.47%)
                 0      unc_h_snoop_resp_rsp_fwd_wb_4                                     (23.53%)
                 0      unc_h_snoop_resp_rsp_fwd_wb_5                                     (23.45%)
            56,190      unc_h_snoop_resp_rsp_fwd_wb_6                                     (23.42%)
             2,337      unc_h_snoop_resp_rsp_fwd_wb_7                                     (23.49%)
                 0      unc_h_snoop_resp_rspcnflct_0                                     (23.52%)
             4,897      unc_h_snoop_resp_rspcnflct_1                                     (23.52%)
             1,726      unc_h_snoop_resp_rspcnflct_2                                     (23.52%)
                 0      unc_h_snoop_resp_rspcnflct_3                                     (23.52%)
             2,214      unc_h_snoop_resp_rspcnflct_4                                     (23.53%)
             6,007      unc_h_snoop_resp_rspcnflct_5                                     (23.52%)
             2,555      unc_h_snoop_resp_rspcnflct_6                                     (23.52%)
                 0      unc_h_snoop_resp_rspcnflct_7                                     (23.52%)
                 0      unc_h_snoop_resp_rspifwd_0                                     (23.52%)
             4,812      unc_h_snoop_resp_rspifwd_1                                     (23.53%)
             1,675      unc_h_snoop_resp_rspifwd_2                                     (23.52%)
                 0      unc_h_snoop_resp_rspifwd_3                                     (23.52%)
                 0      unc_h_snoop_resp_rspifwd_4                                     (23.53%)
                 0      unc_h_snoop_resp_rspifwd_5                                     (23.52%)
                 0      unc_h_snoop_resp_rspifwd_6                                     (23.52%)
                 0      unc_h_snoop_resp_rspifwd_7                                     (23.53%)
             5,258      unc_h_snoop_resp_rspsfwd_0                                     (23.53%)
                 0      unc_h_snoop_resp_rspsfwd_1                                     (23.53%)
                 0      unc_h_snoop_resp_rspsfwd_2                                     (23.53%)
                 0      unc_h_snoop_resp_rspsfwd_3                                     (23.53%)
             2,134      unc_h_snoop_resp_rspsfwd_4                                     (23.53%)
             5,997      unc_h_snoop_resp_rspsfwd_5                                     (23.53%)
                 0      unc_h_snoop_resp_rspsfwd_6                                     (23.53%)
                 0      unc_h_snoop_resp_rspsfwd_7                                     (23.53%)
           144,013      unc_i_cache_total_occupancy_mem_0                                     (33.34%)
            97,490      unc_i_cache_total_occupancy_mem_1                                     (33.34%)
                 0      unc_i_cache_total_occupancy_mem_2                                     (33.34%)
                 0      unc_i_cache_total_occupancy_mem_3                                     (33.33%)
                 0      unc_i_cache_total_occupancy_mem_4                                     (33.33%)
                 0      unc_i_cache_total_occupancy_mem_5                                     (33.33%)
                33      unc_i_coherent_ops_pcitom_0                                     (33.34%)
                 0      unc_i_coherent_ops_pcitom_1                                     (33.34%)
                 0      unc_i_coherent_ops_pcitom_2                                     (33.33%)
                 0      unc_i_coherent_ops_pcitom_3                                     (33.33%)
                 0      unc_i_coherent_ops_pcitom_4                                     (33.33%)
                 0      unc_i_coherent_ops_pcitom_5                                     (33.33%)
               570      unc_i_coherent_ops_rfo_0                                      (33.33%)
                81      unc_i_coherent_ops_rfo_1                                      (33.33%)
                 0      unc_i_coherent_ops_rfo_2                                      (33.33%)
                 0      unc_i_coherent_ops_rfo_3                                      (33.33%)
                 0      unc_i_coherent_ops_rfo_4                                      (33.33%)
                 0      unc_i_coherent_ops_rfo_5                                      (33.33%)
               903      unc_i_faf_inserts_0                                           (33.33%)
            23,785      unc_i_faf_inserts_1                                           (33.33%)
                 0      unc_i_faf_inserts_2                                           (33.33%)
                 0      unc_i_faf_inserts_3                                           (33.33%)
                 0      unc_i_faf_inserts_4                                           (33.33%)
                 0      unc_i_faf_inserts_5                                           (33.33%)
               885      unc_i_faf_occupancy_0                                         (33.33%)
            28,664      unc_i_faf_occupancy_1                                         (33.33%)
                 0      unc_i_faf_occupancy_2                                         (33.33%)
                 0      unc_i_faf_occupancy_3                                         (33.34%)
                 0      unc_i_faf_occupancy_4                                         (33.34%)
                 0      unc_i_faf_occupancy_5                                         (33.34%)
               558      unc_i_transactions_wr_pref_0                                     (33.34%)
               138      unc_i_transactions_wr_pref_1                                     (33.33%)
                 0      unc_i_transactions_wr_pref_2                                     (33.33%)
                 0      unc_i_transactions_wr_pref_3                                     (33.34%)
                 0      unc_i_transactions_wr_pref_4                                     (33.34%)
                 0      unc_i_transactions_wr_pref_5                                     (33.34%)
    67,937,002,752      unc_iio_clockticks_0                                          (5.28%)
    68,099,421,293      unc_iio_clockticks_1                                          (5.28%)
    68,099,010,040      unc_iio_clockticks_2                                          (5.28%)
    68,084,118,695      unc_iio_clockticks_3                                          (5.29%)
                 0      unc_iio_clockticks_4                                          (5.27%)
                 0      unc_iio_clockticks_5                                          (5.27%)
                 0      unc_iio_comp_buf_inserts_cmpd_all_parts_0                                     (7.03%)
                 0      unc_iio_comp_buf_inserts_cmpd_all_parts_1                                     (5.29%)
                 0      unc_iio_comp_buf_inserts_cmpd_all_parts_2                                     (5.32%)
                 0      unc_iio_comp_buf_inserts_cmpd_all_parts_3                                     (5.33%)
                 0      unc_iio_comp_buf_inserts_cmpd_all_parts_4                                     (7.04%)
                 0      unc_iio_comp_buf_inserts_cmpd_all_parts_5                                     (5.32%)
                 0      unc_iio_comp_buf_inserts_cmpd_part0_0                                     (7.03%)
                 0      unc_iio_comp_buf_inserts_cmpd_part0_1                                     (7.03%)
                 0      unc_iio_comp_buf_inserts_cmpd_part0_2                                     (7.04%)
                 0      unc_iio_comp_buf_inserts_cmpd_part0_3                                     (7.04%)
                 0      unc_iio_comp_buf_inserts_cmpd_part0_4                                     (7.01%)
                 0      unc_iio_comp_buf_inserts_cmpd_part0_5                                     (7.01%)
                 0      unc_iio_comp_buf_inserts_cmpd_part1_0                                     (7.03%)
                 0      unc_iio_comp_buf_inserts_cmpd_part1_1                                     (7.05%)
                 0      unc_iio_comp_buf_inserts_cmpd_part1_2                                     (7.05%)
                 0      unc_iio_comp_buf_inserts_cmpd_part1_3                                     (7.01%)
                 0      unc_iio_comp_buf_inserts_cmpd_part1_4                                     (7.04%)
                 0      unc_iio_comp_buf_inserts_cmpd_part1_5                                     (7.04%)
                 0      unc_iio_comp_buf_inserts_cmpd_part2_0                                     (7.03%)
                 0      unc_iio_comp_buf_inserts_cmpd_part2_1                                     (7.02%)
                 0      unc_iio_comp_buf_inserts_cmpd_part2_2                                     (7.02%)
                 0      unc_iio_comp_buf_inserts_cmpd_part2_3                                     (7.02%)
                 0      unc_iio_comp_buf_inserts_cmpd_part2_4                                     (7.04%)
                 0      unc_iio_comp_buf_inserts_cmpd_part2_5                                     (7.03%)
                 0      unc_iio_comp_buf_inserts_cmpd_part3_0                                     (7.03%)
                 0      unc_iio_comp_buf_inserts_cmpd_part3_1                                     (7.03%)
                 0      unc_iio_comp_buf_inserts_cmpd_part3_2                                     (7.04%)
                 0      unc_iio_comp_buf_inserts_cmpd_part3_3                                     (7.04%)
                 0      unc_iio_comp_buf_inserts_cmpd_part3_4                                     (7.01%)
                 0      unc_iio_comp_buf_inserts_cmpd_part3_5                                     (7.00%)
            59,761      unc_iio_comp_buf_occupancy_cmpd_all_parts_0                                     (7.03%)
         6,835,700      unc_iio_comp_buf_occupancy_cmpd_all_parts_1                                     (7.03%)
                 0      unc_iio_comp_buf_occupancy_cmpd_all_parts_2                                     (7.02%)
                 0      unc_iio_comp_buf_occupancy_cmpd_all_parts_3                                     (7.00%)
                 0      unc_iio_comp_buf_occupancy_cmpd_all_parts_4                                     (7.00%)
                 0      unc_iio_comp_buf_occupancy_cmpd_all_parts_5                                     (7.03%)
                 0      unc_iio_comp_buf_occupancy_cmpd_part0_0                                     (7.03%)
         7,437,282      unc_iio_comp_buf_occupancy_cmpd_part0_1                                     (7.02%)
                 0      unc_iio_comp_buf_occupancy_cmpd_part0_2                                     (7.00%)
                 0      unc_iio_comp_buf_occupancy_cmpd_part0_3                                     (7.01%)
                 0      unc_iio_comp_buf_occupancy_cmpd_part0_4                                     (6.98%)
                 0      unc_iio_comp_buf_occupancy_cmpd_part0_5                                     (6.98%)
            53,983      unc_iio_comp_buf_occupancy_cmpd_part1_0                                     (3.51%)
                 0      unc_iio_comp_buf_occupancy_cmpd_part1_1                                     (5.26%)
                 0      unc_iio_comp_buf_occupancy_cmpd_part1_2                                     (5.25%)
                 0      unc_iio_comp_buf_occupancy_cmpd_part1_3                                     (6.98%)
                 0      unc_iio_comp_buf_occupancy_cmpd_part1_4                                     (3.53%)
                 0      unc_iio_comp_buf_occupancy_cmpd_part1_5                                     (5.25%)
                 0      unc_iio_comp_buf_occupancy_cmpd_part2_0                                     (3.51%)
                 0      unc_iio_comp_buf_occupancy_cmpd_part2_1                                     (3.51%)
                 0      unc_iio_comp_buf_occupancy_cmpd_part2_2                                     (3.52%)
                 0      unc_iio_comp_buf_occupancy_cmpd_part2_3                                     (3.52%)
                 0      unc_iio_comp_buf_occupancy_cmpd_part2_4                                     (3.51%)
                 0      unc_iio_comp_buf_occupancy_cmpd_part2_5                                     (3.52%)
                 0      unc_iio_comp_buf_occupancy_cmpd_part3_0                                     (3.51%)
                 0      unc_iio_comp_buf_occupancy_cmpd_part3_1                                     (5.29%)
                 0      unc_iio_comp_buf_occupancy_cmpd_part3_2                                     (5.29%)
                 0      unc_iio_comp_buf_occupancy_cmpd_part3_3                                     (3.55%)
                 0      unc_iio_comp_buf_occupancy_cmpd_part3_4                                     (3.54%)
                 0      unc_iio_comp_buf_occupancy_cmpd_part3_5                                     (5.33%)
                 0      unc_iio_data_req_by_cpu_mem_read_part0_0                                     (5.27%)
                 0      unc_iio_data_req_by_cpu_mem_read_part0_1                                     (7.02%)
                 0      unc_iio_data_req_by_cpu_mem_read_part0_2                                     (7.01%)
                 0      unc_iio_data_req_by_cpu_mem_read_part0_3                                     (5.27%)
                 0      unc_iio_data_req_by_cpu_mem_read_part0_4                                     (3.52%)
                 0      unc_iio_data_req_by_cpu_mem_read_part0_5                                     (7.03%)
                 0      unc_iio_data_req_by_cpu_mem_read_part1_0                                     (7.02%)
                 0      unc_iio_data_req_by_cpu_mem_read_part1_1                                     (7.02%)
                 0      unc_iio_data_req_by_cpu_mem_read_part1_2                                     (7.02%)
                 0      unc_iio_data_req_by_cpu_mem_read_part1_3                                     (7.03%)
                 0      unc_iio_data_req_by_cpu_mem_read_part1_4                                     (7.02%)
                 0      unc_iio_data_req_by_cpu_mem_read_part1_5                                     (7.01%)
                 0      unc_iio_data_req_by_cpu_mem_read_part2_0                                     (7.02%)
                 0      unc_iio_data_req_by_cpu_mem_read_part2_1                                     (7.00%)
                 0      unc_iio_data_req_by_cpu_mem_read_part2_2                                     (7.00%)
                 0      unc_iio_data_req_by_cpu_mem_read_part2_3                                     (7.04%)
                 0      unc_iio_data_req_by_cpu_mem_read_part2_4                                     (7.03%)
                 0      unc_iio_data_req_by_cpu_mem_read_part2_5                                     (7.03%)
                 0      unc_iio_data_req_by_cpu_mem_read_part3_0                                     (7.02%)
                 0      unc_iio_data_req_by_cpu_mem_read_part3_1                                     (7.02%)
                 0      unc_iio_data_req_by_cpu_mem_read_part3_2                                     (7.01%)
                 0      unc_iio_data_req_by_cpu_mem_read_part3_3                                     (7.01%)
                 0      unc_iio_data_req_by_cpu_mem_read_part3_4                                     (7.03%)
                 0      unc_iio_data_req_by_cpu_mem_read_part3_5                                     (7.02%)
                 0      unc_iio_data_req_by_cpu_mem_write_part0_0                                     (7.02%)
                 0      unc_iio_data_req_by_cpu_mem_write_part0_1                                     (7.02%)
                 0      unc_iio_data_req_by_cpu_mem_write_part0_2                                     (7.03%)
                 0      unc_iio_data_req_by_cpu_mem_write_part0_3                                     (7.03%)
                 0      unc_iio_data_req_by_cpu_mem_write_part0_4                                     (7.02%)
                 0      unc_iio_data_req_by_cpu_mem_write_part0_5                                     (7.02%)
                 0      unc_iio_data_req_by_cpu_mem_write_part1_0                                     (7.02%)
                 0      unc_iio_data_req_by_cpu_mem_write_part1_1                                     (7.02%)
                 0      unc_iio_data_req_by_cpu_mem_write_part1_2                                     (7.04%)
                 0      unc_iio_data_req_by_cpu_mem_write_part1_3                                     (7.02%)
                 0      unc_iio_data_req_by_cpu_mem_write_part1_4                                     (7.01%)
                 0      unc_iio_data_req_by_cpu_mem_write_part1_5                                     (7.03%)
                 0      unc_iio_data_req_by_cpu_mem_write_part2_0                                     (7.02%)
                 0      unc_iio_data_req_by_cpu_mem_write_part2_1                                     (7.00%)
                 0      unc_iio_data_req_by_cpu_mem_write_part2_2                                     (7.01%)
                 0      unc_iio_data_req_by_cpu_mem_write_part2_3                                     (7.00%)
                 0      unc_iio_data_req_by_cpu_mem_write_part2_4                                     (6.99%)
                 0      unc_iio_data_req_by_cpu_mem_write_part2_5                                     (6.98%)
                 0      unc_iio_data_req_by_cpu_mem_write_part3_0                                     (7.02%)
                 0      unc_iio_data_req_by_cpu_mem_write_part3_1                                     (7.02%)
                 0      unc_iio_data_req_by_cpu_mem_write_part3_2                                     (7.02%)
                 0      unc_iio_data_req_by_cpu_mem_write_part3_3                                     (7.02%)
                 0      unc_iio_data_req_by_cpu_mem_write_part3_4                                     (7.02%)
                 0      unc_iio_data_req_by_cpu_mem_write_part3_5                                     (7.00%)
                 0      unc_iio_data_req_by_cpu_peer_read_part0_0                                     (7.02%)
                 0      unc_iio_data_req_by_cpu_peer_read_part0_1                                     (7.01%)
                 0      unc_iio_data_req_by_cpu_peer_read_part0_2                                     (7.01%)
                 0      unc_iio_data_req_by_cpu_peer_read_part0_3                                     (7.01%)
                 0      unc_iio_data_req_by_cpu_peer_read_part0_4                                     (7.01%)
                 0      unc_iio_data_req_by_cpu_peer_read_part0_5                                     (6.96%)
                 0      unc_iio_data_req_by_cpu_peer_read_part1_0                                     (7.02%)
                 0      unc_iio_data_req_by_cpu_peer_read_part1_1                                     (7.01%)
                 0      unc_iio_data_req_by_cpu_peer_read_part1_2                                     (6.99%)
                 0      unc_iio_data_req_by_cpu_peer_read_part1_3                                     (6.98%)
                 0      unc_iio_data_req_by_cpu_peer_read_part1_4                                     (6.96%)
                 0      unc_iio_data_req_by_cpu_peer_read_part1_5                                     (6.96%)
                 0      unc_iio_data_req_by_cpu_peer_read_part2_0                                     (5.26%)
                 0      unc_iio_data_req_by_cpu_peer_read_part2_1                                     (3.51%)
                 0      unc_iio_data_req_by_cpu_peer_read_part2_2                                     (3.51%)
                 0      unc_iio_data_req_by_cpu_peer_read_part2_3                                     (3.51%)
                 0      unc_iio_data_req_by_cpu_peer_read_part2_4                                     (5.25%)
                 0      unc_iio_data_req_by_cpu_peer_read_part2_5                                     (3.53%)
                 0      unc_iio_data_req_by_cpu_peer_read_part3_0                                     (3.51%)
                 0      unc_iio_data_req_by_cpu_peer_read_part3_1                                     (3.51%)
                 0      unc_iio_data_req_by_cpu_peer_read_part3_2                                     (3.52%)
                 0      unc_iio_data_req_by_cpu_peer_read_part3_3                                     (3.52%)
                 0      unc_iio_data_req_by_cpu_peer_read_part3_4                                     (3.53%)
                 0      unc_iio_data_req_by_cpu_peer_read_part3_5                                     (3.53%)
                 0      unc_iio_data_req_by_cpu_peer_write_part0_0                                     (3.51%)
                 0      unc_iio_data_req_by_cpu_peer_write_part0_1                                     (3.51%)
                 0      unc_iio_data_req_by_cpu_peer_write_part0_2                                     (3.51%)
                 0      unc_iio_data_req_by_cpu_peer_write_part0_3                                     (5.26%)
                 0      unc_iio_data_req_by_cpu_peer_write_part0_4                                     (3.50%)
                 0      unc_iio_data_req_by_cpu_peer_write_part0_5                                     (3.50%)
                 0      unc_iio_data_req_by_cpu_peer_write_part1_0                                     (3.51%)
                 0      unc_iio_data_req_by_cpu_peer_write_part1_1                                     (5.27%)
                 0      unc_iio_data_req_by_cpu_peer_write_part1_2                                     (5.26%)
                 0      unc_iio_data_req_by_cpu_peer_write_part1_3                                     (5.26%)
                 0      unc_iio_data_req_by_cpu_peer_write_part1_4                                     (5.30%)
                 0      unc_iio_data_req_by_cpu_peer_write_part1_5                                     (5.30%)
                 0      unc_iio_data_req_by_cpu_peer_write_part2_0                                     (3.51%)
                 0      unc_iio_data_req_by_cpu_peer_write_part2_1                                     (3.52%)
                 0      unc_iio_data_req_by_cpu_peer_write_part2_2                                     (3.54%)
                 0      unc_iio_data_req_by_cpu_peer_write_part2_3                                     (3.56%)
                 0      unc_iio_data_req_by_cpu_peer_write_part2_4                                     (5.33%)
                 0      unc_iio_data_req_by_cpu_peer_write_part2_5                                     (3.54%)
                 0      unc_iio_data_req_by_cpu_peer_write_part3_0                                     (5.26%)
                 0      unc_iio_data_req_by_cpu_peer_write_part3_1                                     (3.51%)
                 0      unc_iio_data_req_by_cpu_peer_write_part3_2                                     (5.27%)
                 0      unc_iio_data_req_by_cpu_peer_write_part3_3                                     (5.27%)
                 0      unc_iio_data_req_by_cpu_peer_write_part3_4                                     (3.51%)
                 0      unc_iio_data_req_by_cpu_peer_write_part3_5                                     (3.53%)
                 0      unc_iio_data_req_of_cpu_mem_read_part0_0                                     (7.02%)
                 0      unc_iio_data_req_of_cpu_mem_read_part0_1                                     (7.03%)
                 0      unc_iio_data_req_of_cpu_mem_read_part0_2                                     (7.03%)
                 0      unc_iio_data_req_of_cpu_mem_read_part0_3                                     (7.01%)
                 0      unc_iio_data_req_of_cpu_mem_read_part0_4                                     (5.27%)
                 0      unc_iio_data_req_of_cpu_mem_read_part0_5                                     (7.05%)
                 0      unc_iio_data_req_of_cpu_mem_read_part1_0                                     (7.02%)
                 0      unc_iio_data_req_of_cpu_mem_read_part1_1                                     (7.02%)
                 0      unc_iio_data_req_of_cpu_mem_read_part1_2                                     (7.01%)
                 0      unc_iio_data_req_of_cpu_mem_read_part1_3                                     (7.03%)
                 0      unc_iio_data_req_of_cpu_mem_read_part1_4                                     (7.03%)
                 0      unc_iio_data_req_of_cpu_mem_read_part1_5                                     (7.03%)
                 0      unc_iio_data_req_of_cpu_mem_read_part2_0                                     (7.02%)
                 0      unc_iio_data_req_of_cpu_mem_read_part2_1                                     (7.02%)
                 0      unc_iio_data_req_of_cpu_mem_read_part2_2                                     (7.03%)
                 0      unc_iio_data_req_of_cpu_mem_read_part2_3                                     (7.00%)
                 0      unc_iio_data_req_of_cpu_mem_read_part2_4                                     (7.00%)
                 0      unc_iio_data_req_of_cpu_mem_read_part2_5                                     (7.00%)
                 0      unc_iio_data_req_of_cpu_mem_read_part3_0                                     (7.02%)
                 0      unc_iio_data_req_of_cpu_mem_read_part3_1                                     (7.01%)
                 0      unc_iio_data_req_of_cpu_mem_read_part3_2                                     (7.01%)
                 0      unc_iio_data_req_of_cpu_mem_read_part3_3                                     (7.01%)
                 0      unc_iio_data_req_of_cpu_mem_read_part3_4                                     (7.00%)
                 0      unc_iio_data_req_of_cpu_mem_read_part3_5                                     (7.00%)
                 0      unc_iio_data_req_of_cpu_mem_write_part0_0                                     (7.02%)
                 0      unc_iio_data_req_of_cpu_mem_write_part0_1                                     (7.01%)
                 0      unc_iio_data_req_of_cpu_mem_write_part0_2                                     (7.01%)
                 0      unc_iio_data_req_of_cpu_mem_write_part0_3                                     (5.30%)
                 0      unc_iio_data_req_of_cpu_mem_write_part0_4                                     (7.01%)
                 0      unc_iio_data_req_of_cpu_mem_write_part0_5                                     (7.01%)
                 0      unc_iio_data_req_of_cpu_mem_write_part1_0                                     (5.26%)
                 0      unc_iio_data_req_of_cpu_mem_write_part1_1                                     (7.02%)
                 0      unc_iio_data_req_of_cpu_mem_write_part1_2                                     (7.02%)
                 0      unc_iio_data_req_of_cpu_mem_write_part1_3                                     (5.25%)
                 0      unc_iio_data_req_of_cpu_mem_write_part1_4                                     (7.03%)
                 0      unc_iio_data_req_of_cpu_mem_write_part1_5                                     (7.02%)
                 0      unc_iio_data_req_of_cpu_mem_write_part2_0                                     (5.26%)
                 0      unc_iio_data_req_of_cpu_mem_write_part2_1                                     (7.01%)
                 0      unc_iio_data_req_of_cpu_mem_write_part2_2                                     (7.01%)
                 0      unc_iio_data_req_of_cpu_mem_write_part2_3                                     (7.01%)
                 0      unc_iio_data_req_of_cpu_mem_write_part2_4                                     (7.01%)
                 0      unc_iio_data_req_of_cpu_mem_write_part2_5                                     (6.99%)
                 0      unc_iio_data_req_of_cpu_mem_write_part3_0                                     (7.02%)
                 0      unc_iio_data_req_of_cpu_mem_write_part3_1                                     (7.03%)
                 0      unc_iio_data_req_of_cpu_mem_write_part3_2                                     (7.02%)
                 0      unc_iio_data_req_of_cpu_mem_write_part3_3                                     (7.02%)
                 0      unc_iio_data_req_of_cpu_mem_write_part3_4                                     (7.03%)
                 0      unc_iio_data_req_of_cpu_mem_write_part3_5                                     (7.04%)
                 0      unc_iio_data_req_of_cpu_peer_read_part0_0                                     (7.02%)
                 0      unc_iio_data_req_of_cpu_peer_read_part0_1                                     (5.28%)
                 0      unc_iio_data_req_of_cpu_peer_read_part0_2                                     (7.00%)
                 0      unc_iio_data_req_of_cpu_peer_read_part0_3                                     (7.00%)
                 0      unc_iio_data_req_of_cpu_peer_read_part0_4                                     (5.29%)
                 0      unc_iio_data_req_of_cpu_peer_read_part0_5                                     (7.03%)
                 0      unc_iio_data_req_of_cpu_peer_read_part1_0                                     (7.02%)
                 0      unc_iio_data_req_of_cpu_peer_read_part1_1                                     (5.26%)
                 0      unc_iio_data_req_of_cpu_peer_read_part1_2                                     (7.03%)
                 0      unc_iio_data_req_of_cpu_peer_read_part1_3                                     (7.03%)
                 0      unc_iio_data_req_of_cpu_peer_read_part1_4                                     (5.25%)
                 0      unc_iio_data_req_of_cpu_peer_read_part1_5                                     (7.01%)
                 0      unc_iio_data_req_of_cpu_peer_read_part2_0                                     (7.02%)
                 0      unc_iio_data_req_of_cpu_peer_read_part2_1                                     (7.02%)
                 0      unc_iio_data_req_of_cpu_peer_read_part2_2                                     (7.02%)
                 0      unc_iio_data_req_of_cpu_peer_read_part2_3                                     (7.00%)
                 0      unc_iio_data_req_of_cpu_peer_read_part2_4                                     (6.99%)
                 0      unc_iio_data_req_of_cpu_peer_read_part2_5                                     (7.00%)
                 0      unc_iio_data_req_of_cpu_peer_read_part3_0                                     (7.02%)
                 0      unc_iio_data_req_of_cpu_peer_read_part3_1                                     (7.01%)
                 0      unc_iio_data_req_of_cpu_peer_read_part3_2                                     (6.99%)
                 0      unc_iio_data_req_of_cpu_peer_read_part3_3                                     (6.99%)
                 0      unc_iio_data_req_of_cpu_peer_read_part3_4                                     (6.98%)
                 0      unc_iio_data_req_of_cpu_peer_read_part3_5                                     (6.97%)
                 0      unc_iio_data_req_of_cpu_peer_write_part0_0                                     (7.02%)
                 0      unc_iio_data_req_of_cpu_peer_write_part0_1                                     (7.00%)
                 0      unc_iio_data_req_of_cpu_peer_write_part0_2                                     (5.26%)
                 0      unc_iio_data_req_of_cpu_peer_write_part0_3                                     (7.01%)
                 0      unc_iio_data_req_of_cpu_peer_write_part0_4                                     (7.01%)
                 0      unc_iio_data_req_of_cpu_peer_write_part0_5                                     (5.26%)
                 0      unc_iio_data_req_of_cpu_peer_write_part1_0                                     (7.02%)
                 0      unc_iio_data_req_of_cpu_peer_write_part1_1                                     (7.01%)
                 0      unc_iio_data_req_of_cpu_peer_write_part1_2                                     (5.26%)
                 0      unc_iio_data_req_of_cpu_peer_write_part1_3                                     (5.26%)
                 0      unc_iio_data_req_of_cpu_peer_write_part1_4                                     (7.02%)
                 0      unc_iio_data_req_of_cpu_peer_write_part1_5                                     (5.26%)
                 0      unc_iio_data_req_of_cpu_peer_write_part2_0                                     (5.26%)
                 0      unc_iio_data_req_of_cpu_peer_write_part2_1                                     (7.02%)
                 0      unc_iio_data_req_of_cpu_peer_write_part2_2                                     (7.01%)
                 0      unc_iio_data_req_of_cpu_peer_write_part2_3                                     (5.25%)
                 0      unc_iio_data_req_of_cpu_peer_write_part2_4                                     (5.25%)
                 0      unc_iio_data_req_of_cpu_peer_write_part2_5                                     (6.99%)
                 0      unc_iio_data_req_of_cpu_peer_write_part3_0                                     (5.26%)
                 0      unc_iio_data_req_of_cpu_peer_write_part3_1                                     (5.26%)
                 0      unc_iio_data_req_of_cpu_peer_write_part3_2                                     (7.00%)
                 0      unc_iio_data_req_of_cpu_peer_write_part3_3                                     (6.98%)
                 0      unc_iio_data_req_of_cpu_peer_write_part3_4                                     (5.22%)
                 0      unc_iio_data_req_of_cpu_peer_write_part3_5                                     (6.96%)
                 0      unc_iio_payload_bytes_in_mem_read_part0_0                                     (7.02%)
                 0      unc_iio_payload_bytes_in_mem_read_part0_1                                     (5.25%)
                 0      unc_iio_payload_bytes_in_mem_read_part0_2                                     (5.24%)
                 0      unc_iio_payload_bytes_in_mem_read_part0_3                                     (5.24%)
                 0      unc_iio_payload_bytes_in_mem_read_part0_4                                     (5.23%)
                 0      unc_iio_payload_bytes_in_mem_read_part0_5                                     (5.24%)
                 0      unc_iio_payload_bytes_in_mem_read_part1_0                                     (5.27%)
                 0      unc_iio_payload_bytes_in_mem_read_part1_1                                     (5.26%)
                 0      unc_iio_payload_bytes_in_mem_read_part1_2                                     (3.50%)
                 0      unc_iio_payload_bytes_in_mem_read_part1_3                                     (3.50%)
                 0      unc_iio_payload_bytes_in_mem_read_part1_4                                     (3.50%)
                 0      unc_iio_payload_bytes_in_mem_read_part1_5                                     (3.51%)
                 0      unc_iio_payload_bytes_in_mem_read_part2_0                                     (3.51%)
                 0      unc_iio_payload_bytes_in_mem_read_part2_1                                     (3.51%)
                 0      unc_iio_payload_bytes_in_mem_read_part2_2                                     (3.51%)
                 0      unc_iio_payload_bytes_in_mem_read_part2_3                                     (3.51%)
                 0      unc_iio_payload_bytes_in_mem_read_part2_4                                     (3.51%)
                 0      unc_iio_payload_bytes_in_mem_read_part2_5                                     (3.51%)
                 0      unc_iio_payload_bytes_in_mem_read_part3_0                                     (3.51%)
                 0      unc_iio_payload_bytes_in_mem_read_part3_1                                     (3.51%)
                 0      unc_iio_payload_bytes_in_mem_read_part3_2                                     (3.51%)
                 0      unc_iio_payload_bytes_in_mem_read_part3_3                                     (3.51%)
                 0      unc_iio_payload_bytes_in_mem_read_part3_4                                     (3.51%)
                 0      unc_iio_payload_bytes_in_mem_read_part3_5                                     (3.51%)
                 0      unc_iio_payload_bytes_in_mem_write_part0_0                                     (3.51%)
                 0      unc_iio_payload_bytes_in_mem_write_part0_1                                     (3.51%)
                 0      unc_iio_payload_bytes_in_mem_write_part0_2                                     (3.51%)
                 0      unc_iio_payload_bytes_in_mem_write_part0_3                                     (3.51%)
                 0      unc_iio_payload_bytes_in_mem_write_part0_4                                     (3.51%)
                 0      unc_iio_payload_bytes_in_mem_write_part0_5                                     (3.55%)
                 0      unc_iio_payload_bytes_in_mem_write_part1_0                                     (3.51%)
                 0      unc_iio_payload_bytes_in_mem_write_part1_1                                     (3.52%)
                 0      unc_iio_payload_bytes_in_mem_write_part1_2                                     (3.53%)
                 0      unc_iio_payload_bytes_in_mem_write_part1_3                                     (3.53%)
                 0      unc_iio_payload_bytes_in_mem_write_part1_4                                     (3.54%)
                 0      unc_iio_payload_bytes_in_mem_write_part1_5                                     (3.59%)
                 0      unc_iio_payload_bytes_in_mem_write_part2_0                                     (3.51%)
                 0      unc_iio_payload_bytes_in_mem_write_part2_1                                     (3.53%)
                 0      unc_iio_payload_bytes_in_mem_write_part2_2                                     (3.54%)
                 0      unc_iio_payload_bytes_in_mem_write_part2_3                                     (3.56%)
                 0      unc_iio_payload_bytes_in_mem_write_part2_4                                     (3.57%)
                 0      unc_iio_payload_bytes_in_mem_write_part2_5                                     (3.54%)
                 0      unc_iio_payload_bytes_in_mem_write_part3_0                                     (3.51%)
                 0      unc_iio_payload_bytes_in_mem_write_part3_1                                     (3.52%)
                 0      unc_iio_payload_bytes_in_mem_write_part3_2                                     (3.52%)
                 0      unc_iio_payload_bytes_in_mem_write_part3_3                                     (3.53%)
                 0      unc_iio_payload_bytes_in_mem_write_part3_4                                     (3.54%)
                 0      unc_iio_payload_bytes_in_mem_write_part3_5                                     (3.52%)
                 0      unc_iio_txn_req_by_cpu_mem_read_part0_0                                     (5.26%)
                 0      unc_iio_txn_req_by_cpu_mem_read_part0_1                                     (5.27%)
                 0      unc_iio_txn_req_by_cpu_mem_read_part0_2                                     (5.28%)
                 0      unc_iio_txn_req_by_cpu_mem_read_part0_3                                     (5.28%)
                 0      unc_iio_txn_req_by_cpu_mem_read_part0_4                                     (5.30%)
                 0      unc_iio_txn_req_by_cpu_mem_read_part0_5                                     (5.28%)
                 0      unc_iio_txn_req_by_cpu_mem_read_part1_0                                     (7.02%)
                 0      unc_iio_txn_req_by_cpu_mem_read_part1_1                                     (7.03%)
                 0      unc_iio_txn_req_by_cpu_mem_read_part1_2                                     (7.04%)
                 0      unc_iio_txn_req_by_cpu_mem_read_part1_3                                     (7.05%)
                 0      unc_iio_txn_req_by_cpu_mem_read_part1_4                                     (7.06%)
                 0      unc_iio_txn_req_by_cpu_mem_read_part1_5                                     (7.02%)
                 0      unc_iio_txn_req_by_cpu_mem_read_part2_0                                     (7.02%)
                 0      unc_iio_txn_req_by_cpu_mem_read_part2_1                                     (7.01%)
                 0      unc_iio_txn_req_by_cpu_mem_read_part2_2                                     (7.01%)
                 0      unc_iio_txn_req_by_cpu_mem_read_part2_3                                     (7.01%)
                 0      unc_iio_txn_req_by_cpu_mem_read_part2_4                                     (7.01%)
                 0      unc_iio_txn_req_by_cpu_mem_read_part2_5                                     (7.02%)
                 0      unc_iio_txn_req_by_cpu_mem_read_part3_0                                     (7.01%)
                 0      unc_iio_txn_req_by_cpu_mem_read_part3_1                                     (7.01%)
                 0      unc_iio_txn_req_by_cpu_mem_read_part3_2                                     (7.01%)
                 0      unc_iio_txn_req_by_cpu_mem_read_part3_3                                     (7.01%)
                 0      unc_iio_txn_req_by_cpu_mem_read_part3_4                                     (7.01%)
                 0      unc_iio_txn_req_by_cpu_mem_read_part3_5                                     (6.99%)
                 0      unc_iio_txn_req_by_cpu_mem_write_part0_0                                     (7.01%)
                 0      unc_iio_txn_req_by_cpu_mem_write_part0_1                                     (7.01%)
                 0      unc_iio_txn_req_by_cpu_mem_write_part0_2                                     (7.01%)
                 0      unc_iio_txn_req_by_cpu_mem_write_part0_3                                     (6.98%)
                 0      unc_iio_txn_req_by_cpu_mem_write_part0_4                                     (6.97%)
                 0      unc_iio_txn_req_by_cpu_mem_write_part0_5                                     (6.97%)
                 0      unc_iio_txn_req_by_cpu_mem_write_part1_0                                     (7.01%)
                 0      unc_iio_txn_req_by_cpu_mem_write_part1_1                                     (7.00%)
                 0      unc_iio_txn_req_by_cpu_mem_write_part1_2                                     (6.99%)
                 0      unc_iio_txn_req_by_cpu_mem_write_part1_3                                     (6.98%)
                 0      unc_iio_txn_req_by_cpu_mem_write_part1_4                                     (6.95%)
                 0      unc_iio_txn_req_by_cpu_mem_write_part1_5                                     (6.94%)

      70.008728661 seconds time elapsed

