# started on Mon Feb  5 04:18:42 2024


 Performance counter stats for 'system wide':

     8,722,793,442      r151                                                          (9.99%)
    16,868,169,322      r248                                                          (9.99%)
   310,014,259,178      r148                                                          (9.99%)
   107,942,947,183      r1000148                                                      (10.00%)
   107,941,629,078      r1200148                                                      (10.00%)
     8,618,328,268      r1ff1                                                         (10.00%)
     7,305,400,456      r2f2                                                          (10.00%)
       106,207,194      r1f2                                                          (10.00%)
         6,477,050      r4f2                                                          (10.00%)
         6,535,233      r4f2                                                          (10.00%)
       140,675,116      re424                                                         (10.00%)
     1,362,836,770      re124                                                         (10.00%)
     1,796,350,174      r2724                                                         (10.00%)
     5,026,457,280      re724                                                         (10.00%)
     8,628,490,973      rf824                                                         (10.00%)
     3,516,304,832      re224                                                         (10.00%)
       112,232,684      rc424                                                         (10.00%)
        38,338,372      r2424                                                         (10.00%)
     1,271,392,234      rc124                                                         (10.00%)
        94,116,502      r2124                                                         (10.00%)
     8,615,044,076      r3f24                                                         (10.00%)
     1,816,877,793      rd824                                                         (10.00%)
     6,818,924,345      r3824                                                         (10.00%)
    13,659,147,985      rff24                                                         (10.00%)
     1,850,208,708      rc224                                                         (10.00%)
     1,663,202,522      r2224                                                         (10.00%)
     7,306,619,611      r40f0                                                         (10.00%)
     6,420,478,737      r412e                                                         (10.00%)
     7,416,405,983      r4f2e                                                         (10.00%)
    30,347,528,710      r81d0                                                         (10.00%)
    33,290,510,595      r82d0                                                         (10.00%)
        18,008,265      r21d0                                                         (10.00%)
           248,048      r41d0                                                         (10.00%)
           673,107      r42d0                                                         (5.00%)
           386,155      r11d0                                                         (5.00%)
           150,586      r12d0                                                         (5.00%)
            31,073      r2d2                                                          (5.00%)
         1,425,842      r4d2                                                          (5.00%)
             3,399      r1d2                                                          (5.00%)
        11,666,415      r8d2                                                          (5.00%)
       463,288,535      r1d3                                                          (6.25%)
                 0      r2d3                                                          (7.50%)
                 0      r8d3                                                          (8.75%)
                 0      r4d3                                                          (10.00%)
                 0      r4d4                                                          (10.00%)
    18,643,714,345      r40d1                                                         (10.00%)
     9,484,852,174      r1d1                                                          (10.00%)
     2,047,988,855      r8d1                                                          (10.00%)
     1,455,349,070      r2d1                                                          (10.00%)
       594,020,215      r10d1                                                         (5.00%)
        12,276,011      r4d1                                                          (5.00%)
       579,464,345      r20d1                                                         (5.00%)
     3,678,823,087      r8b0                                                          (6.25%)
    17,489,272,604      r80b0                                                         (7.50%)
        36,860,870      r2b0                                                          (8.75%)
       795,442,959      r1b0                                                          (10.00%)
     3,138,924,175      r4b0                                                          (10.00%)
    60,285,321,300      r1b2                                                          (10.00%)
   922,444,567,346      r860                                                          (10.00%)
   109,722,705,139      r1000860                                                      (10.00%)
       928,171,449      r1000260                                                      (10.00%)
    60,463,610,148      r1000160                                                      (10.00%)
   116,910,558,344      r1000460                                                      (10.00%)
     2,939,270,198      r260                                                          (10.00%)
   118,135,226,045      r160                                                          (10.00%)
       293,323,717      r6000160                                                      (10.00%)
   596,898,541,784      r460                                                          (10.00%)
                 0      r1b7                                                          (10.00%)
                 0      r1b7                                                          (10.00%)
                 0      r1b7                                                          (10.00%)
                 0      r1b7                                                          (10.00%)
                 0      r1b7                                                          (10.00%)
                 0      r1b7                                                          (10.00%)
                 0      r1b7                                                          (10.00%)
                 0      r1b7                                                          (10.00%)
                 0      r1b7                                                          (10.00%)
                 0      r1b7                                                          (10.00%)
                 0      r1b7                                                          (10.00%)
                 0      r1b7                                                          (9.99%)
                 0      r1b7                                                          (9.99%)

      70.074073973 seconds time elapsed

