# started on Mon Feb  5 06:28:36 2024


 Performance counter stats for 'system wide':

        80,246,426      r2ab                                                          (19.51%)
                 0      r1c6                                                          (19.51%)
                 0      r1c6                                                          (19.51%)
                 0      r1c6                                                          (19.51%)
                 0      r1c6                                                          (19.51%)
                 0      r1c6                                                          (9.76%)
                 0      r1c6                                                          (9.76%)
                 0      r1c6                                                          (9.76%)
                 0      r1c6                                                          (9.76%)
                 0      r1c6                                                          (9.76%)
                 0      r1c6                                                          (9.76%)
                 0      r1c6                                                          (9.76%)
                 0      r1c6                                                          (9.76%)
                 0      r1c6                                                          (9.76%)
                 0      r1c6                                                          (9.76%)
                 0      r1c6                                                          (9.76%)
                 0      r1c6                                                          (9.76%)
                 0      r1c6                                                          (9.76%)
       566,605,126      r480                                                          (12.20%)
    51,944,807,511      r183                                                          (14.64%)
       147,865,813      r283                                                          (17.08%)
       138,209,862      r483                                                          (19.51%)
    23,907,402,792      r4001879                                                      (19.51%)
    43,707,157,857      r1001879                                                      (19.51%)
       661,195,610      r4002479                                                      (19.51%)
     1,895,730,186      r1002479                                                      (19.51%)
    42,226,999,693      r1000879                                                      (19.51%)
   161,821,268,670      r879                                                          (19.51%)
     1,208,068,716      r1000479                                                      (19.51%)
     3,224,921,722      r479                                                          (19.51%)
     2,151,078,498      r1003079                                                      (19.51%)
     1,481,122,310      r1001079                                                      (19.51%)
     1,706,650,218      r2079                                                         (19.51%)
       705,117,943      r1043079                                                      (19.51%)
     6,574,421,915      r3079                                                         (19.51%)
    22,266,237,694      r19c                                                          (19.51%)
     1,231,081,782      r400019c                                                      (19.51%)
   158,126,375,108      r180019c                                                      (19.51%)
     1,463,196,492      r300019c                                                      (19.51%)
     7,985,956,687      r200019c                                                      (19.51%)
    11,592,778,165      r100019c                                                      (19.51%)

      70.089237632 seconds time elapsed

