# started on Tue Feb  6 10:34:56 2024


 Performance counter stats for 'system wide':

             2,486      unc_h_dir_update_ha_0                                         (23.54%)
             2,354      unc_h_dir_update_ha_1                                         (23.54%)
             7,551      unc_h_dir_update_ha_2                                         (23.53%)
             2,601      unc_h_dir_update_ha_3                                         (23.53%)
             2,324      unc_h_dir_update_ha_4                                         (23.53%)
             7,207      unc_h_dir_update_ha_5                                         (23.53%)
             2,707      unc_h_dir_update_ha_6                                         (23.53%)
             2,460      unc_h_dir_update_ha_7                                         (23.53%)
             2,554      unc_h_dir_update_tor_0                                        (23.53%)
                 0      unc_h_dir_update_tor_1                                        (23.53%)
             7,169      unc_h_dir_update_tor_2                                        (23.53%)
             2,516      unc_h_dir_update_tor_3                                        (23.53%)
             2,329      unc_h_dir_update_tor_4                                        (23.53%)
             7,360      unc_h_dir_update_tor_5                                        (23.53%)
             2,817      unc_h_dir_update_tor_6                                        (23.53%)
             2,549      unc_h_dir_update_tor_7                                        (23.53%)
                 0      unc_h_hitme_hit_ex_rds_0                                      (23.53%)
             2,639      unc_h_hitme_hit_ex_rds_1                                      (23.53%)
             2,405      unc_h_hitme_hit_ex_rds_2                                      (23.53%)
             1,050      unc_h_hitme_hit_ex_rds_3                                      (23.53%)
                 0      unc_h_hitme_hit_ex_rds_4                                      (23.53%)
             2,779      unc_h_hitme_hit_ex_rds_5                                      (23.54%)
             1,163      unc_h_hitme_hit_ex_rds_6                                      (23.91%)
                 0      unc_h_hitme_hit_ex_rds_7                                      (23.53%)
               106      unc_h_misc_rfo_hit_s_0                                        (23.53%)
                89      unc_h_misc_rfo_hit_s_1                                        (23.53%)
               462      unc_h_misc_rfo_hit_s_2                                        (23.58%)
                38      unc_h_misc_rfo_hit_s_3                                        (23.66%)
                96      unc_h_misc_rfo_hit_s_4                                        (23.84%)
                 0      unc_h_misc_rfo_hit_s_5                                        (23.54%)
                 0      unc_h_misc_rfo_hit_s_6                                        (23.54%)
                 0      unc_h_misc_rfo_hit_s_7                                        (23.54%)
        37,524,028      unc_h_requests_invitoe_local_0                                     (23.66%)
        37,509,373      unc_h_requests_invitoe_local_1                                     (23.71%)
        37,377,346      unc_h_requests_invitoe_local_2                                     (23.54%)
        37,349,902      unc_h_requests_invitoe_local_3                                     (23.54%)
        37,378,040      unc_h_requests_invitoe_local_4                                     (23.54%)
        37,347,033      unc_h_requests_invitoe_local_5                                     (23.53%)
        37,348,813      unc_h_requests_invitoe_local_6                                     (23.53%)
        37,341,561      unc_h_requests_invitoe_local_7                                     (23.53%)
                 0      unc_h_requests_invitoe_remote_0                                     (23.53%)
                 0      unc_h_requests_invitoe_remote_1                                     (23.53%)
               297      unc_h_requests_invitoe_remote_2                                     (23.53%)
                64      unc_h_requests_invitoe_remote_3                                     (23.53%)
                42      unc_h_requests_invitoe_remote_4                                     (23.53%)
               212      unc_h_requests_invitoe_remote_5                                     (23.53%)
               119      unc_h_requests_invitoe_remote_6                                     (23.53%)
                64      unc_h_requests_invitoe_remote_7                                     (23.53%)
       996,510,637      unc_h_requests_reads_0                                        (23.53%)
       996,692,831      unc_h_requests_reads_1                                        (23.53%)
       996,076,250      unc_h_requests_reads_2                                        (23.53%)
       996,796,172      unc_h_requests_reads_3                                        (23.53%)
       996,807,555      unc_h_requests_reads_4                                        (23.53%)
       995,330,975      unc_h_requests_reads_5                                        (23.53%)
       996,643,446      unc_h_requests_reads_6                                        (23.53%)
       996,266,165      unc_h_requests_reads_7                                        (23.53%)
       996,652,288      unc_h_requests_reads_local_0                                     (23.52%)
       996,822,035      unc_h_requests_reads_local_1                                     (23.53%)
       996,301,489      unc_h_requests_reads_local_2                                     (23.53%)
       997,025,809      unc_h_requests_reads_local_3                                     (23.52%)
       996,978,471      unc_h_requests_reads_local_4                                     (23.52%)
       995,363,408      unc_h_requests_reads_local_5                                     (23.53%)
       996,659,216      unc_h_requests_reads_local_6                                     (23.53%)
       996,308,672      unc_h_requests_reads_local_7                                     (23.53%)
       455,181,561      unc_h_requests_writes_0                                       (23.53%)
       454,966,302      unc_h_requests_writes_1                                       (23.53%)
       455,030,917      unc_h_requests_writes_2                                       (23.53%)
       455,169,567      unc_h_requests_writes_3                                       (23.53%)
       454,823,435      unc_h_requests_writes_4                                       (23.53%)
       454,749,171      unc_h_requests_writes_5                                       (23.53%)
       454,788,287      unc_h_requests_writes_6                                       (23.53%)
       454,896,064      unc_h_requests_writes_7                                       (23.96%)
       455,224,561      unc_h_requests_writes_local_0                                     (23.71%)
       455,121,119      unc_h_requests_writes_local_1                                     (23.77%)
       455,124,292      unc_h_requests_writes_local_2                                     (23.59%)
       454,009,476      unc_h_requests_writes_local_3                                     (23.62%)
       453,786,193      unc_h_requests_writes_local_4                                     (23.74%)
       453,435,215      unc_h_requests_writes_local_5                                     (23.53%)
       453,704,324      unc_h_requests_writes_local_6                                     (23.78%)
       453,594,510      unc_h_requests_writes_local_7                                     (23.83%)
     2,221,179,401      unc_h_rxc_inserts_irq_0                                       (23.61%)
     2,128,795,468      unc_h_rxc_inserts_irq_1                                       (23.63%)
     2,127,133,467      unc_h_rxc_inserts_irq_2                                       (23.56%)
     2,128,472,195      unc_h_rxc_inserts_irq_3                                       (23.59%)
     2,127,769,638      unc_h_rxc_inserts_irq_4                                       (23.65%)
     2,122,745,717      unc_h_rxc_inserts_irq_5                                       (23.54%)
     2,127,996,663      unc_h_rxc_inserts_irq_6                                       (23.67%)
     2,129,436,089      unc_h_rxc_inserts_irq_7                                       (23.70%)
           650,696      unc_h_rxc_irq1_reject_pa_match_0                                     (23.54%)
           643,410      unc_h_rxc_irq1_reject_pa_match_1                                     (23.55%)
           644,754      unc_h_rxc_irq1_reject_pa_match_2                                     (23.54%)
           651,797      unc_h_rxc_irq1_reject_pa_match_3                                     (23.54%)
           653,028      unc_h_rxc_irq1_reject_pa_match_4                                     (23.55%)
           599,538      unc_h_rxc_irq1_reject_pa_match_5                                     (23.54%)
           620,085      unc_h_rxc_irq1_reject_pa_match_6                                     (23.55%)
           644,912      unc_h_rxc_irq1_reject_pa_match_7                                     (23.55%)
    17,276,944,906      unc_h_rxc_occupancy_irq_0                                     (23.36%)
    16,591,026,149      unc_h_rxc_occupancy_irq_1                                     (23.30%)
    16,447,572,139      unc_h_rxc_occupancy_irq_2                                     (23.48%)
    16,700,287,446      unc_h_rxc_occupancy_irq_3                                     (23.42%)
    17,173,502,469      unc_h_rxc_occupancy_irq_4                                     (23.23%)
    16,786,365,094      unc_h_rxc_occupancy_irq_5                                     (23.54%)
    23,096,679,989      unc_h_rxc_occupancy_irq_6                                     (23.17%)
    22,904,322,573      unc_h_rxc_occupancy_irq_7                                     (23.11%)
            17,069      unc_h_snoop_resp_rsp_fwd_wb_0                                     (23.41%)
            16,346      unc_h_snoop_resp_rsp_fwd_wb_1                                     (23.36%)
            15,444      unc_h_snoop_resp_rsp_fwd_wb_2                                     (23.49%)
            15,260      unc_h_snoop_resp_rsp_fwd_wb_3                                     (23.45%)
            16,002      unc_h_snoop_resp_rsp_fwd_wb_4                                     (23.32%)
            15,466      unc_h_snoop_resp_rsp_fwd_wb_5                                     (23.53%)
            18,106      unc_h_snoop_resp_rsp_fwd_wb_6                                     (23.28%)
            22,262      unc_h_snoop_resp_rsp_fwd_wb_7                                     (23.24%)
                 0      unc_h_snoop_resp_rspcnflct_0                                     (23.46%)
                 0      unc_h_snoop_resp_rspcnflct_1                                     (23.44%)
                 0      unc_h_snoop_resp_rspcnflct_2                                     (23.51%)
                 0      unc_h_snoop_resp_rspcnflct_3                                     (23.48%)
                 0      unc_h_snoop_resp_rspcnflct_4                                     (23.42%)
                 0      unc_h_snoop_resp_rspcnflct_5                                     (23.53%)
                 0      unc_h_snoop_resp_rspcnflct_6                                     (23.39%)
                 0      unc_h_snoop_resp_rspcnflct_7                                     (23.37%)
                 0      unc_h_snoop_resp_rspifwd_0                                     (23.52%)
                 0      unc_h_snoop_resp_rspifwd_1                                     (23.52%)
                 0      unc_h_snoop_resp_rspifwd_2                                     (23.53%)
                 0      unc_h_snoop_resp_rspifwd_3                                     (23.52%)
                 0      unc_h_snoop_resp_rspifwd_4                                     (23.52%)
                 0      unc_h_snoop_resp_rspifwd_5                                     (23.53%)
                 0      unc_h_snoop_resp_rspifwd_6                                     (23.52%)
                 0      unc_h_snoop_resp_rspifwd_7                                     (23.52%)
                 0      unc_h_snoop_resp_rspsfwd_0                                     (23.52%)
                 0      unc_h_snoop_resp_rspsfwd_1                                     (23.52%)
                 0      unc_h_snoop_resp_rspsfwd_2                                     (23.53%)
                 0      unc_h_snoop_resp_rspsfwd_3                                     (23.52%)
                 0      unc_h_snoop_resp_rspsfwd_4                                     (23.52%)
                 0      unc_h_snoop_resp_rspsfwd_5                                     (23.53%)
                 0      unc_h_snoop_resp_rspsfwd_6                                     (23.52%)
                 0      unc_h_snoop_resp_rspsfwd_7                                     (23.52%)
           153,785      unc_i_cache_total_occupancy_mem_0                                     (33.33%)
           107,102      unc_i_cache_total_occupancy_mem_1                                     (33.33%)
                 0      unc_i_cache_total_occupancy_mem_2                                     (33.33%)
                 0      unc_i_cache_total_occupancy_mem_3                                     (33.33%)
                 0      unc_i_cache_total_occupancy_mem_4                                     (33.33%)
                 0      unc_i_cache_total_occupancy_mem_5                                     (33.33%)
                15      unc_i_coherent_ops_pcitom_0                                     (33.34%)
                 0      unc_i_coherent_ops_pcitom_1                                     (33.34%)
                 0      unc_i_coherent_ops_pcitom_2                                     (33.34%)
                 0      unc_i_coherent_ops_pcitom_3                                     (33.34%)
                 0      unc_i_coherent_ops_pcitom_4                                     (33.34%)
                 0      unc_i_coherent_ops_pcitom_5                                     (33.34%)
               543      unc_i_coherent_ops_rfo_0                                      (33.33%)
                57      unc_i_coherent_ops_rfo_1                                      (33.33%)
                 0      unc_i_coherent_ops_rfo_2                                      (33.33%)
                 0      unc_i_coherent_ops_rfo_3                                      (33.32%)
                 0      unc_i_coherent_ops_rfo_4                                      (33.32%)
                 0      unc_i_coherent_ops_rfo_5                                      (33.32%)
               810      unc_i_faf_inserts_0                                           (33.33%)
            19,007      unc_i_faf_inserts_1                                           (33.33%)
                 0      unc_i_faf_inserts_2                                           (33.33%)
                 0      unc_i_faf_inserts_3                                           (33.33%)
                 0      unc_i_faf_inserts_4                                           (33.33%)
                 0      unc_i_faf_inserts_5                                           (33.33%)
               804      unc_i_faf_occupancy_0                                         (33.34%)
            10,665      unc_i_faf_occupancy_1                                         (33.34%)
                 0      unc_i_faf_occupancy_2                                         (33.34%)
                 0      unc_i_faf_occupancy_3                                         (33.34%)
                 0      unc_i_faf_occupancy_4                                         (33.34%)
                 0      unc_i_faf_occupancy_5                                         (33.34%)
               567      unc_i_transactions_wr_pref_0                                     (33.33%)
                72      unc_i_transactions_wr_pref_1                                     (33.33%)
                 0      unc_i_transactions_wr_pref_2                                     (33.33%)
                 0      unc_i_transactions_wr_pref_3                                     (33.33%)
                 0      unc_i_transactions_wr_pref_4                                     (33.33%)
                 0      unc_i_transactions_wr_pref_5                                     (33.33%)
    67,420,001,612      unc_iio_clockticks_0                                          (7.03%)
    67,360,079,006      unc_iio_clockticks_1                                          (7.05%)
    67,309,080,638      unc_iio_clockticks_2                                          (7.03%)
    67,308,264,140      unc_iio_clockticks_3                                          (7.03%)
                 0      unc_iio_clockticks_4                                          (7.06%)
                 0      unc_iio_clockticks_5                                          (7.03%)
                 0      unc_iio_comp_buf_inserts_cmpd_all_parts_0                                     (7.03%)
                 0      unc_iio_comp_buf_inserts_cmpd_all_parts_1                                     (7.03%)
                 0      unc_iio_comp_buf_inserts_cmpd_all_parts_2                                     (7.05%)
                 0      unc_iio_comp_buf_inserts_cmpd_all_parts_3                                     (7.02%)
                 0      unc_iio_comp_buf_inserts_cmpd_all_parts_4                                     (7.02%)
                 0      unc_iio_comp_buf_inserts_cmpd_all_parts_5                                     (7.03%)
                 0      unc_iio_comp_buf_inserts_cmpd_part0_0                                     (7.03%)
                 0      unc_iio_comp_buf_inserts_cmpd_part0_1                                     (7.05%)
                 0      unc_iio_comp_buf_inserts_cmpd_part0_2                                     (7.03%)
                 0      unc_iio_comp_buf_inserts_cmpd_part0_3                                     (7.01%)
                 0      unc_iio_comp_buf_inserts_cmpd_part0_4                                     (7.01%)
                 0      unc_iio_comp_buf_inserts_cmpd_part0_5                                     (7.03%)
                 0      unc_iio_comp_buf_inserts_cmpd_part1_0                                     (7.03%)
                 0      unc_iio_comp_buf_inserts_cmpd_part1_1                                     (7.02%)
                 0      unc_iio_comp_buf_inserts_cmpd_part1_2                                     (7.04%)
                 0      unc_iio_comp_buf_inserts_cmpd_part1_3                                     (7.03%)
                 0      unc_iio_comp_buf_inserts_cmpd_part1_4                                     (7.03%)
                 0      unc_iio_comp_buf_inserts_cmpd_part1_5                                     (7.03%)
                 0      unc_iio_comp_buf_inserts_cmpd_part2_0                                     (7.04%)
                 0      unc_iio_comp_buf_inserts_cmpd_part2_1                                     (7.04%)
                 0      unc_iio_comp_buf_inserts_cmpd_part2_2                                     (7.04%)
                 0      unc_iio_comp_buf_inserts_cmpd_part2_3                                     (7.00%)
                 0      unc_iio_comp_buf_inserts_cmpd_part2_4                                     (7.00%)
                 0      unc_iio_comp_buf_inserts_cmpd_part2_5                                     (7.03%)
                 0      unc_iio_comp_buf_inserts_cmpd_part3_0                                     (7.03%)
                 0      unc_iio_comp_buf_inserts_cmpd_part3_1                                     (7.05%)
                 0      unc_iio_comp_buf_inserts_cmpd_part3_2                                     (7.02%)
                 0      unc_iio_comp_buf_inserts_cmpd_part3_3                                     (7.02%)
                 0      unc_iio_comp_buf_inserts_cmpd_part3_4                                     (7.04%)
                 0      unc_iio_comp_buf_inserts_cmpd_part3_5                                     (7.03%)
            56,696      unc_iio_comp_buf_occupancy_cmpd_all_parts_0                                     (7.03%)
         5,459,689      unc_iio_comp_buf_occupancy_cmpd_all_parts_1                                     (7.03%)
                 0      unc_iio_comp_buf_occupancy_cmpd_all_parts_2                                     (7.01%)
                 0      unc_iio_comp_buf_occupancy_cmpd_all_parts_3                                     (7.01%)
                 0      unc_iio_comp_buf_occupancy_cmpd_all_parts_4                                     (7.01%)
                 0      unc_iio_comp_buf_occupancy_cmpd_all_parts_5                                     (7.03%)
                 0      unc_iio_comp_buf_occupancy_cmpd_part0_0                                     (7.03%)
        18,960,620      unc_iio_comp_buf_occupancy_cmpd_part0_1                                     (7.03%)
                 0      unc_iio_comp_buf_occupancy_cmpd_part0_2                                     (7.03%)
                 0      unc_iio_comp_buf_occupancy_cmpd_part0_3                                     (7.03%)
                 0      unc_iio_comp_buf_occupancy_cmpd_part0_4                                     (7.02%)
                 0      unc_iio_comp_buf_occupancy_cmpd_part0_5                                     (7.03%)
            34,504      unc_iio_comp_buf_occupancy_cmpd_part1_0                                     (7.03%)
                 0      unc_iio_comp_buf_occupancy_cmpd_part1_1                                     (7.02%)
                 0      unc_iio_comp_buf_occupancy_cmpd_part1_2                                     (7.02%)
                 0      unc_iio_comp_buf_occupancy_cmpd_part1_3                                     (7.03%)
                 0      unc_iio_comp_buf_occupancy_cmpd_part1_4                                     (7.03%)
                 0      unc_iio_comp_buf_occupancy_cmpd_part1_5                                     (7.02%)
                 0      unc_iio_comp_buf_occupancy_cmpd_part2_0                                     (7.02%)
                 0      unc_iio_comp_buf_occupancy_cmpd_part2_1                                     (7.01%)
                 0      unc_iio_comp_buf_occupancy_cmpd_part2_2                                     (7.07%)
                 0      unc_iio_comp_buf_occupancy_cmpd_part2_3                                     (7.03%)
                 0      unc_iio_comp_buf_occupancy_cmpd_part2_4                                     (6.99%)
                 0      unc_iio_comp_buf_occupancy_cmpd_part2_5                                     (7.02%)
                 0      unc_iio_comp_buf_occupancy_cmpd_part3_0                                     (7.03%)
                 0      unc_iio_comp_buf_occupancy_cmpd_part3_1                                     (7.03%)
                 0      unc_iio_comp_buf_occupancy_cmpd_part3_2                                     (7.03%)
                 0      unc_iio_comp_buf_occupancy_cmpd_part3_3                                     (7.05%)
                 0      unc_iio_comp_buf_occupancy_cmpd_part3_4                                     (7.04%)
                 0      unc_iio_comp_buf_occupancy_cmpd_part3_5                                     (7.02%)
                 0      unc_iio_data_req_by_cpu_mem_read_part0_0                                     (7.03%)
                 0      unc_iio_data_req_by_cpu_mem_read_part0_1                                     (7.00%)
                 0      unc_iio_data_req_by_cpu_mem_read_part0_2                                     (7.00%)
                 0      unc_iio_data_req_by_cpu_mem_read_part0_3                                     (7.02%)
                 0      unc_iio_data_req_by_cpu_mem_read_part0_4                                     (7.02%)
                 0      unc_iio_data_req_by_cpu_mem_read_part0_5                                     (7.02%)
                 0      unc_iio_data_req_by_cpu_mem_read_part1_0                                     (7.02%)
                 0      unc_iio_data_req_by_cpu_mem_read_part1_1                                     (7.04%)
                 0      unc_iio_data_req_by_cpu_mem_read_part1_2                                     (7.05%)
                 0      unc_iio_data_req_by_cpu_mem_read_part1_3                                     (7.05%)
                 0      unc_iio_data_req_by_cpu_mem_read_part1_4                                     (7.06%)
                 0      unc_iio_data_req_by_cpu_mem_read_part1_5                                     (7.02%)
                 0      unc_iio_data_req_by_cpu_mem_read_part2_0                                     (7.02%)
                 0      unc_iio_data_req_by_cpu_mem_read_part2_1                                     (7.01%)
                 0      unc_iio_data_req_by_cpu_mem_read_part2_2                                     (7.01%)
                 0      unc_iio_data_req_by_cpu_mem_read_part2_3                                     (7.02%)
                 0      unc_iio_data_req_by_cpu_mem_read_part2_4                                     (7.01%)
                 0      unc_iio_data_req_by_cpu_mem_read_part2_5                                     (7.02%)
                 0      unc_iio_data_req_by_cpu_mem_read_part3_0                                     (7.02%)
                 0      unc_iio_data_req_by_cpu_mem_read_part3_1                                     (7.03%)
                 0      unc_iio_data_req_by_cpu_mem_read_part3_2                                     (7.01%)
                 0      unc_iio_data_req_by_cpu_mem_read_part3_3                                     (7.02%)
                 0      unc_iio_data_req_by_cpu_mem_read_part3_4                                     (7.00%)
                 0      unc_iio_data_req_by_cpu_mem_read_part3_5                                     (7.02%)
                 0      unc_iio_data_req_by_cpu_mem_write_part0_0                                     (7.01%)
                 0      unc_iio_data_req_by_cpu_mem_write_part0_1                                     (7.00%)
                 0      unc_iio_data_req_by_cpu_mem_write_part0_2                                     (7.02%)
                 0      unc_iio_data_req_by_cpu_mem_write_part0_3                                     (7.00%)
                 0      unc_iio_data_req_by_cpu_mem_write_part0_4                                     (7.00%)
                 0      unc_iio_data_req_by_cpu_mem_write_part0_5                                     (7.02%)
                 0      unc_iio_data_req_by_cpu_mem_write_part1_0                                     (7.02%)
                 0      unc_iio_data_req_by_cpu_mem_write_part1_1                                     (7.03%)
                 0      unc_iio_data_req_by_cpu_mem_write_part1_2                                     (7.02%)
                 0      unc_iio_data_req_by_cpu_mem_write_part1_3                                     (7.02%)
                 0      unc_iio_data_req_by_cpu_mem_write_part1_4                                     (7.02%)
                 0      unc_iio_data_req_by_cpu_mem_write_part1_5                                     (7.02%)
                 0      unc_iio_data_req_by_cpu_mem_write_part2_0                                     (7.02%)
                 0      unc_iio_data_req_by_cpu_mem_write_part2_1                                     (7.02%)
                 0      unc_iio_data_req_by_cpu_mem_write_part2_2                                     (7.02%)
                 0      unc_iio_data_req_by_cpu_mem_write_part2_3                                     (7.03%)
                 0      unc_iio_data_req_by_cpu_mem_write_part2_4                                     (7.03%)
                 0      unc_iio_data_req_by_cpu_mem_write_part2_5                                     (7.02%)
                 0      unc_iio_data_req_by_cpu_mem_write_part3_0                                     (7.02%)
                 0      unc_iio_data_req_by_cpu_mem_write_part3_1                                     (7.02%)
                 0      unc_iio_data_req_by_cpu_mem_write_part3_2                                     (7.04%)
                 0      unc_iio_data_req_by_cpu_mem_write_part3_3                                     (7.05%)
                 0      unc_iio_data_req_by_cpu_mem_write_part3_4                                     (7.07%)
                 0      unc_iio_data_req_by_cpu_mem_write_part3_5                                     (7.02%)
                 0      unc_iio_data_req_by_cpu_peer_read_part0_0                                     (7.02%)
                 0      unc_iio_data_req_by_cpu_peer_read_part0_1                                     (7.01%)
                 0      unc_iio_data_req_by_cpu_peer_read_part0_2                                     (7.00%)
                 0      unc_iio_data_req_by_cpu_peer_read_part0_3                                     (6.99%)
                 0      unc_iio_data_req_by_cpu_peer_read_part0_4                                     (6.97%)
                 0      unc_iio_data_req_by_cpu_peer_read_part0_5                                     (7.02%)
                 0      unc_iio_data_req_by_cpu_peer_read_part1_0                                     (7.02%)
                 0      unc_iio_data_req_by_cpu_peer_read_part1_1                                     (5.27%)
                 0      unc_iio_data_req_by_cpu_peer_read_part1_2                                     (7.03%)
                 0      unc_iio_data_req_by_cpu_peer_read_part1_3                                     (7.06%)
                 0      unc_iio_data_req_by_cpu_peer_read_part1_4                                     (7.07%)
                 0      unc_iio_data_req_by_cpu_peer_read_part1_5                                     (7.02%)
                 0      unc_iio_data_req_by_cpu_peer_read_part2_0                                     (7.01%)
                 0      unc_iio_data_req_by_cpu_peer_read_part2_1                                     (7.00%)
                 0      unc_iio_data_req_by_cpu_peer_read_part2_2                                     (6.99%)
                 0      unc_iio_data_req_by_cpu_peer_read_part2_3                                     (6.98%)
                 0      unc_iio_data_req_by_cpu_peer_read_part2_4                                     (6.96%)
                 0      unc_iio_data_req_by_cpu_peer_read_part2_5                                     (7.02%)
                 0      unc_iio_data_req_by_cpu_peer_read_part3_0                                     (7.03%)
                 0      unc_iio_data_req_by_cpu_peer_read_part3_1                                     (7.03%)
                 0      unc_iio_data_req_by_cpu_peer_read_part3_2                                     (7.03%)
                 0      unc_iio_data_req_by_cpu_peer_read_part3_3                                     (7.04%)
                 0      unc_iio_data_req_by_cpu_peer_read_part3_4                                     (7.08%)
                 0      unc_iio_data_req_by_cpu_peer_read_part3_5                                     (7.02%)
                 0      unc_iio_data_req_by_cpu_peer_write_part0_0                                     (7.01%)
                 0      unc_iio_data_req_by_cpu_peer_write_part0_1                                     (7.00%)
                 0      unc_iio_data_req_by_cpu_peer_write_part0_2                                     (7.00%)
                 0      unc_iio_data_req_by_cpu_peer_write_part0_3                                     (7.01%)
                 0      unc_iio_data_req_by_cpu_peer_write_part0_4                                     (7.00%)
                 0      unc_iio_data_req_by_cpu_peer_write_part0_5                                     (7.02%)
                 0      unc_iio_data_req_by_cpu_peer_write_part1_0                                     (7.02%)
                 0      unc_iio_data_req_by_cpu_peer_write_part1_1                                     (7.02%)
                 0      unc_iio_data_req_by_cpu_peer_write_part1_2                                     (7.02%)
                 0      unc_iio_data_req_by_cpu_peer_write_part1_3                                     (7.01%)
                 0      unc_iio_data_req_by_cpu_peer_write_part1_4                                     (7.01%)
                 0      unc_iio_data_req_by_cpu_peer_write_part1_5                                     (7.02%)
                 0      unc_iio_data_req_by_cpu_peer_write_part2_0                                     (7.02%)
                 0      unc_iio_data_req_by_cpu_peer_write_part2_1                                     (7.01%)
                 0      unc_iio_data_req_by_cpu_peer_write_part2_2                                     (7.00%)
                 0      unc_iio_data_req_by_cpu_peer_write_part2_3                                     (7.01%)
                 0      unc_iio_data_req_by_cpu_peer_write_part2_4                                     (7.02%)
                 0      unc_iio_data_req_by_cpu_peer_write_part2_5                                     (7.02%)
                 0      unc_iio_data_req_by_cpu_peer_write_part3_0                                     (7.02%)
                 0      unc_iio_data_req_by_cpu_peer_write_part3_1                                     (7.04%)
                 0      unc_iio_data_req_by_cpu_peer_write_part3_2                                     (7.05%)
                 0      unc_iio_data_req_by_cpu_peer_write_part3_3                                     (7.03%)
                 0      unc_iio_data_req_by_cpu_peer_write_part3_4                                     (7.04%)
                 0      unc_iio_data_req_by_cpu_peer_write_part3_5                                     (7.02%)
                 0      unc_iio_data_req_of_cpu_mem_read_part0_0                                     (7.02%)
                 0      unc_iio_data_req_of_cpu_mem_read_part0_1                                     (7.00%)
                 0      unc_iio_data_req_of_cpu_mem_read_part0_2                                     (7.00%)
                 0      unc_iio_data_req_of_cpu_mem_read_part0_3                                     (7.02%)
                 0      unc_iio_data_req_of_cpu_mem_read_part0_4                                     (7.00%)
                 0      unc_iio_data_req_of_cpu_mem_read_part0_5                                     (7.02%)
                 0      unc_iio_data_req_of_cpu_mem_read_part1_0                                     (7.02%)
                 0      unc_iio_data_req_of_cpu_mem_read_part1_1                                     (7.02%)
                 0      unc_iio_data_req_of_cpu_mem_read_part1_2                                     (7.02%)
                 0      unc_iio_data_req_of_cpu_mem_read_part1_3                                     (7.03%)
                 0      unc_iio_data_req_of_cpu_mem_read_part1_4                                     (7.03%)
                 0      unc_iio_data_req_of_cpu_mem_read_part1_5                                     (7.02%)
                 0      unc_iio_data_req_of_cpu_mem_read_part2_0                                     (5.28%)
                 0      unc_iio_data_req_of_cpu_mem_read_part2_1                                     (7.02%)
                 0      unc_iio_data_req_of_cpu_mem_read_part2_2                                     (7.01%)
                 0      unc_iio_data_req_of_cpu_mem_read_part2_3                                     (5.24%)
                 0      unc_iio_data_req_of_cpu_mem_read_part2_4                                     (7.01%)
                 0      unc_iio_data_req_of_cpu_mem_read_part2_5                                     (7.02%)
                 0      unc_iio_data_req_of_cpu_mem_read_part3_0                                     (5.26%)
                 0      unc_iio_data_req_of_cpu_mem_read_part3_1                                     (7.01%)
                 0      unc_iio_data_req_of_cpu_mem_read_part3_2                                     (6.99%)
                 0      unc_iio_data_req_of_cpu_mem_read_part3_3                                     (5.26%)
                 0      unc_iio_data_req_of_cpu_mem_read_part3_4                                     (7.00%)
                 0      unc_iio_data_req_of_cpu_mem_read_part3_5                                     (7.02%)
                 0      unc_iio_data_req_of_cpu_mem_write_part0_0                                     (7.02%)
                 0      unc_iio_data_req_of_cpu_mem_write_part0_1                                     (5.28%)
                 0      unc_iio_data_req_of_cpu_mem_write_part0_2                                     (7.02%)
                 0      unc_iio_data_req_of_cpu_mem_write_part0_3                                     (7.01%)
                 0      unc_iio_data_req_of_cpu_mem_write_part0_4                                     (5.25%)
                 0      unc_iio_data_req_of_cpu_mem_write_part0_5                                     (7.02%)
                 0      unc_iio_data_req_of_cpu_mem_write_part1_0                                     (7.01%)
                 0      unc_iio_data_req_of_cpu_mem_write_part1_1                                     (5.25%)
                 0      unc_iio_data_req_of_cpu_mem_write_part1_2                                     (7.00%)
                 0      unc_iio_data_req_of_cpu_mem_write_part1_3                                     (6.99%)
                 0      unc_iio_data_req_of_cpu_mem_write_part1_4                                     (5.24%)
                 0      unc_iio_data_req_of_cpu_mem_write_part1_5                                     (7.02%)
                 0      unc_iio_data_req_of_cpu_mem_write_part2_0                                     (7.01%)
                 0      unc_iio_data_req_of_cpu_mem_write_part2_1                                     (7.00%)
                 0      unc_iio_data_req_of_cpu_mem_write_part2_2                                     (7.02%)
                 0      unc_iio_data_req_of_cpu_mem_write_part2_3                                     (7.01%)
                 0      unc_iio_data_req_of_cpu_mem_write_part2_4                                     (7.01%)
                 0      unc_iio_data_req_of_cpu_mem_write_part2_5                                     (5.26%)
                 0      unc_iio_data_req_of_cpu_mem_write_part3_0                                     (7.02%)
                 0      unc_iio_data_req_of_cpu_mem_write_part3_1                                     (7.02%)
                 0      unc_iio_data_req_of_cpu_mem_write_part3_2                                     (5.26%)
                 0      unc_iio_data_req_of_cpu_mem_write_part3_3                                     (7.02%)
                 0      unc_iio_data_req_of_cpu_mem_write_part3_4                                     (7.02%)
                 0      unc_iio_data_req_of_cpu_mem_write_part3_5                                     (5.26%)
                 0      unc_iio_data_req_of_cpu_peer_read_part0_0                                     (5.27%)
                 0      unc_iio_data_req_of_cpu_peer_read_part0_1                                     (7.02%)
                 0      unc_iio_data_req_of_cpu_peer_read_part0_2                                     (5.26%)
                 0      unc_iio_data_req_of_cpu_peer_read_part0_3                                     (5.26%)
                 0      unc_iio_data_req_of_cpu_peer_read_part0_4                                     (7.03%)
                 0      unc_iio_data_req_of_cpu_peer_read_part0_5                                     (7.02%)
                 0      unc_iio_data_req_of_cpu_peer_read_part1_0                                     (5.26%)
                 0      unc_iio_data_req_of_cpu_peer_read_part1_1                                     (5.27%)
                 0      unc_iio_data_req_of_cpu_peer_read_part1_2                                     (7.02%)
                 0      unc_iio_data_req_of_cpu_peer_read_part1_3                                     (5.26%)
                 0      unc_iio_data_req_of_cpu_peer_read_part1_4                                     (5.27%)
                 0      unc_iio_data_req_of_cpu_peer_read_part1_5                                     (7.02%)
                 0      unc_iio_data_req_of_cpu_peer_read_part2_0                                     (7.02%)
                 0      unc_iio_data_req_of_cpu_peer_read_part2_1                                     (5.27%)
                 0      unc_iio_data_req_of_cpu_peer_read_part2_2                                     (5.27%)
                 0      unc_iio_data_req_of_cpu_peer_read_part2_3                                     (7.02%)
                 0      unc_iio_data_req_of_cpu_peer_read_part2_4                                     (5.26%)
                 0      unc_iio_data_req_of_cpu_peer_read_part2_5                                     (5.26%)
                 0      unc_iio_data_req_of_cpu_peer_read_part3_0                                     (7.02%)
                 0      unc_iio_data_req_of_cpu_peer_read_part3_1                                     (7.02%)
                 0      unc_iio_data_req_of_cpu_peer_read_part3_2                                     (5.27%)
                 0      unc_iio_data_req_of_cpu_peer_read_part3_3                                     (7.03%)
                 0      unc_iio_data_req_of_cpu_peer_read_part3_4                                     (7.02%)
                 0      unc_iio_data_req_of_cpu_peer_read_part3_5                                     (5.26%)
                 0      unc_iio_data_req_of_cpu_peer_write_part0_0                                     (7.02%)
                 0      unc_iio_data_req_of_cpu_peer_write_part0_1                                     (7.03%)
                 0      unc_iio_data_req_of_cpu_peer_write_part0_2                                     (7.05%)
                 0      unc_iio_data_req_of_cpu_peer_write_part0_3                                     (5.30%)
                 0      unc_iio_data_req_of_cpu_peer_write_part0_4                                     (7.06%)
                 0      unc_iio_data_req_of_cpu_peer_write_part0_5                                     (7.02%)
                 0      unc_iio_data_req_of_cpu_peer_write_part1_0                                     (5.26%)
                 0      unc_iio_data_req_of_cpu_peer_write_part1_1                                     (7.02%)
                 0      unc_iio_data_req_of_cpu_peer_write_part1_2                                     (7.01%)
                 0      unc_iio_data_req_of_cpu_peer_write_part1_3                                     (5.28%)
                 0      unc_iio_data_req_of_cpu_peer_write_part1_4                                     (7.02%)
                 0      unc_iio_data_req_of_cpu_peer_write_part1_5                                     (7.01%)
                 0      unc_iio_data_req_of_cpu_peer_write_part2_0                                     (5.26%)
                 0      unc_iio_data_req_of_cpu_peer_write_part2_1                                     (5.25%)
                 0      unc_iio_data_req_of_cpu_peer_write_part2_2                                     (6.98%)
                 0      unc_iio_data_req_of_cpu_peer_write_part2_3                                     (6.98%)
                 0      unc_iio_data_req_of_cpu_peer_write_part2_4                                     (6.97%)
                 0      unc_iio_data_req_of_cpu_peer_write_part2_5                                     (7.01%)
                 0      unc_iio_data_req_of_cpu_peer_write_part3_0                                     (7.01%)
                 0      unc_iio_data_req_of_cpu_peer_write_part3_1                                     (7.01%)
                 0      unc_iio_data_req_of_cpu_peer_write_part3_2                                     (7.01%)
                 0      unc_iio_data_req_of_cpu_peer_write_part3_3                                     (7.00%)
                 0      unc_iio_data_req_of_cpu_peer_write_part3_4                                     (7.02%)
                 0      unc_iio_data_req_of_cpu_peer_write_part3_5                                     (7.01%)
                 0      unc_iio_payload_bytes_in_mem_read_part0_0                                     (7.02%)
                 0      unc_iio_payload_bytes_in_mem_read_part0_1                                     (7.03%)
                 0      unc_iio_payload_bytes_in_mem_read_part0_2                                     (7.04%)
                 0      unc_iio_payload_bytes_in_mem_read_part0_3                                     (7.04%)
                 0      unc_iio_payload_bytes_in_mem_read_part0_4                                     (5.29%)
                 0      unc_iio_payload_bytes_in_mem_read_part0_5                                     (7.01%)
                 0      unc_iio_payload_bytes_in_mem_read_part1_0                                     (7.03%)
                 0      unc_iio_payload_bytes_in_mem_read_part1_1                                     (5.29%)
                 0      unc_iio_payload_bytes_in_mem_read_part1_2                                     (7.01%)
                 0      unc_iio_payload_bytes_in_mem_read_part1_3                                     (7.01%)
                 0      unc_iio_payload_bytes_in_mem_read_part1_4                                     (5.26%)
                 0      unc_iio_payload_bytes_in_mem_read_part1_5                                     (7.01%)
                 0      unc_iio_payload_bytes_in_mem_read_part2_0                                     (7.01%)
                 0      unc_iio_payload_bytes_in_mem_read_part2_1                                     (5.24%)
                 0      unc_iio_payload_bytes_in_mem_read_part2_2                                     (5.23%)
                 0      unc_iio_payload_bytes_in_mem_read_part2_3                                     (6.99%)
                 0      unc_iio_payload_bytes_in_mem_read_part2_4                                     (6.98%)
                 0      unc_iio_payload_bytes_in_mem_read_part2_5                                     (5.26%)
                 0      unc_iio_payload_bytes_in_mem_read_part3_0                                     (7.00%)
                 0      unc_iio_payload_bytes_in_mem_read_part3_1                                     (6.98%)
                 0      unc_iio_payload_bytes_in_mem_read_part3_2                                     (5.27%)
                 0      unc_iio_payload_bytes_in_mem_read_part3_3                                     (7.03%)
                 0      unc_iio_payload_bytes_in_mem_read_part3_4                                     (7.01%)
                 0      unc_iio_payload_bytes_in_mem_read_part3_5                                     (5.26%)
                 0      unc_iio_payload_bytes_in_mem_write_part0_0                                     (5.26%)
                 0      unc_iio_payload_bytes_in_mem_write_part0_1                                     (7.02%)
                 0      unc_iio_payload_bytes_in_mem_write_part0_2                                     (7.03%)
                 0      unc_iio_payload_bytes_in_mem_write_part0_3                                     (5.28%)
                 0      unc_iio_payload_bytes_in_mem_write_part0_4                                     (7.05%)
                 0      unc_iio_payload_bytes_in_mem_write_part0_5                                     (7.01%)
                 0      unc_iio_payload_bytes_in_mem_write_part1_0                                     (5.27%)
                 0      unc_iio_payload_bytes_in_mem_write_part1_1                                     (7.04%)
                 0      unc_iio_payload_bytes_in_mem_write_part1_2                                     (7.06%)
                 0      unc_iio_payload_bytes_in_mem_write_part1_3                                     (5.32%)
                 0      unc_iio_payload_bytes_in_mem_write_part1_4                                     (7.05%)
                 0      unc_iio_payload_bytes_in_mem_write_part1_5                                     (7.01%)
                 0      unc_iio_payload_bytes_in_mem_write_part2_0                                     (7.03%)
                 0      unc_iio_payload_bytes_in_mem_write_part2_1                                     (7.02%)
                 0      unc_iio_payload_bytes_in_mem_write_part2_2                                     (7.01%)
                 0      unc_iio_payload_bytes_in_mem_write_part2_3                                     (7.00%)
                 0      unc_iio_payload_bytes_in_mem_write_part2_4                                     (5.24%)
                 0      unc_iio_payload_bytes_in_mem_write_part2_5                                     (7.01%)
                 0      unc_iio_payload_bytes_in_mem_write_part3_0                                     (7.01%)
                 0      unc_iio_payload_bytes_in_mem_write_part3_1                                     (5.24%)
                 0      unc_iio_payload_bytes_in_mem_write_part3_2                                     (6.98%)
                 0      unc_iio_payload_bytes_in_mem_write_part3_3                                     (6.96%)
                 0      unc_iio_payload_bytes_in_mem_write_part3_4                                     (5.23%)
                 0      unc_iio_payload_bytes_in_mem_write_part3_5                                     (7.01%)
                 0      unc_iio_txn_req_by_cpu_mem_read_part0_0                                     (7.00%)
                 0      unc_iio_txn_req_by_cpu_mem_read_part0_1                                     (7.02%)
                 0      unc_iio_txn_req_by_cpu_mem_read_part0_2                                     (7.02%)
                 0      unc_iio_txn_req_by_cpu_mem_read_part0_3                                     (7.02%)
                 0      unc_iio_txn_req_by_cpu_mem_read_part0_4                                     (7.01%)
                 0      unc_iio_txn_req_by_cpu_mem_read_part0_5                                     (7.02%)
                 0      unc_iio_txn_req_by_cpu_mem_read_part1_0                                     (7.02%)
                 0      unc_iio_txn_req_by_cpu_mem_read_part1_1                                     (7.01%)
                 0      unc_iio_txn_req_by_cpu_mem_read_part1_2                                     (7.03%)
                 0      unc_iio_txn_req_by_cpu_mem_read_part1_3                                     (7.03%)
                 0      unc_iio_txn_req_by_cpu_mem_read_part1_4                                     (7.03%)
                 0      unc_iio_txn_req_by_cpu_mem_read_part1_5                                     (7.02%)
                 0      unc_iio_txn_req_by_cpu_mem_read_part2_0                                     (7.02%)
                 0      unc_iio_txn_req_by_cpu_mem_read_part2_1                                     (7.02%)
                 0      unc_iio_txn_req_by_cpu_mem_read_part2_2                                     (7.01%)
                 0      unc_iio_txn_req_by_cpu_mem_read_part2_3                                     (7.01%)
                 0      unc_iio_txn_req_by_cpu_mem_read_part2_4                                     (7.01%)
                 0      unc_iio_txn_req_by_cpu_mem_read_part2_5                                     (7.02%)
                 0      unc_iio_txn_req_by_cpu_mem_read_part3_0                                     (7.02%)
                 0      unc_iio_txn_req_by_cpu_mem_read_part3_1                                     (7.02%)
                 0      unc_iio_txn_req_by_cpu_mem_read_part3_2                                     (7.01%)
                 0      unc_iio_txn_req_by_cpu_mem_read_part3_3                                     (7.00%)
                 0      unc_iio_txn_req_by_cpu_mem_read_part3_4                                     (7.00%)
                 0      unc_iio_txn_req_by_cpu_mem_read_part3_5                                     (7.02%)
                 0      unc_iio_txn_req_by_cpu_mem_write_part0_0                                     (7.02%)
                 0      unc_iio_txn_req_by_cpu_mem_write_part0_1                                     (7.01%)
                 0      unc_iio_txn_req_by_cpu_mem_write_part0_2                                     (7.01%)
                 0      unc_iio_txn_req_by_cpu_mem_write_part0_3                                     (7.06%)
                 0      unc_iio_txn_req_by_cpu_mem_write_part0_4                                     (7.05%)
                 0      unc_iio_txn_req_by_cpu_mem_write_part0_5                                     (7.02%)
                 0      unc_iio_txn_req_by_cpu_mem_write_part1_0                                     (7.03%)
                 0      unc_iio_txn_req_by_cpu_mem_write_part1_1                                     (7.03%)
                 0      unc_iio_txn_req_by_cpu_mem_write_part1_2                                     (7.04%)
                 0      unc_iio_txn_req_by_cpu_mem_write_part1_3                                     (7.06%)
                 0      unc_iio_txn_req_by_cpu_mem_write_part1_4                                     (7.07%)
                 0      unc_iio_txn_req_by_cpu_mem_write_part1_5                                     (7.02%)

      69.827849311 seconds time elapsed

