# started on Mon Feb  5 06:09:42 2024


 Performance counter stats for 'system wide':

        36,821,965      r2ab                                                          (19.51%)
                 0      r1c6                                                          (19.51%)
                 0      r1c6                                                          (19.51%)
                 0      r1c6                                                          (19.51%)
                 0      r1c6                                                          (19.51%)
                 0      r1c6                                                          (9.76%)
                 0      r1c6                                                          (9.76%)
                 0      r1c6                                                          (9.76%)
                 0      r1c6                                                          (9.76%)
                 0      r1c6                                                          (9.76%)
                 0      r1c6                                                          (9.76%)
                 0      r1c6                                                          (9.76%)
                 0      r1c6                                                          (9.76%)
                 0      r1c6                                                          (9.76%)
                 0      r1c6                                                          (9.76%)
                 0      r1c6                                                          (9.76%)
                 0      r1c6                                                          (9.76%)
                 0      r1c6                                                          (9.76%)
       359,278,069      r480                                                          (12.20%)
    41,919,476,556      r183                                                          (14.64%)
       137,315,425      r283                                                          (17.08%)
        87,451,381      r483                                                          (19.51%)
    27,978,133,871      r4001879                                                      (19.51%)
    55,909,950,597      r1001879                                                      (19.51%)
       601,500,016      r4002479                                                      (19.51%)
     1,739,247,874      r1002479                                                      (19.51%)
    55,610,793,068      r1000879                                                      (19.51%)
   170,768,469,674      r879                                                          (19.51%)
     1,117,719,763      r1000479                                                      (19.51%)
     2,973,924,361      r479                                                          (19.51%)
       930,529,766      r1003079                                                      (19.51%)
       312,728,870      r1001079                                                      (19.51%)
     1,568,656,806      r2079                                                         (19.51%)
       276,176,069      r1043079                                                      (19.51%)
     2,567,239,485      r3079                                                         (19.51%)
    28,600,201,838      r19c                                                          (19.51%)
       968,365,791      r400019c                                                      (19.51%)
   156,512,475,813      r180019c                                                      (19.51%)
     4,967,489,263      r300019c                                                      (19.51%)
    10,483,127,531      r200019c                                                      (19.51%)
    12,115,560,136      r100019c                                                      (19.51%)

      69.800992398 seconds time elapsed

