# started on Mon Feb  5 08:51:28 2024


 Performance counter stats for 'system wide':

   169,430,818,198      r728                                                          (44.44%)
                 0      r1828                                                         (44.44%)
                 0      r2028                                                         (44.44%)
           282,123      r4028                                                         (44.44%)
         1,112,695      r20ef                                                         (44.44%)
         5,288,716      r10ef                                                         (44.44%)
        11,446,699      r2ef                                                          (44.44%)
        84,312,244      r1ef                                                          (44.45%)
         2,238,057      r40ef                                                         (44.45%)
         2,233,796      r8ef                                                          (44.45%)
             1,541      r4ef                                                          (44.45%)
           565,250      r1cb                                                          (44.45%)
     8,032,988,857      r4fe                                                          (44.45%)
       261,644,285      r2fe                                                          (44.45%)
                 4      r132                                                          (44.45%)
            56,342      r832                                                          (44.45%)
           700,260      r232                                                          (44.44%)
                 0      r432                                                          (44.44%)

      69.909711099 seconds time elapsed

