# started on Mon Feb  5 04:28:10 2024


 Performance counter stats for 'system wide':

     8,763,909,130      r151                                                          (10.00%)
    16,760,337,851      r248                                                          (10.00%)
   410,542,379,916      r148                                                          (10.00%)
   138,531,505,768      r1000148                                                      (10.00%)
   138,527,457,970      r1200148                                                      (10.00%)
     8,711,950,094      r1ff1                                                         (10.00%)
     8,302,264,037      r2f2                                                          (10.01%)
       101,528,505      r1f2                                                          (10.01%)
         7,692,341      r4f2                                                          (10.01%)
         7,663,099      r4f2                                                          (10.01%)
       128,497,623      re424                                                         (10.01%)
     1,437,251,648      re124                                                         (10.01%)
     1,043,715,857      r2724                                                         (10.01%)
     3,519,798,747      re724                                                         (10.01%)
    10,299,411,963      rf824                                                         (10.01%)
     1,954,536,950      re224                                                         (10.01%)
       104,531,180      rc424                                                         (10.01%)
        25,818,454      r2424                                                         (10.01%)
     1,330,040,867      rc124                                                         (10.01%)
       106,089,770      r2124                                                         (10.01%)
     8,708,659,571      r3f24                                                         (10.01%)
     2,644,750,588      rd824                                                         (10.01%)
     7,664,395,924      r3824                                                         (10.01%)
    13,829,508,059      rff24                                                         (10.01%)
     1,034,323,825      rc224                                                         (10.01%)
       925,115,987      r2224                                                         (10.01%)
     8,298,492,660      r40f0                                                         (10.01%)
     8,103,513,620      r412e                                                         (10.01%)
     8,410,488,599      r4f2e                                                         (10.01%)
    47,871,449,526      r81d0                                                         (10.01%)
    28,918,809,898      r82d0                                                         (10.01%)
        17,121,553      r21d0                                                         (10.01%)
           193,447      r41d0                                                         (10.01%)
           632,674      r42d0                                                         (5.00%)
           290,527      r11d0                                                         (5.00%)
           156,016      r12d0                                                         (5.00%)
            39,694      r2d2                                                          (5.00%)
         1,451,206      r4d2                                                          (5.00%)
             2,681      r1d2                                                          (5.00%)
        10,423,929      r8d2                                                          (5.00%)
       516,246,950      r1d3                                                          (6.25%)
                 0      r2d3                                                          (7.50%)
                 0      r8d3                                                          (8.75%)
                 0      r4d3                                                          (10.00%)
                 0      r4d4                                                          (10.00%)
    23,429,481,061      r40d1                                                         (10.00%)
    22,314,677,883      r1d1                                                          (10.00%)
     2,163,211,021      r8d1                                                          (10.00%)
     1,504,348,296      r2d1                                                          (10.00%)
       660,684,128      r10d1                                                         (5.00%)
        10,481,533      r4d1                                                          (5.00%)
       647,021,273      r20d1                                                         (5.00%)
     4,938,733,664      r8b0                                                          (6.25%)
    17,492,619,365      r80b0                                                         (7.50%)
        26,640,125      r2b0                                                          (8.75%)
       854,046,222      r1b0                                                          (10.00%)
     2,729,421,721      r4b0                                                          (10.00%)
    82,908,357,616      r1b2                                                          (10.00%)
 1,234,018,074,888      r860                                                          (10.00%)
   141,779,986,128      r1000860                                                      (10.00%)
       602,120,897      r1000260                                                      (10.00%)
    71,713,984,412      r1000160                                                      (10.00%)
   137,973,880,188      r1000460                                                      (10.00%)
     1,955,967,017      r260                                                          (10.00%)
   135,421,691,493      r160                                                          (10.00%)
       511,453,068      r6000160                                                      (10.00%)
   648,832,757,326      r460                                                          (10.00%)
                 0      r1b7                                                          (10.00%)
                 0      r1b7                                                          (10.00%)
                 0      r1b7                                                          (10.00%)
                 0      r1b7                                                          (10.00%)
                 0      r1b7                                                          (10.00%)
                 0      r1b7                                                          (10.00%)
                 0      r1b7                                                          (10.00%)
                 0      r1b7                                                          (10.00%)
                 0      r1b7                                                          (10.00%)
                 0      r1b7                                                          (10.00%)
                 0      r1b7                                                          (10.00%)
                 0      r1b7                                                          (10.00%)
                 0      r1b7                                                          (10.00%)

      69.876576083 seconds time elapsed

