# started on Mon Feb  5 08:52:39 2024


 Performance counter stats for 'system wide':

   168,965,622,138      r728                                                          (44.45%)
                 0      r1828                                                         (44.45%)
                 0      r2028                                                         (44.45%)
           271,885      r4028                                                         (44.45%)
         1,101,046      r20ef                                                         (44.45%)
         6,803,019      r10ef                                                         (44.45%)
        10,619,812      r2ef                                                          (44.45%)
        86,499,994      r1ef                                                          (44.45%)
         2,026,379      r40ef                                                         (44.45%)
         2,223,584      r8ef                                                          (44.44%)
             2,021      r4ef                                                          (44.44%)
           564,882      r1cb                                                          (44.44%)
     7,904,384,853      r4fe                                                          (44.44%)
       260,711,997      r2fe                                                          (44.44%)
                 0      r132                                                          (44.44%)
            47,891      r832                                                          (44.44%)
            22,030      r232                                                          (44.44%)
                 0      r432                                                          (44.44%)

      69.861068624 seconds time elapsed

