# started on Mon Feb  5 04:04:32 2024


 Performance counter stats for 'system wide':

     8,702,506,129      r151                                                          (9.99%)
    15,037,573,717      r248                                                          (9.99%)
   374,650,462,647      r148                                                          (10.00%)
   128,272,376,654      r1000148                                                      (10.00%)
   128,260,813,799      r1200148                                                      (10.00%)
     8,636,804,669      r1ff1                                                         (10.00%)
     7,920,583,995      r2f2                                                          (10.00%)
       100,991,591      r1f2                                                          (10.00%)
         6,694,674      r4f2                                                          (10.00%)
         6,720,620      r4f2                                                          (10.00%)
       137,150,172      re424                                                         (10.00%)
     1,582,106,393      re124                                                         (10.00%)
     1,260,248,917      r2724                                                         (10.00%)
     4,233,813,435      re724                                                         (10.00%)
     9,560,267,985      rf824                                                         (10.00%)
     2,520,386,085      re224                                                         (10.00%)
       106,274,839      rc424                                                         (10.00%)
        28,148,630      r2424                                                         (10.00%)
     1,471,068,161      rc124                                                         (10.00%)
       108,059,810      r2124                                                         (10.00%)
     8,628,919,018      r3f24                                                         (10.00%)
     2,192,568,667      rd824                                                         (10.00%)
     7,373,597,692      r3824                                                         (10.00%)
    13,798,293,768      rff24                                                         (10.00%)
     1,390,706,196      rc224                                                         (10.00%)
     1,112,621,494      r2224                                                         (10.00%)
     7,919,418,103      r40f0                                                         (10.00%)
     7,495,396,889      r412e                                                         (10.00%)
     8,035,207,185      r4f2e                                                         (10.00%)
    42,866,383,815      r81d0                                                         (10.00%)
    30,808,487,444      r82d0                                                         (10.00%)
        19,298,456      r21d0                                                         (10.00%)
           189,341      r41d0                                                         (10.00%)
           567,246      r42d0                                                         (5.00%)
           292,893      r11d0                                                         (5.00%)
           158,161      r12d0                                                         (5.00%)
            48,321      r2d2                                                          (5.00%)
         1,405,285      r4d2                                                          (5.00%)
             2,459      r1d2                                                          (5.00%)
        11,065,490      r8d2                                                          (5.00%)
       545,074,474      r1d3                                                          (6.25%)
                 0      r2d3                                                          (7.50%)
                 0      r8d3                                                          (8.75%)
                 0      r4d3                                                          (10.00%)
                 0      r4d4                                                          (10.00%)
    21,877,722,923      r40d1                                                         (10.00%)
    18,466,362,901      r1d1                                                          (10.00%)
     2,372,955,873      r8d1                                                          (10.00%)
     1,678,836,037      r2d1                                                          (10.00%)
       693,925,303      r10d1                                                         (5.00%)
        10,579,182      r4d1                                                          (5.00%)
       681,374,142      r20d1                                                         (5.00%)
     4,417,304,918      r8b0                                                          (6.25%)
    17,355,835,614      r80b0                                                         (7.50%)
        28,157,967      r2b0                                                          (8.75%)
       917,268,543      r1b0                                                          (10.00%)
     2,826,131,244      r4b0                                                          (10.00%)
    73,553,275,353      r1b2                                                          (10.00%)
 1,084,356,990,011      r860                                                          (10.00%)
   129,714,955,968      r1000860                                                      (10.00%)
       729,675,120      r1000260                                                      (10.00%)
    72,299,335,859      r1000160                                                      (10.00%)
   129,465,701,442      r1000460                                                      (10.00%)
     2,559,757,010      r260                                                          (10.00%)
   139,767,263,180      r160                                                          (10.00%)
       379,723,736      r6000160                                                      (10.00%)
   610,595,698,579      r460                                                          (10.00%)
                 0      r1b7                                                          (10.00%)
                 0      r1b7                                                          (9.99%)
                 0      r1b7                                                          (9.99%)
                 0      r1b7                                                          (9.99%)
                 0      r1b7                                                          (9.99%)
                 0      r1b7                                                          (9.99%)
                 0      r1b7                                                          (9.99%)
                 0      r1b7                                                          (9.99%)
                 0      r1b7                                                          (9.99%)
                 0      r1b7                                                          (9.99%)
                 0      r1b7                                                          (9.99%)
                 0      r1b7                                                          (9.99%)
                 0      r1b7                                                          (9.99%)

      69.983466871 seconds time elapsed

