# started on Mon Feb  5 04:25:49 2024


 Performance counter stats for 'system wide':

     8,623,508,173      r151                                                          (10.00%)
    15,402,841,313      r248                                                          (10.00%)
   406,918,700,178      r148                                                          (10.00%)
   138,148,364,368      r1000148                                                      (10.00%)
   138,142,359,229      r1200148                                                      (10.00%)
     8,568,990,857      r1ff1                                                         (10.00%)
     8,155,055,833      r2f2                                                          (10.01%)
        99,047,838      r1f2                                                          (10.01%)
         6,531,115      r4f2                                                          (10.01%)
         6,534,982      r4f2                                                          (10.01%)
       128,918,623      re424                                                         (10.01%)
     1,811,296,794      re124                                                         (10.01%)
     1,004,528,077      r2724                                                         (10.01%)
     3,900,397,385      re724                                                         (10.01%)
     9,866,103,034      rf824                                                         (10.01%)
     1,961,600,501      re224                                                         (10.01%)
       108,508,816      rc424                                                         (10.01%)
        25,770,980      r2424                                                         (10.01%)
     1,695,171,714      rc124                                                         (10.01%)
       118,488,925      r2124                                                         (10.01%)
     8,574,060,070      r3f24                                                         (10.01%)
     2,308,620,687      rd824                                                         (10.01%)
     7,572,397,285      r3824                                                         (10.01%)
    13,783,286,537      rff24                                                         (10.01%)
     1,102,621,106      rc224                                                         (10.01%)
       859,407,425      r2224                                                         (10.01%)
     8,154,162,310      r40f0                                                         (10.01%)
     7,950,651,670      r412e                                                         (10.01%)
     8,258,381,130      r4f2e                                                         (10.01%)
    46,900,383,213      r81d0                                                         (10.01%)
    28,480,151,950      r82d0                                                         (10.01%)
        10,367,999      r21d0                                                         (10.00%)
           219,320      r41d0                                                         (10.00%)
           463,989      r42d0                                                         (5.00%)
           278,871      r11d0                                                         (5.00%)
           185,200      r12d0                                                         (5.00%)
            44,214      r2d2                                                          (5.00%)
         1,658,103      r4d2                                                          (5.00%)
             4,061      r1d2                                                          (5.00%)
        10,397,361      r8d2                                                          (5.00%)
       604,616,439      r1d3                                                          (6.25%)
                 0      r2d3                                                          (7.50%)
                 0      r8d3                                                          (8.75%)
                 0      r4d3                                                          (10.00%)
                 0      r4d4                                                          (10.00%)
    23,615,242,797      r40d1                                                         (10.00%)
    20,691,576,578      r1d1                                                          (10.00%)
     2,666,141,868      r8d1                                                          (10.00%)
     1,898,332,676      r2d1                                                          (10.00%)
       768,288,468      r10d1                                                         (5.00%)
        10,070,301      r4d1                                                          (5.00%)
       754,665,378      r20d1                                                         (5.00%)
     4,846,804,040      r8b0                                                          (6.25%)
    17,189,601,026      r80b0                                                         (7.50%)
        25,946,487      r2b0                                                          (8.75%)
       996,387,891      r1b0                                                          (10.00%)
     2,623,102,961      r4b0                                                          (10.00%)
    80,158,172,301      r1b2                                                          (10.00%)
 1,210,939,376,888      r860                                                          (10.00%)
   140,232,337,062      r1000860                                                      (10.00%)
       591,515,827      r1000260                                                      (10.00%)
    79,784,101,765      r1000160                                                      (10.00%)
   133,417,077,643      r1000460                                                      (10.00%)
     2,110,080,095      r260                                                          (10.00%)
   155,491,890,050      r160                                                          (10.00%)
       448,272,250      r6000160                                                      (10.00%)
   611,948,301,702      r460                                                          (10.00%)
                 0      r1b7                                                          (10.00%)
                 0      r1b7                                                          (10.00%)
                 0      r1b7                                                          (10.00%)
                 0      r1b7                                                          (10.00%)
                 0      r1b7                                                          (10.00%)
                 0      r1b7                                                          (10.00%)
                 0      r1b7                                                          (10.00%)
                 0      r1b7                                                          (10.00%)
                 0      r1b7                                                          (10.00%)
                 0      r1b7                                                          (10.00%)
                 0      r1b7                                                          (10.00%)
                 0      r1b7                                                          (10.00%)
                 0      r1b7                                                          (10.00%)

      69.872497135 seconds time elapsed

