# started on Mon Feb  5 03:59:49 2024


 Performance counter stats for 'system wide':

     8,736,285,418      r151                                                          (10.00%)
    16,758,892,507      r248                                                          (10.00%)
   413,996,095,963      r148                                                          (10.00%)
   140,095,341,599      r1000148                                                      (10.00%)
   140,104,909,624      r1200148                                                      (10.00%)
     8,693,554,122      r1ff1                                                         (10.00%)
     8,356,186,911      r2f2                                                          (10.00%)
        99,247,283      r1f2                                                          (10.01%)
         7,552,390      r4f2                                                          (10.01%)
         7,597,348      r4f2                                                          (10.01%)
       132,586,876      re424                                                         (10.01%)
     1,422,155,032      re124                                                         (10.01%)
       986,707,349      r2724                                                         (10.01%)
     3,395,878,085      re724                                                         (10.01%)
    10,394,566,080      rf824                                                         (10.01%)
     1,846,865,113      re224                                                         (10.01%)
       106,083,315      rc424                                                         (10.01%)
        25,590,187      r2424                                                         (10.01%)
     1,317,182,786      rc124                                                         (10.01%)
       107,540,383      r2124                                                         (10.01%)
     8,697,621,793      r3f24                                                         (10.01%)
     2,693,874,295      rd824                                                         (10.01%)
     7,708,452,362      r3824                                                         (10.01%)
    13,799,406,039      rff24                                                         (10.01%)
       979,070,006      rc224                                                         (10.01%)
       854,778,383      r2224                                                         (10.01%)
     8,356,662,640      r40f0                                                         (10.01%)
     8,202,298,735      r412e                                                         (10.01%)
     8,464,772,166      r4f2e                                                         (10.01%)
    48,933,560,378      r81d0                                                         (10.01%)
    28,420,572,656      r82d0                                                         (10.01%)
        18,162,062      r21d0                                                         (10.01%)
           221,291      r41d0                                                         (10.01%)
           635,851      r42d0                                                         (5.00%)
           266,002      r11d0                                                         (5.00%)
           132,890      r12d0                                                         (5.00%)
            38,893      r2d2                                                          (5.00%)
         1,693,037      r4d2                                                          (5.00%)
             3,198      r1d2                                                          (5.00%)
        11,066,817      r8d2                                                          (5.00%)
       523,276,717      r1d3                                                          (6.25%)
                 0      r2d3                                                          (7.50%)
                 0      r8d3                                                          (8.75%)
                 0      r4d3                                                          (10.00%)
                 0      r4d4                                                          (10.00%)
    23,637,427,787      r40d1                                                         (10.00%)
    23,191,653,165      r1d1                                                          (10.00%)
     2,193,073,208      r8d1                                                          (10.00%)
     1,521,367,252      r2d1                                                          (10.00%)
       674,691,134      r10d1                                                         (5.00%)
        10,905,644      r4d1                                                          (5.00%)
       659,945,189      r20d1                                                         (5.00%)
     5,027,678,382      r8b0                                                          (6.25%)
    17,412,944,182      r80b0                                                         (7.50%)
        25,781,606      r2b0                                                          (8.75%)
       886,157,649      r1b0                                                          (10.00%)
     2,668,253,588      r4b0                                                          (10.00%)
    83,862,615,778      r1b2                                                          (10.00%)
 1,205,810,639,576      r860                                                          (10.00%)
   142,679,014,633      r1000860                                                      (10.00%)
       577,488,556      r1000260                                                      (10.00%)
    72,961,259,294      r1000160                                                      (10.00%)
   138,051,896,901      r1000460                                                      (10.00%)
     2,061,755,047      r260                                                          (10.00%)
   137,321,931,929      r160                                                          (10.00%)
       493,721,301      r6000160                                                      (10.00%)
   639,081,675,319      r460                                                          (10.00%)
                 0      r1b7                                                          (10.00%)
                 0      r1b7                                                          (10.00%)
                 0      r1b7                                                          (10.00%)
                 0      r1b7                                                          (10.00%)
                 0      r1b7                                                          (10.00%)
                 0      r1b7                                                          (10.00%)
                 0      r1b7                                                          (10.00%)
                 0      r1b7                                                          (10.00%)
                 0      r1b7                                                          (10.00%)
                 0      r1b7                                                          (10.00%)
                 0      r1b7                                                          (10.00%)
                 0      r1b7                                                          (10.00%)
                 0      r1b7                                                          (10.00%)

      69.802352739 seconds time elapsed

