# started on Mon Feb  5 09:20:59 2024


 Performance counter stats for 'system wide':

        36,438,110      r1000114                                                      (10.52%)
         5,480,866      r1e6                                                          (10.52%)
    28,173,197,419      rc4                                                           (10.52%)
   <not supported>      r4c4:p                                                      
    27,673,340,149      r1c4                                                          (10.53%)
         1,256,104      r40c4                                                         (10.53%)
       221,292,338      r2c4                                                          (10.53%)
       221,503,316      r8c4                                                          (10.53%)
    27,810,640,989      r20c4                                                         (10.53%)
       337,687,258      r10c4                                                         (10.53%)
        12,948,045      rc5                                                           (10.53%)
   <not supported>      r4c5:p                                                      
         3,027,403      r1c5                                                          (10.53%)
            14,025      r2c5                                                          (10.53%)
        12,017,029      r20c5                                                         (10.53%)
     1,857,491,896      r23c                                                          (10.53%)
     1,857,399,237      r13c                                                          (10.53%)
     1,857,517,961      r20013c                                                       (10.53%)
     1,857,166,006      r23c                                                          (10.53%)
   156,061,347,626      r300                                                          (11.85%)
     1,856,243,715      r13c                                                          (11.85%)
     1,856,644,009      r20013c                                                       (11.85%)
           498,934      r104003c                                                      (11.85%)
   169,328,098,137      r3c                                                           (13.16%)
   169,324,224,817      r20003c                                                       (13.16%)
   169,291,770,256      r3c                                                           (13.16%)
   169,340,863,096      r20003c                                                       (13.16%)
   114,701,695,016      r80008a3                                                      (13.16%)
    59,597,881,723      r10001a3                                                      (13.16%)
   131,121,583,519      r100010a3                                                     (11.85%)
    68,752,729,450      rc000ca3                                                      (11.85%)
    43,103,794,971      r50005a3                                                      (11.85%)
    71,565,221,748      r140014a3                                                     (11.85%)
    94,622,019,392      r40004a3                                                      (11.85%)
    16,184,459,955      r2a6                                                          (11.85%)
    14,106,419,622      r4a6                                                          (10.53%)
    20,027,760,134      r8a6                                                          (10.53%)
    15,537,184,683      r10a6                                                         (10.53%)
    26,664,159,076      r40a6                                                         (10.53%)
     1,215,450,000      r1a6                                                          (10.53%)
           448,098      r187                                                          (10.53%)
   191,457,670,471      rc0                                                           (11.85%)
   191,469,472,425      rc0                                                           (11.85%)
   <not supported>      r1c0:p                                                      
   <not supported>      ra8001c0:p                                                  
       308,427,341      r800d                                                         (11.85%)
       181,528,413      r10d                                                          (11.85%)
       183,321,629      r20010d                                                       (11.85%)
             1,587      r803                                                          (11.85%)
         9,613,074      r203                                                          (11.85%)
        92,906,193      r107                                                          (11.85%)
           327,382      r14c                                                          (11.85%)
                 0      r40001a8                                                      (11.85%)
                 0      r10001a8                                                      (10.53%)
                 0      r1a8                                                          (10.53%)
         3,174,610      r10401c3                                                      (10.53%)
           981,083      r4c3                                                          (10.52%)
            65,621      r3fc1                                                         (10.52%)
   113,714,973,089      r1a2                                                          (10.52%)
    29,481,104,012      r8a2                                                          (10.52%)
                 0      r20cc                                                         (10.52%)
    19,821,184,025      r15e                                                          (10.52%)
       976,885,398      r184015e                                                      (10.52%)
    27,104,345,731      r1a1                                                          (10.52%)
    30,987,615,725      r2a1                                                          (10.52%)
    33,362,077,561      r4a1                                                          (10.52%)
    33,603,348,043      r8a1                                                          (10.52%)
    41,493,480,940      r10a1                                                         (10.52%)
    30,575,638,728      r20a1                                                         (10.52%)
    37,035,994,495      r40a1                                                         (10.52%)
     1,766,338,514      r80a1                                                         (10.52%)
   213,432,310,526      r2b1                                                          (10.52%)
    74,768,168,168      r10002b1                                                      (10.52%)
    58,582,885,035      r20002b1                                                      (10.52%)
    44,458,200,715      r30002b1                                                      (10.52%)
    24,420,120,221      r40002b1                                                      (10.52%)
    94,550,104,802      r18002b1                                                      (10.52%)
    74,728,036,038      r10001b1                                                      (10.52%)
    58,552,064,639      r20001b1                                                      (10.52%)
    44,458,217,992      r30001b1                                                      (10.52%)

      70.121088631 seconds time elapsed

