# started on Tue Feb  6 10:19:35 2024


 Performance counter stats for 'system wide':

            21,649      unc_h_dir_update_ha_0                                         (23.48%)
            20,370      unc_h_dir_update_ha_1                                         (23.44%)
                 0      unc_h_dir_update_ha_2                                         (23.42%)
                 0      unc_h_dir_update_ha_3                                         (23.42%)
            27,678      unc_h_dir_update_ha_4                                         (23.54%)
            23,160      unc_h_dir_update_ha_5                                         (23.36%)
                 0      unc_h_dir_update_ha_6                                         (23.21%)
                 0      unc_h_dir_update_ha_7                                         (23.54%)
                 0      unc_h_dir_update_tor_0                                        (23.54%)
                 0      unc_h_dir_update_tor_1                                        (23.54%)
                 0      unc_h_dir_update_tor_2                                        (23.54%)
            19,039      unc_h_dir_update_tor_3                                        (23.41%)
             2,162      unc_h_dir_update_tor_4                                        (23.54%)
             5,977      unc_h_dir_update_tor_5                                        (23.54%)
                 0      unc_h_dir_update_tor_6                                        (23.54%)
             2,073      unc_h_dir_update_tor_7                                        (23.54%)
             1,428      unc_h_hitme_hit_ex_rds_0                                      (23.54%)
             1,372      unc_h_hitme_hit_ex_rds_1                                      (23.54%)
                 0      unc_h_hitme_hit_ex_rds_2                                      (23.54%)
             2,014      unc_h_hitme_hit_ex_rds_3                                      (23.54%)
                 0      unc_h_hitme_hit_ex_rds_4                                      (23.54%)
                 0      unc_h_hitme_hit_ex_rds_5                                      (23.54%)
             2,613      unc_h_hitme_hit_ex_rds_6                                      (23.54%)
             1,840      unc_h_hitme_hit_ex_rds_7                                      (23.54%)
                 0      unc_h_misc_rfo_hit_s_0                                        (23.53%)
                 0      unc_h_misc_rfo_hit_s_1                                        (23.53%)
               939      unc_h_misc_rfo_hit_s_2                                        (23.53%)
               272      unc_h_misc_rfo_hit_s_3                                        (23.53%)
               127      unc_h_misc_rfo_hit_s_4                                        (23.53%)
             1,016      unc_h_misc_rfo_hit_s_5                                        (23.53%)
               225      unc_h_misc_rfo_hit_s_6                                        (23.53%)
                30      unc_h_misc_rfo_hit_s_7                                        (23.53%)
       147,034,195      unc_h_requests_invitoe_local_0                                     (23.53%)
       146,967,413      unc_h_requests_invitoe_local_1                                     (23.53%)
       147,037,598      unc_h_requests_invitoe_local_2                                     (23.53%)
       147,723,066      unc_h_requests_invitoe_local_3                                     (23.53%)
       146,912,364      unc_h_requests_invitoe_local_4                                     (23.53%)
       146,639,453      unc_h_requests_invitoe_local_5                                     (23.66%)
       146,666,268      unc_h_requests_invitoe_local_6                                     (23.66%)
       146,491,492      unc_h_requests_invitoe_local_7                                     (23.82%)
             9,243      unc_h_requests_invitoe_remote_0                                     (23.60%)
             9,445      unc_h_requests_invitoe_remote_1                                     (23.64%)
             3,808      unc_h_requests_invitoe_remote_2                                     (23.68%)
             1,661      unc_h_requests_invitoe_remote_3                                     (23.66%)
            11,027      unc_h_requests_invitoe_remote_4                                     (23.53%)
             3,163      unc_h_requests_invitoe_remote_5                                     (23.71%)
            11,740      unc_h_requests_invitoe_remote_6                                     (23.76%)
               372      unc_h_requests_invitoe_remote_7                                     (23.68%)
       859,453,033      unc_h_requests_reads_0                                        (23.56%)
       859,425,141      unc_h_requests_reads_1                                        (23.56%)
       862,435,040      unc_h_requests_reads_2                                        (23.63%)
       863,066,553      unc_h_requests_reads_3                                        (23.67%)
       858,766,954      unc_h_requests_reads_4                                        (23.53%)
       859,505,811      unc_h_requests_reads_5                                        (23.42%)
       862,100,334      unc_h_requests_reads_6                                        (23.64%)
       858,739,423      unc_h_requests_reads_7                                        (23.20%)
       865,015,973      unc_h_requests_reads_local_0                                     (23.51%)
       864,776,030      unc_h_requests_reads_local_1                                     (23.51%)
       863,802,492      unc_h_requests_reads_local_2                                     (23.51%)
       865,991,628      unc_h_requests_reads_local_3                                     (23.53%)
       864,563,895      unc_h_requests_reads_local_4                                     (23.53%)
       865,591,346      unc_h_requests_reads_local_5                                     (23.53%)
       865,358,868      unc_h_requests_reads_local_6                                     (23.53%)
       864,936,686      unc_h_requests_reads_local_7                                     (23.53%)
       574,271,280      unc_h_requests_writes_0                                       (23.53%)
       574,204,632      unc_h_requests_writes_1                                       (23.53%)
       573,855,499      unc_h_requests_writes_2                                       (23.53%)
       573,848,095      unc_h_requests_writes_3                                       (23.53%)
       573,378,181      unc_h_requests_writes_4                                       (23.53%)
       573,438,216      unc_h_requests_writes_5                                       (23.53%)
       573,484,318      unc_h_requests_writes_6                                       (23.53%)
       573,322,322      unc_h_requests_writes_7                                       (23.53%)
       573,744,192      unc_h_requests_writes_local_0                                     (23.53%)
       573,722,426      unc_h_requests_writes_local_1                                     (23.53%)
       573,674,288      unc_h_requests_writes_local_2                                     (23.53%)
       573,274,130      unc_h_requests_writes_local_3                                     (23.52%)
       573,309,099      unc_h_requests_writes_local_4                                     (23.53%)
       573,071,983      unc_h_requests_writes_local_5                                     (23.52%)
       573,165,828      unc_h_requests_writes_local_6                                     (23.52%)
       572,761,263      unc_h_requests_writes_local_7                                     (23.65%)
     2,347,078,788      unc_h_rxc_inserts_irq_0                                       (23.53%)
     2,263,880,745      unc_h_rxc_inserts_irq_1                                       (23.59%)
     2,263,713,755      unc_h_rxc_inserts_irq_2                                       (23.65%)
     2,265,184,853      unc_h_rxc_inserts_irq_3                                       (23.74%)
     2,260,384,693      unc_h_rxc_inserts_irq_4                                       (23.53%)
     2,263,804,178      unc_h_rxc_inserts_irq_5                                       (23.80%)
     2,266,775,909      unc_h_rxc_inserts_irq_6                                       (23.86%)
     2,265,854,213      unc_h_rxc_inserts_irq_7                                       (23.86%)
           399,401      unc_h_rxc_irq1_reject_pa_match_0                                     (23.57%)
           428,370      unc_h_rxc_irq1_reject_pa_match_1                                     (23.60%)
           350,529      unc_h_rxc_irq1_reject_pa_match_2                                     (23.56%)
           402,105      unc_h_rxc_irq1_reject_pa_match_3                                     (23.59%)
           390,437      unc_h_rxc_irq1_reject_pa_match_4                                     (23.53%)
           308,236      unc_h_rxc_irq1_reject_pa_match_5                                     (23.61%)
           476,985      unc_h_rxc_irq1_reject_pa_match_6                                     (23.41%)
           504,659      unc_h_rxc_irq1_reject_pa_match_7                                     (23.44%)
    20,694,280,821      unc_h_rxc_occupancy_irq_0                                     (23.53%)
    19,916,877,800      unc_h_rxc_occupancy_irq_1                                     (23.47%)
    19,411,768,350      unc_h_rxc_occupancy_irq_2                                     (23.38%)
    20,436,936,119      unc_h_rxc_occupancy_irq_3                                     (23.32%)
    22,320,687,575      unc_h_rxc_occupancy_irq_4                                     (23.53%)
    21,370,553,057      unc_h_rxc_occupancy_irq_5                                     (23.26%)
    47,671,905,040      unc_h_rxc_occupancy_irq_6                                     (23.31%)
    46,908,732,569      unc_h_rxc_occupancy_irq_7                                     (23.25%)
                 0      unc_h_snoop_resp_rsp_fwd_wb_0                                     (23.49%)
                 0      unc_h_snoop_resp_rsp_fwd_wb_1                                     (23.46%)
            16,606      unc_h_snoop_resp_rsp_fwd_wb_2                                     (23.44%)
                 0      unc_h_snoop_resp_rsp_fwd_wb_3                                     (23.48%)
                 0      unc_h_snoop_resp_rsp_fwd_wb_4                                     (23.53%)
                 0      unc_h_snoop_resp_rsp_fwd_wb_5                                     (23.45%)
            42,018      unc_h_snoop_resp_rsp_fwd_wb_6                                     (23.43%)
            45,179      unc_h_snoop_resp_rsp_fwd_wb_7                                     (23.39%)
             2,418      unc_h_snoop_resp_rspcnflct_0                                     (23.53%)
             2,151      unc_h_snoop_resp_rspcnflct_1                                     (23.53%)
             5,797      unc_h_snoop_resp_rspcnflct_2                                     (23.53%)
                 0      unc_h_snoop_resp_rspcnflct_3                                     (23.53%)
                 0      unc_h_snoop_resp_rspcnflct_4                                     (23.53%)
                 0      unc_h_snoop_resp_rspcnflct_5                                     (23.52%)
                 0      unc_h_snoop_resp_rspcnflct_6                                     (23.52%)
                 0      unc_h_snoop_resp_rspcnflct_7                                     (23.50%)
                 0      unc_h_snoop_resp_rspifwd_0                                     (23.53%)
                 0      unc_h_snoop_resp_rspifwd_1                                     (23.53%)
                 0      unc_h_snoop_resp_rspifwd_2                                     (23.53%)
                 0      unc_h_snoop_resp_rspifwd_3                                     (23.53%)
                 0      unc_h_snoop_resp_rspifwd_4                                     (23.53%)
                 0      unc_h_snoop_resp_rspifwd_5                                     (23.53%)
                 0      unc_h_snoop_resp_rspifwd_6                                     (23.53%)
                 0      unc_h_snoop_resp_rspifwd_7                                     (23.53%)
                 0      unc_h_snoop_resp_rspsfwd_0                                     (23.53%)
                 0      unc_h_snoop_resp_rspsfwd_1                                     (23.53%)
                 0      unc_h_snoop_resp_rspsfwd_2                                     (23.53%)
                 0      unc_h_snoop_resp_rspsfwd_3                                     (23.53%)
                 0      unc_h_snoop_resp_rspsfwd_4                                     (23.53%)
                 0      unc_h_snoop_resp_rspsfwd_5                                     (23.53%)
                 0      unc_h_snoop_resp_rspsfwd_6                                     (23.53%)
                 0      unc_h_snoop_resp_rspsfwd_7                                     (23.53%)
           182,625      unc_i_cache_total_occupancy_mem_0                                     (33.33%)
            90,743      unc_i_cache_total_occupancy_mem_1                                     (33.33%)
                 0      unc_i_cache_total_occupancy_mem_2                                     (33.34%)
                 0      unc_i_cache_total_occupancy_mem_3                                     (33.34%)
                 0      unc_i_cache_total_occupancy_mem_4                                     (33.34%)
                 0      unc_i_cache_total_occupancy_mem_5                                     (33.34%)
                48      unc_i_coherent_ops_pcitom_0                                     (33.34%)
                 0      unc_i_coherent_ops_pcitom_1                                     (33.34%)
                 0      unc_i_coherent_ops_pcitom_2                                     (33.33%)
                 0      unc_i_coherent_ops_pcitom_3                                     (33.33%)
                 0      unc_i_coherent_ops_pcitom_4                                     (33.33%)
                 0      unc_i_coherent_ops_pcitom_5                                     (33.33%)
               594      unc_i_coherent_ops_rfo_0                                      (33.33%)
                84      unc_i_coherent_ops_rfo_1                                      (33.33%)
                 0      unc_i_coherent_ops_rfo_2                                      (33.34%)
                 0      unc_i_coherent_ops_rfo_3                                      (33.34%)
                 0      unc_i_coherent_ops_rfo_4                                      (33.34%)
                 0      unc_i_coherent_ops_rfo_5                                      (33.34%)
               864      unc_i_faf_inserts_0                                           (33.34%)
            56,194      unc_i_faf_inserts_1                                           (33.34%)
                 0      unc_i_faf_inserts_2                                           (33.34%)
                 0      unc_i_faf_inserts_3                                           (33.34%)
                 0      unc_i_faf_inserts_4                                           (33.34%)
                 0      unc_i_faf_inserts_5                                           (33.34%)
               822      unc_i_faf_occupancy_0                                         (33.34%)
            30,308      unc_i_faf_occupancy_1                                         (33.34%)
                 0      unc_i_faf_occupancy_2                                         (33.33%)
                 0      unc_i_faf_occupancy_3                                         (33.33%)
                 0      unc_i_faf_occupancy_4                                         (33.33%)
                 0      unc_i_faf_occupancy_5                                         (33.33%)
               615      unc_i_transactions_wr_pref_0                                     (33.33%)
                87      unc_i_transactions_wr_pref_1                                     (33.33%)
                 0      unc_i_transactions_wr_pref_2                                     (33.33%)
                 0      unc_i_transactions_wr_pref_3                                     (33.33%)
                 0      unc_i_transactions_wr_pref_4                                     (33.33%)
                 0      unc_i_transactions_wr_pref_5                                     (33.33%)
    67,657,088,352      unc_iio_clockticks_0                                          (7.04%)
    67,484,916,935      unc_iio_clockticks_1                                          (7.04%)
    67,680,838,320      unc_iio_clockticks_2                                          (7.02%)
    67,659,179,142      unc_iio_clockticks_3                                          (7.04%)
                 0      unc_iio_clockticks_4                                          (7.04%)
                 0      unc_iio_clockticks_5                                          (7.04%)
                 0      unc_iio_comp_buf_inserts_cmpd_all_parts_0                                     (7.04%)
                 0      unc_iio_comp_buf_inserts_cmpd_all_parts_1                                     (7.03%)
                 0      unc_iio_comp_buf_inserts_cmpd_all_parts_2                                     (7.04%)
                 0      unc_iio_comp_buf_inserts_cmpd_all_parts_3                                     (7.04%)
                 0      unc_iio_comp_buf_inserts_cmpd_all_parts_4                                     (7.03%)
                 0      unc_iio_comp_buf_inserts_cmpd_all_parts_5                                     (7.04%)
                 0      unc_iio_comp_buf_inserts_cmpd_part0_0                                     (7.04%)
                 0      unc_iio_comp_buf_inserts_cmpd_part0_1                                     (7.04%)
                 0      unc_iio_comp_buf_inserts_cmpd_part0_2                                     (7.07%)
                 0      unc_iio_comp_buf_inserts_cmpd_part0_3                                     (7.07%)
                 0      unc_iio_comp_buf_inserts_cmpd_part0_4                                     (7.05%)
                 0      unc_iio_comp_buf_inserts_cmpd_part0_5                                     (7.04%)
                 0      unc_iio_comp_buf_inserts_cmpd_part1_0                                     (7.04%)
                 0      unc_iio_comp_buf_inserts_cmpd_part1_1                                     (7.04%)
                 0      unc_iio_comp_buf_inserts_cmpd_part1_2                                     (7.02%)
                 0      unc_iio_comp_buf_inserts_cmpd_part1_3                                     (7.02%)
                 0      unc_iio_comp_buf_inserts_cmpd_part1_4                                     (7.05%)
                 0      unc_iio_comp_buf_inserts_cmpd_part1_5                                     (7.03%)
                 0      unc_iio_comp_buf_inserts_cmpd_part2_0                                     (7.03%)
                 0      unc_iio_comp_buf_inserts_cmpd_part2_1                                     (7.03%)
                 0      unc_iio_comp_buf_inserts_cmpd_part2_2                                     (7.04%)
                 0      unc_iio_comp_buf_inserts_cmpd_part2_3                                     (7.04%)
                 0      unc_iio_comp_buf_inserts_cmpd_part2_4                                     (7.02%)
                 0      unc_iio_comp_buf_inserts_cmpd_part2_5                                     (7.03%)
                 0      unc_iio_comp_buf_inserts_cmpd_part3_0                                     (7.02%)
                 0      unc_iio_comp_buf_inserts_cmpd_part3_1                                     (7.02%)
                 0      unc_iio_comp_buf_inserts_cmpd_part3_2                                     (7.01%)
                 0      unc_iio_comp_buf_inserts_cmpd_part3_3                                     (7.02%)
                 0      unc_iio_comp_buf_inserts_cmpd_part3_4                                     (7.02%)
                 0      unc_iio_comp_buf_inserts_cmpd_part3_5                                     (7.03%)
            25,696      unc_iio_comp_buf_occupancy_cmpd_all_parts_0                                     (7.03%)
                 0      unc_iio_comp_buf_occupancy_cmpd_all_parts_1                                     (7.05%)
                 0      unc_iio_comp_buf_occupancy_cmpd_all_parts_2                                     (7.01%)
                 0      unc_iio_comp_buf_occupancy_cmpd_all_parts_3                                     (7.03%)
                 0      unc_iio_comp_buf_occupancy_cmpd_all_parts_4                                     (7.02%)
                 0      unc_iio_comp_buf_occupancy_cmpd_all_parts_5                                     (7.03%)
                 0      unc_iio_comp_buf_occupancy_cmpd_part0_0                                     (7.02%)
           923,501      unc_iio_comp_buf_occupancy_cmpd_part0_1                                     (7.02%)
                 0      unc_iio_comp_buf_occupancy_cmpd_part0_2                                     (7.03%)
                 0      unc_iio_comp_buf_occupancy_cmpd_part0_3                                     (7.02%)
                 0      unc_iio_comp_buf_occupancy_cmpd_part0_4                                     (7.01%)
                 0      unc_iio_comp_buf_occupancy_cmpd_part0_5                                     (7.02%)
            51,968      unc_iio_comp_buf_occupancy_cmpd_part1_0                                     (7.02%)
                 0      unc_iio_comp_buf_occupancy_cmpd_part1_1                                     (7.02%)
                 0      unc_iio_comp_buf_occupancy_cmpd_part1_2                                     (7.02%)
                 0      unc_iio_comp_buf_occupancy_cmpd_part1_3                                     (7.02%)
                 0      unc_iio_comp_buf_occupancy_cmpd_part1_4                                     (7.02%)
                 0      unc_iio_comp_buf_occupancy_cmpd_part1_5                                     (7.02%)
                 0      unc_iio_comp_buf_occupancy_cmpd_part2_0                                     (7.02%)
                 0      unc_iio_comp_buf_occupancy_cmpd_part2_1                                     (7.02%)
                 0      unc_iio_comp_buf_occupancy_cmpd_part2_2                                     (7.00%)
                 0      unc_iio_comp_buf_occupancy_cmpd_part2_3                                     (7.01%)
                 0      unc_iio_comp_buf_occupancy_cmpd_part2_4                                     (7.02%)
                 0      unc_iio_comp_buf_occupancy_cmpd_part2_5                                     (7.02%)
                 0      unc_iio_comp_buf_occupancy_cmpd_part3_0                                     (7.02%)
                 0      unc_iio_comp_buf_occupancy_cmpd_part3_1                                     (7.02%)
                 0      unc_iio_comp_buf_occupancy_cmpd_part3_2                                     (7.02%)
                 0      unc_iio_comp_buf_occupancy_cmpd_part3_3                                     (7.02%)
                 0      unc_iio_comp_buf_occupancy_cmpd_part3_4                                     (7.02%)
                 0      unc_iio_comp_buf_occupancy_cmpd_part3_5                                     (7.02%)
                 0      unc_iio_data_req_by_cpu_mem_read_part0_0                                     (7.02%)
                 0      unc_iio_data_req_by_cpu_mem_read_part0_1                                     (7.01%)
                 0      unc_iio_data_req_by_cpu_mem_read_part0_2                                     (7.02%)
                 0      unc_iio_data_req_by_cpu_mem_read_part0_3                                     (7.02%)
                 0      unc_iio_data_req_by_cpu_mem_read_part0_4                                     (7.05%)
                 0      unc_iio_data_req_by_cpu_mem_read_part0_5                                     (7.02%)
                 0      unc_iio_data_req_by_cpu_mem_read_part1_0                                     (3.50%)
                 0      unc_iio_data_req_by_cpu_mem_read_part1_1                                     (7.03%)
                 0      unc_iio_data_req_by_cpu_mem_read_part1_2                                     (7.02%)
                 0      unc_iio_data_req_by_cpu_mem_read_part1_3                                     (7.03%)
                 0      unc_iio_data_req_by_cpu_mem_read_part1_4                                     (7.06%)
                 0      unc_iio_data_req_by_cpu_mem_read_part1_5                                     (7.03%)
                 0      unc_iio_data_req_by_cpu_mem_read_part2_0                                     (7.02%)
                 0      unc_iio_data_req_by_cpu_mem_read_part2_1                                     (7.02%)
                 0      unc_iio_data_req_by_cpu_mem_read_part2_2                                     (7.04%)
                 0      unc_iio_data_req_by_cpu_mem_read_part2_3                                     (7.04%)
                 0      unc_iio_data_req_by_cpu_mem_read_part2_4                                     (7.03%)
                 0      unc_iio_data_req_by_cpu_mem_read_part2_5                                     (7.02%)
                 0      unc_iio_data_req_by_cpu_mem_read_part3_0                                     (7.02%)
                 0      unc_iio_data_req_by_cpu_mem_read_part3_1                                     (7.02%)
                 0      unc_iio_data_req_by_cpu_mem_read_part3_2                                     (7.01%)
                 0      unc_iio_data_req_by_cpu_mem_read_part3_3                                     (7.01%)
                 0      unc_iio_data_req_by_cpu_mem_read_part3_4                                     (7.03%)
                 0      unc_iio_data_req_by_cpu_mem_read_part3_5                                     (7.02%)
                 0      unc_iio_data_req_by_cpu_mem_write_part0_0                                     (7.02%)
                 0      unc_iio_data_req_by_cpu_mem_write_part0_1                                     (7.02%)
                 0      unc_iio_data_req_by_cpu_mem_write_part0_2                                     (7.03%)
                 0      unc_iio_data_req_by_cpu_mem_write_part0_3                                     (7.02%)
                 0      unc_iio_data_req_by_cpu_mem_write_part0_4                                     (7.01%)
                 0      unc_iio_data_req_by_cpu_mem_write_part0_5                                     (7.02%)
                 0      unc_iio_data_req_by_cpu_mem_write_part1_0                                     (7.03%)
                 0      unc_iio_data_req_by_cpu_mem_write_part1_1                                     (7.02%)
                 0      unc_iio_data_req_by_cpu_mem_write_part1_2                                     (7.04%)
                 0      unc_iio_data_req_by_cpu_mem_write_part1_3                                     (7.03%)
                 0      unc_iio_data_req_by_cpu_mem_write_part1_4                                     (7.00%)
                 0      unc_iio_data_req_by_cpu_mem_write_part1_5                                     (7.02%)
                 0      unc_iio_data_req_by_cpu_mem_write_part2_0                                     (7.00%)
                 0      unc_iio_data_req_by_cpu_mem_write_part2_1                                     (7.01%)
                 0      unc_iio_data_req_by_cpu_mem_write_part2_2                                     (7.02%)
                 0      unc_iio_data_req_by_cpu_mem_write_part2_3                                     (7.00%)
                 0      unc_iio_data_req_by_cpu_mem_write_part2_4                                     (7.00%)
                 0      unc_iio_data_req_by_cpu_mem_write_part2_5                                     (7.02%)
                 0      unc_iio_data_req_by_cpu_mem_write_part3_0                                     (7.01%)
                 0      unc_iio_data_req_by_cpu_mem_write_part3_1                                     (7.02%)
                 0      unc_iio_data_req_by_cpu_mem_write_part3_2                                     (7.01%)
                 0      unc_iio_data_req_by_cpu_mem_write_part3_3                                     (7.01%)
                 0      unc_iio_data_req_by_cpu_mem_write_part3_4                                     (7.02%)
                 0      unc_iio_data_req_by_cpu_mem_write_part3_5                                     (7.02%)
                 0      unc_iio_data_req_by_cpu_peer_read_part0_0                                     (7.02%)
                 0      unc_iio_data_req_by_cpu_peer_read_part0_1                                     (7.02%)
                 0      unc_iio_data_req_by_cpu_peer_read_part0_2                                     (7.01%)
                 0      unc_iio_data_req_by_cpu_peer_read_part0_3                                     (7.01%)
                 0      unc_iio_data_req_by_cpu_peer_read_part0_4                                     (7.02%)
                 0      unc_iio_data_req_by_cpu_peer_read_part0_5                                     (7.02%)
                 0      unc_iio_data_req_by_cpu_peer_read_part1_0                                     (7.02%)
                 0      unc_iio_data_req_by_cpu_peer_read_part1_1                                     (7.02%)
                 0      unc_iio_data_req_by_cpu_peer_read_part1_2                                     (7.02%)
                 0      unc_iio_data_req_by_cpu_peer_read_part1_3                                     (7.04%)
                 0      unc_iio_data_req_by_cpu_peer_read_part1_4                                     (7.03%)
                 0      unc_iio_data_req_by_cpu_peer_read_part1_5                                     (7.02%)
                 0      unc_iio_data_req_by_cpu_peer_read_part2_0                                     (7.02%)
                 0      unc_iio_data_req_by_cpu_peer_read_part2_1                                     (7.02%)
                 0      unc_iio_data_req_by_cpu_peer_read_part2_2                                     (7.02%)
                 0      unc_iio_data_req_by_cpu_peer_read_part2_3                                     (7.02%)
                 0      unc_iio_data_req_by_cpu_peer_read_part2_4                                     (7.02%)
                 0      unc_iio_data_req_by_cpu_peer_read_part2_5                                     (7.02%)
                 0      unc_iio_data_req_by_cpu_peer_read_part3_0                                     (7.02%)
                 0      unc_iio_data_req_by_cpu_peer_read_part3_1                                     (7.02%)
                 0      unc_iio_data_req_by_cpu_peer_read_part3_2                                     (7.02%)
                 0      unc_iio_data_req_by_cpu_peer_read_part3_3                                     (7.02%)
                 0      unc_iio_data_req_by_cpu_peer_read_part3_4                                     (7.03%)
                 0      unc_iio_data_req_by_cpu_peer_read_part3_5                                     (7.02%)
                 0      unc_iio_data_req_by_cpu_peer_write_part0_0                                     (7.02%)
                 0      unc_iio_data_req_by_cpu_peer_write_part0_1                                     (7.03%)
                 0      unc_iio_data_req_by_cpu_peer_write_part0_2                                     (7.02%)
                 0      unc_iio_data_req_by_cpu_peer_write_part0_3                                     (7.02%)
                 0      unc_iio_data_req_by_cpu_peer_write_part0_4                                     (7.02%)
                 0      unc_iio_data_req_by_cpu_peer_write_part0_5                                     (7.02%)
                 0      unc_iio_data_req_by_cpu_peer_write_part1_0                                     (7.01%)
                 0      unc_iio_data_req_by_cpu_peer_write_part1_1                                     (7.02%)
                 0      unc_iio_data_req_by_cpu_peer_write_part1_2                                     (7.02%)
                 0      unc_iio_data_req_by_cpu_peer_write_part1_3                                     (7.02%)
                 0      unc_iio_data_req_by_cpu_peer_write_part1_4                                     (7.02%)
                 0      unc_iio_data_req_by_cpu_peer_write_part1_5                                     (7.02%)
                 0      unc_iio_data_req_by_cpu_peer_write_part2_0                                     (7.03%)
                 0      unc_iio_data_req_by_cpu_peer_write_part2_1                                     (7.01%)
                 0      unc_iio_data_req_by_cpu_peer_write_part2_2                                     (7.01%)
                 0      unc_iio_data_req_by_cpu_peer_write_part2_3                                     (7.03%)
                 0      unc_iio_data_req_by_cpu_peer_write_part2_4                                     (7.01%)
                 0      unc_iio_data_req_by_cpu_peer_write_part2_5                                     (7.02%)
                 0      unc_iio_data_req_by_cpu_peer_write_part3_0                                     (7.02%)
                 0      unc_iio_data_req_by_cpu_peer_write_part3_1                                     (7.02%)
                 0      unc_iio_data_req_by_cpu_peer_write_part3_2                                     (7.01%)
                 0      unc_iio_data_req_by_cpu_peer_write_part3_3                                     (7.01%)
                 0      unc_iio_data_req_by_cpu_peer_write_part3_4                                     (7.01%)
                 0      unc_iio_data_req_by_cpu_peer_write_part3_5                                     (7.02%)
                 0      unc_iio_data_req_of_cpu_mem_read_part0_0                                     (5.25%)
                 0      unc_iio_data_req_of_cpu_mem_read_part0_1                                     (7.04%)
                 0      unc_iio_data_req_of_cpu_mem_read_part0_2                                     (7.02%)
                 0      unc_iio_data_req_of_cpu_mem_read_part0_3                                     (7.02%)
                 0      unc_iio_data_req_of_cpu_mem_read_part0_4                                     (7.01%)
                 0      unc_iio_data_req_of_cpu_mem_read_part0_5                                     (7.02%)
                 0      unc_iio_data_req_of_cpu_mem_read_part1_0                                     (7.01%)
                 0      unc_iio_data_req_of_cpu_mem_read_part1_1                                     (7.03%)
                 0      unc_iio_data_req_of_cpu_mem_read_part1_2                                     (7.03%)
                 0      unc_iio_data_req_of_cpu_mem_read_part1_3                                     (7.04%)
                 0      unc_iio_data_req_of_cpu_mem_read_part1_4                                     (7.06%)
                 0      unc_iio_data_req_of_cpu_mem_read_part1_5                                     (7.02%)
                 0      unc_iio_data_req_of_cpu_mem_read_part2_0                                     (5.28%)
                 0      unc_iio_data_req_of_cpu_mem_read_part2_1                                     (5.27%)
                 0      unc_iio_data_req_of_cpu_mem_read_part2_2                                     (7.03%)
                 0      unc_iio_data_req_of_cpu_mem_read_part2_3                                     (7.03%)
                 0      unc_iio_data_req_of_cpu_mem_read_part2_4                                     (7.03%)
                 0      unc_iio_data_req_of_cpu_mem_read_part2_5                                     (7.02%)
                 0      unc_iio_data_req_of_cpu_mem_read_part3_0                                     (7.02%)
                 0      unc_iio_data_req_of_cpu_mem_read_part3_1                                     (7.02%)
                 0      unc_iio_data_req_of_cpu_mem_read_part3_2                                     (7.03%)
                 0      unc_iio_data_req_of_cpu_mem_read_part3_3                                     (7.02%)
                 0      unc_iio_data_req_of_cpu_mem_read_part3_4                                     (7.01%)
                 0      unc_iio_data_req_of_cpu_mem_read_part3_5                                     (7.02%)
                 0      unc_iio_data_req_of_cpu_mem_write_part0_0                                     (7.02%)
                 0      unc_iio_data_req_of_cpu_mem_write_part0_1                                     (7.02%)
                 0      unc_iio_data_req_of_cpu_mem_write_part0_2                                     (7.01%)
                 0      unc_iio_data_req_of_cpu_mem_write_part0_3                                     (7.01%)
                 0      unc_iio_data_req_of_cpu_mem_write_part0_4                                     (7.00%)
                 0      unc_iio_data_req_of_cpu_mem_write_part0_5                                     (7.02%)
                 0      unc_iio_data_req_of_cpu_mem_write_part1_0                                     (7.02%)
                 0      unc_iio_data_req_of_cpu_mem_write_part1_1                                     (7.02%)
                 0      unc_iio_data_req_of_cpu_mem_write_part1_2                                     (7.00%)
                 0      unc_iio_data_req_of_cpu_mem_write_part1_3                                     (7.00%)
                 0      unc_iio_data_req_of_cpu_mem_write_part1_4                                     (5.28%)
                 0      unc_iio_data_req_of_cpu_mem_write_part1_5                                     (7.02%)
                 0      unc_iio_data_req_of_cpu_mem_write_part2_0                                     (7.02%)
                 0      unc_iio_data_req_of_cpu_mem_write_part2_1                                     (5.27%)
                 0      unc_iio_data_req_of_cpu_mem_write_part2_2                                     (7.03%)
                 0      unc_iio_data_req_of_cpu_mem_write_part2_3                                     (7.02%)
                 0      unc_iio_data_req_of_cpu_mem_write_part2_4                                     (5.25%)
                 0      unc_iio_data_req_of_cpu_mem_write_part2_5                                     (7.02%)
                 0      unc_iio_data_req_of_cpu_mem_write_part3_0                                     (7.01%)
                 0      unc_iio_data_req_of_cpu_mem_write_part3_1                                     (5.26%)
                 0      unc_iio_data_req_of_cpu_mem_write_part3_2                                     (7.01%)
                 0      unc_iio_data_req_of_cpu_mem_write_part3_3                                     (7.00%)
                 0      unc_iio_data_req_of_cpu_mem_write_part3_4                                     (7.01%)
                 0      unc_iio_data_req_of_cpu_mem_write_part3_5                                     (7.02%)
                 0      unc_iio_data_req_of_cpu_peer_read_part0_0                                     (7.01%)
                 0      unc_iio_data_req_of_cpu_peer_read_part0_1                                     (7.00%)
                 0      unc_iio_data_req_of_cpu_peer_read_part0_2                                     (5.24%)
                 0      unc_iio_data_req_of_cpu_peer_read_part0_3                                     (7.00%)
                 0      unc_iio_data_req_of_cpu_peer_read_part0_4                                     (6.99%)
                 0      unc_iio_data_req_of_cpu_peer_read_part0_5                                     (5.26%)
                 0      unc_iio_data_req_of_cpu_peer_read_part1_0                                     (7.03%)
                 0      unc_iio_data_req_of_cpu_peer_read_part1_1                                     (7.02%)
                 0      unc_iio_data_req_of_cpu_peer_read_part1_2                                     (5.28%)
                 0      unc_iio_data_req_of_cpu_peer_read_part1_3                                     (5.27%)
                 0      unc_iio_data_req_of_cpu_peer_read_part1_4                                     (7.01%)
                 0      unc_iio_data_req_of_cpu_peer_read_part1_5                                     (5.26%)
                 0      unc_iio_data_req_of_cpu_peer_read_part2_0                                     (5.28%)
                 0      unc_iio_data_req_of_cpu_peer_read_part2_1                                     (7.02%)
                 0      unc_iio_data_req_of_cpu_peer_read_part2_2                                     (7.02%)
                 0      unc_iio_data_req_of_cpu_peer_read_part2_3                                     (5.26%)
                 0      unc_iio_data_req_of_cpu_peer_read_part2_4                                     (7.02%)
                 0      unc_iio_data_req_of_cpu_peer_read_part2_5                                     (7.02%)
                 0      unc_iio_data_req_of_cpu_peer_read_part3_0                                     (5.25%)
                 0      unc_iio_data_req_of_cpu_peer_read_part3_1                                     (5.25%)
                 0      unc_iio_data_req_of_cpu_peer_read_part3_2                                     (7.01%)
                 0      unc_iio_data_req_of_cpu_peer_read_part3_3                                     (7.01%)
                 0      unc_iio_data_req_of_cpu_peer_read_part3_4                                     (5.25%)
                 0      unc_iio_data_req_of_cpu_peer_read_part3_5                                     (7.01%)
                 0      unc_iio_data_req_of_cpu_peer_write_part0_0                                     (7.00%)
                 0      unc_iio_data_req_of_cpu_peer_write_part0_1                                     (5.26%)
                 0      unc_iio_data_req_of_cpu_peer_write_part0_2                                     (7.01%)
                 0      unc_iio_data_req_of_cpu_peer_write_part0_3                                     (7.01%)
                 0      unc_iio_data_req_of_cpu_peer_write_part0_4                                     (5.25%)
                 0      unc_iio_data_req_of_cpu_peer_write_part0_5                                     (7.01%)
                 0      unc_iio_data_req_of_cpu_peer_write_part1_0                                     (7.01%)
                 0      unc_iio_data_req_of_cpu_peer_write_part1_1                                     (7.01%)
                 0      unc_iio_data_req_of_cpu_peer_write_part1_2                                     (7.01%)
                 0      unc_iio_data_req_of_cpu_peer_write_part1_3                                     (7.01%)
                 0      unc_iio_data_req_of_cpu_peer_write_part1_4                                     (7.01%)
                 0      unc_iio_data_req_of_cpu_peer_write_part1_5                                     (5.26%)
                 0      unc_iio_data_req_of_cpu_peer_write_part2_0                                     (7.02%)
                 0      unc_iio_data_req_of_cpu_peer_write_part2_1                                     (7.01%)
                 0      unc_iio_data_req_of_cpu_peer_write_part2_2                                     (5.26%)
                 0      unc_iio_data_req_of_cpu_peer_write_part2_3                                     (7.02%)
                 0      unc_iio_data_req_of_cpu_peer_write_part2_4                                     (7.02%)
                 0      unc_iio_data_req_of_cpu_peer_write_part2_5                                     (5.26%)
                 0      unc_iio_data_req_of_cpu_peer_write_part3_0                                     (5.26%)
                 0      unc_iio_data_req_of_cpu_peer_write_part3_1                                     (7.02%)
                 0      unc_iio_data_req_of_cpu_peer_write_part3_2                                     (5.26%)
                 0      unc_iio_data_req_of_cpu_peer_write_part3_3                                     (5.26%)
                 0      unc_iio_data_req_of_cpu_peer_write_part3_4                                     (7.01%)
                 0      unc_iio_data_req_of_cpu_peer_write_part3_5                                     (7.01%)
                 0      unc_iio_payload_bytes_in_mem_read_part0_0                                     (5.26%)
                 0      unc_iio_payload_bytes_in_mem_read_part0_1                                     (7.01%)
                 0      unc_iio_payload_bytes_in_mem_read_part0_2                                     (7.01%)
                 0      unc_iio_payload_bytes_in_mem_read_part0_3                                     (5.25%)
                 0      unc_iio_payload_bytes_in_mem_read_part0_4                                     (5.25%)
                 0      unc_iio_payload_bytes_in_mem_read_part0_5                                     (7.01%)
                 0      unc_iio_payload_bytes_in_mem_read_part1_0                                     (7.01%)
                 0      unc_iio_payload_bytes_in_mem_read_part1_1                                     (5.26%)
                 0      unc_iio_payload_bytes_in_mem_read_part1_2                                     (7.03%)
                 0      unc_iio_payload_bytes_in_mem_read_part1_3                                     (7.03%)
                 0      unc_iio_payload_bytes_in_mem_read_part1_4                                     (5.28%)
                 0      unc_iio_payload_bytes_in_mem_read_part1_5                                     (5.26%)
                 0      unc_iio_payload_bytes_in_mem_read_part2_0                                     (7.02%)
                 0      unc_iio_payload_bytes_in_mem_read_part2_1                                     (5.26%)
                 0      unc_iio_payload_bytes_in_mem_read_part2_2                                     (5.28%)
                 0      unc_iio_payload_bytes_in_mem_read_part2_3                                     (7.02%)
                 0      unc_iio_payload_bytes_in_mem_read_part2_4                                     (7.02%)
                 0      unc_iio_payload_bytes_in_mem_read_part2_5                                     (5.26%)
                 0      unc_iio_payload_bytes_in_mem_read_part3_0                                     (5.26%)
                 0      unc_iio_payload_bytes_in_mem_read_part3_1                                     (7.02%)
                 0      unc_iio_payload_bytes_in_mem_read_part3_2                                     (5.25%)
                 0      unc_iio_payload_bytes_in_mem_read_part3_3                                     (5.25%)
                 0      unc_iio_payload_bytes_in_mem_read_part3_4                                     (7.01%)
                 0      unc_iio_payload_bytes_in_mem_read_part3_5                                     (7.01%)
                 0      unc_iio_payload_bytes_in_mem_write_part0_0                                     (5.26%)
                 0      unc_iio_payload_bytes_in_mem_write_part0_1                                     (7.02%)
                 0      unc_iio_payload_bytes_in_mem_write_part0_2                                     (7.00%)
                 0      unc_iio_payload_bytes_in_mem_write_part0_3                                     (5.26%)
                 0      unc_iio_payload_bytes_in_mem_write_part0_4                                     (5.26%)
                 0      unc_iio_payload_bytes_in_mem_write_part0_5                                     (7.01%)
                 0      unc_iio_payload_bytes_in_mem_write_part1_0                                     (7.01%)
                 0      unc_iio_payload_bytes_in_mem_write_part1_1                                     (5.26%)
                 0      unc_iio_payload_bytes_in_mem_write_part1_2                                     (7.02%)
                 0      unc_iio_payload_bytes_in_mem_write_part1_3                                     (7.02%)
                 0      unc_iio_payload_bytes_in_mem_write_part1_4                                     (5.26%)
                 0      unc_iio_payload_bytes_in_mem_write_part1_5                                     (7.01%)
                 0      unc_iio_payload_bytes_in_mem_write_part2_0                                     (7.01%)
                 0      unc_iio_payload_bytes_in_mem_write_part2_1                                     (5.26%)
                 0      unc_iio_payload_bytes_in_mem_write_part2_2                                     (7.02%)
                 0      unc_iio_payload_bytes_in_mem_write_part2_3                                     (7.02%)
                 0      unc_iio_payload_bytes_in_mem_write_part2_4                                     (7.02%)
                 0      unc_iio_payload_bytes_in_mem_write_part2_5                                     (7.02%)
                 0      unc_iio_payload_bytes_in_mem_write_part3_0                                     (7.02%)
                 0      unc_iio_payload_bytes_in_mem_write_part3_1                                     (7.02%)
                 0      unc_iio_payload_bytes_in_mem_write_part3_2                                     (7.03%)
                 0      unc_iio_payload_bytes_in_mem_write_part3_3                                     (7.03%)
                 0      unc_iio_payload_bytes_in_mem_write_part3_4                                     (7.03%)
                 0      unc_iio_payload_bytes_in_mem_write_part3_5                                     (7.02%)
                 0      unc_iio_txn_req_by_cpu_mem_read_part0_0                                     (7.02%)
                 0      unc_iio_txn_req_by_cpu_mem_read_part0_1                                     (7.02%)
                 0      unc_iio_txn_req_by_cpu_mem_read_part0_2                                     (7.02%)
                 0      unc_iio_txn_req_by_cpu_mem_read_part0_3                                     (7.02%)
                 0      unc_iio_txn_req_by_cpu_mem_read_part0_4                                     (7.02%)
                 0      unc_iio_txn_req_by_cpu_mem_read_part0_5                                     (7.01%)
                 0      unc_iio_txn_req_by_cpu_mem_read_part1_0                                     (7.02%)
                 0      unc_iio_txn_req_by_cpu_mem_read_part1_1                                     (7.02%)
                 0      unc_iio_txn_req_by_cpu_mem_read_part1_2                                     (7.02%)
                 0      unc_iio_txn_req_by_cpu_mem_read_part1_3                                     (7.00%)
                 0      unc_iio_txn_req_by_cpu_mem_read_part1_4                                     (7.00%)
                 0      unc_iio_txn_req_by_cpu_mem_read_part1_5                                     (7.02%)
                 0      unc_iio_txn_req_by_cpu_mem_read_part2_0                                     (7.01%)
                 0      unc_iio_txn_req_by_cpu_mem_read_part2_1                                     (7.01%)
                 0      unc_iio_txn_req_by_cpu_mem_read_part2_2                                     (7.01%)
                 0      unc_iio_txn_req_by_cpu_mem_read_part2_3                                     (7.01%)
                 0      unc_iio_txn_req_by_cpu_mem_read_part2_4                                     (7.01%)
                 0      unc_iio_txn_req_by_cpu_mem_read_part2_5                                     (7.02%)
                 0      unc_iio_txn_req_by_cpu_mem_read_part3_0                                     (7.01%)
                 0      unc_iio_txn_req_by_cpu_mem_read_part3_1                                     (7.02%)
                 0      unc_iio_txn_req_by_cpu_mem_read_part3_2                                     (7.02%)
                 0      unc_iio_txn_req_by_cpu_mem_read_part3_3                                     (7.01%)
                 0      unc_iio_txn_req_by_cpu_mem_read_part3_4                                     (7.02%)
                 0      unc_iio_txn_req_by_cpu_mem_read_part3_5                                     (7.02%)
                 0      unc_iio_txn_req_by_cpu_mem_write_part0_0                                     (7.02%)
                 0      unc_iio_txn_req_by_cpu_mem_write_part0_1                                     (7.01%)
                 0      unc_iio_txn_req_by_cpu_mem_write_part0_2                                     (7.01%)
                 0      unc_iio_txn_req_by_cpu_mem_write_part0_3                                     (7.01%)
                 0      unc_iio_txn_req_by_cpu_mem_write_part0_4                                     (7.04%)
                 0      unc_iio_txn_req_by_cpu_mem_write_part0_5                                     (7.02%)
                 0      unc_iio_txn_req_by_cpu_mem_write_part1_0                                     (7.02%)
                 0      unc_iio_txn_req_by_cpu_mem_write_part1_1                                     (7.01%)
                 0      unc_iio_txn_req_by_cpu_mem_write_part1_2                                     (7.03%)
                 0      unc_iio_txn_req_by_cpu_mem_write_part1_3                                     (7.03%)
                 0      unc_iio_txn_req_by_cpu_mem_write_part1_4                                     (7.02%)
                 0      unc_iio_txn_req_by_cpu_mem_write_part1_5                                     (7.02%)

      69.996786864 seconds time elapsed

