# started on Tue Feb  6 10:11:19 2024


 Performance counter stats for 'system wide':

                 0      unc_h_dir_update_ha_0                                         (23.54%)
                 0      unc_h_dir_update_ha_1                                         (23.49%)
                 0      unc_h_dir_update_ha_2                                         (23.54%)
                 0      unc_h_dir_update_ha_3                                         (23.54%)
                 0      unc_h_dir_update_ha_4                                         (23.53%)
                 0      unc_h_dir_update_ha_5                                         (23.53%)
                 0      unc_h_dir_update_ha_6                                         (23.54%)
                 0      unc_h_dir_update_ha_7                                         (23.54%)
                 0      unc_h_dir_update_tor_0                                        (23.54%)
                 0      unc_h_dir_update_tor_1                                        (23.54%)
                 0      unc_h_dir_update_tor_2                                        (23.54%)
                 0      unc_h_dir_update_tor_3                                        (23.54%)
             3,318      unc_h_dir_update_tor_4                                        (23.54%)
             6,300      unc_h_dir_update_tor_5                                        (23.54%)
                 0      unc_h_dir_update_tor_6                                        (23.54%)
             1,478      unc_h_dir_update_tor_7                                        (23.54%)
             2,864      unc_h_hitme_hit_ex_rds_0                                      (23.54%)
             2,366      unc_h_hitme_hit_ex_rds_1                                      (23.54%)
             1,160      unc_h_hitme_hit_ex_rds_2                                      (23.54%)
             2,503      unc_h_hitme_hit_ex_rds_3                                      (23.54%)
             1,330      unc_h_hitme_hit_ex_rds_4                                      (23.54%)
             2,418      unc_h_hitme_hit_ex_rds_5                                      (23.54%)
             1,423      unc_h_hitme_hit_ex_rds_6                                      (23.53%)
               582      unc_h_hitme_hit_ex_rds_7                                      (23.54%)
               705      unc_h_misc_rfo_hit_s_0                                        (23.53%)
               744      unc_h_misc_rfo_hit_s_1                                        (23.53%)
             2,719      unc_h_misc_rfo_hit_s_2                                        (23.54%)
               573      unc_h_misc_rfo_hit_s_3                                        (23.72%)
               181      unc_h_misc_rfo_hit_s_4                                        (23.72%)
               552      unc_h_misc_rfo_hit_s_5                                        (23.72%)
             2,890      unc_h_misc_rfo_hit_s_6                                        (23.80%)
               102      unc_h_misc_rfo_hit_s_7                                        (23.54%)
        37,863,617      unc_h_requests_invitoe_local_0                                     (23.58%)
        37,873,081      unc_h_requests_invitoe_local_1                                     (23.62%)
        37,918,759      unc_h_requests_invitoe_local_2                                     (23.58%)
        37,895,289      unc_h_requests_invitoe_local_3                                     (23.67%)
        37,911,007      unc_h_requests_invitoe_local_4                                     (23.72%)
        37,945,517      unc_h_requests_invitoe_local_5                                     (23.76%)
        37,923,045      unc_h_requests_invitoe_local_6                                     (23.38%)
        38,071,964      unc_h_requests_invitoe_local_7                                     (23.54%)
                 0      unc_h_requests_invitoe_remote_0                                     (23.58%)
                 0      unc_h_requests_invitoe_remote_1                                     (23.59%)
            17,715      unc_h_requests_invitoe_remote_2                                     (23.54%)
                 0      unc_h_requests_invitoe_remote_3                                     (23.38%)
                 0      unc_h_requests_invitoe_remote_4                                     (23.38%)
                 0      unc_h_requests_invitoe_remote_5                                     (23.38%)
            20,708      unc_h_requests_invitoe_remote_6                                     (23.27%)
             8,421      unc_h_requests_invitoe_remote_7                                     (23.54%)
     1,019,657,814      unc_h_requests_reads_0                                        (23.49%)
     1,019,710,607      unc_h_requests_reads_1                                        (23.45%)
     1,022,408,250      unc_h_requests_reads_2                                        (23.49%)
     1,021,650,691      unc_h_requests_reads_3                                        (23.48%)
     1,019,837,684      unc_h_requests_reads_4                                        (23.35%)
     1,020,027,714      unc_h_requests_reads_5                                        (23.31%)
     1,022,447,320      unc_h_requests_reads_6                                        (23.50%)
     1,024,443,852      unc_h_requests_reads_7                                        (23.53%)
     1,022,587,795      unc_h_requests_reads_local_0                                     (23.48%)
     1,023,085,355      unc_h_requests_reads_local_1                                     (23.53%)
     1,023,083,260      unc_h_requests_reads_local_2                                     (23.53%)
     1,023,125,525      unc_h_requests_reads_local_3                                     (23.53%)
     1,023,674,991      unc_h_requests_reads_local_4                                     (23.53%)
     1,023,858,215      unc_h_requests_reads_local_5                                     (23.53%)
     1,023,213,844      unc_h_requests_reads_local_6                                     (23.53%)
     1,025,107,262      unc_h_requests_reads_local_7                                     (23.53%)
       451,564,716      unc_h_requests_writes_0                                       (23.53%)
       451,552,822      unc_h_requests_writes_1                                       (23.53%)
       451,636,690      unc_h_requests_writes_2                                       (23.53%)
       451,742,891      unc_h_requests_writes_3                                       (23.53%)
       451,741,261      unc_h_requests_writes_4                                       (23.53%)
       451,776,072      unc_h_requests_writes_5                                       (23.53%)
       451,521,406      unc_h_requests_writes_6                                       (23.53%)
       452,185,410      unc_h_requests_writes_7                                       (23.53%)
       451,541,206      unc_h_requests_writes_local_0                                     (23.53%)
       451,574,078      unc_h_requests_writes_local_1                                     (23.53%)
       451,648,799      unc_h_requests_writes_local_2                                     (23.53%)
       451,743,480      unc_h_requests_writes_local_3                                     (23.53%)
       451,750,134      unc_h_requests_writes_local_4                                     (23.53%)
       451,812,309      unc_h_requests_writes_local_5                                     (23.53%)
       451,714,428      unc_h_requests_writes_local_6                                     (23.72%)
       452,377,052      unc_h_requests_writes_local_7                                     (23.53%)
     2,278,658,498      unc_h_rxc_inserts_irq_0                                       (23.59%)
     2,195,262,055      unc_h_rxc_inserts_irq_1                                       (23.65%)
     2,194,878,995      unc_h_rxc_inserts_irq_2                                       (23.53%)
     2,196,334,889      unc_h_rxc_inserts_irq_3                                       (23.66%)
     2,195,561,107      unc_h_rxc_inserts_irq_4                                       (23.72%)
     2,195,861,583      unc_h_rxc_inserts_irq_5                                       (23.78%)
     2,194,895,075      unc_h_rxc_inserts_irq_6                                       (23.84%)
     2,190,873,618      unc_h_rxc_inserts_irq_7                                       (23.53%)
           506,162      unc_h_rxc_irq1_reject_pa_match_0                                     (23.62%)
           513,234      unc_h_rxc_irq1_reject_pa_match_1                                     (23.64%)
           399,863      unc_h_rxc_irq1_reject_pa_match_2                                     (23.59%)
           346,727      unc_h_rxc_irq1_reject_pa_match_3                                     (23.58%)
           363,574      unc_h_rxc_irq1_reject_pa_match_4                                     (23.61%)
           343,352      unc_h_rxc_irq1_reject_pa_match_5                                     (23.63%)
           372,109      unc_h_rxc_irq1_reject_pa_match_6                                     (23.65%)
           431,613      unc_h_rxc_irq1_reject_pa_match_7                                     (23.53%)
    17,786,397,807      unc_h_rxc_occupancy_irq_0                                     (23.50%)
    17,146,436,039      unc_h_rxc_occupancy_irq_1                                     (23.43%)
    16,996,231,792      unc_h_rxc_occupancy_irq_2                                     (23.56%)
    17,329,816,367      unc_h_rxc_occupancy_irq_3                                     (23.41%)
    17,845,257,171      unc_h_rxc_occupancy_irq_4                                     (23.34%)
    17,469,800,531      unc_h_rxc_occupancy_irq_5                                     (23.28%)
    24,625,187,233      unc_h_rxc_occupancy_irq_6                                     (23.22%)
    24,657,736,254      unc_h_rxc_occupancy_irq_7                                     (23.53%)
             6,693      unc_h_snoop_resp_rsp_fwd_wb_0                                     (23.44%)
             6,598      unc_h_snoop_resp_rsp_fwd_wb_1                                     (23.42%)
                 0      unc_h_snoop_resp_rsp_fwd_wb_2                                     (23.47%)
            15,235      unc_h_snoop_resp_rsp_fwd_wb_3                                     (23.39%)
             3,581      unc_h_snoop_resp_rsp_fwd_wb_4                                     (23.45%)
             6,649      unc_h_snoop_resp_rsp_fwd_wb_5                                     (23.43%)
                 0      unc_h_snoop_resp_rsp_fwd_wb_6                                     (23.41%)
                 0      unc_h_snoop_resp_rsp_fwd_wb_7                                     (23.53%)
             6,353      unc_h_snoop_resp_rspcnflct_0                                     (23.50%)
                 0      unc_h_snoop_resp_rspcnflct_1                                     (23.50%)
             3,144      unc_h_snoop_resp_rspcnflct_2                                     (23.50%)
             7,047      unc_h_snoop_resp_rspcnflct_3                                     (23.50%)
                 0      unc_h_snoop_resp_rspcnflct_4                                     (23.50%)
                 0      unc_h_snoop_resp_rspcnflct_5                                     (23.50%)
             3,716      unc_h_snoop_resp_rspcnflct_6                                     (23.52%)
             1,551      unc_h_snoop_resp_rspcnflct_7                                     (23.53%)
                 0      unc_h_snoop_resp_rspifwd_0                                     (23.52%)
                 0      unc_h_snoop_resp_rspifwd_1                                     (23.52%)
                 0      unc_h_snoop_resp_rspifwd_2                                     (23.53%)
             6,839      unc_h_snoop_resp_rspifwd_3                                     (23.53%)
                 0      unc_h_snoop_resp_rspifwd_4                                     (23.53%)
                 0      unc_h_snoop_resp_rspifwd_5                                     (23.53%)
                 0      unc_h_snoop_resp_rspifwd_6                                     (23.53%)
                 0      unc_h_snoop_resp_rspifwd_7                                     (23.53%)
                 0      unc_h_snoop_resp_rspsfwd_0                                     (23.53%)
             6,052      unc_h_snoop_resp_rspsfwd_1                                     (23.53%)
             3,213      unc_h_snoop_resp_rspsfwd_2                                     (23.53%)
                 0      unc_h_snoop_resp_rspsfwd_3                                     (23.53%)
                 0      unc_h_snoop_resp_rspsfwd_4                                     (23.53%)
                 0      unc_h_snoop_resp_rspsfwd_5                                     (23.53%)
             3,923      unc_h_snoop_resp_rspsfwd_6                                     (23.53%)
                 0      unc_h_snoop_resp_rspsfwd_7                                     (23.53%)
           136,029      unc_i_cache_total_occupancy_mem_0                                     (33.33%)
            80,572      unc_i_cache_total_occupancy_mem_1                                     (33.34%)
                 0      unc_i_cache_total_occupancy_mem_2                                     (33.34%)
                 0      unc_i_cache_total_occupancy_mem_3                                     (33.34%)
                 0      unc_i_cache_total_occupancy_mem_4                                     (33.34%)
                 0      unc_i_cache_total_occupancy_mem_5                                     (33.33%)
                 9      unc_i_coherent_ops_pcitom_0                                     (33.33%)
                 0      unc_i_coherent_ops_pcitom_1                                     (33.33%)
                 0      unc_i_coherent_ops_pcitom_2                                     (33.33%)
                 0      unc_i_coherent_ops_pcitom_3                                     (33.33%)
                 0      unc_i_coherent_ops_pcitom_4                                     (33.33%)
                 0      unc_i_coherent_ops_pcitom_5                                     (33.36%)
               549      unc_i_coherent_ops_rfo_0                                      (33.35%)
               108      unc_i_coherent_ops_rfo_1                                      (33.33%)
                 0      unc_i_coherent_ops_rfo_2                                      (33.33%)
                 0      unc_i_coherent_ops_rfo_3                                      (33.33%)
                 0      unc_i_coherent_ops_rfo_4                                      (33.33%)
                 0      unc_i_coherent_ops_rfo_5                                      (33.32%)
               798      unc_i_faf_inserts_0                                           (33.32%)
            38,214      unc_i_faf_inserts_1                                           (33.33%)
                 0      unc_i_faf_inserts_2                                           (33.33%)
                 0      unc_i_faf_inserts_3                                           (33.33%)
                 0      unc_i_faf_inserts_4                                           (33.33%)
                 0      unc_i_faf_inserts_5                                           (33.32%)
               717      unc_i_faf_occupancy_0                                         (33.32%)
            21,557      unc_i_faf_occupancy_1                                         (33.33%)
                 0      unc_i_faf_occupancy_2                                         (33.33%)
                 0      unc_i_faf_occupancy_3                                         (33.33%)
                 0      unc_i_faf_occupancy_4                                         (33.33%)
                 0      unc_i_faf_occupancy_5                                         (33.36%)
               522      unc_i_transactions_wr_pref_0                                     (33.36%)
                60      unc_i_transactions_wr_pref_1                                     (33.33%)
                 0      unc_i_transactions_wr_pref_2                                     (33.33%)
                 0      unc_i_transactions_wr_pref_3                                     (33.33%)
                 0      unc_i_transactions_wr_pref_4                                     (33.33%)
                 0      unc_i_transactions_wr_pref_5                                     (33.32%)
    67,214,134,047      unc_iio_clockticks_0                                          (7.03%)
    67,287,223,701      unc_iio_clockticks_1                                          (7.03%)
    67,232,207,829      unc_iio_clockticks_2                                          (7.03%)
    67,202,342,841      unc_iio_clockticks_3                                          (7.06%)
                 0      unc_iio_clockticks_4                                          (7.01%)
                 0      unc_iio_clockticks_5                                          (7.03%)
                 0      unc_iio_comp_buf_inserts_cmpd_all_parts_0                                     (7.03%)
                 0      unc_iio_comp_buf_inserts_cmpd_all_parts_1                                     (7.02%)
                 0      unc_iio_comp_buf_inserts_cmpd_all_parts_2                                     (7.04%)
                 0      unc_iio_comp_buf_inserts_cmpd_all_parts_3                                     (7.03%)
                 0      unc_iio_comp_buf_inserts_cmpd_all_parts_4                                     (7.01%)
                 0      unc_iio_comp_buf_inserts_cmpd_all_parts_5                                     (7.02%)
                 0      unc_iio_comp_buf_inserts_cmpd_part0_0                                     (7.04%)
                 0      unc_iio_comp_buf_inserts_cmpd_part0_1                                     (7.04%)
                 0      unc_iio_comp_buf_inserts_cmpd_part0_2                                     (7.05%)
                 0      unc_iio_comp_buf_inserts_cmpd_part0_3                                     (7.07%)
                 0      unc_iio_comp_buf_inserts_cmpd_part0_4                                     (7.04%)
                 0      unc_iio_comp_buf_inserts_cmpd_part0_5                                     (7.06%)
                 0      unc_iio_comp_buf_inserts_cmpd_part1_0                                     (7.03%)
                 0      unc_iio_comp_buf_inserts_cmpd_part1_1                                     (7.05%)
                 0      unc_iio_comp_buf_inserts_cmpd_part1_2                                     (7.05%)
                 0      unc_iio_comp_buf_inserts_cmpd_part1_3                                     (7.03%)
                 0      unc_iio_comp_buf_inserts_cmpd_part1_4                                     (7.04%)
                 0      unc_iio_comp_buf_inserts_cmpd_part1_5                                     (7.04%)
                 0      unc_iio_comp_buf_inserts_cmpd_part2_0                                     (7.03%)
                 0      unc_iio_comp_buf_inserts_cmpd_part2_1                                     (7.01%)
                 0      unc_iio_comp_buf_inserts_cmpd_part2_2                                     (7.01%)
                 0      unc_iio_comp_buf_inserts_cmpd_part2_3                                     (7.04%)
                 0      unc_iio_comp_buf_inserts_cmpd_part2_4                                     (7.02%)
                 0      unc_iio_comp_buf_inserts_cmpd_part2_5                                     (7.03%)
                 0      unc_iio_comp_buf_inserts_cmpd_part3_0                                     (7.03%)
                 0      unc_iio_comp_buf_inserts_cmpd_part3_1                                     (7.03%)
                 0      unc_iio_comp_buf_inserts_cmpd_part3_2                                     (7.04%)
                 0      unc_iio_comp_buf_inserts_cmpd_part3_3                                     (7.02%)
                 0      unc_iio_comp_buf_inserts_cmpd_part3_4                                     (7.02%)
                 0      unc_iio_comp_buf_inserts_cmpd_part3_5                                     (7.02%)
            36,566      unc_iio_comp_buf_occupancy_cmpd_all_parts_0                                     (7.03%)
           899,848      unc_iio_comp_buf_occupancy_cmpd_all_parts_1                                     (7.04%)
                 0      unc_iio_comp_buf_occupancy_cmpd_all_parts_2                                     (7.03%)
                 0      unc_iio_comp_buf_occupancy_cmpd_all_parts_3                                     (7.02%)
                 0      unc_iio_comp_buf_occupancy_cmpd_all_parts_4                                     (7.04%)
                 0      unc_iio_comp_buf_occupancy_cmpd_all_parts_5                                     (7.03%)
                 0      unc_iio_comp_buf_occupancy_cmpd_part0_0                                     (7.02%)
        15,134,495      unc_iio_comp_buf_occupancy_cmpd_part0_1                                     (7.02%)
                 0      unc_iio_comp_buf_occupancy_cmpd_part0_2                                     (7.02%)
                 0      unc_iio_comp_buf_occupancy_cmpd_part0_3                                     (7.03%)
                 0      unc_iio_comp_buf_occupancy_cmpd_part0_4                                     (7.03%)
                 0      unc_iio_comp_buf_occupancy_cmpd_part0_5                                     (7.02%)
            47,059      unc_iio_comp_buf_occupancy_cmpd_part1_0                                     (7.02%)
                 0      unc_iio_comp_buf_occupancy_cmpd_part1_1                                     (7.01%)
                 0      unc_iio_comp_buf_occupancy_cmpd_part1_2                                     (7.02%)
                 0      unc_iio_comp_buf_occupancy_cmpd_part1_3                                     (7.03%)
                 0      unc_iio_comp_buf_occupancy_cmpd_part1_4                                     (7.03%)
                 0      unc_iio_comp_buf_occupancy_cmpd_part1_5                                     (7.03%)
                 0      unc_iio_comp_buf_occupancy_cmpd_part2_0                                     (7.02%)
                 0      unc_iio_comp_buf_occupancy_cmpd_part2_1                                     (7.03%)
                 0      unc_iio_comp_buf_occupancy_cmpd_part2_2                                     (7.03%)
                 0      unc_iio_comp_buf_occupancy_cmpd_part2_3                                     (7.00%)
                 0      unc_iio_comp_buf_occupancy_cmpd_part2_4                                     (7.04%)
                 0      unc_iio_comp_buf_occupancy_cmpd_part2_5                                     (7.03%)
                 0      unc_iio_comp_buf_occupancy_cmpd_part3_0                                     (7.02%)
                 0      unc_iio_comp_buf_occupancy_cmpd_part3_1                                     (7.02%)
                 0      unc_iio_comp_buf_occupancy_cmpd_part3_2                                     (7.03%)
                 0      unc_iio_comp_buf_occupancy_cmpd_part3_3                                     (6.99%)
                 0      unc_iio_comp_buf_occupancy_cmpd_part3_4                                     (7.02%)
                 0      unc_iio_comp_buf_occupancy_cmpd_part3_5                                     (7.04%)
                 0      unc_iio_data_req_by_cpu_mem_read_part0_0                                     (7.02%)
                 0      unc_iio_data_req_by_cpu_mem_read_part0_1                                     (7.02%)
                 0      unc_iio_data_req_by_cpu_mem_read_part0_2                                     (7.04%)
                 0      unc_iio_data_req_by_cpu_mem_read_part0_3                                     (7.04%)
                 0      unc_iio_data_req_by_cpu_mem_read_part0_4                                     (7.04%)
                 0      unc_iio_data_req_by_cpu_mem_read_part0_5                                     (7.05%)
                 0      unc_iio_data_req_by_cpu_mem_read_part1_0                                     (7.02%)
                 0      unc_iio_data_req_by_cpu_mem_read_part1_1                                     (7.01%)
                 0      unc_iio_data_req_by_cpu_mem_read_part1_2                                     (7.01%)
                 0      unc_iio_data_req_by_cpu_mem_read_part1_3                                     (7.04%)
                 0      unc_iio_data_req_by_cpu_mem_read_part1_4                                     (7.01%)
                 0      unc_iio_data_req_by_cpu_mem_read_part1_5                                     (7.00%)
                 0      unc_iio_data_req_by_cpu_mem_read_part2_0                                     (7.02%)
                 0      unc_iio_data_req_by_cpu_mem_read_part2_1                                     (7.04%)
                 0      unc_iio_data_req_by_cpu_mem_read_part2_2                                     (7.02%)
                 0      unc_iio_data_req_by_cpu_mem_read_part2_3                                     (7.00%)
                 0      unc_iio_data_req_by_cpu_mem_read_part2_4                                     (7.01%)
                 0      unc_iio_data_req_by_cpu_mem_read_part2_5                                     (7.01%)
                 0      unc_iio_data_req_by_cpu_mem_read_part3_0                                     (7.02%)
                 0      unc_iio_data_req_by_cpu_mem_read_part3_1                                     (7.03%)
                 0      unc_iio_data_req_by_cpu_mem_read_part3_2                                     (7.04%)
                 0      unc_iio_data_req_by_cpu_mem_read_part3_3                                     (7.02%)
                 0      unc_iio_data_req_by_cpu_mem_read_part3_4                                     (7.03%)
                 0      unc_iio_data_req_by_cpu_mem_read_part3_5                                     (7.02%)
                 0      unc_iio_data_req_by_cpu_mem_write_part0_0                                     (7.02%)
                 0      unc_iio_data_req_by_cpu_mem_write_part0_1                                     (7.01%)
                 0      unc_iio_data_req_by_cpu_mem_write_part0_2                                     (7.02%)
                 0      unc_iio_data_req_by_cpu_mem_write_part0_3                                     (7.00%)
                 0      unc_iio_data_req_by_cpu_mem_write_part0_4                                     (7.00%)
                 0      unc_iio_data_req_by_cpu_mem_write_part0_5                                     (6.99%)
                 0      unc_iio_data_req_by_cpu_mem_write_part1_0                                     (7.02%)
                 0      unc_iio_data_req_by_cpu_mem_write_part1_1                                     (7.02%)
                 0      unc_iio_data_req_by_cpu_mem_write_part1_2                                     (7.01%)
                 0      unc_iio_data_req_by_cpu_mem_write_part1_3                                     (6.99%)
                 0      unc_iio_data_req_by_cpu_mem_write_part1_4                                     (7.01%)
                 0      unc_iio_data_req_by_cpu_mem_write_part1_5                                     (7.01%)
                 0      unc_iio_data_req_by_cpu_mem_write_part2_0                                     (7.02%)
                 0      unc_iio_data_req_by_cpu_mem_write_part2_1                                     (7.02%)
                 0      unc_iio_data_req_by_cpu_mem_write_part2_2                                     (7.02%)
                 0      unc_iio_data_req_by_cpu_mem_write_part2_3                                     (7.01%)
                 0      unc_iio_data_req_by_cpu_mem_write_part2_4                                     (7.02%)
                 0      unc_iio_data_req_by_cpu_mem_write_part2_5                                     (7.02%)
                 0      unc_iio_data_req_by_cpu_mem_write_part3_0                                     (7.01%)
                 0      unc_iio_data_req_by_cpu_mem_write_part3_1                                     (7.02%)
                 0      unc_iio_data_req_by_cpu_mem_write_part3_2                                     (7.02%)
                 0      unc_iio_data_req_by_cpu_mem_write_part3_3                                     (7.02%)
                 0      unc_iio_data_req_by_cpu_mem_write_part3_4                                     (7.05%)
                 0      unc_iio_data_req_by_cpu_mem_write_part3_5                                     (7.05%)
                 0      unc_iio_data_req_by_cpu_peer_read_part0_0                                     (7.02%)
                 0      unc_iio_data_req_by_cpu_peer_read_part0_1                                     (7.02%)
                 0      unc_iio_data_req_by_cpu_peer_read_part0_2                                     (7.01%)
                 0      unc_iio_data_req_by_cpu_peer_read_part0_3                                     (7.04%)
                 0      unc_iio_data_req_by_cpu_peer_read_part0_4                                     (7.03%)
                 0      unc_iio_data_req_by_cpu_peer_read_part0_5                                     (6.99%)
                 0      unc_iio_data_req_by_cpu_peer_read_part1_0                                     (7.02%)
                 0      unc_iio_data_req_by_cpu_peer_read_part1_1                                     (7.02%)
                 0      unc_iio_data_req_by_cpu_peer_read_part1_2                                     (7.04%)
                 0      unc_iio_data_req_by_cpu_peer_read_part1_3                                     (7.00%)
                 0      unc_iio_data_req_by_cpu_peer_read_part1_4                                     (7.02%)
                 0      unc_iio_data_req_by_cpu_peer_read_part1_5                                     (7.05%)
                 0      unc_iio_data_req_by_cpu_peer_read_part2_0                                     (7.02%)
                 0      unc_iio_data_req_by_cpu_peer_read_part2_1                                     (7.02%)
                 0      unc_iio_data_req_by_cpu_peer_read_part2_2                                     (7.01%)
                 0      unc_iio_data_req_by_cpu_peer_read_part2_3                                     (7.05%)
                 0      unc_iio_data_req_by_cpu_peer_read_part2_4                                     (7.01%)
                 0      unc_iio_data_req_by_cpu_peer_read_part2_5                                     (7.00%)
                 0      unc_iio_data_req_by_cpu_peer_read_part3_0                                     (7.02%)
                 0      unc_iio_data_req_by_cpu_peer_read_part3_1                                     (7.02%)
                 0      unc_iio_data_req_by_cpu_peer_read_part3_2                                     (7.02%)
                 0      unc_iio_data_req_by_cpu_peer_read_part3_3                                     (6.98%)
                 0      unc_iio_data_req_by_cpu_peer_read_part3_4                                     (7.03%)
                 0      unc_iio_data_req_by_cpu_peer_read_part3_5                                     (7.02%)
                 0      unc_iio_data_req_by_cpu_peer_write_part0_0                                     (7.02%)
                 0      unc_iio_data_req_by_cpu_peer_write_part0_1                                     (7.01%)
                 0      unc_iio_data_req_by_cpu_peer_write_part0_2                                     (7.01%)
                 0      unc_iio_data_req_by_cpu_peer_write_part0_3                                     (7.02%)
                 0      unc_iio_data_req_by_cpu_peer_write_part0_4                                     (7.02%)
                 0      unc_iio_data_req_by_cpu_peer_write_part0_5                                     (7.01%)
                 0      unc_iio_data_req_by_cpu_peer_write_part1_0                                     (7.02%)
                 0      unc_iio_data_req_by_cpu_peer_write_part1_1                                     (7.02%)
                 0      unc_iio_data_req_by_cpu_peer_write_part1_2                                     (7.02%)
                 0      unc_iio_data_req_by_cpu_peer_write_part1_3                                     (7.01%)
                 0      unc_iio_data_req_by_cpu_peer_write_part1_4                                     (7.01%)
                 0      unc_iio_data_req_by_cpu_peer_write_part1_5                                     (7.02%)
                 0      unc_iio_data_req_by_cpu_peer_write_part2_0                                     (7.02%)
                 0      unc_iio_data_req_by_cpu_peer_write_part2_1                                     (7.02%)
                 0      unc_iio_data_req_by_cpu_peer_write_part2_2                                     (7.02%)
                 0      unc_iio_data_req_by_cpu_peer_write_part2_3                                     (7.02%)
                 0      unc_iio_data_req_by_cpu_peer_write_part2_4                                     (7.02%)
                 0      unc_iio_data_req_by_cpu_peer_write_part2_5                                     (7.03%)
                 0      unc_iio_data_req_by_cpu_peer_write_part3_0                                     (7.02%)
                 0      unc_iio_data_req_by_cpu_peer_write_part3_1                                     (7.03%)
                 0      unc_iio_data_req_by_cpu_peer_write_part3_2                                     (7.02%)
                 0      unc_iio_data_req_by_cpu_peer_write_part3_3                                     (7.04%)
                 0      unc_iio_data_req_by_cpu_peer_write_part3_4                                     (7.04%)
                 0      unc_iio_data_req_by_cpu_peer_write_part3_5                                     (7.03%)
                 0      unc_iio_data_req_of_cpu_mem_read_part0_0                                     (7.02%)
                 0      unc_iio_data_req_of_cpu_mem_read_part0_1                                     (7.02%)
                 0      unc_iio_data_req_of_cpu_mem_read_part0_2                                     (7.02%)
                 0      unc_iio_data_req_of_cpu_mem_read_part0_3                                     (7.05%)
                 0      unc_iio_data_req_of_cpu_mem_read_part0_4                                     (7.02%)
                 0      unc_iio_data_req_of_cpu_mem_read_part0_5                                     (7.03%)
                 0      unc_iio_data_req_of_cpu_mem_read_part1_0                                     (7.02%)
                 0      unc_iio_data_req_of_cpu_mem_read_part1_1                                     (7.02%)
                 0      unc_iio_data_req_of_cpu_mem_read_part1_2                                     (7.02%)
                 0      unc_iio_data_req_of_cpu_mem_read_part1_3                                     (7.00%)
                 0      unc_iio_data_req_of_cpu_mem_read_part1_4                                     (7.01%)
                 0      unc_iio_data_req_of_cpu_mem_read_part1_5                                     (7.00%)
                 0      unc_iio_data_req_of_cpu_mem_read_part2_0                                     (7.02%)
                 0      unc_iio_data_req_of_cpu_mem_read_part2_1                                     (7.01%)
                 0      unc_iio_data_req_of_cpu_mem_read_part2_2                                     (7.01%)
                 0      unc_iio_data_req_of_cpu_mem_read_part2_3                                     (7.00%)
                 0      unc_iio_data_req_of_cpu_mem_read_part2_4                                     (7.00%)
                 0      unc_iio_data_req_of_cpu_mem_read_part2_5                                     (7.00%)
                 0      unc_iio_data_req_of_cpu_mem_read_part3_0                                     (7.02%)
                 0      unc_iio_data_req_of_cpu_mem_read_part3_1                                     (7.01%)
                 0      unc_iio_data_req_of_cpu_mem_read_part3_2                                     (7.01%)
                 0      unc_iio_data_req_of_cpu_mem_read_part3_3                                     (5.26%)
                 0      unc_iio_data_req_of_cpu_mem_read_part3_4                                     (7.02%)
                 0      unc_iio_data_req_of_cpu_mem_read_part3_5                                     (7.03%)
                 0      unc_iio_data_req_of_cpu_mem_write_part0_0                                     (5.26%)
                 0      unc_iio_data_req_of_cpu_mem_write_part0_1                                     (7.02%)
                 0      unc_iio_data_req_of_cpu_mem_write_part0_2                                     (7.00%)
                 0      unc_iio_data_req_of_cpu_mem_write_part0_3                                     (5.27%)
                 0      unc_iio_data_req_of_cpu_mem_write_part0_4                                     (7.03%)
                 0      unc_iio_data_req_of_cpu_mem_write_part0_5                                     (7.02%)
                 0      unc_iio_data_req_of_cpu_mem_write_part1_0                                     (5.26%)
                 0      unc_iio_data_req_of_cpu_mem_write_part1_1                                     (7.02%)
                 0      unc_iio_data_req_of_cpu_mem_write_part1_2                                     (7.03%)
                 0      unc_iio_data_req_of_cpu_mem_write_part1_3                                     (7.01%)
                 0      unc_iio_data_req_of_cpu_mem_write_part1_4                                     (7.02%)
                 0      unc_iio_data_req_of_cpu_mem_write_part1_5                                     (7.02%)
                 0      unc_iio_data_req_of_cpu_mem_write_part2_0                                     (7.02%)
                 0      unc_iio_data_req_of_cpu_mem_write_part2_1                                     (5.28%)
                 0      unc_iio_data_req_of_cpu_mem_write_part2_2                                     (7.02%)
                 0      unc_iio_data_req_of_cpu_mem_write_part2_3                                     (7.00%)
                 0      unc_iio_data_req_of_cpu_mem_write_part2_4                                     (5.25%)
                 0      unc_iio_data_req_of_cpu_mem_write_part2_5                                     (7.01%)
                 0      unc_iio_data_req_of_cpu_mem_write_part3_0                                     (7.02%)
                 0      unc_iio_data_req_of_cpu_mem_write_part3_1                                     (5.25%)
                 0      unc_iio_data_req_of_cpu_mem_write_part3_2                                     (7.00%)
                 0      unc_iio_data_req_of_cpu_mem_write_part3_3                                     (7.00%)
                 0      unc_iio_data_req_of_cpu_mem_write_part3_4                                     (5.24%)
                 0      unc_iio_data_req_of_cpu_mem_write_part3_5                                     (5.23%)
                 0      unc_iio_data_req_of_cpu_peer_read_part0_0                                     (7.02%)
                 0      unc_iio_data_req_of_cpu_peer_read_part0_1                                     (7.01%)
                 0      unc_iio_data_req_of_cpu_peer_read_part0_2                                     (5.27%)
                 0      unc_iio_data_req_of_cpu_peer_read_part0_3                                     (7.02%)
                 0      unc_iio_data_req_of_cpu_peer_read_part0_4                                     (7.03%)
                 0      unc_iio_data_req_of_cpu_peer_read_part0_5                                     (5.27%)
                 0      unc_iio_data_req_of_cpu_peer_read_part1_0                                     (5.26%)
                 0      unc_iio_data_req_of_cpu_peer_read_part1_1                                     (7.02%)
                 0      unc_iio_data_req_of_cpu_peer_read_part1_2                                     (5.26%)
                 0      unc_iio_data_req_of_cpu_peer_read_part1_3                                     (5.26%)
                 0      unc_iio_data_req_of_cpu_peer_read_part1_4                                     (7.01%)
                 0      unc_iio_data_req_of_cpu_peer_read_part1_5                                     (7.01%)
                 0      unc_iio_data_req_of_cpu_peer_read_part2_0                                     (7.02%)
                 0      unc_iio_data_req_of_cpu_peer_read_part2_1                                     (7.02%)
                 0      unc_iio_data_req_of_cpu_peer_read_part2_2                                     (7.01%)
                 0      unc_iio_data_req_of_cpu_peer_read_part2_3                                     (5.25%)
                 0      unc_iio_data_req_of_cpu_peer_read_part2_4                                     (7.01%)
                 0      unc_iio_data_req_of_cpu_peer_read_part2_5                                     (7.01%)
                 0      unc_iio_data_req_of_cpu_peer_read_part3_0                                     (7.02%)
                 0      unc_iio_data_req_of_cpu_peer_read_part3_1                                     (7.02%)
                 0      unc_iio_data_req_of_cpu_peer_read_part3_2                                     (7.01%)
                 0      unc_iio_data_req_of_cpu_peer_read_part3_3                                     (7.01%)
                 0      unc_iio_data_req_of_cpu_peer_read_part3_4                                     (5.26%)
                 0      unc_iio_data_req_of_cpu_peer_read_part3_5                                     (7.02%)
                 0      unc_iio_data_req_of_cpu_peer_write_part0_0                                     (5.26%)
                 0      unc_iio_data_req_of_cpu_peer_write_part0_1                                     (5.27%)
                 0      unc_iio_data_req_of_cpu_peer_write_part0_2                                     (7.02%)
                 0      unc_iio_data_req_of_cpu_peer_write_part0_3                                     (7.02%)
                 0      unc_iio_data_req_of_cpu_peer_write_part0_4                                     (5.26%)
                 0      unc_iio_data_req_of_cpu_peer_write_part0_5                                     (5.26%)
                 0      unc_iio_data_req_of_cpu_peer_write_part1_0                                     (7.02%)
                 0      unc_iio_data_req_of_cpu_peer_write_part1_1                                     (5.26%)
                 0      unc_iio_data_req_of_cpu_peer_write_part1_2                                     (5.26%)
                 0      unc_iio_data_req_of_cpu_peer_write_part1_3                                     (7.02%)
                 0      unc_iio_data_req_of_cpu_peer_write_part1_4                                     (7.02%)
                 0      unc_iio_data_req_of_cpu_peer_write_part1_5                                     (5.26%)
                 0      unc_iio_data_req_of_cpu_peer_write_part2_0                                     (7.01%)
                 0      unc_iio_data_req_of_cpu_peer_write_part2_1                                     (7.01%)
                 0      unc_iio_data_req_of_cpu_peer_write_part2_2                                     (5.27%)
                 0      unc_iio_data_req_of_cpu_peer_write_part2_3                                     (7.04%)
                 0      unc_iio_data_req_of_cpu_peer_write_part2_4                                     (7.04%)
                 0      unc_iio_data_req_of_cpu_peer_write_part2_5                                     (7.04%)
                 0      unc_iio_data_req_of_cpu_peer_write_part3_0                                     (5.26%)
                 0      unc_iio_data_req_of_cpu_peer_write_part3_1                                     (7.02%)
                 0      unc_iio_data_req_of_cpu_peer_write_part3_2                                     (7.04%)
                 0      unc_iio_data_req_of_cpu_peer_write_part3_3                                     (5.31%)
                 0      unc_iio_data_req_of_cpu_peer_write_part3_4                                     (7.01%)
                 0      unc_iio_data_req_of_cpu_peer_write_part3_5                                     (7.02%)
                 0      unc_iio_payload_bytes_in_mem_read_part0_0                                     (5.26%)
                 0      unc_iio_payload_bytes_in_mem_read_part0_1                                     (7.02%)
                 0      unc_iio_payload_bytes_in_mem_read_part0_2                                     (7.01%)
                 0      unc_iio_payload_bytes_in_mem_read_part0_3                                     (5.25%)
                 0      unc_iio_payload_bytes_in_mem_read_part0_4                                     (5.24%)
                 0      unc_iio_payload_bytes_in_mem_read_part0_5                                     (7.00%)
                 0      unc_iio_payload_bytes_in_mem_read_part1_0                                     (7.01%)
                 0      unc_iio_payload_bytes_in_mem_read_part1_1                                     (5.26%)
                 0      unc_iio_payload_bytes_in_mem_read_part1_2                                     (7.00%)
                 0      unc_iio_payload_bytes_in_mem_read_part1_3                                     (6.97%)
                 0      unc_iio_payload_bytes_in_mem_read_part1_4                                     (5.26%)
                 0      unc_iio_payload_bytes_in_mem_read_part1_5                                     (7.02%)
                 0      unc_iio_payload_bytes_in_mem_read_part2_0                                     (7.01%)
                 0      unc_iio_payload_bytes_in_mem_read_part2_1                                     (5.27%)
                 0      unc_iio_payload_bytes_in_mem_read_part2_2                                     (7.03%)
                 0      unc_iio_payload_bytes_in_mem_read_part2_3                                     (7.03%)
                 0      unc_iio_payload_bytes_in_mem_read_part2_4                                     (7.04%)
                 0      unc_iio_payload_bytes_in_mem_read_part2_5                                     (7.04%)
                 0      unc_iio_payload_bytes_in_mem_read_part3_0                                     (7.01%)
                 0      unc_iio_payload_bytes_in_mem_read_part3_1                                     (7.03%)
                 0      unc_iio_payload_bytes_in_mem_read_part3_2                                     (7.03%)
                 0      unc_iio_payload_bytes_in_mem_read_part3_3                                     (7.05%)
                 0      unc_iio_payload_bytes_in_mem_read_part3_4                                     (7.04%)
                 0      unc_iio_payload_bytes_in_mem_read_part3_5                                     (7.03%)
                 0      unc_iio_payload_bytes_in_mem_write_part0_0                                     (7.01%)
                 0      unc_iio_payload_bytes_in_mem_write_part0_1                                     (7.01%)
                 0      unc_iio_payload_bytes_in_mem_write_part0_2                                     (7.00%)
                 0      unc_iio_payload_bytes_in_mem_write_part0_3                                     (7.00%)
                 0      unc_iio_payload_bytes_in_mem_write_part0_4                                     (6.99%)
                 0      unc_iio_payload_bytes_in_mem_write_part0_5                                     (6.99%)
                 0      unc_iio_payload_bytes_in_mem_write_part1_0                                     (7.01%)
                 0      unc_iio_payload_bytes_in_mem_write_part1_1                                     (7.00%)
                 0      unc_iio_payload_bytes_in_mem_write_part1_2                                     (5.25%)
                 0      unc_iio_payload_bytes_in_mem_write_part1_3                                     (6.98%)
                 0      unc_iio_payload_bytes_in_mem_write_part1_4                                     (6.98%)
                 0      unc_iio_payload_bytes_in_mem_write_part1_5                                     (5.24%)
                 0      unc_iio_payload_bytes_in_mem_write_part2_0                                     (7.01%)
                 0      unc_iio_payload_bytes_in_mem_write_part2_1                                     (7.02%)
                 0      unc_iio_payload_bytes_in_mem_write_part2_2                                     (5.27%)
                 0      unc_iio_payload_bytes_in_mem_write_part2_3                                     (7.02%)
                 0      unc_iio_payload_bytes_in_mem_write_part2_4                                     (7.02%)
                 0      unc_iio_payload_bytes_in_mem_write_part2_5                                     (5.27%)
                 0      unc_iio_payload_bytes_in_mem_write_part3_0                                     (5.26%)
                 0      unc_iio_payload_bytes_in_mem_write_part3_1                                     (7.03%)
                 0      unc_iio_payload_bytes_in_mem_write_part3_2                                     (7.03%)
                 0      unc_iio_payload_bytes_in_mem_write_part3_3                                     (5.27%)
                 0      unc_iio_payload_bytes_in_mem_write_part3_4                                     (7.02%)
                 0      unc_iio_payload_bytes_in_mem_write_part3_5                                     (7.02%)
                 0      unc_iio_txn_req_by_cpu_mem_read_part0_0                                     (7.01%)
                 0      unc_iio_txn_req_by_cpu_mem_read_part0_1                                     (7.02%)
                 0      unc_iio_txn_req_by_cpu_mem_read_part0_2                                     (7.01%)
                 0      unc_iio_txn_req_by_cpu_mem_read_part0_3                                     (7.02%)
                 0      unc_iio_txn_req_by_cpu_mem_read_part0_4                                     (7.01%)
                 0      unc_iio_txn_req_by_cpu_mem_read_part0_5                                     (7.01%)
                 0      unc_iio_txn_req_by_cpu_mem_read_part1_0                                     (7.01%)
                 0      unc_iio_txn_req_by_cpu_mem_read_part1_1                                     (7.01%)
                 0      unc_iio_txn_req_by_cpu_mem_read_part1_2                                     (7.01%)
                 0      unc_iio_txn_req_by_cpu_mem_read_part1_3                                     (7.00%)
                 0      unc_iio_txn_req_by_cpu_mem_read_part1_4                                     (7.00%)
                 0      unc_iio_txn_req_by_cpu_mem_read_part1_5                                     (7.00%)
                 0      unc_iio_txn_req_by_cpu_mem_read_part2_0                                     (7.02%)
                 0      unc_iio_txn_req_by_cpu_mem_read_part2_1                                     (7.01%)
                 0      unc_iio_txn_req_by_cpu_mem_read_part2_2                                     (7.01%)
                 0      unc_iio_txn_req_by_cpu_mem_read_part2_3                                     (7.01%)
                 0      unc_iio_txn_req_by_cpu_mem_read_part2_4                                     (7.01%)
                 0      unc_iio_txn_req_by_cpu_mem_read_part2_5                                     (7.01%)
                 0      unc_iio_txn_req_by_cpu_mem_read_part3_0                                     (7.02%)
                 0      unc_iio_txn_req_by_cpu_mem_read_part3_1                                     (7.01%)
                 0      unc_iio_txn_req_by_cpu_mem_read_part3_2                                     (7.02%)
                 0      unc_iio_txn_req_by_cpu_mem_read_part3_3                                     (7.02%)
                 0      unc_iio_txn_req_by_cpu_mem_read_part3_4                                     (7.02%)
                 0      unc_iio_txn_req_by_cpu_mem_read_part3_5                                     (7.02%)
                 0      unc_iio_txn_req_by_cpu_mem_write_part0_0                                     (7.02%)
                 0      unc_iio_txn_req_by_cpu_mem_write_part0_1                                     (7.02%)
                 0      unc_iio_txn_req_by_cpu_mem_write_part0_2                                     (7.02%)
                 0      unc_iio_txn_req_by_cpu_mem_write_part0_3                                     (7.04%)
                 0      unc_iio_txn_req_by_cpu_mem_write_part0_4                                     (7.04%)
                 0      unc_iio_txn_req_by_cpu_mem_write_part0_5                                     (7.03%)
                 0      unc_iio_txn_req_by_cpu_mem_write_part1_0                                     (7.02%)
                 0      unc_iio_txn_req_by_cpu_mem_write_part1_1                                     (7.02%)
                 0      unc_iio_txn_req_by_cpu_mem_write_part1_2                                     (7.02%)
                 0      unc_iio_txn_req_by_cpu_mem_write_part1_3                                     (7.03%)
                 0      unc_iio_txn_req_by_cpu_mem_write_part1_4                                     (7.03%)
                 0      unc_iio_txn_req_by_cpu_mem_write_part1_5                                     (7.04%)

      69.770041097 seconds time elapsed

