# started on Mon Feb  5 04:37:37 2024


 Performance counter stats for 'system wide':

     8,769,851,992      r151                                                          (10.00%)
    17,222,179,769      r248                                                          (10.00%)
   413,210,796,243      r148                                                          (10.00%)
   139,769,262,711      r1000148                                                      (10.00%)
   139,754,980,878      r1200148                                                      (10.00%)
     8,734,495,406      r1ff1                                                         (10.01%)
     8,316,143,216      r2f2                                                          (10.01%)
        98,662,800      r1f2                                                          (10.01%)
         7,776,766      r4f2                                                          (10.01%)
         7,779,860      r4f2                                                          (10.01%)
       134,891,540      re424                                                         (10.01%)
     1,448,325,547      re124                                                         (10.01%)
     1,065,036,861      r2724                                                         (10.01%)
     3,587,089,102      re724                                                         (10.01%)
    10,204,558,042      rf824                                                         (10.01%)
     2,005,388,638      re224                                                         (10.01%)
       105,451,295      rc424                                                         (10.01%)
        26,100,773      r2424                                                         (10.01%)
     1,338,203,825      rc124                                                         (10.01%)
       107,811,111      r2124                                                         (10.01%)
     8,725,397,159      r3f24                                                         (10.01%)
     2,549,546,324      rd824                                                         (10.01%)
     7,662,005,791      r3824                                                         (10.01%)
    13,800,953,912      rff24                                                         (10.01%)
     1,073,349,837      rc224                                                         (10.01%)
       928,682,267      r2224                                                         (10.01%)
     8,310,535,457      r40f0                                                         (10.01%)
     8,110,464,452      r412e                                                         (10.01%)
     8,418,797,941      r4f2e                                                         (10.00%)
    46,303,295,127      r81d0                                                         (10.00%)
    29,576,169,164      r82d0                                                         (10.00%)
        10,458,686      r21d0                                                         (10.00%)
           276,992      r41d0                                                         (10.00%)
           579,248      r42d0                                                         (5.00%)
           286,502      r11d0                                                         (5.00%)
           151,784      r12d0                                                         (5.00%)
            22,406      r2d2                                                          (5.00%)
         1,054,094      r4d2                                                          (5.00%)
             2,001      r1d2                                                          (5.00%)
        11,189,291      r8d2                                                          (5.00%)
       525,253,563      r1d3                                                          (6.25%)
                 0      r2d3                                                          (7.50%)
                 0      r8d3                                                          (8.75%)
                 0      r4d3                                                          (10.00%)
                 0      r4d4                                                          (10.00%)
    23,693,430,163      r40d1                                                         (10.00%)
    20,341,078,295      r1d1                                                          (10.00%)
     2,202,700,327      r8d1                                                          (10.00%)
     1,531,836,913      r2d1                                                          (10.00%)
       670,751,537      r10d1                                                         (5.00%)
        10,696,804      r4d1                                                          (5.00%)
       657,042,050      r20d1                                                         (5.00%)
     4,854,746,201      r8b0                                                          (6.25%)
    17,479,310,506      r80b0                                                         (7.50%)
        26,053,403      r2b0                                                          (8.75%)
       883,942,545      r1b0                                                          (10.00%)
     2,775,816,926      r4b0                                                          (10.00%)
    82,721,371,793      r1b2                                                          (10.00%)
 1,183,122,465,888      r860                                                          (10.00%)
   140,775,642,191      r1000860                                                      (10.00%)
       593,833,417      r1000260                                                      (10.00%)
    72,946,931,964      r1000160                                                      (10.00%)
   140,198,611,987      r1000460                                                      (10.00%)
     1,952,032,499      r260                                                          (10.00%)
   137,686,494,839      r160                                                          (10.00%)
       503,354,986      r6000160                                                      (10.00%)
   657,372,198,360      r460                                                          (10.00%)
                 0      r1b7                                                          (10.00%)
                 0      r1b7                                                          (10.00%)
                 0      r1b7                                                          (10.00%)
                 0      r1b7                                                          (10.00%)
                 0      r1b7                                                          (10.00%)
                 0      r1b7                                                          (10.00%)
                 0      r1b7                                                          (10.00%)
                 0      r1b7                                                          (10.00%)
                 0      r1b7                                                          (10.00%)
                 0      r1b7                                                          (10.00%)
                 0      r1b7                                                          (10.00%)
                 0      r1b7                                                          (10.00%)
                 0      r1b7                                                          (10.00%)

      69.869320904 seconds time elapsed

