# started on Tue Feb  6 07:00:02 2024


 Performance counter stats for 'system wide':

           486,000      r185                                                          (6.95%)
         3,819,810      r2085                                                         (8.34%)
        19,844,296      r1001085                                                      (9.73%)
           212,308      re85                                                          (11.12%)
                 0      r885                                                          (11.12%)
             8,133      r485                                                          (11.12%)
           195,556      r285                                                          (11.11%)
        18,168,731      r1085                                                         (11.11%)
     8,741,908,411      r151                                                          (11.11%)
    18,076,985,385      r248                                                          (11.11%)
   387,294,692,761      r148                                                          (11.11%)
   138,722,319,740      r1000148                                                      (11.11%)
   138,731,824,175      r1200148                                                      (11.11%)
     8,727,614,225      r1ff1                                                         (11.11%)
     8,321,739,102      r2f2                                                          (11.11%)
        95,388,792      r1f2                                                          (11.11%)
         6,107,415      r4f2                                                          (11.11%)
         6,141,468      r4f2                                                          (11.11%)
       134,895,640      re424                                                         (11.11%)
     1,463,950,278      re124                                                         (11.11%)
       964,345,041      r2724                                                         (11.11%)
     3,974,033,956      re724                                                         (11.11%)
    10,316,599,895      rf824                                                         (11.11%)
     2,372,996,023      re224                                                         (11.11%)
       110,339,000      rc424                                                         (11.11%)
        24,725,698      r2424                                                         (11.11%)
     1,351,298,897      rc124                                                         (11.11%)
       114,428,266      r2124                                                         (11.11%)
     8,730,798,612      r3f24                                                         (11.11%)
     2,539,836,436      rd824                                                         (11.11%)
     7,767,704,365      r3824                                                         (11.11%)
    14,275,986,275      rff24                                                         (11.11%)
     1,549,270,553      rc224                                                         (11.11%)
       823,034,611      r2224                                                         (11.11%)
     8,327,621,126      r40f0                                                         (11.11%)
             2,997      r803                                                          (11.11%)
         2,594,667      r203                                                          (11.11%)
       392,919,429      r107                                                          (11.11%)
             1,746      r14c                                                          (11.11%)
     8,127,873,989      r412e                                                         (11.11%)
     8,421,946,771      r4f2e                                                         (11.11%)
                 0      r40001a8                                                      (11.11%)
                 0      r10001a8                                                      (11.11%)
                 0      r40001a8                                                      (11.11%)
                 0      r1a8                                                          (11.11%)
         2,944,840      r10401c3                                                      (11.11%)
           706,864      r2c3                                                          (11.11%)
         1,068,310      r4c3                                                          (11.11%)
    46,303,228,371      r81d0                                                         (11.11%)
    29,633,804,207      r82d0                                                         (11.11%)
    75,933,881,405      r83d0                                                         (11.11%)
         9,954,576      r21d0                                                         (11.11%)
           132,231      r41d0                                                         (5.56%)
           499,312      r42d0                                                         (5.56%)
           338,160      r11d0                                                         (5.56%)
           163,212      r12d0                                                         (5.56%)
            24,982      r2d2                                                          (5.56%)
         1,221,444      r4d2                                                          (5.56%)
             1,908      r1d2                                                          (5.56%)
        11,287,551      r8d2                                                          (5.56%)
       479,778,538      r1d3                                                          (6.94%)
                 0      r2d3                                                          (8.33%)
                 0      r8d3                                                          (9.72%)
                 0      r4d3                                                          (11.11%)
                 0      r4d4                                                          (11.11%)
    23,588,461,018      r40d1                                                         (11.11%)
    20,669,342,962      r1d1                                                          (11.11%)
     2,141,614,200      r8d1                                                          (11.11%)
     1,529,018,791      r2d1                                                          (11.11%)
       612,616,470      r10d1                                                         (5.56%)
        11,133,018      r4d1                                                          (5.56%)
       599,536,708      r20d1                                                         (5.56%)
   <not supported>      r1cd:p                                                      
   <not supported>      r1cd:p                                                      
   <not supported>      r1cd:p                                                      
   <not supported>      r1cd:p                                                      
   <not supported>      r1cd:p                                                      
   <not supported>      r1cd:p                                                      
   <not supported>      r1cd:p                                                      
   <not supported>      r1cd:p                                                      

      69.847609293 seconds time elapsed

