# started on Tue Feb  6 10:05:25 2024


 Performance counter stats for 'system wide':

                 0      unc_h_dir_update_ha_0                                         (23.55%)
             5,849      unc_h_dir_update_ha_1                                         (23.54%)
             2,926      unc_h_dir_update_ha_2                                         (23.54%)
             5,606      unc_h_dir_update_ha_3                                         (23.55%)
             2,311      unc_h_dir_update_ha_4                                         (23.54%)
             6,890      unc_h_dir_update_ha_5                                         (23.54%)
             2,319      unc_h_dir_update_ha_6                                         (23.54%)
             2,213      unc_h_dir_update_ha_7                                         (23.54%)
                 0      unc_h_dir_update_tor_0                                        (23.54%)
             5,842      unc_h_dir_update_tor_1                                        (23.54%)
             2,995      unc_h_dir_update_tor_2                                        (23.54%)
                 0      unc_h_dir_update_tor_3                                        (23.54%)
             2,214      unc_h_dir_update_tor_4                                        (23.53%)
                 0      unc_h_dir_update_tor_5                                        (23.54%)
                 0      unc_h_dir_update_tor_6                                        (23.54%)
             2,222      unc_h_dir_update_tor_7                                        (23.54%)
             7,079      unc_h_hitme_hit_ex_rds_0                                      (23.53%)
                 0      unc_h_hitme_hit_ex_rds_1                                      (23.53%)
                 0      unc_h_hitme_hit_ex_rds_2                                      (23.53%)
             5,566      unc_h_hitme_hit_ex_rds_3                                      (23.53%)
                 0      unc_h_hitme_hit_ex_rds_4                                      (23.53%)
             6,816      unc_h_hitme_hit_ex_rds_5                                      (23.53%)
             2,583      unc_h_hitme_hit_ex_rds_6                                      (23.53%)
                 0      unc_h_hitme_hit_ex_rds_7                                      (23.53%)
                93      unc_h_misc_rfo_hit_s_0                                        (23.53%)
               574      unc_h_misc_rfo_hit_s_1                                        (23.53%)
               391      unc_h_misc_rfo_hit_s_2                                        (23.53%)
               892      unc_h_misc_rfo_hit_s_3                                        (23.53%)
                51      unc_h_misc_rfo_hit_s_4                                        (23.53%)
               646      unc_h_misc_rfo_hit_s_5                                        (23.53%)
               119      unc_h_misc_rfo_hit_s_6                                        (23.60%)
                97      unc_h_misc_rfo_hit_s_7                                        (23.60%)
        76,257,709      unc_h_requests_invitoe_local_0                                     (23.53%)
        75,961,427      unc_h_requests_invitoe_local_1                                     (23.78%)
        76,142,849      unc_h_requests_invitoe_local_2                                     (23.83%)
        76,003,316      unc_h_requests_invitoe_local_3                                     (23.60%)
        75,713,044      unc_h_requests_invitoe_local_4                                     (23.75%)
        75,832,697      unc_h_requests_invitoe_local_5                                     (23.79%)
        74,395,986      unc_h_requests_invitoe_local_6                                     (23.60%)
        74,057,616      unc_h_requests_invitoe_local_7                                     (23.43%)
             1,984      unc_h_requests_invitoe_remote_0                                     (23.53%)
                 0      unc_h_requests_invitoe_remote_1                                     (23.36%)
               344      unc_h_requests_invitoe_remote_2                                     (23.86%)
             1,753      unc_h_requests_invitoe_remote_3                                     (23.56%)
                 0      unc_h_requests_invitoe_remote_4                                     (23.54%)
                 0      unc_h_requests_invitoe_remote_5                                     (23.38%)
                 0      unc_h_requests_invitoe_remote_6                                     (23.51%)
                 0      unc_h_requests_invitoe_remote_7                                     (23.54%)
       963,385,343      unc_h_requests_reads_0                                        (23.53%)
       964,027,024      unc_h_requests_reads_1                                        (23.54%)
       963,945,086      unc_h_requests_reads_2                                        (23.54%)
       964,406,082      unc_h_requests_reads_3                                        (23.54%)
       964,168,210      unc_h_requests_reads_4                                        (23.54%)
       964,312,702      unc_h_requests_reads_5                                        (23.54%)
       963,795,684      unc_h_requests_reads_6                                        (23.54%)
       963,634,471      unc_h_requests_reads_7                                        (23.54%)
       963,530,379      unc_h_requests_reads_local_0                                     (23.53%)
       964,334,575      unc_h_requests_reads_local_1                                     (23.53%)
       964,268,992      unc_h_requests_reads_local_2                                     (23.53%)
       964,531,957      unc_h_requests_reads_local_3                                     (23.53%)
       964,436,597      unc_h_requests_reads_local_4                                     (23.53%)
       964,893,682      unc_h_requests_reads_local_5                                     (23.53%)
       963,874,242      unc_h_requests_reads_local_6                                     (23.53%)
       963,891,214      unc_h_requests_reads_local_7                                     (23.53%)
       499,557,722      unc_h_requests_writes_0                                       (23.53%)
       497,885,952      unc_h_requests_writes_1                                       (23.53%)
       497,871,886      unc_h_requests_writes_2                                       (23.53%)
       499,623,310      unc_h_requests_writes_3                                       (23.53%)
       498,791,957      unc_h_requests_writes_4                                       (23.53%)
       498,740,872      unc_h_requests_writes_5                                       (23.53%)
       499,770,567      unc_h_requests_writes_6                                       (23.53%)
       499,388,127      unc_h_requests_writes_7                                       (23.53%)
       499,266,838      unc_h_requests_writes_local_0                                     (23.53%)
       499,199,706      unc_h_requests_writes_local_1                                     (23.53%)
       499,238,514      unc_h_requests_writes_local_2                                     (23.59%)
       498,948,641      unc_h_requests_writes_local_3                                     (23.57%)
       499,334,322      unc_h_requests_writes_local_4                                     (23.65%)
       499,484,011      unc_h_requests_writes_local_5                                     (23.72%)
       499,002,538      unc_h_requests_writes_local_6                                     (23.63%)
       497,448,597      unc_h_requests_writes_local_7                                     (23.70%)
     2,281,990,745      unc_h_rxc_inserts_irq_0                                       (23.53%)
     2,194,301,677      unc_h_rxc_inserts_irq_1                                       (23.83%)
     2,194,405,536      unc_h_rxc_inserts_irq_2                                       (23.72%)
     2,194,046,590      unc_h_rxc_inserts_irq_3                                       (23.53%)
     2,194,517,397      unc_h_rxc_inserts_irq_4                                       (23.67%)
     2,195,167,616      unc_h_rxc_inserts_irq_5                                       (23.69%)
     2,192,326,392      unc_h_rxc_inserts_irq_6                                       (23.56%)
     2,194,260,802      unc_h_rxc_inserts_irq_7                                       (23.64%)
           213,194      unc_h_rxc_irq1_reject_pa_match_0                                     (23.53%)
           224,723      unc_h_rxc_irq1_reject_pa_match_1                                     (23.71%)
           175,865      unc_h_rxc_irq1_reject_pa_match_2                                     (23.53%)
           200,317      unc_h_rxc_irq1_reject_pa_match_3                                     (23.47%)
           187,425      unc_h_rxc_irq1_reject_pa_match_4                                     (23.58%)
           152,085      unc_h_rxc_irq1_reject_pa_match_5                                     (23.58%)
           184,592      unc_h_rxc_irq1_reject_pa_match_6                                     (23.47%)
           203,153      unc_h_rxc_irq1_reject_pa_match_7                                     (23.58%)
    18,485,203,316      unc_h_rxc_occupancy_irq_0                                     (23.53%)
    17,816,860,418      unc_h_rxc_occupancy_irq_1                                     (23.59%)
    17,638,210,410      unc_h_rxc_occupancy_irq_2                                     (23.25%)
    18,147,718,230      unc_h_rxc_occupancy_irq_3                                     (23.49%)
    19,157,857,413      unc_h_rxc_occupancy_irq_4                                     (23.41%)
    18,548,971,937      unc_h_rxc_occupancy_irq_5                                     (23.35%)
    31,021,912,572      unc_h_rxc_occupancy_irq_6                                     (23.42%)
    30,382,164,676      unc_h_rxc_occupancy_irq_7                                     (23.47%)
            16,627      unc_h_snoop_resp_rsp_fwd_wb_0                                     (23.53%)
            16,128      unc_h_snoop_resp_rsp_fwd_wb_1                                     (23.29%)
            16,301      unc_h_snoop_resp_rsp_fwd_wb_2                                     (23.21%)
            14,683      unc_h_snoop_resp_rsp_fwd_wb_3                                     (23.50%)
            18,745      unc_h_snoop_resp_rsp_fwd_wb_4                                     (23.32%)
            15,875      unc_h_snoop_resp_rsp_fwd_wb_5                                     (23.28%)
            28,388      unc_h_snoop_resp_rsp_fwd_wb_6                                     (23.46%)
            27,846      unc_h_snoop_resp_rsp_fwd_wb_7                                     (23.36%)
                 0      unc_h_snoop_resp_rspcnflct_0                                     (23.53%)
                 0      unc_h_snoop_resp_rspcnflct_1                                     (23.23%)
                 0      unc_h_snoop_resp_rspcnflct_2                                     (23.34%)
                 0      unc_h_snoop_resp_rspcnflct_3                                     (23.52%)
                 0      unc_h_snoop_resp_rspcnflct_4                                     (23.39%)
                 0      unc_h_snoop_resp_rspcnflct_5                                     (23.48%)
                 0      unc_h_snoop_resp_rspcnflct_6                                     (23.53%)
               256      unc_h_snoop_resp_rspcnflct_7                                     (23.48%)
             6,524      unc_h_snoop_resp_rspifwd_0                                     (23.53%)
                 0      unc_h_snoop_resp_rspifwd_1                                     (23.48%)
                 0      unc_h_snoop_resp_rspifwd_2                                     (23.47%)
                 0      unc_h_snoop_resp_rspifwd_3                                     (23.53%)
                 0      unc_h_snoop_resp_rspifwd_4                                     (23.48%)
                 0      unc_h_snoop_resp_rspifwd_5                                     (23.52%)
                 0      unc_h_snoop_resp_rspifwd_6                                     (23.53%)
                 0      unc_h_snoop_resp_rspifwd_7                                     (23.53%)
                 0      unc_h_snoop_resp_rspsfwd_0                                     (23.53%)
                 0      unc_h_snoop_resp_rspsfwd_1                                     (23.52%)
                 0      unc_h_snoop_resp_rspsfwd_2                                     (23.52%)
                 0      unc_h_snoop_resp_rspsfwd_3                                     (23.53%)
                 0      unc_h_snoop_resp_rspsfwd_4                                     (23.52%)
                 0      unc_h_snoop_resp_rspsfwd_5                                     (23.53%)
                 0      unc_h_snoop_resp_rspsfwd_6                                     (23.53%)
                 0      unc_h_snoop_resp_rspsfwd_7                                     (23.53%)
           130,458      unc_i_cache_total_occupancy_mem_0                                     (33.32%)
           100,653      unc_i_cache_total_occupancy_mem_1                                     (33.32%)
                 0      unc_i_cache_total_occupancy_mem_2                                     (33.32%)
                 0      unc_i_cache_total_occupancy_mem_3                                     (33.34%)
                 0      unc_i_cache_total_occupancy_mem_4                                     (33.34%)
                 0      unc_i_cache_total_occupancy_mem_5                                     (33.34%)
                21      unc_i_coherent_ops_pcitom_0                                     (33.34%)
                 0      unc_i_coherent_ops_pcitom_1                                     (33.34%)
                 0      unc_i_coherent_ops_pcitom_2                                     (33.34%)
                 0      unc_i_coherent_ops_pcitom_3                                     (33.34%)
                 0      unc_i_coherent_ops_pcitom_4                                     (33.33%)
                 0      unc_i_coherent_ops_pcitom_5                                     (33.33%)
               498      unc_i_coherent_ops_rfo_0                                      (33.33%)
                75      unc_i_coherent_ops_rfo_1                                      (33.33%)
                 0      unc_i_coherent_ops_rfo_2                                      (33.33%)
                 0      unc_i_coherent_ops_rfo_3                                      (33.32%)
                 0      unc_i_coherent_ops_rfo_4                                      (33.32%)
                 0      unc_i_coherent_ops_rfo_5                                      (33.32%)
               819      unc_i_faf_inserts_0                                           (33.32%)
            31,776      unc_i_faf_inserts_1                                           (33.32%)
                 0      unc_i_faf_inserts_2                                           (33.32%)
                 0      unc_i_faf_inserts_3                                           (33.34%)
                 0      unc_i_faf_inserts_4                                           (33.35%)
                 0      unc_i_faf_inserts_5                                           (33.35%)
               897      unc_i_faf_occupancy_0                                         (33.34%)
            34,893      unc_i_faf_occupancy_1                                         (33.34%)
                 0      unc_i_faf_occupancy_2                                         (33.35%)
                 0      unc_i_faf_occupancy_3                                         (33.34%)
                 0      unc_i_faf_occupancy_4                                         (33.34%)
                 0      unc_i_faf_occupancy_5                                         (33.34%)
               624      unc_i_transactions_wr_pref_0                                     (33.34%)
               114      unc_i_transactions_wr_pref_1                                     (33.33%)
                 0      unc_i_transactions_wr_pref_2                                     (33.34%)
                 0      unc_i_transactions_wr_pref_3                                     (33.32%)
                 0      unc_i_transactions_wr_pref_4                                     (33.32%)
                 0      unc_i_transactions_wr_pref_5                                     (33.32%)
    67,440,278,035      unc_iio_clockticks_0                                          (7.05%)
    67,333,795,374      unc_iio_clockticks_1                                          (7.04%)
    67,288,877,120      unc_iio_clockticks_2                                          (7.04%)
    67,307,830,679      unc_iio_clockticks_3                                          (7.04%)
                 0      unc_iio_clockticks_4                                          (7.03%)
                 0      unc_iio_clockticks_5                                          (7.06%)
                 0      unc_iio_comp_buf_inserts_cmpd_all_parts_0                                     (7.04%)
                 0      unc_iio_comp_buf_inserts_cmpd_all_parts_1                                     (7.04%)
                 0      unc_iio_comp_buf_inserts_cmpd_all_parts_2                                     (7.03%)
                 0      unc_iio_comp_buf_inserts_cmpd_all_parts_3                                     (7.03%)
                 0      unc_iio_comp_buf_inserts_cmpd_all_parts_4                                     (7.01%)
                 0      unc_iio_comp_buf_inserts_cmpd_all_parts_5                                     (7.01%)
                 0      unc_iio_comp_buf_inserts_cmpd_part0_0                                     (7.02%)
                 0      unc_iio_comp_buf_inserts_cmpd_part0_1                                     (7.02%)
                 0      unc_iio_comp_buf_inserts_cmpd_part0_2                                     (7.03%)
                 0      unc_iio_comp_buf_inserts_cmpd_part0_3                                     (7.03%)
                 0      unc_iio_comp_buf_inserts_cmpd_part0_4                                     (7.02%)
                 0      unc_iio_comp_buf_inserts_cmpd_part0_5                                     (7.02%)
                 0      unc_iio_comp_buf_inserts_cmpd_part1_0                                     (7.03%)
                 0      unc_iio_comp_buf_inserts_cmpd_part1_1                                     (7.03%)
                 0      unc_iio_comp_buf_inserts_cmpd_part1_2                                     (5.28%)
                 0      unc_iio_comp_buf_inserts_cmpd_part1_3                                     (7.06%)
                 0      unc_iio_comp_buf_inserts_cmpd_part1_4                                     (7.05%)
                 0      unc_iio_comp_buf_inserts_cmpd_part1_5                                     (7.04%)
                 0      unc_iio_comp_buf_inserts_cmpd_part2_0                                     (7.03%)
                 0      unc_iio_comp_buf_inserts_cmpd_part2_1                                     (7.03%)
                 0      unc_iio_comp_buf_inserts_cmpd_part2_2                                     (7.03%)
                 0      unc_iio_comp_buf_inserts_cmpd_part2_3                                     (7.02%)
                 0      unc_iio_comp_buf_inserts_cmpd_part2_4                                     (7.04%)
                 0      unc_iio_comp_buf_inserts_cmpd_part2_5                                     (5.28%)
                 0      unc_iio_comp_buf_inserts_cmpd_part3_0                                     (7.03%)
                 0      unc_iio_comp_buf_inserts_cmpd_part3_1                                     (7.03%)
                 0      unc_iio_comp_buf_inserts_cmpd_part3_2                                     (7.03%)
                 0      unc_iio_comp_buf_inserts_cmpd_part3_3                                     (7.02%)
                 0      unc_iio_comp_buf_inserts_cmpd_part3_4                                     (7.02%)
                 0      unc_iio_comp_buf_inserts_cmpd_part3_5                                     (7.03%)
            40,649      unc_iio_comp_buf_occupancy_cmpd_all_parts_0                                     (7.01%)
                 0      unc_iio_comp_buf_occupancy_cmpd_all_parts_1                                     (7.02%)
                 0      unc_iio_comp_buf_occupancy_cmpd_all_parts_2                                     (7.03%)
                 0      unc_iio_comp_buf_occupancy_cmpd_all_parts_3                                     (7.03%)
                 0      unc_iio_comp_buf_occupancy_cmpd_all_parts_4                                     (7.01%)
                 0      unc_iio_comp_buf_occupancy_cmpd_all_parts_5                                     (6.99%)
                 0      unc_iio_comp_buf_occupancy_cmpd_part0_0                                     (7.02%)
         1,423,353      unc_iio_comp_buf_occupancy_cmpd_part0_1                                     (7.02%)
                 0      unc_iio_comp_buf_occupancy_cmpd_part0_2                                     (5.28%)
                 0      unc_iio_comp_buf_occupancy_cmpd_part0_3                                     (5.29%)
                 0      unc_iio_comp_buf_occupancy_cmpd_part0_4                                     (6.98%)
                 0      unc_iio_comp_buf_occupancy_cmpd_part0_5                                     (7.00%)
            27,454      unc_iio_comp_buf_occupancy_cmpd_part1_0                                     (7.02%)
                 0      unc_iio_comp_buf_occupancy_cmpd_part1_1                                     (7.03%)
                 0      unc_iio_comp_buf_occupancy_cmpd_part1_2                                     (7.02%)
                 0      unc_iio_comp_buf_occupancy_cmpd_part1_3                                     (7.04%)
                 0      unc_iio_comp_buf_occupancy_cmpd_part1_4                                     (7.02%)
                 0      unc_iio_comp_buf_occupancy_cmpd_part1_5                                     (7.04%)
                 0      unc_iio_comp_buf_occupancy_cmpd_part2_0                                     (7.02%)
                 0      unc_iio_comp_buf_occupancy_cmpd_part2_1                                     (7.02%)
                 0      unc_iio_comp_buf_occupancy_cmpd_part2_2                                     (7.02%)
                 0      unc_iio_comp_buf_occupancy_cmpd_part2_3                                     (7.01%)
                 0      unc_iio_comp_buf_occupancy_cmpd_part2_4                                     (7.04%)
                 0      unc_iio_comp_buf_occupancy_cmpd_part2_5                                     (7.03%)
                 0      unc_iio_comp_buf_occupancy_cmpd_part3_0                                     (7.01%)
                 0      unc_iio_comp_buf_occupancy_cmpd_part3_1                                     (7.03%)
                 0      unc_iio_comp_buf_occupancy_cmpd_part3_2                                     (7.02%)
                 0      unc_iio_comp_buf_occupancy_cmpd_part3_3                                     (7.03%)
                 0      unc_iio_comp_buf_occupancy_cmpd_part3_4                                     (7.03%)
                 0      unc_iio_comp_buf_occupancy_cmpd_part3_5                                     (7.03%)
                 0      unc_iio_data_req_by_cpu_mem_read_part0_0                                     (7.01%)
                 0      unc_iio_data_req_by_cpu_mem_read_part0_1                                     (7.02%)
                 0      unc_iio_data_req_by_cpu_mem_read_part0_2                                     (7.02%)
                 0      unc_iio_data_req_by_cpu_mem_read_part0_3                                     (7.02%)
                 0      unc_iio_data_req_by_cpu_mem_read_part0_4                                     (7.01%)
                 0      unc_iio_data_req_by_cpu_mem_read_part0_5                                     (7.01%)
                 0      unc_iio_data_req_by_cpu_mem_read_part1_0                                     (5.29%)
                 0      unc_iio_data_req_by_cpu_mem_read_part1_1                                     (5.30%)
                 0      unc_iio_data_req_by_cpu_mem_read_part1_2                                     (5.27%)
                 0      unc_iio_data_req_by_cpu_mem_read_part1_3                                     (5.29%)
                 0      unc_iio_data_req_by_cpu_mem_read_part1_4                                     (5.29%)
                 0      unc_iio_data_req_by_cpu_mem_read_part1_5                                     (5.32%)
                 0      unc_iio_data_req_by_cpu_mem_read_part2_0                                     (7.02%)
                 0      unc_iio_data_req_by_cpu_mem_read_part2_1                                     (7.00%)
                 0      unc_iio_data_req_by_cpu_mem_read_part2_2                                     (7.02%)
                 0      unc_iio_data_req_by_cpu_mem_read_part2_3                                     (5.24%)
                 0      unc_iio_data_req_by_cpu_mem_read_part2_4                                     (7.01%)
                 0      unc_iio_data_req_by_cpu_mem_read_part2_5                                     (7.02%)
                 0      unc_iio_data_req_by_cpu_mem_read_part3_0                                     (7.01%)
                 0      unc_iio_data_req_by_cpu_mem_read_part3_1                                     (7.01%)
                 0      unc_iio_data_req_by_cpu_mem_read_part3_2                                     (7.02%)
                 0      unc_iio_data_req_by_cpu_mem_read_part3_3                                     (7.01%)
                 0      unc_iio_data_req_by_cpu_mem_read_part3_4                                     (7.01%)
                 0      unc_iio_data_req_by_cpu_mem_read_part3_5                                     (7.00%)
                 0      unc_iio_data_req_by_cpu_mem_write_part0_0                                     (7.02%)
                 0      unc_iio_data_req_by_cpu_mem_write_part0_1                                     (7.01%)
                 0      unc_iio_data_req_by_cpu_mem_write_part0_2                                     (7.02%)
                 0      unc_iio_data_req_by_cpu_mem_write_part0_3                                     (7.00%)
                 0      unc_iio_data_req_by_cpu_mem_write_part0_4                                     (6.99%)
                 0      unc_iio_data_req_by_cpu_mem_write_part0_5                                     (7.00%)
                 0      unc_iio_data_req_by_cpu_mem_write_part1_0                                     (7.02%)
                 0      unc_iio_data_req_by_cpu_mem_write_part1_1                                     (7.01%)
                 0      unc_iio_data_req_by_cpu_mem_write_part1_2                                     (7.02%)
                 0      unc_iio_data_req_by_cpu_mem_write_part1_3                                     (7.01%)
                 0      unc_iio_data_req_by_cpu_mem_write_part1_4                                     (7.01%)
                 0      unc_iio_data_req_by_cpu_mem_write_part1_5                                     (7.01%)
                 0      unc_iio_data_req_by_cpu_mem_write_part2_0                                     (5.28%)
                 0      unc_iio_data_req_by_cpu_mem_write_part2_1                                     (5.29%)
                 0      unc_iio_data_req_by_cpu_mem_write_part2_2                                     (7.02%)
                 0      unc_iio_data_req_by_cpu_mem_write_part2_3                                     (6.99%)
                 0      unc_iio_data_req_by_cpu_mem_write_part2_4                                     (5.29%)
                 0      unc_iio_data_req_by_cpu_mem_write_part2_5                                     (5.32%)
                 0      unc_iio_data_req_by_cpu_mem_write_part3_0                                     (7.03%)
                 0      unc_iio_data_req_by_cpu_mem_write_part3_1                                     (7.02%)
                 0      unc_iio_data_req_by_cpu_mem_write_part3_2                                     (7.02%)
                 0      unc_iio_data_req_by_cpu_mem_write_part3_3                                     (7.02%)
                 0      unc_iio_data_req_by_cpu_mem_write_part3_4                                     (7.04%)
                 0      unc_iio_data_req_by_cpu_mem_write_part3_5                                     (7.02%)
                 0      unc_iio_data_req_by_cpu_peer_read_part0_0                                     (7.02%)
                 0      unc_iio_data_req_by_cpu_peer_read_part0_1                                     (7.02%)
                 0      unc_iio_data_req_by_cpu_peer_read_part0_2                                     (7.02%)
                 0      unc_iio_data_req_by_cpu_peer_read_part0_3                                     (7.02%)
                 0      unc_iio_data_req_by_cpu_peer_read_part0_4                                     (7.05%)
                 0      unc_iio_data_req_by_cpu_peer_read_part0_5                                     (7.01%)
                 0      unc_iio_data_req_by_cpu_peer_read_part1_0                                     (7.02%)
                 0      unc_iio_data_req_by_cpu_peer_read_part1_1                                     (7.05%)
                 0      unc_iio_data_req_by_cpu_peer_read_part1_2                                     (7.02%)
                 0      unc_iio_data_req_by_cpu_peer_read_part1_3                                     (7.06%)
                 0      unc_iio_data_req_by_cpu_peer_read_part1_4                                     (7.07%)
                 0      unc_iio_data_req_by_cpu_peer_read_part1_5                                     (7.08%)
                 0      unc_iio_data_req_by_cpu_peer_read_part2_0                                     (7.01%)
                 0      unc_iio_data_req_by_cpu_peer_read_part2_1                                     (7.00%)
                 0      unc_iio_data_req_by_cpu_peer_read_part2_2                                     (7.02%)
                 0      unc_iio_data_req_by_cpu_peer_read_part2_3                                     (6.98%)
                 0      unc_iio_data_req_by_cpu_peer_read_part2_4                                     (6.98%)
                 0      unc_iio_data_req_by_cpu_peer_read_part2_5                                     (6.97%)
                 0      unc_iio_data_req_by_cpu_peer_read_part3_0                                     (7.02%)
                 0      unc_iio_data_req_by_cpu_peer_read_part3_1                                     (7.02%)
                 0      unc_iio_data_req_by_cpu_peer_read_part3_2                                     (7.02%)
                 0      unc_iio_data_req_by_cpu_peer_read_part3_3                                     (7.02%)
                 0      unc_iio_data_req_by_cpu_peer_read_part3_4                                     (7.02%)
                 0      unc_iio_data_req_by_cpu_peer_read_part3_5                                     (7.03%)
                 0      unc_iio_data_req_by_cpu_peer_write_part0_0                                     (7.02%)
                 0      unc_iio_data_req_by_cpu_peer_write_part0_1                                     (7.01%)
                 0      unc_iio_data_req_by_cpu_peer_write_part0_2                                     (7.02%)
                 0      unc_iio_data_req_by_cpu_peer_write_part0_3                                     (7.02%)
                 0      unc_iio_data_req_by_cpu_peer_write_part0_4                                     (7.01%)
                 0      unc_iio_data_req_by_cpu_peer_write_part0_5                                     (7.01%)
                 0      unc_iio_data_req_by_cpu_peer_write_part1_0                                     (7.01%)
                 0      unc_iio_data_req_by_cpu_peer_write_part1_1                                     (7.00%)
                 0      unc_iio_data_req_by_cpu_peer_write_part1_2                                     (7.01%)
                 0      unc_iio_data_req_by_cpu_peer_write_part1_3                                     (7.00%)
                 0      unc_iio_data_req_by_cpu_peer_write_part1_4                                     (7.01%)
                 0      unc_iio_data_req_by_cpu_peer_write_part1_5                                     (7.00%)
                 0      unc_iio_data_req_by_cpu_peer_write_part2_0                                     (7.00%)
                 0      unc_iio_data_req_by_cpu_peer_write_part2_1                                     (5.25%)
                 0      unc_iio_data_req_by_cpu_peer_write_part2_2                                     (7.01%)
                 0      unc_iio_data_req_by_cpu_peer_write_part2_3                                     (7.02%)
                 0      unc_iio_data_req_by_cpu_peer_write_part2_4                                     (5.27%)
                 0      unc_iio_data_req_by_cpu_peer_write_part2_5                                     (7.04%)
                 0      unc_iio_data_req_by_cpu_peer_write_part3_0                                     (7.03%)
                 0      unc_iio_data_req_by_cpu_peer_write_part3_1                                     (5.29%)
                 0      unc_iio_data_req_by_cpu_peer_write_part3_2                                     (3.51%)
                 0      unc_iio_data_req_by_cpu_peer_write_part3_3                                     (7.07%)
                 0      unc_iio_data_req_by_cpu_peer_write_part3_4                                     (5.31%)
                 0      unc_iio_data_req_by_cpu_peer_write_part3_5                                     (3.53%)
                 0      unc_iio_data_req_of_cpu_mem_read_part0_0                                     (7.03%)
                 0      unc_iio_data_req_of_cpu_mem_read_part0_1                                     (7.04%)
                 0      unc_iio_data_req_of_cpu_mem_read_part0_2                                     (7.02%)
                 0      unc_iio_data_req_of_cpu_mem_read_part0_3                                     (7.02%)
                 0      unc_iio_data_req_of_cpu_mem_read_part0_4                                     (7.02%)
                 0      unc_iio_data_req_of_cpu_mem_read_part0_5                                     (7.03%)
                 0      unc_iio_data_req_of_cpu_mem_read_part1_0                                     (7.02%)
                 0      unc_iio_data_req_of_cpu_mem_read_part1_1                                     (7.01%)
                 0      unc_iio_data_req_of_cpu_mem_read_part1_2                                     (7.02%)
                 0      unc_iio_data_req_of_cpu_mem_read_part1_3                                     (7.00%)
                 0      unc_iio_data_req_of_cpu_mem_read_part1_4                                     (7.02%)
                 0      unc_iio_data_req_of_cpu_mem_read_part1_5                                     (7.00%)
                 0      unc_iio_data_req_of_cpu_mem_read_part2_0                                     (7.01%)
                 0      unc_iio_data_req_of_cpu_mem_read_part2_1                                     (7.00%)
                 0      unc_iio_data_req_of_cpu_mem_read_part2_2                                     (7.02%)
                 0      unc_iio_data_req_of_cpu_mem_read_part2_3                                     (7.02%)
                 0      unc_iio_data_req_of_cpu_mem_read_part2_4                                     (7.02%)
                 0      unc_iio_data_req_of_cpu_mem_read_part2_5                                     (7.01%)
                 0      unc_iio_data_req_of_cpu_mem_read_part3_0                                     (7.00%)
                 0      unc_iio_data_req_of_cpu_mem_read_part3_1                                     (7.01%)
                 0      unc_iio_data_req_of_cpu_mem_read_part3_2                                     (7.02%)
                 0      unc_iio_data_req_of_cpu_mem_read_part3_3                                     (7.00%)
                 0      unc_iio_data_req_of_cpu_mem_read_part3_4                                     (7.00%)
                 0      unc_iio_data_req_of_cpu_mem_read_part3_5                                     (7.00%)
                 0      unc_iio_data_req_of_cpu_mem_write_part0_0                                     (7.03%)
                 0      unc_iio_data_req_of_cpu_mem_write_part0_1                                     (7.02%)
                 0      unc_iio_data_req_of_cpu_mem_write_part0_2                                     (5.26%)
                 0      unc_iio_data_req_of_cpu_mem_write_part0_3                                     (7.00%)
                 0      unc_iio_data_req_of_cpu_mem_write_part0_4                                     (6.99%)
                 0      unc_iio_data_req_of_cpu_mem_write_part0_5                                     (5.23%)
                 0      unc_iio_data_req_of_cpu_mem_write_part1_0                                     (7.02%)
                 0      unc_iio_data_req_of_cpu_mem_write_part1_1                                     (7.00%)
                 0      unc_iio_data_req_of_cpu_mem_write_part1_2                                     (5.26%)
                 0      unc_iio_data_req_of_cpu_mem_write_part1_3                                     (7.00%)
                 0      unc_iio_data_req_of_cpu_mem_write_part1_4                                     (6.99%)
                 0      unc_iio_data_req_of_cpu_mem_write_part1_5                                     (5.24%)
                 0      unc_iio_data_req_of_cpu_mem_write_part2_0                                     (5.25%)
                 0      unc_iio_data_req_of_cpu_mem_write_part2_1                                     (7.00%)
                 0      unc_iio_data_req_of_cpu_mem_write_part2_2                                     (7.02%)
                 0      unc_iio_data_req_of_cpu_mem_write_part2_3                                     (5.26%)
                 0      unc_iio_data_req_of_cpu_mem_write_part2_4                                     (7.02%)
                 0      unc_iio_data_req_of_cpu_mem_write_part2_5                                     (7.01%)
                 0      unc_iio_data_req_of_cpu_mem_write_part3_0                                     (5.26%)
                 0      unc_iio_data_req_of_cpu_mem_write_part3_1                                     (5.26%)
                 0      unc_iio_data_req_of_cpu_mem_write_part3_2                                     (7.02%)
                 0      unc_iio_data_req_of_cpu_mem_write_part3_3                                     (5.26%)
                 0      unc_iio_data_req_of_cpu_mem_write_part3_4                                     (5.26%)
                 0      unc_iio_data_req_of_cpu_mem_write_part3_5                                     (5.26%)
                 0      unc_iio_data_req_of_cpu_peer_read_part0_0                                     (7.02%)
                 0      unc_iio_data_req_of_cpu_peer_read_part0_1                                     (5.26%)
                 0      unc_iio_data_req_of_cpu_peer_read_part0_2                                     (5.26%)
                 0      unc_iio_data_req_of_cpu_peer_read_part0_3                                     (7.01%)
                 0      unc_iio_data_req_of_cpu_peer_read_part0_4                                     (5.24%)
                 0      unc_iio_data_req_of_cpu_peer_read_part0_5                                     (5.24%)
                 0      unc_iio_data_req_of_cpu_peer_read_part1_0                                     (5.26%)
                 0      unc_iio_data_req_of_cpu_peer_read_part1_1                                     (7.01%)
                 0      unc_iio_data_req_of_cpu_peer_read_part1_2                                     (5.26%)
                 0      unc_iio_data_req_of_cpu_peer_read_part1_3                                     (5.24%)
                 0      unc_iio_data_req_of_cpu_peer_read_part1_4                                     (5.24%)
                 0      unc_iio_data_req_of_cpu_peer_read_part1_5                                     (6.97%)
                 0      unc_iio_data_req_of_cpu_peer_read_part2_0                                     (5.25%)
                 0      unc_iio_data_req_of_cpu_peer_read_part2_1                                     (5.24%)
                 0      unc_iio_data_req_of_cpu_peer_read_part2_2                                     (7.02%)
                 0      unc_iio_data_req_of_cpu_peer_read_part2_3                                     (5.25%)
                 0      unc_iio_data_req_of_cpu_peer_read_part2_4                                     (5.24%)
                 0      unc_iio_data_req_of_cpu_peer_read_part2_5                                     (5.23%)
                 0      unc_iio_data_req_of_cpu_peer_read_part3_0                                     (5.25%)
                 0      unc_iio_data_req_of_cpu_peer_read_part3_1                                     (3.50%)
                 0      unc_iio_data_req_of_cpu_peer_read_part3_2                                     (5.26%)
                 0      unc_iio_data_req_of_cpu_peer_read_part3_3                                     (5.28%)
                 0      unc_iio_data_req_of_cpu_peer_read_part3_4                                     (5.27%)
                 0      unc_iio_data_req_of_cpu_peer_read_part3_5                                     (3.54%)
                 0      unc_iio_data_req_of_cpu_peer_write_part0_0                                     (3.51%)
                 0      unc_iio_data_req_of_cpu_peer_write_part0_1                                     (3.52%)
                 0      unc_iio_data_req_of_cpu_peer_write_part0_2                                     (3.51%)
                 0      unc_iio_data_req_of_cpu_peer_write_part0_3                                     (3.54%)
                 0      unc_iio_data_req_of_cpu_peer_write_part0_4                                     (3.55%)
                 0      unc_iio_data_req_of_cpu_peer_write_part0_5                                     (3.55%)
                 0      unc_iio_data_req_of_cpu_peer_write_part1_0                                     (3.52%)
                 0      unc_iio_data_req_of_cpu_peer_write_part1_1                                     (3.53%)
                 0      unc_iio_data_req_of_cpu_peer_write_part1_2                                     (3.51%)
                 0      unc_iio_data_req_of_cpu_peer_write_part1_3                                     (3.52%)
                 0      unc_iio_data_req_of_cpu_peer_write_part1_4                                     (3.53%)
                 0      unc_iio_data_req_of_cpu_peer_write_part1_5                                     (5.29%)
                 0      unc_iio_data_req_of_cpu_peer_write_part2_0                                     (5.27%)
                 0      unc_iio_data_req_of_cpu_peer_write_part2_1                                     (5.27%)
                 0      unc_iio_data_req_of_cpu_peer_write_part2_2                                     (5.26%)
                 0      unc_iio_data_req_of_cpu_peer_write_part2_3                                     (5.26%)
                 0      unc_iio_data_req_of_cpu_peer_write_part2_4                                     (5.26%)
                 0      unc_iio_data_req_of_cpu_peer_write_part2_5                                     (5.27%)
                 0      unc_iio_data_req_of_cpu_peer_write_part3_0                                     (7.03%)
                 0      unc_iio_data_req_of_cpu_peer_write_part3_1                                     (7.02%)
                 0      unc_iio_data_req_of_cpu_peer_write_part3_2                                     (5.26%)
                 0      unc_iio_data_req_of_cpu_peer_write_part3_3                                     (5.26%)
                 0      unc_iio_data_req_of_cpu_peer_write_part3_4                                     (5.27%)
                 0      unc_iio_data_req_of_cpu_peer_write_part3_5                                     (5.27%)
                 0      unc_iio_payload_bytes_in_mem_read_part0_0                                     (5.26%)
                 0      unc_iio_payload_bytes_in_mem_read_part0_1                                     (7.02%)
                 0      unc_iio_payload_bytes_in_mem_read_part0_2                                     (5.26%)
                 0      unc_iio_payload_bytes_in_mem_read_part0_3                                     (5.27%)
                 0      unc_iio_payload_bytes_in_mem_read_part0_4                                     (5.27%)
                 0      unc_iio_payload_bytes_in_mem_read_part0_5                                     (7.04%)
                 0      unc_iio_payload_bytes_in_mem_read_part1_0                                     (5.26%)
                 0      unc_iio_payload_bytes_in_mem_read_part1_1                                     (5.26%)
                 0      unc_iio_payload_bytes_in_mem_read_part1_2                                     (7.02%)
                 0      unc_iio_payload_bytes_in_mem_read_part1_3                                     (7.03%)
                 0      unc_iio_payload_bytes_in_mem_read_part1_4                                     (7.03%)
                 0      unc_iio_payload_bytes_in_mem_read_part1_5                                     (7.06%)
                 0      unc_iio_payload_bytes_in_mem_read_part2_0                                     (7.02%)
                 0      unc_iio_payload_bytes_in_mem_read_part2_1                                     (5.27%)
                 0      unc_iio_payload_bytes_in_mem_read_part2_2                                     (5.26%)
                 0      unc_iio_payload_bytes_in_mem_read_part2_3                                     (5.28%)
                 0      unc_iio_payload_bytes_in_mem_read_part2_4                                     (7.02%)
                 0      unc_iio_payload_bytes_in_mem_read_part2_5                                     (5.27%)
                 0      unc_iio_payload_bytes_in_mem_read_part3_0                                     (7.02%)
                 0      unc_iio_payload_bytes_in_mem_read_part3_1                                     (7.02%)
                 0      unc_iio_payload_bytes_in_mem_read_part3_2                                     (5.26%)
                 0      unc_iio_payload_bytes_in_mem_read_part3_3                                     (7.00%)
                 0      unc_iio_payload_bytes_in_mem_read_part3_4                                     (7.00%)
                 0      unc_iio_payload_bytes_in_mem_read_part3_5                                     (5.23%)
                 0      unc_iio_payload_bytes_in_mem_write_part0_0                                     (7.02%)
                 0      unc_iio_payload_bytes_in_mem_write_part0_1                                     (7.03%)
                 0      unc_iio_payload_bytes_in_mem_write_part0_2                                     (7.02%)
                 0      unc_iio_payload_bytes_in_mem_write_part0_3                                     (7.03%)
                 0      unc_iio_payload_bytes_in_mem_write_part0_4                                     (7.07%)
                 0      unc_iio_payload_bytes_in_mem_write_part0_5                                     (7.07%)
                 0      unc_iio_payload_bytes_in_mem_write_part1_0                                     (5.28%)
                 0      unc_iio_payload_bytes_in_mem_write_part1_1                                     (7.03%)
                 0      unc_iio_payload_bytes_in_mem_write_part1_2                                     (7.02%)
                 0      unc_iio_payload_bytes_in_mem_write_part1_3                                     (5.29%)
                 0      unc_iio_payload_bytes_in_mem_write_part1_4                                     (7.02%)
                 0      unc_iio_payload_bytes_in_mem_write_part1_5                                     (7.04%)
                 0      unc_iio_payload_bytes_in_mem_write_part2_0                                     (5.26%)
                 0      unc_iio_payload_bytes_in_mem_write_part2_1                                     (7.00%)
                 0      unc_iio_payload_bytes_in_mem_write_part2_2                                     (7.02%)
                 0      unc_iio_payload_bytes_in_mem_write_part2_3                                     (7.00%)
                 0      unc_iio_payload_bytes_in_mem_write_part2_4                                     (6.97%)
                 0      unc_iio_payload_bytes_in_mem_write_part2_5                                     (6.96%)
                 0      unc_iio_payload_bytes_in_mem_write_part3_0                                     (7.01%)
                 0      unc_iio_payload_bytes_in_mem_write_part3_1                                     (7.01%)
                 0      unc_iio_payload_bytes_in_mem_write_part3_2                                     (7.02%)
                 0      unc_iio_payload_bytes_in_mem_write_part3_3                                     (6.99%)
                 0      unc_iio_payload_bytes_in_mem_write_part3_4                                     (7.02%)
                 0      unc_iio_payload_bytes_in_mem_write_part3_5                                     (7.01%)
                 0      unc_iio_txn_req_by_cpu_mem_read_part0_0                                     (7.02%)
                 0      unc_iio_txn_req_by_cpu_mem_read_part0_1                                     (7.03%)
                 0      unc_iio_txn_req_by_cpu_mem_read_part0_2                                     (7.02%)
                 0      unc_iio_txn_req_by_cpu_mem_read_part0_3                                     (7.02%)
                 0      unc_iio_txn_req_by_cpu_mem_read_part0_4                                     (7.03%)
                 0      unc_iio_txn_req_by_cpu_mem_read_part0_5                                     (7.02%)
                 0      unc_iio_txn_req_by_cpu_mem_read_part1_0                                     (7.02%)
                 0      unc_iio_txn_req_by_cpu_mem_read_part1_1                                     (7.02%)
                 0      unc_iio_txn_req_by_cpu_mem_read_part1_2                                     (7.02%)
                 0      unc_iio_txn_req_by_cpu_mem_read_part1_3                                     (7.03%)
                 0      unc_iio_txn_req_by_cpu_mem_read_part1_4                                     (7.03%)
                 0      unc_iio_txn_req_by_cpu_mem_read_part1_5                                     (7.02%)
                 0      unc_iio_txn_req_by_cpu_mem_read_part2_0                                     (7.02%)
                 0      unc_iio_txn_req_by_cpu_mem_read_part2_1                                     (7.02%)
                 0      unc_iio_txn_req_by_cpu_mem_read_part2_2                                     (7.02%)
                 0      unc_iio_txn_req_by_cpu_mem_read_part2_3                                     (7.01%)
                 0      unc_iio_txn_req_by_cpu_mem_read_part2_4                                     (7.01%)
                 0      unc_iio_txn_req_by_cpu_mem_read_part2_5                                     (7.01%)
                 0      unc_iio_txn_req_by_cpu_mem_read_part3_0                                     (7.01%)
                 0      unc_iio_txn_req_by_cpu_mem_read_part3_1                                     (7.02%)
                 0      unc_iio_txn_req_by_cpu_mem_read_part3_2                                     (7.02%)
                 0      unc_iio_txn_req_by_cpu_mem_read_part3_3                                     (7.00%)
                 0      unc_iio_txn_req_by_cpu_mem_read_part3_4                                     (7.00%)
                 0      unc_iio_txn_req_by_cpu_mem_read_part3_5                                     (7.00%)
                 0      unc_iio_txn_req_by_cpu_mem_write_part0_0                                     (7.02%)
                 0      unc_iio_txn_req_by_cpu_mem_write_part0_1                                     (7.02%)
                 0      unc_iio_txn_req_by_cpu_mem_write_part0_2                                     (7.02%)
                 0      unc_iio_txn_req_by_cpu_mem_write_part0_3                                     (7.01%)
                 0      unc_iio_txn_req_by_cpu_mem_write_part0_4                                     (7.01%)
                 0      unc_iio_txn_req_by_cpu_mem_write_part0_5                                     (7.01%)
                 0      unc_iio_txn_req_by_cpu_mem_write_part1_0                                     (7.02%)
                 0      unc_iio_txn_req_by_cpu_mem_write_part1_1                                     (7.01%)
                 0      unc_iio_txn_req_by_cpu_mem_write_part1_2                                     (7.02%)
                 0      unc_iio_txn_req_by_cpu_mem_write_part1_3                                     (7.01%)
                 0      unc_iio_txn_req_by_cpu_mem_write_part1_4                                     (7.00%)
                 0      unc_iio_txn_req_by_cpu_mem_write_part1_5                                     (7.00%)

      69.855237202 seconds time elapsed

