# started on Mon Feb  5 08:30:13 2024


 Performance counter stats for 'system wide':

   168,985,920,525      r728                                                          (44.44%)
                 0      r1828                                                         (44.45%)
                 0      r2028                                                         (44.45%)
           294,068      r4028                                                         (44.45%)
         1,176,073      r20ef                                                         (44.45%)
         5,237,942      r10ef                                                         (44.45%)
        11,387,851      r2ef                                                          (44.45%)
        68,481,185      r1ef                                                          (44.45%)
         2,165,494      r40ef                                                         (44.45%)
         2,364,365      r8ef                                                          (44.45%)
             4,698      r4ef                                                          (44.44%)
           565,388      r1cb                                                          (44.44%)
     8,102,181,167      r4fe                                                          (44.44%)
       224,344,062      r2fe                                                          (44.44%)
                 5      r132                                                          (44.44%)
            51,735      r832                                                          (44.44%)
           457,938      r232                                                          (44.44%)
                 0      r432                                                          (44.44%)

      69.808958572 seconds time elapsed

