# started on Mon Feb  5 09:12:43 2024


 Performance counter stats for 'system wide':

        36,947,626      r1000114                                                      (10.52%)
         6,412,999      r1e6                                                          (10.52%)
    29,870,364,086      rc4                                                           (10.52%)
   <not supported>      r4c4:p                                                      
    29,516,274,950      r1c4                                                          (10.52%)
         1,210,887      r40c4                                                         (10.52%)
       154,294,016      r2c4                                                          (10.53%)
       155,739,493      r8c4                                                          (10.53%)
    27,611,114,325      r20c4                                                         (10.53%)
     2,267,599,725      r10c4                                                         (10.53%)
        13,159,357      rc5                                                           (10.53%)
   <not supported>      r4c5:p                                                      
         3,305,076      r1c5                                                          (10.53%)
            18,302      r2c5                                                          (10.53%)
        11,961,788      r20c5                                                         (10.53%)
     1,843,726,883      r23c                                                          (10.53%)
     1,843,076,441      r13c                                                          (10.53%)
     1,842,341,688      r20013c                                                       (10.53%)
     1,841,649,045      r23c                                                          (10.53%)
   154,649,659,269      r300                                                          (11.85%)
     1,841,404,453      r13c                                                          (11.85%)
     1,841,701,758      r20013c                                                       (11.85%)
           497,342      r104003c                                                      (11.85%)
   168,436,492,309      r3c                                                           (13.16%)
   168,475,954,844      r20003c                                                       (13.16%)
   168,559,211,522      r3c                                                           (13.16%)
   168,601,983,911      r20003c                                                       (13.16%)
   139,005,255,870      r80008a3                                                      (13.16%)
    68,499,975,186      r10001a3                                                      (13.16%)
   159,662,117,021      r100010a3                                                     (11.85%)
    84,335,827,649      rc000ca3                                                      (11.85%)
    49,596,029,017      r50005a3                                                      (11.85%)
    87,598,407,370      r140014a3                                                     (11.85%)
    93,191,543,630      r40004a3                                                      (11.85%)
    13,320,519,219      r2a6                                                          (11.85%)
    13,912,160,025      r4a6                                                          (10.53%)
    22,059,711,952      r8a6                                                          (10.53%)
    14,489,010,106      r10a6                                                         (10.53%)
     4,703,232,859      r40a6                                                         (10.53%)
       569,664,108      r1a6                                                          (10.53%)
           516,848      r187                                                          (10.53%)
   200,146,261,496      rc0                                                           (11.85%)
   200,101,679,748      rc0                                                           (11.85%)
   <not supported>      r1c0:p                                                      
   <not supported>      ra8001c0:p                                                  
       226,924,807      r800d                                                         (11.85%)
       170,136,162      r10d                                                          (11.85%)
       170,075,907      r20010d                                                       (11.85%)
               701      r803                                                          (11.85%)
         7,106,266      r203                                                          (11.85%)
       368,089,794      r107                                                          (11.85%)
             1,899      r14c                                                          (11.85%)
                 0      r40001a8                                                      (11.85%)
                 0      r10001a8                                                      (10.53%)
                 0      r1a8                                                          (10.53%)
         2,909,004      r10401c3                                                      (10.53%)
           690,589      r4c3                                                          (10.53%)
            38,955      r3fc1                                                         (10.53%)
   111,323,124,287      r1a2                                                          (10.53%)
     6,750,981,983      r8a2                                                          (10.53%)
                 0      r20cc                                                         (10.53%)
     4,934,519,390      r15e                                                          (10.53%)
       236,242,892      r184015e                                                      (10.53%)
    27,294,537,006      r1a1                                                          (10.53%)
    32,430,820,429      r2a1                                                          (10.53%)
    41,039,592,587      r4a1                                                          (10.53%)
    36,701,456,367      r8a1                                                          (10.53%)
    33,493,587,560      r10a1                                                         (10.53%)
    35,005,770,958      r20a1                                                         (10.53%)
    40,315,129,770      r40a1                                                         (10.52%)
       578,900,480      r80a1                                                         (10.52%)
   224,444,606,048      r2b1                                                          (10.52%)
    75,226,551,542      r10002b1                                                      (10.52%)
    61,909,609,935      r20002b1                                                      (10.52%)
    48,017,520,514      r30002b1                                                      (10.52%)
    25,967,713,782      r40002b1                                                      (10.52%)
    93,144,742,358      r18002b1                                                      (10.52%)
    75,395,696,435      r10001b1                                                      (10.52%)
    62,073,180,499      r20001b1                                                      (10.52%)
    48,149,505,776      r30001b1                                                      (10.52%)

      69.830867979 seconds time elapsed

