# started on Mon Feb  5 04:36:26 2024


 Performance counter stats for 'system wide':

     8,807,848,938      r151                                                          (10.00%)
    18,198,431,671      r248                                                          (10.00%)
   387,532,785,964      r148                                                          (10.00%)
   138,801,600,272      r1000148                                                      (10.00%)
   138,809,634,438      r1200148                                                      (10.00%)
     8,797,204,243      r1ff1                                                         (10.00%)
     8,380,297,612      r2f2                                                          (10.00%)
        98,952,815      r1f2                                                          (10.00%)
         6,422,642      r4f2                                                          (10.00%)
         6,456,267      r4f2                                                          (10.00%)
       130,726,214      re424                                                         (10.00%)
     1,488,361,982      re124                                                         (10.00%)
       965,291,493      r2724                                                         (10.00%)
     4,002,502,090      re724                                                         (10.00%)
    10,412,095,783      rf824                                                         (10.00%)
     2,385,630,919      re224                                                         (10.00%)
       105,534,311      rc424                                                         (10.00%)
        26,820,211      r2424                                                         (10.00%)
     1,375,213,469      rc124                                                         (10.00%)
       112,614,277      r2124                                                         (10.00%)
     8,788,158,230      r3f24                                                         (10.00%)
     2,585,174,212      rd824                                                         (10.00%)
     7,832,015,950      r3824                                                         (10.01%)
    14,412,556,721      rff24                                                         (10.01%)
     1,557,003,163      rc224                                                         (10.01%)
       814,793,924      r2224                                                         (10.01%)
     8,377,887,789      r40f0                                                         (10.01%)
     8,181,388,760      r412e                                                         (10.01%)
     8,483,519,743      r4f2e                                                         (10.01%)
    46,599,949,981      r81d0                                                         (10.01%)
    29,735,083,876      r82d0                                                         (10.01%)
         9,574,773      r21d0                                                         (10.01%)
           193,207      r41d0                                                         (10.01%)
           563,178      r42d0                                                         (5.00%)
           264,896      r11d0                                                         (5.00%)
           172,007      r12d0                                                         (5.00%)
            40,198      r2d2                                                          (5.00%)
         1,548,617      r4d2                                                          (5.00%)
             2,659      r1d2                                                          (5.00%)
        10,241,168      r8d2                                                          (5.00%)
       472,933,386      r1d3                                                          (6.25%)
                 0      r2d3                                                          (7.50%)
                 0      r8d3                                                          (8.75%)
                 0      r4d3                                                          (10.01%)
                 0      r4d4                                                          (10.01%)
    23,703,532,515      r40d1                                                         (10.01%)
    20,773,534,271      r1d1                                                          (10.01%)
     2,147,754,375      r8d1                                                          (10.01%)
     1,543,993,673      r2d1                                                          (10.01%)
       604,577,081      r10d1                                                         (5.00%)
        10,673,126      r4d1                                                          (5.00%)
       590,390,321      r20d1                                                         (5.00%)
     4,902,012,255      r8b0                                                          (6.25%)
    17,629,250,332      r80b0                                                         (7.50%)
        28,658,148      r2b0                                                          (8.75%)
       837,108,131      r1b0                                                          (10.00%)
     2,305,007,364      r4b0                                                          (10.00%)
    82,026,140,200      r1b2                                                          (9.99%)
 1,114,822,132,387      r860                                                          (9.99%)
   141,537,054,201      r1000860                                                      (9.99%)
       564,343,904      r1000260                                                      (9.99%)
    69,329,864,435      r1000160                                                      (9.99%)
   119,545,393,014      r1000460                                                      (9.99%)
     2,064,443,175      r260                                                          (9.99%)
   126,427,755,581      r160                                                          (9.99%)
        91,198,186      r6000160                                                      (9.99%)
   562,842,800,249      r460                                                          (9.99%)
                 0      r1b7                                                          (9.99%)
                 0      r1b7                                                          (9.99%)
                 0      r1b7                                                          (9.99%)
                 0      r1b7                                                          (10.00%)
                 0      r1b7                                                          (10.00%)
                 0      r1b7                                                          (10.00%)
                 0      r1b7                                                          (10.00%)
                 0      r1b7                                                          (10.00%)
                 0      r1b7                                                          (10.00%)
                 0      r1b7                                                          (9.99%)
                 0      r1b7                                                          (9.99%)
                 0      r1b7                                                          (9.99%)
                 0      r1b7                                                          (10.00%)

      69.892211613 seconds time elapsed

