# started on Mon Feb  5 04:11:38 2024


 Performance counter stats for 'system wide':

     8,660,410,475      r151                                                          (10.00%)
    15,353,742,233      r248                                                          (10.00%)
   414,694,354,534      r148                                                          (10.00%)
   140,844,552,076      r1000148                                                      (10.00%)
   140,841,809,242      r1200148                                                      (10.00%)
     8,603,241,393      r1ff1                                                         (10.01%)
     8,260,487,110      r2f2                                                          (10.01%)
       101,166,179      r1f2                                                          (10.01%)
         6,911,210      r4f2                                                          (10.01%)
         6,924,494      r4f2                                                          (10.01%)
       134,414,798      re424                                                         (10.01%)
     1,857,797,958      re124                                                         (10.01%)
       940,639,908      r2724                                                         (10.01%)
     3,829,816,338      re724                                                         (10.01%)
    10,009,726,142      rf824                                                         (10.01%)
     1,841,426,314      re224                                                         (10.01%)
       108,504,141      rc424                                                         (10.01%)
        28,530,325      r2424                                                         (10.01%)
     1,738,610,711      rc124                                                         (10.01%)
       122,406,123      r2124                                                         (10.01%)
     8,606,568,606      r3f24                                                         (10.01%)
     2,351,734,662      rd824                                                         (10.01%)
     7,662,674,396      r3824                                                         (10.01%)
    13,851,023,438      rff24                                                         (10.01%)
     1,046,476,987      rc224                                                         (10.01%)
       789,044,376      r2224                                                         (10.00%)
     8,266,632,935      r40f0                                                         (10.00%)
     8,122,099,713      r412e                                                         (10.00%)
     8,377,074,139      r4f2e                                                         (10.00%)
    47,866,921,261      r81d0                                                         (10.00%)
    28,220,848,862      r82d0                                                         (10.00%)
         9,696,743      r21d0                                                         (10.00%)
           189,989      r41d0                                                         (10.00%)
           539,982      r42d0                                                         (5.00%)
           273,251      r11d0                                                         (5.00%)
           141,796      r12d0                                                         (5.00%)
            32,288      r2d2                                                          (5.00%)
         1,165,839      r4d2                                                          (5.00%)
             1,280      r1d2                                                          (5.00%)
        10,102,324      r8d2                                                          (5.00%)
       618,608,761      r1d3                                                          (6.25%)
                 0      r2d3                                                          (7.50%)
                 0      r8d3                                                          (8.75%)
                 0      r4d3                                                          (10.00%)
                 0      r4d4                                                          (10.00%)
    24,223,538,725      r40d1                                                         (10.00%)
    20,878,403,018      r1d1                                                          (10.00%)
     2,746,906,911      r8d1                                                          (10.00%)
     1,958,731,591      r2d1                                                          (10.00%)
       786,538,319      r10d1                                                         (5.00%)
        10,061,385      r4d1                                                          (5.00%)
       773,424,438      r20d1                                                         (5.00%)
     4,970,872,607      r8b0                                                          (6.25%)
    17,238,329,790      r80b0                                                         (7.50%)
        25,355,879      r2b0                                                          (8.75%)
     1,026,062,045      r1b0                                                          (10.00%)
     2,588,827,820      r4b0                                                          (10.00%)
    81,664,236,185      r1b2                                                          (10.00%)
 1,225,436,881,543      r860                                                          (10.00%)
   142,522,700,220      r1000860                                                      (10.00%)
       569,999,383      r1000260                                                      (10.00%)
    81,517,729,330      r1000160                                                      (10.00%)
   134,888,265,337      r1000460                                                      (10.00%)
     2,002,331,777      r260                                                          (10.00%)
   158,853,126,148      r160                                                          (10.00%)
       469,032,260      r6000160                                                      (10.00%)
   613,080,824,041      r460                                                          (10.00%)
                 0      r1b7                                                          (10.00%)
                 0      r1b7                                                          (10.00%)
                 0      r1b7                                                          (10.00%)
                 0      r1b7                                                          (10.00%)
                 0      r1b7                                                          (10.00%)
                 0      r1b7                                                          (10.00%)
                 0      r1b7                                                          (10.00%)
                 0      r1b7                                                          (10.00%)
                 0      r1b7                                                          (10.00%)
                 0      r1b7                                                          (10.00%)
                 0      r1b7                                                          (10.00%)
                 0      r1b7                                                          (10.00%)
                 0      r1b7                                                          (10.00%)

      69.867219887 seconds time elapsed

