# started on Tue Feb  6 07:44:54 2024


 Performance counter stats for 'system wide':

         1,823,722      r109                                                          (10.00%)
     4,735,594,400      r8b0                                                          (10.00%)
    17,077,765,596      r80b0                                                         (10.00%)
        26,240,028      r2b0                                                          (10.01%)
       893,615,333      r1b0                                                          (10.01%)
     1,813,916,218      r4b0                                                          (10.01%)
       128,054,940      r10b0                                                         (10.01%)
    76,184,372,574      r1b2                                                          (10.01%)
 1,170,883,903,463      r860                                                          (10.00%)
   140,499,898,179      r1000860                                                      (10.00%)
       600,797,736      r1000260                                                      (10.00%)
    71,203,340,782      r1000160                                                      (10.00%)
    97,090,123,691      r1000460                                                      (10.00%)
    20,410,626,060      r1001060                                                      (10.00%)
     2,066,357,695      r260                                                          (10.00%)
   134,652,433,505      r160                                                          (10.00%)
       110,068,744      r6000160                                                      (10.00%)
   414,894,902,739      r460                                                          (10.00%)
    32,373,710,979      r1060                                                         (10.00%)
        17,770,177      r6001060                                                      (10.00%)
                 0      r1b7                                                          (10.00%)
                 0      r1b7                                                          (10.00%)
                 0      r1b7                                                          (10.00%)
                 0      r1b7                                                          (10.00%)
                 0      r1b7                                                          (10.00%)
                 0      r1b7                                                          (10.00%)
                 0      r1b7                                                          (10.00%)
                 0      r1b7                                                          (10.00%)
                 0      r1b7                                                          (10.00%)
                 0      r1b7                                                          (10.00%)
                 0      r1b7                                                          (10.00%)
                 0      r1b7                                                          (10.00%)
                 0      r1b7                                                          (10.00%)
                 0      r1b7                                                          (10.00%)
                 0      r1b7                                                          (10.00%)
                 0      r1b7                                                          (10.00%)
                 0      r1b7                                                          (10.00%)
                 0      r1b7                                                          (10.00%)
                 0      r1b7                                                          (10.00%)
                 0      r1b7                                                          (10.00%)
                 0      r1b7                                                          (10.00%)
                 0      r1b7                                                          (10.00%)
                 0      r1b7                                                          (10.00%)
                 0      r1b7                                                          (10.00%)
                 0      r1b7                                                          (10.00%)
                 0      r1b7                                                          (10.00%)
                 0      r1b7                                                          (10.00%)
                 0      r1b7                                                          (10.00%)
                 0      r1b7                                                          (10.00%)
                 0      r1b7                                                          (10.00%)
                 0      r1b7                                                          (10.00%)
                 0      r1b7                                                          (10.00%)
                 0      r1b7                                                          (10.00%)
                 0      r1b7                                                          (10.00%)
                 0      r1b7                                                          (10.00%)
                 0      r1b7                                                          (10.00%)
                 0      r1b7                                                          (10.00%)
                 0      r1b7                                                          (10.00%)
                 0      r1b7                                                          (10.00%)
                 0      r1b7                                                          (10.00%)
                 0      r1b7                                                          (10.00%)
                 0      r1b7                                                          (10.00%)
                 0      r1b7                                                          (10.00%)
                 0      r1b7                                                          (10.00%)
                 0      r1b7                                                          (10.00%)
                 0      r1b7                                                          (10.00%)
                 0      r1b7                                                          (10.00%)
                 0      r1b7                                                          (10.00%)
                 0      r1b7                                                          (10.00%)
                 0      r1b7                                                          (10.00%)
                 0      r1b7                                                          (10.00%)
                 0      r1b7                                                          (10.00%)
                 0      r1b7                                                          (10.00%)
                 0      r1b7                                                          (10.00%)
                 0      r1b7                                                          (10.00%)
                 0      r1b7                                                          (10.00%)
                 0      r1b7                                                          (10.00%)
                 0      r1b7                                                          (10.00%)
                 0      r1b7                                                          (10.00%)
                 0      r1b7                                                          (10.00%)

      69.849887952 seconds time elapsed

