# started on Tue Feb  6 06:48:14 2024


 Performance counter stats for 'system wide':

           454,886      r185                                                          (6.94%)
         3,824,374      r2085                                                         (8.33%)
        19,373,985      r1001085                                                      (9.72%)
           188,325      re85                                                          (11.11%)
                 0      r885                                                          (11.11%)
             3,392      r485                                                          (11.12%)
           144,723      r285                                                          (11.12%)
        17,944,855      r1085                                                         (11.12%)
     8,884,430,617      r151                                                          (11.12%)
    13,181,948,880      r248                                                          (11.12%)
   223,124,329,177      r148                                                          (11.12%)
    95,813,220,098      r1000148                                                      (11.12%)
    95,813,774,065      r1200148                                                      (11.12%)
     8,855,720,641      r1ff1                                                         (11.12%)
     7,552,850,368      r2f2                                                          (11.12%)
       101,748,167      r1f2                                                          (11.12%)
         7,288,407      r4f2                                                          (11.12%)
         7,272,144      r4f2                                                          (11.12%)
       134,294,529      re424                                                         (11.12%)
     1,295,423,701      re124                                                         (11.12%)
     1,657,379,298      r2724                                                         (11.12%)
     5,339,314,101      re724                                                         (11.12%)
     9,298,250,043      rf824                                                         (11.12%)
     3,909,433,046      re224                                                         (11.12%)
        99,847,004      rc424                                                         (11.12%)
        36,326,038      r2424                                                         (11.12%)
     1,211,605,223      rc124                                                         (11.12%)
        82,559,163      r2124                                                         (11.12%)
     8,850,214,047      r3f24                                                         (11.12%)
     2,100,928,060      rd824                                                         (11.12%)
     7,188,804,565      r3824                                                         (11.12%)
    14,637,986,006      rff24                                                         (11.12%)
     2,380,325,523      rc224                                                         (11.12%)
     1,536,745,084      r2224                                                         (11.11%)
     7,540,913,776      r40f0                                                         (11.11%)
             2,223      r803                                                          (11.11%)
         2,819,602      r203                                                          (11.11%)
        93,541,552      r107                                                          (11.11%)
               261      r14c                                                          (11.11%)
     6,649,867,519      r412e                                                         (11.11%)
     7,647,042,132      r4f2e                                                         (11.11%)
                 0      r40001a8                                                      (11.11%)
                 0      r10001a8                                                      (11.11%)
                 0      r40001a8                                                      (11.11%)
                 0      r1a8                                                          (11.11%)
         3,020,418      r10401c3                                                      (11.11%)
           540,406      r2c3                                                          (11.11%)
         1,421,762      r4c3                                                          (11.11%)
    31,177,384,019      r81d0                                                         (11.11%)
    34,225,904,796      r82d0                                                         (11.11%)
    65,372,596,609      r83d0                                                         (11.11%)
        11,693,366      r21d0                                                         (11.11%)
           191,941      r41d0                                                         (5.55%)
           644,757      r42d0                                                         (5.55%)
           196,616      r11d0                                                         (5.55%)
           158,785      r12d0                                                         (5.55%)
            39,557      r2d2                                                          (5.55%)
         1,506,824      r4d2                                                          (5.55%)
             3,601      r1d2                                                          (5.55%)
        11,649,103      r8d2                                                          (5.55%)
       315,661,606      r1d3                                                          (6.94%)
                 0      r2d3                                                          (8.33%)
                 0      r8d3                                                          (9.72%)
                 0      r4d3                                                          (11.11%)
                 0      r4d4                                                          (11.11%)
    18,161,937,154      r40d1                                                         (11.11%)
    11,652,114,976      r1d1                                                          (11.11%)
     1,393,789,814      r8d1                                                          (11.11%)
       984,502,335      r2d1                                                          (11.11%)
       409,133,721      r10d1                                                         (5.55%)
        11,785,755      r4d1                                                          (5.55%)
       395,250,816      r20d1                                                         (5.55%)
   <not supported>      r1cd:p                                                      
   <not supported>      r1cd:p                                                      
   <not supported>      r1cd:p                                                      
   <not supported>      r1cd:p                                                      
   <not supported>      r1cd:p                                                      
   <not supported>      r1cd:p                                                      
   <not supported>      r1cd:p                                                      
   <not supported>      r1cd:p                                                      

      70.090291212 seconds time elapsed

