# started on Mon Feb  5 09:36:21 2024


 Performance counter stats for 'system wide':

        36,640,969      r1000114                                                      (10.53%)
         5,069,899      r1e6                                                          (10.53%)
    27,424,564,586      rc4                                                           (10.53%)
   <not supported>      r4c4:p                                                      
    27,094,692,703      r1c4                                                          (10.53%)
         1,216,484      r40c4                                                         (10.53%)
       151,264,228      r2c4                                                          (10.53%)
       152,293,814      r8c4                                                          (10.53%)
    27,198,290,957      r20c4                                                         (10.53%)
       278,262,492      r10c4                                                         (10.53%)
        14,386,448      rc5                                                           (10.53%)
   <not supported>      r4c5:p                                                      
         4,311,947      r1c5                                                          (10.53%)
            55,989      r2c5                                                          (10.53%)
        12,433,089      r20c5                                                         (10.53%)
     1,845,990,389      r23c                                                          (10.53%)
     1,844,906,073      r13c                                                          (10.53%)
     1,844,355,218      r20013c                                                       (10.53%)
     1,842,188,023      r23c                                                          (10.53%)
   154,895,225,589      r300                                                          (11.84%)
     1,840,858,879      r13c                                                          (11.84%)
     1,841,026,637      r20013c                                                       (11.84%)
           496,936      r104003c                                                      (11.84%)
   168,431,796,571      r3c                                                           (13.16%)
   168,426,879,965      r20003c                                                       (13.16%)
   168,395,029,587      r3c                                                           (13.16%)
   168,460,113,219      r20003c                                                       (13.16%)
   117,731,319,189      r80008a3                                                      (13.16%)
    70,700,048,085      r10001a3                                                      (13.16%)
   156,872,598,465      r100010a3                                                     (11.84%)
    79,812,860,913      rc000ca3                                                      (11.84%)
    52,735,879,603      r50005a3                                                      (11.84%)
    83,253,659,807      r140014a3                                                     (11.84%)
    90,710,528,124      r40004a3                                                      (11.84%)
    15,173,643,796      r2a6                                                          (11.84%)
    18,021,248,889      r4a6                                                          (10.53%)
    23,629,609,360      r8a6                                                          (10.53%)
    14,146,177,478      r10a6                                                         (10.53%)
     7,019,177,618      r40a6                                                         (10.53%)
       682,053,839      r1a6                                                          (10.53%)
           546,346      r187                                                          (10.53%)
   189,757,136,004      rc0                                                           (11.84%)
   189,798,058,444      rc0                                                           (11.84%)
   <not supported>      r1c0:p                                                      
   <not supported>      ra8001c0:p                                                  
       231,142,705      r800d                                                         (11.84%)
       171,675,512      r10d                                                          (11.84%)
       171,602,341      r20010d                                                       (11.84%)
               642      r803                                                          (11.84%)
         8,846,488      r203                                                          (11.84%)
       396,175,628      r107                                                          (11.84%)
             1,697      r14c                                                          (11.84%)
                 0      r40001a8                                                      (11.84%)
                 0      r10001a8                                                      (10.53%)
                 0      r1a8                                                          (10.53%)
         2,725,545      r10401c3                                                      (10.53%)
           682,978      r4c3                                                          (10.53%)
            39,586      r3fc1                                                         (10.53%)
   113,805,095,393      r1a2                                                          (10.53%)
     8,632,933,886      r8a2                                                          (10.53%)
                 0      r20cc                                                         (10.53%)
     6,143,044,988      r15e                                                          (10.53%)
       312,744,266      r184015e                                                      (10.53%)
    33,421,982,263      r1a1                                                          (10.53%)
    38,364,188,506      r2a1                                                          (10.53%)
    39,031,016,004      r4a1                                                          (10.53%)
    35,207,134,186      r8a1                                                          (10.53%)
    34,654,795,271      r10a1                                                         (10.53%)
    34,621,815,867      r20a1                                                         (10.53%)
    38,876,037,372      r40a1                                                         (10.53%)
       664,241,157      r80a1                                                         (10.53%)
   213,229,019,546      r2b1                                                          (10.53%)
    77,717,056,818      r10002b1                                                      (10.53%)
    62,511,336,475      r20002b1                                                      (10.53%)
    44,491,922,946      r30002b1                                                      (10.53%)
    20,845,482,038      r40002b1                                                      (10.53%)
    90,891,785,008      r18002b1                                                      (10.53%)
    77,732,519,467      r10001b1                                                      (10.53%)
    62,512,337,400      r20001b1                                                      (10.53%)
    44,466,911,103      r30001b1                                                      (10.53%)

      69.855669134 seconds time elapsed

