# started on Tue Feb  6 08:59:18 2024


 Performance counter stats for 'system wide':

                 0      r1b7                                                          (11.59%)
                 0      r1b7                                                          (11.59%)
                 0      r1b7                                                          (11.59%)
                 0      r1b7                                                          (11.59%)
                 0      r1b7                                                          (11.60%)
            48,455      r3fc1                                                         (11.60%)
     6,886,840,279      r159                                                          (11.60%)
   112,387,364,560      r1a2                                                          (11.60%)
     8,610,833,912      r8a2                                                          (11.60%)
                 0      r20cc                                                         (11.60%)
                 0      r40cc                                                         (11.60%)
     9,100,792,548      r15e                                                          (11.60%)
       480,205,244      r184015e                                                      (11.60%)
                 0      r4c9                                                          (11.60%)
                 0      r80c9                                                         (11.60%)
                 0      r8c9                                                          (11.60%)
                 0      r40c9                                                         (11.60%)
                 0      r10c9                                                         (11.60%)
                 0      r20c9                                                         (11.60%)
                 0      r2c9                                                          (11.60%)
                 0      r1c9                                                          (11.60%)
                 0      r10f4                                                         (11.60%)
                 0      r132                                                          (11.60%)
            30,570      r832                                                          (11.60%)
            63,802      r232                                                          (11.60%)
                 0      r432                                                          (11.60%)
           189,974      r1bd                                                          (11.60%)
            17,870      r20bd                                                         (11.60%)
                 0      r15d                                                          (11.60%)
                 0      r25d                                                          (11.60%)
                 0      r45d                                                          (11.60%)
                 0      r85d                                                          (11.60%)
                 0      r105d                                                         (11.60%)
                 0      r254                                                          (11.60%)
                 0      r154                                                          (11.60%)
                 0      r1054                                                         (11.60%)
                 0      r854                                                          (11.60%)
                 0      r2054                                                         (11.60%)
                 0      r454                                                          (11.60%)
                 0      r4054                                                         (11.60%)
    27,720,150,021      r1a1                                                          (11.60%)
    32,941,061,216      r2a1                                                          (11.60%)
    41,695,664,052      r4a1                                                          (11.60%)
    37,263,704,797      r8a1                                                          (11.59%)
    35,149,375,797      r10a1                                                         (11.59%)
    35,814,044,300      r20a1                                                         (11.59%)
    42,285,526,528      r40a1                                                         (11.59%)
     1,321,573,297      r80a1                                                         (11.59%)
   230,968,060,335      r2b1                                                          (11.59%)
    79,272,238,367      r10002b1                                                      (11.59%)
    64,124,291,959      r20002b1                                                      (11.59%)
    48,570,029,705      r30002b1                                                      (11.59%)
    25,825,321,468      r40002b1                                                      (11.59%)
   101,647,928,326      r18002b1                                                      (11.59%)
    79,378,513,578      r10001b1                                                      (11.59%)
    64,190,752,715      r20001b1                                                      (11.59%)
    48,609,062,296      r30001b1                                                      (11.59%)
    25,836,520,712      r40001b1                                                      (11.59%)
   101,664,814,627      r18001b1                                                      (11.59%)
   231,207,987,190      r1b1                                                          (11.59%)
         5,145,550      r10b1                                                         (11.59%)
   183,186,072,700      r10e                                                          (11.59%)
        51,281,688      r200e                                                         (11.59%)
   127,904,626,725      r180010e                                                      (11.59%)
                 0      r20e                                                          (11.59%)
    27,907,255,632      r4c2                                                          (11.59%)
   180,262,089,764      r2c2                                                          (11.59%)
   131,439,108,674      r18002c2                                                      (11.59%)
   180,902,633,461      r108002c2                                                     (11.59%)
   135,619,945,964      unc_c_clockticks_0                                            (36.31%)
   135,564,736,429      unc_c_clockticks_1                                            (36.30%)
   135,593,357,652      unc_c_clockticks_2                                            (36.37%)
   135,643,130,320      unc_c_clockticks_3                                            (36.35%)
   135,622,303,893      unc_c_clockticks_4                                            (36.27%)
   135,622,172,582      unc_c_clockticks_5                                            (36.37%)
   135,618,423,225      unc_c_clockticks_6                                            (36.35%)
   135,610,388,992      unc_c_clockticks_7                                            (36.33%)
            30,724      unc_c_fast_asserted_0                                         (36.25%)
            17,613      unc_c_fast_asserted_1                                         (36.25%)
            33,312      unc_c_fast_asserted_2                                         (36.37%)
            79,543      unc_c_fast_asserted_3                                         (36.37%)
            51,303      unc_c_fast_asserted_4                                         (36.31%)
            13,917      unc_c_fast_asserted_5                                         (36.33%)
         1,038,687      unc_c_fast_asserted_6                                         (36.33%)
           865,383      unc_c_fast_asserted_7                                         (36.33%)
                 0      unc_c_llc_lookup_data_read_0                                     (36.31%)
                 0      unc_c_llc_lookup_data_read_1                                     (36.29%)
                 0      unc_c_llc_lookup_data_read_2                                     (36.37%)
                 0      unc_c_llc_lookup_data_read_3                                     (36.35%)
                 0      unc_c_llc_lookup_data_read_4                                     (36.33%)
                 0      unc_c_llc_lookup_data_read_5                                     (36.29%)
                 0      unc_c_llc_lookup_data_read_6                                     (36.27%)
                 0      unc_c_llc_lookup_data_read_7                                     (36.26%)
                 0      unc_c_llc_lookup_remote_snoop_0                                     (36.31%)
                 0      unc_c_llc_lookup_remote_snoop_1                                     (36.28%)
                 0      unc_c_llc_lookup_remote_snoop_2                                     (36.37%)
                 0      unc_c_llc_lookup_remote_snoop_3                                     (36.33%)
                 0      unc_c_llc_lookup_remote_snoop_4                                     (36.24%)
                 0      unc_c_llc_lookup_remote_snoop_5                                     (36.33%)
                 0      unc_c_llc_lookup_remote_snoop_6                                     (36.29%)
                 0      unc_c_llc_lookup_remote_snoop_7                                     (36.25%)
        13,625,051      unc_c_llc_victims_e_state_0                                     (36.20%)
        13,780,933      unc_c_llc_victims_e_state_1                                     (36.18%)
        11,821,680      unc_c_llc_victims_e_state_2                                     (36.37%)
        13,554,013      unc_c_llc_victims_e_state_3                                     (36.34%)
        13,362,401      unc_c_llc_victims_e_state_4                                     (36.21%)
        13,495,383      unc_c_llc_victims_e_state_5                                     (36.36%)
        13,642,310      unc_c_llc_victims_e_state_6                                     (36.34%)
        13,505,800      unc_c_llc_victims_e_state_7                                     (36.32%)
                47      unc_c_llc_victims_f_state_0                                     (36.19%)
                33      unc_c_llc_victims_f_state_1                                     (36.19%)
               305      unc_c_llc_victims_f_state_2                                     (36.37%)
                14      unc_c_llc_victims_f_state_3                                     (36.36%)
                33      unc_c_llc_victims_f_state_4                                     (36.30%)
                22      unc_c_llc_victims_f_state_5                                     (36.44%)
                 5      unc_c_llc_victims_f_state_6                                     (36.43%)
                52      unc_c_llc_victims_f_state_7                                     (36.43%)
        56,332,331      unc_c_llc_victims_m_state_0                                     (36.29%)
        56,454,330      unc_c_llc_victims_m_state_1                                     (36.33%)
        55,056,717      unc_c_llc_victims_m_state_2                                     (36.37%)
        56,017,826      unc_c_llc_victims_m_state_3                                     (36.40%)
        56,023,543      unc_c_llc_victims_m_state_4                                     (36.43%)
        56,073,223      unc_c_llc_victims_m_state_5                                     (36.48%)
        56,156,710      unc_c_llc_victims_m_state_6                                     (36.51%)
        56,136,218      unc_c_llc_victims_m_state_7                                     (36.55%)
           219,243      unc_c_llc_victims_s_state_0                                     (36.46%)
           220,495      unc_c_llc_victims_s_state_1                                     (36.52%)
           204,610      unc_c_llc_victims_s_state_2                                     (36.36%)
           241,714      unc_c_llc_victims_s_state_3                                     (36.42%)
           219,795      unc_c_llc_victims_s_state_4                                     (36.59%)
           224,859      unc_c_llc_victims_s_state_5                                     (36.41%)
           234,665      unc_c_llc_victims_s_state_6                                     (36.46%)
           214,142      unc_c_llc_victims_s_state_7                                     (36.52%)
                 5      unc_c_tor_inserts_irq_0                                       (36.65%)
                 0      unc_c_tor_inserts_irq_1                                       (36.67%)
                 0      unc_c_tor_inserts_irq_2                                       (36.36%)
                 0      unc_c_tor_inserts_irq_3                                       (36.39%)
                 0      unc_c_tor_inserts_irq_4                                       (36.58%)
                 0      unc_c_tor_inserts_irq_5                                       (36.37%)
                 0      unc_c_tor_inserts_irq_6                                       (36.39%)
                 0      unc_c_tor_inserts_irq_7                                       (36.41%)
                 0      unc_c_tor_inserts_irq_hit_0                                     (36.61%)
                 0      unc_c_tor_inserts_irq_hit_1                                     (36.61%)
                 0      unc_c_tor_inserts_irq_hit_2                                     (36.36%)
                 0      unc_c_tor_inserts_irq_hit_3                                     (36.37%)
                 0      unc_c_tor_inserts_irq_hit_4                                     (36.44%)
                 0      unc_c_tor_inserts_irq_hit_5                                     (36.33%)
                 0      unc_c_tor_inserts_irq_hit_6                                     (36.33%)
                 0      unc_c_tor_inserts_irq_hit_7                                     (36.33%)
                 0      unc_c_tor_inserts_irq_miss_0                                     (36.44%)
                 0      unc_c_tor_inserts_irq_miss_1                                     (36.42%)
                 0      unc_c_tor_inserts_irq_miss_2                                     (36.37%)
                 0      unc_c_tor_inserts_irq_miss_3                                     (36.35%)
                 0      unc_c_tor_inserts_irq_miss_4                                     (36.33%)
                 0      unc_c_tor_inserts_irq_miss_5                                     (36.33%)
                 0      unc_c_tor_inserts_irq_miss_6                                     (36.31%)
                 0      unc_c_tor_inserts_irq_miss_7                                     (36.29%)

      69.871303654 seconds time elapsed

