# started on Mon Feb  5 06:36:52 2024


 Performance counter stats for 'system wide':

        41,726,440      r2ab                                                          (19.51%)
                 0      r1c6                                                          (19.51%)
                 0      r1c6                                                          (19.51%)
                 0      r1c6                                                          (19.51%)
                 0      r1c6                                                          (19.51%)
                 0      r1c6                                                          (9.76%)
                 0      r1c6                                                          (9.76%)
                 0      r1c6                                                          (9.76%)
                 0      r1c6                                                          (9.76%)
                 0      r1c6                                                          (9.76%)
                 0      r1c6                                                          (9.76%)
                 0      r1c6                                                          (9.76%)
                 0      r1c6                                                          (9.76%)
                 0      r1c6                                                          (9.76%)
                 0      r1c6                                                          (9.76%)
                 0      r1c6                                                          (9.76%)
                 0      r1c6                                                          (9.76%)
                 0      r1c6                                                          (9.76%)
       371,407,579      r480                                                          (12.20%)
    41,999,553,069      r183                                                          (14.64%)
       135,842,116      r283                                                          (17.08%)
        85,524,705      r483                                                          (19.52%)
    27,913,063,513      r4001879                                                      (19.52%)
    55,776,061,902      r1001879                                                      (19.52%)
       610,356,462      r4002479                                                      (19.52%)
     1,768,716,950      r1002479                                                      (19.52%)
    55,422,492,670      r1000879                                                      (19.52%)
   169,037,883,024      r879                                                          (19.51%)
     1,152,862,922      r1000479                                                      (19.51%)
     3,058,321,371      r479                                                          (19.51%)
     1,018,374,095      r1003079                                                      (19.51%)
       391,520,092      r1001079                                                      (19.51%)
     1,596,422,648      r2079                                                         (19.51%)
       310,142,249      r1043079                                                      (19.51%)
     2,890,096,036      r3079                                                         (19.51%)
    28,734,872,529      r19c                                                          (19.51%)
     1,000,099,828      r400019c                                                      (19.51%)
   156,989,712,930      r180019c                                                      (19.51%)
     4,995,499,482      r300019c                                                      (19.51%)
    10,516,152,943      r200019c                                                      (19.51%)
    12,144,315,606      r100019c                                                      (19.51%)

      69.849355221 seconds time elapsed

