# started on Mon Feb  5 03:58:39 2024


 Performance counter stats for 'system wide':

     8,871,223,960      r151                                                          (9.99%)
    15,271,993,228      r248                                                          (10.00%)
   385,028,991,400      r148                                                          (10.00%)
   134,406,987,562      r1000148                                                      (10.00%)
   134,410,628,296      r1200148                                                      (10.00%)
     8,862,286,497      r1ff1                                                         (10.00%)
     8,482,513,349      r2f2                                                          (10.00%)
       103,564,026      r1f2                                                          (10.00%)
         6,136,200      r4f2                                                          (10.00%)
         6,190,689      r4f2                                                          (10.00%)
       133,655,829      re424                                                         (10.00%)
     1,319,677,570      re124                                                         (10.00%)
       867,081,181      r2724                                                         (10.00%)
     4,156,889,008      re724                                                         (10.00%)
    10,847,201,957      rf824                                                         (10.00%)
     2,711,294,166      re224                                                         (10.00%)
       101,582,739      rc424                                                         (10.00%)
        25,635,594      r2424                                                         (10.00%)
     1,193,900,744      rc124                                                         (10.00%)
       128,546,667      r2124                                                         (10.00%)
     8,867,320,433      r3f24                                                         (10.00%)
     2,851,830,157      rd824                                                         (10.00%)
     7,999,174,922      r3824                                                         (10.00%)
    15,015,673,204      rff24                                                         (10.00%)
     1,993,896,189      rc224                                                         (10.00%)
       708,918,318      r2224                                                         (10.00%)
     8,492,213,062      r40f0                                                         (10.00%)
     8,306,735,626      r412e                                                         (10.00%)
     8,598,553,448      r4f2e                                                         (10.00%)
    49,596,193,517      r81d0                                                         (10.00%)
    28,919,920,959      r82d0                                                         (10.00%)
        10,030,560      r21d0                                                         (10.00%)
           200,975      r41d0                                                         (10.00%)
           488,474      r42d0                                                         (5.00%)
           240,487      r11d0                                                         (5.00%)
           159,998      r12d0                                                         (5.00%)
            44,083      r2d2                                                          (5.00%)
         1,443,484      r4d2                                                          (5.00%)
             3,759      r1d2                                                          (5.00%)
        10,411,339      r8d2                                                          (5.00%)
       326,071,688      r1d3                                                          (6.25%)
                 0      r2d3                                                          (7.50%)
                 0      r8d3                                                          (8.75%)
                 0      r4d3                                                          (10.00%)
                 0      r4d4                                                          (10.00%)
    21,849,822,893      r40d1                                                         (10.00%)
    26,329,279,856      r1d1                                                          (10.00%)
     1,710,981,568      r8d1                                                          (10.00%)
     1,292,210,044      r2d1                                                          (10.00%)
       418,147,268      r10d1                                                         (5.00%)
        10,824,241      r4d1                                                          (5.00%)
       405,978,434      r20d1                                                         (5.00%)
     5,103,872,877      r8b0                                                          (6.25%)
    17,759,074,446      r80b0                                                         (7.50%)
        27,273,172      r2b0                                                          (8.75%)
       528,500,602      r1b0                                                          (10.00%)
     1,747,154,241      r4b0                                                          (10.00%)
    81,237,315,573      r1b2                                                          (10.00%)
 1,291,265,530,679      r860                                                          (10.00%)
   144,935,496,126      r1000860                                                      (10.00%)
       614,676,062      r1000260                                                      (10.00%)
    56,651,569,583      r1000160                                                      (10.00%)
    86,734,020,237      r1000460                                                      (10.00%)
     2,354,851,008      r260                                                          (10.00%)
   100,056,125,119      r160                                                          (10.00%)
        40,165,414      r6000160                                                      (10.00%)
   428,844,289,136      r460                                                          (10.00%)
                 0      r1b7                                                          (9.99%)
                 0      r1b7                                                          (9.99%)
                 0      r1b7                                                          (9.99%)
                 0      r1b7                                                          (9.99%)
                 0      r1b7                                                          (9.99%)
                 0      r1b7                                                          (9.99%)
                 0      r1b7                                                          (9.99%)
                 0      r1b7                                                          (9.99%)
                 0      r1b7                                                          (9.99%)
                 0      r1b7                                                          (9.99%)
                 0      r1b7                                                          (9.99%)
                 0      r1b7                                                          (9.99%)
                 0      r1b7                                                          (9.99%)

      69.822421124 seconds time elapsed

