# started on Tue Feb  6 05:47:59 2024


 Performance counter stats for 'system wide':

                 0      r8c7                                                          (11.68%)
                 0      r10c7                                                         (11.68%)
                 0      r20c7                                                         (10.39%)
                 0      r18c7                                                         (10.39%)
                 0      r40c7                                                         (10.39%)
                 0      r80c7                                                         (10.39%)
                 0      r18c7                                                         (10.39%)
    23,880,071,657      r3c7                                                          (10.39%)
    23,876,663,189      r1c7                                                          (10.39%)
                 0      r2c7                                                          (10.39%)
                 0      rfcc7                                                         (10.39%)
                 0      r1001eca                                                      (10.39%)
                 0      r1c6                                                          (10.39%)
                 0      r1c6                                                          (10.39%)
                 0      r1c6                                                          (10.39%)
                 0      r1c6                                                          (10.39%)
                 0      r1c6                                                          (5.20%)
   <not supported>      r1c6:p                                                      
                 0      r1c6                                                          (5.20%)
                 0      r1c6                                                          (5.20%)
                 0      r1c6                                                          (5.20%)
                 0      r1c6                                                          (5.20%)
                 0      r1c6                                                          (5.20%)
                 0      r1c6                                                          (5.20%)
                 0      r1c6                                                          (5.20%)
                 0      r1c6                                                          (5.20%)
                 0      r1c6                                                          (5.20%)
                 0      r1c6                                                          (5.20%)
                 0      r1c6                                                          (5.20%)
                 0      r1c6                                                          (5.20%)
                 0      r1c6                                                          (5.20%)
                 0      r4c8                                                          (6.50%)
                 0      r80c8                                                         (7.79%)
                 0      r8c8                                                          (9.09%)
                 0      r40c8                                                         (10.39%)
                 0      r10c8                                                         (10.39%)
                 0      r20c8                                                         (10.39%)
                 0      r2c8                                                          (10.39%)
                 0      r1c8                                                          (10.39%)
           565,023      r1cb                                                          (10.39%)
       421,973,711      r480                                                          (10.39%)
    42,113,619,008      r183                                                          (10.39%)
       129,534,045      r283                                                          (10.39%)
        82,618,719      r483                                                          (10.39%)
        82,918,997      r483                                                          (10.39%)
     7,453,798,151      r4fe                                                          (10.39%)
       488,699,211      r2fe                                                          (10.39%)
    27,787,943,621      r4001879                                                      (10.39%)
    55,525,369,983      r1001879                                                      (10.39%)
       587,608,123      r4002479                                                      (10.39%)
     1,707,941,974      r1002479                                                      (10.39%)
    54,759,679,702      r1000879                                                      (10.39%)
    55,526,811,160      r1001879                                                      (10.39%)
    27,805,578,493      r4001879                                                      (10.39%)
   163,204,791,727      r879                                                          (10.39%)
     1,109,557,416      r1000479                                                      (10.39%)
     3,004,568,710      r479                                                          (10.39%)
     1,388,664,489      r1003079                                                      (10.39%)
       752,343,091      r1001079                                                      (10.39%)
     1,621,701,406      r2079                                                         (10.39%)
       443,876,096      r1043079                                                      (10.39%)
     4,124,622,377      r3079                                                         (10.39%)
    31,354,577,233      r19c                                                          (10.39%)
     1,104,081,193      r400019c                                                      (10.39%)
   155,900,584,984      r180019c                                                      (10.39%)
     5,330,584,871      r300019c                                                      (10.39%)
    11,723,320,766      r200019c                                                      (10.39%)
    13,111,237,926      r100019c                                                      (10.39%)
           816,750      r187                                                          (10.38%)
     2,840,654,066      r155                                                          (10.38%)
   193,244,817,800      rc0                                                           (11.68%)
   193,288,887,038      rc0                                                           (11.68%)
       215,336,798      r2c0                                                          (11.68%)
   <not supported>      r1c0:p                                                      
   <not supported>      ra8001c0:p                                                  
       266,955,186      r800d                                                         (11.68%)
        32,286,812      r104010d                                                      (11.68%)
       186,542,294      r10d                                                          (11.68%)
       187,364,407      r20010d                                                       (11.68%)
           514,050      r1ae                                                          (11.68%)

      69.978859191 seconds time elapsed

