# started on Mon Feb  5 08:47:56 2024


 Performance counter stats for 'system wide':

   169,109,795,754      r728                                                          (44.44%)
                 0      r1828                                                         (44.45%)
                 0      r2028                                                         (44.45%)
           252,292      r4028                                                         (44.45%)
           972,150      r20ef                                                         (44.45%)
         5,624,644      r10ef                                                         (44.45%)
        10,420,658      r2ef                                                          (44.45%)
        84,421,572      r1ef                                                          (44.45%)
         2,252,214      r40ef                                                         (44.45%)
         2,069,301      r8ef                                                          (44.44%)
            67,873      r4ef                                                          (44.44%)
           565,185      r1cb                                                          (44.44%)
     7,857,389,797      r4fe                                                          (44.44%)
       260,708,835      r2fe                                                          (44.44%)
                 0      r132                                                          (44.44%)
            50,498      r832                                                          (44.44%)
             7,641      r232                                                          (44.44%)
                 0      r432                                                          (44.44%)

      69.879746505 seconds time elapsed

