# started on Tue Feb  6 05:42:05 2024


 Performance counter stats for 'system wide':

                 0      r8c7                                                          (11.69%)
                 0      r10c7                                                         (11.69%)
                 0      r20c7                                                         (10.39%)
                 0      r18c7                                                         (10.39%)
                 0      r40c7                                                         (10.39%)
                 0      r80c7                                                         (10.39%)
                 0      r18c7                                                         (10.39%)
    29,511,848,633      r3c7                                                          (10.39%)
    29,505,133,227      r1c7                                                          (10.39%)
                 0      r2c7                                                          (10.39%)
                 0      rfcc7                                                         (10.39%)
                 0      r1001eca                                                      (10.39%)
                 0      r1c6                                                          (10.39%)
                 0      r1c6                                                          (10.39%)
                 0      r1c6                                                          (10.39%)
                 0      r1c6                                                          (10.39%)
                 0      r1c6                                                          (5.20%)
   <not supported>      r1c6:p                                                      
                 0      r1c6                                                          (5.20%)
                 0      r1c6                                                          (5.20%)
                 0      r1c6                                                          (5.20%)
                 0      r1c6                                                          (5.20%)
                 0      r1c6                                                          (5.20%)
                 0      r1c6                                                          (5.20%)
                 0      r1c6                                                          (5.20%)
                 0      r1c6                                                          (5.20%)
                 0      r1c6                                                          (5.20%)
                 0      r1c6                                                          (5.20%)
                 0      r1c6                                                          (5.20%)
                 0      r1c6                                                          (5.20%)
                 0      r1c6                                                          (5.20%)
                 0      r4c8                                                          (6.49%)
                 0      r80c8                                                         (7.79%)
                 0      r8c8                                                          (9.09%)
                 0      r40c8                                                         (10.39%)
                 0      r10c8                                                         (10.39%)
                 0      r20c8                                                         (10.39%)
                 0      r2c8                                                          (10.39%)
                 0      r1c8                                                          (10.39%)
           566,879      r1cb                                                          (10.39%)
       377,882,405      r480                                                          (10.39%)
    41,792,465,422      r183                                                          (10.39%)
       130,076,884      r283                                                          (10.39%)
        77,058,259      r483                                                          (10.39%)
        76,013,657      r483                                                          (10.39%)
     8,045,054,564      r4fe                                                          (10.39%)
       236,778,025      r2fe                                                          (10.39%)
    27,882,523,859      r4001879                                                      (10.39%)
    55,769,391,848      r1001879                                                      (10.39%)
       566,896,593      r4002479                                                      (10.39%)
     1,645,105,196      r1002479                                                      (10.39%)
    55,494,163,514      r1000879                                                      (10.39%)
    55,815,750,543      r1001879                                                      (10.39%)
    27,917,884,698      r4001879                                                      (10.39%)
   170,749,681,590      r879                                                          (10.39%)
     1,060,359,722      r1000479                                                      (10.39%)
     2,856,701,506      r479                                                          (10.39%)
       918,873,701      r1003079                                                      (10.39%)
       300,412,258      r1001079                                                      (10.39%)
     1,566,416,577      r2079                                                         (10.39%)
       272,738,922      r1043079                                                      (10.39%)
     2,543,520,377      r3079                                                         (10.39%)
    28,256,953,543      r19c                                                          (10.39%)
       983,688,795      r400019c                                                      (10.39%)
   156,471,690,825      r180019c                                                      (10.39%)
     4,989,100,614      r300019c                                                      (10.39%)
    10,329,042,159      r200019c                                                      (10.39%)
    11,999,851,123      r100019c                                                      (10.39%)
           872,618      r187                                                          (10.39%)
     2,781,474,559      r155                                                          (10.39%)
   200,764,868,395      rc0                                                           (11.69%)
   200,816,544,217      rc0                                                           (11.69%)
       206,951,452      r2c0                                                          (11.69%)
   <not supported>      r1c0:p                                                      
   <not supported>      ra8001c0:p                                                  
       253,201,511      r800d                                                         (11.69%)
        32,951,938      r104010d                                                      (11.69%)
       189,187,470      r10d                                                          (11.69%)
       189,418,519      r20010d                                                       (11.69%)
           520,014      r1ae                                                          (11.69%)

      69.839604719 seconds time elapsed

