# started on Mon Feb  5 02:23:01 2024


 Performance counter stats for 'system wide':

    29,159,952,367        branch-instructions       #   52.183 M/sec                    (18.87%)
        19,271,920        branch-misses             #    0.07% of all branches          (16.98%)
     1,867,550,874        bus-cycles                #    3.342 M/sec                    (16.98%)
     8,059,160,191        cache-misses              #   96.158 % of all cache refs      (16.98%)
     8,374,379,579        cache-references          #   14.986 M/sec                    (16.98%)
   168,989,689,189        cpu-cycles                #    0.302 GHz                      (16.98%)
   197,010,500,361        instructions              #    1.17  insn per cycle           (18.87%)
   156,650,322,491        ref-cycles                #  280.332 M/sec                    (20.76%)
                 0        alignment-faults          #    0.000 K/sec                  
                 0        bpf-output                #    0.000 K/sec                  
            21,181        context-switches          #    0.038 K/sec                  
        558,807.50 msec   cpu-clock                 #    7.999 CPUs utilized          
               218        cpu-migrations            #    0.000 K/sec                  
                 0        dummy                     #    0.000 K/sec                  
                 0        emulation-faults          #    0.000 K/sec                  
                 9        major-faults              #    0.000 K/sec                  
            19,096        minor-faults              #    0.034 K/sec                  
            19,073        page-faults               #    0.034 K/sec                  
        558,797.93 msec   task-clock                #    7.999 CPUs utilized          
     8,751,543,201        L1-dcache-load-misses     #   18.26% of all L1-dcache hits    (20.75%)
    47,931,720,691        L1-dcache-loads           #   85.776 M/sec                    (20.75%)
    28,960,202,330        L1-dcache-stores          #   51.825 M/sec                    (20.75%)
       162,326,980        L1-icache-load-misses                                         (20.76%)
       657,590,136        LLC-load-misses           #   97.14% of all LL-cache hits     (20.76%)
       676,943,870        LLC-loads                 #    1.211 M/sec                    (20.76%)
     2,363,840,486        LLC-store-misses          #    4.230 M/sec                    (3.77%)
     2,364,359,500        LLC-stores                #    4.231 M/sec                    (3.77%)
        17,945,289        branch-load-misses        #    0.032 M/sec                    (5.66%)
    29,151,614,285        branch-loads              #   52.168 M/sec                    (7.55%)
           229,103        dTLB-load-misses          #    0.00% of all dTLB cache hits   (9.43%)
    47,993,200,276        dTLB-loads                #   85.886 M/sec                    (11.32%)
           344,244        dTLB-store-misses         #    0.616 K/sec                    (13.21%)
    29,013,586,164        dTLB-stores               #   51.921 M/sec                    (15.10%)
           171,187        iTLB-load-misses          #    4.44% of all iTLB cache hits   (15.10%)
         3,852,340        iTLB-loads                #    0.007 M/sec                    (15.10%)
                 0        node-load-misses          #    0.000 K/sec                    (15.10%)
       660,419,014        node-loads                #    1.182 M/sec                    (15.10%)
                 0        node-store-misses         #    0.000 K/sec                    (3.77%)
     2,354,465,824        node-stores               #    4.213 M/sec                    (3.77%)
    29,156,689,493        branch-instructions       #   52.177 M/sec                    (5.66%)
        17,620,744        branch-misses             #    0.06% of all branches          (7.55%)
     1,862,772,339        bus-cycles                #    3.334 M/sec                    (9.43%)
     8,072,649,866        cache-misses              #   96.319 % of all cache refs      (11.32%)
     8,387,932,104        cache-references          #   15.011 M/sec                    (13.21%)
   169,091,645,851        cpu-cycles                #    0.303 GHz                      (15.10%)
                 0        cstate_core/c3-residency/ #    0.000 K/sec                  
                 0        cstate_core/c6-residency/ #    0.000 K/sec                  
                 0        cstate_core/c7-residency/ #    0.000 K/sec                  
                 0        cstate_pkg/c2-residency/  #    0.000 K/sec                  
                 0        cstate_pkg/c3-residency/  #    0.000 K/sec                  
                 0        cstate_pkg/c6-residency/  #    0.000 K/sec                  
                 0        cstate_pkg/c7-residency/  #    0.000 K/sec                  
                 0        cycles-ct                 #    0.000 K/sec                    (16.98%)
                 0        cycles-t                  #    0.000 K/sec                    (16.98%)
                 0        el-abort                  #    0.000 K/sec                    (16.98%)
                 0        el-capacity               #    0.000 K/sec                    (16.98%)
                 0        el-commit                 #    0.000 K/sec                    (16.98%)
                 0        el-conflict               #    0.000 K/sec                    (16.98%)
                 0        el-start                  #    0.000 K/sec                    (16.98%)
   197,215,427,855        instructions              #    1.17  insn per cycle           (18.87%)
     <not counted>        intel_pt//                                                    (0.00%)
                 0        mem-loads                 #    0.000 K/sec                    (18.87%)
    28,991,552,755        mem-stores                #   51.882 M/sec                    (16.98%)
   182,081,811,628        msr/aperf/                #  325.843 M/sec                  
               265 C      msr/cpu_thermal_margin/   #    0.000 K/sec                  
   185,816,561,239        msr/mperf/                #  332.526 M/sec                  
   182,077,658,240        msr/pperf/                #  325.835 M/sec                  
                 0        msr/smi/                  #    0.000 K/sec                  
 1,170,513,515,310        msr/tsc/                  # 2094.681 M/sec                  
          2,378.03 Joules power/energy-pkg/         #    0.004 K/sec                  
            590.37 Joules power/energy-ram/         #    0.001 K/sec                  
   156,845,188,901        ref-cycles                #  280.681 M/sec                    (18.87%)
    30,309,831,800        topdown-fetch-bubbles     #      4.5% frontend bound          (18.87%)
       831,002,952        topdown-recovery-bubbles  #      0.2% bad speculation         (18.87%)
   173,903,787,000        topdown-slots-issued      #     69.7% backend bound           (18.87%)
   173,259,484,922        topdown-slots-retired     #     25.6% retiring                (18.87%)
   677,366,468,036        topdown-total-slots       # 1212.175 M/sec                    (20.76%)
                 0        tx-abort                  #    0.000 K/sec                    (20.76%)
                 0        tx-capacity               #    0.000 K/sec                    (20.76%)
                 0        tx-commit                 #    0.000 K/sec                    (18.87%)

      69.859882675 seconds time elapsed

