# started on Mon Feb  5 06:40:25 2024


 Performance counter stats for 'system wide':

        44,809,689      r2ab                                                          (19.51%)
                 0      r1c6                                                          (19.51%)
                 0      r1c6                                                          (19.51%)
                 0      r1c6                                                          (19.52%)
                 0      r1c6                                                          (19.52%)
                 0      r1c6                                                          (9.76%)
                 0      r1c6                                                          (9.76%)
                 0      r1c6                                                          (9.76%)
                 0      r1c6                                                          (9.76%)
                 0      r1c6                                                          (9.76%)
                 0      r1c6                                                          (9.76%)
                 0      r1c6                                                          (9.76%)
                 0      r1c6                                                          (9.76%)
                 0      r1c6                                                          (9.76%)
                 0      r1c6                                                          (9.76%)
                 0      r1c6                                                          (9.76%)
                 0      r1c6                                                          (9.76%)
                 0      r1c6                                                          (9.76%)
       385,319,099      r480                                                          (12.19%)
    41,233,078,623      r183                                                          (14.63%)
       136,061,700      r283                                                          (17.07%)
        86,308,577      r483                                                          (19.51%)
    27,151,536,733      r4001879                                                      (19.51%)
    54,272,022,265      r1001879                                                      (19.51%)
       605,559,594      r4002479                                                      (19.51%)
     1,744,529,443      r1002479                                                      (19.51%)
    53,890,455,188      r1000879                                                      (19.51%)
   161,118,799,434      r879                                                          (19.51%)
     1,116,444,183      r1000479                                                      (19.51%)
     2,972,906,272      r479                                                          (19.51%)
     1,011,667,468      r1003079                                                      (19.51%)
       389,873,863      r1001079                                                      (19.51%)
     1,569,705,329      r2079                                                         (19.51%)
       305,699,885      r1043079                                                      (19.51%)
     2,847,622,845      r3079                                                         (19.51%)
    29,103,939,922      r19c                                                          (19.51%)
       997,356,221      r400019c                                                      (19.51%)
   156,941,957,886      r180019c                                                      (19.51%)
     5,181,981,912      r300019c                                                      (19.51%)
    10,852,141,923      r200019c                                                      (19.51%)
    12,166,057,635      r100019c                                                      (19.51%)

      69.915642536 seconds time elapsed

