# started on Tue Feb  6 05:45:37 2024


 Performance counter stats for 'system wide':

                 0      r8c7                                                          (11.68%)
                 0      r10c7                                                         (11.68%)
                 0      r20c7                                                         (10.39%)
                 0      r18c7                                                         (10.39%)
                 0      r40c7                                                         (10.39%)
                 0      r80c7                                                         (10.39%)
                 0      r18c7                                                         (10.39%)
    22,871,945,515      r3c7                                                          (10.39%)
    22,868,439,994      r1c7                                                          (10.39%)
                 0      r2c7                                                          (10.39%)
                 0      rfcc7                                                         (10.39%)
                 0      r1001eca                                                      (10.39%)
                 0      r1c6                                                          (10.39%)
                 0      r1c6                                                          (10.39%)
                 0      r1c6                                                          (10.39%)
                 0      r1c6                                                          (10.39%)
                 0      r1c6                                                          (5.20%)
   <not supported>      r1c6:p                                                      
                 0      r1c6                                                          (5.20%)
                 0      r1c6                                                          (5.20%)
                 0      r1c6                                                          (5.20%)
                 0      r1c6                                                          (5.20%)
                 0      r1c6                                                          (5.20%)
                 0      r1c6                                                          (5.20%)
                 0      r1c6                                                          (5.20%)
                 0      r1c6                                                          (5.20%)
                 0      r1c6                                                          (5.20%)
                 0      r1c6                                                          (5.20%)
                 0      r1c6                                                          (5.20%)
                 0      r1c6                                                          (5.20%)
                 0      r1c6                                                          (5.20%)
                 0      r4c8                                                          (6.50%)
                 0      r80c8                                                         (7.79%)
                 0      r8c8                                                          (9.09%)
                 0      r40c8                                                         (10.39%)
                 0      r10c8                                                         (10.39%)
                 0      r20c8                                                         (10.39%)
                 0      r2c8                                                          (10.39%)
                 0      r1c8                                                          (10.39%)
           566,073      r1cb                                                          (10.39%)
       441,235,497      r480                                                          (10.39%)
    40,102,961,940      r183                                                          (10.39%)
       137,941,787      r283                                                          (10.39%)
        90,109,408      r483                                                          (10.39%)
        88,943,344      r483                                                          (10.39%)
     7,183,531,662      r4fe                                                          (10.39%)
       489,970,363      r2fe                                                          (10.39%)
    26,748,221,179      r4001879                                                      (10.39%)
    53,482,013,534      r1001879                                                      (10.39%)
       590,105,459      r4002479                                                      (10.39%)
     1,708,863,816      r1002479                                                      (10.39%)
    52,772,868,478      r1000879                                                      (10.39%)
    53,521,135,853      r1001879                                                      (10.39%)
    26,775,686,237      r4001879                                                      (10.39%)
   157,018,804,486      r879                                                          (10.39%)
     1,103,255,316      r1000479                                                      (10.39%)
     2,958,118,114      r479                                                          (10.39%)
     1,377,137,824      r1003079                                                      (10.39%)
       748,674,265      r1001079                                                      (10.39%)
     1,609,658,710      r2079                                                         (10.39%)
       440,745,724      r1043079                                                      (10.39%)
     4,079,756,850      r3079                                                         (10.39%)
    29,925,749,571      r19c                                                          (10.39%)
     1,097,946,810      r400019c                                                      (10.39%)
   156,415,229,013      r180019c                                                      (10.39%)
     5,304,463,832      r300019c                                                      (10.39%)
    11,238,426,220      r200019c                                                      (10.39%)
    12,443,704,128      r100019c                                                      (10.39%)
           800,724      r187                                                          (10.39%)
     2,921,705,357      r155                                                          (10.39%)
   186,291,980,009      rc0                                                           (11.68%)
   186,372,904,140      rc0                                                           (11.68%)
       201,002,874      r2c0                                                          (11.68%)
   <not supported>      r1c0:p                                                      
   <not supported>      ra8001c0:p                                                  
       267,005,922      r800d                                                         (11.68%)
        31,854,092      r104010d                                                      (11.68%)
       181,750,415      r10d                                                          (11.68%)
       180,035,725      r20010d                                                       (11.68%)
           501,097      r1ae                                                          (11.68%)

      69.904334428 seconds time elapsed

