# started on Tue Feb  6 08:38:02 2024


 Performance counter stats for 'system wide':

                 0      r1b7                                                          (11.59%)
                 0      r1b7                                                          (11.59%)
                 0      r1b7                                                          (11.60%)
                 0      r1b7                                                          (11.60%)
                 0      r1b7                                                          (11.60%)
            50,430      r3fc1                                                         (11.60%)
     6,966,293,664      r159                                                          (11.60%)
   112,229,776,468      r1a2                                                          (11.60%)
    15,550,231,188      r8a2                                                          (11.60%)
                 0      r20cc                                                         (11.60%)
                 0      r40cc                                                         (11.60%)
    13,604,035,628      r15e                                                          (11.60%)
       686,676,431      r184015e                                                      (11.60%)
                 0      r4c9                                                          (11.60%)
                 0      r80c9                                                         (11.60%)
                 0      r8c9                                                          (11.60%)
                 0      r40c9                                                         (11.60%)
                 0      r10c9                                                         (11.60%)
                 0      r20c9                                                         (11.60%)
                 0      r2c9                                                          (11.60%)
                 0      r1c9                                                          (11.60%)
                 0      r10f4                                                         (11.60%)
                 0      r132                                                          (11.60%)
            47,098      r832                                                          (11.60%)
           479,346      r232                                                          (11.60%)
                 0      r432                                                          (11.60%)
           214,566      r1bd                                                          (11.60%)
            27,246      r20bd                                                         (11.60%)
                 9      r15d                                                          (11.60%)
                 0      r25d                                                          (11.60%)
                 0      r45d                                                          (11.60%)
                 0      r85d                                                          (11.60%)
                 9      r105d                                                         (11.60%)
                 0      r254                                                          (11.59%)
                 0      r154                                                          (11.59%)
                 0      r1054                                                         (11.59%)
                 0      r854                                                          (11.59%)
                 0      r2054                                                         (11.59%)
                 0      r454                                                          (11.59%)
                 0      r4054                                                         (11.59%)
    25,352,749,425      r1a1                                                          (11.59%)
    31,056,485,798      r2a1                                                          (11.59%)
    41,167,107,308      r4a1                                                          (11.59%)
    36,314,638,025      r8a1                                                          (11.59%)
    38,289,383,401      r10a1                                                         (11.59%)
    35,731,046,460      r20a1                                                         (11.59%)
    41,200,112,926      r40a1                                                         (11.59%)
     1,662,834,648      r80a1                                                         (11.59%)
   227,942,189,840      r2b1                                                          (11.59%)
    79,137,266,862      r10002b1                                                      (11.59%)
    63,744,425,926      r20002b1                                                      (11.59%)
    47,579,872,816      r30002b1                                                      (11.59%)
    25,145,422,583      r40002b1                                                      (11.59%)
   101,813,749,928      r18002b1                                                      (11.59%)
    79,176,507,428      r10001b1                                                      (11.59%)
    63,772,478,425      r20001b1                                                      (11.59%)
    47,581,282,809      r30001b1                                                      (11.59%)
    25,129,201,976      r40001b1                                                      (11.59%)
   101,784,427,282      r18001b1                                                      (11.59%)
   227,920,504,376      r1b1                                                          (11.59%)
         5,059,861      r10b1                                                         (11.59%)
   179,556,242,953      r10e                                                          (11.59%)
        50,313,317      r200e                                                         (11.59%)
   128,139,327,945      r180010e                                                      (11.59%)
                 0      r20e                                                          (11.59%)
    28,117,417,238      r4c2                                                          (11.59%)
   176,719,465,331      r2c2                                                          (11.59%)
   131,379,067,412      r18002c2                                                      (11.59%)
   180,631,773,382      r108002c2                                                     (11.59%)
   135,682,792,005      unc_c_clockticks_0                                            (36.37%)
   135,702,116,396      unc_c_clockticks_1                                            (36.35%)
   135,753,671,688      unc_c_clockticks_2                                            (36.33%)
   135,759,886,076      unc_c_clockticks_3                                            (36.31%)
   135,761,920,359      unc_c_clockticks_4                                            (36.29%)
   135,776,020,164      unc_c_clockticks_5                                            (36.27%)
   135,735,614,018      unc_c_clockticks_6                                            (36.38%)
   135,721,827,527      unc_c_clockticks_7                                            (36.36%)
            37,070      unc_c_fast_asserted_0                                         (36.37%)
           143,288      unc_c_fast_asserted_1                                         (36.37%)
            34,615      unc_c_fast_asserted_2                                         (36.37%)
            93,296      unc_c_fast_asserted_3                                         (36.37%)
            83,091      unc_c_fast_asserted_4                                         (36.37%)
            81,857      unc_c_fast_asserted_5                                         (36.37%)
         1,468,917      unc_c_fast_asserted_6                                         (36.26%)
         2,004,615      unc_c_fast_asserted_7                                         (36.26%)
                 0      unc_c_llc_lookup_data_read_0                                     (36.37%)
                 0      unc_c_llc_lookup_data_read_1                                     (36.35%)
                 0      unc_c_llc_lookup_data_read_2                                     (36.33%)
                 0      unc_c_llc_lookup_data_read_3                                     (36.31%)
                 0      unc_c_llc_lookup_data_read_4                                     (36.29%)
                 0      unc_c_llc_lookup_data_read_5                                     (36.28%)
                 6      unc_c_llc_lookup_data_read_6                                     (36.14%)
                 0      unc_c_llc_lookup_data_read_7                                     (36.12%)
                 0      unc_c_llc_lookup_remote_snoop_0                                     (36.37%)
                 0      unc_c_llc_lookup_remote_snoop_1                                     (36.33%)
                 0      unc_c_llc_lookup_remote_snoop_2                                     (36.29%)
                 0      unc_c_llc_lookup_remote_snoop_3                                     (36.25%)
                 0      unc_c_llc_lookup_remote_snoop_4                                     (36.21%)
                 0      unc_c_llc_lookup_remote_snoop_5                                     (36.18%)
                 0      unc_c_llc_lookup_remote_snoop_6                                     (36.24%)
                 0      unc_c_llc_lookup_remote_snoop_7                                     (36.20%)
        10,623,931      unc_c_llc_victims_e_state_0                                     (36.36%)
        12,147,547      unc_c_llc_victims_e_state_1                                     (36.34%)
        11,979,803      unc_c_llc_victims_e_state_2                                     (36.32%)
        11,993,083      unc_c_llc_victims_e_state_3                                     (36.30%)
        12,085,154      unc_c_llc_victims_e_state_4                                     (36.28%)
        12,156,231      unc_c_llc_victims_e_state_5                                     (36.26%)
        12,281,801      unc_c_llc_victims_e_state_6                                     (36.34%)
        12,381,680      unc_c_llc_victims_e_state_7                                     (36.32%)
               195      unc_c_llc_victims_f_state_0                                     (36.36%)
                17      unc_c_llc_victims_f_state_1                                     (36.36%)
                17      unc_c_llc_victims_f_state_2                                     (36.35%)
                11      unc_c_llc_victims_f_state_3                                     (36.35%)
                30      unc_c_llc_victims_f_state_4                                     (36.35%)
                25      unc_c_llc_victims_f_state_5                                     (36.34%)
                 3      unc_c_llc_victims_f_state_6                                     (36.58%)
                 8      unc_c_llc_victims_f_state_7                                     (36.58%)
       101,060,842      unc_c_llc_victims_m_state_0                                     (36.36%)
       101,414,613      unc_c_llc_victims_m_state_1                                     (36.40%)
       101,364,627      unc_c_llc_victims_m_state_2                                     (36.43%)
       101,385,040      unc_c_llc_victims_m_state_3                                     (36.47%)
       101,567,140      unc_c_llc_victims_m_state_4                                     (36.51%)
       101,579,707      unc_c_llc_victims_m_state_5                                     (36.54%)
       101,658,223      unc_c_llc_victims_m_state_6                                     (36.72%)
       101,652,816      unc_c_llc_victims_m_state_7                                     (36.75%)
           303,722      unc_c_llc_victims_s_state_0                                     (36.36%)
           325,539      unc_c_llc_victims_s_state_1                                     (36.42%)
           345,573      unc_c_llc_victims_s_state_2                                     (36.48%)
           347,184      unc_c_llc_victims_s_state_3                                     (36.54%)
           330,442      unc_c_llc_victims_s_state_4                                     (36.60%)
           330,171      unc_c_llc_victims_s_state_5                                     (36.66%)
           343,552      unc_c_llc_victims_s_state_6                                     (36.49%)
           311,964      unc_c_llc_victims_s_state_7                                     (36.55%)
                 0      unc_c_tor_inserts_irq_0                                       (36.36%)
                 0      unc_c_tor_inserts_irq_1                                       (36.39%)
                 0      unc_c_tor_inserts_irq_2                                       (36.41%)
                 0      unc_c_tor_inserts_irq_3                                       (36.43%)
                 0      unc_c_tor_inserts_irq_4                                       (36.45%)
                 0      unc_c_tor_inserts_irq_5                                       (36.47%)
                 0      unc_c_tor_inserts_irq_6                                       (36.38%)
                 0      unc_c_tor_inserts_irq_7                                       (36.40%)
                 0      unc_c_tor_inserts_irq_hit_0                                     (36.36%)
                 0      unc_c_tor_inserts_irq_hit_1                                     (36.37%)
                 0      unc_c_tor_inserts_irq_hit_2                                     (36.37%)
                 0      unc_c_tor_inserts_irq_hit_3                                     (36.37%)
                 0      unc_c_tor_inserts_irq_hit_4                                     (36.37%)
                 0      unc_c_tor_inserts_irq_hit_5                                     (36.37%)
                 0      unc_c_tor_inserts_irq_hit_6                                     (36.25%)
                 0      unc_c_tor_inserts_irq_hit_7                                     (36.25%)
                 0      unc_c_tor_inserts_irq_miss_0                                     (36.36%)
                 0      unc_c_tor_inserts_irq_miss_1                                     (36.34%)
                 0      unc_c_tor_inserts_irq_miss_2                                     (36.33%)
                 0      unc_c_tor_inserts_irq_miss_3                                     (36.31%)
                 0      unc_c_tor_inserts_irq_miss_4                                     (36.29%)
                 0      unc_c_tor_inserts_irq_miss_5                                     (36.27%)
                 0      unc_c_tor_inserts_irq_miss_6                                     (36.25%)
                 0      unc_c_tor_inserts_irq_miss_7                                     (36.23%)

      69.930339842 seconds time elapsed

