# started on Tue Feb  6 05:49:10 2024


 Performance counter stats for 'system wide':

                 0      r8c7                                                          (11.68%)
                 0      r10c7                                                         (11.68%)
                 0      r20c7                                                         (10.39%)
                 0      r18c7                                                         (10.39%)
                 0      r40c7                                                         (10.39%)
                 0      r80c7                                                         (10.39%)
                 0      r18c7                                                         (10.39%)
    23,723,910,274      r3c7                                                          (10.39%)
    23,727,403,823      r1c7                                                          (10.39%)
                 0      r2c7                                                          (10.39%)
                 0      rfcc7                                                         (10.39%)
                 0      r1001eca                                                      (10.39%)
                 0      r1c6                                                          (10.39%)
                 0      r1c6                                                          (10.39%)
                 0      r1c6                                                          (10.39%)
                 0      r1c6                                                          (10.39%)
                 0      r1c6                                                          (5.20%)
   <not supported>      r1c6:p                                                      
                 0      r1c6                                                          (5.20%)
                 0      r1c6                                                          (5.20%)
                 0      r1c6                                                          (5.20%)
                 0      r1c6                                                          (5.20%)
                 0      r1c6                                                          (5.20%)
                 0      r1c6                                                          (5.20%)
                 0      r1c6                                                          (5.20%)
                 0      r1c6                                                          (5.20%)
                 0      r1c6                                                          (5.20%)
                 0      r1c6                                                          (5.20%)
                 0      r1c6                                                          (5.20%)
                 0      r1c6                                                          (5.20%)
                 0      r1c6                                                          (5.20%)
                 0      r4c8                                                          (6.50%)
                 0      r80c8                                                         (7.79%)
                 0      r8c8                                                          (9.09%)
                 0      r40c8                                                         (10.39%)
                 0      r10c8                                                         (10.39%)
                 0      r20c8                                                         (10.39%)
                 0      r2c8                                                          (10.39%)
                 0      r1c8                                                          (10.39%)
           566,116      r1cb                                                          (10.39%)
       437,282,603      r480                                                          (10.39%)
    41,877,174,228      r183                                                          (10.39%)
       130,625,423      r283                                                          (10.39%)
        81,957,453      r483                                                          (10.39%)
        82,380,070      r483                                                          (10.39%)
     7,429,145,682      r4fe                                                          (10.39%)
       493,524,619      r2fe                                                          (10.39%)
    27,668,752,173      r4001879                                                      (10.39%)
    55,288,635,090      r1001879                                                      (10.39%)
       586,043,870      r4002479                                                      (10.39%)
     1,698,316,105      r1002479                                                      (10.39%)
    54,502,267,581      r1000879                                                      (10.39%)
    55,248,883,055      r1001879                                                      (10.39%)
    27,640,913,053      r4001879                                                      (10.39%)
   162,161,038,013      r879                                                          (10.39%)
     1,089,019,473      r1000479                                                      (10.39%)
     2,917,233,092      r479                                                          (10.39%)
     1,369,271,634      r1003079                                                      (10.39%)
       749,163,110      r1001079                                                      (10.39%)
     1,596,631,987      r2079                                                         (10.39%)
       437,249,008      r1043079                                                      (10.39%)
     4,062,470,687      r3079                                                         (10.39%)
    30,674,917,280      r19c                                                          (10.39%)
     1,094,380,844      r400019c                                                      (10.39%)
   155,872,480,003      r180019c                                                      (10.39%)
     5,348,565,467      r300019c                                                      (10.39%)
    11,493,753,689      r200019c                                                      (10.39%)
    12,930,809,417      r100019c                                                      (10.39%)
           971,343      r187                                                          (10.39%)
     2,955,318,017      r155                                                          (10.39%)
   191,980,380,296      rc0                                                           (11.69%)
   192,011,938,882      rc0                                                           (11.68%)
       182,732,813      r2c0                                                          (11.68%)
   <not supported>      r1c0:p                                                      
   <not supported>      ra8001c0:p                                                  
       282,539,560      r800d                                                         (11.68%)
        32,197,811      r104010d                                                      (11.68%)
       182,780,998      r10d                                                          (11.68%)
       180,563,538      r20010d                                                       (11.68%)
           508,996      r1ae                                                          (11.68%)

      69.982700536 seconds time elapsed

