# started on Mon Feb  5 04:17:32 2024


 Performance counter stats for 'system wide':

     8,561,807,159      r151                                                          (10.00%)
    11,027,623,256      r248                                                          (10.00%)
   279,186,380,005      r148                                                          (10.00%)
   119,185,299,607      r1000148                                                      (10.00%)
   119,167,642,417      r1200148                                                      (10.00%)
     8,531,913,005      r1ff1                                                         (10.00%)
     8,194,839,880      r2f2                                                          (10.00%)
       100,326,491      r1f2                                                          (10.00%)
         7,433,260      r4f2                                                          (10.00%)
         7,477,570      r4f2                                                          (10.00%)
       138,930,158      re424                                                         (10.00%)
     1,926,453,717      re124                                                         (10.00%)
       708,463,305      r2724                                                         (10.00%)
     4,513,037,069      re724                                                         (10.00%)
    10,282,787,781      rf824                                                         (10.00%)
     2,447,301,515      re224                                                         (10.00%)
       112,452,773      rc424                                                         (10.00%)
        25,987,915      r2424                                                         (10.00%)
     1,810,782,447      rc124                                                         (10.00%)
       115,911,713      r2124                                                         (10.00%)
     8,531,891,216      r3f24                                                         (10.00%)
     2,468,118,801      rd824                                                         (10.00%)
     7,825,289,088      r3824                                                         (10.00%)
    14,802,813,206      rff24                                                         (10.00%)
     1,884,963,435      rc224                                                         (10.00%)
       565,049,513      r2224                                                         (10.00%)
     8,199,236,066      r40f0                                                         (10.00%)
     8,046,355,005      r412e                                                         (10.00%)
     8,300,359,174      r4f2e                                                         (10.00%)
    47,666,559,292      r81d0                                                         (10.00%)
    28,067,216,547      r82d0                                                         (10.00%)
        17,061,533      r21d0                                                         (10.00%)
           250,525      r41d0                                                         (10.00%)
           464,372      r42d0                                                         (5.00%)
           293,128      r11d0                                                         (5.00%)
           178,340      r12d0                                                         (5.00%)
            44,535      r2d2                                                          (5.00%)
         1,375,813      r4d2                                                          (5.00%)
             2,380      r1d2                                                          (5.00%)
        10,313,795      r8d2                                                          (5.00%)
       402,831,498      r1d3                                                          (6.25%)
                 0      r2d3                                                          (7.50%)
                 0      r8d3                                                          (8.75%)
                 0      r4d3                                                          (10.00%)
                 0      r4d4                                                          (10.00%)
    22,063,384,720      r40d1                                                         (10.00%)
    23,848,642,778      r1d1                                                          (10.00%)
     1,716,470,311      r8d1                                                          (10.00%)
     1,199,938,918      r2d1                                                          (10.00%)
       515,409,793      r10d1                                                         (5.00%)
        10,112,700      r4d1                                                          (5.00%)
       503,427,324      r20d1                                                         (5.00%)
     4,907,698,067      r8b0                                                          (6.25%)
    17,056,309,478      r80b0                                                         (7.50%)
        26,082,866      r2b0                                                          (8.75%)
       892,064,617      r1b0                                                          (10.00%)
     1,716,690,449      r4b0                                                          (10.00%)
    77,261,460,729      r1b2                                                          (10.00%)
 1,228,985,498,069      r860                                                          (10.00%)
   143,064,577,680      r1000860                                                      (10.00%)
       547,973,153      r1000260                                                      (10.00%)
    71,826,710,718      r1000160                                                      (10.00%)
    95,243,421,628      r1000460                                                      (10.00%)
     1,881,233,770      r260                                                          (10.00%)
   136,032,128,846      r160                                                          (10.00%)
       126,381,296      r6000160                                                      (10.00%)
   400,671,594,281      r460                                                          (10.00%)
                 0      r1b7                                                          (10.00%)
                 0      r1b7                                                          (10.00%)
                 0      r1b7                                                          (10.00%)
                 0      r1b7                                                          (10.00%)
                 0      r1b7                                                          (10.00%)
                 0      r1b7                                                          (10.00%)
                 0      r1b7                                                          (10.00%)
                 0      r1b7                                                          (10.00%)
                 0      r1b7                                                          (10.00%)
                 0      r1b7                                                          (10.00%)
                 0      r1b7                                                          (10.00%)
                 0      r1b7                                                          (10.00%)
                 0      r1b7                                                          (10.00%)

      69.762256811 seconds time elapsed

