# started on Tue Feb  6 06:21:04 2024


 Performance counter stats for 'system wide':

           420,590      r185                                                          (6.94%)
         3,758,654      r2085                                                         (8.33%)
        17,052,778      r1001085                                                      (9.72%)
           158,087      re85                                                          (11.11%)
                 0      r885                                                          (11.11%)
             4,095      r485                                                          (11.11%)
            99,813      r285                                                          (11.11%)
        14,017,441      r1085                                                         (11.11%)
     8,654,322,496      r151                                                          (11.11%)
    15,410,353,038      r248                                                          (11.11%)
   414,265,926,090      r148                                                          (11.11%)
   140,708,100,859      r1000148                                                      (11.11%)
   140,696,195,452      r1200148                                                      (11.11%)
     8,604,191,381      r1ff1                                                         (11.11%)
     8,270,535,894      r2f2                                                          (11.11%)
        96,770,017      r1f2                                                          (11.11%)
         6,716,950      r4f2                                                          (11.11%)
         6,765,257      r4f2                                                          (11.11%)
       127,739,544      re424                                                         (11.11%)
     1,867,343,933      re124                                                         (11.11%)
       935,289,824      r2724                                                         (11.11%)
     3,829,981,508      re724                                                         (11.11%)
    10,022,583,496      rf824                                                         (11.11%)
     1,833,389,030      re224                                                         (11.11%)
       104,852,076      rc424                                                         (11.11%)
        29,666,105      r2424                                                         (11.11%)
     1,746,893,372      rc124                                                         (11.11%)
       122,809,194      r2124                                                         (11.11%)
     8,605,513,403      r3f24                                                         (11.11%)
     2,352,431,383      rd824                                                         (11.11%)
     7,660,792,590      r3824                                                         (11.11%)
    13,858,285,217      rff24                                                         (11.11%)
     1,047,849,365      rc224                                                         (11.11%)
       793,844,788      r2224                                                         (11.11%)
     8,268,979,726      r40f0                                                         (11.11%)
             2,403      r803                                                          (11.11%)
         2,424,855      r203                                                          (11.11%)
       359,156,771      r107                                                          (11.11%)
             1,845      r14c                                                          (11.11%)
     8,101,214,832      r412e                                                         (11.11%)
     8,366,822,133      r4f2e                                                         (11.11%)
                 0      r40001a8                                                      (11.11%)
                 0      r10001a8                                                      (11.11%)
                 0      r40001a8                                                      (11.11%)
                 0      r1a8                                                          (11.11%)
         2,838,733      r10401c3                                                      (11.11%)
           667,157      r2c3                                                          (11.11%)
           973,697      r4c3                                                          (11.11%)
    48,302,927,121      r81d0                                                         (11.11%)
    28,037,106,814      r82d0                                                         (11.11%)
    76,394,424,606      r83d0                                                         (11.11%)
         9,618,549      r21d0                                                         (11.11%)
           141,492      r41d0                                                         (5.56%)
           580,141      r42d0                                                         (5.56%)
           245,991      r11d0                                                         (5.56%)
           142,792      r12d0                                                         (5.56%)
            29,462      r2d2                                                          (5.56%)
         1,205,442      r4d2                                                          (5.56%)
             9,071      r1d2                                                          (5.56%)
        11,379,160      r8d2                                                          (5.56%)
       612,067,458      r1d3                                                          (6.95%)
                 0      r2d3                                                          (8.33%)
                 0      r8d3                                                          (9.72%)
                 0      r4d3                                                          (11.11%)
                 0      r4d4                                                          (11.11%)
    24,055,844,157      r40d1                                                         (11.11%)
    21,737,351,626      r1d1                                                          (11.11%)
     2,748,496,827      r8d1                                                          (11.11%)
     1,968,959,543      r2d1                                                          (11.11%)
       780,797,497      r10d1                                                         (5.56%)
        11,180,024      r4d1                                                          (5.56%)
       766,968,064      r20d1                                                         (5.56%)
   <not supported>      r1cd:p                                                      
   <not supported>      r1cd:p                                                      
   <not supported>      r1cd:p                                                      
   <not supported>      r1cd:p                                                      
   <not supported>      r1cd:p                                                      
   <not supported>      r1cd:p                                                      
   <not supported>      r1cd:p                                                      
   <not supported>      r1cd:p                                                      

      69.842694404 seconds time elapsed

