# started on Tue Feb  6 10:20:46 2024


 Performance counter stats for 'system wide':

             6,347      unc_h_dir_update_ha_0                                         (23.54%)
             5,277      unc_h_dir_update_ha_1                                         (23.54%)
             1,738      unc_h_dir_update_ha_2                                         (23.54%)
             6,700      unc_h_dir_update_ha_3                                         (23.54%)
             5,787      unc_h_dir_update_ha_4                                         (23.54%)
             1,878      unc_h_dir_update_ha_5                                         (23.54%)
             6,964      unc_h_dir_update_ha_6                                         (23.54%)
             5,842      unc_h_dir_update_ha_7                                         (23.54%)
                 0      unc_h_dir_update_tor_0                                        (23.54%)
             5,247      unc_h_dir_update_tor_1                                        (23.54%)
                 0      unc_h_dir_update_tor_2                                        (23.54%)
             6,492      unc_h_dir_update_tor_3                                        (23.54%)
             5,324      unc_h_dir_update_tor_4                                        (23.54%)
             1,857      unc_h_dir_update_tor_5                                        (23.54%)
             6,586      unc_h_dir_update_tor_6                                        (23.54%)
             6,331      unc_h_dir_update_tor_7                                        (23.54%)
             3,327      unc_h_hitme_hit_ex_rds_0                                      (23.53%)
             3,004      unc_h_hitme_hit_ex_rds_1                                      (23.53%)
             1,806      unc_h_hitme_hit_ex_rds_2                                      (23.54%)
             3,718      unc_h_hitme_hit_ex_rds_3                                      (23.53%)
             3,335      unc_h_hitme_hit_ex_rds_4                                      (23.60%)
                 0      unc_h_hitme_hit_ex_rds_5                                      (23.53%)
             3,735      unc_h_hitme_hit_ex_rds_6                                      (23.53%)
             3,856      unc_h_hitme_hit_ex_rds_7                                      (23.60%)
               665      unc_h_misc_rfo_hit_s_0                                        (23.76%)
                 0      unc_h_misc_rfo_hit_s_1                                        (23.66%)
                84      unc_h_misc_rfo_hit_s_2                                        (23.72%)
                13      unc_h_misc_rfo_hit_s_3                                        (23.54%)
                 0      unc_h_misc_rfo_hit_s_4                                        (23.70%)
                67      unc_h_misc_rfo_hit_s_5                                        (23.89%)
                34      unc_h_misc_rfo_hit_s_6                                        (23.54%)
                30      unc_h_misc_rfo_hit_s_7                                        (23.54%)
       146,457,585      unc_h_requests_invitoe_local_0                                     (23.54%)
       146,467,210      unc_h_requests_invitoe_local_1                                     (23.54%)
       146,456,961      unc_h_requests_invitoe_local_2                                     (23.54%)
       146,258,924      unc_h_requests_invitoe_local_3                                     (23.54%)
       146,284,098      unc_h_requests_invitoe_local_4                                     (23.54%)
       146,253,436      unc_h_requests_invitoe_local_5                                     (23.54%)
       146,413,983      unc_h_requests_invitoe_local_6                                     (23.54%)
       146,299,886      unc_h_requests_invitoe_local_7                                     (23.54%)
               943      unc_h_requests_invitoe_remote_0                                     (23.54%)
               845      unc_h_requests_invitoe_remote_1                                     (23.54%)
               280      unc_h_requests_invitoe_remote_2                                     (23.54%)
             1,130      unc_h_requests_invitoe_remote_3                                     (23.54%)
               896      unc_h_requests_invitoe_remote_4                                     (23.54%)
               353      unc_h_requests_invitoe_remote_5                                     (23.54%)
               939      unc_h_requests_invitoe_remote_6                                     (23.53%)
             1,033      unc_h_requests_invitoe_remote_7                                     (23.53%)
       839,343,982      unc_h_requests_reads_0                                        (23.53%)
       839,322,311      unc_h_requests_reads_1                                        (23.53%)
       839,367,994      unc_h_requests_reads_2                                        (23.53%)
       839,383,111      unc_h_requests_reads_3                                        (23.53%)
       839,224,241      unc_h_requests_reads_4                                        (23.53%)
       839,062,935      unc_h_requests_reads_5                                        (23.53%)
       838,592,956      unc_h_requests_reads_6                                        (23.53%)
       838,532,998      unc_h_requests_reads_7                                        (23.53%)
       839,235,560      unc_h_requests_reads_local_0                                     (23.53%)
       838,766,561      unc_h_requests_reads_local_1                                     (23.53%)
       838,499,023      unc_h_requests_reads_local_2                                     (23.53%)
       838,711,873      unc_h_requests_reads_local_3                                     (23.53%)
       838,569,399      unc_h_requests_reads_local_4                                     (23.53%)
       838,414,808      unc_h_requests_reads_local_5                                     (23.53%)
       838,396,228      unc_h_requests_reads_local_6                                     (23.53%)
       838,362,698      unc_h_requests_reads_local_7                                     (23.53%)
       563,588,433      unc_h_requests_writes_0                                       (23.53%)
       563,501,404      unc_h_requests_writes_1                                       (23.53%)
       564,087,081      unc_h_requests_writes_2                                       (23.53%)
       563,825,349      unc_h_requests_writes_3                                       (23.53%)
       563,884,590      unc_h_requests_writes_4                                       (23.53%)
       564,416,429      unc_h_requests_writes_5                                       (23.78%)
       564,145,702      unc_h_requests_writes_6                                       (23.53%)
       563,930,390      unc_h_requests_writes_7                                       (23.53%)
       564,227,807      unc_h_requests_writes_local_0                                     (23.59%)
       563,026,996      unc_h_requests_writes_local_1                                     (23.80%)
       563,295,041      unc_h_requests_writes_local_2                                     (23.85%)
       562,902,507      unc_h_requests_writes_local_3                                     (23.65%)
       563,124,973      unc_h_requests_writes_local_4                                     (23.64%)
       563,113,478      unc_h_requests_writes_local_5                                     (23.76%)
       562,950,083      unc_h_requests_writes_local_6                                     (23.53%)
       562,775,851      unc_h_requests_writes_local_7                                     (23.57%)
     2,293,709,294      unc_h_rxc_inserts_irq_0                                       (23.68%)
     2,203,026,840      unc_h_rxc_inserts_irq_1                                       (23.71%)
     2,201,303,376      unc_h_rxc_inserts_irq_2                                       (23.73%)
     2,202,010,737      unc_h_rxc_inserts_irq_3                                       (23.62%)
     2,200,201,602      unc_h_rxc_inserts_irq_4                                       (23.58%)
     2,200,508,828      unc_h_rxc_inserts_irq_5                                       (23.61%)
     2,200,376,978      unc_h_rxc_inserts_irq_6                                       (23.53%)
     2,199,973,485      unc_h_rxc_inserts_irq_7                                       (23.55%)
         1,321,663      unc_h_rxc_irq1_reject_pa_match_0                                     (23.60%)
         1,298,331      unc_h_rxc_irq1_reject_pa_match_1                                     (23.61%)
         1,197,482      unc_h_rxc_irq1_reject_pa_match_2                                     (23.61%)
         1,257,627      unc_h_rxc_irq1_reject_pa_match_3                                     (23.58%)
         1,276,281      unc_h_rxc_irq1_reject_pa_match_4                                     (23.47%)
         1,131,487      unc_h_rxc_irq1_reject_pa_match_5                                     (23.29%)
         1,224,424      unc_h_rxc_irq1_reject_pa_match_6                                     (23.53%)
         1,294,782      unc_h_rxc_irq1_reject_pa_match_7                                     (23.53%)
    19,752,081,802      unc_h_rxc_occupancy_irq_0                                     (23.48%)
    18,946,812,250      unc_h_rxc_occupancy_irq_1                                     (23.42%)
    18,571,385,603      unc_h_rxc_occupancy_irq_2                                     (23.35%)
    19,359,006,704      unc_h_rxc_occupancy_irq_3                                     (23.53%)
    20,849,421,026      unc_h_rxc_occupancy_irq_4                                     (23.36%)
    19,695,366,387      unc_h_rxc_occupancy_irq_5                                     (23.17%)
    42,449,583,123      unc_h_rxc_occupancy_irq_6                                     (23.53%)
    42,146,261,111      unc_h_rxc_occupancy_irq_7                                     (23.47%)
            16,476      unc_h_snoop_resp_rsp_fwd_wb_0                                     (23.30%)
            15,655      unc_h_snoop_resp_rsp_fwd_wb_1                                     (23.26%)
            18,663      unc_h_snoop_resp_rsp_fwd_wb_2                                     (23.21%)
            16,445      unc_h_snoop_resp_rsp_fwd_wb_3                                     (23.40%)
            15,202      unc_h_snoop_resp_rsp_fwd_wb_4                                     (23.42%)
            19,417      unc_h_snoop_resp_rsp_fwd_wb_5                                     (23.30%)
            40,268      unc_h_snoop_resp_rsp_fwd_wb_6                                     (23.53%)
            37,622      unc_h_snoop_resp_rsp_fwd_wb_7                                     (23.49%)
                 0      unc_h_snoop_resp_rspcnflct_0                                     (23.38%)
                 0      unc_h_snoop_resp_rspcnflct_1                                     (23.35%)
                 0      unc_h_snoop_resp_rspcnflct_2                                     (23.33%)
                 0      unc_h_snoop_resp_rspcnflct_3                                     (23.44%)
                 0      unc_h_snoop_resp_rspcnflct_4                                     (23.48%)
                 0      unc_h_snoop_resp_rspcnflct_5                                     (23.45%)
                 0      unc_h_snoop_resp_rspcnflct_6                                     (23.53%)
                 0      unc_h_snoop_resp_rspcnflct_7                                     (23.51%)
                 0      unc_h_snoop_resp_rspifwd_0                                     (23.46%)
                 0      unc_h_snoop_resp_rspifwd_1                                     (23.45%)
                 0      unc_h_snoop_resp_rspifwd_2                                     (23.45%)
                 0      unc_h_snoop_resp_rspifwd_3                                     (23.48%)
                 0      unc_h_snoop_resp_rspifwd_4                                     (23.52%)
                 0      unc_h_snoop_resp_rspifwd_5                                     (23.52%)
                 0      unc_h_snoop_resp_rspifwd_6                                     (23.53%)
                 0      unc_h_snoop_resp_rspifwd_7                                     (23.53%)
                 0      unc_h_snoop_resp_rspsfwd_0                                     (23.52%)
                 0      unc_h_snoop_resp_rspsfwd_1                                     (23.52%)
                 0      unc_h_snoop_resp_rspsfwd_2                                     (23.52%)
                 0      unc_h_snoop_resp_rspsfwd_3                                     (23.53%)
                 0      unc_h_snoop_resp_rspsfwd_4                                     (23.53%)
                 0      unc_h_snoop_resp_rspsfwd_5                                     (23.53%)
                 0      unc_h_snoop_resp_rspsfwd_6                                     (23.53%)
                 0      unc_h_snoop_resp_rspsfwd_7                                     (23.53%)
           139,479      unc_i_cache_total_occupancy_mem_0                                     (33.31%)
            89,217      unc_i_cache_total_occupancy_mem_1                                     (33.34%)
                 0      unc_i_cache_total_occupancy_mem_2                                     (33.34%)
                 0      unc_i_cache_total_occupancy_mem_3                                     (33.34%)
                 0      unc_i_cache_total_occupancy_mem_4                                     (33.34%)
                 0      unc_i_cache_total_occupancy_mem_5                                     (33.35%)
                24      unc_i_coherent_ops_pcitom_0                                     (33.34%)
                 0      unc_i_coherent_ops_pcitom_1                                     (33.35%)
                 0      unc_i_coherent_ops_pcitom_2                                     (33.35%)
                 0      unc_i_coherent_ops_pcitom_3                                     (33.35%)
                 0      unc_i_coherent_ops_pcitom_4                                     (33.35%)
                 0      unc_i_coherent_ops_pcitom_5                                     (33.31%)
               450      unc_i_coherent_ops_rfo_0                                      (33.35%)
                78      unc_i_coherent_ops_rfo_1                                      (33.31%)
                 0      unc_i_coherent_ops_rfo_2                                      (33.31%)
                 0      unc_i_coherent_ops_rfo_3                                      (33.30%)
                 0      unc_i_coherent_ops_rfo_4                                      (33.31%)
                 0      unc_i_coherent_ops_rfo_5                                      (33.35%)
               799      unc_i_faf_inserts_0                                           (33.31%)
            29,857      unc_i_faf_inserts_1                                           (33.35%)
                 0      unc_i_faf_inserts_2                                           (33.35%)
                 0      unc_i_faf_inserts_3                                           (33.35%)
                 0      unc_i_faf_inserts_4                                           (33.35%)
                 0      unc_i_faf_inserts_5                                           (33.35%)
               798      unc_i_faf_occupancy_0                                         (33.35%)
            27,376      unc_i_faf_occupancy_1                                         (33.35%)
                 0      unc_i_faf_occupancy_2                                         (33.35%)
                 0      unc_i_faf_occupancy_3                                         (33.35%)
                 0      unc_i_faf_occupancy_4                                         (33.35%)
                 0      unc_i_faf_occupancy_5                                         (33.31%)
               621      unc_i_transactions_wr_pref_0                                     (33.35%)
               105      unc_i_transactions_wr_pref_1                                     (33.31%)
                 0      unc_i_transactions_wr_pref_2                                     (33.31%)
                 0      unc_i_transactions_wr_pref_3                                     (33.31%)
                 0      unc_i_transactions_wr_pref_4                                     (33.31%)
                 0      unc_i_transactions_wr_pref_5                                     (33.34%)
    67,574,399,132      unc_iio_clockticks_0                                          (7.04%)
    67,505,296,995      unc_iio_clockticks_1                                          (7.04%)
    67,519,273,115      unc_iio_clockticks_2                                          (7.04%)
    67,636,464,871      unc_iio_clockticks_3                                          (7.05%)
                 0      unc_iio_clockticks_4                                          (7.02%)
                 0      unc_iio_clockticks_5                                          (7.04%)
                 0      unc_iio_comp_buf_inserts_cmpd_all_parts_0                                     (7.04%)
                 0      unc_iio_comp_buf_inserts_cmpd_all_parts_1                                     (7.05%)
                 0      unc_iio_comp_buf_inserts_cmpd_all_parts_2                                     (7.05%)
                 0      unc_iio_comp_buf_inserts_cmpd_all_parts_3                                     (7.03%)
                 0      unc_iio_comp_buf_inserts_cmpd_all_parts_4                                     (7.04%)
                 0      unc_iio_comp_buf_inserts_cmpd_all_parts_5                                     (7.03%)
                 0      unc_iio_comp_buf_inserts_cmpd_part0_0                                     (7.03%)
                 0      unc_iio_comp_buf_inserts_cmpd_part0_1                                     (7.03%)
                 0      unc_iio_comp_buf_inserts_cmpd_part0_2                                     (7.02%)
                 0      unc_iio_comp_buf_inserts_cmpd_part0_3                                     (7.01%)
                 0      unc_iio_comp_buf_inserts_cmpd_part0_4                                     (7.03%)
                 0      unc_iio_comp_buf_inserts_cmpd_part0_5                                     (7.03%)
                 0      unc_iio_comp_buf_inserts_cmpd_part1_0                                     (7.04%)
                 0      unc_iio_comp_buf_inserts_cmpd_part1_1                                     (7.04%)
                 0      unc_iio_comp_buf_inserts_cmpd_part1_2                                     (7.05%)
                 0      unc_iio_comp_buf_inserts_cmpd_part1_3                                     (7.03%)
                 0      unc_iio_comp_buf_inserts_cmpd_part1_4                                     (7.04%)
                 0      unc_iio_comp_buf_inserts_cmpd_part1_5                                     (7.03%)
                 0      unc_iio_comp_buf_inserts_cmpd_part2_0                                     (7.02%)
                 0      unc_iio_comp_buf_inserts_cmpd_part2_1                                     (7.01%)
                 0      unc_iio_comp_buf_inserts_cmpd_part2_2                                     (7.04%)
                 0      unc_iio_comp_buf_inserts_cmpd_part2_3                                     (7.04%)
                 0      unc_iio_comp_buf_inserts_cmpd_part2_4                                     (7.00%)
                 0      unc_iio_comp_buf_inserts_cmpd_part2_5                                     (7.03%)
                 0      unc_iio_comp_buf_inserts_cmpd_part3_0                                     (7.04%)
                 0      unc_iio_comp_buf_inserts_cmpd_part3_1                                     (7.06%)
                 0      unc_iio_comp_buf_inserts_cmpd_part3_2                                     (7.00%)
                 0      unc_iio_comp_buf_inserts_cmpd_part3_3                                     (7.01%)
                 0      unc_iio_comp_buf_inserts_cmpd_part3_4                                     (7.02%)
                 0      unc_iio_comp_buf_inserts_cmpd_part3_5                                     (7.03%)
            42,599      unc_iio_comp_buf_occupancy_cmpd_all_parts_0                                     (7.03%)
         2,469,296      unc_iio_comp_buf_occupancy_cmpd_all_parts_1                                     (7.01%)
                 0      unc_iio_comp_buf_occupancy_cmpd_all_parts_2                                     (7.01%)
                 0      unc_iio_comp_buf_occupancy_cmpd_all_parts_3                                     (7.02%)
                 0      unc_iio_comp_buf_occupancy_cmpd_all_parts_4                                     (7.03%)
                 0      unc_iio_comp_buf_occupancy_cmpd_all_parts_5                                     (7.03%)
                 0      unc_iio_comp_buf_occupancy_cmpd_part0_0                                     (7.02%)
         9,311,362      unc_iio_comp_buf_occupancy_cmpd_part0_1                                     (7.02%)
                 0      unc_iio_comp_buf_occupancy_cmpd_part0_2                                     (7.03%)
                 0      unc_iio_comp_buf_occupancy_cmpd_part0_3                                     (7.03%)
                 0      unc_iio_comp_buf_occupancy_cmpd_part0_4                                     (7.03%)
                 0      unc_iio_comp_buf_occupancy_cmpd_part0_5                                     (7.02%)
            49,757      unc_iio_comp_buf_occupancy_cmpd_part1_0                                     (7.02%)
                 0      unc_iio_comp_buf_occupancy_cmpd_part1_1                                     (7.02%)
                 0      unc_iio_comp_buf_occupancy_cmpd_part1_2                                     (7.02%)
                 0      unc_iio_comp_buf_occupancy_cmpd_part1_3                                     (7.03%)
                 0      unc_iio_comp_buf_occupancy_cmpd_part1_4                                     (7.04%)
                 0      unc_iio_comp_buf_occupancy_cmpd_part1_5                                     (7.02%)
                 0      unc_iio_comp_buf_occupancy_cmpd_part2_0                                     (7.02%)
                 0      unc_iio_comp_buf_occupancy_cmpd_part2_1                                     (7.02%)
                 0      unc_iio_comp_buf_occupancy_cmpd_part2_2                                     (7.02%)
                 0      unc_iio_comp_buf_occupancy_cmpd_part2_3                                     (7.02%)
                 0      unc_iio_comp_buf_occupancy_cmpd_part2_4                                     (7.02%)
                 0      unc_iio_comp_buf_occupancy_cmpd_part2_5                                     (7.02%)
                 0      unc_iio_comp_buf_occupancy_cmpd_part3_0                                     (7.02%)
                 0      unc_iio_comp_buf_occupancy_cmpd_part3_1                                     (7.03%)
                 0      unc_iio_comp_buf_occupancy_cmpd_part3_2                                     (7.00%)
                 0      unc_iio_comp_buf_occupancy_cmpd_part3_3                                     (7.06%)
                 0      unc_iio_comp_buf_occupancy_cmpd_part3_4                                     (7.04%)
                 0      unc_iio_comp_buf_occupancy_cmpd_part3_5                                     (7.02%)
                 0      unc_iio_data_req_by_cpu_mem_read_part0_0                                     (7.01%)
                 0      unc_iio_data_req_by_cpu_mem_read_part0_1                                     (7.01%)
                 0      unc_iio_data_req_by_cpu_mem_read_part0_2                                     (7.02%)
                 0      unc_iio_data_req_by_cpu_mem_read_part0_3                                     (7.01%)
                 0      unc_iio_data_req_by_cpu_mem_read_part0_4                                     (7.01%)
                 0      unc_iio_data_req_by_cpu_mem_read_part0_5                                     (7.02%)
                 0      unc_iio_data_req_by_cpu_mem_read_part1_0                                     (7.02%)
                 0      unc_iio_data_req_by_cpu_mem_read_part1_1                                     (7.03%)
                 0      unc_iio_data_req_by_cpu_mem_read_part1_2                                     (7.03%)
                 0      unc_iio_data_req_by_cpu_mem_read_part1_3                                     (7.04%)
                 0      unc_iio_data_req_by_cpu_mem_read_part1_4                                     (7.04%)
                 0      unc_iio_data_req_by_cpu_mem_read_part1_5                                     (7.02%)
                 0      unc_iio_data_req_by_cpu_mem_read_part2_0                                     (7.03%)
                 0      unc_iio_data_req_by_cpu_mem_read_part2_1                                     (7.03%)
                 0      unc_iio_data_req_by_cpu_mem_read_part2_2                                     (7.00%)
                 0      unc_iio_data_req_by_cpu_mem_read_part2_3                                     (7.00%)
                 0      unc_iio_data_req_by_cpu_mem_read_part2_4                                     (7.03%)
                 0      unc_iio_data_req_by_cpu_mem_read_part2_5                                     (7.02%)
                 0      unc_iio_data_req_by_cpu_mem_read_part3_0                                     (7.01%)
                 0      unc_iio_data_req_by_cpu_mem_read_part3_1                                     (7.00%)
                 0      unc_iio_data_req_by_cpu_mem_read_part3_2                                     (7.05%)
                 0      unc_iio_data_req_by_cpu_mem_read_part3_3                                     (7.03%)
                 0      unc_iio_data_req_by_cpu_mem_read_part3_4                                     (7.00%)
                 0      unc_iio_data_req_by_cpu_mem_read_part3_5                                     (7.02%)
                 0      unc_iio_data_req_by_cpu_mem_write_part0_0                                     (7.01%)
                 0      unc_iio_data_req_by_cpu_mem_write_part0_1                                     (7.00%)
                 0      unc_iio_data_req_by_cpu_mem_write_part0_2                                     (7.02%)
                 0      unc_iio_data_req_by_cpu_mem_write_part0_3                                     (7.00%)
                 0      unc_iio_data_req_by_cpu_mem_write_part0_4                                     (7.00%)
                 0      unc_iio_data_req_by_cpu_mem_write_part0_5                                     (7.02%)
                 0      unc_iio_data_req_by_cpu_mem_write_part1_0                                     (7.01%)
                 0      unc_iio_data_req_by_cpu_mem_write_part1_1                                     (7.03%)
                 0      unc_iio_data_req_by_cpu_mem_write_part1_2                                     (7.02%)
                 0      unc_iio_data_req_by_cpu_mem_write_part1_3                                     (7.02%)
                 0      unc_iio_data_req_by_cpu_mem_write_part1_4                                     (7.03%)
                 0      unc_iio_data_req_by_cpu_mem_write_part1_5                                     (7.02%)
                 0      unc_iio_data_req_by_cpu_mem_write_part2_0                                     (7.02%)
                 0      unc_iio_data_req_by_cpu_mem_write_part2_1                                     (7.02%)
                 0      unc_iio_data_req_by_cpu_mem_write_part2_2                                     (7.02%)
                 0      unc_iio_data_req_by_cpu_mem_write_part2_3                                     (7.02%)
                 0      unc_iio_data_req_by_cpu_mem_write_part2_4                                     (7.02%)
                 0      unc_iio_data_req_by_cpu_mem_write_part2_5                                     (7.02%)
                 0      unc_iio_data_req_by_cpu_mem_write_part3_0                                     (7.02%)
                 0      unc_iio_data_req_by_cpu_mem_write_part3_1                                     (7.02%)
                 0      unc_iio_data_req_by_cpu_mem_write_part3_2                                     (7.02%)
                 0      unc_iio_data_req_by_cpu_mem_write_part3_3                                     (7.02%)
                 0      unc_iio_data_req_by_cpu_mem_write_part3_4                                     (7.02%)
                 0      unc_iio_data_req_by_cpu_mem_write_part3_5                                     (7.02%)
                 0      unc_iio_data_req_by_cpu_peer_read_part0_0                                     (7.02%)
                 0      unc_iio_data_req_by_cpu_peer_read_part0_1                                     (7.02%)
                 0      unc_iio_data_req_by_cpu_peer_read_part0_2                                     (7.02%)
                 0      unc_iio_data_req_by_cpu_peer_read_part0_3                                     (7.02%)
                 0      unc_iio_data_req_by_cpu_peer_read_part0_4                                     (7.04%)
                 0      unc_iio_data_req_by_cpu_peer_read_part0_5                                     (7.02%)
                 0      unc_iio_data_req_by_cpu_peer_read_part1_0                                     (7.03%)
                 0      unc_iio_data_req_by_cpu_peer_read_part1_1                                     (7.03%)
                 0      unc_iio_data_req_by_cpu_peer_read_part1_2                                     (7.04%)
                 0      unc_iio_data_req_by_cpu_peer_read_part1_3                                     (7.07%)
                 0      unc_iio_data_req_by_cpu_peer_read_part1_4                                     (7.07%)
                 0      unc_iio_data_req_by_cpu_peer_read_part1_5                                     (7.02%)
                 0      unc_iio_data_req_by_cpu_peer_read_part2_0                                     (7.01%)
                 0      unc_iio_data_req_by_cpu_peer_read_part2_1                                     (7.01%)
                 0      unc_iio_data_req_by_cpu_peer_read_part2_2                                     (7.02%)
                 0      unc_iio_data_req_by_cpu_peer_read_part2_3                                     (7.02%)
                 0      unc_iio_data_req_by_cpu_peer_read_part2_4                                     (6.97%)
                 0      unc_iio_data_req_by_cpu_peer_read_part2_5                                     (7.02%)
                 0      unc_iio_data_req_by_cpu_peer_read_part3_0                                     (7.02%)
                 0      unc_iio_data_req_by_cpu_peer_read_part3_1                                     (7.02%)
                 0      unc_iio_data_req_by_cpu_peer_read_part3_2                                     (7.04%)
                 0      unc_iio_data_req_by_cpu_peer_read_part3_3                                     (7.03%)
                 0      unc_iio_data_req_by_cpu_peer_read_part3_4                                     (7.07%)
                 0      unc_iio_data_req_by_cpu_peer_read_part3_5                                     (7.02%)
                 0      unc_iio_data_req_by_cpu_peer_write_part0_0                                     (7.01%)
                 0      unc_iio_data_req_by_cpu_peer_write_part0_1                                     (7.01%)
                 0      unc_iio_data_req_by_cpu_peer_write_part0_2                                     (7.00%)
                 0      unc_iio_data_req_by_cpu_peer_write_part0_3                                     (7.01%)
                 0      unc_iio_data_req_by_cpu_peer_write_part0_4                                     (6.97%)
                 0      unc_iio_data_req_by_cpu_peer_write_part0_5                                     (7.01%)
                 0      unc_iio_data_req_by_cpu_peer_write_part1_0                                     (7.01%)
                 0      unc_iio_data_req_by_cpu_peer_write_part1_1                                     (7.02%)
                 0      unc_iio_data_req_by_cpu_peer_write_part1_2                                     (7.02%)
                 0      unc_iio_data_req_by_cpu_peer_write_part1_3                                     (7.01%)
                 0      unc_iio_data_req_by_cpu_peer_write_part1_4                                     (7.01%)
                 0      unc_iio_data_req_by_cpu_peer_write_part1_5                                     (7.02%)
                 0      unc_iio_data_req_by_cpu_peer_write_part2_0                                     (7.02%)
                 0      unc_iio_data_req_by_cpu_peer_write_part2_1                                     (7.01%)
                 0      unc_iio_data_req_by_cpu_peer_write_part2_2                                     (7.00%)
                 0      unc_iio_data_req_by_cpu_peer_write_part2_3                                     (7.05%)
                 0      unc_iio_data_req_by_cpu_peer_write_part2_4                                     (7.02%)
                 0      unc_iio_data_req_by_cpu_peer_write_part2_5                                     (7.02%)
                 0      unc_iio_data_req_by_cpu_peer_write_part3_0                                     (7.02%)
                 0      unc_iio_data_req_by_cpu_peer_write_part3_1                                     (7.03%)
                 0      unc_iio_data_req_by_cpu_peer_write_part3_2                                     (7.05%)
                 0      unc_iio_data_req_by_cpu_peer_write_part3_3                                     (5.26%)
                 0      unc_iio_data_req_by_cpu_peer_write_part3_4                                     (7.05%)
                 0      unc_iio_data_req_by_cpu_peer_write_part3_5                                     (7.02%)
                 0      unc_iio_data_req_of_cpu_mem_read_part0_0                                     (7.02%)
                 0      unc_iio_data_req_of_cpu_mem_read_part0_1                                     (7.02%)
                 0      unc_iio_data_req_of_cpu_mem_read_part0_2                                     (7.01%)
                 0      unc_iio_data_req_of_cpu_mem_read_part0_3                                     (7.02%)
                 0      unc_iio_data_req_of_cpu_mem_read_part0_4                                     (7.03%)
                 0      unc_iio_data_req_of_cpu_mem_read_part0_5                                     (7.02%)
                 0      unc_iio_data_req_of_cpu_mem_read_part1_0                                     (7.03%)
                 0      unc_iio_data_req_of_cpu_mem_read_part1_1                                     (7.02%)
                 0      unc_iio_data_req_of_cpu_mem_read_part1_2                                     (7.02%)
                 0      unc_iio_data_req_of_cpu_mem_read_part1_3                                     (7.02%)
                 0      unc_iio_data_req_of_cpu_mem_read_part1_4                                     (7.01%)
                 0      unc_iio_data_req_of_cpu_mem_read_part1_5                                     (7.02%)
                 0      unc_iio_data_req_of_cpu_mem_read_part2_0                                     (7.01%)
                 0      unc_iio_data_req_of_cpu_mem_read_part2_1                                     (7.00%)
                 0      unc_iio_data_req_of_cpu_mem_read_part2_2                                     (7.00%)
                 0      unc_iio_data_req_of_cpu_mem_read_part2_3                                     (6.99%)
                 0      unc_iio_data_req_of_cpu_mem_read_part2_4                                     (6.98%)
                 0      unc_iio_data_req_of_cpu_mem_read_part2_5                                     (7.02%)
                 0      unc_iio_data_req_of_cpu_mem_read_part3_0                                     (7.01%)
                 0      unc_iio_data_req_of_cpu_mem_read_part3_1                                     (7.01%)
                 0      unc_iio_data_req_of_cpu_mem_read_part3_2                                     (7.01%)
                 0      unc_iio_data_req_of_cpu_mem_read_part3_3                                     (7.01%)
                 0      unc_iio_data_req_of_cpu_mem_read_part3_4                                     (7.00%)
                 0      unc_iio_data_req_of_cpu_mem_read_part3_5                                     (7.02%)
                 0      unc_iio_data_req_of_cpu_mem_write_part0_0                                     (5.27%)
                 0      unc_iio_data_req_of_cpu_mem_write_part0_1                                     (7.03%)
                 0      unc_iio_data_req_of_cpu_mem_write_part0_2                                     (7.02%)
                 0      unc_iio_data_req_of_cpu_mem_write_part0_3                                     (5.27%)
                 0      unc_iio_data_req_of_cpu_mem_write_part0_4                                     (7.01%)
                 0      unc_iio_data_req_of_cpu_mem_write_part0_5                                     (7.02%)
                 0      unc_iio_data_req_of_cpu_mem_write_part1_0                                     (5.25%)
                 0      unc_iio_data_req_of_cpu_mem_write_part1_1                                     (5.25%)
                 0      unc_iio_data_req_of_cpu_mem_write_part1_2                                     (6.98%)
                 0      unc_iio_data_req_of_cpu_mem_write_part1_3                                     (6.98%)
                 0      unc_iio_data_req_of_cpu_mem_write_part1_4                                     (5.23%)
                 0      unc_iio_data_req_of_cpu_mem_write_part1_5                                     (7.02%)
                 0      unc_iio_data_req_of_cpu_mem_write_part2_0                                     (7.00%)
                 0      unc_iio_data_req_of_cpu_mem_write_part2_1                                     (5.25%)
                 0      unc_iio_data_req_of_cpu_mem_write_part2_2                                     (5.25%)
                 0      unc_iio_data_req_of_cpu_mem_write_part2_3                                     (7.00%)
                 0      unc_iio_data_req_of_cpu_mem_write_part2_4                                     (5.26%)
                 0      unc_iio_data_req_of_cpu_mem_write_part2_5                                     (5.26%)
                 0      unc_iio_data_req_of_cpu_mem_write_part3_0                                     (7.02%)
                 0      unc_iio_data_req_of_cpu_mem_write_part3_1                                     (7.02%)
                 0      unc_iio_data_req_of_cpu_mem_write_part3_2                                     (5.26%)
                 0      unc_iio_data_req_of_cpu_mem_write_part3_3                                     (5.27%)
                 0      unc_iio_data_req_of_cpu_mem_write_part3_4                                     (7.02%)
                 0      unc_iio_data_req_of_cpu_mem_write_part3_5                                     (5.26%)
                 0      unc_iio_data_req_of_cpu_peer_read_part0_0                                     (5.27%)
                 0      unc_iio_data_req_of_cpu_peer_read_part0_1                                     (7.02%)
                 0      unc_iio_data_req_of_cpu_peer_read_part0_2                                     (7.02%)
                 0      unc_iio_data_req_of_cpu_peer_read_part0_3                                     (5.27%)
                 0      unc_iio_data_req_of_cpu_peer_read_part0_4                                     (5.27%)
                 0      unc_iio_data_req_of_cpu_peer_read_part0_5                                     (7.02%)
                 0      unc_iio_data_req_of_cpu_peer_read_part1_0                                     (5.26%)
                 0      unc_iio_data_req_of_cpu_peer_read_part1_1                                     (5.26%)
                 0      unc_iio_data_req_of_cpu_peer_read_part1_2                                     (7.02%)
                 0      unc_iio_data_req_of_cpu_peer_read_part1_3                                     (7.02%)
                 0      unc_iio_data_req_of_cpu_peer_read_part1_4                                     (5.26%)
                 0      unc_iio_data_req_of_cpu_peer_read_part1_5                                     (7.02%)
                 0      unc_iio_data_req_of_cpu_peer_read_part2_0                                     (7.01%)
                 0      unc_iio_data_req_of_cpu_peer_read_part2_1                                     (5.26%)
                 0      unc_iio_data_req_of_cpu_peer_read_part2_2                                     (5.26%)
                 0      unc_iio_data_req_of_cpu_peer_read_part2_3                                     (7.02%)
                 0      unc_iio_data_req_of_cpu_peer_read_part2_4                                     (7.02%)
                 0      unc_iio_data_req_of_cpu_peer_read_part2_5                                     (5.26%)
                 0      unc_iio_data_req_of_cpu_peer_read_part3_0                                     (7.02%)
                 0      unc_iio_data_req_of_cpu_peer_read_part3_1                                     (7.02%)
                 0      unc_iio_data_req_of_cpu_peer_read_part3_2                                     (5.27%)
                 0      unc_iio_data_req_of_cpu_peer_read_part3_3                                     (7.02%)
                 0      unc_iio_data_req_of_cpu_peer_read_part3_4                                     (7.02%)
                 0      unc_iio_data_req_of_cpu_peer_read_part3_5                                     (5.26%)
                 0      unc_iio_data_req_of_cpu_peer_write_part0_0                                     (7.02%)
                 0      unc_iio_data_req_of_cpu_peer_write_part0_1                                     (7.02%)
                 0      unc_iio_data_req_of_cpu_peer_write_part0_2                                     (7.02%)
                 0      unc_iio_data_req_of_cpu_peer_write_part0_3                                     (7.01%)
                 0      unc_iio_data_req_of_cpu_peer_write_part0_4                                     (7.03%)
                 0      unc_iio_data_req_of_cpu_peer_write_part0_5                                     (7.02%)
                 0      unc_iio_data_req_of_cpu_peer_write_part1_0                                     (7.02%)
                 0      unc_iio_data_req_of_cpu_peer_write_part1_1                                     (7.01%)
                 0      unc_iio_data_req_of_cpu_peer_write_part1_2                                     (7.01%)
                 0      unc_iio_data_req_of_cpu_peer_write_part1_3                                     (5.27%)
                 0      unc_iio_data_req_of_cpu_peer_write_part1_4                                     (7.04%)
                 0      unc_iio_data_req_of_cpu_peer_write_part1_5                                     (7.02%)
                 0      unc_iio_data_req_of_cpu_peer_write_part2_0                                     (5.26%)
                 0      unc_iio_data_req_of_cpu_peer_write_part2_1                                     (7.02%)
                 0      unc_iio_data_req_of_cpu_peer_write_part2_2                                     (7.02%)
                 0      unc_iio_data_req_of_cpu_peer_write_part2_3                                     (5.28%)
                 0      unc_iio_data_req_of_cpu_peer_write_part2_4                                     (7.01%)
                 0      unc_iio_data_req_of_cpu_peer_write_part2_5                                     (7.02%)
                 0      unc_iio_data_req_of_cpu_peer_write_part3_0                                     (5.26%)
                 0      unc_iio_data_req_of_cpu_peer_write_part3_1                                     (5.26%)
                 0      unc_iio_data_req_of_cpu_peer_write_part3_2                                     (7.02%)
                 0      unc_iio_data_req_of_cpu_peer_write_part3_3                                     (7.01%)
                 0      unc_iio_data_req_of_cpu_peer_write_part3_4                                     (5.25%)
                 0      unc_iio_data_req_of_cpu_peer_write_part3_5                                     (7.02%)
                 0      unc_iio_payload_bytes_in_mem_read_part0_0                                     (7.02%)
                 0      unc_iio_payload_bytes_in_mem_read_part0_1                                     (5.27%)
                 0      unc_iio_payload_bytes_in_mem_read_part0_2                                     (7.05%)
                 0      unc_iio_payload_bytes_in_mem_read_part0_3                                     (7.03%)
                 0      unc_iio_payload_bytes_in_mem_read_part0_4                                     (5.30%)
                 0      unc_iio_payload_bytes_in_mem_read_part0_5                                     (5.26%)
                 0      unc_iio_payload_bytes_in_mem_read_part1_0                                     (7.03%)
                 0      unc_iio_payload_bytes_in_mem_read_part1_1                                     (7.05%)
                 0      unc_iio_payload_bytes_in_mem_read_part1_2                                     (5.31%)
                 0      unc_iio_payload_bytes_in_mem_read_part1_3                                     (7.02%)
                 0      unc_iio_payload_bytes_in_mem_read_part1_4                                     (7.04%)
                 0      unc_iio_payload_bytes_in_mem_read_part1_5                                     (5.26%)
                 0      unc_iio_payload_bytes_in_mem_read_part2_0                                     (7.02%)
                 0      unc_iio_payload_bytes_in_mem_read_part2_1                                     (7.01%)
                 0      unc_iio_payload_bytes_in_mem_read_part2_2                                     (5.24%)
                 0      unc_iio_payload_bytes_in_mem_read_part2_3                                     (7.00%)
                 0      unc_iio_payload_bytes_in_mem_read_part2_4                                     (6.99%)
                 0      unc_iio_payload_bytes_in_mem_read_part2_5                                     (7.02%)
                 0      unc_iio_payload_bytes_in_mem_read_part3_0                                     (5.25%)
                 0      unc_iio_payload_bytes_in_mem_read_part3_1                                     (6.99%)
                 0      unc_iio_payload_bytes_in_mem_read_part3_2                                     (6.98%)
                 0      unc_iio_payload_bytes_in_mem_read_part3_3                                     (5.27%)
                 0      unc_iio_payload_bytes_in_mem_read_part3_4                                     (7.00%)
                 0      unc_iio_payload_bytes_in_mem_read_part3_5                                     (7.02%)
                 0      unc_iio_payload_bytes_in_mem_write_part0_0                                     (5.26%)
                 0      unc_iio_payload_bytes_in_mem_write_part0_1                                     (7.02%)
                 0      unc_iio_payload_bytes_in_mem_write_part0_2                                     (7.03%)
                 0      unc_iio_payload_bytes_in_mem_write_part0_3                                     (5.28%)
                 0      unc_iio_payload_bytes_in_mem_write_part0_4                                     (7.05%)
                 0      unc_iio_payload_bytes_in_mem_write_part0_5                                     (7.02%)
                 0      unc_iio_payload_bytes_in_mem_write_part1_0                                     (7.02%)
                 0      unc_iio_payload_bytes_in_mem_write_part1_1                                     (7.03%)
                 0      unc_iio_payload_bytes_in_mem_write_part1_2                                     (7.05%)
                 0      unc_iio_payload_bytes_in_mem_write_part1_3                                     (7.06%)
                 0      unc_iio_payload_bytes_in_mem_write_part1_4                                     (7.05%)
                 0      unc_iio_payload_bytes_in_mem_write_part1_5                                     (7.02%)
                 0      unc_iio_payload_bytes_in_mem_write_part2_0                                     (7.03%)
                 0      unc_iio_payload_bytes_in_mem_write_part2_1                                     (7.03%)
                 0      unc_iio_payload_bytes_in_mem_write_part2_2                                     (7.02%)
                 0      unc_iio_payload_bytes_in_mem_write_part2_3                                     (7.01%)
                 0      unc_iio_payload_bytes_in_mem_write_part2_4                                     (6.99%)
                 0      unc_iio_payload_bytes_in_mem_write_part2_5                                     (7.01%)
                 0      unc_iio_payload_bytes_in_mem_write_part3_0                                     (7.02%)
                 0      unc_iio_payload_bytes_in_mem_write_part3_1                                     (7.00%)
                 0      unc_iio_payload_bytes_in_mem_write_part3_2                                     (6.98%)
                 0      unc_iio_payload_bytes_in_mem_write_part3_3                                     (6.97%)
                 0      unc_iio_payload_bytes_in_mem_write_part3_4                                     (6.99%)
                 0      unc_iio_payload_bytes_in_mem_write_part3_5                                     (7.01%)
                 0      unc_iio_txn_req_by_cpu_mem_read_part0_0                                     (7.01%)
                 0      unc_iio_txn_req_by_cpu_mem_read_part0_1                                     (7.00%)
                 0      unc_iio_txn_req_by_cpu_mem_read_part0_2                                     (7.00%)
                 0      unc_iio_txn_req_by_cpu_mem_read_part0_3                                     (7.00%)
                 0      unc_iio_txn_req_by_cpu_mem_read_part0_4                                     (7.00%)
                 0      unc_iio_txn_req_by_cpu_mem_read_part0_5                                     (7.01%)
                 0      unc_iio_txn_req_by_cpu_mem_read_part1_0                                     (7.02%)
                 0      unc_iio_txn_req_by_cpu_mem_read_part1_1                                     (7.02%)
                 0      unc_iio_txn_req_by_cpu_mem_read_part1_2                                     (7.03%)
                 0      unc_iio_txn_req_by_cpu_mem_read_part1_3                                     (7.03%)
                 0      unc_iio_txn_req_by_cpu_mem_read_part1_4                                     (7.03%)
                 0      unc_iio_txn_req_by_cpu_mem_read_part1_5                                     (7.01%)
                 0      unc_iio_txn_req_by_cpu_mem_read_part2_0                                     (7.01%)
                 0      unc_iio_txn_req_by_cpu_mem_read_part2_1                                     (7.01%)
                 0      unc_iio_txn_req_by_cpu_mem_read_part2_2                                     (7.01%)
                 0      unc_iio_txn_req_by_cpu_mem_read_part2_3                                     (7.01%)
                 0      unc_iio_txn_req_by_cpu_mem_read_part2_4                                     (7.02%)
                 0      unc_iio_txn_req_by_cpu_mem_read_part2_5                                     (7.01%)
                 0      unc_iio_txn_req_by_cpu_mem_read_part3_0                                     (7.01%)
                 0      unc_iio_txn_req_by_cpu_mem_read_part3_1                                     (7.01%)
                 0      unc_iio_txn_req_by_cpu_mem_read_part3_2                                     (7.01%)
                 0      unc_iio_txn_req_by_cpu_mem_read_part3_3                                     (7.01%)
                 0      unc_iio_txn_req_by_cpu_mem_read_part3_4                                     (7.01%)
                 0      unc_iio_txn_req_by_cpu_mem_read_part3_5                                     (7.01%)
                 0      unc_iio_txn_req_by_cpu_mem_write_part0_0                                     (7.01%)
                 0      unc_iio_txn_req_by_cpu_mem_write_part0_1                                     (7.02%)
                 0      unc_iio_txn_req_by_cpu_mem_write_part0_2                                     (7.02%)
                 0      unc_iio_txn_req_by_cpu_mem_write_part0_3                                     (7.02%)
                 0      unc_iio_txn_req_by_cpu_mem_write_part0_4                                     (7.04%)
                 0      unc_iio_txn_req_by_cpu_mem_write_part0_5                                     (7.01%)
                 0      unc_iio_txn_req_by_cpu_mem_write_part1_0                                     (7.01%)
                 0      unc_iio_txn_req_by_cpu_mem_write_part1_1                                     (7.02%)
                 0      unc_iio_txn_req_by_cpu_mem_write_part1_2                                     (7.03%)
                 0      unc_iio_txn_req_by_cpu_mem_write_part1_3                                     (7.05%)
                 0      unc_iio_txn_req_by_cpu_mem_write_part1_4                                     (7.05%)
                 0      unc_iio_txn_req_by_cpu_mem_write_part1_5                                     (7.02%)

      70.072989207 seconds time elapsed

