# started on Tue Feb  6 06:03:21 2024


 Performance counter stats for 'system wide':

                 0      r8c7                                                          (11.68%)
                 0      r10c7                                                         (11.69%)
                 0      r20c7                                                         (10.39%)
                 0      r18c7                                                         (10.39%)
                 0      r40c7                                                         (10.39%)
                 0      r80c7                                                         (10.39%)
                 0      r18c7                                                         (10.39%)
    20,622,751,607      r3c7                                                          (10.39%)
    20,621,954,497      r1c7                                                          (10.39%)
                 0      r2c7                                                          (10.39%)
                 0      rfcc7                                                         (10.39%)
                 0      r1001eca                                                      (10.39%)
                 0      r1c6                                                          (10.39%)
                 0      r1c6                                                          (10.40%)
                 0      r1c6                                                          (10.40%)
                 0      r1c6                                                          (10.40%)
                 0      r1c6                                                          (5.20%)
   <not supported>      r1c6:p                                                      
                 0      r1c6                                                          (5.20%)
                 0      r1c6                                                          (5.20%)
                 0      r1c6                                                          (5.20%)
                 0      r1c6                                                          (5.20%)
                 0      r1c6                                                          (5.20%)
                 0      r1c6                                                          (5.20%)
                 0      r1c6                                                          (5.20%)
                 0      r1c6                                                          (5.20%)
                 0      r1c6                                                          (5.20%)
                 0      r1c6                                                          (5.20%)
                 0      r1c6                                                          (5.20%)
                 0      r1c6                                                          (5.20%)
                 0      r1c6                                                          (5.20%)
                 0      r4c8                                                          (6.50%)
                 0      r80c8                                                         (7.80%)
                 0      r8c8                                                          (9.10%)
                 0      r40c8                                                         (10.40%)
                 0      r10c8                                                         (10.40%)
                 0      r20c8                                                         (10.40%)
                 0      r2c8                                                          (10.40%)
                 0      r1c8                                                          (10.40%)
           568,427      r1cb                                                          (10.40%)
       558,555,413      r480                                                          (10.40%)
    52,031,448,678      r183                                                          (10.40%)
       142,986,610      r283                                                          (10.40%)
       103,459,804      r483                                                          (10.39%)
       101,557,660      r483                                                          (10.39%)
     6,609,354,317      r4fe                                                          (10.39%)
       950,755,968      r2fe                                                          (10.39%)
    23,968,282,968      r4001879                                                      (10.39%)
    43,662,656,975      r1001879                                                      (10.39%)
       630,844,816      r4002479                                                      (10.39%)
     1,809,968,308      r1002479                                                      (10.39%)
    42,224,770,114      r1000879                                                      (10.39%)
    43,711,753,057      r1001879                                                      (10.39%)
    24,014,529,686      r4001879                                                      (10.39%)
   162,699,488,045      r879                                                          (10.39%)
     1,179,583,940      r1000479                                                      (10.38%)
     3,164,160,428      r479                                                          (10.38%)
     2,142,502,675      r1003079                                                      (10.38%)
     1,479,490,168      r1001079                                                      (10.38%)
     1,700,960,776      r2079                                                         (10.38%)
       703,828,932      r1043079                                                      (10.38%)
     6,563,205,516      r3079                                                         (10.38%)
    21,905,815,584      r19c                                                          (10.38%)
     1,216,952,591      r400019c                                                      (10.38%)
   157,724,663,124      r180019c                                                      (10.38%)
     1,454,130,188      r300019c                                                      (10.39%)
     7,795,029,541      r200019c                                                      (10.39%)
    11,496,499,845      r100019c                                                      (10.39%)
           816,992      r187                                                          (10.39%)
     2,979,291,254      r155                                                          (10.39%)
   192,721,416,780      rc0                                                           (11.68%)
   192,819,679,916      rc0                                                           (11.68%)
       257,896,167      r2c0                                                          (11.68%)
   <not supported>      r1c0:p                                                      
   <not supported>      ra8001c0:p                                                  
       336,370,755      r800d                                                         (11.68%)
        32,972,989      r104010d                                                      (11.68%)
       188,426,803      r10d                                                          (11.68%)
       188,358,280      r20010d                                                       (11.68%)
           518,017      r1ae                                                          (11.68%)

      70.114577510 seconds time elapsed

