# started on Tue Feb  6 06:26:58 2024


 Performance counter stats for 'system wide':

           249,867      r185                                                          (6.94%)
         3,727,861      r2085                                                         (8.33%)
        13,833,006      r1001085                                                      (9.72%)
            82,841      re85                                                          (11.11%)
                 0      r885                                                          (11.11%)
             3,853      r485                                                          (11.11%)
           106,928      r285                                                          (11.11%)
        16,624,509      r1085                                                         (11.11%)
     8,599,152,580      r151                                                          (11.11%)
    10,776,491,684      r248                                                          (11.11%)
   279,526,506,250      r148                                                          (11.11%)
   119,398,789,384      r1000148                                                      (11.11%)
   119,404,641,744      r1200148                                                      (11.11%)
     8,556,643,584      r1ff1                                                         (11.11%)
     8,227,484,906      r2f2                                                          (11.11%)
        94,459,647      r1f2                                                          (11.11%)
         7,881,736      r4f2                                                          (11.11%)
         7,889,738      r4f2                                                          (11.11%)
       128,231,333      re424                                                         (11.11%)
     1,947,741,572      re124                                                         (11.11%)
       697,975,178      r2724                                                         (11.11%)
     4,515,263,861      re724                                                         (11.11%)
    10,341,352,219      rf824                                                         (11.11%)
     2,439,240,703      re224                                                         (11.11%)
       104,820,781      rc424                                                         (11.11%)
        26,455,234      r2424                                                         (11.11%)
     1,833,816,770      rc124                                                         (11.11%)
       115,561,091      r2124                                                         (11.11%)
     8,554,331,573      r3f24                                                         (11.11%)
     2,496,198,700      rd824                                                         (11.11%)
     7,849,234,813      r3824                                                         (11.11%)
    14,879,239,907      rff24                                                         (11.11%)
     1,885,699,595      rc224                                                         (11.11%)
       564,581,015      r2224                                                         (11.11%)
     8,227,099,575      r40f0                                                         (11.11%)
             4,877      r803                                                          (11.11%)
         2,504,430      r203                                                          (11.11%)
       387,068,064      r107                                                          (11.11%)
             1,566      r14c                                                          (11.11%)
     8,065,072,979      r412e                                                         (11.11%)
     8,327,104,838      r4f2e                                                         (11.11%)
                 0      r40001a8                                                      (11.11%)
                 0      r10001a8                                                      (11.11%)
                 0      r40001a8                                                      (11.11%)
                 0      r1a8                                                          (11.11%)
         2,725,030      r10401c3                                                      (11.11%)
           524,047      r2c3                                                          (11.11%)
           987,795      r4c3                                                          (11.11%)
    48,032,022,445      r81d0                                                         (11.11%)
    27,885,916,553      r82d0                                                         (11.11%)
    75,940,270,494      r83d0                                                         (11.11%)
        10,262,031      r21d0                                                         (11.11%)
           262,133      r41d0                                                         (5.56%)
           620,759      r42d0                                                         (5.56%)
           224,428      r11d0                                                         (5.56%)
           133,637      r12d0                                                         (5.56%)
            40,599      r2d2                                                          (5.56%)
         1,450,339      r4d2                                                          (5.56%)
             3,239      r1d2                                                          (5.56%)
        10,521,244      r8d2                                                          (5.56%)
       400,437,280      r1d3                                                          (6.95%)
                 0      r2d3                                                          (8.34%)
                 0      r8d3                                                          (9.72%)
                 0      r4d3                                                          (11.11%)
                 0      r4d4                                                          (11.11%)
    22,055,568,247      r40d1                                                         (11.11%)
    24,462,825,124      r1d1                                                          (11.11%)
     1,719,990,606      r8d1                                                          (11.11%)
     1,207,751,128      r2d1                                                          (11.11%)
       513,236,019      r10d1                                                         (5.55%)
        10,308,937      r4d1                                                          (5.55%)
       500,556,704      r20d1                                                         (5.55%)
   <not supported>      r1cd:p                                                      
   <not supported>      r1cd:p                                                      
   <not supported>      r1cd:p                                                      
   <not supported>      r1cd:p                                                      
   <not supported>      r1cd:p                                                      
   <not supported>      r1cd:p                                                      
   <not supported>      r1cd:p                                                      
   <not supported>      r1cd:p                                                      

      69.837040395 seconds time elapsed

