# started on Tue Feb  6 05:52:43 2024


 Performance counter stats for 'system wide':

                 0      r8c7                                                          (11.68%)
                 0      r10c7                                                         (11.68%)
                 0      r20c7                                                         (10.39%)
                 0      r18c7                                                         (10.39%)
                 0      r40c7                                                         (10.39%)
                 0      r80c7                                                         (10.39%)
                 0      r18c7                                                         (10.39%)
    28,149,973,372      r3c7                                                          (10.39%)
    28,140,283,240      r1c7                                                          (10.39%)
                 0      r2c7                                                          (10.39%)
                 0      rfcc7                                                         (10.39%)
                 0      r1001eca                                                      (10.39%)
                 0      r1c6                                                          (10.39%)
                 0      r1c6                                                          (10.39%)
                 0      r1c6                                                          (10.39%)
                 0      r1c6                                                          (10.39%)
                 0      r1c6                                                          (5.20%)
   <not supported>      r1c6:p                                                      
                 0      r1c6                                                          (5.20%)
                 0      r1c6                                                          (5.20%)
                 0      r1c6                                                          (5.20%)
                 0      r1c6                                                          (5.20%)
                 0      r1c6                                                          (5.20%)
                 0      r1c6                                                          (5.20%)
                 0      r1c6                                                          (5.20%)
                 0      r1c6                                                          (5.20%)
                 0      r1c6                                                          (5.20%)
                 0      r1c6                                                          (5.20%)
                 0      r1c6                                                          (5.20%)
                 0      r1c6                                                          (5.20%)
                 0      r1c6                                                          (5.20%)
                 0      r4c8                                                          (6.50%)
                 0      r80c8                                                         (7.80%)
                 0      r8c8                                                          (9.10%)
                 0      r40c8                                                         (10.39%)
                 0      r10c8                                                         (10.39%)
                 0      r20c8                                                         (10.39%)
                 0      r2c8                                                          (10.39%)
                 0      r1c8                                                          (10.39%)
           564,842      r1cb                                                          (10.39%)
       348,524,174      r480                                                          (10.39%)
    41,439,512,001      r183                                                          (10.39%)
       131,887,994      r283                                                          (10.39%)
        83,733,055      r483                                                          (10.40%)
        87,143,778      r483                                                          (10.40%)
     7,986,069,303      r4fe                                                          (10.40%)
       213,398,854      r2fe                                                          (10.40%)
    27,534,288,480      r4001879                                                      (10.40%)
    55,007,620,451      r1001879                                                      (10.40%)
       592,344,055      r4002479                                                      (10.40%)
     1,715,575,280      r1002479                                                      (10.39%)
    54,702,745,176      r1000879                                                      (10.39%)
    55,003,749,281      r1001879                                                      (10.39%)
    27,535,037,802      r4001879                                                      (10.39%)
   166,973,895,876      r879                                                          (10.39%)
     1,082,693,934      r1000479                                                      (10.39%)
     2,869,921,090      r479                                                          (10.39%)
       905,180,701      r1003079                                                      (10.38%)
       296,217,930      r1001079                                                      (10.38%)
     1,545,414,524      r2079                                                         (10.38%)
       269,642,550      r1043079                                                      (10.38%)
     2,509,178,721      r3079                                                         (10.38%)
    27,923,980,748      r19c                                                          (10.38%)
       916,874,258      r400019c                                                      (10.38%)
   156,607,858,102      r180019c                                                      (10.38%)
     4,933,320,206      r300019c                                                      (10.38%)
    10,391,944,120      r200019c                                                      (10.38%)
    11,807,718,055      r100019c                                                      (10.38%)
           636,894      r187                                                          (10.38%)
     2,737,915,884      r155                                                          (10.38%)
   196,238,119,688      rc0                                                           (11.68%)
   196,244,479,557      rc0                                                           (11.68%)
       185,265,468      r2c0                                                          (11.68%)
   <not supported>      r1c0:p                                                      
   <not supported>      ra8001c0:p                                                  
       230,141,260      r800d                                                         (11.68%)
        30,325,059      r104010d                                                      (11.68%)
       171,845,732      r10d                                                          (11.68%)
       170,356,560      r20010d                                                       (11.68%)
           502,482      r1ae                                                          (11.68%)

      69.813480372 seconds time elapsed

