# started on Tue Feb  6 08:48:40 2024


 Performance counter stats for 'system wide':

                 0      r1b7                                                          (11.59%)
                 0      r1b7                                                          (11.59%)
                 0      r1b7                                                          (11.60%)
                 0      r1b7                                                          (11.60%)
                 0      r1b7                                                          (11.60%)
            43,194      r3fc1                                                         (11.60%)
     8,552,160,129      r159                                                          (11.60%)
   109,159,464,536      r1a2                                                          (11.60%)
     6,737,477,359      r8a2                                                          (11.60%)
                 0      r20cc                                                         (11.60%)
                 0      r40cc                                                         (11.60%)
     8,467,790,125      r15e                                                          (11.60%)
       420,490,506      r184015e                                                      (11.60%)
                 0      r4c9                                                          (11.60%)
                 0      r80c9                                                         (11.60%)
                 0      r8c9                                                          (11.60%)
                 0      r40c9                                                         (11.60%)
                 0      r10c9                                                         (11.60%)
                 0      r20c9                                                         (11.60%)
                 0      r2c9                                                          (11.60%)
                 0      r1c9                                                          (11.60%)
                 0      r10f4                                                         (11.60%)
                 0      r132                                                          (11.60%)
            38,693      r832                                                          (11.60%)
            86,031      r232                                                          (11.60%)
                 0      r432                                                          (11.60%)
           223,726      r1bd                                                          (11.60%)
            29,311      r20bd                                                         (11.60%)
                 0      r15d                                                          (11.60%)
                 0      r25d                                                          (11.60%)
                 0      r45d                                                          (11.60%)
                 0      r85d                                                          (11.59%)
                 0      r105d                                                         (11.59%)
                 0      r254                                                          (11.59%)
                 0      r154                                                          (11.59%)
                 0      r1054                                                         (11.59%)
                 0      r854                                                          (11.59%)
                 0      r2054                                                         (11.59%)
                 0      r454                                                          (11.59%)
                 0      r4054                                                         (11.59%)
    35,443,683,445      r1a1                                                          (11.59%)
    39,762,679,476      r2a1                                                          (11.59%)
    39,488,616,661      r4a1                                                          (11.59%)
    35,966,674,602      r8a1                                                          (11.59%)
    33,155,880,062      r10a1                                                         (11.59%)
    34,567,725,886      r20a1                                                         (11.59%)
    41,470,865,308      r40a1                                                         (11.59%)
     1,261,288,632      r80a1                                                         (11.59%)
   220,692,709,116      r2b1                                                          (11.59%)
    80,319,525,119      r10002b1                                                      (11.59%)
    64,378,359,163      r20002b1                                                      (11.59%)
    45,803,881,201      r30002b1                                                      (11.59%)
    21,798,390,826      r40002b1                                                      (11.59%)
    96,730,780,874      r18002b1                                                      (11.59%)
    80,417,404,017      r10001b1                                                      (11.59%)
    64,417,507,076      r20001b1                                                      (11.59%)
    45,817,351,550      r30001b1                                                      (11.59%)
    21,797,406,577      r40001b1                                                      (11.59%)
    96,749,247,358      r18001b1                                                      (11.59%)
   220,933,549,109      r1b1                                                          (11.59%)
         5,006,682      r10b1                                                         (11.59%)
   175,324,555,822      r10e                                                          (11.59%)
        49,533,238      r200e                                                         (11.59%)
   128,144,520,569      r180010e                                                      (11.59%)
                 0      r20e                                                          (11.59%)
    26,658,570,325      r4c2                                                          (11.59%)
   172,571,236,525      r2c2                                                          (11.59%)
   126,829,335,427      r18002c2                                                      (11.59%)
   177,036,383,167      r108002c2                                                     (11.59%)
   136,157,615,170      unc_c_clockticks_0                                            (36.35%)
   136,183,575,003      unc_c_clockticks_1                                            (36.33%)
   136,145,023,329      unc_c_clockticks_2                                            (36.37%)
   136,214,193,627      unc_c_clockticks_3                                            (36.35%)
   136,217,956,135      unc_c_clockticks_4                                            (36.33%)
   136,217,369,007      unc_c_clockticks_5                                            (36.32%)
   136,207,855,286      unc_c_clockticks_6                                            (36.30%)
   136,194,845,124      unc_c_clockticks_7                                            (36.28%)
           277,901      unc_c_fast_asserted_0                                         (36.35%)
           137,508      unc_c_fast_asserted_1                                         (36.35%)
           153,448      unc_c_fast_asserted_2                                         (36.36%)
           108,546      unc_c_fast_asserted_3                                         (36.33%)
           204,487      unc_c_fast_asserted_4                                         (36.33%)
           203,610      unc_c_fast_asserted_5                                         (36.34%)
         1,079,989      unc_c_fast_asserted_6                                         (36.34%)
         1,136,056      unc_c_fast_asserted_7                                         (36.34%)
                 0      unc_c_llc_lookup_data_read_0                                     (36.37%)
                 0      unc_c_llc_lookup_data_read_1                                     (36.35%)
                 0      unc_c_llc_lookup_data_read_2                                     (36.36%)
                 0      unc_c_llc_lookup_data_read_3                                     (36.28%)
                 0      unc_c_llc_lookup_data_read_4                                     (36.27%)
                 0      unc_c_llc_lookup_data_read_5                                     (36.25%)
                 0      unc_c_llc_lookup_data_read_6                                     (36.24%)
                 0      unc_c_llc_lookup_data_read_7                                     (36.22%)
                 0      unc_c_llc_lookup_remote_snoop_0                                     (36.35%)
                 0      unc_c_llc_lookup_remote_snoop_1                                     (36.32%)
                 0      unc_c_llc_lookup_remote_snoop_2                                     (36.36%)
                 0      unc_c_llc_lookup_remote_snoop_3                                     (36.30%)
                 0      unc_c_llc_lookup_remote_snoop_4                                     (36.26%)
                 0      unc_c_llc_lookup_remote_snoop_5                                     (36.23%)
                 0      unc_c_llc_lookup_remote_snoop_6                                     (36.20%)
                 0      unc_c_llc_lookup_remote_snoop_7                                     (36.17%)
        14,939,303      unc_c_llc_victims_e_state_0                                     (36.33%)
        14,786,941      unc_c_llc_victims_e_state_1                                     (36.31%)
        13,359,018      unc_c_llc_victims_e_state_2                                     (36.36%)
        14,707,197      unc_c_llc_victims_e_state_3                                     (36.34%)
        14,777,564      unc_c_llc_victims_e_state_4                                     (36.32%)
        14,823,496      unc_c_llc_victims_e_state_5                                     (36.30%)
        14,930,778      unc_c_llc_victims_e_state_6                                     (36.29%)
        14,843,744      unc_c_llc_victims_e_state_7                                     (36.27%)
                 6      unc_c_llc_victims_f_state_0                                     (36.34%)
                25      unc_c_llc_victims_f_state_1                                     (36.34%)
               168      unc_c_llc_victims_f_state_2                                     (36.36%)
                30      unc_c_llc_victims_f_state_3                                     (36.42%)
                22      unc_c_llc_victims_f_state_4                                     (36.42%)
                25      unc_c_llc_victims_f_state_5                                     (36.42%)
                 3      unc_c_llc_victims_f_state_6                                     (36.41%)
                11      unc_c_llc_victims_f_state_7                                     (36.41%)
        44,566,053      unc_c_llc_victims_m_state_0                                     (36.36%)
        44,476,359      unc_c_llc_victims_m_state_1                                     (36.39%)
        43,434,061      unc_c_llc_victims_m_state_2                                     (36.36%)
        44,335,997      unc_c_llc_victims_m_state_3                                     (36.50%)
        44,390,845      unc_c_llc_victims_m_state_4                                     (36.53%)
        44,418,414      unc_c_llc_victims_m_state_5                                     (36.56%)
        44,503,654      unc_c_llc_victims_m_state_6                                     (36.59%)
        44,446,369      unc_c_llc_victims_m_state_7                                     (36.62%)
           211,954      unc_c_llc_victims_s_state_0                                     (36.40%)
           215,933      unc_c_llc_victims_s_state_1                                     (36.45%)
           195,252      unc_c_llc_victims_s_state_2                                     (36.36%)
           230,366      unc_c_llc_victims_s_state_3                                     (36.45%)
           201,627      unc_c_llc_victims_s_state_4                                     (36.50%)
           214,395      unc_c_llc_victims_s_state_5                                     (36.55%)
           225,867      unc_c_llc_victims_s_state_6                                     (36.60%)
           222,812      unc_c_llc_victims_s_state_7                                     (36.65%)
                 0      unc_c_tor_inserts_irq_0                                       (36.42%)
                 0      unc_c_tor_inserts_irq_1                                       (36.43%)
                 0      unc_c_tor_inserts_irq_2                                       (36.37%)
                 0      unc_c_tor_inserts_irq_3                                       (36.39%)
                 0      unc_c_tor_inserts_irq_4                                       (36.41%)
                 0      unc_c_tor_inserts_irq_5                                       (36.42%)
                 0      unc_c_tor_inserts_irq_6                                       (36.44%)
                 0      unc_c_tor_inserts_irq_7                                       (36.46%)
                 0      unc_c_tor_inserts_irq_hit_0                                     (36.38%)
                 0      unc_c_tor_inserts_irq_hit_1                                     (36.39%)
                 0      unc_c_tor_inserts_irq_hit_2                                     (36.37%)
                 0      unc_c_tor_inserts_irq_hit_3                                     (36.34%)
                 0      unc_c_tor_inserts_irq_hit_4                                     (36.34%)
                 0      unc_c_tor_inserts_irq_hit_5                                     (36.34%)
                 0      unc_c_tor_inserts_irq_hit_6                                     (36.34%)
                 0      unc_c_tor_inserts_irq_hit_7                                     (36.34%)
                 0      unc_c_tor_inserts_irq_miss_0                                     (36.37%)
                 0      unc_c_tor_inserts_irq_miss_1                                     (36.35%)
                 0      unc_c_tor_inserts_irq_miss_2                                     (36.37%)
                 0      unc_c_tor_inserts_irq_miss_3                                     (36.32%)
                 0      unc_c_tor_inserts_irq_miss_4                                     (36.30%)
                 0      unc_c_tor_inserts_irq_miss_5                                     (36.29%)
                 0      unc_c_tor_inserts_irq_miss_6                                     (36.27%)
                 0      unc_c_tor_inserts_irq_miss_7                                     (36.25%)

      69.858901756 seconds time elapsed

