# started on Mon Feb  5 08:13:41 2024


 Performance counter stats for 'system wide':

   168,646,004,413      r728                                                          (44.44%)
                 0      r1828                                                         (44.44%)
                 0      r2028                                                         (44.44%)
           289,348      r4028                                                         (44.44%)
         1,062,831      r20ef                                                         (44.44%)
         5,832,916      r10ef                                                         (44.44%)
        11,049,588      r2ef                                                          (44.44%)
        73,654,049      r1ef                                                          (44.44%)
         2,137,848      r40ef                                                         (44.45%)
         2,246,495      r8ef                                                          (44.45%)
             3,132      r4ef                                                          (44.45%)
           565,332      r1cb                                                          (44.45%)
     8,165,555,075      r4fe                                                          (44.45%)
       256,281,614      r2fe                                                          (44.45%)
                 4      r132                                                          (44.45%)
            56,203      r832                                                          (44.45%)
           723,994      r232                                                          (44.45%)
                 0      r432                                                          (44.45%)

      69.822109534 seconds time elapsed

