# started on Mon Feb  5 03:57:28 2024


 Performance counter stats for 'system wide':

     8,688,132,555      r151                                                          (10.00%)
    15,212,948,003      r248                                                          (10.00%)
   412,274,770,538      r148                                                          (10.00%)
   140,573,567,035      r1000148                                                      (10.00%)
   140,536,643,046      r1200148                                                      (10.00%)
     8,638,015,440      r1ff1                                                         (10.00%)
     8,297,200,521      r2f2                                                          (10.00%)
       102,240,331      r1f2                                                          (10.00%)
         6,935,933      r4f2                                                          (10.00%)
         6,938,738      r4f2                                                          (10.00%)
       132,922,147      re424                                                         (10.00%)
     1,882,692,470      re124                                                         (10.00%)
       939,633,488      r2724                                                         (10.00%)
     3,863,281,632      re724                                                         (10.00%)
    10,074,582,192      rf824                                                         (10.00%)
     1,843,517,412      re224                                                         (10.00%)
       112,372,085      rc424                                                         (10.00%)
        26,682,114      r2424                                                         (10.00%)
     1,764,144,751      rc124                                                         (10.01%)
       121,877,693      r2124                                                         (10.01%)
     8,631,339,677      r3f24                                                         (10.01%)
     2,367,960,808      rd824                                                         (10.01%)
     7,699,292,252      r3824                                                         (10.01%)
    13,914,532,889      rff24                                                         (10.01%)
     1,053,863,967      rc224                                                         (10.01%)
       783,824,930      r2224                                                         (10.01%)
     8,288,320,460      r40f0                                                         (10.01%)
     8,132,754,185      r412e                                                         (10.01%)
     8,392,439,488      r4f2e                                                         (10.01%)
    48,601,769,306      r81d0                                                         (10.01%)
    28,235,115,390      r82d0                                                         (10.01%)
        18,530,921      r21d0                                                         (10.01%)
           307,119      r41d0                                                         (10.01%)
           644,996      r42d0                                                         (5.00%)
           332,949      r11d0                                                         (5.00%)
           130,227      r12d0                                                         (5.00%)
            50,731      r2d2                                                          (5.00%)
         1,601,580      r4d2                                                          (5.00%)
             3,138      r1d2                                                          (5.00%)
        10,562,316      r8d2                                                          (5.00%)
       613,629,796      r1d3                                                          (6.25%)
                 0      r2d3                                                          (7.50%)
                 0      r8d3                                                          (8.76%)
                 0      r4d3                                                          (10.01%)
                 0      r4d4                                                          (10.01%)
    24,160,474,383      r40d1                                                         (10.01%)
    21,459,422,416      r1d1                                                          (10.01%)
     2,767,424,948      r8d1                                                          (10.01%)
     1,985,687,815      r2d1                                                          (10.00%)
       777,074,678      r10d1                                                         (5.00%)
        10,663,267      r4d1                                                          (5.00%)
       761,342,744      r20d1                                                         (5.00%)
     4,979,795,715      r8b0                                                          (6.25%)
    17,285,366,222      r80b0                                                         (7.50%)
        26,421,424      r2b0                                                          (8.75%)
     1,019,997,954      r1b0                                                          (9.99%)
     2,581,335,836      r4b0                                                          (9.99%)
    81,204,312,194      r1b2                                                          (9.99%)
 1,207,259,551,483      r860                                                          (9.99%)
   141,663,486,000      r1000860                                                      (9.99%)
       565,696,078      r1000260                                                      (9.99%)
    80,700,101,337      r1000160                                                      (9.99%)
   133,822,981,829      r1000460                                                      (9.99%)
     1,927,131,978      r260                                                          (10.00%)
   157,236,843,136      r160                                                          (10.00%)
       459,024,969      r6000160                                                      (10.00%)
   604,321,073,156      r460                                                          (10.00%)
                 0      r1b7                                                          (10.00%)
                 0      r1b7                                                          (10.00%)
                 0      r1b7                                                          (10.00%)
                 0      r1b7                                                          (10.00%)
                 0      r1b7                                                          (10.00%)
                 0      r1b7                                                          (10.00%)
                 0      r1b7                                                          (10.00%)
                 0      r1b7                                                          (10.00%)
                 0      r1b7                                                          (10.00%)
                 0      r1b7                                                          (10.00%)
                 0      r1b7                                                          (10.00%)
                 0      r1b7                                                          (10.00%)
                 0      r1b7                                                          (10.00%)

      69.809482819 seconds time elapsed

