# started on Mon Feb  5 09:17:26 2024


 Performance counter stats for 'system wide':

        36,385,315      r1000114                                                      (10.52%)
         5,659,590      r1e6                                                          (10.53%)
    28,713,493,104      rc4                                                           (10.53%)
   <not supported>      r4c4:p                                                      
    28,215,776,170      r1c4                                                          (10.53%)
         1,269,197      r40c4                                                         (10.53%)
       220,674,339      r2c4                                                          (10.53%)
       221,368,698      r8c4                                                          (10.53%)
    28,364,199,971      r20c4                                                         (10.53%)
       343,021,243      r10c4                                                         (10.53%)
        13,102,240      rc5                                                           (10.53%)
   <not supported>      r4c5:p                                                      
         3,288,730      r1c5                                                          (10.53%)
            16,046      r2c5                                                          (10.53%)
        12,061,024      r20c5                                                         (10.53%)
     1,853,740,864      r23c                                                          (10.53%)
     1,853,033,152      r13c                                                          (10.53%)
     1,852,161,786      r20013c                                                       (10.53%)
     1,851,510,253      r23c                                                          (10.53%)
   155,518,340,549      r300                                                          (11.85%)
     1,851,920,213      r13c                                                          (11.85%)
     1,853,735,856      r20013c                                                       (11.85%)
           498,240      r104003c                                                      (11.85%)
   169,179,180,176      r3c                                                           (13.17%)
   169,113,066,599      r20003c                                                       (13.17%)
   169,178,104,389      r3c                                                           (13.17%)
   169,286,543,590      r20003c                                                       (13.17%)
   113,162,810,772      r80008a3                                                      (13.17%)
    50,010,605,114      r10001a3                                                      (13.17%)
   133,373,942,032      r100010a3                                                     (11.85%)
    68,515,211,941      rc000ca3                                                      (11.85%)
    37,220,081,524      r50005a3                                                      (11.85%)
    73,051,025,558      r140014a3                                                     (11.85%)
    93,613,947,274      r40004a3                                                      (11.85%)
    16,032,775,247      r2a6                                                          (11.85%)
    13,845,341,367      r4a6                                                          (10.53%)
    20,454,834,147      r8a6                                                          (10.53%)
    15,953,417,951      r10a6                                                         (10.53%)
    24,278,257,888      r40a6                                                         (10.53%)
     1,204,948,675      r1a6                                                          (10.53%)
           750,002      r187                                                          (10.53%)
   195,230,881,866      rc0                                                           (11.84%)
   195,288,630,308      rc0                                                           (11.84%)
   <not supported>      r1c0:p                                                      
   <not supported>      ra8001c0:p                                                  
       324,738,984      r800d                                                         (11.84%)
       183,971,085      r10d                                                          (11.84%)
       184,470,116      r20010d                                                       (11.84%)
             1,183      r803                                                          (11.84%)
         7,565,319      r203                                                          (11.84%)
        93,638,527      r107                                                          (11.84%)
            45,221      r14c                                                          (11.84%)
                 0      r40001a8                                                      (11.84%)
                 0      r10001a8                                                      (10.52%)
                 0      r1a8                                                          (10.52%)
         3,055,889      r10401c3                                                      (10.52%)
         1,032,809      r4c3                                                          (10.52%)
            51,652      r3fc1                                                         (10.52%)
   112,005,278,473      r1a2                                                          (10.52%)
    26,506,529,201      r8a2                                                          (10.52%)
                 0      r20cc                                                         (10.52%)
    17,710,614,251      r15e                                                          (10.52%)
       780,633,518      r184015e                                                      (10.52%)
    26,573,670,386      r1a1                                                          (10.52%)
    30,371,188,716      r2a1                                                          (10.52%)
    34,147,678,029      r4a1                                                          (10.52%)
    34,518,497,041      r8a1                                                          (10.52%)
    41,554,456,378      r10a1                                                         (10.52%)
    31,304,360,340      r20a1                                                         (10.52%)
    37,848,131,813      r40a1                                                         (10.52%)
     1,785,216,945      r80a1                                                         (10.52%)
   218,034,400,287      r2b1                                                          (10.52%)
    75,718,097,692      r10002b1                                                      (10.52%)
    59,662,941,760      r20002b1                                                      (10.52%)
    45,814,446,968      r30002b1                                                      (10.52%)
    25,320,968,688      r40002b1                                                      (10.52%)
    93,648,865,926      r18002b1                                                      (10.52%)
    75,703,444,661      r10001b1                                                      (10.52%)
    59,636,591,768      r20001b1                                                      (10.52%)
    45,800,822,088      r30001b1                                                      (10.52%)

      70.110529657 seconds time elapsed

