# started on Mon Feb  5 01:49:54 2024


 Performance counter stats for 'system wide':

    29,129,855,172        branch-instructions       #   52.214 M/sec                    (18.86%)
        18,583,504        branch-misses             #    0.06% of all branches          (16.98%)
     1,863,435,909        bus-cycles                #    3.340 M/sec                    (16.98%)
     8,069,112,680        cache-misses              #   96.728 % of all cache refs      (16.98%)
     8,337,251,736        cache-references          #   14.944 M/sec                    (16.98%)
   168,627,533,676        cpu-cycles                #    0.302 GHz                      (16.98%)
   196,284,202,301        instructions              #    1.16  insn per cycle           (18.87%)
   156,365,821,615        ref-cycles                #  280.278 M/sec                    (20.76%)
                 0        alignment-faults          #    0.000 K/sec                  
                 0        bpf-output                #    0.000 K/sec                  
            23,187        context-switches          #    0.042 K/sec                  
        557,901.07 msec   cpu-clock                 #    7.999 CPUs utilized          
               294        cpu-migrations            #    0.001 K/sec                  
                 0        dummy                     #    0.000 K/sec                  
                 0        emulation-faults          #    0.000 K/sec                  
                 8        major-faults              #    0.000 K/sec                  
            20,166        minor-faults              #    0.036 K/sec                  
            20,173        page-faults               #    0.036 K/sec                  
        557,891.81 msec   task-clock                #    7.999 CPUs utilized          
     8,650,710,004        L1-dcache-load-misses     #   17.87% of all L1-dcache hits    (20.75%)
    48,395,789,195        L1-dcache-loads           #   86.747 M/sec                    (20.76%)
    28,109,404,248        L1-dcache-stores          #   50.385 M/sec                    (20.76%)
       163,830,487        L1-icache-load-misses                                         (20.76%)
       773,107,149        LLC-load-misses           #   97.63% of all LL-cache hits     (20.76%)
       791,844,419        LLC-loads                 #    1.419 M/sec                    (20.76%)
     2,283,541,285        LLC-store-misses          #    4.093 M/sec                    (3.77%)
     2,283,915,144        LLC-stores                #    4.094 M/sec                    (3.77%)
        19,154,003        branch-load-misses        #    0.034 M/sec                    (5.66%)
    29,212,275,737        branch-loads              #   52.361 M/sec                    (7.55%)
           360,565        dTLB-load-misses          #    0.00% of all dTLB cache hits   (9.44%)
    48,513,955,594        dTLB-loads                #   86.959 M/sec                    (11.32%)
           342,936        dTLB-store-misses         #    0.615 K/sec                    (13.21%)
    28,217,772,300        dTLB-stores               #   50.579 M/sec                    (15.10%)
           198,851        iTLB-load-misses          #    5.06% of all iTLB cache hits   (15.10%)
         3,931,585        iTLB-loads                #    0.007 M/sec                    (15.10%)
                 0        node-load-misses          #    0.000 K/sec                    (15.10%)
       772,900,371        node-loads                #    1.385 M/sec                    (15.10%)
                 0        node-store-misses         #    0.000 K/sec                    (3.77%)
     2,273,908,123        node-stores               #    4.076 M/sec                    (3.77%)
    29,217,022,745        branch-instructions       #   52.370 M/sec                    (5.66%)
        17,996,446        branch-misses             #    0.06% of all branches          (7.55%)
     1,861,739,661        bus-cycles                #    3.337 M/sec                    (9.44%)
     8,074,752,098        cache-misses              #   96.795 % of all cache refs      (11.32%)
     8,346,945,311        cache-references          #   14.961 M/sec                    (13.21%)
   168,920,850,058        cpu-cycles                #    0.303 GHz                      (15.10%)
                 0        cstate_core/c3-residency/ #    0.000 K/sec                  
                 0        cstate_core/c6-residency/ #    0.000 K/sec                  
                 0        cstate_core/c7-residency/ #    0.000 K/sec                  
                 0        cstate_pkg/c2-residency/  #    0.000 K/sec                  
                 0        cstate_pkg/c3-residency/  #    0.000 K/sec                  
                 0        cstate_pkg/c6-residency/  #    0.000 K/sec                  
                 0        cstate_pkg/c7-residency/  #    0.000 K/sec                  
                 0        cycles-ct                 #    0.000 K/sec                    (16.99%)
                 0        cycles-t                  #    0.000 K/sec                    (16.99%)
                 0        el-abort                  #    0.000 K/sec                    (16.99%)
                 0        el-capacity               #    0.000 K/sec                    (16.99%)
                 0        el-commit                 #    0.000 K/sec                    (16.99%)
                 0        el-conflict               #    0.000 K/sec                    (16.99%)
                 0        el-start                  #    0.000 K/sec                    (16.99%)
   197,233,630,879        instructions              #    1.17  insn per cycle           (18.87%)
     <not counted>        intel_pt//                                                    (0.00%)
                 0        mem-loads                 #    0.000 K/sec                    (18.87%)
    28,177,063,139        mem-stores                #   50.506 M/sec                    (16.99%)
   181,752,225,325        msr/aperf/                #  325.781 M/sec                  
               301 C      msr/cpu_thermal_margin/   #    0.001 K/sec                  
   185,816,715,775        msr/mperf/                #  333.067 M/sec                  
   181,747,633,536        msr/pperf/                #  325.773 M/sec                  
                 0        msr/smi/                  #    0.000 K/sec                  
 1,168,616,242,790        msr/tsc/                  # 2094.683 M/sec                  
          2,346.39 Joules power/energy-pkg/         #    0.004 K/sec                  
            575.82 Joules power/energy-ram/         #    0.001 K/sec                  
   156,974,003,907        ref-cycles                #  281.368 M/sec                    (18.87%)
    29,606,421,760        topdown-fetch-bubbles     #      4.4% frontend bound          (18.87%)
       862,534,368        topdown-recovery-bubbles  #      0.2% bad speculation         (18.87%)
   173,544,106,224        topdown-slots-issued      #     69.8% backend bound           (18.87%)
   172,817,795,097        topdown-slots-retired     #     25.6% retiring                (18.87%)
   675,735,548,164        topdown-total-slots       # 1211.220 M/sec                    (20.76%)
                 0        tx-abort                  #    0.000 K/sec                    (20.76%)
                 0        tx-capacity               #    0.000 K/sec                    (20.75%)
                 0        tx-commit                 #    0.000 K/sec                    (18.87%)

      69.746344617 seconds time elapsed

