# started on Tue Feb  6 09:58:20 2024


 Performance counter stats for 'system wide':

                 0      unc_h_dir_update_ha_0                                         (23.66%)
                 0      unc_h_dir_update_ha_1                                         (23.57%)
                 0      unc_h_dir_update_ha_2                                         (23.57%)
                 0      unc_h_dir_update_ha_3                                         (23.57%)
            19,883      unc_h_dir_update_ha_4                                         (23.48%)
             3,649      unc_h_dir_update_ha_5                                         (23.24%)
             3,855      unc_h_dir_update_ha_6                                         (23.24%)
            26,232      unc_h_dir_update_ha_7                                         (23.54%)
                 0      unc_h_dir_update_tor_0                                        (23.57%)
                 0      unc_h_dir_update_tor_1                                        (23.54%)
            17,039      unc_h_dir_update_tor_2                                        (23.39%)
            14,542      unc_h_dir_update_tor_3                                        (23.31%)
                 0      unc_h_dir_update_tor_4                                        (23.51%)
                 0      unc_h_dir_update_tor_5                                        (23.50%)
                 0      unc_h_dir_update_tor_6                                        (23.48%)
                 0      unc_h_dir_update_tor_7                                        (23.54%)
                 0      unc_h_hitme_hit_ex_rds_0                                      (23.53%)
                 0      unc_h_hitme_hit_ex_rds_1                                      (23.54%)
                 0      unc_h_hitme_hit_ex_rds_2                                      (23.54%)
                 0      unc_h_hitme_hit_ex_rds_3                                      (23.54%)
             5,361      unc_h_hitme_hit_ex_rds_4                                      (23.54%)
             4,741      unc_h_hitme_hit_ex_rds_5                                      (23.54%)
                 0      unc_h_hitme_hit_ex_rds_6                                      (23.54%)
                 0      unc_h_hitme_hit_ex_rds_7                                      (23.54%)
                 0      unc_h_misc_rfo_hit_s_0                                        (23.54%)
               709      unc_h_misc_rfo_hit_s_1                                        (23.54%)
                38      unc_h_misc_rfo_hit_s_2                                        (23.54%)
               731      unc_h_misc_rfo_hit_s_3                                        (23.54%)
               370      unc_h_misc_rfo_hit_s_4                                        (23.54%)
               412      unc_h_misc_rfo_hit_s_5                                        (23.54%)
               659      unc_h_misc_rfo_hit_s_6                                        (23.54%)
               527      unc_h_misc_rfo_hit_s_7                                        (23.54%)
        34,099,973      unc_h_requests_invitoe_local_0                                     (23.54%)
        33,823,757      unc_h_requests_invitoe_local_1                                     (23.53%)
        33,866,648      unc_h_requests_invitoe_local_2                                     (23.53%)
        34,075,601      unc_h_requests_invitoe_local_3                                     (23.53%)
        34,278,638      unc_h_requests_invitoe_local_4                                     (23.53%)
        33,987,576      unc_h_requests_invitoe_local_5                                     (23.53%)
        34,029,914      unc_h_requests_invitoe_local_6                                     (23.53%)
        34,281,453      unc_h_requests_invitoe_local_7                                     (23.53%)
             2,783      unc_h_requests_invitoe_remote_0                                     (23.53%)
             4,030      unc_h_requests_invitoe_remote_1                                     (23.60%)
            13,559      unc_h_requests_invitoe_remote_2                                     (23.66%)
             4,104      unc_h_requests_invitoe_remote_3                                     (23.78%)
               110      unc_h_requests_invitoe_remote_4                                     (23.60%)
             9,509      unc_h_requests_invitoe_remote_5                                     (23.81%)
               247      unc_h_requests_invitoe_remote_6                                     (23.84%)
             6,395      unc_h_requests_invitoe_remote_7                                     (23.53%)
     1,019,797,965      unc_h_requests_reads_0                                        (23.72%)
     1,016,647,925      unc_h_requests_reads_1                                        (23.64%)
     1,017,064,873      unc_h_requests_reads_2                                        (23.68%)
     1,017,432,803      unc_h_requests_reads_3                                        (23.77%)
     1,013,329,471      unc_h_requests_reads_4                                        (23.56%)
     1,014,619,562      unc_h_requests_reads_5                                        (23.57%)
     1,014,685,104      unc_h_requests_reads_6                                        (23.59%)
     1,012,017,249      unc_h_requests_reads_7                                        (23.53%)
     1,018,375,386      unc_h_requests_reads_local_0                                     (23.41%)
     1,018,182,035      unc_h_requests_reads_local_1                                     (23.46%)
     1,020,155,542      unc_h_requests_reads_local_2                                     (23.53%)
     1,020,320,017      unc_h_requests_reads_local_3                                     (23.50%)
     1,019,433,575      unc_h_requests_reads_local_4                                     (23.53%)
     1,019,620,091      unc_h_requests_reads_local_5                                     (23.53%)
     1,020,132,933      unc_h_requests_reads_local_6                                     (23.53%)
     1,018,519,004      unc_h_requests_reads_local_7                                     (23.53%)
       443,315,294      unc_h_requests_writes_0                                       (23.53%)
       443,532,926      unc_h_requests_writes_1                                       (23.53%)
       443,770,010      unc_h_requests_writes_2                                       (23.53%)
       443,106,099      unc_h_requests_writes_3                                       (23.53%)
       443,260,337      unc_h_requests_writes_4                                       (23.53%)
       442,874,614      unc_h_requests_writes_5                                       (23.53%)
       443,045,114      unc_h_requests_writes_6                                       (23.53%)
       442,547,154      unc_h_requests_writes_7                                       (23.53%)
       443,082,625      unc_h_requests_writes_local_0                                     (23.53%)
       443,260,810      unc_h_requests_writes_local_1                                     (23.53%)
       443,519,195      unc_h_requests_writes_local_2                                     (23.53%)
       442,726,908      unc_h_requests_writes_local_3                                     (23.53%)
       443,003,927      unc_h_requests_writes_local_4                                     (23.53%)
       442,640,520      unc_h_requests_writes_local_5                                     (23.53%)
       442,805,921      unc_h_requests_writes_local_6                                     (23.53%)
       442,597,549      unc_h_requests_writes_local_7                                     (23.53%)
     2,258,035,686      unc_h_rxc_inserts_irq_0                                       (23.53%)
     2,176,472,035      unc_h_rxc_inserts_irq_1                                       (23.53%)
     2,175,881,131      unc_h_rxc_inserts_irq_2                                       (23.53%)
     2,177,623,012      unc_h_rxc_inserts_irq_3                                       (23.53%)
     2,176,227,155      unc_h_rxc_inserts_irq_4                                       (23.53%)
     2,176,517,097      unc_h_rxc_inserts_irq_5                                       (23.84%)
     2,177,553,739      unc_h_rxc_inserts_irq_6                                       (23.87%)
     2,174,259,704      unc_h_rxc_inserts_irq_7                                       (23.53%)
           179,031      unc_h_rxc_irq1_reject_pa_match_0                                     (23.72%)
           171,222      unc_h_rxc_irq1_reject_pa_match_1                                     (23.60%)
            95,797      unc_h_rxc_irq1_reject_pa_match_2                                     (23.62%)
            90,546      unc_h_rxc_irq1_reject_pa_match_3                                     (23.67%)
            94,973      unc_h_rxc_irq1_reject_pa_match_4                                     (23.57%)
            75,898      unc_h_rxc_irq1_reject_pa_match_5                                     (23.69%)
           109,226      unc_h_rxc_irq1_reject_pa_match_6                                     (23.74%)
           111,479      unc_h_rxc_irq1_reject_pa_match_7                                     (23.53%)
    17,441,289,665      unc_h_rxc_occupancy_irq_0                                     (23.35%)
    16,737,868,718      unc_h_rxc_occupancy_irq_1                                     (23.47%)
    16,662,814,827      unc_h_rxc_occupancy_irq_2                                     (23.41%)
    16,963,187,219      unc_h_rxc_occupancy_irq_3                                     (23.29%)
    17,332,840,079      unc_h_rxc_occupancy_irq_4                                     (23.53%)
    17,031,417,499      unc_h_rxc_occupancy_irq_5                                     (23.25%)
    22,886,169,135      unc_h_rxc_occupancy_irq_6                                     (23.19%)
    23,097,199,983      unc_h_rxc_occupancy_irq_7                                     (23.53%)
            15,430      unc_h_snoop_resp_rsp_fwd_wb_0                                     (23.34%)
            13,815      unc_h_snoop_resp_rsp_fwd_wb_1                                     (23.42%)
                 0      unc_h_snoop_resp_rsp_fwd_wb_2                                     (23.43%)
                 0      unc_h_snoop_resp_rsp_fwd_wb_3                                     (23.39%)
                 0      unc_h_snoop_resp_rsp_fwd_wb_4                                     (23.49%)
            14,876      unc_h_snoop_resp_rsp_fwd_wb_5                                     (23.37%)
            20,662      unc_h_snoop_resp_rsp_fwd_wb_6                                     (23.32%)
                 0      unc_h_snoop_resp_rsp_fwd_wb_7                                     (23.53%)
             7,337      unc_h_snoop_resp_rspcnflct_0                                     (23.50%)
             7,544      unc_h_snoop_resp_rspcnflct_1                                     (23.50%)
                 0      unc_h_snoop_resp_rspcnflct_2                                     (23.50%)
             6,951      unc_h_snoop_resp_rspcnflct_3                                     (23.52%)
                 0      unc_h_snoop_resp_rspcnflct_4                                     (23.53%)
                 0      unc_h_snoop_resp_rspcnflct_5                                     (23.52%)
                 0      unc_h_snoop_resp_rspcnflct_6                                     (23.52%)
                 0      unc_h_snoop_resp_rspcnflct_7                                     (23.53%)
                 0      unc_h_snoop_resp_rspifwd_0                                     (23.53%)
                 0      unc_h_snoop_resp_rspifwd_1                                     (23.53%)
             2,474      unc_h_snoop_resp_rspifwd_2                                     (23.53%)
                 0      unc_h_snoop_resp_rspifwd_3                                     (23.53%)
                 0      unc_h_snoop_resp_rspifwd_4                                     (23.53%)
                 0      unc_h_snoop_resp_rspifwd_5                                     (23.53%)
             5,181      unc_h_snoop_resp_rspifwd_6                                     (23.53%)
             5,125      unc_h_snoop_resp_rspifwd_7                                     (23.53%)
                 0      unc_h_snoop_resp_rspsfwd_0                                     (23.53%)
                 0      unc_h_snoop_resp_rspsfwd_1                                     (23.53%)
                 0      unc_h_snoop_resp_rspsfwd_2                                     (23.53%)
                 0      unc_h_snoop_resp_rspsfwd_3                                     (23.53%)
                 0      unc_h_snoop_resp_rspsfwd_4                                     (23.53%)
                 0      unc_h_snoop_resp_rspsfwd_5                                     (23.53%)
                 0      unc_h_snoop_resp_rspsfwd_6                                     (23.53%)
                 0      unc_h_snoop_resp_rspsfwd_7                                     (23.53%)
           138,198      unc_i_cache_total_occupancy_mem_0                                     (33.35%)
            96,854      unc_i_cache_total_occupancy_mem_1                                     (33.35%)
                 0      unc_i_cache_total_occupancy_mem_2                                     (33.32%)
                 0      unc_i_cache_total_occupancy_mem_3                                     (33.32%)
                 0      unc_i_cache_total_occupancy_mem_4                                     (33.32%)
                 0      unc_i_cache_total_occupancy_mem_5                                     (33.32%)
                12      unc_i_coherent_ops_pcitom_0                                     (33.32%)
                 0      unc_i_coherent_ops_pcitom_1                                     (33.32%)
                 0      unc_i_coherent_ops_pcitom_2                                     (33.33%)
                 0      unc_i_coherent_ops_pcitom_3                                     (33.33%)
                 0      unc_i_coherent_ops_pcitom_4                                     (33.33%)
                 0      unc_i_coherent_ops_pcitom_5                                     (33.33%)
               576      unc_i_coherent_ops_rfo_0                                      (33.33%)
               114      unc_i_coherent_ops_rfo_1                                      (33.33%)
                 0      unc_i_coherent_ops_rfo_2                                      (33.35%)
                 0      unc_i_coherent_ops_rfo_3                                      (33.35%)
                 0      unc_i_coherent_ops_rfo_4                                      (33.35%)
                 0      unc_i_coherent_ops_rfo_5                                      (33.35%)
               765      unc_i_faf_inserts_0                                           (33.35%)
            43,685      unc_i_faf_inserts_1                                           (33.35%)
                 0      unc_i_faf_inserts_2                                           (33.33%)
                 0      unc_i_faf_inserts_3                                           (33.33%)
                 0      unc_i_faf_inserts_4                                           (33.33%)
                 0      unc_i_faf_inserts_5                                           (33.33%)
               720      unc_i_faf_occupancy_0                                         (33.32%)
            43,997      unc_i_faf_occupancy_1                                         (33.33%)
                 0      unc_i_faf_occupancy_2                                         (33.33%)
                 0      unc_i_faf_occupancy_3                                         (33.33%)
                 0      unc_i_faf_occupancy_4                                         (33.33%)
                 0      unc_i_faf_occupancy_5                                         (33.33%)
               504      unc_i_transactions_wr_pref_0                                     (33.33%)
                51      unc_i_transactions_wr_pref_1                                     (33.33%)
                 0      unc_i_transactions_wr_pref_2                                     (33.35%)
                 0      unc_i_transactions_wr_pref_3                                     (33.35%)
                 0      unc_i_transactions_wr_pref_4                                     (33.35%)
                 0      unc_i_transactions_wr_pref_5                                     (33.35%)
    67,213,127,442      unc_iio_clockticks_0                                          (7.04%)
    67,398,817,815      unc_iio_clockticks_1                                          (7.04%)
    67,241,363,563      unc_iio_clockticks_2                                          (7.04%)
    67,225,249,616      unc_iio_clockticks_3                                          (7.04%)
                 0      unc_iio_clockticks_4                                          (7.04%)
                 0      unc_iio_clockticks_5                                          (7.03%)
                 0      unc_iio_comp_buf_inserts_cmpd_all_parts_0                                     (7.03%)
                 0      unc_iio_comp_buf_inserts_cmpd_all_parts_1                                     (7.02%)
                 0      unc_iio_comp_buf_inserts_cmpd_all_parts_2                                     (7.02%)
                 0      unc_iio_comp_buf_inserts_cmpd_all_parts_3                                     (7.03%)
                 0      unc_iio_comp_buf_inserts_cmpd_all_parts_4                                     (6.98%)
                 0      unc_iio_comp_buf_inserts_cmpd_all_parts_5                                     (7.03%)
                 0      unc_iio_comp_buf_inserts_cmpd_part0_0                                     (7.03%)
                 0      unc_iio_comp_buf_inserts_cmpd_part0_1                                     (7.02%)
                 0      unc_iio_comp_buf_inserts_cmpd_part0_2                                     (7.05%)
                 0      unc_iio_comp_buf_inserts_cmpd_part0_3                                     (7.04%)
                 0      unc_iio_comp_buf_inserts_cmpd_part0_4                                     (7.02%)
                 0      unc_iio_comp_buf_inserts_cmpd_part0_5                                     (7.03%)
                 0      unc_iio_comp_buf_inserts_cmpd_part1_0                                     (7.04%)
                 0      unc_iio_comp_buf_inserts_cmpd_part1_1                                     (5.28%)
                 0      unc_iio_comp_buf_inserts_cmpd_part1_2                                     (7.04%)
                 0      unc_iio_comp_buf_inserts_cmpd_part1_3                                     (7.06%)
                 0      unc_iio_comp_buf_inserts_cmpd_part1_4                                     (5.32%)
                 0      unc_iio_comp_buf_inserts_cmpd_part1_5                                     (7.03%)
                 0      unc_iio_comp_buf_inserts_cmpd_part2_0                                     (7.04%)
                 0      unc_iio_comp_buf_inserts_cmpd_part2_1                                     (7.04%)
                 0      unc_iio_comp_buf_inserts_cmpd_part2_2                                     (7.00%)
                 0      unc_iio_comp_buf_inserts_cmpd_part2_3                                     (7.02%)
                 0      unc_iio_comp_buf_inserts_cmpd_part2_4                                     (7.02%)
                 0      unc_iio_comp_buf_inserts_cmpd_part2_5                                     (7.03%)
                 0      unc_iio_comp_buf_inserts_cmpd_part3_0                                     (5.29%)
                 0      unc_iio_comp_buf_inserts_cmpd_part3_1                                     (7.01%)
                 0      unc_iio_comp_buf_inserts_cmpd_part3_2                                     (7.08%)
                 0      unc_iio_comp_buf_inserts_cmpd_part3_3                                     (5.28%)
                 0      unc_iio_comp_buf_inserts_cmpd_part3_4                                     (6.95%)
                 0      unc_iio_comp_buf_inserts_cmpd_part3_5                                     (7.04%)
            41,543      unc_iio_comp_buf_occupancy_cmpd_all_parts_0                                     (7.03%)
         8,369,610      unc_iio_comp_buf_occupancy_cmpd_all_parts_1                                     (7.02%)
                 0      unc_iio_comp_buf_occupancy_cmpd_all_parts_2                                     (7.03%)
                 0      unc_iio_comp_buf_occupancy_cmpd_all_parts_3                                     (7.01%)
                 0      unc_iio_comp_buf_occupancy_cmpd_all_parts_4                                     (7.01%)
                 0      unc_iio_comp_buf_occupancy_cmpd_all_parts_5                                     (7.03%)
                 0      unc_iio_comp_buf_occupancy_cmpd_part0_0                                     (7.02%)
           935,722      unc_iio_comp_buf_occupancy_cmpd_part0_1                                     (7.03%)
                 0      unc_iio_comp_buf_occupancy_cmpd_part0_2                                     (7.03%)
                 0      unc_iio_comp_buf_occupancy_cmpd_part0_3                                     (7.02%)
                 0      unc_iio_comp_buf_occupancy_cmpd_part0_4                                     (7.03%)
                 0      unc_iio_comp_buf_occupancy_cmpd_part0_5                                     (7.03%)
            23,261      unc_iio_comp_buf_occupancy_cmpd_part1_0                                     (7.02%)
                 0      unc_iio_comp_buf_occupancy_cmpd_part1_1                                     (7.02%)
                 0      unc_iio_comp_buf_occupancy_cmpd_part1_2                                     (7.03%)
                 0      unc_iio_comp_buf_occupancy_cmpd_part1_3                                     (7.03%)
                 0      unc_iio_comp_buf_occupancy_cmpd_part1_4                                     (7.02%)
                 0      unc_iio_comp_buf_occupancy_cmpd_part1_5                                     (7.02%)
                 0      unc_iio_comp_buf_occupancy_cmpd_part2_0                                     (7.02%)
                 0      unc_iio_comp_buf_occupancy_cmpd_part2_1                                     (7.03%)
                 0      unc_iio_comp_buf_occupancy_cmpd_part2_2                                     (7.03%)
                 0      unc_iio_comp_buf_occupancy_cmpd_part2_3                                     (7.03%)
                 0      unc_iio_comp_buf_occupancy_cmpd_part2_4                                     (7.06%)
                 0      unc_iio_comp_buf_occupancy_cmpd_part2_5                                     (7.02%)
                 0      unc_iio_comp_buf_occupancy_cmpd_part3_0                                     (7.01%)
                 0      unc_iio_comp_buf_occupancy_cmpd_part3_1                                     (7.03%)
                 0      unc_iio_comp_buf_occupancy_cmpd_part3_2                                     (7.00%)
                 0      unc_iio_comp_buf_occupancy_cmpd_part3_3                                     (7.00%)
                 0      unc_iio_comp_buf_occupancy_cmpd_part3_4                                     (7.02%)
                 0      unc_iio_comp_buf_occupancy_cmpd_part3_5                                     (7.02%)
                 0      unc_iio_data_req_by_cpu_mem_read_part0_0                                     (7.02%)
                 0      unc_iio_data_req_by_cpu_mem_read_part0_1                                     (7.01%)
                 0      unc_iio_data_req_by_cpu_mem_read_part0_2                                     (7.01%)
                 0      unc_iio_data_req_by_cpu_mem_read_part0_3                                     (7.00%)
                 0      unc_iio_data_req_by_cpu_mem_read_part0_4                                     (7.03%)
                 0      unc_iio_data_req_by_cpu_mem_read_part0_5                                     (7.02%)
                 0      unc_iio_data_req_by_cpu_mem_read_part1_0                                     (5.28%)
                 0      unc_iio_data_req_by_cpu_mem_read_part1_1                                     (5.28%)
                 0      unc_iio_data_req_by_cpu_mem_read_part1_2                                     (5.29%)
                 0      unc_iio_data_req_by_cpu_mem_read_part1_3                                     (5.32%)
                 0      unc_iio_data_req_by_cpu_mem_read_part1_4                                     (5.32%)
                 0      unc_iio_data_req_by_cpu_mem_read_part1_5                                     (5.27%)
                 0      unc_iio_data_req_by_cpu_mem_read_part2_0                                     (7.01%)
                 0      unc_iio_data_req_by_cpu_mem_read_part2_1                                     (7.02%)
                 0      unc_iio_data_req_by_cpu_mem_read_part2_2                                     (7.01%)
                 0      unc_iio_data_req_by_cpu_mem_read_part2_3                                     (6.98%)
                 0      unc_iio_data_req_by_cpu_mem_read_part2_4                                     (6.97%)
                 0      unc_iio_data_req_by_cpu_mem_read_part2_5                                     (7.02%)
                 0      unc_iio_data_req_by_cpu_mem_read_part3_0                                     (7.02%)
                 0      unc_iio_data_req_by_cpu_mem_read_part3_1                                     (5.32%)
                 0      unc_iio_data_req_by_cpu_mem_read_part3_2                                     (5.33%)
                 0      unc_iio_data_req_by_cpu_mem_read_part3_3                                     (6.95%)
                 0      unc_iio_data_req_by_cpu_mem_read_part3_4                                     (5.35%)
                 0      unc_iio_data_req_by_cpu_mem_read_part3_5                                     (5.27%)
                 0      unc_iio_data_req_by_cpu_mem_write_part0_0                                     (7.03%)
                 0      unc_iio_data_req_by_cpu_mem_write_part0_1                                     (7.01%)
                 0      unc_iio_data_req_by_cpu_mem_write_part0_2                                     (7.00%)
                 0      unc_iio_data_req_by_cpu_mem_write_part0_3                                     (6.99%)
                 0      unc_iio_data_req_by_cpu_mem_write_part0_4                                     (6.97%)
                 0      unc_iio_data_req_by_cpu_mem_write_part0_5                                     (7.03%)
                 0      unc_iio_data_req_by_cpu_mem_write_part1_0                                     (7.02%)
                 0      unc_iio_data_req_by_cpu_mem_write_part1_1                                     (7.03%)
                 0      unc_iio_data_req_by_cpu_mem_write_part1_2                                     (7.03%)
                 0      unc_iio_data_req_by_cpu_mem_write_part1_3                                     (7.02%)
                 0      unc_iio_data_req_by_cpu_mem_write_part1_4                                     (7.03%)
                 0      unc_iio_data_req_by_cpu_mem_write_part1_5                                     (7.02%)
                 0      unc_iio_data_req_by_cpu_mem_write_part2_0                                     (7.02%)
                 0      unc_iio_data_req_by_cpu_mem_write_part2_1                                     (7.02%)
                 0      unc_iio_data_req_by_cpu_mem_write_part2_2                                     (7.02%)
                 0      unc_iio_data_req_by_cpu_mem_write_part2_3                                     (7.01%)
                 0      unc_iio_data_req_by_cpu_mem_write_part2_4                                     (7.01%)
                 0      unc_iio_data_req_by_cpu_mem_write_part2_5                                     (7.02%)
                 0      unc_iio_data_req_by_cpu_mem_write_part3_0                                     (7.02%)
                 0      unc_iio_data_req_by_cpu_mem_write_part3_1                                     (7.02%)
                 0      unc_iio_data_req_by_cpu_mem_write_part3_2                                     (7.02%)
                 0      unc_iio_data_req_by_cpu_mem_write_part3_3                                     (7.02%)
                 0      unc_iio_data_req_by_cpu_mem_write_part3_4                                     (7.02%)
                 0      unc_iio_data_req_by_cpu_mem_write_part3_5                                     (7.02%)
                 0      unc_iio_data_req_by_cpu_peer_read_part0_0                                     (7.02%)
                 0      unc_iio_data_req_by_cpu_peer_read_part0_1                                     (7.03%)
                 0      unc_iio_data_req_by_cpu_peer_read_part0_2                                     (7.04%)
                 0      unc_iio_data_req_by_cpu_peer_read_part0_3                                     (7.04%)
                 0      unc_iio_data_req_by_cpu_peer_read_part0_4                                     (7.04%)
                 0      unc_iio_data_req_by_cpu_peer_read_part0_5                                     (7.02%)
                 0      unc_iio_data_req_by_cpu_peer_read_part1_0                                     (7.02%)
                 0      unc_iio_data_req_by_cpu_peer_read_part1_1                                     (7.03%)
                 0      unc_iio_data_req_by_cpu_peer_read_part1_2                                     (7.03%)
                 0      unc_iio_data_req_by_cpu_peer_read_part1_3                                     (7.04%)
                 0      unc_iio_data_req_by_cpu_peer_read_part1_4                                     (7.03%)
                 0      unc_iio_data_req_by_cpu_peer_read_part1_5                                     (7.02%)
                 0      unc_iio_data_req_by_cpu_peer_read_part2_0                                     (7.02%)
                 0      unc_iio_data_req_by_cpu_peer_read_part2_1                                     (7.01%)
                 0      unc_iio_data_req_by_cpu_peer_read_part2_2                                     (6.99%)
                 0      unc_iio_data_req_by_cpu_peer_read_part2_3                                     (6.98%)
                 0      unc_iio_data_req_by_cpu_peer_read_part2_4                                     (7.00%)
                 0      unc_iio_data_req_by_cpu_peer_read_part2_5                                     (7.02%)
                 0      unc_iio_data_req_by_cpu_peer_read_part3_0                                     (7.01%)
                 0      unc_iio_data_req_by_cpu_peer_read_part3_1                                     (7.01%)
                 0      unc_iio_data_req_by_cpu_peer_read_part3_2                                     (7.02%)
                 0      unc_iio_data_req_by_cpu_peer_read_part3_3                                     (7.01%)
                 0      unc_iio_data_req_by_cpu_peer_read_part3_4                                     (7.02%)
                 0      unc_iio_data_req_by_cpu_peer_read_part3_5                                     (7.01%)
                 0      unc_iio_data_req_by_cpu_peer_write_part0_0                                     (7.01%)
                 0      unc_iio_data_req_by_cpu_peer_write_part0_1                                     (7.02%)
                 0      unc_iio_data_req_by_cpu_peer_write_part0_2                                     (7.01%)
                 0      unc_iio_data_req_by_cpu_peer_write_part0_3                                     (7.00%)
                 0      unc_iio_data_req_by_cpu_peer_write_part0_4                                     (7.01%)
                 0      unc_iio_data_req_by_cpu_peer_write_part0_5                                     (7.02%)
                 0      unc_iio_data_req_by_cpu_peer_write_part1_0                                     (7.01%)
                 0      unc_iio_data_req_by_cpu_peer_write_part1_1                                     (7.01%)
                 0      unc_iio_data_req_by_cpu_peer_write_part1_2                                     (7.00%)
                 0      unc_iio_data_req_by_cpu_peer_write_part1_3                                     (6.99%)
                 0      unc_iio_data_req_by_cpu_peer_write_part1_4                                     (7.00%)
                 0      unc_iio_data_req_by_cpu_peer_write_part1_5                                     (7.01%)
                 0      unc_iio_data_req_by_cpu_peer_write_part2_0                                     (7.01%)
                 0      unc_iio_data_req_by_cpu_peer_write_part2_1                                     (3.51%)
                 0      unc_iio_data_req_by_cpu_peer_write_part2_2                                     (5.28%)
                 0      unc_iio_data_req_by_cpu_peer_write_part2_3                                     (7.04%)
                 0      unc_iio_data_req_by_cpu_peer_write_part2_4                                     (3.54%)
                 0      unc_iio_data_req_by_cpu_peer_write_part2_5                                     (5.26%)
                 0      unc_iio_data_req_by_cpu_peer_write_part3_0                                     (7.02%)
                 0      unc_iio_data_req_by_cpu_peer_write_part3_1                                     (5.28%)
                 0      unc_iio_data_req_by_cpu_peer_write_part3_2                                     (5.29%)
                 0      unc_iio_data_req_by_cpu_peer_write_part3_3                                     (7.07%)
                 0      unc_iio_data_req_by_cpu_peer_write_part3_4                                     (5.30%)
                 0      unc_iio_data_req_by_cpu_peer_write_part3_5                                     (5.26%)
                 0      unc_iio_data_req_of_cpu_mem_read_part0_0                                     (7.03%)
                 0      unc_iio_data_req_of_cpu_mem_read_part0_1                                     (7.05%)
                 0      unc_iio_data_req_of_cpu_mem_read_part0_2                                     (7.06%)
                 0      unc_iio_data_req_of_cpu_mem_read_part0_3                                     (7.03%)
                 0      unc_iio_data_req_of_cpu_mem_read_part0_4                                     (7.04%)
                 0      unc_iio_data_req_of_cpu_mem_read_part0_5                                     (7.02%)
                 0      unc_iio_data_req_of_cpu_mem_read_part1_0                                     (7.02%)
                 0      unc_iio_data_req_of_cpu_mem_read_part1_1                                     (7.01%)
                 0      unc_iio_data_req_of_cpu_mem_read_part1_2                                     (7.01%)
                 0      unc_iio_data_req_of_cpu_mem_read_part1_3                                     (6.99%)
                 0      unc_iio_data_req_of_cpu_mem_read_part1_4                                     (6.99%)
                 0      unc_iio_data_req_of_cpu_mem_read_part1_5                                     (7.02%)
                 0      unc_iio_data_req_of_cpu_mem_read_part2_0                                     (5.26%)
                 0      unc_iio_data_req_of_cpu_mem_read_part2_1                                     (6.99%)
                 0      unc_iio_data_req_of_cpu_mem_read_part2_2                                     (6.98%)
                 0      unc_iio_data_req_of_cpu_mem_read_part2_3                                     (5.26%)
                 0      unc_iio_data_req_of_cpu_mem_read_part2_4                                     (6.96%)
                 0      unc_iio_data_req_of_cpu_mem_read_part2_5                                     (7.02%)
                 0      unc_iio_data_req_of_cpu_mem_read_part3_0                                     (7.01%)
                 0      unc_iio_data_req_of_cpu_mem_read_part3_1                                     (6.99%)
                 0      unc_iio_data_req_of_cpu_mem_read_part3_2                                     (6.97%)
                 0      unc_iio_data_req_of_cpu_mem_read_part3_3                                     (6.95%)
                 0      unc_iio_data_req_of_cpu_mem_read_part3_4                                     (6.93%)
                 0      unc_iio_data_req_of_cpu_mem_read_part3_5                                     (7.02%)
                 0      unc_iio_data_req_of_cpu_mem_write_part0_0                                     (7.00%)
                 0      unc_iio_data_req_of_cpu_mem_write_part0_1                                     (5.24%)
                 0      unc_iio_data_req_of_cpu_mem_write_part0_2                                     (5.21%)
                 0      unc_iio_data_req_of_cpu_mem_write_part0_3                                     (6.96%)
                 0      unc_iio_data_req_of_cpu_mem_write_part0_4                                     (5.23%)
                 0      unc_iio_data_req_of_cpu_mem_write_part0_5                                     (5.26%)
                 0      unc_iio_data_req_of_cpu_mem_write_part1_0                                     (3.51%)
                 0      unc_iio_data_req_of_cpu_mem_write_part1_1                                     (3.51%)
                 0      unc_iio_data_req_of_cpu_mem_write_part1_2                                     (3.51%)
                 0      unc_iio_data_req_of_cpu_mem_write_part1_3                                     (3.54%)
                 0      unc_iio_data_req_of_cpu_mem_write_part1_4                                     (3.54%)
                 0      unc_iio_data_req_of_cpu_mem_write_part1_5                                     (3.51%)
                 0      unc_iio_data_req_of_cpu_mem_write_part2_0                                     (3.51%)
                 0      unc_iio_data_req_of_cpu_mem_write_part2_1                                     (3.52%)
                 0      unc_iio_data_req_of_cpu_mem_write_part2_2                                     (3.53%)
                 0      unc_iio_data_req_of_cpu_mem_write_part2_3                                     (3.57%)
                 0      unc_iio_data_req_of_cpu_mem_write_part2_4                                     (3.57%)
                 0      unc_iio_data_req_of_cpu_mem_write_part2_5                                     (3.51%)
                 0      unc_iio_data_req_of_cpu_mem_write_part3_0                                     (3.52%)
                 0      unc_iio_data_req_of_cpu_mem_write_part3_1                                     (3.54%)
                 0      unc_iio_data_req_of_cpu_mem_write_part3_2                                     (3.55%)
                 0      unc_iio_data_req_of_cpu_mem_write_part3_3                                     (3.57%)
                 0      unc_iio_data_req_of_cpu_mem_write_part3_4                                     (3.59%)
                 0      unc_iio_data_req_of_cpu_mem_write_part3_5                                     (3.51%)
                 0      unc_iio_data_req_of_cpu_peer_read_part0_0                                     (3.52%)
                 0      unc_iio_data_req_of_cpu_peer_read_part0_1                                     (5.28%)
                 0      unc_iio_data_req_of_cpu_peer_read_part0_2                                     (5.29%)
                 0      unc_iio_data_req_of_cpu_peer_read_part0_3                                     (3.51%)
                 0      unc_iio_data_req_of_cpu_peer_read_part0_4                                     (5.27%)
                 0      unc_iio_data_req_of_cpu_peer_read_part0_5                                     (5.26%)
                 0      unc_iio_data_req_of_cpu_peer_read_part1_0                                     (5.28%)
                 0      unc_iio_data_req_of_cpu_peer_read_part1_1                                     (5.27%)
                 0      unc_iio_data_req_of_cpu_peer_read_part1_2                                     (7.01%)
                 0      unc_iio_data_req_of_cpu_peer_read_part1_3                                     (5.22%)
                 0      unc_iio_data_req_of_cpu_peer_read_part1_4                                     (5.21%)
                 0      unc_iio_data_req_of_cpu_peer_read_part1_5                                     (7.02%)
                 0      unc_iio_data_req_of_cpu_peer_read_part2_0                                     (7.01%)
                 0      unc_iio_data_req_of_cpu_peer_read_part2_1                                     (5.26%)
                 0      unc_iio_data_req_of_cpu_peer_read_part2_2                                     (7.02%)
                 0      unc_iio_data_req_of_cpu_peer_read_part2_3                                     (7.00%)
                 0      unc_iio_data_req_of_cpu_peer_read_part2_4                                     (5.24%)
                 0      unc_iio_data_req_of_cpu_peer_read_part2_5                                     (5.26%)
                 0      unc_iio_data_req_of_cpu_peer_read_part3_0                                     (7.00%)
                 0      unc_iio_data_req_of_cpu_peer_read_part3_1                                     (7.00%)
                 0      unc_iio_data_req_of_cpu_peer_read_part3_2                                     (5.27%)
                 0      unc_iio_data_req_of_cpu_peer_read_part3_3                                     (7.03%)
                 0      unc_iio_data_req_of_cpu_peer_read_part3_4                                     (7.02%)
                 0      unc_iio_data_req_of_cpu_peer_read_part3_5                                     (5.26%)
                 0      unc_iio_data_req_of_cpu_peer_write_part0_0                                     (5.27%)
                 0      unc_iio_data_req_of_cpu_peer_write_part0_1                                     (7.02%)
                 0      unc_iio_data_req_of_cpu_peer_write_part0_2                                     (5.27%)
                 0      unc_iio_data_req_of_cpu_peer_write_part0_3                                     (5.27%)
                 0      unc_iio_data_req_of_cpu_peer_write_part0_4                                     (7.02%)
                 0      unc_iio_data_req_of_cpu_peer_write_part0_5                                     (7.02%)
                 0      unc_iio_data_req_of_cpu_peer_write_part1_0                                     (5.26%)
                 0      unc_iio_data_req_of_cpu_peer_write_part1_1                                     (7.02%)
                 0      unc_iio_data_req_of_cpu_peer_write_part1_2                                     (7.02%)
                 0      unc_iio_data_req_of_cpu_peer_write_part1_3                                     (5.26%)
                 0      unc_iio_data_req_of_cpu_peer_write_part1_4                                     (7.01%)
                 0      unc_iio_data_req_of_cpu_peer_write_part1_5                                     (7.02%)
                 0      unc_iio_data_req_of_cpu_peer_write_part2_0                                     (7.02%)
                 0      unc_iio_data_req_of_cpu_peer_write_part2_1                                     (7.02%)
                 0      unc_iio_data_req_of_cpu_peer_write_part2_2                                     (7.01%)
                 0      unc_iio_data_req_of_cpu_peer_write_part2_3                                     (7.01%)
                 0      unc_iio_data_req_of_cpu_peer_write_part2_4                                     (5.26%)
                 0      unc_iio_data_req_of_cpu_peer_write_part2_5                                     (7.02%)
                 0      unc_iio_data_req_of_cpu_peer_write_part3_0                                     (7.02%)
                 0      unc_iio_data_req_of_cpu_peer_write_part3_1                                     (5.26%)
                 0      unc_iio_data_req_of_cpu_peer_write_part3_2                                     (7.01%)
                 0      unc_iio_data_req_of_cpu_peer_write_part3_3                                     (7.01%)
                 0      unc_iio_data_req_of_cpu_peer_write_part3_4                                     (5.26%)
                 0      unc_iio_data_req_of_cpu_peer_write_part3_5                                     (7.02%)
                 0      unc_iio_payload_bytes_in_mem_read_part0_0                                     (7.02%)
                 0      unc_iio_payload_bytes_in_mem_read_part0_1                                     (5.26%)
                 0      unc_iio_payload_bytes_in_mem_read_part0_2                                     (5.26%)
                 0      unc_iio_payload_bytes_in_mem_read_part0_3                                     (7.02%)
                 0      unc_iio_payload_bytes_in_mem_read_part0_4                                     (7.02%)
                 0      unc_iio_payload_bytes_in_mem_read_part0_5                                     (5.26%)
                 0      unc_iio_payload_bytes_in_mem_read_part1_0                                     (7.02%)
                 0      unc_iio_payload_bytes_in_mem_read_part1_1                                     (7.02%)
                 0      unc_iio_payload_bytes_in_mem_read_part1_2                                     (5.26%)
                 0      unc_iio_payload_bytes_in_mem_read_part1_3                                     (5.27%)
                 0      unc_iio_payload_bytes_in_mem_read_part1_4                                     (7.03%)
                 0      unc_iio_payload_bytes_in_mem_read_part1_5                                     (5.26%)
                 0      unc_iio_payload_bytes_in_mem_read_part2_0                                     (5.27%)
                 0      unc_iio_payload_bytes_in_mem_read_part2_1                                     (7.02%)
                 0      unc_iio_payload_bytes_in_mem_read_part2_2                                     (7.03%)
                 0      unc_iio_payload_bytes_in_mem_read_part2_3                                     (5.28%)
                 0      unc_iio_payload_bytes_in_mem_read_part2_4                                     (7.04%)
                 0      unc_iio_payload_bytes_in_mem_read_part2_5                                     (7.02%)
                 0      unc_iio_payload_bytes_in_mem_read_part3_0                                     (5.26%)
                 0      unc_iio_payload_bytes_in_mem_read_part3_1                                     (5.27%)
                 0      unc_iio_payload_bytes_in_mem_read_part3_2                                     (7.02%)
                 0      unc_iio_payload_bytes_in_mem_read_part3_3                                     (7.02%)
                 0      unc_iio_payload_bytes_in_mem_read_part3_4                                     (5.27%)
                 0      unc_iio_payload_bytes_in_mem_read_part3_5                                     (7.02%)
                 0      unc_iio_payload_bytes_in_mem_write_part0_0                                     (7.02%)
                 0      unc_iio_payload_bytes_in_mem_write_part0_1                                     (5.27%)
                 0      unc_iio_payload_bytes_in_mem_write_part0_2                                     (7.02%)
                 0      unc_iio_payload_bytes_in_mem_write_part0_3                                     (7.03%)
                 0      unc_iio_payload_bytes_in_mem_write_part0_4                                     (5.28%)
                 0      unc_iio_payload_bytes_in_mem_write_part0_5                                     (7.02%)
                 0      unc_iio_payload_bytes_in_mem_write_part1_0                                     (7.02%)
                 0      unc_iio_payload_bytes_in_mem_write_part1_1                                     (7.04%)
                 0      unc_iio_payload_bytes_in_mem_write_part1_2                                     (7.04%)
                 0      unc_iio_payload_bytes_in_mem_write_part1_3                                     (7.05%)
                 0      unc_iio_payload_bytes_in_mem_write_part1_4                                     (7.07%)
                 0      unc_iio_payload_bytes_in_mem_write_part1_5                                     (7.02%)
                 0      unc_iio_payload_bytes_in_mem_write_part2_0                                     (7.03%)
                 0      unc_iio_payload_bytes_in_mem_write_part2_1                                     (7.02%)
                 0      unc_iio_payload_bytes_in_mem_write_part2_2                                     (7.00%)
                 0      unc_iio_payload_bytes_in_mem_write_part2_3                                     (7.00%)
                 0      unc_iio_payload_bytes_in_mem_write_part2_4                                     (6.99%)
                 0      unc_iio_payload_bytes_in_mem_write_part2_5                                     (7.02%)
                 0      unc_iio_payload_bytes_in_mem_write_part3_0                                     (7.01%)
                 0      unc_iio_payload_bytes_in_mem_write_part3_1                                     (7.00%)
                 0      unc_iio_payload_bytes_in_mem_write_part3_2                                     (7.00%)
                 0      unc_iio_payload_bytes_in_mem_write_part3_3                                     (6.98%)
                 0      unc_iio_payload_bytes_in_mem_write_part3_4                                     (6.97%)
                 0      unc_iio_payload_bytes_in_mem_write_part3_5                                     (7.01%)
                 0      unc_iio_txn_req_by_cpu_mem_read_part0_0                                     (7.01%)
                 0      unc_iio_txn_req_by_cpu_mem_read_part0_1                                     (7.01%)
                 0      unc_iio_txn_req_by_cpu_mem_read_part0_2                                     (7.02%)
                 0      unc_iio_txn_req_by_cpu_mem_read_part0_3                                     (7.02%)
                 0      unc_iio_txn_req_by_cpu_mem_read_part0_4                                     (7.02%)
                 0      unc_iio_txn_req_by_cpu_mem_read_part0_5                                     (7.01%)
                 0      unc_iio_txn_req_by_cpu_mem_read_part1_0                                     (7.02%)
                 0      unc_iio_txn_req_by_cpu_mem_read_part1_1                                     (7.01%)
                 0      unc_iio_txn_req_by_cpu_mem_read_part1_2                                     (7.01%)
                 0      unc_iio_txn_req_by_cpu_mem_read_part1_3                                     (7.02%)
                 0      unc_iio_txn_req_by_cpu_mem_read_part1_4                                     (7.03%)
                 0      unc_iio_txn_req_by_cpu_mem_read_part1_5                                     (7.01%)
                 0      unc_iio_txn_req_by_cpu_mem_read_part2_0                                     (7.02%)
                 0      unc_iio_txn_req_by_cpu_mem_read_part2_1                                     (7.02%)
                 0      unc_iio_txn_req_by_cpu_mem_read_part2_2                                     (7.02%)
                 0      unc_iio_txn_req_by_cpu_mem_read_part2_3                                     (7.01%)
                 0      unc_iio_txn_req_by_cpu_mem_read_part2_4                                     (7.01%)
                 0      unc_iio_txn_req_by_cpu_mem_read_part2_5                                     (7.01%)
                 0      unc_iio_txn_req_by_cpu_mem_read_part3_0                                     (7.01%)
                 0      unc_iio_txn_req_by_cpu_mem_read_part3_1                                     (7.01%)
                 0      unc_iio_txn_req_by_cpu_mem_read_part3_2                                     (7.01%)
                 0      unc_iio_txn_req_by_cpu_mem_read_part3_3                                     (7.01%)
                 0      unc_iio_txn_req_by_cpu_mem_read_part3_4                                     (6.99%)
                 0      unc_iio_txn_req_by_cpu_mem_read_part3_5                                     (7.01%)
                 0      unc_iio_txn_req_by_cpu_mem_write_part0_0                                     (7.01%)
                 0      unc_iio_txn_req_by_cpu_mem_write_part0_1                                     (7.01%)
                 0      unc_iio_txn_req_by_cpu_mem_write_part0_2                                     (7.00%)
                 0      unc_iio_txn_req_by_cpu_mem_write_part0_3                                     (7.00%)
                 0      unc_iio_txn_req_by_cpu_mem_write_part0_4                                     (7.00%)
                 0      unc_iio_txn_req_by_cpu_mem_write_part0_5                                     (7.01%)
                 0      unc_iio_txn_req_by_cpu_mem_write_part1_0                                     (7.01%)
                 0      unc_iio_txn_req_by_cpu_mem_write_part1_1                                     (7.01%)
                 0      unc_iio_txn_req_by_cpu_mem_write_part1_2                                     (7.00%)
                 0      unc_iio_txn_req_by_cpu_mem_write_part1_3                                     (7.00%)
                 0      unc_iio_txn_req_by_cpu_mem_write_part1_4                                     (7.00%)
                 0      unc_iio_txn_req_by_cpu_mem_write_part1_5                                     (7.01%)

      69.787873832 seconds time elapsed

