# started on Mon Feb  5 04:05:43 2024


 Performance counter stats for 'system wide':

     9,050,274,978      r151                                                          (10.00%)
    15,559,608,376      r248                                                          (10.00%)
   365,301,509,079      r148                                                          (10.00%)
   127,815,926,175      r1000148                                                      (10.00%)
   127,815,991,863      r1200148                                                      (10.00%)
     9,038,049,171      r1ff1                                                         (10.01%)
     8,327,974,943      r2f2                                                          (10.01%)
       101,576,015      r1f2                                                          (10.01%)
         6,944,414      r4f2                                                          (10.01%)
         6,967,055      r4f2                                                          (10.01%)
       133,332,879      re424                                                         (10.01%)
     1,295,315,211      re124                                                         (10.01%)
     1,198,720,941      r2724                                                         (10.01%)
     4,731,698,929      re724                                                         (10.01%)
    10,349,341,420      rf824                                                         (10.01%)
     3,301,227,088      re224                                                         (10.01%)
       105,172,408      rc424                                                         (10.01%)
        30,503,972      r2424                                                         (10.01%)
     1,171,632,960      rc124                                                         (10.01%)
       123,972,723      r2124                                                         (10.01%)
     9,032,636,741      r3f24                                                         (10.01%)
     2,515,826,620      rd824                                                         (10.01%)
     7,828,189,087      r3824                                                         (10.01%)
    15,082,192,534      rff24                                                         (10.01%)
     2,257,633,798      rc224                                                         (10.00%)
     1,051,132,926      r2224                                                         (10.00%)
     8,326,851,643      r40f0                                                         (10.00%)
     7,897,244,956      r412e                                                         (10.00%)
     8,431,931,395      r4f2e                                                         (10.00%)
    45,020,152,275      r81d0                                                         (10.00%)
    31,947,140,665      r82d0                                                         (10.00%)
        18,682,251      r21d0                                                         (10.00%)
           190,643      r41d0                                                         (10.00%)
           879,498      r42d0                                                         (5.00%)
           204,697      r11d0                                                         (5.00%)
           150,914      r12d0                                                         (5.00%)
            53,912      r2d2                                                          (5.00%)
         1,524,646      r4d2                                                          (5.00%)
             5,161      r1d2                                                          (5.00%)
        10,996,488      r8d2                                                          (5.00%)
       313,051,841      r1d3                                                          (6.25%)
                 0      r2d3                                                          (7.50%)
                 0      r8d3                                                          (8.75%)
                 0      r4d3                                                          (10.00%)
                 0      r4d4                                                          (10.00%)
    20,932,146,058      r40d1                                                         (10.00%)
    22,399,674,396      r1d1                                                          (10.00%)
     1,689,166,777      r8d1                                                          (10.00%)
     1,284,290,290      r2d1                                                          (10.00%)
       406,459,550      r10d1                                                         (5.00%)
        11,205,678      r4d1                                                          (5.00%)
       392,545,120      r20d1                                                         (5.00%)
     4,677,475,424      r8b0                                                          (6.25%)
    18,189,001,435      r80b0                                                         (7.50%)
        30,103,701      r2b0                                                          (8.75%)
       529,614,848      r1b0                                                          (10.00%)
     2,080,295,048      r4b0                                                          (10.00%)
    76,147,649,537      r1b2                                                          (10.00%)
 1,174,292,968,569      r860                                                          (10.00%)
   135,328,444,106      r1000860                                                      (10.00%)
       720,291,348      r1000260                                                      (10.00%)
    54,323,120,586      r1000160                                                      (10.00%)
    89,533,219,848      r1000460                                                      (10.00%)
     2,593,877,991      r260                                                          (10.00%)
    96,023,074,154      r160                                                          (10.00%)
        45,620,570      r6000160                                                      (10.00%)
   455,061,696,702      r460                                                          (10.00%)
                 0      r1b7                                                          (10.00%)
                 0      r1b7                                                          (10.00%)
                 0      r1b7                                                          (10.00%)
                 0      r1b7                                                          (10.00%)
                 0      r1b7                                                          (10.00%)
                 0      r1b7                                                          (10.00%)
                 0      r1b7                                                          (10.00%)
                 0      r1b7                                                          (10.00%)
                 0      r1b7                                                          (10.00%)
                 0      r1b7                                                          (10.00%)
                 0      r1b7                                                          (10.00%)
                 0      r1b7                                                          (10.00%)
                 0      r1b7                                                          (10.00%)

      69.945328507 seconds time elapsed

