# started on Mon Feb  5 04:12:49 2024


 Performance counter stats for 'system wide':

     8,920,332,502      r151                                                          (10.00%)
    15,060,123,406      r248                                                          (10.00%)
   381,985,341,537      r148                                                          (10.00%)
   133,642,335,254      r1000148                                                      (10.00%)
   133,588,921,097      r1200148                                                      (10.00%)
     8,910,368,876      r1ff1                                                         (10.00%)
     8,498,321,314      r2f2                                                          (10.00%)
        97,807,670      r1f2                                                          (10.00%)
         6,349,122      r4f2                                                          (10.00%)
         6,343,664      r4f2                                                          (10.00%)
       127,783,595      re424                                                         (10.00%)
     1,317,042,062      re124                                                         (10.00%)
       904,752,018      r2724                                                         (10.00%)
     4,212,451,953      re724                                                         (10.00%)
    10,822,419,359      rf824                                                         (10.00%)
     2,764,582,365      re224                                                         (10.00%)
       103,396,142      rc424                                                         (10.00%)
        25,011,638      r2424                                                         (10.00%)
     1,192,295,776      rc124                                                         (10.00%)
       129,268,238      r2124                                                         (10.00%)
     8,902,081,308      r3f24                                                         (10.00%)
     2,821,380,711      rd824                                                         (10.00%)
     7,997,307,826      r3824                                                         (10.00%)
    15,041,662,297      rff24                                                         (10.00%)
     2,013,246,737      rc224                                                         (10.00%)
       751,883,371      r2224                                                         (10.00%)
     8,498,825,852      r40f0                                                         (10.00%)
     8,295,956,540      r412e                                                         (10.00%)
     8,602,752,921      r4f2e                                                         (10.00%)
    49,792,346,416      r81d0                                                         (10.00%)
    29,185,349,583      r82d0                                                         (10.00%)
        18,193,702      r21d0                                                         (10.00%)
           221,542      r41d0                                                         (10.00%)
           528,261      r42d0                                                         (5.00%)
           480,301      r11d0                                                         (5.00%)
           160,031      r12d0                                                         (5.00%)
            28,758      r2d2                                                          (5.00%)
         1,418,394      r4d2                                                          (5.00%)
             2,500      r1d2                                                          (5.00%)
        10,287,577      r8d2                                                          (5.00%)
       325,380,802      r1d3                                                          (6.25%)
                 0      r2d3                                                          (7.50%)
                 0      r8d3                                                          (8.75%)
                 0      r4d3                                                          (10.00%)
                 0      r4d4                                                          (10.00%)
    21,733,517,285      r40d1                                                         (10.00%)
    26,329,465,142      r1d1                                                          (10.00%)
     1,722,490,722      r8d1                                                          (10.00%)
     1,302,169,849      r2d1                                                          (10.00%)
       420,065,620      r10d1                                                         (5.00%)
        10,290,780      r4d1                                                          (5.00%)
       406,470,713      r20d1                                                         (5.00%)
     5,087,561,455      r8b0                                                          (6.25%)
    17,855,702,012      r80b0                                                         (7.50%)
        27,726,200      r2b0                                                          (8.75%)
       533,901,799      r1b0                                                          (10.00%)
     1,777,797,956      r4b0                                                          (10.00%)
    80,675,233,255      r1b2                                                          (10.00%)
 1,263,987,849,030      r860                                                          (10.00%)
   143,705,493,766      r1000860                                                      (10.00%)
       611,733,053      r1000260                                                      (10.00%)
    56,516,180,036      r1000160                                                      (10.00%)
    87,122,318,561      r1000460                                                      (10.00%)
     2,170,470,823      r260                                                          (10.00%)
    99,684,819,747      r160                                                          (10.00%)
        38,805,117      r6000160                                                      (10.00%)
   429,745,413,503      r460                                                          (10.00%)
                 0      r1b7                                                          (10.00%)
                 0      r1b7                                                          (10.00%)
                 0      r1b7                                                          (10.00%)
                 0      r1b7                                                          (10.00%)
                 0      r1b7                                                          (10.00%)
                 0      r1b7                                                          (10.00%)
                 0      r1b7                                                          (10.00%)
                 0      r1b7                                                          (10.00%)
                 0      r1b7                                                          (10.00%)
                 0      r1b7                                                          (10.00%)
                 0      r1b7                                                          (10.00%)
                 0      r1b7                                                          (10.00%)
                 0      r1b7                                                          (10.00%)

      69.846389689 seconds time elapsed

