# started on Mon Feb  5 06:25:03 2024


 Performance counter stats for 'system wide':

        46,775,374      r2ab                                                          (19.51%)
                 0      r1c6                                                          (19.51%)
                 0      r1c6                                                          (19.51%)
                 0      r1c6                                                          (19.51%)
                 0      r1c6                                                          (19.52%)
                 0      r1c6                                                          (9.76%)
                 0      r1c6                                                          (9.76%)
                 0      r1c6                                                          (9.76%)
                 0      r1c6                                                          (9.76%)
                 0      r1c6                                                          (9.76%)
                 0      r1c6                                                          (9.76%)
                 0      r1c6                                                          (9.76%)
                 0      r1c6                                                          (9.76%)
                 0      r1c6                                                          (9.76%)
                 0      r1c6                                                          (9.75%)
                 0      r1c6                                                          (9.75%)
                 0      r1c6                                                          (9.76%)
                 0      r1c6                                                          (9.76%)
       358,524,882      r480                                                          (12.19%)
    40,829,920,822      r183                                                          (14.63%)
       132,989,976      r283                                                          (17.07%)
        82,677,283      r483                                                          (19.51%)
    27,172,644,328      r4001879                                                      (19.51%)
    54,290,263,658      r1001879                                                      (19.51%)
       598,886,773      r4002479                                                      (19.51%)
     1,732,733,095      r1002479                                                      (19.51%)
    53,984,720,679      r1000879                                                      (19.51%)
   164,595,247,454      r879                                                          (19.51%)
     1,127,543,507      r1000479                                                      (19.51%)
     3,018,537,145      r479                                                          (19.51%)
       924,665,806      r1003079                                                      (19.51%)
       302,654,917      r1001079                                                      (19.51%)
     1,567,802,146      r2079                                                         (19.51%)
       275,121,327      r1043079                                                      (19.51%)
     2,548,191,669      r3079                                                         (19.51%)
    20,564,078,953      r19c                                                          (19.51%)
       977,334,971      r400019c                                                      (19.51%)
   161,332,695,331      r180019c                                                      (19.51%)
     4,906,096,985      r300019c                                                      (19.51%)
     7,149,585,390      r200019c                                                      (19.51%)
     7,446,035,790      r100019c                                                      (19.51%)

      69.794439400 seconds time elapsed

