# started on Tue Feb  6 10:26:41 2024


 Performance counter stats for 'system wide':

                 0      unc_h_dir_update_ha_0                                         (23.49%)
                 0      unc_h_dir_update_ha_1                                         (23.49%)
                 0      unc_h_dir_update_ha_2                                         (23.54%)
                 0      unc_h_dir_update_ha_3                                         (23.54%)
                 0      unc_h_dir_update_ha_4                                         (23.54%)
                 0      unc_h_dir_update_ha_5                                         (23.54%)
                 0      unc_h_dir_update_ha_6                                         (23.54%)
                 0      unc_h_dir_update_ha_7                                         (23.54%)
                 0      unc_h_dir_update_tor_0                                        (23.54%)
                 0      unc_h_dir_update_tor_1                                        (23.54%)
                 0      unc_h_dir_update_tor_2                                        (23.54%)
                 0      unc_h_dir_update_tor_3                                        (23.54%)
                 0      unc_h_dir_update_tor_4                                        (23.54%)
               752      unc_h_dir_update_tor_5                                        (23.54%)
                 0      unc_h_dir_update_tor_6                                        (23.54%)
             5,676      unc_h_dir_update_tor_7                                        (23.54%)
             3,072      unc_h_hitme_hit_ex_rds_0                                      (23.54%)
             2,494      unc_h_hitme_hit_ex_rds_1                                      (23.53%)
               884      unc_h_hitme_hit_ex_rds_2                                      (23.53%)
             3,178      unc_h_hitme_hit_ex_rds_3                                      (23.53%)
             2,048      unc_h_hitme_hit_ex_rds_4                                      (23.53%)
                 0      unc_h_hitme_hit_ex_rds_5                                      (23.53%)
             2,906      unc_h_hitme_hit_ex_rds_6                                      (23.53%)
             2,533      unc_h_hitme_hit_ex_rds_7                                      (23.53%)
               667      unc_h_misc_rfo_hit_s_0                                        (23.53%)
                30      unc_h_misc_rfo_hit_s_1                                        (23.53%)
                34      unc_h_misc_rfo_hit_s_2                                        (23.53%)
               892      unc_h_misc_rfo_hit_s_3                                        (23.66%)
               342      unc_h_misc_rfo_hit_s_4                                        (23.66%)
               238      unc_h_misc_rfo_hit_s_5                                        (23.53%)
               578      unc_h_misc_rfo_hit_s_6                                        (23.87%)
               581      unc_h_misc_rfo_hit_s_7                                        (23.93%)
        38,261,872      unc_h_requests_invitoe_local_0                                     (23.66%)
        38,450,362      unc_h_requests_invitoe_local_1                                     (23.60%)
        38,211,239      unc_h_requests_invitoe_local_2                                     (23.58%)
        38,140,378      unc_h_requests_invitoe_local_3                                     (23.67%)
        38,493,814      unc_h_requests_invitoe_local_4                                     (23.81%)
        38,567,415      unc_h_requests_invitoe_local_5                                     (23.53%)
        38,208,162      unc_h_requests_invitoe_local_6                                     (23.63%)
        38,226,955      unc_h_requests_invitoe_local_7                                     (23.66%)
               237      unc_h_requests_invitoe_remote_0                                     (23.62%)
             3,460      unc_h_requests_invitoe_remote_1                                     (23.64%)
                 0      unc_h_requests_invitoe_remote_2                                     (23.54%)
                 0      unc_h_requests_invitoe_remote_3                                     (23.42%)
                 0      unc_h_requests_invitoe_remote_4                                     (23.42%)
             7,172      unc_h_requests_invitoe_remote_5                                     (23.53%)
            21,381      unc_h_requests_invitoe_remote_6                                     (23.31%)
                 0      unc_h_requests_invitoe_remote_7                                     (23.14%)
     1,009,378,230      unc_h_requests_reads_0                                        (23.41%)
     1,009,306,713      unc_h_requests_reads_1                                        (23.37%)
     1,011,196,413      unc_h_requests_reads_2                                        (23.51%)
     1,009,832,539      unc_h_requests_reads_3                                        (23.40%)
     1,010,142,573      unc_h_requests_reads_4                                        (23.35%)
     1,015,039,150      unc_h_requests_reads_5                                        (23.53%)
     1,013,093,958      unc_h_requests_reads_6                                        (23.52%)
     1,011,818,455      unc_h_requests_reads_7                                        (23.52%)
     1,012,546,633      unc_h_requests_reads_local_0                                     (23.53%)
     1,012,859,069      unc_h_requests_reads_local_1                                     (23.53%)
     1,012,317,456      unc_h_requests_reads_local_2                                     (23.53%)
     1,012,462,468      unc_h_requests_reads_local_3                                     (23.53%)
     1,012,550,056      unc_h_requests_reads_local_4                                     (23.53%)
     1,014,659,061      unc_h_requests_reads_local_5                                     (23.53%)
     1,012,949,696      unc_h_requests_reads_local_6                                     (23.53%)
     1,011,574,340      unc_h_requests_reads_local_7                                     (23.53%)
       451,373,283      unc_h_requests_writes_0                                       (23.53%)
       451,386,595      unc_h_requests_writes_1                                       (23.53%)
       450,936,598      unc_h_requests_writes_2                                       (23.53%)
       451,676,268      unc_h_requests_writes_3                                       (23.53%)
       451,213,878      unc_h_requests_writes_4                                       (23.53%)
       452,069,035      unc_h_requests_writes_5                                       (23.53%)
       450,866,728      unc_h_requests_writes_6                                       (23.53%)
       450,957,751      unc_h_requests_writes_7                                       (23.53%)
       451,422,040      unc_h_requests_writes_local_0                                     (23.53%)
       451,295,113      unc_h_requests_writes_local_1                                     (23.53%)
       450,893,124      unc_h_requests_writes_local_2                                     (23.53%)
       451,784,526      unc_h_requests_writes_local_3                                     (23.53%)
       451,409,107      unc_h_requests_writes_local_4                                     (23.53%)
       451,833,409      unc_h_requests_writes_local_5                                     (23.53%)
       450,993,403      unc_h_requests_writes_local_6                                     (23.65%)
       451,051,619      unc_h_requests_writes_local_7                                     (23.65%)
     2,256,492,032      unc_h_rxc_inserts_irq_0                                       (23.53%)
     2,170,023,211      unc_h_rxc_inserts_irq_1                                       (23.70%)
     2,172,264,276      unc_h_rxc_inserts_irq_2                                       (23.59%)
     2,175,697,190      unc_h_rxc_inserts_irq_3                                       (23.74%)
     2,170,056,419      unc_h_rxc_inserts_irq_4                                       (23.71%)
     2,171,690,890      unc_h_rxc_inserts_irq_5                                       (23.53%)
     2,168,494,929      unc_h_rxc_inserts_irq_6                                       (23.75%)
     2,175,158,887      unc_h_rxc_inserts_irq_7                                       (23.79%)
           150,603      unc_h_rxc_irq1_reject_pa_match_0                                     (23.58%)
           156,951      unc_h_rxc_irq1_reject_pa_match_1                                     (23.58%)
            83,722      unc_h_rxc_irq1_reject_pa_match_2                                     (23.56%)
            81,445      unc_h_rxc_irq1_reject_pa_match_3                                     (23.58%)
           157,636      unc_h_rxc_irq1_reject_pa_match_4                                     (23.61%)
            87,981      unc_h_rxc_irq1_reject_pa_match_5                                     (23.53%)
           111,069      unc_h_rxc_irq1_reject_pa_match_6                                     (23.42%)
           145,356      unc_h_rxc_irq1_reject_pa_match_7                                     (23.42%)
    17,560,216,331      unc_h_rxc_occupancy_irq_0                                     (23.54%)
    16,861,669,368      unc_h_rxc_occupancy_irq_1                                     (23.47%)
    16,706,804,319      unc_h_rxc_occupancy_irq_2                                     (23.47%)
    17,060,031,280      unc_h_rxc_occupancy_irq_3                                     (23.32%)
    17,521,463,998      unc_h_rxc_occupancy_irq_4                                     (23.26%)
    17,234,234,344      unc_h_rxc_occupancy_irq_5                                     (23.53%)
    24,225,738,800      unc_h_rxc_occupancy_irq_6                                     (23.20%)
    24,037,061,378      unc_h_rxc_occupancy_irq_7                                     (23.27%)
             7,388      unc_h_snoop_resp_rsp_fwd_wb_0                                     (23.44%)
             6,093      unc_h_snoop_resp_rsp_fwd_wb_1                                     (23.42%)
            18,777      unc_h_snoop_resp_rsp_fwd_wb_2                                     (23.49%)
             7,548      unc_h_snoop_resp_rsp_fwd_wb_3                                     (23.48%)
             5,790      unc_h_snoop_resp_rsp_fwd_wb_4                                     (23.45%)
                 0      unc_h_snoop_resp_rsp_fwd_wb_5                                     (23.53%)
                 0      unc_h_snoop_resp_rsp_fwd_wb_6                                     (23.43%)
            22,271      unc_h_snoop_resp_rsp_fwd_wb_7                                     (23.41%)
                 0      unc_h_snoop_resp_rspcnflct_0                                     (23.52%)
                 0      unc_h_snoop_resp_rspcnflct_1                                     (23.52%)
             2,172      unc_h_snoop_resp_rspcnflct_2                                     (23.53%)
                 0      unc_h_snoop_resp_rspcnflct_3                                     (23.52%)
                 0      unc_h_snoop_resp_rspcnflct_4                                     (23.52%)
             2,036      unc_h_snoop_resp_rspcnflct_5                                     (23.53%)
             5,764      unc_h_snoop_resp_rspcnflct_6                                     (23.53%)
             5,458      unc_h_snoop_resp_rspcnflct_7                                     (23.53%)
                 0      unc_h_snoop_resp_rspifwd_0                                     (23.53%)
                 0      unc_h_snoop_resp_rspifwd_1                                     (23.53%)
             2,269      unc_h_snoop_resp_rspifwd_2                                     (23.53%)
                 0      unc_h_snoop_resp_rspifwd_3                                     (23.53%)
                 0      unc_h_snoop_resp_rspifwd_4                                     (23.53%)
                 0      unc_h_snoop_resp_rspifwd_5                                     (23.53%)
             5,814      unc_h_snoop_resp_rspifwd_6                                     (23.53%)
                 0      unc_h_snoop_resp_rspifwd_7                                     (23.53%)
             8,037      unc_h_snoop_resp_rspsfwd_0                                     (23.53%)
             6,345      unc_h_snoop_resp_rspsfwd_1                                     (23.53%)
                 0      unc_h_snoop_resp_rspsfwd_2                                     (23.53%)
             7,701      unc_h_snoop_resp_rspsfwd_3                                     (23.53%)
             5,839      unc_h_snoop_resp_rspsfwd_4                                     (23.53%)
             1,896      unc_h_snoop_resp_rspsfwd_5                                     (23.53%)
                 0      unc_h_snoop_resp_rspsfwd_6                                     (23.53%)
                 0      unc_h_snoop_resp_rspsfwd_7                                     (23.53%)
           143,518      unc_i_cache_total_occupancy_mem_0                                     (33.33%)
            65,605      unc_i_cache_total_occupancy_mem_1                                     (33.33%)
                 0      unc_i_cache_total_occupancy_mem_2                                     (33.33%)
                 0      unc_i_cache_total_occupancy_mem_3                                     (33.33%)
                 0      unc_i_cache_total_occupancy_mem_4                                     (33.33%)
                 0      unc_i_cache_total_occupancy_mem_5                                     (33.33%)
                30      unc_i_coherent_ops_pcitom_0                                     (33.33%)
                 0      unc_i_coherent_ops_pcitom_1                                     (33.33%)
                 0      unc_i_coherent_ops_pcitom_2                                     (33.33%)
                 0      unc_i_coherent_ops_pcitom_3                                     (33.33%)
                 0      unc_i_coherent_ops_pcitom_4                                     (33.33%)
                 0      unc_i_coherent_ops_pcitom_5                                     (33.33%)
               558      unc_i_coherent_ops_rfo_0                                      (33.33%)
               111      unc_i_coherent_ops_rfo_1                                      (33.33%)
                 0      unc_i_coherent_ops_rfo_2                                      (33.33%)
                 0      unc_i_coherent_ops_rfo_3                                      (33.33%)
                 0      unc_i_coherent_ops_rfo_4                                      (33.33%)
                 0      unc_i_coherent_ops_rfo_5                                      (33.33%)
               726      unc_i_faf_inserts_0                                           (33.33%)
            34,325      unc_i_faf_inserts_1                                           (33.33%)
                 0      unc_i_faf_inserts_2                                           (33.33%)
                 0      unc_i_faf_inserts_3                                           (33.33%)
                 0      unc_i_faf_inserts_4                                           (33.34%)
                 0      unc_i_faf_inserts_5                                           (33.34%)
               705      unc_i_faf_occupancy_0                                         (33.33%)
            28,174      unc_i_faf_occupancy_1                                         (33.34%)
                 0      unc_i_faf_occupancy_2                                         (33.34%)
                 0      unc_i_faf_occupancy_3                                         (33.34%)
                 0      unc_i_faf_occupancy_4                                         (33.33%)
                 0      unc_i_faf_occupancy_5                                         (33.34%)
               546      unc_i_transactions_wr_pref_0                                     (33.33%)
                63      unc_i_transactions_wr_pref_1                                     (33.33%)
                 0      unc_i_transactions_wr_pref_2                                     (33.33%)
                 0      unc_i_transactions_wr_pref_3                                     (33.33%)
                 0      unc_i_transactions_wr_pref_4                                     (33.33%)
                 0      unc_i_transactions_wr_pref_5                                     (33.33%)
    67,609,870,220      unc_iio_clockticks_0                                          (7.03%)
    67,578,931,972      unc_iio_clockticks_1                                          (7.02%)
    67,795,129,961      unc_iio_clockticks_2                                          (5.32%)
    67,618,796,782      unc_iio_clockticks_3                                          (6.99%)
                 0      unc_iio_clockticks_4                                          (6.98%)
                 0      unc_iio_clockticks_5                                          (7.03%)
                 0      unc_iio_comp_buf_inserts_cmpd_all_parts_0                                     (5.28%)
                 0      unc_iio_comp_buf_inserts_cmpd_all_parts_1                                     (5.31%)
                 0      unc_iio_comp_buf_inserts_cmpd_all_parts_2                                     (7.05%)
                 0      unc_iio_comp_buf_inserts_cmpd_all_parts_3                                     (5.27%)
                 0      unc_iio_comp_buf_inserts_cmpd_all_parts_4                                     (5.31%)
                 0      unc_iio_comp_buf_inserts_cmpd_all_parts_5                                     (5.32%)
                 0      unc_iio_comp_buf_inserts_cmpd_part0_0                                     (7.03%)
                 0      unc_iio_comp_buf_inserts_cmpd_part0_1                                     (7.05%)
                 0      unc_iio_comp_buf_inserts_cmpd_part0_2                                     (7.01%)
                 0      unc_iio_comp_buf_inserts_cmpd_part0_3                                     (7.02%)
                 0      unc_iio_comp_buf_inserts_cmpd_part0_4                                     (7.06%)
                 0      unc_iio_comp_buf_inserts_cmpd_part0_5                                     (7.06%)
                 0      unc_iio_comp_buf_inserts_cmpd_part1_0                                     (7.03%)
                 0      unc_iio_comp_buf_inserts_cmpd_part1_1                                     (7.02%)
                 0      unc_iio_comp_buf_inserts_cmpd_part1_2                                     (7.05%)
                 0      unc_iio_comp_buf_inserts_cmpd_part1_3                                     (7.05%)
                 0      unc_iio_comp_buf_inserts_cmpd_part1_4                                     (7.05%)
                 0      unc_iio_comp_buf_inserts_cmpd_part1_5                                     (7.02%)
                 0      unc_iio_comp_buf_inserts_cmpd_part2_0                                     (7.03%)
                 0      unc_iio_comp_buf_inserts_cmpd_part2_1                                     (7.03%)
                 0      unc_iio_comp_buf_inserts_cmpd_part2_2                                     (7.06%)
                 0      unc_iio_comp_buf_inserts_cmpd_part2_3                                     (7.02%)
                 0      unc_iio_comp_buf_inserts_cmpd_part2_4                                     (7.04%)
                 0      unc_iio_comp_buf_inserts_cmpd_part2_5                                     (7.03%)
                 0      unc_iio_comp_buf_inserts_cmpd_part3_0                                     (7.03%)
                 0      unc_iio_comp_buf_inserts_cmpd_part3_1                                     (7.05%)
                 0      unc_iio_comp_buf_inserts_cmpd_part3_2                                     (7.01%)
                 0      unc_iio_comp_buf_inserts_cmpd_part3_3                                     (7.00%)
                 0      unc_iio_comp_buf_inserts_cmpd_part3_4                                     (7.07%)
                 0      unc_iio_comp_buf_inserts_cmpd_part3_5                                     (7.08%)
            59,048      unc_iio_comp_buf_occupancy_cmpd_all_parts_0                                     (7.03%)
                 0      unc_iio_comp_buf_occupancy_cmpd_all_parts_1                                     (7.03%)
                 0      unc_iio_comp_buf_occupancy_cmpd_all_parts_2                                     (7.03%)
                 0      unc_iio_comp_buf_occupancy_cmpd_all_parts_3                                     (7.03%)
                 0      unc_iio_comp_buf_occupancy_cmpd_all_parts_4                                     (7.03%)
                 0      unc_iio_comp_buf_occupancy_cmpd_all_parts_5                                     (7.02%)
                 0      unc_iio_comp_buf_occupancy_cmpd_part0_0                                     (7.02%)
         9,803,445      unc_iio_comp_buf_occupancy_cmpd_part0_1                                     (7.03%)
                 0      unc_iio_comp_buf_occupancy_cmpd_part0_2                                     (7.02%)
                 0      unc_iio_comp_buf_occupancy_cmpd_part0_3                                     (7.03%)
                 0      unc_iio_comp_buf_occupancy_cmpd_part0_4                                     (7.03%)
                 0      unc_iio_comp_buf_occupancy_cmpd_part0_5                                     (7.02%)
            44,980      unc_iio_comp_buf_occupancy_cmpd_part1_0                                     (7.02%)
                 0      unc_iio_comp_buf_occupancy_cmpd_part1_1                                     (7.02%)
                 0      unc_iio_comp_buf_occupancy_cmpd_part1_2                                     (7.02%)
                 0      unc_iio_comp_buf_occupancy_cmpd_part1_3                                     (7.03%)
                 0      unc_iio_comp_buf_occupancy_cmpd_part1_4                                     (7.03%)
                 0      unc_iio_comp_buf_occupancy_cmpd_part1_5                                     (7.03%)
                 0      unc_iio_comp_buf_occupancy_cmpd_part2_0                                     (7.02%)
                 0      unc_iio_comp_buf_occupancy_cmpd_part2_1                                     (7.02%)
                 0      unc_iio_comp_buf_occupancy_cmpd_part2_2                                     (7.03%)
                 0      unc_iio_comp_buf_occupancy_cmpd_part2_3                                     (7.03%)
                 0      unc_iio_comp_buf_occupancy_cmpd_part2_4                                     (7.02%)
                 0      unc_iio_comp_buf_occupancy_cmpd_part2_5                                     (7.02%)
                 0      unc_iio_comp_buf_occupancy_cmpd_part3_0                                     (7.02%)
                 0      unc_iio_comp_buf_occupancy_cmpd_part3_1                                     (7.02%)
                 0      unc_iio_comp_buf_occupancy_cmpd_part3_2                                     (5.28%)
                 0      unc_iio_comp_buf_occupancy_cmpd_part3_3                                     (7.05%)
                 0      unc_iio_comp_buf_occupancy_cmpd_part3_4                                     (7.05%)
                 0      unc_iio_comp_buf_occupancy_cmpd_part3_5                                     (3.59%)
                 0      unc_iio_data_req_by_cpu_mem_read_part0_0                                     (7.02%)
                 0      unc_iio_data_req_by_cpu_mem_read_part0_1                                     (7.02%)
                 0      unc_iio_data_req_by_cpu_mem_read_part0_2                                     (5.26%)
                 0      unc_iio_data_req_by_cpu_mem_read_part0_3                                     (7.04%)
                 0      unc_iio_data_req_by_cpu_mem_read_part0_4                                     (7.03%)
                 0      unc_iio_data_req_by_cpu_mem_read_part0_5                                     (5.27%)
                 0      unc_iio_data_req_by_cpu_mem_read_part1_0                                     (7.02%)
                 0      unc_iio_data_req_by_cpu_mem_read_part1_1                                     (7.02%)
                 0      unc_iio_data_req_by_cpu_mem_read_part1_2                                     (7.02%)
                 0      unc_iio_data_req_by_cpu_mem_read_part1_3                                     (7.04%)
                 0      unc_iio_data_req_by_cpu_mem_read_part1_4                                     (7.01%)
                 0      unc_iio_data_req_by_cpu_mem_read_part1_5                                     (6.99%)
                 0      unc_iio_data_req_by_cpu_mem_read_part2_0                                     (7.02%)
                 0      unc_iio_data_req_by_cpu_mem_read_part2_1                                     (7.04%)
                 0      unc_iio_data_req_by_cpu_mem_read_part2_2                                     (7.02%)
                 0      unc_iio_data_req_by_cpu_mem_read_part2_3                                     (7.01%)
                 0      unc_iio_data_req_by_cpu_mem_read_part2_4                                     (7.01%)
                 0      unc_iio_data_req_by_cpu_mem_read_part2_5                                     (7.04%)
                 0      unc_iio_data_req_by_cpu_mem_read_part3_0                                     (7.02%)
                 0      unc_iio_data_req_by_cpu_mem_read_part3_1                                     (7.02%)
                 0      unc_iio_data_req_by_cpu_mem_read_part3_2                                     (7.02%)
                 0      unc_iio_data_req_by_cpu_mem_read_part3_3                                     (7.04%)
                 0      unc_iio_data_req_by_cpu_mem_read_part3_4                                     (7.02%)
                 0      unc_iio_data_req_by_cpu_mem_read_part3_5                                     (7.03%)
                 0      unc_iio_data_req_by_cpu_mem_write_part0_0                                     (7.02%)
                 0      unc_iio_data_req_by_cpu_mem_write_part0_1                                     (7.02%)
                 0      unc_iio_data_req_by_cpu_mem_write_part0_2                                     (7.00%)
                 0      unc_iio_data_req_by_cpu_mem_write_part0_3                                     (7.05%)
                 0      unc_iio_data_req_by_cpu_mem_write_part0_4                                     (7.04%)
                 0      unc_iio_data_req_by_cpu_mem_write_part0_5                                     (7.03%)
                 0      unc_iio_data_req_by_cpu_mem_write_part1_0                                     (7.02%)
                 0      unc_iio_data_req_by_cpu_mem_write_part1_1                                     (7.02%)
                 0      unc_iio_data_req_by_cpu_mem_write_part1_2                                     (7.01%)
                 0      unc_iio_data_req_by_cpu_mem_write_part1_3                                     (7.05%)
                 0      unc_iio_data_req_by_cpu_mem_write_part1_4                                     (6.99%)
                 0      unc_iio_data_req_by_cpu_mem_write_part1_5                                     (6.98%)
                 0      unc_iio_data_req_by_cpu_mem_write_part2_0                                     (7.02%)
                 0      unc_iio_data_req_by_cpu_mem_write_part2_1                                     (7.01%)
                 0      unc_iio_data_req_by_cpu_mem_write_part2_2                                     (7.02%)
                 0      unc_iio_data_req_by_cpu_mem_write_part2_3                                     (6.99%)
                 0      unc_iio_data_req_by_cpu_mem_write_part2_4                                     (6.97%)
                 0      unc_iio_data_req_by_cpu_mem_write_part2_5                                     (6.97%)
                 0      unc_iio_data_req_by_cpu_mem_write_part3_0                                     (7.02%)
                 0      unc_iio_data_req_by_cpu_mem_write_part3_1                                     (7.01%)
                 0      unc_iio_data_req_by_cpu_mem_write_part3_2                                     (7.01%)
                 0      unc_iio_data_req_by_cpu_mem_write_part3_3                                     (7.02%)
                 0      unc_iio_data_req_by_cpu_mem_write_part3_4                                     (7.02%)
                 0      unc_iio_data_req_by_cpu_mem_write_part3_5                                     (7.01%)
                 0      unc_iio_data_req_by_cpu_peer_read_part0_0                                     (7.02%)
                 0      unc_iio_data_req_by_cpu_peer_read_part0_1                                     (7.02%)
                 0      unc_iio_data_req_by_cpu_peer_read_part0_2                                     (7.02%)
                 0      unc_iio_data_req_by_cpu_peer_read_part0_3                                     (7.02%)
                 0      unc_iio_data_req_by_cpu_peer_read_part0_4                                     (7.02%)
                 0      unc_iio_data_req_by_cpu_peer_read_part0_5                                     (7.02%)
                 0      unc_iio_data_req_by_cpu_peer_read_part1_0                                     (7.02%)
                 0      unc_iio_data_req_by_cpu_peer_read_part1_1                                     (7.01%)
                 0      unc_iio_data_req_by_cpu_peer_read_part1_2                                     (7.02%)
                 0      unc_iio_data_req_by_cpu_peer_read_part1_3                                     (7.03%)
                 0      unc_iio_data_req_by_cpu_peer_read_part1_4                                     (7.02%)
                 0      unc_iio_data_req_by_cpu_peer_read_part1_5                                     (7.02%)
                 0      unc_iio_data_req_by_cpu_peer_read_part2_0                                     (7.02%)
                 0      unc_iio_data_req_by_cpu_peer_read_part2_1                                     (7.02%)
                 0      unc_iio_data_req_by_cpu_peer_read_part2_2                                     (7.02%)
                 0      unc_iio_data_req_by_cpu_peer_read_part2_3                                     (7.02%)
                 0      unc_iio_data_req_by_cpu_peer_read_part2_4                                     (7.02%)
                 0      unc_iio_data_req_by_cpu_peer_read_part2_5                                     (7.02%)
                 0      unc_iio_data_req_by_cpu_peer_read_part3_0                                     (7.02%)
                 0      unc_iio_data_req_by_cpu_peer_read_part3_1                                     (7.02%)
                 0      unc_iio_data_req_by_cpu_peer_read_part3_2                                     (7.01%)
                 0      unc_iio_data_req_by_cpu_peer_read_part3_3                                     (7.01%)
                 0      unc_iio_data_req_by_cpu_peer_read_part3_4                                     (7.01%)
                 0      unc_iio_data_req_by_cpu_peer_read_part3_5                                     (7.01%)
                 0      unc_iio_data_req_by_cpu_peer_write_part0_0                                     (7.02%)
                 0      unc_iio_data_req_by_cpu_peer_write_part0_1                                     (7.02%)
                 0      unc_iio_data_req_by_cpu_peer_write_part0_2                                     (7.01%)
                 0      unc_iio_data_req_by_cpu_peer_write_part0_3                                     (7.00%)
                 0      unc_iio_data_req_by_cpu_peer_write_part0_4                                     (7.00%)
                 0      unc_iio_data_req_by_cpu_peer_write_part0_5                                     (6.96%)
                 0      unc_iio_data_req_by_cpu_peer_write_part1_0                                     (7.02%)
                 0      unc_iio_data_req_by_cpu_peer_write_part1_1                                     (7.00%)
                 0      unc_iio_data_req_by_cpu_peer_write_part1_2                                     (6.98%)
                 0      unc_iio_data_req_by_cpu_peer_write_part1_3                                     (7.02%)
                 0      unc_iio_data_req_by_cpu_peer_write_part1_4                                     (7.00%)
                 0      unc_iio_data_req_by_cpu_peer_write_part1_5                                     (6.99%)
                 0      unc_iio_data_req_by_cpu_peer_write_part2_0                                     (3.51%)
                 0      unc_iio_data_req_by_cpu_peer_write_part2_1                                     (3.53%)
                 0      unc_iio_data_req_by_cpu_peer_write_part2_2                                     (3.55%)
                 0      unc_iio_data_req_by_cpu_peer_write_part2_3                                     (3.53%)
                 0      unc_iio_data_req_by_cpu_peer_write_part2_4                                     (3.55%)
                 0      unc_iio_data_req_by_cpu_peer_write_part2_5                                     (3.56%)
                 0      unc_iio_data_req_by_cpu_peer_write_part3_0                                     (3.51%)
                 0      unc_iio_data_req_by_cpu_peer_write_part3_1                                     (5.26%)
                 0      unc_iio_data_req_by_cpu_peer_write_part3_2                                     (5.26%)
                 0      unc_iio_data_req_by_cpu_peer_write_part3_3                                     (3.49%)
                 0      unc_iio_data_req_by_cpu_peer_write_part3_4                                     (5.25%)
                 0      unc_iio_data_req_by_cpu_peer_write_part3_5                                     (5.25%)
                 0      unc_iio_data_req_of_cpu_mem_read_part0_0                                     (7.02%)
                 0      unc_iio_data_req_of_cpu_mem_read_part0_1                                     (7.02%)
                 0      unc_iio_data_req_of_cpu_mem_read_part0_2                                     (7.02%)
                 0      unc_iio_data_req_of_cpu_mem_read_part0_3                                     (7.02%)
                 0      unc_iio_data_req_of_cpu_mem_read_part0_4                                     (7.02%)
                 0      unc_iio_data_req_of_cpu_mem_read_part0_5                                     (7.04%)
                 0      unc_iio_data_req_of_cpu_mem_read_part1_0                                     (7.02%)
                 0      unc_iio_data_req_of_cpu_mem_read_part1_1                                     (7.01%)
                 0      unc_iio_data_req_of_cpu_mem_read_part1_2                                     (7.02%)
                 0      unc_iio_data_req_of_cpu_mem_read_part1_3                                     (7.03%)
                 0      unc_iio_data_req_of_cpu_mem_read_part1_4                                     (7.02%)
                 0      unc_iio_data_req_of_cpu_mem_read_part1_5                                     (7.03%)
                 0      unc_iio_data_req_of_cpu_mem_read_part2_0                                     (7.02%)
                 0      unc_iio_data_req_of_cpu_mem_read_part2_1                                     (7.03%)
                 0      unc_iio_data_req_of_cpu_mem_read_part2_2                                     (5.27%)
                 0      unc_iio_data_req_of_cpu_mem_read_part2_3                                     (7.02%)
                 0      unc_iio_data_req_of_cpu_mem_read_part2_4                                     (7.03%)
                 0      unc_iio_data_req_of_cpu_mem_read_part2_5                                     (5.26%)
                 0      unc_iio_data_req_of_cpu_mem_read_part3_0                                     (7.02%)
                 0      unc_iio_data_req_of_cpu_mem_read_part3_1                                     (7.01%)
                 0      unc_iio_data_req_of_cpu_mem_read_part3_2                                     (7.01%)
                 0      unc_iio_data_req_of_cpu_mem_read_part3_3                                     (7.00%)
                 0      unc_iio_data_req_of_cpu_mem_read_part3_4                                     (6.99%)
                 0      unc_iio_data_req_of_cpu_mem_read_part3_5                                     (6.97%)
                 0      unc_iio_data_req_of_cpu_mem_write_part0_0                                     (7.02%)
                 0      unc_iio_data_req_of_cpu_mem_write_part0_1                                     (7.01%)
                 0      unc_iio_data_req_of_cpu_mem_write_part0_2                                     (7.00%)
                 0      unc_iio_data_req_of_cpu_mem_write_part0_3                                     (5.25%)
                 0      unc_iio_data_req_of_cpu_mem_write_part0_4                                     (7.00%)
                 0      unc_iio_data_req_of_cpu_mem_write_part0_5                                     (7.01%)
                 0      unc_iio_data_req_of_cpu_mem_write_part1_0                                     (5.26%)
                 0      unc_iio_data_req_of_cpu_mem_write_part1_1                                     (7.02%)
                 0      unc_iio_data_req_of_cpu_mem_write_part1_2                                     (7.00%)
                 0      unc_iio_data_req_of_cpu_mem_write_part1_3                                     (5.28%)
                 0      unc_iio_data_req_of_cpu_mem_write_part1_4                                     (5.30%)
                 0      unc_iio_data_req_of_cpu_mem_write_part1_5                                     (7.04%)
                 0      unc_iio_data_req_of_cpu_mem_write_part2_0                                     (5.26%)
                 0      unc_iio_data_req_of_cpu_mem_write_part2_1                                     (5.26%)
                 0      unc_iio_data_req_of_cpu_mem_write_part2_2                                     (7.03%)
                 0      unc_iio_data_req_of_cpu_mem_write_part2_3                                     (7.02%)
                 0      unc_iio_data_req_of_cpu_mem_write_part2_4                                     (5.25%)
                 0      unc_iio_data_req_of_cpu_mem_write_part2_5                                     (7.01%)
                 0      unc_iio_data_req_of_cpu_mem_write_part3_0                                     (7.02%)
                 0      unc_iio_data_req_of_cpu_mem_write_part3_1                                     (5.28%)
                 0      unc_iio_data_req_of_cpu_mem_write_part3_2                                     (5.30%)
                 0      unc_iio_data_req_of_cpu_mem_write_part3_3                                     (7.00%)
                 0      unc_iio_data_req_of_cpu_mem_write_part3_4                                     (6.99%)
                 0      unc_iio_data_req_of_cpu_mem_write_part3_5                                     (5.27%)
                 0      unc_iio_data_req_of_cpu_peer_read_part0_0                                     (7.02%)
                 0      unc_iio_data_req_of_cpu_peer_read_part0_1                                     (7.01%)
                 0      unc_iio_data_req_of_cpu_peer_read_part0_2                                     (5.24%)
                 0      unc_iio_data_req_of_cpu_peer_read_part0_3                                     (5.25%)
                 0      unc_iio_data_req_of_cpu_peer_read_part0_4                                     (7.01%)
                 0      unc_iio_data_req_of_cpu_peer_read_part0_5                                     (5.23%)
                 0      unc_iio_data_req_of_cpu_peer_read_part1_0                                     (5.26%)
                 0      unc_iio_data_req_of_cpu_peer_read_part1_1                                     (7.00%)
                 0      unc_iio_data_req_of_cpu_peer_read_part1_2                                     (7.00%)
                 0      unc_iio_data_req_of_cpu_peer_read_part1_3                                     (5.30%)
                 0      unc_iio_data_req_of_cpu_peer_read_part1_4                                     (5.29%)
                 0      unc_iio_data_req_of_cpu_peer_read_part1_5                                     (7.03%)
                 0      unc_iio_data_req_of_cpu_peer_read_part2_0                                     (5.26%)
                 0      unc_iio_data_req_of_cpu_peer_read_part2_1                                     (5.27%)
                 0      unc_iio_data_req_of_cpu_peer_read_part2_2                                     (7.04%)
                 0      unc_iio_data_req_of_cpu_peer_read_part2_3                                     (7.04%)
                 0      unc_iio_data_req_of_cpu_peer_read_part2_4                                     (5.29%)
                 0      unc_iio_data_req_of_cpu_peer_read_part2_5                                     (5.31%)
                 0      unc_iio_data_req_of_cpu_peer_read_part3_0                                     (7.02%)
                 0      unc_iio_data_req_of_cpu_peer_read_part3_1                                     (5.28%)
                 0      unc_iio_data_req_of_cpu_peer_read_part3_2                                     (5.27%)
                 0      unc_iio_data_req_of_cpu_peer_read_part3_3                                     (7.01%)
                 0      unc_iio_data_req_of_cpu_peer_read_part3_4                                     (7.02%)
                 0      unc_iio_data_req_of_cpu_peer_read_part3_5                                     (5.26%)
                 0      unc_iio_data_req_of_cpu_peer_write_part0_0                                     (7.02%)
                 0      unc_iio_data_req_of_cpu_peer_write_part0_1                                     (7.01%)
                 0      unc_iio_data_req_of_cpu_peer_write_part0_2                                     (7.00%)
                 0      unc_iio_data_req_of_cpu_peer_write_part0_3                                     (6.99%)
                 0      unc_iio_data_req_of_cpu_peer_write_part0_4                                     (6.98%)
                 0      unc_iio_data_req_of_cpu_peer_write_part0_5                                     (6.96%)
                 0      unc_iio_data_req_of_cpu_peer_write_part1_0                                     (7.02%)
                 0      unc_iio_data_req_of_cpu_peer_write_part1_1                                     (7.00%)
                 0      unc_iio_data_req_of_cpu_peer_write_part1_2                                     (7.00%)
                 0      unc_iio_data_req_of_cpu_peer_write_part1_3                                     (7.00%)
                 0      unc_iio_data_req_of_cpu_peer_write_part1_4                                     (6.97%)
                 0      unc_iio_data_req_of_cpu_peer_write_part1_5                                     (6.97%)
                 0      unc_iio_data_req_of_cpu_peer_write_part2_0                                     (5.26%)
                 0      unc_iio_data_req_of_cpu_peer_write_part2_1                                     (7.02%)
                 0      unc_iio_data_req_of_cpu_peer_write_part2_2                                     (5.26%)
                 0      unc_iio_data_req_of_cpu_peer_write_part2_3                                     (5.26%)
                 0      unc_iio_data_req_of_cpu_peer_write_part2_4                                     (5.26%)
                 0      unc_iio_data_req_of_cpu_peer_write_part2_5                                     (7.02%)
                 0      unc_iio_data_req_of_cpu_peer_write_part3_0                                     (5.26%)
                 0      unc_iio_data_req_of_cpu_peer_write_part3_1                                     (5.26%)
                 0      unc_iio_data_req_of_cpu_peer_write_part3_2                                     (5.26%)
                 0      unc_iio_data_req_of_cpu_peer_write_part3_3                                     (5.26%)
                 0      unc_iio_data_req_of_cpu_peer_write_part3_4                                     (5.26%)
                 0      unc_iio_data_req_of_cpu_peer_write_part3_5                                     (5.26%)
                 0      unc_iio_payload_bytes_in_mem_read_part0_0                                     (7.01%)
                 0      unc_iio_payload_bytes_in_mem_read_part0_1                                     (5.26%)
                 0      unc_iio_payload_bytes_in_mem_read_part0_2                                     (5.26%)
                 0      unc_iio_payload_bytes_in_mem_read_part0_3                                     (5.26%)
                 0      unc_iio_payload_bytes_in_mem_read_part0_4                                     (7.02%)
                 0      unc_iio_payload_bytes_in_mem_read_part0_5                                     (5.26%)
                 0      unc_iio_payload_bytes_in_mem_read_part1_0                                     (5.26%)
                 0      unc_iio_payload_bytes_in_mem_read_part1_1                                     (5.26%)
                 0      unc_iio_payload_bytes_in_mem_read_part1_2                                     (7.01%)
                 0      unc_iio_payload_bytes_in_mem_read_part1_3                                     (5.26%)
                 0      unc_iio_payload_bytes_in_mem_read_part1_4                                     (5.26%)
                 0      unc_iio_payload_bytes_in_mem_read_part1_5                                     (5.26%)
                 0      unc_iio_payload_bytes_in_mem_read_part2_0                                     (5.26%)
                 0      unc_iio_payload_bytes_in_mem_read_part2_1                                     (5.26%)
                 0      unc_iio_payload_bytes_in_mem_read_part2_2                                     (5.26%)
                 0      unc_iio_payload_bytes_in_mem_read_part2_3                                     (7.02%)
                 0      unc_iio_payload_bytes_in_mem_read_part2_4                                     (5.26%)
                 0      unc_iio_payload_bytes_in_mem_read_part2_5                                     (5.26%)
                 0      unc_iio_payload_bytes_in_mem_read_part3_0                                     (5.26%)
                 0      unc_iio_payload_bytes_in_mem_read_part3_1                                     (7.01%)
                 0      unc_iio_payload_bytes_in_mem_read_part3_2                                     (5.26%)
                 0      unc_iio_payload_bytes_in_mem_read_part3_3                                     (5.26%)
                 0      unc_iio_payload_bytes_in_mem_read_part3_4                                     (5.26%)
                 0      unc_iio_payload_bytes_in_mem_read_part3_5                                     (7.03%)
                 0      unc_iio_payload_bytes_in_mem_write_part0_0                                     (5.26%)
                 0      unc_iio_payload_bytes_in_mem_write_part0_1                                     (5.26%)
                 0      unc_iio_payload_bytes_in_mem_write_part0_2                                     (5.26%)
                 0      unc_iio_payload_bytes_in_mem_write_part0_3                                     (5.26%)
                 0      unc_iio_payload_bytes_in_mem_write_part0_4                                     (5.26%)
                 0      unc_iio_payload_bytes_in_mem_write_part0_5                                     (5.27%)
                 0      unc_iio_payload_bytes_in_mem_write_part1_0                                     (7.01%)
                 0      unc_iio_payload_bytes_in_mem_write_part1_1                                     (5.26%)
                 0      unc_iio_payload_bytes_in_mem_write_part1_2                                     (5.26%)
                 0      unc_iio_payload_bytes_in_mem_write_part1_3                                     (5.26%)
                 0      unc_iio_payload_bytes_in_mem_write_part1_4                                     (7.03%)
                 0      unc_iio_payload_bytes_in_mem_write_part1_5                                     (5.27%)
                 0      unc_iio_payload_bytes_in_mem_write_part2_0                                     (5.26%)
                 0      unc_iio_payload_bytes_in_mem_write_part2_1                                     (7.02%)
                 0      unc_iio_payload_bytes_in_mem_write_part2_2                                     (7.02%)
                 0      unc_iio_payload_bytes_in_mem_write_part2_3                                     (5.27%)
                 0      unc_iio_payload_bytes_in_mem_write_part2_4                                     (7.03%)
                 0      unc_iio_payload_bytes_in_mem_write_part2_5                                     (7.03%)
                 0      unc_iio_payload_bytes_in_mem_write_part3_0                                     (5.26%)
                 0      unc_iio_payload_bytes_in_mem_write_part3_1                                     (5.27%)
                 0      unc_iio_payload_bytes_in_mem_write_part3_2                                     (7.02%)
                 0      unc_iio_payload_bytes_in_mem_write_part3_3                                     (7.03%)
                 0      unc_iio_payload_bytes_in_mem_write_part3_4                                     (5.27%)
                 0      unc_iio_payload_bytes_in_mem_write_part3_5                                     (5.27%)
                 0      unc_iio_txn_req_by_cpu_mem_read_part0_0                                     (7.02%)
                 0      unc_iio_txn_req_by_cpu_mem_read_part0_1                                     (7.02%)
                 0      unc_iio_txn_req_by_cpu_mem_read_part0_2                                     (7.02%)
                 0      unc_iio_txn_req_by_cpu_mem_read_part0_3                                     (7.02%)
                 0      unc_iio_txn_req_by_cpu_mem_read_part0_4                                     (7.01%)
                 0      unc_iio_txn_req_by_cpu_mem_read_part0_5                                     (7.01%)
                 0      unc_iio_txn_req_by_cpu_mem_read_part1_0                                     (7.01%)
                 0      unc_iio_txn_req_by_cpu_mem_read_part1_1                                     (7.01%)
                 0      unc_iio_txn_req_by_cpu_mem_read_part1_2                                     (7.01%)
                 0      unc_iio_txn_req_by_cpu_mem_read_part1_3                                     (7.01%)
                 0      unc_iio_txn_req_by_cpu_mem_read_part1_4                                     (7.01%)
                 0      unc_iio_txn_req_by_cpu_mem_read_part1_5                                     (7.01%)
                 0      unc_iio_txn_req_by_cpu_mem_read_part2_0                                     (7.01%)
                 0      unc_iio_txn_req_by_cpu_mem_read_part2_1                                     (7.01%)
                 0      unc_iio_txn_req_by_cpu_mem_read_part2_2                                     (7.01%)
                 0      unc_iio_txn_req_by_cpu_mem_read_part2_3                                     (7.01%)
                 0      unc_iio_txn_req_by_cpu_mem_read_part2_4                                     (7.01%)
                 0      unc_iio_txn_req_by_cpu_mem_read_part2_5                                     (7.01%)
                 0      unc_iio_txn_req_by_cpu_mem_read_part3_0                                     (7.01%)
                 0      unc_iio_txn_req_by_cpu_mem_read_part3_1                                     (7.01%)
                 0      unc_iio_txn_req_by_cpu_mem_read_part3_2                                     (7.01%)
                 0      unc_iio_txn_req_by_cpu_mem_read_part3_3                                     (7.01%)
                 0      unc_iio_txn_req_by_cpu_mem_read_part3_4                                     (7.02%)
                 0      unc_iio_txn_req_by_cpu_mem_read_part3_5                                     (7.02%)
                 0      unc_iio_txn_req_by_cpu_mem_write_part0_0                                     (7.01%)
                 0      unc_iio_txn_req_by_cpu_mem_write_part0_1                                     (7.02%)
                 0      unc_iio_txn_req_by_cpu_mem_write_part0_2                                     (7.02%)
                 0      unc_iio_txn_req_by_cpu_mem_write_part0_3                                     (7.01%)
                 0      unc_iio_txn_req_by_cpu_mem_write_part0_4                                     (7.01%)
                 0      unc_iio_txn_req_by_cpu_mem_write_part0_5                                     (7.00%)
                 0      unc_iio_txn_req_by_cpu_mem_write_part1_0                                     (7.01%)
                 0      unc_iio_txn_req_by_cpu_mem_write_part1_1                                     (7.01%)
                 0      unc_iio_txn_req_by_cpu_mem_write_part1_2                                     (6.99%)
                 0      unc_iio_txn_req_by_cpu_mem_write_part1_3                                     (6.98%)
                 0      unc_iio_txn_req_by_cpu_mem_write_part1_4                                     (6.98%)
                 0      unc_iio_txn_req_by_cpu_mem_write_part1_5                                     (6.97%)

      69.825357091 seconds time elapsed

