# started on Tue Feb  6 10:47:55 2024


 Performance counter stats for 'system wide':

                 0      unc_iio_txn_req_by_cpu_mem_write_part2_0                                     (15.39%)
                 0      unc_iio_txn_req_by_cpu_mem_write_part2_1                                     (15.39%)
                 0      unc_iio_txn_req_by_cpu_mem_write_part2_2                                     (15.39%)
                 0      unc_iio_txn_req_by_cpu_mem_write_part2_3                                     (15.39%)
                 0      unc_iio_txn_req_by_cpu_mem_write_part2_4                                     (15.39%)
                 0      unc_iio_txn_req_by_cpu_mem_write_part2_5                                     (15.39%)
                 0      unc_iio_txn_req_by_cpu_mem_write_part3_0                                     (15.39%)
                 0      unc_iio_txn_req_by_cpu_mem_write_part3_1                                     (15.40%)
                 0      unc_iio_txn_req_by_cpu_mem_write_part3_2                                     (15.40%)
                 0      unc_iio_txn_req_by_cpu_mem_write_part3_3                                     (15.40%)
                 0      unc_iio_txn_req_by_cpu_mem_write_part3_4                                     (15.40%)
                 0      unc_iio_txn_req_by_cpu_mem_write_part3_5                                     (15.40%)
                 0      unc_iio_txn_req_by_cpu_peer_read_part0_0                                     (15.39%)
                 0      unc_iio_txn_req_by_cpu_peer_read_part0_1                                     (15.39%)
                 0      unc_iio_txn_req_by_cpu_peer_read_part0_2                                     (15.39%)
                 0      unc_iio_txn_req_by_cpu_peer_read_part0_3                                     (15.39%)
                 0      unc_iio_txn_req_by_cpu_peer_read_part0_4                                     (15.39%)
                 0      unc_iio_txn_req_by_cpu_peer_read_part0_5                                     (15.39%)
                 0      unc_iio_txn_req_by_cpu_peer_read_part1_0                                     (15.39%)
                 0      unc_iio_txn_req_by_cpu_peer_read_part1_1                                     (15.39%)
                 0      unc_iio_txn_req_by_cpu_peer_read_part1_2                                     (15.39%)
                 0      unc_iio_txn_req_by_cpu_peer_read_part1_3                                     (15.39%)
                 0      unc_iio_txn_req_by_cpu_peer_read_part1_4                                     (15.39%)
                 0      unc_iio_txn_req_by_cpu_peer_read_part1_5                                     (15.39%)
                 0      unc_iio_txn_req_by_cpu_peer_read_part2_0                                     (15.39%)
                 0      unc_iio_txn_req_by_cpu_peer_read_part2_1                                     (15.39%)
                 0      unc_iio_txn_req_by_cpu_peer_read_part2_2                                     (15.39%)
                 0      unc_iio_txn_req_by_cpu_peer_read_part2_3                                     (15.39%)
                 0      unc_iio_txn_req_by_cpu_peer_read_part2_4                                     (15.39%)
                 0      unc_iio_txn_req_by_cpu_peer_read_part2_5                                     (15.39%)
                 0      unc_iio_txn_req_by_cpu_peer_read_part3_0                                     (15.39%)
                 0      unc_iio_txn_req_by_cpu_peer_read_part3_1                                     (15.39%)
                 0      unc_iio_txn_req_by_cpu_peer_read_part3_2                                     (15.39%)
                 0      unc_iio_txn_req_by_cpu_peer_read_part3_3                                     (15.39%)
                 0      unc_iio_txn_req_by_cpu_peer_read_part3_4                                     (15.39%)
                 0      unc_iio_txn_req_by_cpu_peer_read_part3_5                                     (15.38%)
                 0      unc_iio_txn_req_by_cpu_peer_write_part0_0                                     (15.38%)
                 0      unc_iio_txn_req_by_cpu_peer_write_part0_1                                     (15.38%)
                 0      unc_iio_txn_req_by_cpu_peer_write_part0_2                                     (15.38%)
                 0      unc_iio_txn_req_by_cpu_peer_write_part0_3                                     (15.38%)
                 0      unc_iio_txn_req_by_cpu_peer_write_part0_4                                     (15.38%)
                 0      unc_iio_txn_req_by_cpu_peer_write_part0_5                                     (15.38%)
                 0      unc_iio_txn_req_by_cpu_peer_write_part1_0                                     (15.38%)
                 0      unc_iio_txn_req_by_cpu_peer_write_part1_1                                     (15.38%)
                 0      unc_iio_txn_req_by_cpu_peer_write_part1_2                                     (15.38%)
                 0      unc_iio_txn_req_by_cpu_peer_write_part1_3                                     (15.38%)
                 0      unc_iio_txn_req_by_cpu_peer_write_part1_4                                     (15.38%)
                 0      unc_iio_txn_req_by_cpu_peer_write_part1_5                                     (15.38%)
                 0      unc_iio_txn_req_by_cpu_peer_write_part2_0                                     (15.38%)
                 0      unc_iio_txn_req_by_cpu_peer_write_part2_1                                     (15.38%)
                 0      unc_iio_txn_req_by_cpu_peer_write_part2_2                                     (15.38%)
                 0      unc_iio_txn_req_by_cpu_peer_write_part2_3                                     (15.38%)
                 0      unc_iio_txn_req_by_cpu_peer_write_part2_4                                     (15.38%)
                 0      unc_iio_txn_req_by_cpu_peer_write_part2_5                                     (15.38%)
                 0      unc_iio_txn_req_by_cpu_peer_write_part3_0                                     (15.38%)
                 0      unc_iio_txn_req_by_cpu_peer_write_part3_1                                     (15.38%)
                 0      unc_iio_txn_req_by_cpu_peer_write_part3_2                                     (15.38%)
                 0      unc_iio_txn_req_by_cpu_peer_write_part3_3                                     (15.38%)
                 0      unc_iio_txn_req_by_cpu_peer_write_part3_4                                     (15.38%)
                 0      unc_iio_txn_req_by_cpu_peer_write_part3_5                                     (15.38%)
                 0      unc_iio_txn_req_of_cpu_mem_read_part0_0                                     (15.38%)
                 0      unc_iio_txn_req_of_cpu_mem_read_part0_1                                     (15.38%)
                 0      unc_iio_txn_req_of_cpu_mem_read_part0_2                                     (15.38%)
                 0      unc_iio_txn_req_of_cpu_mem_read_part0_3                                     (15.38%)
                 0      unc_iio_txn_req_of_cpu_mem_read_part0_4                                     (15.38%)
                 0      unc_iio_txn_req_of_cpu_mem_read_part0_5                                     (15.38%)
                 0      unc_iio_txn_req_of_cpu_mem_read_part1_0                                     (15.38%)
                 0      unc_iio_txn_req_of_cpu_mem_read_part1_1                                     (15.38%)
                 0      unc_iio_txn_req_of_cpu_mem_read_part1_2                                     (15.38%)
                 0      unc_iio_txn_req_of_cpu_mem_read_part1_3                                     (15.38%)
                 0      unc_iio_txn_req_of_cpu_mem_read_part1_4                                     (15.38%)
                 0      unc_iio_txn_req_of_cpu_mem_read_part1_5                                     (15.38%)
                 0      unc_iio_txn_req_of_cpu_mem_read_part2_0                                     (15.38%)
                 0      unc_iio_txn_req_of_cpu_mem_read_part2_1                                     (15.38%)
                 0      unc_iio_txn_req_of_cpu_mem_read_part2_2                                     (15.38%)
                 0      unc_iio_txn_req_of_cpu_mem_read_part2_3                                     (15.38%)
                 0      unc_iio_txn_req_of_cpu_mem_read_part2_4                                     (15.38%)
                 0      unc_iio_txn_req_of_cpu_mem_read_part2_5                                     (15.38%)
                 0      unc_iio_txn_req_of_cpu_mem_read_part3_0                                     (15.38%)
                 0      unc_iio_txn_req_of_cpu_mem_read_part3_1                                     (15.38%)
                 0      unc_iio_txn_req_of_cpu_mem_read_part3_2                                     (15.38%)
                 0      unc_iio_txn_req_of_cpu_mem_read_part3_3                                     (15.38%)
                 0      unc_iio_txn_req_of_cpu_mem_read_part3_4                                     (15.39%)
                 0      unc_iio_txn_req_of_cpu_mem_read_part3_5                                     (15.38%)
                 0      unc_iio_txn_req_of_cpu_mem_write_part0_0                                     (15.38%)
                 0      unc_iio_txn_req_of_cpu_mem_write_part0_1                                     (15.38%)
                 0      unc_iio_txn_req_of_cpu_mem_write_part0_2                                     (15.38%)
                 0      unc_iio_txn_req_of_cpu_mem_write_part0_3                                     (15.38%)
                 0      unc_iio_txn_req_of_cpu_mem_write_part0_4                                     (15.38%)
                 0      unc_iio_txn_req_of_cpu_mem_write_part0_5                                     (15.38%)
                 0      unc_iio_txn_req_of_cpu_mem_write_part1_0                                     (15.38%)
                 0      unc_iio_txn_req_of_cpu_mem_write_part1_1                                     (15.38%)
                 0      unc_iio_txn_req_of_cpu_mem_write_part1_2                                     (15.38%)
                 0      unc_iio_txn_req_of_cpu_mem_write_part1_3                                     (15.38%)
                 0      unc_iio_txn_req_of_cpu_mem_write_part1_4                                     (15.38%)
                 0      unc_iio_txn_req_of_cpu_mem_write_part1_5                                     (15.38%)
                 0      unc_iio_txn_req_of_cpu_mem_write_part2_0                                     (15.38%)
                 0      unc_iio_txn_req_of_cpu_mem_write_part2_1                                     (15.38%)
                 0      unc_iio_txn_req_of_cpu_mem_write_part2_2                                     (15.38%)
                 0      unc_iio_txn_req_of_cpu_mem_write_part2_3                                     (15.38%)
                 0      unc_iio_txn_req_of_cpu_mem_write_part2_4                                     (15.38%)
                 0      unc_iio_txn_req_of_cpu_mem_write_part2_5                                     (15.40%)
                 0      unc_iio_txn_req_of_cpu_mem_write_part3_0                                     (15.39%)
                 0      unc_iio_txn_req_of_cpu_mem_write_part3_1                                     (15.39%)
                 0      unc_iio_txn_req_of_cpu_mem_write_part3_2                                     (15.39%)
                 0      unc_iio_txn_req_of_cpu_mem_write_part3_3                                     (15.39%)
                 0      unc_iio_txn_req_of_cpu_mem_write_part3_4                                     (15.39%)
                 0      unc_iio_txn_req_of_cpu_mem_write_part3_5                                     (15.39%)
                 0      unc_iio_txn_req_of_cpu_peer_read_part0_0                                     (15.39%)
                 0      unc_iio_txn_req_of_cpu_peer_read_part0_1                                     (15.39%)
                 0      unc_iio_txn_req_of_cpu_peer_read_part0_2                                     (15.39%)
                 0      unc_iio_txn_req_of_cpu_peer_read_part0_3                                     (15.39%)
                 0      unc_iio_txn_req_of_cpu_peer_read_part0_4                                     (15.39%)
                 0      unc_iio_txn_req_of_cpu_peer_read_part0_5                                     (15.39%)
                 0      unc_iio_txn_req_of_cpu_peer_read_part1_0                                     (15.39%)
                 0      unc_iio_txn_req_of_cpu_peer_read_part1_1                                     (15.39%)
                 0      unc_iio_txn_req_of_cpu_peer_read_part1_2                                     (15.39%)
                 0      unc_iio_txn_req_of_cpu_peer_read_part1_3                                     (15.39%)
                 0      unc_iio_txn_req_of_cpu_peer_read_part1_4                                     (15.39%)
                 0      unc_iio_txn_req_of_cpu_peer_read_part1_5                                     (15.39%)
                 0      unc_iio_txn_req_of_cpu_peer_read_part2_0                                     (15.39%)
                 0      unc_iio_txn_req_of_cpu_peer_read_part2_1                                     (15.39%)
                 0      unc_iio_txn_req_of_cpu_peer_read_part2_2                                     (15.39%)
                 0      unc_iio_txn_req_of_cpu_peer_read_part2_3                                     (15.39%)
                 0      unc_iio_txn_req_of_cpu_peer_read_part2_4                                     (15.39%)
                 0      unc_iio_txn_req_of_cpu_peer_read_part2_5                                     (15.38%)
                 0      unc_iio_txn_req_of_cpu_peer_read_part3_0                                     (15.38%)
                 0      unc_iio_txn_req_of_cpu_peer_read_part3_1                                     (15.38%)
                 0      unc_iio_txn_req_of_cpu_peer_read_part3_2                                     (15.38%)
                 0      unc_iio_txn_req_of_cpu_peer_read_part3_3                                     (15.38%)
                 0      unc_iio_txn_req_of_cpu_peer_read_part3_4                                     (15.38%)
                 0      unc_iio_txn_req_of_cpu_peer_read_part3_5                                     (15.38%)
                 0      unc_iio_txn_req_of_cpu_peer_write_part0_0                                     (15.38%)
                 0      unc_iio_txn_req_of_cpu_peer_write_part0_1                                     (15.38%)
                 0      unc_iio_txn_req_of_cpu_peer_write_part0_2                                     (15.38%)
                 0      unc_iio_txn_req_of_cpu_peer_write_part0_3                                     (15.38%)
                 0      unc_iio_txn_req_of_cpu_peer_write_part0_4                                     (15.38%)
                 0      unc_iio_txn_req_of_cpu_peer_write_part0_5                                     (15.38%)
                 0      unc_iio_txn_req_of_cpu_peer_write_part1_0                                     (15.38%)
                 0      unc_iio_txn_req_of_cpu_peer_write_part1_1                                     (15.38%)
                 0      unc_iio_txn_req_of_cpu_peer_write_part1_2                                     (15.38%)
                 0      unc_iio_txn_req_of_cpu_peer_write_part1_3                                     (15.38%)
                 0      unc_iio_txn_req_of_cpu_peer_write_part1_4                                     (15.38%)
                 0      unc_iio_txn_req_of_cpu_peer_write_part1_5                                     (15.38%)
                 0      unc_iio_txn_req_of_cpu_peer_write_part2_0                                     (15.38%)
                 0      unc_iio_txn_req_of_cpu_peer_write_part2_1                                     (15.38%)
                 0      unc_iio_txn_req_of_cpu_peer_write_part2_2                                     (15.38%)
                 0      unc_iio_txn_req_of_cpu_peer_write_part2_3                                     (15.38%)
                 0      unc_iio_txn_req_of_cpu_peer_write_part2_4                                     (15.38%)
                 0      unc_iio_txn_req_of_cpu_peer_write_part2_5                                     (15.38%)
                 0      unc_iio_txn_req_of_cpu_peer_write_part3_0                                     (15.38%)
                 0      unc_iio_txn_req_of_cpu_peer_write_part3_1                                     (15.38%)
                 0      unc_iio_txn_req_of_cpu_peer_write_part3_2                                     (15.38%)
                 0      unc_iio_txn_req_of_cpu_peer_write_part3_3                                     (15.38%)
                 0      unc_iio_txn_req_of_cpu_peer_write_part3_4                                     (15.38%)
                 0      unc_iio_txn_req_of_cpu_peer_write_part3_5                                     (15.38%)
     7,802,220,163      unc_m2m_bypass_m2m_egress_not_taken_0                                     (11.77%)
                 0      unc_m2m_bypass_m2m_egress_not_taken_1                                     (11.77%)
                 0      unc_m2m_direct2core_not_taken_dirstate_0                                     (11.77%)
                 0      unc_m2m_direct2core_not_taken_dirstate_1                                     (11.77%)
     7,802,400,992      unc_m2m_direct2core_taken_0                                     (11.77%)
                 0      unc_m2m_direct2core_taken_1                                     (11.77%)
                 0      unc_m2m_direct2core_txn_override_0                                     (11.77%)
                 0      unc_m2m_direct2core_txn_override_1                                     (11.77%)
                 0      unc_m2m_direct2upi_not_taken_credits_0                                     (11.77%)
                 0      unc_m2m_direct2upi_not_taken_credits_1                                     (11.77%)
                 0      unc_m2m_direct2upi_not_taken_dirstate_0                                     (11.77%)
                 0      unc_m2m_direct2upi_not_taken_dirstate_1                                     (11.77%)
                 0      unc_m2m_direct2upi_taken_0                                     (11.77%)
                 0      unc_m2m_direct2upi_taken_1                                     (11.77%)
                 0      unc_m2m_direct2upi_txn_override_0                                     (11.77%)
                 0      unc_m2m_direct2upi_txn_override_1                                     (11.77%)
     7,797,594,991      unc_m2m_directory_lookup_any_0                                     (11.77%)
                 0      unc_m2m_directory_lookup_any_1                                     (11.77%)
                 0      unc_m2m_directory_lookup_state_a_0                                     (11.77%)
                 0      unc_m2m_directory_lookup_state_a_1                                     (11.77%)
     7,802,394,405      unc_m2m_directory_lookup_state_i_0                                     (11.77%)
                 0      unc_m2m_directory_lookup_state_i_1                                     (11.77%)
                 0      unc_m2m_directory_lookup_state_s_0                                     (11.77%)
                 0      unc_m2m_directory_lookup_state_s_1                                     (11.77%)
                 0      unc_m2m_directory_update_a2i_0                                     (11.77%)
                 0      unc_m2m_directory_update_a2i_1                                     (11.77%)
                 0      unc_m2m_directory_update_a2s_0                                     (11.77%)
                 0      unc_m2m_directory_update_a2s_1                                     (11.77%)
                 0      unc_m2m_directory_update_any_0                                     (11.76%)
                 0      unc_m2m_directory_update_any_1                                     (11.76%)
                 0      unc_m2m_directory_update_i2a_0                                     (11.76%)
                 0      unc_m2m_directory_update_i2a_1                                     (11.76%)
                 0      unc_m2m_directory_update_i2s_0                                     (11.76%)
                 0      unc_m2m_directory_update_i2s_1                                     (11.76%)
                 0      unc_m2m_directory_update_s2a_0                                     (11.76%)
                 0      unc_m2m_directory_update_s2a_1                                     (11.76%)
                 0      unc_m2m_directory_update_s2i_0                                     (11.76%)
                 0      unc_m2m_directory_update_s2i_1                                     (11.76%)
     7,808,582,155      unc_m2m_imc_reads_all_0                                       (11.76%)
                 0      unc_m2m_imc_reads_all_1                                       (11.76%)
     7,807,103,535      unc_m2m_imc_reads_normal_0                                     (11.76%)
                 0      unc_m2m_imc_reads_normal_1                                     (11.76%)
     4,016,542,808      unc_m2m_imc_writes_all_0                                      (11.76%)
                 0      unc_m2m_imc_writes_all_1                                      (11.76%)
                 0      unc_m2m_imc_writes_ni_0                                       (11.76%)
                 0      unc_m2m_imc_writes_ni_1                                       (11.76%)
             2,168      unc_m2m_imc_writes_partial_0                                     (11.76%)
                 0      unc_m2m_imc_writes_partial_1                                     (11.76%)
                 0      unc_m2m_prefcam_demand_promotions_0                                     (11.76%)
                 0      unc_m2m_prefcam_demand_promotions_1                                     (11.76%)
                 0      unc_m2m_prefcam_inserts_0                                     (11.76%)
                 0      unc_m2m_prefcam_inserts_1                                     (11.76%)
     7,807,722,175      unc_m2m_rxc_ad_inserts_0                                      (11.76%)
                 0      unc_m2m_rxc_ad_inserts_1                                      (11.76%)
    12,152,624,960      unc_m2m_rxc_ad_occupancy_0                                     (11.76%)
                 0      unc_m2m_rxc_ad_occupancy_1                                     (11.76%)
     8,045,574,455      unc_m2m_rxc_bl_inserts_0                                      (11.76%)
                 0      unc_m2m_rxc_bl_inserts_1                                      (11.76%)
   352,612,235,577      unc_m2m_rxc_bl_occupancy_0                                     (11.76%)
                 0      unc_m2m_rxc_bl_occupancy_1                                     (11.76%)
                 0      unc_m2m_txc_ad_inserts_0                                      (11.76%)
                 0      unc_m2m_txc_ad_inserts_1                                      (11.76%)
                 0      unc_m2m_txc_ad_occupancy_0                                     (11.76%)
                 0      unc_m2m_txc_ad_occupancy_1                                     (11.76%)
     7,807,483,237      unc_m2m_txc_bl_inserts_all_0                                     (11.76%)
                 0      unc_m2m_txc_bl_inserts_all_1                                     (11.76%)
    15,614,045,595      unc_m2m_txc_bl_occupancy_all_0                                     (11.76%)
                 0      unc_m2m_txc_bl_occupancy_all_1                                     (11.76%)
                 0      unc_m3upi_upi_prefetch_spawn_0                                   
                 0      unc_m3upi_upi_prefetch_spawn_1                                   
     5,595,448,002      unc_m_act_count_wr_0                                          (25.01%)
                 0      unc_m_act_count_wr_1                                          (25.01%)
                 0      unc_m_act_count_wr_2                                          (25.01%)
                 0      unc_m_act_count_wr_3                                          (25.01%)
                 0      unc_m_act_count_wr_4                                          (25.01%)
                 0      unc_m_act_count_wr_5                                          (25.01%)
    11,821,583,496      unc_m_cas_count_all_0                                         (25.01%)
                 0      unc_m_cas_count_all_1                                         (25.00%)
                 0      unc_m_cas_count_all_2                                         (25.00%)
                 0      unc_m_cas_count_all_3                                         (25.00%)
                 0      unc_m_cas_count_all_4                                         (25.01%)
                 0      unc_m_cas_count_all_5                                         (25.01%)
     7,798,130,492      unc_m_cas_count_rd_0                                          (25.01%)
                 0      unc_m_cas_count_rd_1                                          (25.00%)
                 0      unc_m_cas_count_rd_2                                          (25.00%)
                 0      unc_m_cas_count_rd_3                                          (25.00%)
                 0      unc_m_cas_count_rd_4                                          (25.01%)
                 0      unc_m_cas_count_rd_5                                          (25.01%)
     7,795,862,000      unc_m_cas_count_rd_reg_0                                      (25.00%)
                 0      unc_m_cas_count_rd_reg_1                                      (25.00%)
                 0      unc_m_cas_count_rd_reg_2                                      (25.00%)
                 0      unc_m_cas_count_rd_reg_3                                      (25.00%)
                 0      unc_m_cas_count_rd_reg_4                                      (25.00%)
                 0      unc_m_cas_count_rd_reg_5                                      (25.00%)
         1,760,100      unc_m_cas_count_rd_underfill_0                                     (25.00%)
                 0      unc_m_cas_count_rd_underfill_1                                     (25.00%)
                 0      unc_m_cas_count_rd_underfill_2                                     (25.00%)
                 0      unc_m_cas_count_rd_underfill_3                                     (25.00%)
                 0      unc_m_cas_count_rd_underfill_4                                     (25.00%)
                 0      unc_m_cas_count_rd_underfill_5                                     (25.00%)
     4,025,554,349      unc_m_cas_count_wr_0                                          (25.00%)
                 0      unc_m_cas_count_wr_1                                          (25.00%)
                 0      unc_m_cas_count_wr_2                                          (25.00%)
                 0      unc_m_cas_count_wr_3                                          (25.01%)
                 0      unc_m_cas_count_wr_4                                          (25.00%)
                 0      unc_m_cas_count_wr_5                                          (25.00%)
     3,138,278,469      unc_m_cas_count_wr_wmm_0                                      (25.00%)
                 0      unc_m_cas_count_wr_wmm_1                                      (25.00%)
                 0      unc_m_cas_count_wr_wmm_2                                      (25.00%)
                 0      unc_m_cas_count_wr_wmm_3                                      (25.00%)
                 0      unc_m_cas_count_wr_wmm_4                                      (25.00%)
                 0      unc_m_cas_count_wr_wmm_5                                      (25.00%)
    82,277,148,944      unc_m_clockticks_0                                            (25.00%)
    80,902,715,759      unc_m_clockticks_1                                            (25.00%)
    80,913,932,408      unc_m_clockticks_2                                            (25.00%)
    80,902,047,329      unc_m_clockticks_3                                            (25.00%)
    80,910,064,260      unc_m_clockticks_4                                            (25.00%)
    80,900,387,816      unc_m_clockticks_5                                            (25.00%)
                 0      unc_m_power_channel_ppd_0                                     (25.00%)
                 0      unc_m_power_channel_ppd_1                                     (25.00%)
                 0      unc_m_power_channel_ppd_2                                     (25.00%)
                 0      unc_m_power_channel_ppd_3                                     (25.00%)
                 0      unc_m_power_channel_ppd_4                                     (25.00%)
                 0      unc_m_power_channel_ppd_5                                     (25.00%)
                 0      unc_m_power_self_refresh_0                                     (25.00%)
                 0      unc_m_power_self_refresh_1                                     (25.00%)
                 0      unc_m_power_self_refresh_2                                     (25.00%)
                 0      unc_m_power_self_refresh_3                                     (25.00%)
                 0      unc_m_power_self_refresh_4                                     (25.00%)
                 0      unc_m_power_self_refresh_5                                     (25.00%)
    13,406,998,897      unc_m_pre_count_page_miss_0                                     (25.00%)
                 0      unc_m_pre_count_page_miss_1                                     (25.00%)
                 0      unc_m_pre_count_page_miss_2                                     (25.00%)
                 0      unc_m_pre_count_page_miss_3                                     (25.00%)
                 0      unc_m_pre_count_page_miss_4                                     (25.00%)
                 0      unc_m_pre_count_page_miss_5                                     (25.00%)
     9,176,370,379      unc_m_pre_count_rd_0                                          (25.00%)
                 0      unc_m_pre_count_rd_1                                          (25.00%)
                 0      unc_m_pre_count_rd_2                                          (25.00%)
                 0      unc_m_pre_count_rd_3                                          (25.00%)
                 0      unc_m_pre_count_rd_4                                          (25.00%)
                 0      unc_m_pre_count_rd_5                                          (25.00%)
     7,789,827,175      unc_m_rpq_inserts_0                                           (25.00%)
                 0      unc_m_rpq_inserts_1                                           (25.00%)
                 0      unc_m_rpq_inserts_2                                           (25.00%)
                 0      unc_m_rpq_inserts_3                                           (25.00%)
                 0      unc_m_rpq_inserts_4                                           (25.00%)
                 0      unc_m_rpq_inserts_5                                           (25.00%)
   887,596,762,709      unc_m_rpq_occupancy_0                                         (25.00%)
                 0      unc_m_rpq_occupancy_1                                         (25.00%)
                 0      unc_m_rpq_occupancy_2                                         (25.00%)
                 0      unc_m_rpq_occupancy_3                                         (25.00%)
                 0      unc_m_rpq_occupancy_4                                         (25.00%)
                 0      unc_m_rpq_occupancy_5                                         (25.00%)
     4,026,332,042      unc_m_wpq_inserts_0                                           (25.00%)
                 0      unc_m_wpq_inserts_1                                           (25.00%)
                 0      unc_m_wpq_inserts_2                                           (25.00%)
                 0      unc_m_wpq_inserts_3                                           (25.00%)
                 0      unc_m_wpq_inserts_4                                           (25.00%)
                 0      unc_m_wpq_inserts_5                                           (25.00%)
 1,670,662,415,765      unc_m_wpq_occupancy_0                                         (24.99%)
                 0      unc_m_wpq_occupancy_1                                         (25.00%)
                 0      unc_m_wpq_occupancy_2                                         (25.00%)
                 0      unc_m_wpq_occupancy_3                                         (25.00%)
                 0      unc_m_wpq_occupancy_4                                         (25.00%)
                 0      unc_m_wpq_occupancy_5                                         (25.00%)
    83,672,402,033      unc_upi_clockticks_0                                        
    83,672,357,192      unc_upi_clockticks_1                                        
                 0      unc_upi_direct_attempts_d2c_0                                   
                 0      unc_upi_direct_attempts_d2c_1                                   
                 0      unc_upi_direct_attempts_d2k_0                                   
                 0      unc_upi_direct_attempts_d2k_1                                   

      69.960019634 seconds time elapsed

