# started on Tue Feb  6 10:17:13 2024


 Performance counter stats for 'system wide':

                 0      unc_h_dir_update_ha_0                                         (23.54%)
                 0      unc_h_dir_update_ha_1                                         (23.46%)
               909      unc_h_dir_update_ha_2                                         (23.54%)
             6,007      unc_h_dir_update_ha_3                                         (23.54%)
             1,589      unc_h_dir_update_ha_4                                         (23.54%)
             3,245      unc_h_dir_update_ha_5                                         (23.54%)
             1,534      unc_h_dir_update_ha_6                                         (23.54%)
             1,525      unc_h_dir_update_ha_7                                         (23.54%)
             3,568      unc_h_dir_update_tor_0                                        (23.54%)
             3,874      unc_h_dir_update_tor_1                                        (23.54%)
               654      unc_h_dir_update_tor_2                                        (23.54%)
             3,415      unc_h_dir_update_tor_3                                        (23.54%)
                 0      unc_h_dir_update_tor_4                                        (23.54%)
                 0      unc_h_dir_update_tor_5                                        (23.54%)
             1,610      unc_h_dir_update_tor_6                                        (23.66%)
             1,352      unc_h_dir_update_tor_7                                        (23.66%)
             3,887      unc_h_hitme_hit_ex_rds_0                                      (23.54%)
             3,666      unc_h_hitme_hit_ex_rds_1                                      (23.54%)
               599      unc_h_hitme_hit_ex_rds_2                                      (23.54%)
                 0      unc_h_hitme_hit_ex_rds_3                                      (23.54%)
             1,551      unc_h_hitme_hit_ex_rds_4                                      (23.60%)
             3,508      unc_h_hitme_hit_ex_rds_5                                      (23.66%)
            11,836      unc_h_hitme_hit_ex_rds_6                                      (23.63%)
            11,556      unc_h_hitme_hit_ex_rds_7                                      (23.68%)
                 8      unc_h_misc_rfo_hit_s_0                                        (23.72%)
                38      unc_h_misc_rfo_hit_s_1                                        (23.79%)
             2,214      unc_h_misc_rfo_hit_s_2                                        (23.54%)
             1,272      unc_h_misc_rfo_hit_s_3                                        (23.66%)
             3,378      unc_h_misc_rfo_hit_s_4                                        (23.56%)
               161      unc_h_misc_rfo_hit_s_5                                        (23.59%)
               115      unc_h_misc_rfo_hit_s_6                                        (23.57%)
               106      unc_h_misc_rfo_hit_s_7                                        (23.59%)
       148,792,399      unc_h_requests_invitoe_local_0                                     (23.85%)
       148,666,274      unc_h_requests_invitoe_local_1                                     (23.89%)
       146,375,140      unc_h_requests_invitoe_local_2                                     (23.53%)
       147,709,829      unc_h_requests_invitoe_local_3                                     (23.71%)
       145,561,630      unc_h_requests_invitoe_local_4                                     (23.49%)
       145,622,767      unc_h_requests_invitoe_local_5                                     (23.54%)
       145,740,108      unc_h_requests_invitoe_local_6                                     (23.44%)
       145,610,746      unc_h_requests_invitoe_local_7                                     (23.40%)
                 0      unc_h_requests_invitoe_remote_0                                     (23.61%)
                 0      unc_h_requests_invitoe_remote_1                                     (23.61%)
             9,637      unc_h_requests_invitoe_remote_2                                     (23.53%)
            17,501      unc_h_requests_invitoe_remote_3                                     (23.26%)
               451      unc_h_requests_invitoe_remote_4                                     (23.51%)
            19,048      unc_h_requests_invitoe_remote_5                                     (23.48%)
                 0      unc_h_requests_invitoe_remote_6                                     (23.53%)
                 0      unc_h_requests_invitoe_remote_7                                     (23.53%)
       867,659,515      unc_h_requests_reads_0                                        (23.22%)
       867,400,805      unc_h_requests_reads_1                                        (23.17%)
       871,872,812      unc_h_requests_reads_2                                        (23.53%)
       870,650,494      unc_h_requests_reads_3                                        (23.46%)
       869,616,824      unc_h_requests_reads_4                                        (23.53%)
       870,174,830      unc_h_requests_reads_5                                        (23.53%)
       870,458,603      unc_h_requests_reads_6                                        (23.54%)
       869,942,178      unc_h_requests_reads_7                                        (23.53%)
       870,898,064      unc_h_requests_reads_local_0                                     (23.45%)
       870,373,148      unc_h_requests_reads_local_1                                     (23.53%)
       872,071,636      unc_h_requests_reads_local_2                                     (23.53%)
       870,566,069      unc_h_requests_reads_local_3                                     (23.53%)
       869,703,611      unc_h_requests_reads_local_4                                     (23.53%)
       870,258,642      unc_h_requests_reads_local_5                                     (23.53%)
       870,308,175      unc_h_requests_reads_local_6                                     (23.53%)
       869,845,383      unc_h_requests_reads_local_7                                     (23.53%)
       574,465,724      unc_h_requests_writes_0                                       (23.53%)
       574,396,200      unc_h_requests_writes_1                                       (23.53%)
       574,801,542      unc_h_requests_writes_2                                       (23.53%)
       573,911,428      unc_h_requests_writes_3                                       (23.53%)
       573,666,136      unc_h_requests_writes_4                                       (23.53%)
       573,986,708      unc_h_requests_writes_5                                       (23.53%)
       574,124,360      unc_h_requests_writes_6                                       (23.53%)
       574,020,154      unc_h_requests_writes_7                                       (23.53%)
       573,716,559      unc_h_requests_writes_local_0                                     (23.53%)
       573,444,109      unc_h_requests_writes_local_1                                     (23.53%)
       576,410,319      unc_h_requests_writes_local_2                                     (23.53%)
       575,956,146      unc_h_requests_writes_local_3                                     (23.53%)
       576,058,573      unc_h_requests_writes_local_4                                     (23.53%)
       576,298,491      unc_h_requests_writes_local_5                                     (23.53%)
       576,124,012      unc_h_requests_writes_local_6                                     (23.53%)
       575,997,957      unc_h_requests_writes_local_7                                     (23.53%)
     2,354,614,849      unc_h_rxc_inserts_irq_0                                       (23.53%)
     2,269,423,418      unc_h_rxc_inserts_irq_1                                       (23.53%)
     2,272,879,576      unc_h_rxc_inserts_irq_2                                       (23.53%)
     2,266,759,684      unc_h_rxc_inserts_irq_3                                       (23.80%)
     2,264,406,188      unc_h_rxc_inserts_irq_4                                       (23.57%)
     2,272,211,574      unc_h_rxc_inserts_irq_5                                       (23.62%)
     2,271,985,497      unc_h_rxc_inserts_irq_6                                       (23.68%)
     2,272,831,589      unc_h_rxc_inserts_irq_7                                       (23.74%)
           395,732      unc_h_rxc_irq1_reject_pa_match_0                                     (23.73%)
           346,912      unc_h_rxc_irq1_reject_pa_match_1                                     (23.76%)
           245,251      unc_h_rxc_irq1_reject_pa_match_2                                     (23.53%)
           278,310      unc_h_rxc_irq1_reject_pa_match_3                                     (23.61%)
           326,285      unc_h_rxc_irq1_reject_pa_match_4                                     (23.53%)
           207,962      unc_h_rxc_irq1_reject_pa_match_5                                     (23.41%)
           291,248      unc_h_rxc_irq1_reject_pa_match_6                                     (23.41%)
           291,862      unc_h_rxc_irq1_reject_pa_match_7                                     (23.41%)
    21,244,905,951      unc_h_rxc_occupancy_irq_0                                     (23.35%)
    20,757,986,821      unc_h_rxc_occupancy_irq_1                                     (23.29%)
    19,736,758,507      unc_h_rxc_occupancy_irq_2                                     (23.53%)
    20,979,842,675      unc_h_rxc_occupancy_irq_3                                     (23.41%)
    23,010,435,204      unc_h_rxc_occupancy_irq_4                                     (23.47%)
    21,979,433,295      unc_h_rxc_occupancy_irq_5                                     (23.44%)
    49,713,147,583      unc_h_rxc_occupancy_irq_6                                     (23.38%)
    49,525,417,585      unc_h_rxc_occupancy_irq_7                                     (23.32%)
             6,671      unc_h_snoop_resp_rsp_fwd_wb_0                                     (23.33%)
             6,244      unc_h_snoop_resp_rsp_fwd_wb_1                                     (23.30%)
                 0      unc_h_snoop_resp_rsp_fwd_wb_2                                     (23.53%)
                 0      unc_h_snoop_resp_rsp_fwd_wb_3                                     (23.35%)
                 0      unc_h_snoop_resp_rsp_fwd_wb_4                                     (23.53%)
                 0      unc_h_snoop_resp_rsp_fwd_wb_5                                     (23.52%)
               409      unc_h_snoop_resp_rsp_fwd_wb_6                                     (23.50%)
               413      unc_h_snoop_resp_rsp_fwd_wb_7                                     (23.48%)
             6,544      unc_h_snoop_resp_rspcnflct_0                                     (23.52%)
                 0      unc_h_snoop_resp_rspcnflct_1                                     (23.52%)
               978      unc_h_snoop_resp_rspcnflct_2                                     (23.53%)
             5,901      unc_h_snoop_resp_rspcnflct_3                                     (23.52%)
                 0      unc_h_snoop_resp_rspcnflct_4                                     (23.52%)
                 0      unc_h_snoop_resp_rspcnflct_5                                     (23.52%)
                 0      unc_h_snoop_resp_rspcnflct_6                                     (23.52%)
                 0      unc_h_snoop_resp_rspcnflct_7                                     (23.52%)
                 0      unc_h_snoop_resp_rspifwd_0                                     (23.53%)
                 0      unc_h_snoop_resp_rspifwd_1                                     (23.53%)
                 0      unc_h_snoop_resp_rspifwd_2                                     (23.53%)
                 0      unc_h_snoop_resp_rspifwd_3                                     (23.53%)
                 0      unc_h_snoop_resp_rspifwd_4                                     (23.53%)
                 0      unc_h_snoop_resp_rspifwd_5                                     (23.53%)
                 0      unc_h_snoop_resp_rspifwd_6                                     (23.53%)
                 0      unc_h_snoop_resp_rspifwd_7                                     (23.53%)
                 0      unc_h_snoop_resp_rspsfwd_0                                     (23.53%)
                 0      unc_h_snoop_resp_rspsfwd_1                                     (23.53%)
                 0      unc_h_snoop_resp_rspsfwd_2                                     (23.53%)
                 0      unc_h_snoop_resp_rspsfwd_3                                     (23.53%)
                 0      unc_h_snoop_resp_rspsfwd_4                                     (23.53%)
                 0      unc_h_snoop_resp_rspsfwd_5                                     (23.53%)
                 0      unc_h_snoop_resp_rspsfwd_6                                     (23.53%)
                 0      unc_h_snoop_resp_rspsfwd_7                                     (23.53%)
           130,827      unc_i_cache_total_occupancy_mem_0                                     (33.33%)
            93,359      unc_i_cache_total_occupancy_mem_1                                     (33.33%)
                 0      unc_i_cache_total_occupancy_mem_2                                     (33.33%)
                 0      unc_i_cache_total_occupancy_mem_3                                     (33.33%)
                 0      unc_i_cache_total_occupancy_mem_4                                     (33.33%)
                 0      unc_i_cache_total_occupancy_mem_5                                     (33.33%)
                 6      unc_i_coherent_ops_pcitom_0                                     (33.33%)
                 0      unc_i_coherent_ops_pcitom_1                                     (33.33%)
                 0      unc_i_coherent_ops_pcitom_2                                     (33.33%)
                 0      unc_i_coherent_ops_pcitom_3                                     (33.33%)
                 0      unc_i_coherent_ops_pcitom_4                                     (33.32%)
                 0      unc_i_coherent_ops_pcitom_5                                     (33.32%)
               558      unc_i_coherent_ops_rfo_0                                      (33.33%)
               105      unc_i_coherent_ops_rfo_1                                      (33.33%)
                 0      unc_i_coherent_ops_rfo_2                                      (33.33%)
                 0      unc_i_coherent_ops_rfo_3                                      (33.33%)
                 0      unc_i_coherent_ops_rfo_4                                      (33.34%)
                 0      unc_i_coherent_ops_rfo_5                                      (33.34%)
               711      unc_i_faf_inserts_0                                           (33.33%)
            17,681      unc_i_faf_inserts_1                                           (33.33%)
                 0      unc_i_faf_inserts_2                                           (33.33%)
                 0      unc_i_faf_inserts_3                                           (33.33%)
                 0      unc_i_faf_inserts_4                                           (33.33%)
                 0      unc_i_faf_inserts_5                                           (33.33%)
               726      unc_i_faf_occupancy_0                                         (33.33%)
            30,329      unc_i_faf_occupancy_1                                         (33.33%)
                 0      unc_i_faf_occupancy_2                                         (33.34%)
                 0      unc_i_faf_occupancy_3                                         (33.34%)
                 0      unc_i_faf_occupancy_4                                         (33.32%)
                 0      unc_i_faf_occupancy_5                                         (33.32%)
               537      unc_i_transactions_wr_pref_0                                     (33.33%)
                99      unc_i_transactions_wr_pref_1                                     (33.33%)
                 0      unc_i_transactions_wr_pref_2                                     (33.33%)
                 0      unc_i_transactions_wr_pref_3                                     (33.33%)
                 0      unc_i_transactions_wr_pref_4                                     (33.35%)
                 0      unc_i_transactions_wr_pref_5                                     (33.35%)
    67,507,748,270      unc_iio_clockticks_0                                          (7.08%)
    67,541,400,206      unc_iio_clockticks_1                                          (7.03%)
    67,511,603,661      unc_iio_clockticks_2                                          (7.03%)
    67,547,205,699      unc_iio_clockticks_3                                          (7.03%)
                 0      unc_iio_clockticks_4                                          (7.07%)
                 0      unc_iio_clockticks_5                                          (7.06%)
                 0      unc_iio_comp_buf_inserts_cmpd_all_parts_0                                     (7.02%)
                 0      unc_iio_comp_buf_inserts_cmpd_all_parts_1                                     (7.03%)
                 0      unc_iio_comp_buf_inserts_cmpd_all_parts_2                                     (7.03%)
                 0      unc_iio_comp_buf_inserts_cmpd_all_parts_3                                     (7.03%)
                 0      unc_iio_comp_buf_inserts_cmpd_all_parts_4                                     (7.04%)
                 0      unc_iio_comp_buf_inserts_cmpd_all_parts_5                                     (7.03%)
                 0      unc_iio_comp_buf_inserts_cmpd_part0_0                                     (7.05%)
                 0      unc_iio_comp_buf_inserts_cmpd_part0_1                                     (7.03%)
                 0      unc_iio_comp_buf_inserts_cmpd_part0_2                                     (7.03%)
                 0      unc_iio_comp_buf_inserts_cmpd_part0_3                                     (7.03%)
                 0      unc_iio_comp_buf_inserts_cmpd_part0_4                                     (7.03%)
                 0      unc_iio_comp_buf_inserts_cmpd_part0_5                                     (7.03%)
                 0      unc_iio_comp_buf_inserts_cmpd_part1_0                                     (7.03%)
                 0      unc_iio_comp_buf_inserts_cmpd_part1_1                                     (7.03%)
                 0      unc_iio_comp_buf_inserts_cmpd_part1_2                                     (7.03%)
                 0      unc_iio_comp_buf_inserts_cmpd_part1_3                                     (7.03%)
                 0      unc_iio_comp_buf_inserts_cmpd_part1_4                                     (7.03%)
                 0      unc_iio_comp_buf_inserts_cmpd_part1_5                                     (7.03%)
                 0      unc_iio_comp_buf_inserts_cmpd_part2_0                                     (7.03%)
                 0      unc_iio_comp_buf_inserts_cmpd_part2_1                                     (7.03%)
                 0      unc_iio_comp_buf_inserts_cmpd_part2_2                                     (7.03%)
                 0      unc_iio_comp_buf_inserts_cmpd_part2_3                                     (7.03%)
                 0      unc_iio_comp_buf_inserts_cmpd_part2_4                                     (7.03%)
                 0      unc_iio_comp_buf_inserts_cmpd_part2_5                                     (7.03%)
                 0      unc_iio_comp_buf_inserts_cmpd_part3_0                                     (6.99%)
                 0      unc_iio_comp_buf_inserts_cmpd_part3_1                                     (7.03%)
                 0      unc_iio_comp_buf_inserts_cmpd_part3_2                                     (7.03%)
                 0      unc_iio_comp_buf_inserts_cmpd_part3_3                                     (7.02%)
                 0      unc_iio_comp_buf_inserts_cmpd_part3_4                                     (7.02%)
                 0      unc_iio_comp_buf_inserts_cmpd_part3_5                                     (7.02%)
            28,450      unc_iio_comp_buf_occupancy_cmpd_all_parts_0                                     (7.00%)
         1,488,076      unc_iio_comp_buf_occupancy_cmpd_all_parts_1                                     (7.03%)
                 0      unc_iio_comp_buf_occupancy_cmpd_all_parts_2                                     (7.03%)
                 0      unc_iio_comp_buf_occupancy_cmpd_all_parts_3                                     (7.03%)
                 0      unc_iio_comp_buf_occupancy_cmpd_all_parts_4                                     (7.03%)
                 0      unc_iio_comp_buf_occupancy_cmpd_all_parts_5                                     (7.02%)
                 0      unc_iio_comp_buf_occupancy_cmpd_part0_0                                     (7.04%)
        19,892,709      unc_iio_comp_buf_occupancy_cmpd_part0_1                                     (7.03%)
                 0      unc_iio_comp_buf_occupancy_cmpd_part0_2                                     (7.02%)
                 0      unc_iio_comp_buf_occupancy_cmpd_part0_3                                     (7.03%)
                 0      unc_iio_comp_buf_occupancy_cmpd_part0_4                                     (7.03%)
                 0      unc_iio_comp_buf_occupancy_cmpd_part0_5                                     (7.03%)
            47,682      unc_iio_comp_buf_occupancy_cmpd_part1_0                                     (7.02%)
                 0      unc_iio_comp_buf_occupancy_cmpd_part1_1                                     (7.02%)
                 0      unc_iio_comp_buf_occupancy_cmpd_part1_2                                     (7.02%)
                 0      unc_iio_comp_buf_occupancy_cmpd_part1_3                                     (7.02%)
                 0      unc_iio_comp_buf_occupancy_cmpd_part1_4                                     (7.02%)
                 0      unc_iio_comp_buf_occupancy_cmpd_part1_5                                     (7.02%)
                 0      unc_iio_comp_buf_occupancy_cmpd_part2_0                                     (7.03%)
                 0      unc_iio_comp_buf_occupancy_cmpd_part2_1                                     (7.02%)
                 0      unc_iio_comp_buf_occupancy_cmpd_part2_2                                     (7.01%)
                 0      unc_iio_comp_buf_occupancy_cmpd_part2_3                                     (7.02%)
                 0      unc_iio_comp_buf_occupancy_cmpd_part2_4                                     (7.03%)
                 0      unc_iio_comp_buf_occupancy_cmpd_part2_5                                     (7.02%)
                 0      unc_iio_comp_buf_occupancy_cmpd_part3_0                                     (6.99%)
                 0      unc_iio_comp_buf_occupancy_cmpd_part3_1                                     (5.26%)
                 0      unc_iio_comp_buf_occupancy_cmpd_part3_2                                     (7.02%)
                 0      unc_iio_comp_buf_occupancy_cmpd_part3_3                                     (5.25%)
                 0      unc_iio_comp_buf_occupancy_cmpd_part3_4                                     (7.00%)
                 0      unc_iio_comp_buf_occupancy_cmpd_part3_5                                     (7.00%)
                 0      unc_iio_data_req_by_cpu_mem_read_part0_0                                     (7.00%)
                 0      unc_iio_data_req_by_cpu_mem_read_part0_1                                     (7.02%)
                 0      unc_iio_data_req_by_cpu_mem_read_part0_2                                     (7.02%)
                 0      unc_iio_data_req_by_cpu_mem_read_part0_3                                     (7.02%)
                 0      unc_iio_data_req_by_cpu_mem_read_part0_4                                     (5.26%)
                 0      unc_iio_data_req_by_cpu_mem_read_part0_5                                     (7.01%)
                 0      unc_iio_data_req_by_cpu_mem_read_part1_0                                     (7.02%)
                 0      unc_iio_data_req_by_cpu_mem_read_part1_1                                     (7.02%)
                 0      unc_iio_data_req_by_cpu_mem_read_part1_2                                     (7.02%)
                 0      unc_iio_data_req_by_cpu_mem_read_part1_3                                     (7.02%)
                 0      unc_iio_data_req_by_cpu_mem_read_part1_4                                     (7.02%)
                 0      unc_iio_data_req_by_cpu_mem_read_part1_5                                     (7.02%)
                 0      unc_iio_data_req_by_cpu_mem_read_part2_0                                     (7.02%)
                 0      unc_iio_data_req_by_cpu_mem_read_part2_1                                     (7.02%)
                 0      unc_iio_data_req_by_cpu_mem_read_part2_2                                     (7.01%)
                 0      unc_iio_data_req_by_cpu_mem_read_part2_3                                     (7.02%)
                 0      unc_iio_data_req_by_cpu_mem_read_part2_4                                     (7.02%)
                 0      unc_iio_data_req_by_cpu_mem_read_part2_5                                     (7.03%)
                 0      unc_iio_data_req_by_cpu_mem_read_part3_0                                     (7.03%)
                 0      unc_iio_data_req_by_cpu_mem_read_part3_1                                     (7.02%)
                 0      unc_iio_data_req_by_cpu_mem_read_part3_2                                     (7.02%)
                 0      unc_iio_data_req_by_cpu_mem_read_part3_3                                     (7.02%)
                 0      unc_iio_data_req_by_cpu_mem_read_part3_4                                     (7.02%)
                 0      unc_iio_data_req_by_cpu_mem_read_part3_5                                     (7.02%)
                 0      unc_iio_data_req_by_cpu_mem_write_part0_0                                     (7.05%)
                 0      unc_iio_data_req_by_cpu_mem_write_part0_1                                     (7.02%)
                 0      unc_iio_data_req_by_cpu_mem_write_part0_2                                     (7.03%)
                 0      unc_iio_data_req_by_cpu_mem_write_part0_3                                     (7.04%)
                 0      unc_iio_data_req_by_cpu_mem_write_part0_4                                     (7.04%)
                 0      unc_iio_data_req_by_cpu_mem_write_part0_5                                     (7.07%)
                 0      unc_iio_data_req_by_cpu_mem_write_part1_0                                     (7.02%)
                 0      unc_iio_data_req_by_cpu_mem_write_part1_1                                     (7.02%)
                 0      unc_iio_data_req_by_cpu_mem_write_part1_2                                     (7.02%)
                 0      unc_iio_data_req_by_cpu_mem_write_part1_3                                     (7.02%)
                 0      unc_iio_data_req_by_cpu_mem_write_part1_4                                     (7.01%)
                 0      unc_iio_data_req_by_cpu_mem_write_part1_5                                     (7.01%)
                 0      unc_iio_data_req_by_cpu_mem_write_part2_0                                     (7.01%)
                 0      unc_iio_data_req_by_cpu_mem_write_part2_1                                     (7.02%)
                 0      unc_iio_data_req_by_cpu_mem_write_part2_2                                     (7.02%)
                 0      unc_iio_data_req_by_cpu_mem_write_part2_3                                     (7.02%)
                 0      unc_iio_data_req_by_cpu_mem_write_part2_4                                     (7.04%)
                 0      unc_iio_data_req_by_cpu_mem_write_part2_5                                     (7.04%)
                 0      unc_iio_data_req_by_cpu_mem_write_part3_0                                     (7.02%)
                 0      unc_iio_data_req_by_cpu_mem_write_part3_1                                     (7.02%)
                 0      unc_iio_data_req_by_cpu_mem_write_part3_2                                     (7.02%)
                 0      unc_iio_data_req_by_cpu_mem_write_part3_3                                     (7.02%)
                 0      unc_iio_data_req_by_cpu_mem_write_part3_4                                     (7.02%)
                 0      unc_iio_data_req_by_cpu_mem_write_part3_5                                     (7.02%)
                 0      unc_iio_data_req_by_cpu_peer_read_part0_0                                     (7.02%)
                 0      unc_iio_data_req_by_cpu_peer_read_part0_1                                     (7.02%)
                 0      unc_iio_data_req_by_cpu_peer_read_part0_2                                     (7.02%)
                 0      unc_iio_data_req_by_cpu_peer_read_part0_3                                     (7.02%)
                 0      unc_iio_data_req_by_cpu_peer_read_part0_4                                     (7.02%)
                 0      unc_iio_data_req_by_cpu_peer_read_part0_5                                     (7.02%)
                 0      unc_iio_data_req_by_cpu_peer_read_part1_0                                     (7.01%)
                 0      unc_iio_data_req_by_cpu_peer_read_part1_1                                     (7.02%)
                 0      unc_iio_data_req_by_cpu_peer_read_part1_2                                     (7.00%)
                 0      unc_iio_data_req_by_cpu_peer_read_part1_3                                     (7.00%)
                 0      unc_iio_data_req_by_cpu_peer_read_part1_4                                     (7.01%)
                 0      unc_iio_data_req_by_cpu_peer_read_part1_5                                     (6.99%)
                 0      unc_iio_data_req_by_cpu_peer_read_part2_0                                     (7.01%)
                 0      unc_iio_data_req_by_cpu_peer_read_part2_1                                     (7.02%)
                 0      unc_iio_data_req_by_cpu_peer_read_part2_2                                     (7.04%)
                 0      unc_iio_data_req_by_cpu_peer_read_part2_3                                     (7.02%)
                 0      unc_iio_data_req_by_cpu_peer_read_part2_4                                     (7.01%)
                 0      unc_iio_data_req_by_cpu_peer_read_part2_5                                     (6.99%)
                 0      unc_iio_data_req_by_cpu_peer_read_part3_0                                     (7.01%)
                 0      unc_iio_data_req_by_cpu_peer_read_part3_1                                     (7.02%)
                 0      unc_iio_data_req_by_cpu_peer_read_part3_2                                     (7.01%)
                 0      unc_iio_data_req_by_cpu_peer_read_part3_3                                     (7.00%)
                 0      unc_iio_data_req_by_cpu_peer_read_part3_4                                     (7.00%)
                 0      unc_iio_data_req_by_cpu_peer_read_part3_5                                     (7.00%)
                 0      unc_iio_data_req_by_cpu_peer_write_part0_0                                     (7.03%)
                 0      unc_iio_data_req_by_cpu_peer_write_part0_1                                     (7.02%)
                 0      unc_iio_data_req_by_cpu_peer_write_part0_2                                     (7.02%)
                 0      unc_iio_data_req_by_cpu_peer_write_part0_3                                     (7.02%)
                 0      unc_iio_data_req_by_cpu_peer_write_part0_4                                     (7.02%)
                 0      unc_iio_data_req_by_cpu_peer_write_part0_5                                     (7.03%)
                 0      unc_iio_data_req_by_cpu_peer_write_part1_0                                     (7.02%)
                 0      unc_iio_data_req_by_cpu_peer_write_part1_1                                     (7.02%)
                 0      unc_iio_data_req_by_cpu_peer_write_part1_2                                     (7.02%)
                 0      unc_iio_data_req_by_cpu_peer_write_part1_3                                     (7.02%)
                 0      unc_iio_data_req_by_cpu_peer_write_part1_4                                     (7.02%)
                 0      unc_iio_data_req_by_cpu_peer_write_part1_5                                     (7.02%)
                 0      unc_iio_data_req_by_cpu_peer_write_part2_0                                     (7.02%)
                 0      unc_iio_data_req_by_cpu_peer_write_part2_1                                     (7.02%)
                 0      unc_iio_data_req_by_cpu_peer_write_part2_2                                     (7.02%)
                 0      unc_iio_data_req_by_cpu_peer_write_part2_3                                     (7.02%)
                 0      unc_iio_data_req_by_cpu_peer_write_part2_4                                     (7.02%)
                 0      unc_iio_data_req_by_cpu_peer_write_part2_5                                     (7.03%)
                 0      unc_iio_data_req_by_cpu_peer_write_part3_0                                     (7.02%)
                 0      unc_iio_data_req_by_cpu_peer_write_part3_1                                     (7.02%)
                 0      unc_iio_data_req_by_cpu_peer_write_part3_2                                     (7.01%)
                 0      unc_iio_data_req_by_cpu_peer_write_part3_3                                     (7.01%)
                 0      unc_iio_data_req_by_cpu_peer_write_part3_4                                     (7.01%)
                 0      unc_iio_data_req_by_cpu_peer_write_part3_5                                     (7.01%)
                 0      unc_iio_data_req_of_cpu_mem_read_part0_0                                     (7.01%)
                 0      unc_iio_data_req_of_cpu_mem_read_part0_1                                     (7.02%)
                 0      unc_iio_data_req_of_cpu_mem_read_part0_2                                     (7.01%)
                 0      unc_iio_data_req_of_cpu_mem_read_part0_3                                     (7.00%)
                 0      unc_iio_data_req_of_cpu_mem_read_part0_4                                     (7.00%)
                 0      unc_iio_data_req_of_cpu_mem_read_part0_5                                     (6.99%)
                 0      unc_iio_data_req_of_cpu_mem_read_part1_0                                     (6.98%)
                 0      unc_iio_data_req_of_cpu_mem_read_part1_1                                     (7.02%)
                 0      unc_iio_data_req_of_cpu_mem_read_part1_2                                     (7.02%)
                 0      unc_iio_data_req_of_cpu_mem_read_part1_3                                     (7.01%)
                 0      unc_iio_data_req_of_cpu_mem_read_part1_4                                     (7.01%)
                 0      unc_iio_data_req_of_cpu_mem_read_part1_5                                     (7.01%)
                 0      unc_iio_data_req_of_cpu_mem_read_part2_0                                     (7.01%)
                 0      unc_iio_data_req_of_cpu_mem_read_part2_1                                     (5.26%)
                 0      unc_iio_data_req_of_cpu_mem_read_part2_2                                     (7.02%)
                 0      unc_iio_data_req_of_cpu_mem_read_part2_3                                     (5.26%)
                 0      unc_iio_data_req_of_cpu_mem_read_part2_4                                     (5.26%)
                 0      unc_iio_data_req_of_cpu_mem_read_part2_5                                     (7.02%)
                 0      unc_iio_data_req_of_cpu_mem_read_part3_0                                     (7.02%)
                 0      unc_iio_data_req_of_cpu_mem_read_part3_1                                     (5.26%)
                 0      unc_iio_data_req_of_cpu_mem_read_part3_2                                     (5.26%)
                 0      unc_iio_data_req_of_cpu_mem_read_part3_3                                     (7.02%)
                 0      unc_iio_data_req_of_cpu_mem_read_part3_4                                     (5.26%)
                 0      unc_iio_data_req_of_cpu_mem_read_part3_5                                     (5.27%)
                 0      unc_iio_data_req_of_cpu_mem_write_part0_0                                     (7.03%)
                 0      unc_iio_data_req_of_cpu_mem_write_part0_1                                     (7.01%)
                 0      unc_iio_data_req_of_cpu_mem_write_part0_2                                     (5.26%)
                 0      unc_iio_data_req_of_cpu_mem_write_part0_3                                     (5.26%)
                 0      unc_iio_data_req_of_cpu_mem_write_part0_4                                     (7.02%)
                 0      unc_iio_data_req_of_cpu_mem_write_part0_5                                     (5.26%)
                 0      unc_iio_data_req_of_cpu_mem_write_part1_0                                     (5.27%)
                 0      unc_iio_data_req_of_cpu_mem_write_part1_1                                     (7.02%)
                 0      unc_iio_data_req_of_cpu_mem_write_part1_2                                     (7.01%)
                 0      unc_iio_data_req_of_cpu_mem_write_part1_3                                     (5.26%)
                 0      unc_iio_data_req_of_cpu_mem_write_part1_4                                     (7.02%)
                 0      unc_iio_data_req_of_cpu_mem_write_part1_5                                     (7.03%)
                 0      unc_iio_data_req_of_cpu_mem_write_part2_0                                     (5.28%)
                 0      unc_iio_data_req_of_cpu_mem_write_part2_1                                     (7.02%)
                 0      unc_iio_data_req_of_cpu_mem_write_part2_2                                     (7.02%)
                 0      unc_iio_data_req_of_cpu_mem_write_part2_3                                     (7.03%)
                 0      unc_iio_data_req_of_cpu_mem_write_part2_4                                     (7.05%)
                 0      unc_iio_data_req_of_cpu_mem_write_part2_5                                     (7.07%)
                 0      unc_iio_data_req_of_cpu_mem_write_part3_0                                     (7.07%)
                 0      unc_iio_data_req_of_cpu_mem_write_part3_1                                     (5.26%)
                 0      unc_iio_data_req_of_cpu_mem_write_part3_2                                     (7.03%)
                 0      unc_iio_data_req_of_cpu_mem_write_part3_3                                     (7.05%)
                 0      unc_iio_data_req_of_cpu_mem_write_part3_4                                     (7.02%)
                 0      unc_iio_data_req_of_cpu_mem_write_part3_5                                     (7.03%)
                 0      unc_iio_data_req_of_cpu_peer_read_part0_0                                     (7.03%)
                 0      unc_iio_data_req_of_cpu_peer_read_part0_1                                     (7.02%)
                 0      unc_iio_data_req_of_cpu_peer_read_part0_2                                     (7.02%)
                 0      unc_iio_data_req_of_cpu_peer_read_part0_3                                     (7.02%)
                 0      unc_iio_data_req_of_cpu_peer_read_part0_4                                     (7.03%)
                 0      unc_iio_data_req_of_cpu_peer_read_part0_5                                     (7.02%)
                 0      unc_iio_data_req_of_cpu_peer_read_part1_0                                     (7.02%)
                 0      unc_iio_data_req_of_cpu_peer_read_part1_1                                     (7.02%)
                 0      unc_iio_data_req_of_cpu_peer_read_part1_2                                     (7.02%)
                 0      unc_iio_data_req_of_cpu_peer_read_part1_3                                     (7.02%)
                 0      unc_iio_data_req_of_cpu_peer_read_part1_4                                     (7.01%)
                 0      unc_iio_data_req_of_cpu_peer_read_part1_5                                     (7.01%)
                 0      unc_iio_data_req_of_cpu_peer_read_part2_0                                     (7.01%)
                 0      unc_iio_data_req_of_cpu_peer_read_part2_1                                     (7.02%)
                 0      unc_iio_data_req_of_cpu_peer_read_part2_2                                     (7.02%)
                 0      unc_iio_data_req_of_cpu_peer_read_part2_3                                     (7.02%)
                 0      unc_iio_data_req_of_cpu_peer_read_part2_4                                     (7.01%)
                 0      unc_iio_data_req_of_cpu_peer_read_part2_5                                     (7.01%)
                 0      unc_iio_data_req_of_cpu_peer_read_part3_0                                     (7.01%)
                 0      unc_iio_data_req_of_cpu_peer_read_part3_1                                     (7.02%)
                 0      unc_iio_data_req_of_cpu_peer_read_part3_2                                     (7.02%)
                 0      unc_iio_data_req_of_cpu_peer_read_part3_3                                     (5.29%)
                 0      unc_iio_data_req_of_cpu_peer_read_part3_4                                     (7.02%)
                 0      unc_iio_data_req_of_cpu_peer_read_part3_5                                     (7.02%)
                 0      unc_iio_data_req_of_cpu_peer_write_part0_0                                     (7.02%)
                 0      unc_iio_data_req_of_cpu_peer_write_part0_1                                     (7.02%)
                 0      unc_iio_data_req_of_cpu_peer_write_part0_2                                     (7.02%)
                 0      unc_iio_data_req_of_cpu_peer_write_part0_3                                     (7.02%)
                 0      unc_iio_data_req_of_cpu_peer_write_part0_4                                     (7.02%)
                 0      unc_iio_data_req_of_cpu_peer_write_part0_5                                     (7.02%)
                 0      unc_iio_data_req_of_cpu_peer_write_part1_0                                     (7.02%)
                 0      unc_iio_data_req_of_cpu_peer_write_part1_1                                     (7.02%)
                 0      unc_iio_data_req_of_cpu_peer_write_part1_2                                     (7.02%)
                 0      unc_iio_data_req_of_cpu_peer_write_part1_3                                     (7.02%)
                 0      unc_iio_data_req_of_cpu_peer_write_part1_4                                     (7.02%)
                 0      unc_iio_data_req_of_cpu_peer_write_part1_5                                     (7.02%)
                 0      unc_iio_data_req_of_cpu_peer_write_part2_0                                     (7.02%)
                 0      unc_iio_data_req_of_cpu_peer_write_part2_1                                     (7.02%)
                 0      unc_iio_data_req_of_cpu_peer_write_part2_2                                     (7.02%)
                 0      unc_iio_data_req_of_cpu_peer_write_part2_3                                     (7.02%)
                 0      unc_iio_data_req_of_cpu_peer_write_part2_4                                     (7.02%)
                 0      unc_iio_data_req_of_cpu_peer_write_part2_5                                     (7.02%)
                 0      unc_iio_data_req_of_cpu_peer_write_part3_0                                     (7.02%)
                 0      unc_iio_data_req_of_cpu_peer_write_part3_1                                     (7.02%)
                 0      unc_iio_data_req_of_cpu_peer_write_part3_2                                     (7.02%)
                 0      unc_iio_data_req_of_cpu_peer_write_part3_3                                     (7.02%)
                 0      unc_iio_data_req_of_cpu_peer_write_part3_4                                     (7.02%)
                 0      unc_iio_data_req_of_cpu_peer_write_part3_5                                     (7.02%)
                 0      unc_iio_payload_bytes_in_mem_read_part0_0                                     (7.02%)
                 0      unc_iio_payload_bytes_in_mem_read_part0_1                                     (7.02%)
                 0      unc_iio_payload_bytes_in_mem_read_part0_2                                     (7.01%)
                 0      unc_iio_payload_bytes_in_mem_read_part0_3                                     (7.01%)
                 0      unc_iio_payload_bytes_in_mem_read_part0_4                                     (7.00%)
                 0      unc_iio_payload_bytes_in_mem_read_part0_5                                     (7.00%)
                 0      unc_iio_payload_bytes_in_mem_read_part1_0                                     (6.99%)
                 0      unc_iio_payload_bytes_in_mem_read_part1_1                                     (7.02%)
                 0      unc_iio_payload_bytes_in_mem_read_part1_2                                     (7.00%)
                 0      unc_iio_payload_bytes_in_mem_read_part1_3                                     (7.00%)
                 0      unc_iio_payload_bytes_in_mem_read_part1_4                                     (7.01%)
                 0      unc_iio_payload_bytes_in_mem_read_part1_5                                     (7.00%)
                 0      unc_iio_payload_bytes_in_mem_read_part2_0                                     (6.99%)
                 0      unc_iio_payload_bytes_in_mem_read_part2_1                                     (7.02%)
                 0      unc_iio_payload_bytes_in_mem_read_part2_2                                     (7.03%)
                 0      unc_iio_payload_bytes_in_mem_read_part2_3                                     (7.02%)
                 0      unc_iio_payload_bytes_in_mem_read_part2_4                                     (7.01%)
                 0      unc_iio_payload_bytes_in_mem_read_part2_5                                     (7.00%)
                 0      unc_iio_payload_bytes_in_mem_read_part3_0                                     (7.00%)
                 0      unc_iio_payload_bytes_in_mem_read_part3_1                                     (5.26%)
                 0      unc_iio_payload_bytes_in_mem_read_part3_2                                     (7.02%)
                 0      unc_iio_payload_bytes_in_mem_read_part3_3                                     (7.00%)
                 0      unc_iio_payload_bytes_in_mem_read_part3_4                                     (5.27%)
                 0      unc_iio_payload_bytes_in_mem_read_part3_5                                     (7.02%)
                 0      unc_iio_payload_bytes_in_mem_write_part0_0                                     (7.02%)
                 0      unc_iio_payload_bytes_in_mem_write_part0_1                                     (5.26%)
                 0      unc_iio_payload_bytes_in_mem_write_part0_2                                     (5.25%)
                 0      unc_iio_payload_bytes_in_mem_write_part0_3                                     (7.01%)
                 0      unc_iio_payload_bytes_in_mem_write_part0_4                                     (5.25%)
                 0      unc_iio_payload_bytes_in_mem_write_part0_5                                     (5.25%)
                 0      unc_iio_payload_bytes_in_mem_write_part1_0                                     (7.00%)
                 0      unc_iio_payload_bytes_in_mem_write_part1_1                                     (7.02%)
                 0      unc_iio_payload_bytes_in_mem_write_part1_2                                     (5.26%)
                 0      unc_iio_payload_bytes_in_mem_write_part1_3                                     (7.02%)
                 0      unc_iio_payload_bytes_in_mem_write_part1_4                                     (7.02%)
                 0      unc_iio_payload_bytes_in_mem_write_part1_5                                     (5.26%)
                 0      unc_iio_payload_bytes_in_mem_write_part2_0                                     (5.26%)
                 0      unc_iio_payload_bytes_in_mem_write_part2_1                                     (7.02%)
                 0      unc_iio_payload_bytes_in_mem_write_part2_2                                     (7.02%)
                 0      unc_iio_payload_bytes_in_mem_write_part2_3                                     (5.27%)
                 0      unc_iio_payload_bytes_in_mem_write_part2_4                                     (7.03%)
                 0      unc_iio_payload_bytes_in_mem_write_part2_5                                     (7.03%)
                 0      unc_iio_payload_bytes_in_mem_write_part3_0                                     (5.28%)
                 0      unc_iio_payload_bytes_in_mem_write_part3_1                                     (5.26%)
                 0      unc_iio_payload_bytes_in_mem_write_part3_2                                     (7.02%)
                 0      unc_iio_payload_bytes_in_mem_write_part3_3                                     (5.27%)
                 0      unc_iio_payload_bytes_in_mem_write_part3_4                                     (5.27%)
                 0      unc_iio_payload_bytes_in_mem_write_part3_5                                     (7.03%)
                 0      unc_iio_txn_req_by_cpu_mem_read_part0_0                                     (7.03%)
                 0      unc_iio_txn_req_by_cpu_mem_read_part0_1                                     (7.02%)
                 0      unc_iio_txn_req_by_cpu_mem_read_part0_2                                     (7.02%)
                 0      unc_iio_txn_req_by_cpu_mem_read_part0_3                                     (7.02%)
                 0      unc_iio_txn_req_by_cpu_mem_read_part0_4                                     (7.02%)
                 0      unc_iio_txn_req_by_cpu_mem_read_part0_5                                     (7.02%)
                 0      unc_iio_txn_req_by_cpu_mem_read_part1_0                                     (7.02%)
                 0      unc_iio_txn_req_by_cpu_mem_read_part1_1                                     (7.02%)
                 0      unc_iio_txn_req_by_cpu_mem_read_part1_2                                     (7.02%)
                 0      unc_iio_txn_req_by_cpu_mem_read_part1_3                                     (7.02%)
                 0      unc_iio_txn_req_by_cpu_mem_read_part1_4                                     (7.02%)
                 0      unc_iio_txn_req_by_cpu_mem_read_part1_5                                     (7.02%)
                 0      unc_iio_txn_req_by_cpu_mem_read_part2_0                                     (7.02%)
                 0      unc_iio_txn_req_by_cpu_mem_read_part2_1                                     (7.02%)
                 0      unc_iio_txn_req_by_cpu_mem_read_part2_2                                     (7.02%)
                 0      unc_iio_txn_req_by_cpu_mem_read_part2_3                                     (7.02%)
                 0      unc_iio_txn_req_by_cpu_mem_read_part2_4                                     (7.02%)
                 0      unc_iio_txn_req_by_cpu_mem_read_part2_5                                     (7.02%)
                 0      unc_iio_txn_req_by_cpu_mem_read_part3_0                                     (7.02%)
                 0      unc_iio_txn_req_by_cpu_mem_read_part3_1                                     (7.02%)
                 0      unc_iio_txn_req_by_cpu_mem_read_part3_2                                     (7.02%)
                 0      unc_iio_txn_req_by_cpu_mem_read_part3_3                                     (7.02%)
                 0      unc_iio_txn_req_by_cpu_mem_read_part3_4                                     (7.02%)
                 0      unc_iio_txn_req_by_cpu_mem_read_part3_5                                     (7.02%)
                 0      unc_iio_txn_req_by_cpu_mem_write_part0_0                                     (7.02%)
                 0      unc_iio_txn_req_by_cpu_mem_write_part0_1                                     (7.02%)
                 0      unc_iio_txn_req_by_cpu_mem_write_part0_2                                     (7.02%)
                 0      unc_iio_txn_req_by_cpu_mem_write_part0_3                                     (7.03%)
                 0      unc_iio_txn_req_by_cpu_mem_write_part0_4                                     (7.03%)
                 0      unc_iio_txn_req_by_cpu_mem_write_part0_5                                     (7.03%)
                 0      unc_iio_txn_req_by_cpu_mem_write_part1_0                                     (7.04%)
                 0      unc_iio_txn_req_by_cpu_mem_write_part1_1                                     (7.02%)
                 0      unc_iio_txn_req_by_cpu_mem_write_part1_2                                     (7.01%)
                 0      unc_iio_txn_req_by_cpu_mem_write_part1_3                                     (7.01%)
                 0      unc_iio_txn_req_by_cpu_mem_write_part1_4                                     (7.01%)
                 0      unc_iio_txn_req_by_cpu_mem_write_part1_5                                     (7.01%)

      70.029269860 seconds time elapsed

