# started on Tue Feb  6 10:03:03 2024


 Performance counter stats for 'system wide':

                 0      unc_h_dir_update_ha_0                                         (23.54%)
             7,001      unc_h_dir_update_ha_1                                         (23.54%)
             1,933      unc_h_dir_update_ha_2                                         (23.54%)
                 0      unc_h_dir_update_ha_3                                         (23.54%)
                 0      unc_h_dir_update_ha_4                                         (23.53%)
             5,620      unc_h_dir_update_ha_5                                         (23.54%)
             2,494      unc_h_dir_update_ha_6                                         (23.54%)
                 0      unc_h_dir_update_ha_7                                         (23.54%)
             6,938      unc_h_dir_update_tor_0                                        (23.54%)
             3,420      unc_h_dir_update_tor_1                                        (23.54%)
                 0      unc_h_dir_update_tor_2                                        (23.54%)
             6,275      unc_h_dir_update_tor_3                                        (23.54%)
             2,838      unc_h_dir_update_tor_4                                        (23.54%)
                 0      unc_h_dir_update_tor_5                                        (23.54%)
                 0      unc_h_dir_update_tor_6                                        (23.54%)
             2,647      unc_h_dir_update_tor_7                                        (23.54%)
             3,148      unc_h_hitme_hit_ex_rds_0                                      (23.54%)
                 0      unc_h_hitme_hit_ex_rds_1                                      (23.53%)
               782      unc_h_hitme_hit_ex_rds_2                                      (23.53%)
             2,622      unc_h_hitme_hit_ex_rds_3                                      (23.53%)
             1,602      unc_h_hitme_hit_ex_rds_4                                      (23.53%)
             3,085      unc_h_hitme_hit_ex_rds_5                                      (23.54%)
             1,483      unc_h_hitme_hit_ex_rds_6                                      (23.54%)
             1,236      unc_h_hitme_hit_ex_rds_7                                      (23.54%)
               841      unc_h_misc_rfo_hit_s_0                                        (23.54%)
                55      unc_h_misc_rfo_hit_s_1                                        (23.54%)
                97      unc_h_misc_rfo_hit_s_2                                        (23.66%)
               943      unc_h_misc_rfo_hit_s_3                                        (23.66%)
               127      unc_h_misc_rfo_hit_s_4                                        (23.66%)
                 8      unc_h_misc_rfo_hit_s_5                                        (23.72%)
               176      unc_h_misc_rfo_hit_s_6                                        (23.87%)
               113      unc_h_misc_rfo_hit_s_7                                        (23.93%)
        73,558,170      unc_h_requests_invitoe_local_0                                     (23.58%)
        74,574,049      unc_h_requests_invitoe_local_1                                     (23.53%)
        74,369,813      unc_h_requests_invitoe_local_2                                     (23.54%)
        73,780,502      unc_h_requests_invitoe_local_3                                     (23.63%)
        73,684,055      unc_h_requests_invitoe_local_4                                     (23.67%)
        74,379,905      unc_h_requests_invitoe_local_5                                     (23.42%)
        73,916,429      unc_h_requests_invitoe_local_6                                     (23.64%)
        74,017,779      unc_h_requests_invitoe_local_7                                     (23.66%)
                 0      unc_h_requests_invitoe_remote_0                                     (23.54%)
            16,248      unc_h_requests_invitoe_remote_1                                     (23.53%)
               115      unc_h_requests_invitoe_remote_2                                     (23.41%)
                 0      unc_h_requests_invitoe_remote_3                                     (23.41%)
                 0      unc_h_requests_invitoe_remote_4                                     (23.42%)
            15,260      unc_h_requests_invitoe_remote_5                                     (23.36%)
            30,374      unc_h_requests_invitoe_remote_6                                     (23.31%)
                 0      unc_h_requests_invitoe_remote_7                                     (23.14%)
       964,305,747      unc_h_requests_reads_0                                        (23.49%)
       966,780,533      unc_h_requests_reads_1                                        (23.54%)
       966,384,709      unc_h_requests_reads_2                                        (23.53%)
       964,577,860      unc_h_requests_reads_3                                        (23.44%)
       964,879,136      unc_h_requests_reads_4                                        (23.40%)
       967,895,098      unc_h_requests_reads_5                                        (23.53%)
       967,822,190      unc_h_requests_reads_6                                        (23.52%)
       964,243,790      unc_h_requests_reads_7                                        (23.41%)
       967,937,484      unc_h_requests_reads_local_0                                     (23.53%)
       967,104,204      unc_h_requests_reads_local_1                                     (23.53%)
       967,677,359      unc_h_requests_reads_local_2                                     (23.53%)
       967,753,751      unc_h_requests_reads_local_3                                     (23.53%)
       967,943,762      unc_h_requests_reads_local_4                                     (23.53%)
       967,887,099      unc_h_requests_reads_local_5                                     (23.53%)
       967,898,980      unc_h_requests_reads_local_6                                     (23.53%)
       967,428,159      unc_h_requests_reads_local_7                                     (23.53%)
       500,869,530      unc_h_requests_writes_0                                       (23.53%)
       500,688,528      unc_h_requests_writes_1                                       (23.53%)
       501,151,033      unc_h_requests_writes_2                                       (23.53%)
       500,906,209      unc_h_requests_writes_3                                       (23.53%)
       500,550,502      unc_h_requests_writes_4                                       (23.53%)
       500,227,540      unc_h_requests_writes_5                                       (23.53%)
       500,410,347      unc_h_requests_writes_6                                       (23.53%)
       500,389,971      unc_h_requests_writes_7                                       (23.53%)
       500,485,831      unc_h_requests_writes_local_0                                     (23.53%)
       499,586,122      unc_h_requests_writes_local_1                                     (23.53%)
       500,164,982      unc_h_requests_writes_local_2                                     (23.53%)
       500,041,676      unc_h_requests_writes_local_3                                     (23.53%)
       499,702,282      unc_h_requests_writes_local_4                                     (23.53%)
       499,387,911      unc_h_requests_writes_local_5                                     (23.65%)
       499,550,485      unc_h_requests_writes_local_6                                     (23.65%)
       499,575,333      unc_h_requests_writes_local_7                                     (23.65%)
     2,295,342,432      unc_h_rxc_inserts_irq_0                                       (23.59%)
     2,209,250,848      unc_h_rxc_inserts_irq_1                                       (23.53%)
     2,211,228,719      unc_h_rxc_inserts_irq_2                                       (23.62%)
     2,212,578,676      unc_h_rxc_inserts_irq_3                                       (23.68%)
     2,211,337,372      unc_h_rxc_inserts_irq_4                                       (23.74%)
     2,211,727,677      unc_h_rxc_inserts_irq_5                                       (23.80%)
     2,204,415,831      unc_h_rxc_inserts_irq_6                                       (23.75%)
     2,211,423,778      unc_h_rxc_inserts_irq_7                                       (23.79%)
           274,373      unc_h_rxc_irq1_reject_pa_match_0                                     (23.56%)
           243,857      unc_h_rxc_irq1_reject_pa_match_1                                     (23.53%)
           175,506      unc_h_rxc_irq1_reject_pa_match_2                                     (23.58%)
           177,238      unc_h_rxc_irq1_reject_pa_match_3                                     (23.56%)
           195,837      unc_h_rxc_irq1_reject_pa_match_4                                     (23.58%)
           134,113      unc_h_rxc_irq1_reject_pa_match_5                                     (23.61%)
           207,969      unc_h_rxc_irq1_reject_pa_match_6                                     (23.41%)
           181,821      unc_h_rxc_irq1_reject_pa_match_7                                     (23.42%)
    18,825,557,012      unc_h_rxc_occupancy_irq_0                                     (23.47%)
    18,251,217,294      unc_h_rxc_occupancy_irq_1                                     (23.53%)
    17,909,403,058      unc_h_rxc_occupancy_irq_2                                     (23.44%)
    18,597,944,839      unc_h_rxc_occupancy_irq_3                                     (23.38%)
    19,487,976,413      unc_h_rxc_occupancy_irq_4                                     (23.32%)
    18,791,612,671      unc_h_rxc_occupancy_irq_5                                     (23.26%)
    33,565,019,534      unc_h_rxc_occupancy_irq_6                                     (23.20%)
    33,549,589,343      unc_h_rxc_occupancy_irq_7                                     (23.26%)
             6,255      unc_h_snoop_resp_rsp_fwd_wb_0                                     (23.50%)
                 0      unc_h_snoop_resp_rsp_fwd_wb_1                                     (23.53%)
            17,871      unc_h_snoop_resp_rsp_fwd_wb_2                                     (23.48%)
             6,477      unc_h_snoop_resp_rsp_fwd_wb_3                                     (23.50%)
             3,050      unc_h_snoop_resp_rsp_fwd_wb_4                                     (23.47%)
                 0      unc_h_snoop_resp_rsp_fwd_wb_5                                     (23.45%)
                 0      unc_h_snoop_resp_rsp_fwd_wb_6                                     (23.43%)
             2,606      unc_h_snoop_resp_rsp_fwd_wb_7                                     (23.52%)
                 0      unc_h_snoop_resp_rspcnflct_0                                     (23.53%)
             6,630      unc_h_snoop_resp_rspcnflct_1                                     (23.53%)
             2,219      unc_h_snoop_resp_rspcnflct_2                                     (23.53%)
                 0      unc_h_snoop_resp_rspcnflct_3                                     (23.52%)
                 0      unc_h_snoop_resp_rspcnflct_4                                     (23.53%)
             6,176      unc_h_snoop_resp_rspcnflct_5                                     (23.53%)
             2,478      unc_h_snoop_resp_rspcnflct_6                                     (23.53%)
                 0      unc_h_snoop_resp_rspcnflct_7                                     (23.53%)
                 0      unc_h_snoop_resp_rspifwd_0                                     (23.53%)
                 0      unc_h_snoop_resp_rspifwd_1                                     (23.53%)
                 0      unc_h_snoop_resp_rspifwd_2                                     (23.53%)
                 0      unc_h_snoop_resp_rspifwd_3                                     (23.53%)
                 0      unc_h_snoop_resp_rspifwd_4                                     (23.53%)
                 0      unc_h_snoop_resp_rspifwd_5                                     (23.53%)
                 0      unc_h_snoop_resp_rspifwd_6                                     (23.53%)
                 0      unc_h_snoop_resp_rspifwd_7                                     (23.53%)
                 0      unc_h_snoop_resp_rspsfwd_0                                     (23.53%)
                 0      unc_h_snoop_resp_rspsfwd_1                                     (23.53%)
                 0      unc_h_snoop_resp_rspsfwd_2                                     (23.53%)
                 0      unc_h_snoop_resp_rspsfwd_3                                     (23.53%)
                 0      unc_h_snoop_resp_rspsfwd_4                                     (23.53%)
                 0      unc_h_snoop_resp_rspsfwd_5                                     (23.53%)
                 0      unc_h_snoop_resp_rspsfwd_6                                     (23.53%)
                 0      unc_h_snoop_resp_rspsfwd_7                                     (23.53%)
           133,787      unc_i_cache_total_occupancy_mem_0                                     (33.33%)
            72,896      unc_i_cache_total_occupancy_mem_1                                     (33.33%)
                 0      unc_i_cache_total_occupancy_mem_2                                     (33.33%)
                 0      unc_i_cache_total_occupancy_mem_3                                     (33.34%)
                 0      unc_i_cache_total_occupancy_mem_4                                     (33.34%)
                 0      unc_i_cache_total_occupancy_mem_5                                     (33.34%)
                 0      unc_i_coherent_ops_pcitom_0                                     (33.34%)
                 0      unc_i_coherent_ops_pcitom_1                                     (33.34%)
                 0      unc_i_coherent_ops_pcitom_2                                     (33.34%)
                 0      unc_i_coherent_ops_pcitom_3                                     (33.34%)
                 0      unc_i_coherent_ops_pcitom_4                                     (33.34%)
                 0      unc_i_coherent_ops_pcitom_5                                     (33.33%)
               486      unc_i_coherent_ops_rfo_0                                      (33.33%)
                81      unc_i_coherent_ops_rfo_1                                      (33.33%)
                 0      unc_i_coherent_ops_rfo_2                                      (33.33%)
                 0      unc_i_coherent_ops_rfo_3                                      (33.33%)
                 0      unc_i_coherent_ops_rfo_4                                      (33.33%)
                 0      unc_i_coherent_ops_rfo_5                                      (33.33%)
               792      unc_i_faf_inserts_0                                           (33.33%)
            31,296      unc_i_faf_inserts_1                                           (33.33%)
                 0      unc_i_faf_inserts_2                                           (33.33%)
                 0      unc_i_faf_inserts_3                                           (33.33%)
                 0      unc_i_faf_inserts_4                                           (33.33%)
                 0      unc_i_faf_inserts_5                                           (33.33%)
               762      unc_i_faf_occupancy_0                                         (33.33%)
            50,027      unc_i_faf_occupancy_1                                         (33.33%)
                 0      unc_i_faf_occupancy_2                                         (33.33%)
                 0      unc_i_faf_occupancy_3                                         (33.33%)
                 0      unc_i_faf_occupancy_4                                         (33.33%)
                 0      unc_i_faf_occupancy_5                                         (33.33%)
               525      unc_i_transactions_wr_pref_0                                     (33.33%)
                36      unc_i_transactions_wr_pref_1                                     (33.33%)
                 0      unc_i_transactions_wr_pref_2                                     (33.33%)
                 0      unc_i_transactions_wr_pref_3                                     (33.33%)
                 0      unc_i_transactions_wr_pref_4                                     (33.33%)
                 0      unc_i_transactions_wr_pref_5                                     (33.33%)
    67,433,653,770      unc_iio_clockticks_0                                          (7.04%)
    67,385,992,775      unc_iio_clockticks_1                                          (7.03%)
    67,435,622,368      unc_iio_clockticks_2                                          (7.05%)
    67,366,734,943      unc_iio_clockticks_3                                          (7.07%)
                 0      unc_iio_clockticks_4                                          (7.02%)
                 0      unc_iio_clockticks_5                                          (7.02%)
                 0      unc_iio_comp_buf_inserts_cmpd_all_parts_0                                     (7.04%)
                 0      unc_iio_comp_buf_inserts_cmpd_all_parts_1                                     (7.04%)
                 0      unc_iio_comp_buf_inserts_cmpd_all_parts_2                                     (7.04%)
                 0      unc_iio_comp_buf_inserts_cmpd_all_parts_3                                     (7.00%)
                 0      unc_iio_comp_buf_inserts_cmpd_all_parts_4                                     (7.03%)
                 0      unc_iio_comp_buf_inserts_cmpd_all_parts_5                                     (7.03%)
                 0      unc_iio_comp_buf_inserts_cmpd_part0_0                                     (7.03%)
                 0      unc_iio_comp_buf_inserts_cmpd_part0_1                                     (7.04%)
                 0      unc_iio_comp_buf_inserts_cmpd_part0_2                                     (7.04%)
                 0      unc_iio_comp_buf_inserts_cmpd_part0_3                                     (7.03%)
                 0      unc_iio_comp_buf_inserts_cmpd_part0_4                                     (7.03%)
                 0      unc_iio_comp_buf_inserts_cmpd_part0_5                                     (7.03%)
                 0      unc_iio_comp_buf_inserts_cmpd_part1_0                                     (7.03%)
                 0      unc_iio_comp_buf_inserts_cmpd_part1_1                                     (7.03%)
                 0      unc_iio_comp_buf_inserts_cmpd_part1_2                                     (7.04%)
                 0      unc_iio_comp_buf_inserts_cmpd_part1_3                                     (7.05%)
                 0      unc_iio_comp_buf_inserts_cmpd_part1_4                                     (7.05%)
                 0      unc_iio_comp_buf_inserts_cmpd_part1_5                                     (7.04%)
                 0      unc_iio_comp_buf_inserts_cmpd_part2_0                                     (7.03%)
                 0      unc_iio_comp_buf_inserts_cmpd_part2_1                                     (7.04%)
                 0      unc_iio_comp_buf_inserts_cmpd_part2_2                                     (7.03%)
                 0      unc_iio_comp_buf_inserts_cmpd_part2_3                                     (7.02%)
                 0      unc_iio_comp_buf_inserts_cmpd_part2_4                                     (7.02%)
                 0      unc_iio_comp_buf_inserts_cmpd_part2_5                                     (7.02%)
                 0      unc_iio_comp_buf_inserts_cmpd_part3_0                                     (7.03%)
                 0      unc_iio_comp_buf_inserts_cmpd_part3_1                                     (7.02%)
                 0      unc_iio_comp_buf_inserts_cmpd_part3_2                                     (7.03%)
                 0      unc_iio_comp_buf_inserts_cmpd_part3_3                                     (7.01%)
                 0      unc_iio_comp_buf_inserts_cmpd_part3_4                                     (7.01%)
                 0      unc_iio_comp_buf_inserts_cmpd_part3_5                                     (7.02%)
            33,633      unc_iio_comp_buf_occupancy_cmpd_all_parts_0                                     (7.03%)
        25,053,921      unc_iio_comp_buf_occupancy_cmpd_all_parts_1                                     (7.03%)
                 0      unc_iio_comp_buf_occupancy_cmpd_all_parts_2                                     (7.02%)
                 0      unc_iio_comp_buf_occupancy_cmpd_all_parts_3                                     (7.03%)
                 0      unc_iio_comp_buf_occupancy_cmpd_all_parts_4                                     (7.03%)
                 0      unc_iio_comp_buf_occupancy_cmpd_all_parts_5                                     (7.03%)
                 0      unc_iio_comp_buf_occupancy_cmpd_part0_0                                     (7.03%)
         4,368,444      unc_iio_comp_buf_occupancy_cmpd_part0_1                                     (7.03%)
                 0      unc_iio_comp_buf_occupancy_cmpd_part0_2                                     (7.03%)
                 0      unc_iio_comp_buf_occupancy_cmpd_part0_3                                     (7.02%)
                 0      unc_iio_comp_buf_occupancy_cmpd_part0_4                                     (7.03%)
                 0      unc_iio_comp_buf_occupancy_cmpd_part0_5                                     (7.03%)
            45,235      unc_iio_comp_buf_occupancy_cmpd_part1_0                                     (7.02%)
                 0      unc_iio_comp_buf_occupancy_cmpd_part1_1                                     (7.02%)
                 0      unc_iio_comp_buf_occupancy_cmpd_part1_2                                     (7.02%)
                 0      unc_iio_comp_buf_occupancy_cmpd_part1_3                                     (7.04%)
                 0      unc_iio_comp_buf_occupancy_cmpd_part1_4                                     (7.03%)
                 0      unc_iio_comp_buf_occupancy_cmpd_part1_5                                     (7.02%)
                 0      unc_iio_comp_buf_occupancy_cmpd_part2_0                                     (7.02%)
                 0      unc_iio_comp_buf_occupancy_cmpd_part2_1                                     (7.03%)
                 0      unc_iio_comp_buf_occupancy_cmpd_part2_2                                     (7.03%)
                 0      unc_iio_comp_buf_occupancy_cmpd_part2_3                                     (7.01%)
                 0      unc_iio_comp_buf_occupancy_cmpd_part2_4                                     (7.07%)
                 0      unc_iio_comp_buf_occupancy_cmpd_part2_5                                     (7.07%)
                 0      unc_iio_comp_buf_occupancy_cmpd_part3_0                                     (7.03%)
                 0      unc_iio_comp_buf_occupancy_cmpd_part3_1                                     (7.01%)
                 0      unc_iio_comp_buf_occupancy_cmpd_part3_2                                     (7.01%)
                 0      unc_iio_comp_buf_occupancy_cmpd_part3_3                                     (7.03%)
                 0      unc_iio_comp_buf_occupancy_cmpd_part3_4                                     (7.00%)
                 0      unc_iio_comp_buf_occupancy_cmpd_part3_5                                     (7.00%)
                 0      unc_iio_data_req_by_cpu_mem_read_part0_0                                     (7.02%)
                 0      unc_iio_data_req_by_cpu_mem_read_part0_1                                     (7.01%)
                 0      unc_iio_data_req_by_cpu_mem_read_part0_2                                     (7.02%)
                 0      unc_iio_data_req_by_cpu_mem_read_part0_3                                     (7.02%)
                 0      unc_iio_data_req_by_cpu_mem_read_part0_4                                     (7.02%)
                 0      unc_iio_data_req_by_cpu_mem_read_part0_5                                     (7.01%)
                 0      unc_iio_data_req_by_cpu_mem_read_part1_0                                     (7.02%)
                 0      unc_iio_data_req_by_cpu_mem_read_part1_1                                     (7.02%)
                 0      unc_iio_data_req_by_cpu_mem_read_part1_2                                     (7.04%)
                 0      unc_iio_data_req_by_cpu_mem_read_part1_3                                     (7.04%)
                 0      unc_iio_data_req_by_cpu_mem_read_part1_4                                     (7.05%)
                 0      unc_iio_data_req_by_cpu_mem_read_part1_5                                     (7.05%)
                 0      unc_iio_data_req_by_cpu_mem_read_part2_0                                     (7.02%)
                 0      unc_iio_data_req_by_cpu_mem_read_part2_1                                     (7.03%)
                 0      unc_iio_data_req_by_cpu_mem_read_part2_2                                     (7.02%)
                 0      unc_iio_data_req_by_cpu_mem_read_part2_3                                     (7.01%)
                 0      unc_iio_data_req_by_cpu_mem_read_part2_4                                     (7.02%)
                 0      unc_iio_data_req_by_cpu_mem_read_part2_5                                     (7.00%)
                 0      unc_iio_data_req_by_cpu_mem_read_part3_0                                     (7.02%)
                 0      unc_iio_data_req_by_cpu_mem_read_part3_1                                     (7.02%)
                 0      unc_iio_data_req_by_cpu_mem_read_part3_2                                     (7.03%)
                 0      unc_iio_data_req_by_cpu_mem_read_part3_3                                     (7.01%)
                 0      unc_iio_data_req_by_cpu_mem_read_part3_4                                     (6.99%)
                 0      unc_iio_data_req_by_cpu_mem_read_part3_5                                     (6.98%)
                 0      unc_iio_data_req_by_cpu_mem_write_part0_0                                     (7.02%)
                 0      unc_iio_data_req_by_cpu_mem_write_part0_1                                     (7.02%)
                 0      unc_iio_data_req_by_cpu_mem_write_part0_2                                     (7.03%)
                 0      unc_iio_data_req_by_cpu_mem_write_part0_3                                     (7.03%)
                 0      unc_iio_data_req_by_cpu_mem_write_part0_4                                     (7.00%)
                 0      unc_iio_data_req_by_cpu_mem_write_part0_5                                     (6.99%)
                 0      unc_iio_data_req_by_cpu_mem_write_part1_0                                     (7.02%)
                 0      unc_iio_data_req_by_cpu_mem_write_part1_1                                     (7.01%)
                 0      unc_iio_data_req_by_cpu_mem_write_part1_2                                     (7.02%)
                 0      unc_iio_data_req_by_cpu_mem_write_part1_3                                     (7.03%)
                 0      unc_iio_data_req_by_cpu_mem_write_part1_4                                     (7.02%)
                 0      unc_iio_data_req_by_cpu_mem_write_part1_5                                     (7.02%)
                 0      unc_iio_data_req_by_cpu_mem_write_part2_0                                     (7.02%)
                 0      unc_iio_data_req_by_cpu_mem_write_part2_1                                     (7.02%)
                 0      unc_iio_data_req_by_cpu_mem_write_part2_2                                     (7.02%)
                 0      unc_iio_data_req_by_cpu_mem_write_part2_3                                     (7.02%)
                 0      unc_iio_data_req_by_cpu_mem_write_part2_4                                     (7.02%)
                 0      unc_iio_data_req_by_cpu_mem_write_part2_5                                     (7.02%)
                 0      unc_iio_data_req_by_cpu_mem_write_part3_0                                     (7.02%)
                 0      unc_iio_data_req_by_cpu_mem_write_part3_1                                     (7.02%)
                 0      unc_iio_data_req_by_cpu_mem_write_part3_2                                     (7.03%)
                 0      unc_iio_data_req_by_cpu_mem_write_part3_3                                     (7.03%)
                 0      unc_iio_data_req_by_cpu_mem_write_part3_4                                     (7.03%)
                 0      unc_iio_data_req_by_cpu_mem_write_part3_5                                     (7.06%)
                 0      unc_iio_data_req_by_cpu_peer_read_part0_0                                     (7.02%)
                 0      unc_iio_data_req_by_cpu_peer_read_part0_1                                     (7.02%)
                 0      unc_iio_data_req_by_cpu_peer_read_part0_2                                     (7.00%)
                 0      unc_iio_data_req_by_cpu_peer_read_part0_3                                     (7.03%)
                 0      unc_iio_data_req_by_cpu_peer_read_part0_4                                     (7.02%)
                 0      unc_iio_data_req_by_cpu_peer_read_part0_5                                     (7.01%)
                 0      unc_iio_data_req_by_cpu_peer_read_part1_0                                     (7.02%)
                 0      unc_iio_data_req_by_cpu_peer_read_part1_1                                     (7.03%)
                 0      unc_iio_data_req_by_cpu_peer_read_part1_2                                     (7.04%)
                 0      unc_iio_data_req_by_cpu_peer_read_part1_3                                     (7.03%)
                 0      unc_iio_data_req_by_cpu_peer_read_part1_4                                     (7.05%)
                 0      unc_iio_data_req_by_cpu_peer_read_part1_5                                     (7.06%)
                 0      unc_iio_data_req_by_cpu_peer_read_part2_0                                     (7.02%)
                 0      unc_iio_data_req_by_cpu_peer_read_part2_1                                     (7.01%)
                 0      unc_iio_data_req_by_cpu_peer_read_part2_2                                     (7.00%)
                 0      unc_iio_data_req_by_cpu_peer_read_part2_3                                     (6.98%)
                 0      unc_iio_data_req_by_cpu_peer_read_part2_4                                     (6.98%)
                 0      unc_iio_data_req_by_cpu_peer_read_part2_5                                     (6.97%)
                 0      unc_iio_data_req_by_cpu_peer_read_part3_0                                     (7.02%)
                 0      unc_iio_data_req_by_cpu_peer_read_part3_1                                     (7.02%)
                 0      unc_iio_data_req_by_cpu_peer_read_part3_2                                     (7.03%)
                 0      unc_iio_data_req_by_cpu_peer_read_part3_3                                     (7.04%)
                 0      unc_iio_data_req_by_cpu_peer_read_part3_4                                     (7.06%)
                 0      unc_iio_data_req_by_cpu_peer_read_part3_5                                     (7.06%)
                 0      unc_iio_data_req_by_cpu_peer_write_part0_0                                     (7.02%)
                 0      unc_iio_data_req_by_cpu_peer_write_part0_1                                     (7.02%)
                 0      unc_iio_data_req_by_cpu_peer_write_part0_2                                     (7.02%)
                 0      unc_iio_data_req_by_cpu_peer_write_part0_3                                     (7.01%)
                 0      unc_iio_data_req_by_cpu_peer_write_part0_4                                     (7.02%)
                 0      unc_iio_data_req_by_cpu_peer_write_part0_5                                     (6.99%)
                 0      unc_iio_data_req_by_cpu_peer_write_part1_0                                     (7.02%)
                 0      unc_iio_data_req_by_cpu_peer_write_part1_1                                     (7.01%)
                 0      unc_iio_data_req_by_cpu_peer_write_part1_2                                     (7.01%)
                 0      unc_iio_data_req_by_cpu_peer_write_part1_3                                     (7.01%)
                 0      unc_iio_data_req_by_cpu_peer_write_part1_4                                     (7.01%)
                 0      unc_iio_data_req_by_cpu_peer_write_part1_5                                     (7.01%)
                 0      unc_iio_data_req_by_cpu_peer_write_part2_0                                     (7.01%)
                 0      unc_iio_data_req_by_cpu_peer_write_part2_1                                     (7.02%)
                 0      unc_iio_data_req_by_cpu_peer_write_part2_2                                     (7.02%)
                 0      unc_iio_data_req_by_cpu_peer_write_part2_3                                     (7.01%)
                 0      unc_iio_data_req_by_cpu_peer_write_part2_4                                     (7.02%)
                 0      unc_iio_data_req_by_cpu_peer_write_part2_5                                     (7.02%)
                 0      unc_iio_data_req_by_cpu_peer_write_part3_0                                     (7.02%)
                 0      unc_iio_data_req_by_cpu_peer_write_part3_1                                     (7.02%)
                 0      unc_iio_data_req_by_cpu_peer_write_part3_2                                     (7.03%)
                 0      unc_iio_data_req_by_cpu_peer_write_part3_3                                     (7.05%)
                 0      unc_iio_data_req_by_cpu_peer_write_part3_4                                     (7.04%)
                 0      unc_iio_data_req_by_cpu_peer_write_part3_5                                     (7.07%)
                 0      unc_iio_data_req_of_cpu_mem_read_part0_0                                     (7.02%)
                 0      unc_iio_data_req_of_cpu_mem_read_part0_1                                     (7.02%)
                 0      unc_iio_data_req_of_cpu_mem_read_part0_2                                     (7.02%)
                 0      unc_iio_data_req_of_cpu_mem_read_part0_3                                     (7.01%)
                 0      unc_iio_data_req_of_cpu_mem_read_part0_4                                     (7.01%)
                 0      unc_iio_data_req_of_cpu_mem_read_part0_5                                     (7.00%)
                 0      unc_iio_data_req_of_cpu_mem_read_part1_0                                     (7.02%)
                 0      unc_iio_data_req_of_cpu_mem_read_part1_1                                     (7.02%)
                 0      unc_iio_data_req_of_cpu_mem_read_part1_2                                     (7.02%)
                 0      unc_iio_data_req_of_cpu_mem_read_part1_3                                     (7.02%)
                 0      unc_iio_data_req_of_cpu_mem_read_part1_4                                     (7.01%)
                 0      unc_iio_data_req_of_cpu_mem_read_part1_5                                     (7.01%)
                 0      unc_iio_data_req_of_cpu_mem_read_part2_0                                     (7.02%)
                 0      unc_iio_data_req_of_cpu_mem_read_part2_1                                     (7.02%)
                 0      unc_iio_data_req_of_cpu_mem_read_part2_2                                     (7.00%)
                 0      unc_iio_data_req_of_cpu_mem_read_part2_3                                     (6.99%)
                 0      unc_iio_data_req_of_cpu_mem_read_part2_4                                     (5.23%)
                 0      unc_iio_data_req_of_cpu_mem_read_part2_5                                     (7.00%)
                 0      unc_iio_data_req_of_cpu_mem_read_part3_0                                     (7.02%)
                 0      unc_iio_data_req_of_cpu_mem_read_part3_1                                     (5.28%)
                 0      unc_iio_data_req_of_cpu_mem_read_part3_2                                     (7.00%)
                 0      unc_iio_data_req_of_cpu_mem_read_part3_3                                     (6.98%)
                 0      unc_iio_data_req_of_cpu_mem_read_part3_4                                     (5.25%)
                 0      unc_iio_data_req_of_cpu_mem_read_part3_5                                     (5.24%)
                 0      unc_iio_data_req_of_cpu_mem_write_part0_0                                     (7.02%)
                 0      unc_iio_data_req_of_cpu_mem_write_part0_1                                     (7.01%)
                 0      unc_iio_data_req_of_cpu_mem_write_part0_2                                     (5.25%)
                 0      unc_iio_data_req_of_cpu_mem_write_part0_3                                     (7.01%)
                 0      unc_iio_data_req_of_cpu_mem_write_part0_4                                     (7.00%)
                 0      unc_iio_data_req_of_cpu_mem_write_part0_5                                     (5.23%)
                 0      unc_iio_data_req_of_cpu_mem_write_part1_0                                     (5.26%)
                 0      unc_iio_data_req_of_cpu_mem_write_part1_1                                     (7.00%)
                 0      unc_iio_data_req_of_cpu_mem_write_part1_2                                     (5.27%)
                 0      unc_iio_data_req_of_cpu_mem_write_part1_3                                     (5.27%)
                 0      unc_iio_data_req_of_cpu_mem_write_part1_4                                     (7.00%)
                 0      unc_iio_data_req_of_cpu_mem_write_part1_5                                     (7.00%)
                 0      unc_iio_data_req_of_cpu_mem_write_part2_0                                     (5.26%)
                 0      unc_iio_data_req_of_cpu_mem_write_part2_1                                     (5.27%)
                 0      unc_iio_data_req_of_cpu_mem_write_part2_2                                     (7.02%)
                 0      unc_iio_data_req_of_cpu_mem_write_part2_3                                     (5.26%)
                 0      unc_iio_data_req_of_cpu_mem_write_part2_4                                     (5.26%)
                 0      unc_iio_data_req_of_cpu_mem_write_part2_5                                     (7.02%)
                 0      unc_iio_data_req_of_cpu_mem_write_part3_0                                     (7.02%)
                 0      unc_iio_data_req_of_cpu_mem_write_part3_1                                     (5.26%)
                 0      unc_iio_data_req_of_cpu_mem_write_part3_2                                     (5.26%)
                 0      unc_iio_data_req_of_cpu_mem_write_part3_3                                     (7.02%)
                 0      unc_iio_data_req_of_cpu_mem_write_part3_4                                     (5.26%)
                 0      unc_iio_data_req_of_cpu_mem_write_part3_5                                     (5.26%)
                 0      unc_iio_data_req_of_cpu_peer_read_part0_0                                     (7.02%)
                 0      unc_iio_data_req_of_cpu_peer_read_part0_1                                     (7.01%)
                 0      unc_iio_data_req_of_cpu_peer_read_part0_2                                     (5.26%)
                 0      unc_iio_data_req_of_cpu_peer_read_part0_3                                     (5.27%)
                 0      unc_iio_data_req_of_cpu_peer_read_part0_4                                     (7.03%)
                 0      unc_iio_data_req_of_cpu_peer_read_part0_5                                     (5.27%)
                 0      unc_iio_data_req_of_cpu_peer_read_part1_0                                     (5.26%)
                 0      unc_iio_data_req_of_cpu_peer_read_part1_1                                     (7.02%)
                 0      unc_iio_data_req_of_cpu_peer_read_part1_2                                     (7.02%)
                 0      unc_iio_data_req_of_cpu_peer_read_part1_3                                     (5.27%)
                 0      unc_iio_data_req_of_cpu_peer_read_part1_4                                     (7.02%)
                 0      unc_iio_data_req_of_cpu_peer_read_part1_5                                     (7.02%)
                 0      unc_iio_data_req_of_cpu_peer_read_part2_0                                     (5.26%)
                 0      unc_iio_data_req_of_cpu_peer_read_part2_1                                     (7.02%)
                 0      unc_iio_data_req_of_cpu_peer_read_part2_2                                     (7.02%)
                 0      unc_iio_data_req_of_cpu_peer_read_part2_3                                     (7.02%)
                 0      unc_iio_data_req_of_cpu_peer_read_part2_4                                     (7.01%)
                 0      unc_iio_data_req_of_cpu_peer_read_part2_5                                     (7.01%)
                 0      unc_iio_data_req_of_cpu_peer_read_part3_0                                     (7.02%)
                 0      unc_iio_data_req_of_cpu_peer_read_part3_1                                     (7.02%)
                 0      unc_iio_data_req_of_cpu_peer_read_part3_2                                     (7.01%)
                 0      unc_iio_data_req_of_cpu_peer_read_part3_3                                     (7.02%)
                 0      unc_iio_data_req_of_cpu_peer_read_part3_4                                     (7.03%)
                 0      unc_iio_data_req_of_cpu_peer_read_part3_5                                     (7.03%)
                 0      unc_iio_data_req_of_cpu_peer_write_part0_0                                     (7.02%)
                 0      unc_iio_data_req_of_cpu_peer_write_part0_1                                     (5.26%)
                 0      unc_iio_data_req_of_cpu_peer_write_part0_2                                     (7.03%)
                 0      unc_iio_data_req_of_cpu_peer_write_part0_3                                     (7.05%)
                 0      unc_iio_data_req_of_cpu_peer_write_part0_4                                     (5.30%)
                 0      unc_iio_data_req_of_cpu_peer_write_part0_5                                     (7.04%)
                 0      unc_iio_data_req_of_cpu_peer_write_part1_0                                     (7.02%)
                 0      unc_iio_data_req_of_cpu_peer_write_part1_1                                     (5.26%)
                 0      unc_iio_data_req_of_cpu_peer_write_part1_2                                     (7.02%)
                 0      unc_iio_data_req_of_cpu_peer_write_part1_3                                     (7.01%)
                 0      unc_iio_data_req_of_cpu_peer_write_part1_4                                     (5.24%)
                 0      unc_iio_data_req_of_cpu_peer_write_part1_5                                     (5.26%)
                 0      unc_iio_data_req_of_cpu_peer_write_part2_0                                     (7.02%)
                 0      unc_iio_data_req_of_cpu_peer_write_part2_1                                     (7.01%)
                 0      unc_iio_data_req_of_cpu_peer_write_part2_2                                     (5.25%)
                 0      unc_iio_data_req_of_cpu_peer_write_part2_3                                     (6.98%)
                 0      unc_iio_data_req_of_cpu_peer_write_part2_4                                     (6.98%)
                 0      unc_iio_data_req_of_cpu_peer_write_part2_5                                     (5.24%)
                 0      unc_iio_data_req_of_cpu_peer_write_part3_0                                     (7.02%)
                 0      unc_iio_data_req_of_cpu_peer_write_part3_1                                     (7.01%)
                 0      unc_iio_data_req_of_cpu_peer_write_part3_2                                     (5.26%)
                 0      unc_iio_data_req_of_cpu_peer_write_part3_3                                     (5.27%)
                 0      unc_iio_data_req_of_cpu_peer_write_part3_4                                     (7.05%)
                 0      unc_iio_data_req_of_cpu_peer_write_part3_5                                     (7.04%)
                 0      unc_iio_payload_bytes_in_mem_read_part0_0                                     (5.26%)
                 0      unc_iio_payload_bytes_in_mem_read_part0_1                                     (7.03%)
                 0      unc_iio_payload_bytes_in_mem_read_part0_2                                     (7.04%)
                 0      unc_iio_payload_bytes_in_mem_read_part0_3                                     (5.29%)
                 0      unc_iio_payload_bytes_in_mem_read_part0_4                                     (7.06%)
                 0      unc_iio_payload_bytes_in_mem_read_part0_5                                     (7.06%)
                 0      unc_iio_payload_bytes_in_mem_read_part1_0                                     (5.26%)
                 0      unc_iio_payload_bytes_in_mem_read_part1_1                                     (7.03%)
                 0      unc_iio_payload_bytes_in_mem_read_part1_2                                     (7.04%)
                 0      unc_iio_payload_bytes_in_mem_read_part1_3                                     (7.05%)
                 0      unc_iio_payload_bytes_in_mem_read_part1_4                                     (7.02%)
                 0      unc_iio_payload_bytes_in_mem_read_part1_5                                     (7.03%)
                 0      unc_iio_payload_bytes_in_mem_read_part2_0                                     (7.02%)
                 0      unc_iio_payload_bytes_in_mem_read_part2_1                                     (7.03%)
                 0      unc_iio_payload_bytes_in_mem_read_part2_2                                     (7.02%)
                 0      unc_iio_payload_bytes_in_mem_read_part2_3                                     (7.01%)
                 0      unc_iio_payload_bytes_in_mem_read_part2_4                                     (7.00%)
                 0      unc_iio_payload_bytes_in_mem_read_part2_5                                     (7.00%)
                 0      unc_iio_payload_bytes_in_mem_read_part3_0                                     (7.02%)
                 0      unc_iio_payload_bytes_in_mem_read_part3_1                                     (7.01%)
                 0      unc_iio_payload_bytes_in_mem_read_part3_2                                     (6.99%)
                 0      unc_iio_payload_bytes_in_mem_read_part3_3                                     (7.00%)
                 0      unc_iio_payload_bytes_in_mem_read_part3_4                                     (6.99%)
                 0      unc_iio_payload_bytes_in_mem_read_part3_5                                     (6.98%)
                 0      unc_iio_payload_bytes_in_mem_write_part0_0                                     (7.02%)
                 0      unc_iio_payload_bytes_in_mem_write_part0_1                                     (7.00%)
                 0      unc_iio_payload_bytes_in_mem_write_part0_2                                     (7.00%)
                 0      unc_iio_payload_bytes_in_mem_write_part0_3                                     (7.01%)
                 0      unc_iio_payload_bytes_in_mem_write_part0_4                                     (7.02%)
                 0      unc_iio_payload_bytes_in_mem_write_part0_5                                     (7.02%)
                 0      unc_iio_payload_bytes_in_mem_write_part1_0                                     (5.26%)
                 0      unc_iio_payload_bytes_in_mem_write_part1_1                                     (7.02%)
                 0      unc_iio_payload_bytes_in_mem_write_part1_2                                     (7.04%)
                 0      unc_iio_payload_bytes_in_mem_write_part1_3                                     (5.30%)
                 0      unc_iio_payload_bytes_in_mem_write_part1_4                                     (7.02%)
                 0      unc_iio_payload_bytes_in_mem_write_part1_5                                     (7.04%)
                 0      unc_iio_payload_bytes_in_mem_write_part2_0                                     (7.02%)
                 0      unc_iio_payload_bytes_in_mem_write_part2_1                                     (7.03%)
                 0      unc_iio_payload_bytes_in_mem_write_part2_2                                     (7.02%)
                 0      unc_iio_payload_bytes_in_mem_write_part2_3                                     (7.01%)
                 0      unc_iio_payload_bytes_in_mem_write_part2_4                                     (7.01%)
                 0      unc_iio_payload_bytes_in_mem_write_part2_5                                     (7.01%)
                 0      unc_iio_payload_bytes_in_mem_write_part3_0                                     (7.02%)
                 0      unc_iio_payload_bytes_in_mem_write_part3_1                                     (5.27%)
                 0      unc_iio_payload_bytes_in_mem_write_part3_2                                     (7.00%)
                 0      unc_iio_payload_bytes_in_mem_write_part3_3                                     (6.99%)
                 0      unc_iio_payload_bytes_in_mem_write_part3_4                                     (5.27%)
                 0      unc_iio_payload_bytes_in_mem_write_part3_5                                     (7.00%)
                 0      unc_iio_txn_req_by_cpu_mem_read_part0_0                                     (7.02%)
                 0      unc_iio_txn_req_by_cpu_mem_read_part0_1                                     (7.02%)
                 0      unc_iio_txn_req_by_cpu_mem_read_part0_2                                     (7.01%)
                 0      unc_iio_txn_req_by_cpu_mem_read_part0_3                                     (7.01%)
                 0      unc_iio_txn_req_by_cpu_mem_read_part0_4                                     (7.01%)
                 0      unc_iio_txn_req_by_cpu_mem_read_part0_5                                     (7.01%)
                 0      unc_iio_txn_req_by_cpu_mem_read_part1_0                                     (7.02%)
                 0      unc_iio_txn_req_by_cpu_mem_read_part1_1                                     (7.01%)
                 0      unc_iio_txn_req_by_cpu_mem_read_part1_2                                     (7.01%)
                 0      unc_iio_txn_req_by_cpu_mem_read_part1_3                                     (7.01%)
                 0      unc_iio_txn_req_by_cpu_mem_read_part1_4                                     (7.01%)
                 0      unc_iio_txn_req_by_cpu_mem_read_part1_5                                     (7.01%)
                 0      unc_iio_txn_req_by_cpu_mem_read_part2_0                                     (7.02%)
                 0      unc_iio_txn_req_by_cpu_mem_read_part2_1                                     (7.02%)
                 0      unc_iio_txn_req_by_cpu_mem_read_part2_2                                     (7.02%)
                 0      unc_iio_txn_req_by_cpu_mem_read_part2_3                                     (7.02%)
                 0      unc_iio_txn_req_by_cpu_mem_read_part2_4                                     (7.02%)
                 0      unc_iio_txn_req_by_cpu_mem_read_part2_5                                     (7.02%)
                 0      unc_iio_txn_req_by_cpu_mem_read_part3_0                                     (7.01%)
                 0      unc_iio_txn_req_by_cpu_mem_read_part3_1                                     (7.01%)
                 0      unc_iio_txn_req_by_cpu_mem_read_part3_2                                     (7.01%)
                 0      unc_iio_txn_req_by_cpu_mem_read_part3_3                                     (7.01%)
                 0      unc_iio_txn_req_by_cpu_mem_read_part3_4                                     (7.01%)
                 0      unc_iio_txn_req_by_cpu_mem_read_part3_5                                     (7.04%)
                 0      unc_iio_txn_req_by_cpu_mem_write_part0_0                                     (7.01%)
                 0      unc_iio_txn_req_by_cpu_mem_write_part0_1                                     (7.02%)
                 0      unc_iio_txn_req_by_cpu_mem_write_part0_2                                     (7.02%)
                 0      unc_iio_txn_req_by_cpu_mem_write_part0_3                                     (7.03%)
                 0      unc_iio_txn_req_by_cpu_mem_write_part0_4                                     (7.05%)
                 0      unc_iio_txn_req_by_cpu_mem_write_part0_5                                     (7.06%)
                 0      unc_iio_txn_req_by_cpu_mem_write_part1_0                                     (7.01%)
                 0      unc_iio_txn_req_by_cpu_mem_write_part1_1                                     (7.01%)
                 0      unc_iio_txn_req_by_cpu_mem_write_part1_2                                     (7.02%)
                 0      unc_iio_txn_req_by_cpu_mem_write_part1_3                                     (7.01%)
                 0      unc_iio_txn_req_by_cpu_mem_write_part1_4                                     (7.01%)
                 0      unc_iio_txn_req_by_cpu_mem_write_part1_5                                     (7.02%)

      69.906672742 seconds time elapsed

