# started on Mon Feb  5 04:21:04 2024


 Performance counter stats for 'system wide':

     9,003,094,481      r151                                                          (10.00%)
    18,960,202,079      r248                                                          (10.00%)
   329,104,595,200      r148                                                          (10.00%)
   114,471,512,211      r1000148                                                      (10.00%)
   114,494,381,422      r1200148                                                      (10.01%)
     8,940,024,349      r1ff1                                                         (10.01%)
     7,638,986,106      r2f2                                                          (10.01%)
       105,727,210      r1f2                                                          (10.01%)
         7,370,775      r4f2                                                          (10.01%)
         7,401,255      r4f2                                                          (10.01%)
       142,892,727      re424                                                         (10.01%)
     1,237,111,337      re124                                                         (10.01%)
     1,848,950,412      r2724                                                         (10.01%)
     4,894,461,831      re724                                                         (10.01%)
     9,085,651,455      rf824                                                         (10.01%)
     3,517,104,360      re224                                                         (10.01%)
       104,444,395      rc424                                                         (10.01%)
        38,496,972      r2424                                                         (10.01%)
     1,143,773,858      rc124                                                         (10.00%)
        89,335,947      r2124                                                         (10.00%)
     8,945,003,470      r3f24                                                         (10.00%)
     2,012,958,917      rd824                                                         (10.00%)
     7,091,315,635      r3824                                                         (10.00%)
    14,000,760,746      rff24                                                         (10.00%)
     1,783,842,208      rc224                                                         (10.00%)
     1,735,753,454      r2224                                                         (10.00%)
     7,626,156,999      r40f0                                                         (10.00%)
     6,758,709,525      r412e                                                         (10.00%)
     7,751,795,185      r4f2e                                                         (10.00%)
    31,560,442,396      r81d0                                                         (10.00%)
    34,460,896,670      r82d0                                                         (10.00%)
        12,525,377      r21d0                                                         (10.00%)
           220,854      r41d0                                                         (10.00%)
           364,415      r42d0                                                         (5.00%)
           207,609      r11d0                                                         (5.00%)
           150,123      r12d0                                                         (5.00%)
            44,086      r2d2                                                          (5.00%)
         1,750,815      r4d2                                                          (5.00%)
             4,601      r1d2                                                          (5.00%)
        11,917,658      r8d2                                                          (5.00%)
       436,248,375      r1d3                                                          (6.25%)
                 0      r2d3                                                          (7.50%)
                 0      r8d3                                                          (8.75%)
                 0      r4d3                                                          (10.00%)
                 0      r4d4                                                          (10.00%)
    19,392,049,080      r40d1                                                         (10.00%)
    10,302,280,696      r1d1                                                          (10.00%)
     1,863,910,674      r8d1                                                          (10.00%)
     1,303,624,271      r2d1                                                          (10.00%)
       561,408,409      r10d1                                                         (5.00%)
        12,062,447      r4d1                                                          (5.00%)
       546,237,628      r20d1                                                         (5.00%)
     3,835,377,518      r8b0                                                          (6.25%)
    18,126,264,958      r80b0                                                         (7.50%)
        37,573,454      r2b0                                                          (8.75%)
       740,943,875      r1b0                                                          (10.00%)
     3,325,258,536      r4b0                                                          (10.00%)
    67,273,240,486      r1b2                                                          (10.00%)
   992,476,833,852      r860                                                          (10.00%)
   116,855,892,048      r1000860                                                      (10.00%)
       973,073,153      r1000260                                                      (10.00%)
    59,174,400,612      r1000160                                                      (10.00%)
   126,515,471,595      r1000460                                                      (10.00%)
     3,409,715,810      r260                                                          (10.00%)
   112,881,841,476      r160                                                          (10.00%)
       329,125,536      r6000160                                                      (10.00%)
   667,768,294,113      r460                                                          (10.00%)
                 0      r1b7                                                          (10.00%)
                 0      r1b7                                                          (10.00%)
                 0      r1b7                                                          (10.00%)
                 0      r1b7                                                          (10.00%)
                 0      r1b7                                                          (10.00%)
                 0      r1b7                                                          (10.00%)
                 0      r1b7                                                          (10.00%)
                 0      r1b7                                                          (10.00%)
                 0      r1b7                                                          (10.00%)
                 0      r1b7                                                          (10.00%)
                 0      r1b7                                                          (10.00%)
                 0      r1b7                                                          (10.00%)
                 0      r1b7                                                          (10.00%)

      70.100082000 seconds time elapsed

