# started on Mon Feb  5 02:14:44 2024


 Performance counter stats for 'system wide':

    28,549,569,027        branch-instructions       #   50.966 M/sec                    (18.87%)
        18,817,750        branch-misses             #    0.07% of all branches          (16.99%)
     1,876,079,326        bus-cycles                #    3.349 M/sec                    (16.99%)
     6,875,576,633        cache-misses              #   87.253 % of all cache refs      (16.99%)
     7,880,535,626        cache-references          #   14.068 M/sec                    (16.99%)
   169,722,626,074        cpu-cycles                #    0.303 GHz                      (16.99%)
   193,177,270,168        instructions              #    1.14  insn per cycle           (18.88%)
   157,395,425,153        ref-cycles                #  280.976 M/sec                    (20.77%)
                 0        alignment-faults          #    0.000 K/sec                  
                 0        bpf-output                #    0.000 K/sec                  
            19,277        context-switches          #    0.034 K/sec                  
        560,179.14 msec   cpu-clock                 #    7.999 CPUs utilized          
               297        cpu-migrations            #    0.001 K/sec                  
                 0        dummy                     #    0.000 K/sec                  
                 0        emulation-faults          #    0.000 K/sec                  
                13        major-faults              #    0.000 K/sec                  
            46,798        minor-faults              #    0.084 K/sec                  
            46,782        page-faults               #    0.084 K/sec                  
        560,169.50 msec   task-clock                #    7.999 CPUs utilized          
     9,114,277,813        L1-dcache-load-misses     #   27.88% of all L1-dcache hits    (20.76%)
    32,694,625,546        L1-dcache-loads           #   58.365 M/sec                    (20.77%)
    35,142,455,249        L1-dcache-stores          #   62.735 M/sec                    (20.77%)
       170,468,685        L1-icache-load-misses                                         (20.77%)
       516,594,243        LLC-load-misses           #   95.96% of all LL-cache hits     (20.76%)
       538,353,921        LLC-loads                 #    0.961 M/sec                    (20.76%)
     1,719,112,504        LLC-store-misses          #    3.069 M/sec                    (3.77%)
     1,739,678,325        LLC-stores                #    3.106 M/sec                    (3.77%)
        17,725,350        branch-load-misses        #    0.032 M/sec                    (5.66%)
    28,518,829,985        branch-loads              #   50.911 M/sec                    (7.55%)
           213,241        dTLB-load-misses          #    0.00% of all dTLB cache hits   (9.43%)
    32,617,656,378        dTLB-loads                #   58.228 M/sec                    (11.32%)
           431,742        dTLB-store-misses         #    0.771 K/sec                    (13.21%)
    35,119,185,324        dTLB-stores               #   62.693 M/sec                    (15.09%)
           173,637        iTLB-load-misses          #    4.58% of all iTLB cache hits   (15.09%)
         3,791,687        iTLB-loads                #    0.007 M/sec                    (15.09%)
                 0        node-load-misses          #    0.000 K/sec                    (15.09%)
       517,956,361        node-loads                #    0.925 M/sec                    (15.09%)
                 0        node-store-misses         #    0.000 K/sec                    (3.77%)
     1,713,281,337        node-stores               #    3.058 M/sec                    (3.77%)
    28,540,065,038        branch-instructions       #   50.949 M/sec                    (5.66%)
        18,759,842        branch-misses             #    0.07% of all branches          (7.55%)
     1,872,463,515        bus-cycles                #    3.343 M/sec                    (9.43%)
     6,876,178,028        cache-misses              #   87.260 % of all cache refs      (11.32%)
     7,879,635,589        cache-references          #   14.066 M/sec                    (13.21%)
   169,584,957,265        cpu-cycles                #    0.303 GHz                      (15.09%)
                 0        cstate_core/c3-residency/ #    0.000 K/sec                  
                 0        cstate_core/c6-residency/ #    0.000 K/sec                  
                 0        cstate_core/c7-residency/ #    0.000 K/sec                  
                 0        cstate_pkg/c2-residency/  #    0.000 K/sec                  
                 0        cstate_pkg/c3-residency/  #    0.000 K/sec                  
                 0        cstate_pkg/c6-residency/  #    0.000 K/sec                  
                 0        cstate_pkg/c7-residency/  #    0.000 K/sec                  
                 0        cycles-ct                 #    0.000 K/sec                    (16.98%)
                 0        cycles-t                  #    0.000 K/sec                    (16.98%)
                 0        el-abort                  #    0.000 K/sec                    (16.98%)
                 0        el-capacity               #    0.000 K/sec                    (16.98%)
                 0        el-commit                 #    0.000 K/sec                    (16.98%)
                 0        el-conflict               #    0.000 K/sec                    (16.98%)
                 0        el-start                  #    0.000 K/sec                    (16.98%)
   192,929,966,209        instructions              #    1.14  insn per cycle           (18.87%)
     <not counted>        intel_pt//                                                    (0.00%)
                 0        mem-loads                 #    0.000 K/sec                    (18.87%)
    35,037,000,769        mem-stores                #   62.547 M/sec                    (16.98%)
   182,889,974,133        msr/aperf/                #  326.488 M/sec                  
               256 C      msr/cpu_thermal_margin/   #    0.000 K/sec                  
   187,103,017,101        msr/mperf/                #  334.009 M/sec                  
   182,884,575,744        msr/pperf/                #  326.478 M/sec                  
                 0        msr/smi/                  #    0.000 K/sec                  
 1,173,381,913,170        msr/tsc/                  # 2094.673 M/sec                  
          2,422.70 Joules power/energy-pkg/         #    0.004 K/sec                  
            583.03 Joules power/energy-ram/         #    0.001 K/sec                  
   157,060,040,327        ref-cycles                #  280.377 M/sec                    (18.87%)
    23,299,352,430        topdown-fetch-bubbles     #      3.4% frontend bound          (18.87%)
       852,453,664        topdown-recovery-bubbles  #      0.2% bad speculation         (18.87%)
   172,829,497,841        topdown-slots-issued      #     71.0% backend bound           (18.87%)
   172,276,426,576        topdown-slots-retired     #     25.4% retiring                (18.87%)
   679,033,463,240        topdown-total-slots       # 1212.182 M/sec                    (20.76%)
                 0        tx-abort                  #    0.000 K/sec                    (20.76%)
                 0        tx-capacity               #    0.000 K/sec                    (20.76%)
                 0        tx-commit                 #    0.000 K/sec                    (18.87%)

      70.031346116 seconds time elapsed

