# started on Mon Feb  5 08:39:40 2024


 Performance counter stats for 'system wide':

   169,817,888,511      r728                                                          (44.44%)
                 0      r1828                                                         (44.44%)
                 0      r2028                                                         (44.44%)
           262,434      r4028                                                         (44.44%)
           911,178      r20ef                                                         (44.44%)
         2,878,592      r10ef                                                         (44.44%)
        10,105,411      r2ef                                                          (44.45%)
       297,966,254      r1ef                                                          (44.45%)
         3,497,634      r40ef                                                         (44.45%)
         1,860,896      r8ef                                                          (44.45%)
             6,252      r4ef                                                          (44.45%)
           566,274      r1cb                                                          (44.45%)
     6,393,111,639      r4fe                                                          (44.45%)
       950,176,222      r2fe                                                          (44.45%)
                 4      r132                                                          (44.45%)
           111,058      r832                                                          (44.45%)
            75,304      r232                                                          (44.44%)
                 0      r432                                                          (44.44%)

      70.036679992 seconds time elapsed

