# started on Mon Feb  5 02:28:55 2024


 Performance counter stats for 'system wide':

    28,425,843,926        branch-instructions       #   50.847 M/sec                    (18.87%)
        18,706,164        branch-misses             #    0.07% of all branches          (16.98%)
     1,867,994,426        bus-cycles                #    3.341 M/sec                    (16.98%)
     8,157,796,920        cache-misses              #   96.315 % of all cache refs      (16.98%)
     8,467,655,437        cache-references          #   15.147 M/sec                    (16.99%)
   169,353,421,794        cpu-cycles                #    0.303 GHz                      (16.99%)
   195,554,744,740        instructions              #    1.16  insn per cycle           (18.87%)
   157,085,406,521        ref-cycles                #  280.987 M/sec                    (20.76%)
                 0        alignment-faults          #    0.000 K/sec                  
                 0        bpf-output                #    0.000 K/sec                  
            21,622        context-switches          #    0.039 K/sec                  
        559,052.45 msec   cpu-clock                 #    7.999 CPUs utilized          
               244        cpu-migrations            #    0.000 K/sec                  
                 0        dummy                     #    0.000 K/sec                  
                 0        emulation-faults          #    0.000 K/sec                  
                13        major-faults              #    0.000 K/sec                  
            18,381        minor-faults              #    0.033 K/sec                  
            18,365        page-faults               #    0.033 K/sec                  
        559,043.62 msec   task-clock                #    7.999 CPUs utilized          
     8,813,597,824        L1-dcache-load-misses     #   18.76% of all L1-dcache hits    (20.76%)
    46,970,180,379        L1-dcache-loads           #   84.018 M/sec                    (20.76%)
    29,943,483,413        L1-dcache-stores          #   53.562 M/sec                    (20.76%)
       168,166,466        L1-icache-load-misses                                         (20.76%)
       611,914,073        LLC-load-misses           #   97.00% of all LL-cache hits     (20.76%)
       630,839,924        LLC-loads                 #    1.128 M/sec                    (20.76%)
     1,943,953,613        LLC-store-misses          #    3.477 M/sec                    (3.77%)
     1,948,385,506        LLC-stores                #    3.485 M/sec                    (3.77%)
        17,798,847        branch-load-misses        #    0.032 M/sec                    (5.66%)
    28,403,812,422        branch-loads              #   50.807 M/sec                    (7.55%)
           372,524        dTLB-load-misses          #    0.00% of all dTLB cache hits   (9.44%)
    46,884,230,738        dTLB-loads                #   83.864 M/sec                    (11.32%)
           350,856        dTLB-store-misses         #    0.628 K/sec                    (13.21%)
    29,948,451,548        dTLB-stores               #   53.570 M/sec                    (15.10%)
           125,881        iTLB-load-misses          #    3.29% of all iTLB cache hits   (15.10%)
         3,828,408        iTLB-loads                #    0.007 M/sec                    (15.10%)
                 0        node-load-misses          #    0.000 K/sec                    (15.10%)
       614,407,284        node-loads                #    1.099 M/sec                    (15.10%)
                 0        node-store-misses         #    0.000 K/sec                    (3.78%)
     1,935,147,640        node-stores               #    3.462 M/sec                    (3.78%)
    28,410,390,915        branch-instructions       #   50.819 M/sec                    (5.66%)
        18,124,492        branch-misses             #    0.06% of all branches          (7.55%)
     1,864,385,226        bus-cycles                #    3.335 M/sec                    (9.44%)
     8,160,498,791        cache-misses              #   96.346 % of all cache refs      (11.32%)
     8,472,245,935        cache-references          #   15.155 M/sec                    (13.21%)
   169,088,480,598        cpu-cycles                #    0.302 GHz                      (15.10%)
                 0        cstate_core/c3-residency/ #    0.000 K/sec                  
                 0        cstate_core/c6-residency/ #    0.000 K/sec                  
                 0        cstate_core/c7-residency/ #    0.000 K/sec                  
                 0        cstate_pkg/c2-residency/  #    0.000 K/sec                  
                 0        cstate_pkg/c3-residency/  #    0.000 K/sec                  
                 0        cstate_pkg/c6-residency/  #    0.000 K/sec                  
                 0        cstate_pkg/c7-residency/  #    0.000 K/sec                  
                 0        cycles-ct                 #    0.000 K/sec                    (16.98%)
                 0        cycles-t                  #    0.000 K/sec                    (16.98%)
                 0        el-abort                  #    0.000 K/sec                    (16.98%)
                 0        el-capacity               #    0.000 K/sec                    (16.98%)
                 0        el-commit                 #    0.000 K/sec                    (16.98%)
                 0        el-conflict               #    0.000 K/sec                    (16.98%)
                 0        el-start                  #    0.000 K/sec                    (16.98%)
   195,143,476,379        instructions              #    1.15  insn per cycle           (18.86%)
     <not counted>        intel_pt//                                                    (0.00%)
                 0        mem-loads                 #    0.000 K/sec                    (18.86%)
    29,869,241,779        mem-stores                #   53.429 M/sec                    (16.98%)
   182,131,407,436        msr/aperf/                #  325.788 M/sec                  
               267 C      msr/cpu_thermal_margin/   #    0.000 K/sec                  
   185,780,803,125        msr/mperf/                #  332.316 M/sec                  
   182,126,398,976        msr/pperf/                #  325.780 M/sec                  
                 0        msr/smi/                  #    0.000 K/sec                  
 1,171,028,920,910        msr/tsc/                  # 2094.684 M/sec                  
          2,393.75 Joules power/energy-pkg/         #    0.004 K/sec                  
            592.87 Joules power/energy-ram/         #    0.001 K/sec                  
   156,714,585,714        ref-cycles                #  280.324 M/sec                    (18.86%)
    31,320,453,700        topdown-fetch-bubbles     #      4.6% frontend bound          (18.86%)
       811,705,392        topdown-recovery-bubbles  #      0.2% bad speculation         (18.87%)
   171,087,558,974        topdown-slots-issued      #     70.0% backend bound           (18.86%)
   170,514,714,370        topdown-slots-retired     #     25.2% retiring                (18.86%)
   677,107,454,136        topdown-total-slots       # 1211.179 M/sec                    (20.75%)
                 0        tx-abort                  #    0.000 K/sec                    (20.75%)
                 0        tx-capacity               #    0.000 K/sec                    (20.75%)
                 0        tx-commit                 #    0.000 K/sec                    (18.86%)

      69.890511805 seconds time elapsed

