# started on Mon Feb  5 08:20:46 2024


 Performance counter stats for 'system wide':

   169,344,305,588      r728                                                          (44.44%)
                 0      r1828                                                         (44.44%)
                 0      r2028                                                         (44.44%)
           214,884      r4028                                                         (44.44%)
         1,131,572      r20ef                                                         (44.44%)
         5,408,846      r10ef                                                         (44.44%)
         9,639,607      r2ef                                                          (44.44%)
       154,766,545      r1ef                                                          (44.45%)
         2,475,290      r40ef                                                         (44.45%)
         2,205,053      r8ef                                                          (44.45%)
            61,130      r4ef                                                          (44.45%)
           565,710      r1cb                                                          (44.45%)
     7,697,174,224      r4fe                                                          (44.45%)
       490,152,129      r2fe                                                          (44.45%)
                 0      r132                                                          (44.45%)
            69,243      r832                                                          (44.45%)
            78,182      r232                                                          (44.45%)
                 0      r432                                                          (44.44%)

      69.929406699 seconds time elapsed

