# started on Tue Feb  6 06:29:19 2024


 Performance counter stats for 'system wide':

           305,180      r185                                                          (6.94%)
         3,796,821      r2085                                                         (8.33%)
        13,529,983      r1001085                                                      (9.72%)
           101,514      re85                                                          (11.11%)
                 0      r885                                                          (11.11%)
             2,519      r485                                                          (11.12%)
            89,877      r285                                                          (11.12%)
        14,066,675      r1085                                                         (11.12%)
     9,013,202,542      r151                                                          (11.12%)
    15,621,861,010      r248                                                          (11.12%)
   365,506,144,345      r148                                                          (11.12%)
   127,606,572,857      r1000148                                                      (11.12%)
   127,608,831,110      r1200148                                                      (11.12%)
     9,010,505,767      r1ff1                                                         (11.12%)
     8,296,065,845      r2f2                                                          (11.12%)
       104,026,813      r1f2                                                          (11.12%)
         6,726,867      r4f2                                                          (11.12%)
         6,675,381      r4f2                                                          (11.12%)
       130,141,386      re424                                                         (11.12%)
     1,285,753,719      re124                                                         (11.12%)
     1,198,806,638      r2724                                                         (11.12%)
     4,709,984,351      re724                                                         (11.12%)
    10,314,502,030      rf824                                                         (11.12%)
     3,297,265,114      re224                                                         (11.12%)
       101,605,412      rc424                                                         (11.12%)
        33,409,367      r2424                                                         (11.12%)
     1,161,112,161      rc124                                                         (11.12%)
       124,644,063      r2124                                                         (11.12%)
     9,004,984,725      r3f24                                                         (11.12%)
     2,517,971,875      rd824                                                         (11.12%)
     7,797,510,140      r3824                                                         (11.11%)
    15,039,367,105      rff24                                                         (11.11%)
     2,250,505,042      rc224                                                         (11.11%)
     1,047,102,700      r2224                                                         (11.11%)
     8,304,929,983      r40f0                                                         (11.11%)
             3,538      r803                                                          (11.11%)
         2,769,857      r203                                                          (11.11%)
       400,774,435      r107                                                          (11.11%)
            42,691      r14c                                                          (11.11%)
     7,871,972,853      r412e                                                         (11.11%)
     8,409,629,958      r4f2e                                                         (11.11%)
                 0      r40001a8                                                      (11.11%)
                 0      r10001a8                                                      (11.11%)
                 0      r40001a8                                                      (11.11%)
                 0      r1a8                                                          (11.11%)
         3,062,121      r10401c3                                                      (11.11%)
           736,555      r2c3                                                          (11.11%)
         1,165,457      r4c3                                                          (11.11%)
    44,664,947,715      r81d0                                                         (11.11%)
    31,787,584,426      r82d0                                                         (11.11%)
    76,419,809,712      r83d0                                                         (11.11%)
        10,291,707      r21d0                                                         (11.11%)
           185,773      r41d0                                                         (5.55%)
           716,922      r42d0                                                         (5.55%)
           129,868      r11d0                                                         (5.55%)
           141,676      r12d0                                                         (5.55%)
            41,626      r2d2                                                          (5.55%)
         1,219,828      r4d2                                                          (5.55%)
             3,313      r1d2                                                          (5.55%)
        11,583,371      r8d2                                                          (5.55%)
       312,271,376      r1d3                                                          (6.94%)
                 0      r2d3                                                          (8.33%)
                 0      r8d3                                                          (9.72%)
                 0      r4d3                                                          (11.11%)
                 0      r4d4                                                          (11.11%)
    20,899,095,146      r40d1                                                         (11.11%)
    22,149,010,917      r1d1                                                          (11.11%)
     1,675,748,930      r8d1                                                          (11.11%)
     1,271,678,529      r2d1                                                          (11.11%)
       404,334,848      r10d1                                                         (5.55%)
        11,929,836      r4d1                                                          (5.55%)
       390,315,418      r20d1                                                         (5.55%)
   <not supported>      r1cd:p                                                      
   <not supported>      r1cd:p                                                      
   <not supported>      r1cd:p                                                      
   <not supported>      r1cd:p                                                      
   <not supported>      r1cd:p                                                      
   <not supported>      r1cd:p                                                      
   <not supported>      r1cd:p                                                      
   <not supported>      r1cd:p                                                      

      69.941764949 seconds time elapsed

