# started on Mon Feb  5 06:38:03 2024


 Performance counter stats for 'system wide':

        43,405,955      r2ab                                                          (19.50%)
                 0      r1c6                                                          (19.51%)
                 0      r1c6                                                          (19.51%)
                 0      r1c6                                                          (19.51%)
                 0      r1c6                                                          (19.51%)
                 0      r1c6                                                          (9.76%)
                 0      r1c6                                                          (9.76%)
                 0      r1c6                                                          (9.76%)
                 0      r1c6                                                          (9.76%)
                 0      r1c6                                                          (9.76%)
                 0      r1c6                                                          (9.76%)
                 0      r1c6                                                          (9.76%)
                 0      r1c6                                                          (9.76%)
                 0      r1c6                                                          (9.76%)
                 0      r1c6                                                          (9.76%)
                 0      r1c6                                                          (9.76%)
                 0      r1c6                                                          (9.76%)
                 0      r1c6                                                          (9.76%)
       358,435,644      r480                                                          (12.20%)
    41,874,806,735      r183                                                          (14.64%)
       136,096,956      r283                                                          (17.08%)
        84,749,989      r483                                                          (19.52%)
    27,788,933,535      r4001879                                                      (19.52%)
    55,542,449,863      r1001879                                                      (19.52%)
       596,848,881      r4002479                                                      (19.52%)
     1,722,249,361      r1002479                                                      (19.52%)
    55,174,180,692      r1000879                                                      (19.52%)
   168,077,105,413      r879                                                          (19.52%)
     1,105,192,294      r1000479                                                      (19.52%)
     2,970,300,651      r479                                                          (19.52%)
     1,016,202,213      r1003079                                                      (19.52%)
       393,232,113      r1001079                                                      (19.52%)
     1,579,121,662      r2079                                                         (19.52%)
       307,286,294      r1043079                                                      (19.51%)
     2,865,237,612      r3079                                                         (19.51%)
    28,954,145,027      r19c                                                          (19.51%)
       998,138,851      r400019c                                                      (19.51%)
   156,471,423,381      r180019c                                                      (19.51%)
     4,953,427,620      r300019c                                                      (19.51%)
    10,651,363,635      r200019c                                                      (19.51%)
    12,243,179,756      r100019c                                                      (19.50%)

      69.815297603 seconds time elapsed

