# started on Mon Feb  5 09:19:48 2024


 Performance counter stats for 'system wide':

        36,441,831      r1000114                                                      (10.53%)
         6,593,702      r1e6                                                          (10.53%)
    28,330,885,377      rc4                                                           (10.53%)
   <not supported>      r4c4:p                                                      
    27,842,248,073      r1c4                                                          (10.53%)
         1,276,361      r40c4                                                         (10.53%)
       216,050,571      r2c4                                                          (10.53%)
       215,436,956      r8c4                                                          (10.53%)
    27,986,085,116      r20c4                                                         (10.53%)
       325,327,176      r10c4                                                         (10.53%)
        13,321,575      rc5                                                           (10.53%)
   <not supported>      r4c5:p                                                      
         3,341,472      r1c5                                                          (10.53%)
            15,029      r2c5                                                          (10.53%)
        12,035,000      r20c5                                                         (10.53%)
     1,854,850,215      r23c                                                          (10.53%)
     1,854,592,116      r13c                                                          (10.53%)
     1,854,480,103      r20013c                                                       (10.53%)
     1,853,160,471      r23c                                                          (10.53%)
   155,544,264,997      r300                                                          (11.84%)
     1,851,353,952      r13c                                                          (11.84%)
     1,853,043,762      r20013c                                                       (11.84%)
           499,050      r104003c                                                      (11.84%)
   169,139,597,383      r3c                                                           (13.16%)
   169,079,898,206      r20003c                                                       (13.16%)
   169,113,937,637      r3c                                                           (13.16%)
   169,186,271,052      r20003c                                                       (13.16%)
   114,460,737,805      r80008a3                                                      (13.16%)
    57,051,764,778      r10001a3                                                      (13.16%)
   132,705,467,560      r100010a3                                                     (11.84%)
    69,119,644,835      rc000ca3                                                      (11.84%)
    41,508,023,389      r50005a3                                                      (11.84%)
    72,837,114,407      r140014a3                                                     (11.84%)
    94,288,700,900      r40004a3                                                      (11.84%)
    15,988,883,232      r2a6                                                          (11.84%)
    13,847,902,799      r4a6                                                          (10.53%)
    20,347,347,204      r8a6                                                          (10.53%)
    15,823,119,386      r10a6                                                         (10.53%)
    25,020,266,221      r40a6                                                         (10.53%)
     1,171,678,214      r1a6                                                          (10.53%)
           659,399      r187                                                          (10.53%)
   193,180,759,809      rc0                                                           (11.84%)
   193,213,865,145      rc0                                                           (11.84%)
   <not supported>      r1c0:p                                                      
   <not supported>      ra8001c0:p                                                  
       319,783,036      r800d                                                         (11.84%)
       185,382,822      r10d                                                          (11.84%)
       184,456,761      r20010d                                                       (11.84%)
               819      r803                                                          (11.84%)
         7,291,707      r203                                                          (11.84%)
        92,962,485      r107                                                          (11.84%)
            54,512      r14c                                                          (11.84%)
                 0      r40001a8                                                      (11.84%)
                 0      r10001a8                                                      (10.53%)
                 0      r1a8                                                          (10.53%)
         3,003,202      r10401c3                                                      (10.53%)
         1,025,681      r4c3                                                          (10.53%)
            51,465      r3fc1                                                         (10.53%)
   113,164,304,355      r1a2                                                          (10.53%)
    27,995,841,233      r8a2                                                          (10.53%)
                 0      r20cc                                                         (10.53%)
    18,475,876,645      r15e                                                          (10.53%)
       754,899,803      r184015e                                                      (10.53%)
    26,839,063,459      r1a1                                                          (10.53%)
    30,540,601,683      r2a1                                                          (10.53%)
    33,569,539,421      r4a1                                                          (10.53%)
    33,947,212,739      r8a1                                                          (10.53%)
    41,817,535,620      r10a1                                                         (10.53%)
    31,505,929,535      r20a1                                                         (10.53%)
    37,296,671,648      r40a1                                                         (10.53%)
     1,785,306,504      r80a1                                                         (10.53%)
   215,071,628,940      r2b1                                                          (10.53%)
    74,981,665,802      r10002b1                                                      (10.53%)
    58,994,480,041      r20002b1                                                      (10.53%)
    45,178,355,204      r30002b1                                                      (10.53%)
    24,815,023,237      r40002b1                                                      (10.53%)
    94,218,709,813      r18002b1                                                      (10.53%)
    74,953,531,072      r10001b1                                                      (10.53%)
    58,965,356,703      r20001b1                                                      (10.53%)
    45,141,255,886      r30001b1                                                      (10.53%)

      70.077081628 seconds time elapsed

