# started on Tue Feb  6 06:11:37 2024


 Performance counter stats for 'system wide':

                 0      r8c7                                                          (11.68%)
                 0      r10c7                                                         (11.68%)
                 0      r20c7                                                         (10.39%)
                 0      r18c7                                                         (10.39%)
                 0      r40c7                                                         (10.39%)
                 0      r80c7                                                         (10.39%)
                 0      r18c7                                                         (10.39%)
    27,800,266,944      r3c7                                                          (10.39%)
    27,786,674,425      r1c7                                                          (10.39%)
                 0      r2c7                                                          (10.39%)
                 0      rfcc7                                                         (10.39%)
                 0      r1001eca                                                      (10.39%)
                 0      r1c6                                                          (10.39%)
                 0      r1c6                                                          (10.39%)
                 0      r1c6                                                          (10.39%)
                 0      r1c6                                                          (10.39%)
                 0      r1c6                                                          (5.20%)
   <not supported>      r1c6:p                                                      
                 0      r1c6                                                          (5.20%)
                 0      r1c6                                                          (5.20%)
                 0      r1c6                                                          (5.20%)
                 0      r1c6                                                          (5.20%)
                 0      r1c6                                                          (5.20%)
                 0      r1c6                                                          (5.20%)
                 0      r1c6                                                          (5.20%)
                 0      r1c6                                                          (5.20%)
                 0      r1c6                                                          (5.20%)
                 0      r1c6                                                          (5.20%)
                 0      r1c6                                                          (5.20%)
                 0      r1c6                                                          (5.20%)
                 0      r1c6                                                          (5.20%)
                 0      r4c8                                                          (6.50%)
                 0      r80c8                                                         (7.80%)
                 0      r8c8                                                          (9.10%)
                 0      r40c8                                                         (10.39%)
                 0      r10c8                                                         (10.39%)
                 0      r20c8                                                         (10.39%)
                 0      r2c8                                                          (10.39%)
                 0      r1c8                                                          (10.39%)
           565,790      r1cb                                                          (10.39%)
       372,695,940      r480                                                          (10.39%)
    41,698,388,027      r183                                                          (10.39%)
       134,318,450      r283                                                          (10.39%)
        84,284,054      r483                                                          (10.39%)
        84,491,572      r483                                                          (10.39%)
     7,921,819,928      r4fe                                                          (10.40%)
       265,631,237      r2fe                                                          (10.40%)
    27,655,434,911      r4001879                                                      (10.40%)
    55,290,090,255      r1001879                                                      (10.40%)
       592,088,795      r4002479                                                      (10.39%)
     1,707,882,053      r1002479                                                      (10.39%)
    54,907,322,416      r1000879                                                      (10.39%)
    55,295,842,846      r1001879                                                      (10.39%)
    27,649,876,205      r4001879                                                      (10.39%)
   167,259,183,839      r879                                                          (10.39%)
     1,063,912,471      r1000479                                                      (10.39%)
     2,833,965,695      r479                                                          (10.39%)
     1,000,252,159      r1003079                                                      (10.38%)
       390,659,992      r1001079                                                      (10.38%)
     1,553,037,264      r2079                                                         (10.38%)
       304,876,554      r1043079                                                      (10.38%)
     2,838,566,625      r3079                                                         (10.38%)
    28,485,350,907      r19c                                                          (10.38%)
       962,845,336      r400019c                                                      (10.38%)
   156,353,025,002      r180019c                                                      (10.38%)
     4,854,236,764      r300019c                                                      (10.38%)
    10,565,821,743      r200019c                                                      (10.38%)
    12,141,572,262      r100019c                                                      (10.38%)
           547,118      r187                                                          (10.38%)
     2,635,101,452      r155                                                          (10.38%)
   196,842,503,594      rc0                                                           (11.68%)
   196,852,892,109      rc0                                                           (11.68%)
       172,765,864      r2c0                                                          (11.68%)
   <not supported>      r1c0:p                                                      
   <not supported>      ra8001c0:p                                                  
       242,217,098      r800d                                                         (11.68%)
        31,161,312      r104010d                                                      (11.68%)
       179,818,255      r10d                                                          (11.68%)
       180,094,046      r20010d                                                       (11.68%)
           516,415      r1ae                                                          (11.68%)

      69.890235785 seconds time elapsed

