# started on Mon Feb  5 06:34:31 2024


 Performance counter stats for 'system wide':

        42,452,544      r2ab                                                          (19.51%)
                 0      r1c6                                                          (19.51%)
                 0      r1c6                                                          (19.51%)
                 0      r1c6                                                          (19.51%)
                 0      r1c6                                                          (19.51%)
                 0      r1c6                                                          (9.76%)
                 0      r1c6                                                          (9.76%)
                 0      r1c6                                                          (9.76%)
                 0      r1c6                                                          (9.76%)
                 0      r1c6                                                          (9.76%)
                 0      r1c6                                                          (9.76%)
                 0      r1c6                                                          (9.76%)
                 0      r1c6                                                          (9.76%)
                 0      r1c6                                                          (9.76%)
                 0      r1c6                                                          (9.76%)
                 0      r1c6                                                          (9.76%)
                 0      r1c6                                                          (9.76%)
                 0      r1c6                                                          (9.76%)
       368,953,933      r480                                                          (12.20%)
    42,483,260,192      r183                                                          (14.64%)
       135,689,580      r283                                                          (17.08%)
        88,720,329      r483                                                          (19.52%)
    28,382,780,794      r4001879                                                      (19.52%)
    56,702,735,543      r1001879                                                      (19.52%)
       607,610,762      r4002479                                                      (19.52%)
     1,764,644,417      r1002479                                                      (19.52%)
    56,334,249,795      r1000879                                                      (19.52%)
   171,365,231,275      r879                                                          (19.52%)
     1,140,083,253      r1000479                                                      (19.52%)
     3,033,009,992      r479                                                          (19.51%)
     1,021,367,175      r1003079                                                      (19.51%)
       392,432,306      r1001079                                                      (19.51%)
     1,583,461,458      r2079                                                         (19.51%)
       306,893,505      r1043079                                                      (19.51%)
     2,856,581,321      r3079                                                         (19.51%)
    32,627,770,644      r19c                                                          (19.51%)
       991,366,965      r400019c                                                      (19.51%)
   155,067,551,494      r180019c                                                      (19.51%)
     5,650,473,771      r300019c                                                      (19.51%)
    11,988,486,043      r200019c                                                      (19.51%)
    13,873,256,010      r100019c                                                      (19.51%)

      69.851292562 seconds time elapsed

