# started on Tue Feb  6 05:46:48 2024


 Performance counter stats for 'system wide':

                 0      r8c7                                                          (11.68%)
                 0      r10c7                                                         (11.69%)
                 0      r20c7                                                         (10.39%)
                 0      r18c7                                                         (10.39%)
                 0      r40c7                                                         (10.39%)
                 0      r80c7                                                         (10.39%)
                 0      r18c7                                                         (10.39%)
    24,298,788,215      r3c7                                                          (10.40%)
    24,298,248,641      r1c7                                                          (10.40%)
                 0      r2c7                                                          (10.40%)
                 0      rfcc7                                                         (10.40%)
                 0      r1001eca                                                      (10.40%)
                 0      r1c6                                                          (10.40%)
                 0      r1c6                                                          (10.40%)
                 0      r1c6                                                          (10.40%)
                 0      r1c6                                                          (10.40%)
                 0      r1c6                                                          (5.20%)
   <not supported>      r1c6:p                                                      
                 0      r1c6                                                          (5.20%)
                 0      r1c6                                                          (5.20%)
                 0      r1c6                                                          (5.20%)
                 0      r1c6                                                          (5.20%)
                 0      r1c6                                                          (5.20%)
                 0      r1c6                                                          (5.20%)
                 0      r1c6                                                          (5.20%)
                 0      r1c6                                                          (5.20%)
                 0      r1c6                                                          (5.20%)
                 0      r1c6                                                          (5.20%)
                 0      r1c6                                                          (5.20%)
                 0      r1c6                                                          (5.20%)
                 0      r1c6                                                          (5.20%)
                 0      r4c8                                                          (6.50%)
                 0      r80c8                                                         (7.80%)
                 0      r8c8                                                          (9.10%)
                 0      r40c8                                                         (10.40%)
                 0      r10c8                                                         (10.40%)
                 0      r20c8                                                         (10.40%)
                 0      r2c8                                                          (10.40%)
                 0      r1c8                                                          (10.40%)
           568,021      r1cb                                                          (10.40%)
       453,914,306      r480                                                          (10.39%)
    43,016,597,636      r183                                                          (10.39%)
       134,525,616      r283                                                          (10.39%)
        91,115,874      r483                                                          (10.39%)
        90,438,536      r483                                                          (10.39%)
     7,639,629,806      r4fe                                                          (10.39%)
       495,735,139      r2fe                                                          (10.39%)
    28,178,293,730      r4001879                                                      (10.39%)
    56,351,261,853      r1001879                                                      (10.39%)
       607,169,607      r4002479                                                      (10.39%)
     1,757,230,715      r1002479                                                      (10.39%)
    55,596,621,581      r1000879                                                      (10.39%)
    56,352,541,075      r1001879                                                      (10.39%)
    28,190,004,857      r4001879                                                      (10.39%)
   165,511,858,274      r879                                                          (10.39%)
     1,118,708,345      r1000479                                                      (10.39%)
     2,984,214,582      r479                                                          (10.39%)
     1,380,572,257      r1003079                                                      (10.39%)
       748,902,443      r1001079                                                      (10.39%)
     1,605,161,893      r2079                                                         (10.39%)
       436,290,083      r1043079                                                      (10.39%)
     4,046,445,265      r3079                                                         (10.39%)
    34,222,455,518      r19c                                                          (10.39%)
     1,054,776,233      r400019c                                                      (10.39%)
   154,092,933,340      r180019c                                                      (10.39%)
     5,739,264,588      r300019c                                                      (10.39%)
    12,947,525,136      r200019c                                                      (10.39%)
    14,521,132,722      r100019c                                                      (10.39%)
           655,006      r187                                                          (10.39%)
     2,716,536,866      r155                                                          (10.39%)
   195,999,865,773      rc0                                                           (11.68%)
   196,007,643,216      rc0                                                           (11.68%)
       192,944,086      r2c0                                                          (11.68%)
   <not supported>      r1c0:p                                                      
   <not supported>      ra8001c0:p                                                  
       265,426,088      r800d                                                         (11.68%)
        31,243,399      r104010d                                                      (11.68%)
       179,020,151      r10d                                                          (11.68%)
       178,816,768      r20010d                                                       (11.68%)
           514,823      r1ae                                                          (11.68%)

      69.957174073 seconds time elapsed

