# started on Mon Feb  5 09:00:55 2024


 Performance counter stats for 'system wide':

        36,822,493      r1000114                                                      (10.53%)
         6,016,075      r1e6                                                          (10.53%)
    28,781,396,458      rc4                                                           (10.53%)
   <not supported>      r4c4:p                                                      
    28,436,023,627      r1c4                                                          (10.53%)
         1,228,194      r40c4                                                         (10.53%)
       150,444,901      r2c4                                                          (10.53%)
       148,105,330      r8c4                                                          (10.53%)
    26,966,220,172      r20c4                                                         (10.53%)
     1,772,211,216      r10c4                                                         (10.53%)
        14,192,582      rc5                                                           (10.53%)
   <not supported>      r4c5:p                                                      
         3,934,174      r1c5                                                          (10.53%)
            39,341      r2c5                                                          (10.53%)
        12,259,097      r20c5                                                         (10.53%)
     1,845,311,260      r23c                                                          (10.53%)
     1,845,931,588      r13c                                                          (10.53%)
     1,844,759,713      r20013c                                                       (10.53%)
     1,844,581,161      r23c                                                          (10.53%)
   154,861,307,604      r300                                                          (11.84%)
     1,844,660,192      r13c                                                          (11.84%)
     1,846,725,255      r20013c                                                       (11.84%)
           496,801      r104003c                                                      (11.84%)
   168,308,510,394      r3c                                                           (13.16%)
   168,359,507,844      r20003c                                                       (13.16%)
   168,473,843,196      r3c                                                           (13.16%)
   168,479,281,840      r20003c                                                       (13.16%)
   119,067,997,550      r80008a3                                                      (13.16%)
    71,311,047,744      r10001a3                                                      (13.16%)
   158,942,564,102      r100010a3                                                     (11.84%)
    79,999,236,273      rc000ca3                                                      (11.84%)
    53,074,049,770      r50005a3                                                      (11.84%)
    83,335,678,927      r140014a3                                                     (11.84%)
    89,596,130,379      r40004a3                                                      (11.84%)
    15,100,819,709      r2a6                                                          (11.84%)
    17,976,444,258      r4a6                                                          (10.53%)
    23,875,572,511      r8a6                                                          (10.53%)
    14,445,443,299      r10a6                                                         (10.53%)
     5,282,801,249      r40a6                                                         (10.53%)
       622,177,679      r1a6                                                          (10.53%)
           822,481      r187                                                          (10.53%)
   196,207,924,247      rc0                                                           (11.84%)
   196,028,005,700      rc0                                                           (11.84%)
   <not supported>      r1c0:p                                                      
   <not supported>      ra8001c0:p                                                  
       231,074,413      r800d                                                         (11.84%)
       172,068,980      r10d                                                          (11.84%)
       171,087,742      r20010d                                                       (11.84%)
             1,148      r803                                                          (11.84%)
         7,159,504      r203                                                          (11.84%)
       394,600,479      r107                                                          (11.84%)
            40,820      r14c                                                          (11.84%)
                 0      r40001a8                                                      (11.84%)
                 0      r10001a8                                                      (10.53%)
                 0      r1a8                                                          (10.53%)
         2,710,919      r10401c3                                                      (10.53%)
           654,680      r4c3                                                          (10.53%)
            42,909      r3fc1                                                         (10.53%)
   112,540,554,063      r1a2                                                          (10.53%)
     6,503,147,273      r8a2                                                          (10.53%)
                 0      r20cc                                                         (10.53%)
     4,883,254,922      r15e                                                          (10.53%)
       253,406,003      r184015e                                                      (10.53%)
    35,825,737,936      r1a1                                                          (10.53%)
    40,317,571,226      r2a1                                                          (10.53%)
    39,702,168,408      r4a1                                                          (10.53%)
    36,121,603,892      r8a1                                                          (10.53%)
    32,873,264,879      r10a1                                                         (10.53%)
    34,529,435,809      r20a1                                                         (10.53%)
    40,187,024,459      r40a1                                                         (10.53%)
       575,810,881      r80a1                                                         (10.53%)
   218,954,544,035      r2b1                                                          (10.53%)
    78,858,460,461      r10002b1                                                      (10.53%)
    63,729,078,507      r20002b1                                                      (10.53%)
    45,760,675,086      r30002b1                                                      (10.53%)
    21,939,887,008      r40002b1                                                      (10.53%)
    89,626,708,522      r18002b1                                                      (10.53%)
    78,818,992,511      r10001b1                                                      (10.53%)
    63,690,178,665      r20001b1                                                      (10.53%)
    45,749,253,669      r30001b1                                                      (10.53%)

      69.854484264 seconds time elapsed

