# started on Tue Feb  6 08:42:46 2024


 Performance counter stats for 'system wide':

                 0      r1b7                                                          (11.59%)
                 0      r1b7                                                          (11.59%)
                 0      r1b7                                                          (11.59%)
                 0      r1b7                                                          (11.59%)
                 0      r1b7                                                          (11.59%)
            43,207      r3fc1                                                         (11.59%)
     8,892,020,736      r159                                                          (11.59%)
   107,888,014,337      r1a2                                                          (11.60%)
     8,289,684,844      r8a2                                                          (11.60%)
                 0      r20cc                                                         (11.60%)
                 0      r40cc                                                         (11.60%)
     9,603,262,570      r15e                                                          (11.60%)
       526,187,797      r184015e                                                      (11.60%)
                 0      r4c9                                                          (11.60%)
                 0      r80c9                                                         (11.60%)
                 0      r8c9                                                          (11.60%)
                 0      r40c9                                                         (11.60%)
                 0      r10c9                                                         (11.60%)
                 0      r20c9                                                         (11.60%)
                 0      r2c9                                                          (11.60%)
                 0      r1c9                                                          (11.60%)
                 0      r10f4                                                         (11.60%)
                 0      r132                                                          (11.60%)
            29,097      r832                                                          (11.60%)
           933,425      r232                                                          (11.60%)
                 0      r432                                                          (11.60%)
           202,735      r1bd                                                          (11.60%)
            27,811      r20bd                                                         (11.60%)
                 0      r15d                                                          (11.60%)
                 0      r25d                                                          (11.60%)
                 0      r45d                                                          (11.60%)
                 0      r85d                                                          (11.60%)
                 0      r105d                                                         (11.60%)
                 0      r254                                                          (11.60%)
                 0      r154                                                          (11.60%)
                 0      r1054                                                         (11.60%)
                 0      r854                                                          (11.60%)
                 0      r2054                                                         (11.60%)
                 0      r454                                                          (11.60%)
                 0      r4054                                                         (11.60%)
    26,955,931,947      r1a1                                                          (11.60%)
    31,735,557,640      r2a1                                                          (11.60%)
    39,783,459,651      r4a1                                                          (11.60%)
    35,612,494,571      r8a1                                                          (11.60%)
    33,158,408,828      r10a1                                                         (11.60%)
    34,151,515,887      r20a1                                                         (11.60%)
    40,584,320,041      r40a1                                                         (11.60%)
     1,284,152,016      r80a1                                                         (11.60%)
   220,082,878,061      r2b1                                                          (11.60%)
    76,108,496,270      r10002b1                                                      (11.60%)
    61,225,127,727      r20002b1                                                      (11.60%)
    46,290,948,271      r30002b1                                                      (11.60%)
    24,285,804,511      r40002b1                                                      (11.60%)
    99,949,306,030      r18002b1                                                      (11.60%)
    76,028,455,898      r10001b1                                                      (11.60%)
    61,158,072,964      r20001b1                                                      (11.60%)
    46,249,989,782      r30001b1                                                      (11.60%)
    24,271,005,559      r40001b1                                                      (11.60%)
    99,975,877,284      r18001b1                                                      (11.60%)
   220,102,147,905      r1b1                                                          (11.60%)
         5,295,414      r10b1                                                         (11.60%)
   175,016,270,655      r10e                                                          (11.60%)
        52,256,368      r200e                                                         (11.60%)
   125,499,401,174      r180010e                                                      (11.60%)
                 0      r20e                                                          (11.60%)
    26,565,845,128      r4c2                                                          (11.60%)
   172,211,580,691      r2c2                                                          (11.59%)
   128,667,391,601      r18002c2                                                      (11.59%)
   175,993,078,625      r108002c2                                                     (11.59%)
   136,386,367,952      unc_c_clockticks_0                                            (36.42%)
   136,330,692,904      unc_c_clockticks_1                                            (36.45%)
   136,450,618,027      unc_c_clockticks_2                                            (36.48%)
   136,578,758,964      unc_c_clockticks_3                                            (36.46%)
   136,364,778,990      unc_c_clockticks_4                                            (36.38%)
   136,382,511,470      unc_c_clockticks_5                                            (36.54%)
   136,483,045,395      unc_c_clockticks_6                                            (36.56%)
   136,263,503,120      unc_c_clockticks_7                                            (36.37%)
            73,414      unc_c_fast_asserted_0                                         (36.42%)
            20,978      unc_c_fast_asserted_1                                         (36.43%)
             3,065      unc_c_fast_asserted_2                                         (36.45%)
            16,885      unc_c_fast_asserted_3                                         (36.49%)
            35,544      unc_c_fast_asserted_4                                         (36.39%)
            13,722      unc_c_fast_asserted_5                                         (36.39%)
         1,262,468      unc_c_fast_asserted_6                                         (36.41%)
         1,055,653      unc_c_fast_asserted_7                                         (36.37%)
                 0      unc_c_llc_lookup_data_read_0                                     (36.39%)
                 0      unc_c_llc_lookup_data_read_1                                     (36.36%)
                 0      unc_c_llc_lookup_data_read_2                                     (36.41%)
                 0      unc_c_llc_lookup_data_read_3                                     (36.41%)
                 0      unc_c_llc_lookup_data_read_4                                     (36.37%)
                 0      unc_c_llc_lookup_data_read_5                                     (36.27%)
                 0      unc_c_llc_lookup_data_read_6                                     (36.27%)
                 0      unc_c_llc_lookup_data_read_7                                     (36.37%)
                 0      unc_c_llc_lookup_remote_snoop_0                                     (36.34%)
                 0      unc_c_llc_lookup_remote_snoop_1                                     (36.30%)
                 0      unc_c_llc_lookup_remote_snoop_2                                     (36.25%)
                 0      unc_c_llc_lookup_remote_snoop_3                                     (36.19%)
                 0      unc_c_llc_lookup_remote_snoop_4                                     (36.34%)
                 0      unc_c_llc_lookup_remote_snoop_5                                     (36.14%)
                 0      unc_c_llc_lookup_remote_snoop_6                                     (36.10%)
                 0      unc_c_llc_lookup_remote_snoop_7                                     (36.37%)
        15,174,874      unc_c_llc_victims_e_state_0                                     (36.29%)
        15,105,275      unc_c_llc_victims_e_state_1                                     (36.26%)
        15,035,359      unc_c_llc_victims_e_state_2                                     (36.22%)
        15,058,008      unc_c_llc_victims_e_state_3                                     (36.19%)
        14,903,444      unc_c_llc_victims_e_state_4                                     (36.32%)
        15,299,572      unc_c_llc_victims_e_state_5                                     (36.21%)
        15,232,955      unc_c_llc_victims_e_state_6                                     (36.18%)
        13,678,042      unc_c_llc_victims_e_state_7                                     (36.37%)
                33      unc_c_llc_victims_f_state_0                                     (36.29%)
                19      unc_c_llc_victims_f_state_1                                     (36.27%)
                14      unc_c_llc_victims_f_state_2                                     (36.25%)
                14      unc_c_llc_victims_f_state_3                                     (36.23%)
                30      unc_c_llc_victims_f_state_4                                     (36.33%)
                17      unc_c_llc_victims_f_state_5                                     (36.34%)
                11      unc_c_llc_victims_f_state_6                                     (36.32%)
                82      unc_c_llc_victims_f_state_7                                     (36.37%)
        44,839,980      unc_c_llc_victims_m_state_0                                     (36.31%)
        44,833,428      unc_c_llc_victims_m_state_1                                     (36.33%)
        44,811,927      unc_c_llc_victims_m_state_2                                     (36.34%)
        44,790,865      unc_c_llc_victims_m_state_3                                     (36.34%)
        44,847,326      unc_c_llc_victims_m_state_4                                     (36.35%)
        45,123,861      unc_c_llc_victims_m_state_5                                     (36.49%)
        45,063,691      unc_c_llc_victims_m_state_6                                     (36.51%)
        43,808,378      unc_c_llc_victims_m_state_7                                     (36.36%)
           219,588      unc_c_llc_victims_s_state_0                                     (36.36%)
           225,681      unc_c_llc_victims_s_state_1                                     (36.39%)
           223,768      unc_c_llc_victims_s_state_2                                     (36.43%)
           239,201      unc_c_llc_victims_s_state_3                                     (36.46%)
           207,261      unc_c_llc_victims_s_state_4                                     (36.38%)
           222,047      unc_c_llc_victims_s_state_5                                     (36.51%)
           234,275      unc_c_llc_victims_s_state_6                                     (36.54%)
           188,608      unc_c_llc_victims_s_state_7                                     (36.36%)
                 0      unc_c_tor_inserts_irq_0                                       (36.41%)
                 0      unc_c_tor_inserts_irq_1                                       (36.43%)
                 0      unc_c_tor_inserts_irq_2                                       (36.44%)
                 0      unc_c_tor_inserts_irq_3                                       (36.51%)
                 3      unc_c_tor_inserts_irq_4                                       (36.40%)
                 0      unc_c_tor_inserts_irq_5                                       (36.54%)
                 0      unc_c_tor_inserts_irq_6                                       (36.57%)
                 0      unc_c_tor_inserts_irq_7                                       (36.36%)
                 0      unc_c_tor_inserts_irq_hit_0                                     (36.41%)
                 0      unc_c_tor_inserts_irq_hit_1                                     (36.42%)
                 0      unc_c_tor_inserts_irq_hit_2                                     (36.44%)
                 0      unc_c_tor_inserts_irq_hit_3                                     (36.46%)
                 0      unc_c_tor_inserts_irq_hit_4                                     (36.39%)
                 0      unc_c_tor_inserts_irq_hit_5                                     (36.47%)
                 0      unc_c_tor_inserts_irq_hit_6                                     (36.49%)
                 0      unc_c_tor_inserts_irq_hit_7                                     (36.36%)
                 0      unc_c_tor_inserts_irq_miss_0                                     (36.39%)
                 0      unc_c_tor_inserts_irq_miss_1                                     (36.40%)
                 0      unc_c_tor_inserts_irq_miss_2                                     (36.32%)
                 0      unc_c_tor_inserts_irq_miss_3                                     (36.29%)
                 0      unc_c_tor_inserts_irq_miss_4                                     (36.38%)
                 0      unc_c_tor_inserts_irq_miss_5                                     (36.12%)
                 0      unc_c_tor_inserts_irq_miss_6                                     (36.09%)
                 0      unc_c_tor_inserts_irq_miss_7                                     (36.36%)

      69.826261483 seconds time elapsed

