# started on Tue Feb  6 09:01:40 2024


 Performance counter stats for 'system wide':

                 0      r1b7                                                          (11.59%)
                 0      r1b7                                                          (11.59%)
                 0      r1b7                                                          (11.59%)
                 0      r1b7                                                          (11.59%)
                 0      r1b7                                                          (11.59%)
            44,953      r3fc1                                                         (11.59%)
     6,879,705,055      r159                                                          (11.59%)
   112,343,654,386      r1a2                                                          (11.59%)
     8,552,036,189      r8a2                                                          (11.60%)
                 0      r20cc                                                         (11.60%)
                 0      r40cc                                                         (11.60%)
     9,146,321,156      r15e                                                          (11.60%)
       480,593,018      r184015e                                                      (11.60%)
                 0      r4c9                                                          (11.60%)
                 0      r80c9                                                         (11.60%)
                 0      r8c9                                                          (11.60%)
                 0      r40c9                                                         (11.60%)
                 0      r10c9                                                         (11.60%)
                 0      r20c9                                                         (11.60%)
                 0      r2c9                                                          (11.60%)
                 0      r1c9                                                          (11.60%)
                 0      r10f4                                                         (11.60%)
                 0      r132                                                          (11.60%)
            28,433      r832                                                          (11.60%)
               336      r232                                                          (11.60%)
                 0      r432                                                          (11.60%)
           188,942      r1bd                                                          (11.60%)
            15,652      r20bd                                                         (11.60%)
                 0      r15d                                                          (11.60%)
                 0      r25d                                                          (11.60%)
                 0      r45d                                                          (11.60%)
                 0      r85d                                                          (11.60%)
                 0      r105d                                                         (11.60%)
                 0      r254                                                          (11.60%)
                 0      r154                                                          (11.60%)
                 0      r1054                                                         (11.60%)
                 0      r854                                                          (11.60%)
                 0      r2054                                                         (11.60%)
                 0      r454                                                          (11.60%)
                 0      r4054                                                         (11.60%)
    27,625,779,908      r1a1                                                          (11.60%)
    32,829,370,292      r2a1                                                          (11.60%)
    41,557,077,947      r4a1                                                          (11.60%)
    37,134,475,331      r8a1                                                          (11.60%)
    35,056,641,344      r10a1                                                         (11.60%)
    35,662,301,834      r20a1                                                         (11.60%)
    42,137,788,548      r40a1                                                         (11.60%)
     1,324,214,755      r80a1                                                         (11.60%)
   230,265,870,747      r2b1                                                          (11.60%)
    79,169,176,520      r10002b1                                                      (11.60%)
    63,995,114,281      r20002b1                                                      (11.60%)
    48,408,805,985      r30002b1                                                      (11.60%)
    25,681,648,645      r40002b1                                                      (11.60%)
   101,417,191,110      r18002b1                                                      (11.60%)
    79,192,642,777      r10001b1                                                      (11.60%)
    63,957,652,768      r20001b1                                                      (11.60%)
    48,358,734,973      r30001b1                                                      (11.60%)
    25,643,965,595      r40001b1                                                      (11.60%)
   101,390,649,895      r18001b1                                                      (11.60%)
   230,102,516,478      r1b1                                                          (11.60%)
         5,161,072      r10b1                                                         (11.60%)
   182,395,294,093      r10e                                                          (11.60%)
        51,088,926      r200e                                                         (11.60%)
   127,652,594,739      r180010e                                                      (11.60%)
                 0      r20e                                                          (11.60%)
    27,783,720,126      r4c2                                                          (11.60%)
   179,550,004,354      r2c2                                                          (11.60%)
   131,111,592,910      r18002c2                                                      (11.60%)
   180,348,903,033      r108002c2                                                     (11.59%)
   135,509,204,868      unc_c_clockticks_0                                            (36.35%)
   135,509,402,570      unc_c_clockticks_1                                            (36.33%)
   135,556,409,534      unc_c_clockticks_2                                            (36.31%)
   135,501,565,104      unc_c_clockticks_3                                            (36.37%)
   135,548,206,293      unc_c_clockticks_4                                            (36.35%)
   135,547,696,133      unc_c_clockticks_5                                            (36.33%)
   135,543,256,995      unc_c_clockticks_6                                            (36.31%)
   135,528,540,486      unc_c_clockticks_7                                            (36.29%)
            13,905      unc_c_fast_asserted_0                                         (36.35%)
            22,293      unc_c_fast_asserted_1                                         (36.35%)
             4,613      unc_c_fast_asserted_2                                         (36.35%)
             5,324      unc_c_fast_asserted_3                                         (36.37%)
            17,888      unc_c_fast_asserted_4                                         (36.31%)
            15,062      unc_c_fast_asserted_5                                         (36.31%)
           682,349      unc_c_fast_asserted_6                                         (36.31%)
           495,879      unc_c_fast_asserted_7                                         (36.31%)
                 0      unc_c_llc_lookup_data_read_0                                     (36.36%)
                 0      unc_c_llc_lookup_data_read_1                                     (36.35%)
                 0      unc_c_llc_lookup_data_read_2                                     (36.33%)
                 0      unc_c_llc_lookup_data_read_3                                     (36.37%)
                 0      unc_c_llc_lookup_data_read_4                                     (36.23%)
                 0      unc_c_llc_lookup_data_read_5                                     (36.22%)
                 0      unc_c_llc_lookup_data_read_6                                     (36.20%)
                 0      unc_c_llc_lookup_data_read_7                                     (36.18%)
                 0      unc_c_llc_lookup_remote_snoop_0                                     (36.35%)
                 0      unc_c_llc_lookup_remote_snoop_1                                     (36.31%)
                 0      unc_c_llc_lookup_remote_snoop_2                                     (36.27%)
                 0      unc_c_llc_lookup_remote_snoop_3                                     (36.37%)
                 0      unc_c_llc_lookup_remote_snoop_4                                     (36.26%)
                 0      unc_c_llc_lookup_remote_snoop_5                                     (36.23%)
                 0      unc_c_llc_lookup_remote_snoop_6                                     (36.19%)
                 0      unc_c_llc_lookup_remote_snoop_7                                     (36.15%)
        13,191,390      unc_c_llc_victims_e_state_0                                     (36.33%)
        13,004,382      unc_c_llc_victims_e_state_1                                     (36.31%)
        12,994,990      unc_c_llc_victims_e_state_2                                     (36.28%)
        11,529,473      unc_c_llc_victims_e_state_3                                     (36.36%)
        13,068,652      unc_c_llc_victims_e_state_4                                     (36.33%)
        13,109,040      unc_c_llc_victims_e_state_5                                     (36.31%)
        13,238,541      unc_c_llc_victims_e_state_6                                     (36.29%)
        13,209,830      unc_c_llc_victims_e_state_7                                     (36.27%)
                39      unc_c_llc_victims_f_state_0                                     (36.34%)
                28      unc_c_llc_victims_f_state_1                                     (36.34%)
                19      unc_c_llc_victims_f_state_2                                     (36.34%)
               203      unc_c_llc_victims_f_state_3                                     (36.37%)
                38      unc_c_llc_victims_f_state_4                                     (36.47%)
                11      unc_c_llc_victims_f_state_5                                     (36.47%)
                19      unc_c_llc_victims_f_state_6                                     (36.46%)
                22      unc_c_llc_victims_f_state_7                                     (36.46%)
        55,864,092      unc_c_llc_victims_m_state_0                                     (36.36%)
        55,757,686      unc_c_llc_victims_m_state_1                                     (36.40%)
        55,717,540      unc_c_llc_victims_m_state_2                                     (36.43%)
        54,269,786      unc_c_llc_victims_m_state_3                                     (36.36%)
        55,672,698      unc_c_llc_victims_m_state_4                                     (36.57%)
        55,722,391      unc_c_llc_victims_m_state_5                                     (36.61%)
        55,877,849      unc_c_llc_victims_m_state_6                                     (36.65%)
        55,872,021      unc_c_llc_victims_m_state_7                                     (36.68%)
           229,435      unc_c_llc_victims_s_state_0                                     (36.40%)
           230,707      unc_c_llc_victims_s_state_1                                     (36.46%)
           238,862      unc_c_llc_victims_s_state_2                                     (36.52%)
           226,232      unc_c_llc_victims_s_state_3                                     (36.36%)
           226,429      unc_c_llc_victims_s_state_4                                     (36.49%)
           238,506      unc_c_llc_victims_s_state_5                                     (36.55%)
           248,890      unc_c_llc_victims_s_state_6                                     (36.60%)
           220,492      unc_c_llc_victims_s_state_7                                     (36.66%)
                 0      unc_c_tor_inserts_irq_0                                       (36.42%)
                 0      unc_c_tor_inserts_irq_1                                       (36.45%)
                 0      unc_c_tor_inserts_irq_2                                       (36.47%)
                 0      unc_c_tor_inserts_irq_3                                       (36.37%)
                 3      unc_c_tor_inserts_irq_4                                       (36.40%)
                 0      unc_c_tor_inserts_irq_5                                       (36.42%)
                 0      unc_c_tor_inserts_irq_6                                       (36.44%)
                 0      unc_c_tor_inserts_irq_7                                       (36.46%)
                 0      unc_c_tor_inserts_irq_hit_0                                     (36.39%)
                 0      unc_c_tor_inserts_irq_hit_1                                     (36.39%)
                 0      unc_c_tor_inserts_irq_hit_2                                     (36.39%)
                 0      unc_c_tor_inserts_irq_hit_3                                     (36.36%)
                 0      unc_c_tor_inserts_irq_hit_4                                     (36.31%)
                 0      unc_c_tor_inserts_irq_hit_5                                     (36.31%)
                 0      unc_c_tor_inserts_irq_hit_6                                     (36.32%)
                 0      unc_c_tor_inserts_irq_hit_7                                     (36.32%)
                 0      unc_c_tor_inserts_irq_miss_0                                     (36.37%)
                 0      unc_c_tor_inserts_irq_miss_1                                     (36.35%)
                 0      unc_c_tor_inserts_irq_miss_2                                     (36.33%)
                 0      unc_c_tor_inserts_irq_miss_3                                     (36.36%)
                 0      unc_c_tor_inserts_irq_miss_4                                     (36.29%)
                 0      unc_c_tor_inserts_irq_miss_5                                     (36.27%)
                 0      unc_c_tor_inserts_irq_miss_6                                     (36.25%)
                 0      unc_c_tor_inserts_irq_miss_7                                     (36.23%)

      69.828170654 seconds time elapsed

