# started on Mon Feb  5 09:16:15 2024


 Performance counter stats for 'system wide':

        37,021,271      r1000114                                                      (10.53%)
         6,662,150      r1e6                                                          (10.53%)
    26,629,607,368      rc4                                                           (10.53%)
   <not supported>      r4c4:p                                                      
    26,112,252,565      r1c4                                                          (10.53%)
         1,274,479      r40c4                                                         (10.53%)
       217,220,137      r2c4                                                          (10.53%)
       218,541,311      r8c4                                                          (10.53%)
    26,250,041,842      r20c4                                                         (10.53%)
       347,748,980      r10c4                                                         (10.53%)
        12,865,850      rc5                                                           (10.53%)
   <not supported>      r4c5:p                                                      
         3,101,858      r1c5                                                          (10.53%)
            13,509      r2c5                                                          (10.53%)
        11,934,154      r20c5                                                         (10.53%)
     1,854,607,634      r23c                                                          (10.53%)
     1,856,015,485      r13c                                                          (10.53%)
     1,856,683,637      r20013c                                                       (10.53%)
     1,858,554,788      r23c                                                          (10.53%)
   156,095,161,314      r300                                                          (11.84%)
     1,860,282,104      r13c                                                          (11.84%)
     1,862,099,118      r20013c                                                       (11.84%)
           497,934      r104003c                                                      (11.84%)
   169,419,770,422      r3c                                                           (13.16%)
   169,432,175,781      r20003c                                                       (13.16%)
   169,491,580,244      r3c                                                           (13.16%)
   169,534,165,237      r20003c                                                       (13.16%)
   108,054,410,940      r80008a3                                                      (13.16%)
    60,489,313,790      r10001a3                                                      (13.16%)
   122,931,206,394      r100010a3                                                     (11.84%)
    64,310,203,639      rc000ca3                                                      (11.84%)
    43,195,150,118      r50005a3                                                      (11.84%)
    67,005,338,210      r140014a3                                                     (11.84%)
    97,594,424,366      r40004a3                                                      (11.84%)
    16,360,848,498      r2a6                                                          (11.84%)
    13,637,465,686      r4a6                                                          (10.53%)
    19,211,287,111      r8a6                                                          (10.53%)
    14,212,235,915      r10a6                                                         (10.53%)
    34,711,466,936      r40a6                                                         (10.53%)
     1,720,374,894      r1a6                                                          (10.53%)
           491,304      r187                                                          (10.53%)
   180,782,003,451      rc0                                                           (11.84%)
   180,799,310,458      rc0                                                           (11.84%)
   <not supported>      r1c0:p                                                      
   <not supported>      ra8001c0:p                                                  
       298,185,924      r800d                                                         (11.84%)
       176,419,588      r10d                                                          (11.84%)
       176,458,302      r20010d                                                       (11.84%)
               464      r803                                                          (11.84%)
         7,741,282      r203                                                          (11.84%)
        93,511,461      r107                                                          (11.84%)
               228      r14c                                                          (11.84%)
                 0      r40001a8                                                      (11.84%)
                 0      r10001a8                                                      (10.53%)
                 0      r1a8                                                          (10.53%)
         2,967,065      r10401c3                                                      (10.53%)
           923,561      r4c3                                                          (10.53%)
            51,624      r3fc1                                                         (10.53%)
   115,866,146,825      r1a2                                                          (10.53%)
    37,678,153,692      r8a2                                                          (10.53%)
                 0      r20cc                                                         (10.53%)
    25,502,209,013      r15e                                                          (10.53%)
     1,502,277,370      r184015e                                                      (10.53%)
    25,303,581,341      r1a1                                                          (10.53%)
    28,895,433,667      r2a1                                                          (10.53%)
    31,668,495,485      r4a1                                                          (10.53%)
    31,848,375,204      r8a1                                                          (10.53%)
    40,047,590,682      r10a1                                                         (10.53%)
    28,461,958,647      r20a1                                                         (10.53%)
    35,022,042,849      r40a1                                                         (10.53%)
     1,775,512,094      r80a1                                                         (10.53%)
   201,934,407,789      r2b1                                                          (10.53%)
    71,739,782,598      r10002b1                                                      (10.53%)
    55,473,710,499      r20002b1                                                      (10.53%)
    41,798,564,750      r30002b1                                                      (10.53%)
    22,591,474,647      r40002b1                                                      (10.53%)
    97,321,773,855      r18002b1                                                      (10.53%)
    71,776,154,406      r10001b1                                                      (10.53%)
    55,407,190,196      r20001b1                                                      (10.53%)
    41,873,568,436      r30001b1                                                      (10.53%)

      70.075718894 seconds time elapsed

