# started on Mon Feb  5 06:47:30 2024


 Performance counter stats for 'system wide':

    78,494,234,396      r20002a3                                                      (11.11%)
    56,465,307,716      r60006a3                                                      (11.11%)
                 0      r4c8                                                          (11.11%)
                 0      r80c8                                                         (11.11%)
                 0      r8c8                                                          (11.11%)
                 0      r40c8                                                         (11.11%)
                 0      r10c8                                                         (11.11%)
                 0      r20c8                                                         (11.11%)
                 0      r2c8                                                          (11.11%)
                 0      r1c8                                                          (11.11%)
           692,157      r2c3                                                          (11.11%)
   <not supported>      r1cd:p                                                      
   <not supported>      r1cd:p                                                      
   <not supported>      r1cd:p                                                      
   <not supported>      r1cd:p                                                      
   <not supported>      r1cd:p                                                      
   <not supported>      r1cd:p                                                      
   <not supported>      r1cd:p                                                      
   <not supported>      r1cd:p                                                      
       141,477,544      r10b0                                                         (11.11%)
    19,546,453,333      r1001060                                                      (11.11%)
    35,304,094,390      r1060                                                         (11.11%)
       139,377,659      r6001060                                                      (11.11%)
                 0      r1b7                                                          (11.11%)
                 0      r1b7                                                          (11.11%)
                 0      r1b7                                                          (11.11%)
                 0      r1b7                                                          (11.11%)
                 0      r1b7                                                          (11.11%)
                 0      r1b7                                                          (11.11%)
                 0      r1b7                                                          (11.11%)
                 0      r1b7                                                          (11.11%)
                 0      r1b7                                                          (11.11%)
                 0      r1b7                                                          (11.11%)
                 0      r1b7                                                          (11.11%)
                 0      r1b7                                                          (11.11%)
                 0      r1b7                                                          (11.11%)
                 0      r1b7                                                          (11.11%)
                 0      r1b7                                                          (11.11%)
                 0      r1b7                                                          (11.11%)
                 0      r1b7                                                          (11.11%)
                 0      r1b7                                                          (11.11%)
                 0      r1b7                                                          (11.11%)
                 0      r1b7                                                          (11.11%)
                 0      r1b7                                                          (11.11%)
                 0      r1b7                                                          (11.11%)
                 0      r1b7                                                          (11.11%)
                 0      r1b7                                                          (11.11%)
                 0      r1b7                                                          (11.11%)
                 0      r1b7                                                          (11.11%)
                 0      r1b7                                                          (11.11%)
                 0      r1b7                                                          (11.11%)
                 0      r1b7                                                          (11.11%)
                 0      r1b7                                                          (11.11%)
                 0      r1b7                                                          (11.11%)
                 0      r1b7                                                          (11.11%)
                 0      r1b7                                                          (11.11%)
                 0      r1b7                                                          (11.11%)
                 0      r1b7                                                          (11.11%)
                 0      r1b7                                                          (11.11%)
                 0      r1b7                                                          (11.11%)
                 0      r1b7                                                          (11.11%)
                 0      r1b7                                                          (11.11%)
                 0      r1b7                                                          (11.11%)
                 0      r1b7                                                          (11.11%)
                 0      r1b7                                                          (11.11%)
           523,165      offcore_response.other.l3_miss.any_snoop                                     (11.11%)
                 0      offcore_response.other.l3_miss.remote_hit_forward                                     (2.78%)
                 0      offcore_response.other.l3_miss.remote_hitm                                     (2.78%)
                 0      offcore_response.other.l3_miss.snoop_miss_or_no_fwd                                     (2.78%)
                 0      offcore_response.other.l3_miss_local_dram.snoop_miss_or_no_fwd                                     (2.78%)
                 0      offcore_response.other.l3_miss_remote_dram.snoop_miss_or_no_fwd                                     (2.78%)
                 0      r1b7                                                          (2.78%)
                 0      r1b7                                                          (4.17%)
                 0      r1b7                                                          (5.56%)
                 0      r1b7                                                          (6.95%)
                 0      r1b7                                                          (8.34%)
                 0      r1b7                                                          (9.72%)
                 0      r1b7                                                          (11.11%)
                 0      r1b7                                                          (11.11%)
                 0      r1b7                                                          (11.11%)

      69.841301562 seconds time elapsed

