# started on Tue Feb  6 05:58:37 2024


 Performance counter stats for 'system wide':

                 0      r8c7                                                          (11.69%)
                 0      r10c7                                                         (11.69%)
                 0      r20c7                                                         (10.39%)
                 0      r18c7                                                         (10.39%)
                 0      r40c7                                                         (10.39%)
                 0      r80c7                                                         (10.40%)
                 0      r18c7                                                         (10.40%)
    27,757,839,343      r3c7                                                          (10.40%)
    27,766,669,079      r1c7                                                          (10.40%)
                 0      r2c7                                                          (10.40%)
                 0      rfcc7                                                         (10.40%)
                 0      r1001eca                                                      (10.40%)
                 0      r1c6                                                          (10.40%)
                 0      r1c6                                                          (10.40%)
                 0      r1c6                                                          (10.40%)
                 0      r1c6                                                          (10.40%)
                 0      r1c6                                                          (5.20%)
   <not supported>      r1c6:p                                                      
                 0      r1c6                                                          (5.20%)
                 0      r1c6                                                          (5.20%)
                 0      r1c6                                                          (5.20%)
                 0      r1c6                                                          (5.19%)
                 0      r1c6                                                          (5.19%)
                 0      r1c6                                                          (5.19%)
                 0      r1c6                                                          (5.19%)
                 0      r1c6                                                          (5.19%)
                 0      r1c6                                                          (5.19%)
                 0      r1c6                                                          (5.19%)
                 0      r1c6                                                          (5.19%)
                 0      r1c6                                                          (5.19%)
                 0      r1c6                                                          (5.19%)
                 0      r4c8                                                          (6.49%)
                 0      r80c8                                                         (7.79%)
                 0      r8c8                                                          (9.09%)
                 0      r40c8                                                         (10.39%)
                 0      r10c8                                                         (10.39%)
                 0      r20c8                                                         (10.39%)
                 0      r2c8                                                          (10.39%)
                 0      r1c8                                                          (10.39%)
           565,186      r1cb                                                          (10.39%)
       349,807,471      r480                                                          (10.39%)
    40,898,507,074      r183                                                          (10.39%)
       130,620,148      r283                                                          (10.39%)
        83,230,369      r483                                                          (10.39%)
        82,445,425      r483                                                          (10.39%)
     7,868,147,946      r4fe                                                          (10.39%)
       214,139,154      r2fe                                                          (10.39%)
    27,144,874,186      r4001879                                                      (10.39%)
    54,268,988,585      r1001879                                                      (10.39%)
       566,960,921      r4002479                                                      (10.39%)
     1,643,402,569      r1002479                                                      (10.39%)
    53,964,165,070      r1000879                                                      (10.39%)
    54,250,928,834      r1001879                                                      (10.39%)
    27,141,773,337      r4001879                                                      (10.39%)
   164,531,899,437      r879                                                          (10.39%)
     1,051,257,576      r1000479                                                      (10.39%)
     2,831,062,346      r479                                                          (10.39%)
       906,277,898      r1003079                                                      (10.39%)
       293,170,510      r1001079                                                      (10.39%)
     1,581,043,558      r2079                                                         (10.39%)
       273,020,348      r1043079                                                      (10.39%)
     2,555,438,167      r3079                                                         (10.39%)
    20,911,868,608      r19c                                                          (10.39%)
     1,009,472,379      r400019c                                                      (10.39%)
   160,825,292,230      r180019c                                                      (10.39%)
     5,011,944,008      r300019c                                                      (10.39%)
     7,291,717,649      r200019c                                                      (10.39%)
     7,585,738,921      r100019c                                                      (10.39%)
           797,728      r187                                                          (10.39%)
     2,738,254,598      r155                                                          (10.39%)
   193,345,466,551      rc0                                                           (11.69%)
   193,434,646,134      rc0                                                           (11.69%)
       176,454,856      r2c0                                                          (11.69%)
   <not supported>      r1c0:p                                                      
   <not supported>      ra8001c0:p                                                  
       236,971,757      r800d                                                         (11.69%)
        31,615,502      r104010d                                                      (11.69%)
       182,258,501      r10d                                                          (11.69%)
       180,505,993      r20010d                                                       (11.69%)
           510,210      r1ae                                                          (11.69%)

      69.860717170 seconds time elapsed

