# started on Tue Feb  6 07:09:28 2024


 Performance counter stats for 'system wide':

         2,383,473      r109                                                          (10.00%)
     4,912,570,654      r8b0                                                          (10.00%)
    16,928,826,119      r80b0                                                         (10.00%)
        27,811,537      r2b0                                                          (10.01%)
       877,568,608      r1b0                                                          (10.01%)
     1,693,729,955      r4b0                                                          (10.01%)
       127,255,471      r10b0                                                         (10.01%)
    77,406,497,008      r1b2                                                          (10.01%)
 1,262,102,956,267      r860                                                          (10.01%)
   143,864,566,037      r1000860                                                      (10.00%)
       583,203,272      r1000260                                                      (10.00%)
    71,681,118,474      r1000160                                                      (10.00%)
    94,587,817,623      r1000460                                                      (10.00%)
    20,508,058,568      r1001060                                                      (10.00%)
     2,085,414,372      r260                                                          (10.00%)
   135,782,485,242      r160                                                          (10.00%)
       119,043,400      r6000160                                                      (10.00%)
   400,056,552,013      r460                                                          (10.00%)
    32,495,770,772      r1060                                                         (10.00%)
        18,490,384      r6001060                                                      (10.00%)
                 0      r1b7                                                          (10.00%)
                 0      r1b7                                                          (10.00%)
                 0      r1b7                                                          (10.00%)
                 0      r1b7                                                          (10.00%)
                 0      r1b7                                                          (10.00%)
                 0      r1b7                                                          (10.00%)
                 0      r1b7                                                          (10.00%)
                 0      r1b7                                                          (10.00%)
                 0      r1b7                                                          (10.00%)
                 0      r1b7                                                          (10.00%)
                 0      r1b7                                                          (10.00%)
                 0      r1b7                                                          (10.00%)
                 0      r1b7                                                          (10.00%)
                 0      r1b7                                                          (10.00%)
                 0      r1b7                                                          (10.00%)
                 0      r1b7                                                          (10.00%)
                 0      r1b7                                                          (10.00%)
                 0      r1b7                                                          (10.00%)
                 0      r1b7                                                          (10.00%)
                 0      r1b7                                                          (10.00%)
                 0      r1b7                                                          (10.00%)
                 0      r1b7                                                          (10.00%)
                 0      r1b7                                                          (10.00%)
                 0      r1b7                                                          (10.00%)
                 0      r1b7                                                          (10.00%)
                 0      r1b7                                                          (10.00%)
                 0      r1b7                                                          (10.00%)
                 0      r1b7                                                          (10.00%)
                 0      r1b7                                                          (10.00%)
                 0      r1b7                                                          (10.00%)
                 0      r1b7                                                          (10.00%)
                 0      r1b7                                                          (10.00%)
                 0      r1b7                                                          (10.00%)
                 0      r1b7                                                          (10.00%)
                 0      r1b7                                                          (10.00%)
                 0      r1b7                                                          (10.00%)
                 0      r1b7                                                          (10.00%)
                 0      r1b7                                                          (10.00%)
                 0      r1b7                                                          (10.00%)
                 0      r1b7                                                          (10.00%)
                 0      r1b7                                                          (10.00%)
                 0      r1b7                                                          (10.00%)
                 0      r1b7                                                          (10.00%)
                 0      r1b7                                                          (10.00%)
                 0      r1b7                                                          (10.00%)
                 0      r1b7                                                          (10.00%)
                 0      r1b7                                                          (10.00%)
                 0      r1b7                                                          (10.00%)
                 0      r1b7                                                          (10.00%)
                 0      r1b7                                                          (10.00%)
                 0      r1b7                                                          (10.00%)
                 0      r1b7                                                          (10.00%)
                 0      r1b7                                                          (10.00%)
                 0      r1b7                                                          (10.00%)
                 0      r1b7                                                          (10.00%)
                 0      r1b7                                                          (10.00%)
                 0      r1b7                                                          (10.00%)
                 0      r1b7                                                          (10.00%)
                 0      r1b7                                                          (10.00%)
                 0      r1b7                                                          (10.00%)

      69.848761374 seconds time elapsed

