# started on Mon Feb  5 08:17:14 2024


 Performance counter stats for 'system wide':

   168,912,012,609      r728                                                          (44.44%)
                 0      r1828                                                         (44.44%)
                 0      r2028                                                         (44.44%)
           261,156      r4028                                                         (44.44%)
         1,026,867      r20ef                                                         (44.44%)
         7,249,161      r10ef                                                         (44.45%)
        10,907,050      r2ef                                                          (44.45%)
        68,474,662      r1ef                                                          (44.45%)
         2,120,163      r40ef                                                         (44.45%)
         2,403,739      r8ef                                                          (44.45%)
             5,386      r4ef                                                          (44.45%)
           565,500      r1cb                                                          (44.45%)
     8,060,035,384      r4fe                                                          (44.45%)
       225,098,403      r2fe                                                          (44.45%)
                13      r132                                                          (44.44%)
            53,200      r832                                                          (44.44%)
           661,748      r232                                                          (44.44%)
                 0      r432                                                          (44.44%)

      69.815797805 seconds time elapsed

