# started on Tue Feb  6 06:09:15 2024


 Performance counter stats for 'system wide':

                 0      r8c7                                                          (11.69%)
                 0      r10c7                                                         (11.69%)
                 0      r20c7                                                         (10.39%)
                 0      r18c7                                                         (10.39%)
                 0      r40c7                                                         (10.39%)
                 0      r80c7                                                         (10.40%)
                 0      r18c7                                                         (10.40%)
    27,865,479,357      r3c7                                                          (10.40%)
    27,863,028,621      r1c7                                                          (10.40%)
                 0      r2c7                                                          (10.40%)
                 0      rfcc7                                                         (10.40%)
                 0      r1001eca                                                      (10.40%)
                 0      r1c6                                                          (10.40%)
                 0      r1c6                                                          (10.40%)
                 0      r1c6                                                          (10.40%)
                 0      r1c6                                                          (10.40%)
                 0      r1c6                                                          (5.20%)
   <not supported>      r1c6:p                                                      
                 0      r1c6                                                          (5.20%)
                 0      r1c6                                                          (5.20%)
                 0      r1c6                                                          (5.20%)
                 0      r1c6                                                          (5.20%)
                 0      r1c6                                                          (5.20%)
                 0      r1c6                                                          (5.19%)
                 0      r1c6                                                          (5.19%)
                 0      r1c6                                                          (5.19%)
                 0      r1c6                                                          (5.19%)
                 0      r1c6                                                          (5.19%)
                 0      r1c6                                                          (5.19%)
                 0      r1c6                                                          (5.19%)
                 0      r1c6                                                          (5.19%)
                 0      r4c8                                                          (6.49%)
                 0      r80c8                                                         (7.79%)
                 0      r8c8                                                          (9.09%)
                 0      r40c8                                                         (10.39%)
                 0      r10c8                                                         (10.39%)
                 0      r20c8                                                         (10.39%)
                 0      r2c8                                                          (10.39%)
                 0      r1c8                                                          (10.39%)
           565,946      r1cb                                                          (10.39%)
       366,421,175      r480                                                          (10.39%)
    41,713,133,250      r183                                                          (10.39%)
       129,733,377      r283                                                          (10.39%)
        87,387,493      r483                                                          (10.39%)
        86,250,393      r483                                                          (10.39%)
     7,904,153,222      r4fe                                                          (10.39%)
       266,597,638      r2fe                                                          (10.39%)
    27,703,787,238      r4001879                                                      (10.39%)
    55,343,415,075      r1001879                                                      (10.39%)
       580,897,315      r4002479                                                      (10.39%)
     1,684,472,110      r1002479                                                      (10.39%)
    54,944,957,240      r1000879                                                      (10.39%)
    55,331,681,028      r1001879                                                      (10.39%)
    27,701,062,007      r4001879                                                      (10.39%)
   167,491,882,766      r879                                                          (10.39%)
     1,078,194,572      r1000479                                                      (10.39%)
     2,905,834,015      r479                                                          (10.39%)
     1,005,086,228      r1003079                                                      (10.39%)
       391,448,569      r1001079                                                      (10.39%)
     1,572,092,968      r2079                                                         (10.39%)
       306,771,433      r1043079                                                      (10.39%)
     2,854,779,602      r3079                                                         (10.39%)
    28,710,279,200      r19c                                                          (10.39%)
       970,527,018      r400019c                                                      (10.39%)
   156,404,338,523      r180019c                                                      (10.39%)
     4,893,272,175      r300019c                                                      (10.39%)
    10,634,904,681      r200019c                                                      (10.39%)
    12,187,213,791      r100019c                                                      (10.39%)
           584,399      r187                                                          (10.39%)
     2,639,748,643      r155                                                          (10.39%)
   196,594,716,977      rc0                                                           (11.69%)
   196,629,243,825      rc0                                                           (11.69%)
       175,717,401      r2c0                                                          (11.69%)
   <not supported>      r1c0:p                                                      
   <not supported>      ra8001c0:p                                                  
       228,380,731      r800d                                                         (11.69%)
        29,199,593      r104010d                                                      (11.69%)
       167,919,689      r10d                                                          (11.69%)
       168,818,942      r20010d                                                       (11.69%)
           505,824      r1ae                                                          (11.69%)

      69.862312182 seconds time elapsed

