# started on Mon Feb  5 04:09:16 2024


 Performance counter stats for 'system wide':

     8,810,147,113      r151                                                          (10.00%)
    16,698,404,097      r248                                                          (10.00%)
   383,895,544,148      r148                                                          (10.00%)
   130,582,981,602      r1000148                                                      (10.00%)
   130,689,403,862      r1200148                                                      (10.00%)
     8,778,036,293      r1ff1                                                         (10.00%)
     8,063,688,611      r2f2                                                          (10.00%)
       102,337,285      r1f2                                                          (10.00%)
         7,439,198      r4f2                                                          (10.00%)
         7,438,414      r4f2                                                          (10.00%)
       136,433,628      re424                                                         (10.00%)
     1,338,940,666      re124                                                         (10.00%)
     1,319,721,416      r2724                                                         (10.00%)
     3,978,436,306      re724                                                         (10.00%)
     9,835,559,960      rf824                                                         (10.00%)
     2,506,082,095      re224                                                         (10.00%)
       104,110,797      rc424                                                         (10.00%)
        28,815,423      r2424                                                         (10.00%)
     1,240,214,300      rc124                                                         (10.00%)
        99,663,711      r2124                                                         (10.00%)
     8,776,015,674      r3f24                                                         (10.00%)
     2,397,911,049      rd824                                                         (10.00%)
     7,449,722,931      r3824                                                         (10.00%)
    13,837,595,285      rff24                                                         (10.00%)
     1,312,433,721      rc224                                                         (10.00%)
     1,199,888,085      r2224                                                         (10.00%)
     8,058,088,251      r40f0                                                         (10.00%)
     7,635,811,681      r412e                                                         (10.00%)
     8,162,475,965      r4f2e                                                         (10.00%)
    43,608,645,662      r81d0                                                         (10.00%)
    31,251,847,185      r82d0                                                         (10.00%)
        17,535,115      r21d0                                                         (10.00%)
           206,802      r41d0                                                         (10.00%)
           381,936      r42d0                                                         (5.00%)
           187,667      r11d0                                                         (5.00%)
           161,122      r12d0                                                         (5.00%)
            39,401      r2d2                                                          (5.00%)
         1,633,041      r4d2                                                          (5.00%)
             2,459      r1d2                                                          (5.00%)
        11,307,750      r8d2                                                          (5.00%)
       486,811,418      r1d3                                                          (6.25%)
                 0      r2d3                                                          (7.50%)
                 0      r8d3                                                          (8.75%)
                 0      r4d3                                                          (10.01%)
                 0      r4d4                                                          (10.01%)
    21,939,700,743      r40d1                                                         (10.01%)
    19,594,482,750      r1d1                                                          (10.01%)
     2,038,720,065      r8d1                                                          (10.01%)
     1,417,299,164      r2d1                                                          (10.01%)
       620,700,051      r10d1                                                         (5.00%)
        10,869,920      r4d1                                                          (5.00%)
       607,027,142      r20d1                                                         (5.00%)
     4,500,875,049      r8b0                                                          (6.25%)
    17,657,884,582      r80b0                                                         (7.50%)
        31,572,609      r2b0                                                          (8.75%)
       815,603,237      r1b0                                                          (10.00%)
     2,951,527,239      r4b0                                                          (10.00%)
    78,032,074,170      r1b2                                                          (10.00%)
 1,121,360,141,396      r860                                                          (10.00%)
   133,047,284,618      r1000860                                                      (10.00%)
       760,420,473      r1000260                                                      (9.99%)
    67,403,153,163      r1000160                                                      (9.99%)
   135,487,411,636      r1000460                                                      (9.99%)
     2,684,154,895      r260                                                          (9.99%)
   126,746,373,305      r160                                                          (9.99%)
       431,375,610      r6000160                                                      (9.99%)
   657,915,770,636      r460                                                          (9.99%)
                 0      r1b7                                                          (9.99%)
                 0      r1b7                                                          (9.99%)
                 0      r1b7                                                          (9.99%)
                 0      r1b7                                                          (9.99%)
                 0      r1b7                                                          (9.99%)
                 0      r1b7                                                          (9.99%)
                 0      r1b7                                                          (9.99%)
                 0      r1b7                                                          (9.99%)
                 0      r1b7                                                          (9.99%)
                 0      r1b7                                                          (9.99%)
                 0      r1b7                                                          (9.99%)
                 0      r1b7                                                          (9.99%)
                 0      r1b7                                                          (9.99%)

      69.975836293 seconds time elapsed

