# started on Tue Feb  6 07:02:24 2024


 Performance counter stats for 'system wide':

           514,237      r185                                                          (6.94%)
         3,973,145      r2085                                                         (8.33%)
        19,140,327      r1001085                                                      (9.72%)
           215,089      re85                                                          (11.11%)
                 0      r885                                                          (11.11%)
             7,417      r485                                                          (11.11%)
           135,444      r285                                                          (11.11%)
        13,685,968      r1085                                                         (11.11%)
     8,584,493,078      r151                                                          (11.11%)
    11,538,596,299      r248                                                          (11.11%)
   276,391,535,637      r148                                                          (11.11%)
   117,708,206,279      r1000148                                                      (11.11%)
   117,719,259,987      r1200148                                                      (11.11%)
     8,554,245,875      r1ff1                                                         (11.11%)
     8,148,823,955      r2f2                                                          (11.11%)
        97,925,744      r1f2                                                          (11.11%)
         7,619,555      r4f2                                                          (11.11%)
         7,524,320      r4f2                                                          (11.11%)
       125,947,488      re424                                                         (11.11%)
     1,854,580,996      re124                                                         (11.11%)
       781,082,790      r2724                                                         (11.11%)
     4,593,669,748      re724                                                         (11.11%)
    10,182,905,409      rf824                                                         (11.11%)
     2,612,621,223      re224                                                         (11.11%)
       102,305,775      rc424                                                         (11.11%)
        23,170,689      r2424                                                         (11.11%)
     1,740,320,528      rc124                                                         (11.11%)
       114,596,332      r2124                                                         (11.11%)
     8,552,393,716      r3f24                                                         (11.11%)
     2,405,700,084      rd824                                                         (11.11%)
     7,774,242,273      r3824                                                         (11.11%)
    14,771,959,584      rff24                                                         (11.11%)
     1,971,089,358      rc224                                                         (11.11%)
       637,520,267      r2224                                                         (11.11%)
     8,152,021,977      r40f0                                                         (11.11%)
             2,556      r803                                                          (11.11%)
         2,446,305      r203                                                          (11.11%)
       394,568,725      r107                                                          (11.11%)
             1,746      r14c                                                          (11.11%)
     7,951,359,323      r412e                                                         (11.11%)
     8,249,901,819      r4f2e                                                         (11.11%)
                 0      r40001a8                                                      (11.11%)
                 0      r10001a8                                                      (11.11%)
                 0      r40001a8                                                      (11.11%)
                 0      r1a8                                                          (11.11%)
         2,702,103      r10401c3                                                      (11.11%)
           499,945      r2c3                                                          (11.11%)
         1,034,586      r4c3                                                          (11.11%)
    45,244,588,465      r81d0                                                         (11.11%)
    29,089,445,027      r82d0                                                         (11.11%)
    74,325,610,812      r83d0                                                         (11.11%)
         9,493,040      r21d0                                                         (11.11%)
           158,825      r41d0                                                         (5.56%)
           544,897      r42d0                                                         (5.56%)
           232,981      r11d0                                                         (5.56%)
           147,797      r12d0                                                         (5.56%)
            42,835      r2d2                                                          (5.56%)
         1,342,071      r4d2                                                          (5.56%)
             2,844      r1d2                                                          (5.56%)
         9,667,596      r8d2                                                          (5.56%)
       399,947,685      r1d3                                                          (6.95%)
                 0      r2d3                                                          (8.33%)
                 0      r8d3                                                          (9.72%)
                 0      r4d3                                                          (11.11%)
                 0      r4d4                                                          (11.11%)
    21,827,120,126      r40d1                                                         (11.11%)
    21,867,591,606      r1d1                                                          (11.11%)
     1,641,804,069      r8d1                                                          (11.11%)
     1,129,608,815      r2d1                                                          (11.11%)
       512,089,241      r10d1                                                         (5.56%)
         9,852,565      r4d1                                                          (5.56%)
       499,109,492      r20d1                                                         (5.56%)
   <not supported>      r1cd:p                                                      
   <not supported>      r1cd:p                                                      
   <not supported>      r1cd:p                                                      
   <not supported>      r1cd:p                                                      
   <not supported>      r1cd:p                                                      
   <not supported>      r1cd:p                                                      
   <not supported>      r1cd:p                                                      
   <not supported>      r1cd:p                                                      

      69.915880300 seconds time elapsed

