# started on Tue Feb  6 06:02:10 2024


 Performance counter stats for 'system wide':

                 0      r8c7                                                          (11.69%)
                 0      r10c7                                                         (11.69%)
                 0      r20c7                                                         (10.39%)
                 0      r18c7                                                         (10.39%)
                 0      r40c7                                                         (10.40%)
                 0      r80c7                                                         (10.40%)
                 0      r18c7                                                         (10.40%)
    20,360,090,564      r3c7                                                          (10.40%)
    20,357,411,041      r1c7                                                          (10.40%)
                 0      r2c7                                                          (10.40%)
                 0      rfcc7                                                         (10.40%)
                 0      r1001eca                                                      (10.40%)
                 0      r1c6                                                          (10.39%)
                 0      r1c6                                                          (10.39%)
                 0      r1c6                                                          (10.39%)
                 0      r1c6                                                          (10.39%)
                 0      r1c6                                                          (5.19%)
   <not supported>      r1c6:p                                                      
                 0      r1c6                                                          (5.19%)
                 0      r1c6                                                          (5.19%)
                 0      r1c6                                                          (5.19%)
                 0      r1c6                                                          (5.19%)
                 0      r1c6                                                          (5.19%)
                 0      r1c6                                                          (5.19%)
                 0      r1c6                                                          (5.19%)
                 0      r1c6                                                          (5.19%)
                 0      r1c6                                                          (5.19%)
                 0      r1c6                                                          (5.19%)
                 0      r1c6                                                          (5.19%)
                 0      r1c6                                                          (5.19%)
                 0      r1c6                                                          (5.19%)
                 0      r4c8                                                          (6.49%)
                 0      r80c8                                                         (7.79%)
                 0      r8c8                                                          (9.09%)
                 0      r40c8                                                         (10.39%)
                 0      r10c8                                                         (10.39%)
                 0      r20c8                                                         (10.39%)
                 0      r2c8                                                          (10.39%)
                 0      r1c8                                                          (10.39%)
           568,635      r1cb                                                          (10.39%)
       561,515,211      r480                                                          (10.39%)
    51,763,913,222      r183                                                          (10.39%)
       141,588,547      r283                                                          (10.39%)
        91,600,283      r483                                                          (10.39%)
        89,933,300      r483                                                          (10.39%)
     6,461,596,811      r4fe                                                          (10.39%)
       945,607,042      r2fe                                                          (10.39%)
    23,726,652,976      r4001879                                                      (10.39%)
    43,495,618,333      r1001879                                                      (10.39%)
       625,284,080      r4002479                                                      (10.39%)
     1,805,281,240      r1002479                                                      (10.39%)
    42,061,701,937      r1000879                                                      (10.39%)
    43,541,832,865      r1001879                                                      (10.39%)
    23,779,116,937      r4001879                                                      (10.39%)
   161,162,910,600      r879                                                          (10.39%)
     1,165,677,089      r1000479                                                      (10.39%)
     3,115,972,772      r479                                                          (10.39%)
     2,122,962,556      r1003079                                                      (10.39%)
     1,468,053,222      r1001079                                                      (10.39%)
     1,686,241,240      r2079                                                         (10.39%)
       708,532,418      r1043079                                                      (10.39%)
     6,505,519,239      r3079                                                         (10.39%)
    22,154,564,220      r19c                                                          (10.39%)
     1,188,995,928      r400019c                                                      (10.39%)
   157,551,411,043      r180019c                                                      (10.39%)
     1,440,634,555      r300019c                                                      (10.39%)
     8,037,913,078      r200019c                                                      (10.39%)
    11,639,217,257      r100019c                                                      (10.39%)
           702,405      r187                                                          (10.39%)
     2,952,045,533      r155                                                          (10.39%)
   191,052,915,078      rc0                                                           (11.69%)
   190,987,227,811      rc0                                                           (11.69%)
       261,857,349      r2c0                                                          (11.69%)
   <not supported>      r1c0:p                                                      
   <not supported>      ra8001c0:p                                                  
       311,576,377      r800d                                                         (11.69%)
        31,166,715      r104010d                                                      (11.69%)
       178,622,431      r10d                                                          (11.69%)
       178,921,817      r20010d                                                       (11.69%)
           508,154      r1ae                                                          (11.69%)

      70.083520650 seconds time elapsed

