# started on Tue Feb  6 10:21:57 2024


 Performance counter stats for 'system wide':

                 4      unc_h_dir_update_ha_0                                         (23.54%)
                 0      unc_h_dir_update_ha_1                                         (23.54%)
                 0      unc_h_dir_update_ha_2                                         (23.54%)
                 0      unc_h_dir_update_ha_3                                         (23.54%)
                 0      unc_h_dir_update_ha_4                                         (23.54%)
                 0      unc_h_dir_update_ha_5                                         (23.54%)
                 0      unc_h_dir_update_ha_6                                         (23.54%)
             1,805      unc_h_dir_update_ha_7                                         (23.54%)
             1,801      unc_h_dir_update_tor_0                                        (23.54%)
                 0      unc_h_dir_update_tor_1                                        (23.54%)
                 0      unc_h_dir_update_tor_2                                        (23.54%)
             1,831      unc_h_dir_update_tor_3                                        (23.54%)
               862      unc_h_dir_update_tor_4                                        (23.54%)
                 0      unc_h_dir_update_tor_5                                        (23.54%)
             1,648      unc_h_dir_update_tor_6                                        (23.54%)
               799      unc_h_dir_update_tor_7                                        (23.54%)
                 0      unc_h_hitme_hit_ex_rds_0                                      (23.54%)
             2,171      unc_h_hitme_hit_ex_rds_1                                      (23.54%)
               514      unc_h_hitme_hit_ex_rds_2                                      (23.54%)
                 0      unc_h_hitme_hit_ex_rds_3                                      (23.54%)
                 0      unc_h_hitme_hit_ex_rds_4                                      (23.54%)
             1,806      unc_h_hitme_hit_ex_rds_5                                      (23.54%)
               769      unc_h_hitme_hit_ex_rds_6                                      (23.54%)
                 0      unc_h_hitme_hit_ex_rds_7                                      (23.59%)
               523      unc_h_misc_rfo_hit_s_0                                        (23.54%)
               530      unc_h_misc_rfo_hit_s_1                                        (23.59%)
                34      unc_h_misc_rfo_hit_s_2                                        (23.59%)
               595      unc_h_misc_rfo_hit_s_3                                        (23.54%)
                72      unc_h_misc_rfo_hit_s_4                                        (23.73%)
               467      unc_h_misc_rfo_hit_s_5                                        (23.78%)
                59      unc_h_misc_rfo_hit_s_6                                        (23.83%)
             1,926      unc_h_misc_rfo_hit_s_7                                        (23.68%)
        38,730,807      unc_h_requests_invitoe_local_0                                     (23.56%)
        37,606,649      unc_h_requests_invitoe_local_1                                     (23.60%)
        37,572,914      unc_h_requests_invitoe_local_2                                     (23.63%)
        37,299,711      unc_h_requests_invitoe_local_3                                     (23.54%)
        38,763,582      unc_h_requests_invitoe_local_4                                     (23.60%)
        38,768,883      unc_h_requests_invitoe_local_5                                     (23.62%)
        38,783,338      unc_h_requests_invitoe_local_6                                     (23.64%)
        38,721,371      unc_h_requests_invitoe_local_7                                     (23.25%)
             8,499      unc_h_requests_invitoe_remote_0                                     (23.49%)
                17      unc_h_requests_invitoe_remote_1                                     (23.49%)
                 0      unc_h_requests_invitoe_remote_2                                     (23.49%)
             8,992      unc_h_requests_invitoe_remote_3                                     (23.53%)
            10,746      unc_h_requests_invitoe_remote_4                                     (23.41%)
             9,260      unc_h_requests_invitoe_remote_5                                     (23.37%)
                 0      unc_h_requests_invitoe_remote_6                                     (23.24%)
            14,943      unc_h_requests_invitoe_remote_7                                     (23.40%)
       937,155,853      unc_h_requests_reads_0                                        (23.51%)
       936,269,094      unc_h_requests_reads_1                                        (23.51%)
       933,249,392      unc_h_requests_reads_2                                        (23.44%)
       938,207,561      unc_h_requests_reads_3                                        (23.53%)
       938,284,525      unc_h_requests_reads_4                                        (23.52%)
       938,384,473      unc_h_requests_reads_5                                        (23.52%)
       937,599,422      unc_h_requests_reads_6                                        (23.52%)
       938,366,466      unc_h_requests_reads_7                                        (23.53%)
       938,752,531      unc_h_requests_reads_local_0                                     (23.53%)
       938,990,977      unc_h_requests_reads_local_1                                     (23.53%)
       939,094,497      unc_h_requests_reads_local_2                                     (23.53%)
       938,996,004      unc_h_requests_reads_local_3                                     (23.53%)
       938,936,549      unc_h_requests_reads_local_4                                     (23.53%)
       938,684,838      unc_h_requests_reads_local_5                                     (23.53%)
       938,770,332      unc_h_requests_reads_local_6                                     (23.53%)
       938,572,841      unc_h_requests_reads_local_7                                     (23.53%)
       422,569,723      unc_h_requests_writes_0                                       (23.53%)
       421,538,556      unc_h_requests_writes_1                                       (23.53%)
       421,585,886      unc_h_requests_writes_2                                       (23.53%)
       421,425,544      unc_h_requests_writes_3                                       (23.53%)
       421,467,078      unc_h_requests_writes_4                                       (23.53%)
       422,842,155      unc_h_requests_writes_5                                       (23.53%)
       422,822,516      unc_h_requests_writes_6                                       (23.53%)
       422,818,314      unc_h_requests_writes_7                                       (23.53%)
       421,746,427      unc_h_requests_writes_local_0                                     (23.53%)
       421,673,263      unc_h_requests_writes_local_1                                     (23.53%)
       421,766,333      unc_h_requests_writes_local_2                                     (23.53%)
       422,328,410      unc_h_requests_writes_local_3                                     (23.53%)
       422,239,827      unc_h_requests_writes_local_4                                     (23.58%)
       422,200,453      unc_h_requests_writes_local_5                                     (23.58%)
       422,195,035      unc_h_requests_writes_local_6                                     (23.58%)
       421,364,895      unc_h_requests_writes_local_7                                     (23.82%)
     2,138,630,790      unc_h_rxc_inserts_irq_0                                       (23.58%)
     2,058,573,477      unc_h_rxc_inserts_irq_1                                       (23.62%)
     2,058,149,604      unc_h_rxc_inserts_irq_2                                       (23.67%)
     2,049,927,305      unc_h_rxc_inserts_irq_3                                       (23.53%)
     2,047,806,491      unc_h_rxc_inserts_irq_4                                       (23.66%)
     2,047,556,923      unc_h_rxc_inserts_irq_5                                       (23.70%)
     2,050,664,866      unc_h_rxc_inserts_irq_6                                       (23.73%)
     2,051,967,702      unc_h_rxc_inserts_irq_7                                       (23.78%)
           346,074      unc_h_rxc_irq1_reject_pa_match_0                                     (23.57%)
           312,620      unc_h_rxc_irq1_reject_pa_match_1                                     (23.56%)
           290,037      unc_h_rxc_irq1_reject_pa_match_2                                     (23.58%)
           320,932      unc_h_rxc_irq1_reject_pa_match_3                                     (23.53%)
           313,768      unc_h_rxc_irq1_reject_pa_match_4                                     (23.49%)
           310,380      unc_h_rxc_irq1_reject_pa_match_5                                     (23.49%)
           373,356      unc_h_rxc_irq1_reject_pa_match_6                                     (23.49%)
           429,622      unc_h_rxc_irq1_reject_pa_match_7                                     (23.51%)
    16,464,381,831      unc_h_rxc_occupancy_irq_0                                     (23.54%)
    15,825,029,395      unc_h_rxc_occupancy_irq_1                                     (23.45%)
    15,740,479,429      unc_h_rxc_occupancy_irq_2                                     (23.39%)
    15,997,143,979      unc_h_rxc_occupancy_irq_3                                     (23.53%)
    16,460,324,536      unc_h_rxc_occupancy_irq_4                                     (23.34%)
    16,183,567,088      unc_h_rxc_occupancy_irq_5                                     (23.29%)
    23,938,282,162      unc_h_rxc_occupancy_irq_6                                     (23.33%)
    23,962,894,704      unc_h_rxc_occupancy_irq_7                                     (23.28%)
                 0      unc_h_snoop_resp_rsp_fwd_wb_0                                     (23.49%)
             8,572      unc_h_snoop_resp_rsp_fwd_wb_1                                     (23.47%)
             1,490      unc_h_snoop_resp_rsp_fwd_wb_2                                     (23.48%)
                 0      unc_h_snoop_resp_rsp_fwd_wb_3                                     (23.53%)
                 0      unc_h_snoop_resp_rsp_fwd_wb_4                                     (23.46%)
                 0      unc_h_snoop_resp_rsp_fwd_wb_5                                     (23.45%)
            15,521      unc_h_snoop_resp_rsp_fwd_wb_6                                     (23.43%)
                 0      unc_h_snoop_resp_rsp_fwd_wb_7                                     (23.50%)
             5,016      unc_h_snoop_resp_rspcnflct_0                                     (23.52%)
             4,778      unc_h_snoop_resp_rspcnflct_1                                     (23.52%)
                 0      unc_h_snoop_resp_rspcnflct_2                                     (23.52%)
             4,072      unc_h_snoop_resp_rspcnflct_3                                     (23.53%)
             1,802      unc_h_snoop_resp_rspcnflct_4                                     (23.52%)
             4,459      unc_h_snoop_resp_rspcnflct_5                                     (23.52%)
             1,717      unc_h_snoop_resp_rspcnflct_6                                     (23.52%)
                 0      unc_h_snoop_resp_rspcnflct_7                                     (23.52%)
                 0      unc_h_snoop_resp_rspifwd_0                                     (23.52%)
             4,693      unc_h_snoop_resp_rspifwd_1                                     (23.52%)
                 0      unc_h_snoop_resp_rspifwd_2                                     (23.52%)
                 0      unc_h_snoop_resp_rspifwd_3                                     (23.53%)
                 0      unc_h_snoop_resp_rspifwd_4                                     (23.52%)
             4,846      unc_h_snoop_resp_rspifwd_5                                     (23.53%)
                 0      unc_h_snoop_resp_rspifwd_6                                     (23.53%)
             1,836      unc_h_snoop_resp_rspifwd_7                                     (23.52%)
             4,591      unc_h_snoop_resp_rspsfwd_0                                     (23.53%)
                 0      unc_h_snoop_resp_rspsfwd_1                                     (23.52%)
             1,496      unc_h_snoop_resp_rspsfwd_2                                     (23.53%)
             3,902      unc_h_snoop_resp_rspsfwd_3                                     (23.53%)
             1,977      unc_h_snoop_resp_rspsfwd_4                                     (23.53%)
                 0      unc_h_snoop_resp_rspsfwd_5                                     (23.53%)
                 0      unc_h_snoop_resp_rspsfwd_6                                     (23.53%)
                 0      unc_h_snoop_resp_rspsfwd_7                                     (23.53%)
           136,564      unc_i_cache_total_occupancy_mem_0                                     (33.33%)
           110,739      unc_i_cache_total_occupancy_mem_1                                     (33.33%)
                 0      unc_i_cache_total_occupancy_mem_2                                     (33.32%)
                 0      unc_i_cache_total_occupancy_mem_3                                     (33.32%)
                 0      unc_i_cache_total_occupancy_mem_4                                     (33.32%)
                 0      unc_i_cache_total_occupancy_mem_5                                     (33.32%)
                 6      unc_i_coherent_ops_pcitom_0                                     (33.32%)
                 0      unc_i_coherent_ops_pcitom_1                                     (33.32%)
                 0      unc_i_coherent_ops_pcitom_2                                     (33.35%)
                 0      unc_i_coherent_ops_pcitom_3                                     (33.35%)
                 0      unc_i_coherent_ops_pcitom_4                                     (33.35%)
                 0      unc_i_coherent_ops_pcitom_5                                     (33.35%)
               543      unc_i_coherent_ops_rfo_0                                      (33.35%)
                66      unc_i_coherent_ops_rfo_1                                      (33.35%)
                 0      unc_i_coherent_ops_rfo_2                                      (33.34%)
                 0      unc_i_coherent_ops_rfo_3                                      (33.34%)
                 0      unc_i_coherent_ops_rfo_4                                      (33.34%)
                 0      unc_i_coherent_ops_rfo_5                                      (33.34%)
               789      unc_i_faf_inserts_0                                           (33.34%)
            32,354      unc_i_faf_inserts_1                                           (33.34%)
                 0      unc_i_faf_inserts_2                                           (33.32%)
                 0      unc_i_faf_inserts_3                                           (33.33%)
                 0      unc_i_faf_inserts_4                                           (33.33%)
                 0      unc_i_faf_inserts_5                                           (33.33%)
               786      unc_i_faf_occupancy_0                                         (33.32%)
            42,808      unc_i_faf_occupancy_1                                         (33.33%)
                 0      unc_i_faf_occupancy_2                                         (33.35%)
                 0      unc_i_faf_occupancy_3                                         (33.35%)
                 0      unc_i_faf_occupancy_4                                         (33.35%)
                 0      unc_i_faf_occupancy_5                                         (33.35%)
               534      unc_i_transactions_wr_pref_0                                     (33.35%)
                69      unc_i_transactions_wr_pref_1                                     (33.35%)
                 0      unc_i_transactions_wr_pref_2                                     (33.33%)
                 0      unc_i_transactions_wr_pref_3                                     (33.33%)
                 0      unc_i_transactions_wr_pref_4                                     (33.33%)
                 0      unc_i_transactions_wr_pref_5                                     (33.33%)
    67,556,461,680      unc_iio_clockticks_0                                          (7.03%)
    67,606,719,138      unc_iio_clockticks_1                                          (7.05%)
    67,685,555,441      unc_iio_clockticks_2                                          (7.02%)
    67,587,323,821      unc_iio_clockticks_3                                          (7.03%)
                 0      unc_iio_clockticks_4                                          (7.04%)
                 0      unc_iio_clockticks_5                                          (7.02%)
                 0      unc_iio_comp_buf_inserts_cmpd_all_parts_0                                     (7.03%)
                 0      unc_iio_comp_buf_inserts_cmpd_all_parts_1                                     (7.03%)
                 0      unc_iio_comp_buf_inserts_cmpd_all_parts_2                                     (7.03%)
                 0      unc_iio_comp_buf_inserts_cmpd_all_parts_3                                     (7.02%)
                 0      unc_iio_comp_buf_inserts_cmpd_all_parts_4                                     (7.02%)
                 0      unc_iio_comp_buf_inserts_cmpd_all_parts_5                                     (7.03%)
                 0      unc_iio_comp_buf_inserts_cmpd_part0_0                                     (7.03%)
                 0      unc_iio_comp_buf_inserts_cmpd_part0_1                                     (7.03%)
                 0      unc_iio_comp_buf_inserts_cmpd_part0_2                                     (7.03%)
                 0      unc_iio_comp_buf_inserts_cmpd_part0_3                                     (7.03%)
                 0      unc_iio_comp_buf_inserts_cmpd_part0_4                                     (7.03%)
                 0      unc_iio_comp_buf_inserts_cmpd_part0_5                                     (7.03%)
                 0      unc_iio_comp_buf_inserts_cmpd_part1_0                                     (7.03%)
                 0      unc_iio_comp_buf_inserts_cmpd_part1_1                                     (7.03%)
                 0      unc_iio_comp_buf_inserts_cmpd_part1_2                                     (7.03%)
                 0      unc_iio_comp_buf_inserts_cmpd_part1_3                                     (7.03%)
                 0      unc_iio_comp_buf_inserts_cmpd_part1_4                                     (7.03%)
                 0      unc_iio_comp_buf_inserts_cmpd_part1_5                                     (7.07%)
                 0      unc_iio_comp_buf_inserts_cmpd_part2_0                                     (7.03%)
                 0      unc_iio_comp_buf_inserts_cmpd_part2_1                                     (7.04%)
                 0      unc_iio_comp_buf_inserts_cmpd_part2_2                                     (7.02%)
                 0      unc_iio_comp_buf_inserts_cmpd_part2_3                                     (7.05%)
                 0      unc_iio_comp_buf_inserts_cmpd_part2_4                                     (7.06%)
                 0      unc_iio_comp_buf_inserts_cmpd_part2_5                                     (6.99%)
                 0      unc_iio_comp_buf_inserts_cmpd_part3_0                                     (7.02%)
                 0      unc_iio_comp_buf_inserts_cmpd_part3_1                                     (7.02%)
                 0      unc_iio_comp_buf_inserts_cmpd_part3_2                                     (7.00%)
                 0      unc_iio_comp_buf_inserts_cmpd_part3_3                                     (7.00%)
                 0      unc_iio_comp_buf_inserts_cmpd_part3_4                                     (6.99%)
                 0      unc_iio_comp_buf_inserts_cmpd_part3_5                                     (6.95%)
            49,460      unc_iio_comp_buf_occupancy_cmpd_all_parts_0                                     (7.02%)
         7,846,764      unc_iio_comp_buf_occupancy_cmpd_all_parts_1                                     (7.01%)
                 0      unc_iio_comp_buf_occupancy_cmpd_all_parts_2                                     (7.03%)
                 0      unc_iio_comp_buf_occupancy_cmpd_all_parts_3                                     (7.02%)
                 0      unc_iio_comp_buf_occupancy_cmpd_all_parts_4                                     (6.96%)
                 0      unc_iio_comp_buf_occupancy_cmpd_all_parts_5                                     (7.02%)
                 0      unc_iio_comp_buf_occupancy_cmpd_part0_0                                     (7.02%)
         4,505,912      unc_iio_comp_buf_occupancy_cmpd_part0_1                                     (7.02%)
                 0      unc_iio_comp_buf_occupancy_cmpd_part0_2                                     (7.02%)
                 0      unc_iio_comp_buf_occupancy_cmpd_part0_3                                     (7.02%)
                 0      unc_iio_comp_buf_occupancy_cmpd_part0_4                                     (7.02%)
                 0      unc_iio_comp_buf_occupancy_cmpd_part0_5                                     (7.03%)
            36,555      unc_iio_comp_buf_occupancy_cmpd_part1_0                                     (7.02%)
                 0      unc_iio_comp_buf_occupancy_cmpd_part1_1                                     (7.02%)
                 0      unc_iio_comp_buf_occupancy_cmpd_part1_2                                     (7.03%)
                 0      unc_iio_comp_buf_occupancy_cmpd_part1_3                                     (7.02%)
                 0      unc_iio_comp_buf_occupancy_cmpd_part1_4                                     (7.02%)
                 0      unc_iio_comp_buf_occupancy_cmpd_part1_5                                     (7.03%)
                 0      unc_iio_comp_buf_occupancy_cmpd_part2_0                                     (7.03%)
                 0      unc_iio_comp_buf_occupancy_cmpd_part2_1                                     (7.03%)
                 0      unc_iio_comp_buf_occupancy_cmpd_part2_2                                     (7.03%)
                 0      unc_iio_comp_buf_occupancy_cmpd_part2_3                                     (7.03%)
                 0      unc_iio_comp_buf_occupancy_cmpd_part2_4                                     (7.03%)
                 0      unc_iio_comp_buf_occupancy_cmpd_part2_5                                     (7.02%)
                 0      unc_iio_comp_buf_occupancy_cmpd_part3_0                                     (7.03%)
                 0      unc_iio_comp_buf_occupancy_cmpd_part3_1                                     (7.03%)
                 0      unc_iio_comp_buf_occupancy_cmpd_part3_2                                     (7.02%)
                 0      unc_iio_comp_buf_occupancy_cmpd_part3_3                                     (7.02%)
                 0      unc_iio_comp_buf_occupancy_cmpd_part3_4                                     (7.02%)
                 0      unc_iio_comp_buf_occupancy_cmpd_part3_5                                     (7.01%)
                 0      unc_iio_data_req_by_cpu_mem_read_part0_0                                     (7.02%)
                 0      unc_iio_data_req_by_cpu_mem_read_part0_1                                     (7.02%)
                 0      unc_iio_data_req_by_cpu_mem_read_part0_2                                     (7.02%)
                 0      unc_iio_data_req_by_cpu_mem_read_part0_3                                     (7.02%)
                 0      unc_iio_data_req_by_cpu_mem_read_part0_4                                     (7.01%)
                 0      unc_iio_data_req_by_cpu_mem_read_part0_5                                     (7.02%)
                 0      unc_iio_data_req_by_cpu_mem_read_part1_0                                     (7.02%)
                 0      unc_iio_data_req_by_cpu_mem_read_part1_1                                     (7.02%)
                 0      unc_iio_data_req_by_cpu_mem_read_part1_2                                     (7.02%)
                 0      unc_iio_data_req_by_cpu_mem_read_part1_3                                     (7.02%)
                 0      unc_iio_data_req_by_cpu_mem_read_part1_4                                     (7.02%)
                 0      unc_iio_data_req_by_cpu_mem_read_part1_5                                     (7.02%)
                 0      unc_iio_data_req_by_cpu_mem_read_part2_0                                     (7.02%)
                 0      unc_iio_data_req_by_cpu_mem_read_part2_1                                     (7.02%)
                 0      unc_iio_data_req_by_cpu_mem_read_part2_2                                     (7.03%)
                 0      unc_iio_data_req_by_cpu_mem_read_part2_3                                     (7.03%)
                 0      unc_iio_data_req_by_cpu_mem_read_part2_4                                     (7.02%)
                 0      unc_iio_data_req_by_cpu_mem_read_part2_5                                     (7.02%)
                 0      unc_iio_data_req_by_cpu_mem_read_part3_0                                     (7.02%)
                 0      unc_iio_data_req_by_cpu_mem_read_part3_1                                     (7.02%)
                 0      unc_iio_data_req_by_cpu_mem_read_part3_2                                     (7.02%)
                 0      unc_iio_data_req_by_cpu_mem_read_part3_3                                     (7.02%)
                 0      unc_iio_data_req_by_cpu_mem_read_part3_4                                     (7.02%)
                 0      unc_iio_data_req_by_cpu_mem_read_part3_5                                     (7.03%)
                 0      unc_iio_data_req_by_cpu_mem_write_part0_0                                     (7.02%)
                 0      unc_iio_data_req_by_cpu_mem_write_part0_1                                     (7.02%)
                 0      unc_iio_data_req_by_cpu_mem_write_part0_2                                     (7.02%)
                 0      unc_iio_data_req_by_cpu_mem_write_part0_3                                     (7.03%)
                 0      unc_iio_data_req_by_cpu_mem_write_part0_4                                     (7.02%)
                 0      unc_iio_data_req_by_cpu_mem_write_part0_5                                     (7.02%)
                 0      unc_iio_data_req_by_cpu_mem_write_part1_0                                     (7.02%)
                 0      unc_iio_data_req_by_cpu_mem_write_part1_1                                     (7.02%)
                 0      unc_iio_data_req_by_cpu_mem_write_part1_2                                     (7.02%)
                 0      unc_iio_data_req_by_cpu_mem_write_part1_3                                     (7.02%)
                 0      unc_iio_data_req_by_cpu_mem_write_part1_4                                     (7.02%)
                 0      unc_iio_data_req_by_cpu_mem_write_part1_5                                     (7.02%)
                 0      unc_iio_data_req_by_cpu_mem_write_part2_0                                     (7.02%)
                 0      unc_iio_data_req_by_cpu_mem_write_part2_1                                     (7.02%)
                 0      unc_iio_data_req_by_cpu_mem_write_part2_2                                     (7.02%)
                 0      unc_iio_data_req_by_cpu_mem_write_part2_3                                     (7.01%)
                 0      unc_iio_data_req_by_cpu_mem_write_part2_4                                     (7.02%)
                 0      unc_iio_data_req_by_cpu_mem_write_part2_5                                     (7.01%)
                 0      unc_iio_data_req_by_cpu_mem_write_part3_0                                     (7.02%)
                 0      unc_iio_data_req_by_cpu_mem_write_part3_1                                     (7.02%)
                 0      unc_iio_data_req_by_cpu_mem_write_part3_2                                     (7.02%)
                 0      unc_iio_data_req_by_cpu_mem_write_part3_3                                     (7.02%)
                 0      unc_iio_data_req_by_cpu_mem_write_part3_4                                     (7.02%)
                 0      unc_iio_data_req_by_cpu_mem_write_part3_5                                     (7.02%)
                 0      unc_iio_data_req_by_cpu_peer_read_part0_0                                     (7.02%)
                 0      unc_iio_data_req_by_cpu_peer_read_part0_1                                     (7.02%)
                 0      unc_iio_data_req_by_cpu_peer_read_part0_2                                     (7.03%)
                 0      unc_iio_data_req_by_cpu_peer_read_part0_3                                     (7.02%)
                 0      unc_iio_data_req_by_cpu_peer_read_part0_4                                     (7.02%)
                 0      unc_iio_data_req_by_cpu_peer_read_part0_5                                     (7.04%)
                 0      unc_iio_data_req_by_cpu_peer_read_part1_0                                     (7.02%)
                 0      unc_iio_data_req_by_cpu_peer_read_part1_1                                     (7.02%)
                 0      unc_iio_data_req_by_cpu_peer_read_part1_2                                     (7.04%)
                 0      unc_iio_data_req_by_cpu_peer_read_part1_3                                     (7.04%)
                 0      unc_iio_data_req_by_cpu_peer_read_part1_4                                     (7.04%)
                 0      unc_iio_data_req_by_cpu_peer_read_part1_5                                     (7.06%)
                 0      unc_iio_data_req_by_cpu_peer_read_part2_0                                     (7.02%)
                 0      unc_iio_data_req_by_cpu_peer_read_part2_1                                     (7.03%)
                 0      unc_iio_data_req_by_cpu_peer_read_part2_2                                     (7.03%)
                 0      unc_iio_data_req_by_cpu_peer_read_part2_3                                     (7.03%)
                 0      unc_iio_data_req_by_cpu_peer_read_part2_4                                     (7.06%)
                 0      unc_iio_data_req_by_cpu_peer_read_part2_5                                     (7.03%)
                 0      unc_iio_data_req_by_cpu_peer_read_part3_0                                     (7.02%)
                 0      unc_iio_data_req_by_cpu_peer_read_part3_1                                     (7.01%)
                 0      unc_iio_data_req_by_cpu_peer_read_part3_2                                     (7.01%)
                 0      unc_iio_data_req_by_cpu_peer_read_part3_3                                     (7.01%)
                 0      unc_iio_data_req_by_cpu_peer_read_part3_4                                     (7.01%)
                 0      unc_iio_data_req_by_cpu_peer_read_part3_5                                     (6.99%)
                 0      unc_iio_data_req_by_cpu_peer_write_part0_0                                     (7.02%)
                 0      unc_iio_data_req_by_cpu_peer_write_part0_1                                     (7.02%)
                 0      unc_iio_data_req_by_cpu_peer_write_part0_2                                     (7.01%)
                 0      unc_iio_data_req_by_cpu_peer_write_part0_3                                     (7.02%)
                 0      unc_iio_data_req_by_cpu_peer_write_part0_4                                     (7.01%)
                 0      unc_iio_data_req_by_cpu_peer_write_part0_5                                     (7.02%)
                 0      unc_iio_data_req_by_cpu_peer_write_part1_0                                     (7.02%)
                 0      unc_iio_data_req_by_cpu_peer_write_part1_1                                     (7.02%)
                 0      unc_iio_data_req_by_cpu_peer_write_part1_2                                     (7.02%)
                 0      unc_iio_data_req_by_cpu_peer_write_part1_3                                     (7.02%)
                 0      unc_iio_data_req_by_cpu_peer_write_part1_4                                     (7.02%)
                 0      unc_iio_data_req_by_cpu_peer_write_part1_5                                     (7.02%)
                 0      unc_iio_data_req_by_cpu_peer_write_part2_0                                     (7.02%)
                 0      unc_iio_data_req_by_cpu_peer_write_part2_1                                     (7.02%)
                 0      unc_iio_data_req_by_cpu_peer_write_part2_2                                     (7.04%)
                 0      unc_iio_data_req_by_cpu_peer_write_part2_3                                     (7.04%)
                 0      unc_iio_data_req_by_cpu_peer_write_part2_4                                     (7.01%)
                 0      unc_iio_data_req_by_cpu_peer_write_part2_5                                     (7.01%)
                 0      unc_iio_data_req_by_cpu_peer_write_part3_0                                     (7.02%)
                 0      unc_iio_data_req_by_cpu_peer_write_part3_1                                     (7.03%)
                 0      unc_iio_data_req_by_cpu_peer_write_part3_2                                     (7.04%)
                 0      unc_iio_data_req_by_cpu_peer_write_part3_3                                     (7.02%)
                 0      unc_iio_data_req_by_cpu_peer_write_part3_4                                     (7.04%)
                 0      unc_iio_data_req_by_cpu_peer_write_part3_5                                     (7.04%)
                 0      unc_iio_data_req_of_cpu_mem_read_part0_0                                     (7.02%)
                 0      unc_iio_data_req_of_cpu_mem_read_part0_1                                     (7.00%)
                 0      unc_iio_data_req_of_cpu_mem_read_part0_2                                     (6.99%)
                 0      unc_iio_data_req_of_cpu_mem_read_part0_3                                     (6.99%)
                 0      unc_iio_data_req_of_cpu_mem_read_part0_4                                     (6.98%)
                 0      unc_iio_data_req_of_cpu_mem_read_part0_5                                     (6.97%)
                 0      unc_iio_data_req_of_cpu_mem_read_part1_0                                     (7.02%)
                 0      unc_iio_data_req_of_cpu_mem_read_part1_1                                     (7.00%)
                 0      unc_iio_data_req_of_cpu_mem_read_part1_2                                     (6.98%)
                 0      unc_iio_data_req_of_cpu_mem_read_part1_3                                     (6.97%)
                 0      unc_iio_data_req_of_cpu_mem_read_part1_4                                     (6.99%)
                 0      unc_iio_data_req_of_cpu_mem_read_part1_5                                     (6.98%)
                 0      unc_iio_data_req_of_cpu_mem_read_part2_0                                     (5.26%)
                 0      unc_iio_data_req_of_cpu_mem_read_part2_1                                     (5.26%)
                 0      unc_iio_data_req_of_cpu_mem_read_part2_2                                     (7.02%)
                 0      unc_iio_data_req_of_cpu_mem_read_part2_3                                     (5.26%)
                 0      unc_iio_data_req_of_cpu_mem_read_part2_4                                     (5.26%)
                 0      unc_iio_data_req_of_cpu_mem_read_part2_5                                     (7.01%)
                 0      unc_iio_data_req_of_cpu_mem_read_part3_0                                     (7.02%)
                 0      unc_iio_data_req_of_cpu_mem_read_part3_1                                     (5.26%)
                 0      unc_iio_data_req_of_cpu_mem_read_part3_2                                     (7.02%)
                 0      unc_iio_data_req_of_cpu_mem_read_part3_3                                     (7.01%)
                 0      unc_iio_data_req_of_cpu_mem_read_part3_4                                     (5.26%)
                 0      unc_iio_data_req_of_cpu_mem_read_part3_5                                     (5.26%)
                 0      unc_iio_data_req_of_cpu_mem_write_part0_0                                     (7.02%)
                 0      unc_iio_data_req_of_cpu_mem_write_part0_1                                     (7.01%)
                 0      unc_iio_data_req_of_cpu_mem_write_part0_2                                     (5.26%)
                 0      unc_iio_data_req_of_cpu_mem_write_part0_3                                     (7.02%)
                 0      unc_iio_data_req_of_cpu_mem_write_part0_4                                     (7.02%)
                 0      unc_iio_data_req_of_cpu_mem_write_part0_5                                     (5.27%)
                 0      unc_iio_data_req_of_cpu_mem_write_part1_0                                     (5.26%)
                 0      unc_iio_data_req_of_cpu_mem_write_part1_1                                     (7.02%)
                 0      unc_iio_data_req_of_cpu_mem_write_part1_2                                     (5.27%)
                 0      unc_iio_data_req_of_cpu_mem_write_part1_3                                     (5.27%)
                 0      unc_iio_data_req_of_cpu_mem_write_part1_4                                     (7.02%)
                 0      unc_iio_data_req_of_cpu_mem_write_part1_5                                     (7.02%)
                 0      unc_iio_data_req_of_cpu_mem_write_part2_0                                     (5.26%)
                 0      unc_iio_data_req_of_cpu_mem_write_part2_1                                     (7.02%)
                 0      unc_iio_data_req_of_cpu_mem_write_part2_2                                     (7.02%)
                 0      unc_iio_data_req_of_cpu_mem_write_part2_3                                     (5.26%)
                 0      unc_iio_data_req_of_cpu_mem_write_part2_4                                     (7.01%)
                 0      unc_iio_data_req_of_cpu_mem_write_part2_5                                     (7.01%)
                 0      unc_iio_data_req_of_cpu_mem_write_part3_0                                     (7.02%)
                 0      unc_iio_data_req_of_cpu_mem_write_part3_1                                     (7.01%)
                 0      unc_iio_data_req_of_cpu_mem_write_part3_2                                     (7.01%)
                 0      unc_iio_data_req_of_cpu_mem_write_part3_3                                     (7.01%)
                 0      unc_iio_data_req_of_cpu_mem_write_part3_4                                     (5.26%)
                 0      unc_iio_data_req_of_cpu_mem_write_part3_5                                     (7.01%)
                 0      unc_iio_data_req_of_cpu_peer_read_part0_0                                     (7.02%)
                 0      unc_iio_data_req_of_cpu_peer_read_part0_1                                     (5.26%)
                 0      unc_iio_data_req_of_cpu_peer_read_part0_2                                     (7.01%)
                 0      unc_iio_data_req_of_cpu_peer_read_part0_3                                     (7.01%)
                 0      unc_iio_data_req_of_cpu_peer_read_part0_4                                     (5.26%)
                 0      unc_iio_data_req_of_cpu_peer_read_part0_5                                     (5.26%)
                 0      unc_iio_data_req_of_cpu_peer_read_part1_0                                     (7.02%)
                 0      unc_iio_data_req_of_cpu_peer_read_part1_1                                     (5.26%)
                 0      unc_iio_data_req_of_cpu_peer_read_part1_2                                     (5.26%)
                 0      unc_iio_data_req_of_cpu_peer_read_part1_3                                     (7.02%)
                 0      unc_iio_data_req_of_cpu_peer_read_part1_4                                     (7.02%)
                 0      unc_iio_data_req_of_cpu_peer_read_part1_5                                     (5.26%)
                 0      unc_iio_data_req_of_cpu_peer_read_part2_0                                     (5.26%)
                 0      unc_iio_data_req_of_cpu_peer_read_part2_1                                     (7.02%)
                 0      unc_iio_data_req_of_cpu_peer_read_part2_2                                     (5.27%)
                 0      unc_iio_data_req_of_cpu_peer_read_part2_3                                     (5.27%)
                 0      unc_iio_data_req_of_cpu_peer_read_part2_4                                     (7.02%)
                 0      unc_iio_data_req_of_cpu_peer_read_part2_5                                     (7.02%)
                 0      unc_iio_data_req_of_cpu_peer_read_part3_0                                     (5.26%)
                 0      unc_iio_data_req_of_cpu_peer_read_part3_1                                     (5.27%)
                 0      unc_iio_data_req_of_cpu_peer_read_part3_2                                     (7.02%)
                 0      unc_iio_data_req_of_cpu_peer_read_part3_3                                     (5.26%)
                 0      unc_iio_data_req_of_cpu_peer_read_part3_4                                     (5.26%)
                 0      unc_iio_data_req_of_cpu_peer_read_part3_5                                     (7.02%)
                 0      unc_iio_data_req_of_cpu_peer_write_part0_0                                     (7.02%)
                 0      unc_iio_data_req_of_cpu_peer_write_part0_1                                     (5.26%)
                 0      unc_iio_data_req_of_cpu_peer_write_part0_2                                     (5.26%)
                 0      unc_iio_data_req_of_cpu_peer_write_part0_3                                     (7.02%)
                 0      unc_iio_data_req_of_cpu_peer_write_part0_4                                     (5.26%)
                 0      unc_iio_data_req_of_cpu_peer_write_part0_5                                     (5.26%)
                 0      unc_iio_data_req_of_cpu_peer_write_part1_0                                     (7.02%)
                 0      unc_iio_data_req_of_cpu_peer_write_part1_1                                     (7.01%)
                 0      unc_iio_data_req_of_cpu_peer_write_part1_2                                     (5.26%)
                 0      unc_iio_data_req_of_cpu_peer_write_part1_3                                     (5.27%)
                 0      unc_iio_data_req_of_cpu_peer_write_part1_4                                     (7.03%)
                 0      unc_iio_data_req_of_cpu_peer_write_part1_5                                     (5.27%)
                 0      unc_iio_data_req_of_cpu_peer_write_part2_0                                     (5.26%)
                 0      unc_iio_data_req_of_cpu_peer_write_part2_1                                     (7.02%)
                 0      unc_iio_data_req_of_cpu_peer_write_part2_2                                     (7.02%)
                 0      unc_iio_data_req_of_cpu_peer_write_part2_3                                     (5.27%)
                 0      unc_iio_data_req_of_cpu_peer_write_part2_4                                     (7.02%)
                 0      unc_iio_data_req_of_cpu_peer_write_part2_5                                     (7.02%)
                 0      unc_iio_data_req_of_cpu_peer_write_part3_0                                     (5.26%)
                 0      unc_iio_data_req_of_cpu_peer_write_part3_1                                     (7.02%)
                 0      unc_iio_data_req_of_cpu_peer_write_part3_2                                     (7.02%)
                 0      unc_iio_data_req_of_cpu_peer_write_part3_3                                     (7.02%)
                 0      unc_iio_data_req_of_cpu_peer_write_part3_4                                     (7.01%)
                 0      unc_iio_data_req_of_cpu_peer_write_part3_5                                     (7.01%)
                 0      unc_iio_payload_bytes_in_mem_read_part0_0                                     (7.02%)
                 0      unc_iio_payload_bytes_in_mem_read_part0_1                                     (7.02%)
                 0      unc_iio_payload_bytes_in_mem_read_part0_2                                     (7.01%)
                 0      unc_iio_payload_bytes_in_mem_read_part0_3                                     (7.01%)
                 0      unc_iio_payload_bytes_in_mem_read_part0_4                                     (5.26%)
                 0      unc_iio_payload_bytes_in_mem_read_part0_5                                     (7.01%)
                 0      unc_iio_payload_bytes_in_mem_read_part1_0                                     (7.02%)
                 0      unc_iio_payload_bytes_in_mem_read_part1_1                                     (5.26%)
                 0      unc_iio_payload_bytes_in_mem_read_part1_2                                     (7.02%)
                 0      unc_iio_payload_bytes_in_mem_read_part1_3                                     (7.02%)
                 0      unc_iio_payload_bytes_in_mem_read_part1_4                                     (5.26%)
                 0      unc_iio_payload_bytes_in_mem_read_part1_5                                     (5.26%)
                 0      unc_iio_payload_bytes_in_mem_read_part2_0                                     (7.02%)
                 0      unc_iio_payload_bytes_in_mem_read_part2_1                                     (5.26%)
                 0      unc_iio_payload_bytes_in_mem_read_part2_2                                     (5.27%)
                 0      unc_iio_payload_bytes_in_mem_read_part2_3                                     (7.03%)
                 0      unc_iio_payload_bytes_in_mem_read_part2_4                                     (7.02%)
                 0      unc_iio_payload_bytes_in_mem_read_part2_5                                     (5.27%)
                 0      unc_iio_payload_bytes_in_mem_read_part3_0                                     (5.26%)
                 0      unc_iio_payload_bytes_in_mem_read_part3_1                                     (7.02%)
                 0      unc_iio_payload_bytes_in_mem_read_part3_2                                     (5.27%)
                 0      unc_iio_payload_bytes_in_mem_read_part3_3                                     (5.28%)
                 0      unc_iio_payload_bytes_in_mem_read_part3_4                                     (7.05%)
                 0      unc_iio_payload_bytes_in_mem_read_part3_5                                     (7.05%)
                 0      unc_iio_payload_bytes_in_mem_write_part0_0                                     (5.26%)
                 0      unc_iio_payload_bytes_in_mem_write_part0_1                                     (7.03%)
                 0      unc_iio_payload_bytes_in_mem_write_part0_2                                     (7.05%)
                 0      unc_iio_payload_bytes_in_mem_write_part0_3                                     (5.29%)
                 0      unc_iio_payload_bytes_in_mem_write_part0_4                                     (7.04%)
                 0      unc_iio_payload_bytes_in_mem_write_part0_5                                     (7.06%)
                 0      unc_iio_payload_bytes_in_mem_write_part1_0                                     (7.02%)
                 0      unc_iio_payload_bytes_in_mem_write_part1_1                                     (7.02%)
                 0      unc_iio_payload_bytes_in_mem_write_part1_2                                     (7.01%)
                 0      unc_iio_payload_bytes_in_mem_write_part1_3                                     (7.02%)
                 0      unc_iio_payload_bytes_in_mem_write_part1_4                                     (7.02%)
                 0      unc_iio_payload_bytes_in_mem_write_part1_5                                     (7.01%)
                 0      unc_iio_payload_bytes_in_mem_write_part2_0                                     (7.02%)
                 0      unc_iio_payload_bytes_in_mem_write_part2_1                                     (7.00%)
                 0      unc_iio_payload_bytes_in_mem_write_part2_2                                     (6.99%)
                 0      unc_iio_payload_bytes_in_mem_write_part2_3                                     (7.00%)
                 0      unc_iio_payload_bytes_in_mem_write_part2_4                                     (5.25%)
                 0      unc_iio_payload_bytes_in_mem_write_part2_5                                     (6.99%)
                 0      unc_iio_payload_bytes_in_mem_write_part3_0                                     (7.02%)
                 0      unc_iio_payload_bytes_in_mem_write_part3_1                                     (5.26%)
                 0      unc_iio_payload_bytes_in_mem_write_part3_2                                     (7.02%)
                 0      unc_iio_payload_bytes_in_mem_write_part3_3                                     (7.01%)
                 0      unc_iio_payload_bytes_in_mem_write_part3_4                                     (5.25%)
                 0      unc_iio_payload_bytes_in_mem_write_part3_5                                     (7.01%)
                 0      unc_iio_txn_req_by_cpu_mem_read_part0_0                                     (7.01%)
                 0      unc_iio_txn_req_by_cpu_mem_read_part0_1                                     (7.02%)
                 0      unc_iio_txn_req_by_cpu_mem_read_part0_2                                     (7.02%)
                 0      unc_iio_txn_req_by_cpu_mem_read_part0_3                                     (7.01%)
                 0      unc_iio_txn_req_by_cpu_mem_read_part0_4                                     (7.01%)
                 0      unc_iio_txn_req_by_cpu_mem_read_part0_5                                     (7.01%)
                 0      unc_iio_txn_req_by_cpu_mem_read_part1_0                                     (7.01%)
                 0      unc_iio_txn_req_by_cpu_mem_read_part1_1                                     (7.01%)
                 0      unc_iio_txn_req_by_cpu_mem_read_part1_2                                     (7.01%)
                 0      unc_iio_txn_req_by_cpu_mem_read_part1_3                                     (7.01%)
                 0      unc_iio_txn_req_by_cpu_mem_read_part1_4                                     (7.01%)
                 0      unc_iio_txn_req_by_cpu_mem_read_part1_5                                     (7.01%)
                 0      unc_iio_txn_req_by_cpu_mem_read_part2_0                                     (7.01%)
                 0      unc_iio_txn_req_by_cpu_mem_read_part2_1                                     (7.02%)
                 0      unc_iio_txn_req_by_cpu_mem_read_part2_2                                     (7.01%)
                 0      unc_iio_txn_req_by_cpu_mem_read_part2_3                                     (7.01%)
                 0      unc_iio_txn_req_by_cpu_mem_read_part2_4                                     (7.02%)
                 0      unc_iio_txn_req_by_cpu_mem_read_part2_5                                     (7.02%)
                 0      unc_iio_txn_req_by_cpu_mem_read_part3_0                                     (7.01%)
                 0      unc_iio_txn_req_by_cpu_mem_read_part3_1                                     (7.01%)
                 0      unc_iio_txn_req_by_cpu_mem_read_part3_2                                     (7.01%)
                 0      unc_iio_txn_req_by_cpu_mem_read_part3_3                                     (7.01%)
                 0      unc_iio_txn_req_by_cpu_mem_read_part3_4                                     (7.01%)
                 0      unc_iio_txn_req_by_cpu_mem_read_part3_5                                     (7.01%)
                 0      unc_iio_txn_req_by_cpu_mem_write_part0_0                                     (7.01%)
                 0      unc_iio_txn_req_by_cpu_mem_write_part0_1                                     (7.01%)
                 0      unc_iio_txn_req_by_cpu_mem_write_part0_2                                     (7.01%)
                 0      unc_iio_txn_req_by_cpu_mem_write_part0_3                                     (7.01%)
                 0      unc_iio_txn_req_by_cpu_mem_write_part0_4                                     (7.04%)
                 0      unc_iio_txn_req_by_cpu_mem_write_part0_5                                     (7.04%)
                 0      unc_iio_txn_req_by_cpu_mem_write_part1_0                                     (7.01%)
                 0      unc_iio_txn_req_by_cpu_mem_write_part1_1                                     (7.03%)
                 0      unc_iio_txn_req_by_cpu_mem_write_part1_2                                     (7.03%)
                 0      unc_iio_txn_req_by_cpu_mem_write_part1_3                                     (7.06%)
                 0      unc_iio_txn_req_by_cpu_mem_write_part1_4                                     (7.07%)
                 0      unc_iio_txn_req_by_cpu_mem_write_part1_5                                     (7.07%)

      69.784367039 seconds time elapsed

