# started on Mon Feb  5 06:42:46 2024


 Performance counter stats for 'system wide':

        40,354,037      r2ab                                                          (19.50%)
                 0      r1c6                                                          (19.51%)
                 0      r1c6                                                          (19.51%)
                 0      r1c6                                                          (19.51%)
                 0      r1c6                                                          (19.51%)
                 0      r1c6                                                          (9.76%)
                 0      r1c6                                                          (9.76%)
                 0      r1c6                                                          (9.76%)
                 0      r1c6                                                          (9.76%)
                 0      r1c6                                                          (9.76%)
                 0      r1c6                                                          (9.76%)
                 0      r1c6                                                          (9.76%)
                 0      r1c6                                                          (9.76%)
                 0      r1c6                                                          (9.76%)
                 0      r1c6                                                          (9.76%)
                 0      r1c6                                                          (9.76%)
                 0      r1c6                                                          (9.76%)
                 0      r1c6                                                          (9.76%)
       348,262,144      r480                                                          (12.20%)
    42,262,165,553      r183                                                          (14.64%)
       135,297,503      r283                                                          (17.08%)
        82,469,753      r483                                                          (19.51%)
    27,673,457,643      r4001879                                                      (19.51%)
    55,294,098,925      r1001879                                                      (19.51%)
       600,687,206      r4002479                                                      (19.51%)
     1,735,728,726      r1002479                                                      (19.51%)
    54,931,141,724      r1000879                                                      (19.51%)
   164,230,875,081      r879                                                          (19.51%)
     1,119,344,414      r1000479                                                      (19.51%)
     2,977,437,431      r479                                                          (19.51%)
     1,013,982,868      r1003079                                                      (19.51%)
       391,285,607      r1001079                                                      (19.51%)
     1,583,839,874      r2079                                                         (19.51%)
       309,086,343      r1043079                                                      (19.51%)
     2,877,944,600      r3079                                                         (19.51%)
    30,173,449,505      r19c                                                          (19.51%)
     1,003,036,950      r400019c                                                      (19.51%)
   156,317,807,860      r180019c                                                      (19.51%)
     5,238,386,816      r300019c                                                      (19.51%)
    11,208,230,128      r200019c                                                      (19.51%)
    12,754,746,526      r100019c                                                      (19.51%)

      69.900062322 seconds time elapsed

