# started on Tue Feb  6 06:15:10 2024


 Performance counter stats for 'system wide':

                 0      r8c7                                                          (11.69%)
                 0      r10c7                                                         (11.69%)
                 0      r20c7                                                         (10.39%)
                 0      r18c7                                                         (10.39%)
                 0      r40c7                                                         (10.39%)
                 0      r80c7                                                         (10.40%)
                 0      r18c7                                                         (10.40%)
    25,899,846,079      r3c7                                                          (10.40%)
    25,893,014,844      r1c7                                                          (10.40%)
                 0      r2c7                                                          (10.40%)
                 0      rfcc7                                                         (10.40%)
                 0      r1001eca                                                      (10.40%)
                 0      r1c6                                                          (10.40%)
                 0      r1c6                                                          (10.40%)
                 0      r1c6                                                          (10.40%)
                 0      r1c6                                                          (10.40%)
                 0      r1c6                                                          (5.20%)
   <not supported>      r1c6:p                                                      
                 0      r1c6                                                          (5.20%)
                 0      r1c6                                                          (5.20%)
                 0      r1c6                                                          (5.20%)
                 0      r1c6                                                          (5.20%)
                 0      r1c6                                                          (5.20%)
                 0      r1c6                                                          (5.20%)
                 0      r1c6                                                          (5.19%)
                 0      r1c6                                                          (5.19%)
                 0      r1c6                                                          (5.19%)
                 0      r1c6                                                          (5.19%)
                 0      r1c6                                                          (5.19%)
                 0      r1c6                                                          (5.19%)
                 0      r1c6                                                          (5.19%)
                 0      r4c8                                                          (6.49%)
                 0      r80c8                                                         (7.79%)
                 0      r8c8                                                          (9.09%)
                 0      r40c8                                                         (10.39%)
                 0      r10c8                                                         (10.39%)
                 0      r20c8                                                         (10.39%)
                 0      r2c8                                                          (10.39%)
                 0      r1c8                                                          (10.39%)
           565,662      r1cb                                                          (10.39%)
       367,999,994      r480                                                          (10.39%)
    42,789,686,768      r183                                                          (10.39%)
       134,093,914      r283                                                          (10.39%)
        82,570,752      r483                                                          (10.39%)
        80,685,578      r483                                                          (10.39%)
     8,077,747,395      r4fe                                                          (10.39%)
       265,940,853      r2fe                                                          (10.39%)
    27,950,806,277      r4001879                                                      (10.39%)
    55,849,421,020      r1001879                                                      (10.39%)
       581,571,569      r4002479                                                      (10.39%)
     1,689,675,570      r1002479                                                      (10.39%)
    55,437,205,995      r1000879                                                      (10.39%)
    55,814,646,210      r1001879                                                      (10.39%)
    27,918,387,747      r4001879                                                      (10.39%)
   165,648,147,044      r879                                                          (10.39%)
     1,072,823,607      r1000479                                                      (10.39%)
     2,859,027,553      r479                                                          (10.39%)
       998,859,047      r1003079                                                      (10.39%)
       385,010,720      r1001079                                                      (10.39%)
     1,560,800,760      r2079                                                         (10.39%)
       305,404,940      r1043079                                                      (10.39%)
     2,826,989,117      r3079                                                         (10.39%)
    32,876,515,202      r19c                                                          (10.39%)
       960,120,520      r400019c                                                      (10.39%)
   154,247,211,186      r180019c                                                      (10.39%)
     5,629,358,719      r300019c                                                      (10.39%)
    12,264,325,682      r200019c                                                      (10.39%)
    14,013,657,846      r100019c                                                      (10.39%)
           532,330      r187                                                          (10.39%)
     2,608,991,562      r155                                                          (10.39%)
   195,607,888,222      rc0                                                           (11.69%)
   195,655,723,664      rc0                                                           (11.69%)
       157,866,671      r2c0                                                          (11.69%)
   <not supported>      r1c0:p                                                      
   <not supported>      ra8001c0:p                                                  
       239,259,688      r800d                                                         (11.69%)
        29,638,740      r104010d                                                      (11.69%)
       172,052,957      r10d                                                          (11.69%)
       172,778,126      r20010d                                                       (11.69%)
           514,915      r1ae                                                          (11.69%)

      69.863370919 seconds time elapsed

