# started on Mon Feb  5 01:57:01 2024


 Performance counter stats for 'system wide':

    27,793,867,498        branch-instructions       #   49.661 M/sec                    (18.87%)
        19,869,778        branch-misses             #    0.07% of all branches          (16.99%)
     1,875,339,500        bus-cycles                #    3.351 M/sec                    (16.99%)
     7,489,649,015        cache-misses              #   93.163 % of all cache refs      (16.99%)
     8,036,059,604        cache-references          #   14.358 M/sec                    (16.99%)
   169,722,982,644        cpu-cycles                #    0.303 GHz                      (16.99%)
   189,950,069,990        instructions              #    1.12  insn per cycle           (18.87%)
   157,623,720,350        ref-cycles                #  281.634 M/sec                    (20.76%)
                 0        alignment-faults          #    0.000 K/sec                  
                 0        bpf-output                #    0.000 K/sec                  
            22,434        context-switches          #    0.040 K/sec                  
        559,679.92 msec   cpu-clock                 #    7.999 CPUs utilized          
               302        cpu-migrations            #    0.001 K/sec                  
                 0        dummy                     #    0.000 K/sec                  
                 0        emulation-faults          #    0.000 K/sec                  
                10        major-faults              #    0.000 K/sec                  
            27,891        minor-faults              #    0.050 K/sec                  
            27,871        page-faults               #    0.050 K/sec                  
        559,670.68 msec   task-clock                #    7.999 CPUs utilized          
     8,736,308,974        L1-dcache-load-misses     #   20.29% of all L1-dcache hits    (20.76%)
    43,052,542,944        L1-dcache-loads           #   76.924 M/sec                    (20.76%)
    30,971,387,633        L1-dcache-stores          #   55.338 M/sec                    (20.76%)
       167,379,371        L1-icache-load-misses                                         (20.75%)
       680,830,644        LLC-load-misses           #   97.18% of all LL-cache hits     (20.75%)
       700,616,472        LLC-loads                 #    1.252 M/sec                    (20.75%)
     2,171,679,534        LLC-store-misses          #    3.880 M/sec                    (3.77%)
     2,174,862,615        LLC-stores                #    3.886 M/sec                    (3.77%)
        18,730,999        branch-load-misses        #    0.033 M/sec                    (5.66%)
    27,779,220,536        branch-loads              #   49.635 M/sec                    (7.55%)
           292,926        dTLB-load-misses          #    0.00% of all dTLB cache hits   (9.43%)
    43,041,876,177        dTLB-loads                #   76.905 M/sec                    (11.32%)
           396,692        dTLB-store-misses         #    0.709 K/sec                    (13.21%)
    30,968,125,053        dTLB-stores               #   55.332 M/sec                    (15.09%)
           187,082        iTLB-load-misses          #    4.86% of all iTLB cache hits   (15.09%)
         3,851,987        iTLB-loads                #    0.007 M/sec                    (15.09%)
                 0        node-load-misses          #    0.000 K/sec                    (15.09%)
       683,018,489        node-loads                #    1.220 M/sec                    (15.09%)
                 0        node-store-misses         #    0.000 K/sec                    (3.77%)
     2,161,456,621        node-stores               #    3.862 M/sec                    (3.77%)
    27,779,840,285        branch-instructions       #   49.636 M/sec                    (5.66%)
        18,076,513        branch-misses             #    0.07% of all branches          (7.55%)
     1,868,512,831        bus-cycles                #    3.339 M/sec                    (9.43%)
     7,500,718,380        cache-misses              #   93.301 % of all cache refs      (11.32%)
     8,042,563,042        cache-references          #   14.370 M/sec                    (13.21%)
   169,579,902,754        cpu-cycles                #    0.303 GHz                      (15.10%)
                 0        cstate_core/c3-residency/ #    0.000 K/sec                  
                 0        cstate_core/c6-residency/ #    0.000 K/sec                  
                 0        cstate_core/c7-residency/ #    0.000 K/sec                  
                 0        cstate_pkg/c2-residency/  #    0.000 K/sec                  
                 0        cstate_pkg/c3-residency/  #    0.000 K/sec                  
                 0        cstate_pkg/c6-residency/  #    0.000 K/sec                  
                 0        cstate_pkg/c7-residency/  #    0.000 K/sec                  
                 0        cycles-ct                 #    0.000 K/sec                    (16.98%)
                 0        cycles-t                  #    0.000 K/sec                    (16.98%)
                 0        el-abort                  #    0.000 K/sec                    (16.98%)
                 0        el-capacity               #    0.000 K/sec                    (16.98%)
                 0        el-commit                 #    0.000 K/sec                    (16.98%)
                 0        el-conflict               #    0.000 K/sec                    (16.98%)
                 0        el-start                  #    0.000 K/sec                    (16.98%)
   189,741,368,816        instructions              #    1.12  insn per cycle           (18.87%)
     <not counted>        intel_pt//                                                    (0.00%)
                 0        mem-loads                 #    0.000 K/sec                    (18.87%)
    30,906,982,911        mem-stores                #   55.223 M/sec                    (16.98%)
   182,634,126,447        msr/aperf/                #  326.322 M/sec                  
               248 C      msr/cpu_thermal_margin/   #    0.000 K/sec                  
   186,573,187,564        msr/mperf/                #  333.360 M/sec                  
   182,628,996,736        msr/pperf/                #  326.312 M/sec                  
                 0        msr/smi/                  #    0.000 K/sec                  
 1,172,338,024,250        msr/tsc/                  # 2094.675 M/sec                  
          2,405.67 Joules power/energy-pkg/         #    0.004 K/sec                  
            581.38 Joules power/energy-ram/         #    0.001 K/sec                  
   156,868,457,202        ref-cycles                #  280.285 M/sec                    (18.87%)
    31,673,418,148        topdown-fetch-bubbles     #      4.7% frontend bound          (18.87%)
       821,229,928        topdown-recovery-bubbles  #      0.2% bad speculation         (18.87%)
   167,577,179,749        topdown-slots-issued      #     70.5% backend bound           (18.87%)
   166,966,427,420        topdown-slots-retired     #     24.6% retiring                (18.87%)
   677,998,069,512        topdown-total-slots       # 1211.413 M/sec                    (20.76%)
                 0        tx-abort                  #    0.000 K/sec                    (20.76%)
                 0        tx-capacity               #    0.000 K/sec                    (20.76%)
                 0        tx-commit                 #    0.000 K/sec                    (18.87%)

      69.968843538 seconds time elapsed

