# started on Mon Feb  5 08:14:52 2024


 Performance counter stats for 'system wide':

   168,729,630,523      r728                                                          (44.45%)
                 0      r1828                                                         (44.45%)
                 0      r2028                                                         (44.45%)
           262,806      r4028                                                         (44.45%)
         1,297,801      r20ef                                                         (44.45%)
         7,387,108      r10ef                                                         (44.45%)
        10,962,126      r2ef                                                          (44.45%)
        68,191,547      r1ef                                                          (44.45%)
         2,386,793      r40ef                                                         (44.45%)
         2,308,556      r8ef                                                          (44.44%)
             1,769      r4ef                                                          (44.44%)
           565,156      r1cb                                                          (44.44%)
     8,055,586,305      r4fe                                                          (44.44%)
       225,125,644      r2fe                                                          (44.44%)
                 5      r132                                                          (44.44%)
            54,219      r832                                                          (44.44%)
            25,835      r232                                                          (44.44%)
                 0      r432                                                          (44.44%)

      69.808031524 seconds time elapsed

