# started on Tue Feb  6 05:51:32 2024


 Performance counter stats for 'system wide':

                 0      r8c7                                                          (11.68%)
                 0      r10c7                                                         (11.68%)
                 0      r20c7                                                         (10.39%)
                 0      r18c7                                                         (10.39%)
                 0      r40c7                                                         (10.39%)
                 0      r80c7                                                         (10.39%)
                 0      r18c7                                                         (10.39%)
    23,280,058,440      r3c7                                                          (10.39%)
    23,274,940,048      r1c7                                                          (10.39%)
                 0      r2c7                                                          (10.39%)
                 0      rfcc7                                                         (10.39%)
                 0      r1001eca                                                      (10.39%)
                 0      r1c6                                                          (10.39%)
                 0      r1c6                                                          (10.39%)
                 0      r1c6                                                          (10.39%)
                 0      r1c6                                                          (10.39%)
                 0      r1c6                                                          (5.20%)
   <not supported>      r1c6:p                                                      
                 0      r1c6                                                          (5.20%)
                 0      r1c6                                                          (5.20%)
                 0      r1c6                                                          (5.20%)
                 0      r1c6                                                          (5.20%)
                 0      r1c6                                                          (5.20%)
                 0      r1c6                                                          (5.20%)
                 0      r1c6                                                          (5.20%)
                 0      r1c6                                                          (5.20%)
                 0      r1c6                                                          (5.20%)
                 0      r1c6                                                          (5.20%)
                 0      r1c6                                                          (5.20%)
                 0      r1c6                                                          (5.20%)
                 0      r1c6                                                          (5.20%)
                 0      r4c8                                                          (6.50%)
                 0      r80c8                                                         (7.79%)
                 0      r8c8                                                          (9.09%)
                 0      r40c8                                                         (10.39%)
                 0      r10c8                                                         (10.39%)
                 0      r20c8                                                         (10.39%)
                 0      r2c8                                                          (10.39%)
                 0      r1c8                                                          (10.39%)
           565,531      r1cb                                                          (10.39%)
       423,906,512      r480                                                          (10.39%)
    40,933,118,096      r183                                                          (10.39%)
       132,528,846      r283                                                          (10.39%)
        85,013,856      r483                                                          (10.39%)
        94,700,549      r483                                                          (10.39%)
     7,282,213,319      r4fe                                                          (10.39%)
       493,837,958      r2fe                                                          (10.39%)
    27,177,974,288      r4001879                                                      (10.39%)
    54,327,775,852      r1001879                                                      (10.39%)
       592,230,770      r4002479                                                      (10.39%)
     1,714,121,848      r1002479                                                      (10.39%)
    53,586,678,547      r1000879                                                      (10.39%)
    54,327,113,914      r1001879                                                      (10.39%)
    27,180,884,909      r4001879                                                      (10.39%)
   159,376,639,393      r879                                                          (10.39%)
     1,103,053,817      r1000479                                                      (10.39%)
     2,960,804,112      r479                                                          (10.39%)
     1,375,895,791      r1003079                                                      (10.39%)
       746,780,988      r1001079                                                      (10.39%)
     1,616,964,679      r2079                                                         (10.39%)
       437,926,955      r1043079                                                      (10.39%)
     4,088,359,680      r3079                                                         (10.39%)
    23,204,492,342      r19c                                                          (10.39%)
     1,116,457,533      r400019c                                                      (10.39%)
   160,282,784,937      r180019c                                                      (10.39%)
     5,337,253,196      r300019c                                                      (10.39%)
     8,207,209,589      r200019c                                                      (10.39%)
     8,537,231,171      r100019c                                                      (10.39%)
           918,316      r187                                                          (10.39%)
     2,881,284,757      r155                                                          (10.38%)
   188,683,178,316      rc0                                                           (11.68%)
   188,682,416,114      rc0                                                           (11.68%)
       185,781,655      r2c0                                                          (11.68%)
   <not supported>      r1c0:p                                                      
   <not supported>      ra8001c0:p                                                  
       261,952,853      r800d                                                         (11.68%)
        31,150,085      r104010d                                                      (11.68%)
       178,276,342      r10d                                                          (11.68%)
       175,141,300      r20010d                                                       (11.68%)
           502,236      r1ae                                                          (11.68%)

      69.979764180 seconds time elapsed

