# started on Mon Feb  5 09:24:32 2024


 Performance counter stats for 'system wide':

        36,251,134      r1000114                                                      (10.53%)
         4,913,266      r1e6                                                          (10.53%)
    29,461,736,172      rc4                                                           (10.53%)
   <not supported>      r4c4:p                                                      
    29,087,124,230      r1c4                                                          (10.53%)
         1,197,548      r40c4                                                         (10.53%)
       162,473,169      r2c4                                                          (10.53%)
       162,776,850      r8c4                                                          (10.53%)
    27,918,718,831      r20c4                                                         (10.54%)
     1,532,091,076      r10c4                                                         (10.54%)
        13,642,841      rc5                                                           (10.54%)
   <not supported>      r4c5:p                                                      
         3,800,934      r1c5                                                          (10.54%)
            27,812      r2c5                                                          (10.53%)
        12,531,878      r20c5                                                         (10.53%)
     1,846,415,456      r23c                                                          (10.53%)
     1,846,486,066      r13c                                                          (10.53%)
     1,846,046,924      r20013c                                                       (10.53%)
     1,845,217,079      r23c                                                          (10.53%)
   155,052,780,714      r300                                                          (11.84%)
     1,843,260,663      r13c                                                          (11.84%)
     1,843,184,245      r20013c                                                       (11.84%)
           496,693      r104003c                                                      (11.84%)
   168,668,215,448      r3c                                                           (13.16%)
   168,659,849,982      r20003c                                                       (13.16%)
   168,577,378,285      r3c                                                           (13.16%)
   168,576,686,066      r20003c                                                       (13.16%)
   134,589,861,476      r80008a3                                                      (13.16%)
    56,807,436,257      r10001a3                                                      (13.16%)
   157,466,237,964      r100010a3                                                     (11.84%)
    82,353,532,511      rc000ca3                                                      (11.84%)
    42,364,886,157      r50005a3                                                      (11.84%)
    86,814,868,430      r140014a3                                                     (11.84%)
    93,433,004,875      r40004a3                                                      (11.84%)
    12,989,961,628      r2a6                                                          (11.84%)
    13,852,275,959      r4a6                                                          (10.53%)
    21,627,237,682      r8a6                                                          (10.53%)
    14,743,009,372      r10a6                                                         (10.53%)
     6,133,482,713      r40a6                                                         (10.53%)
       625,728,966      r1a6                                                          (10.53%)
           507,370      r187                                                          (10.53%)
   199,802,106,197      rc0                                                           (11.84%)
   199,814,514,348      rc0                                                           (11.84%)
   <not supported>      r1c0:p                                                      
   <not supported>      ra8001c0:p                                                  
       229,219,806      r800d                                                         (11.84%)
       168,393,438      r10d                                                          (11.84%)
       168,466,489      r20010d                                                       (11.84%)
               946      r803                                                          (11.84%)
         8,964,981      r203                                                          (11.84%)
       358,362,734      r107                                                          (11.84%)
             1,748      r14c                                                          (11.84%)
                 0      r40001a8                                                      (11.84%)
                 0      r10001a8                                                      (10.53%)
                 0      r1a8                                                          (10.53%)
         2,873,674      r10401c3                                                      (10.53%)
           676,684      r4c3                                                          (10.53%)
            39,719      r3fc1                                                         (10.53%)
   110,669,702,542      r1a2                                                          (10.53%)
     7,400,489,324      r8a2                                                          (10.53%)
                 0      r20cc                                                         (10.53%)
     5,617,545,087      r15e                                                          (10.53%)
       280,956,885      r184015e                                                      (10.53%)
    25,960,008,487      r1a1                                                          (10.53%)
    31,685,687,117      r2a1                                                          (10.53%)
    41,228,532,065      r4a1                                                          (10.53%)
    36,880,933,243      r8a1                                                          (10.53%)
    34,272,011,611      r10a1                                                         (10.53%)
    35,460,932,579      r20a1                                                         (10.53%)
    40,037,204,046      r40a1                                                         (10.53%)
       722,649,253      r80a1                                                         (10.53%)
   225,661,467,662      r2b1                                                          (10.53%)
    75,104,996,729      r10002b1                                                      (10.53%)
    62,030,145,838      r20002b1                                                      (10.53%)
    48,086,083,843      r30002b1                                                      (10.53%)
    26,364,813,996      r40002b1                                                      (10.53%)
    93,628,090,371      r18002b1                                                      (10.53%)
    75,006,231,865      r10001b1                                                      (10.53%)
    61,949,507,050      r20001b1                                                      (10.53%)
    48,043,748,243      r30001b1                                                      (10.53%)

      69.859885154 seconds time elapsed

