# started on Tue Feb  6 10:33:46 2024


 Performance counter stats for 'system wide':

             6,825      unc_h_dir_update_ha_0                                         (23.55%)
                 0      unc_h_dir_update_ha_1                                         (23.55%)
                 0      unc_h_dir_update_ha_2                                         (23.55%)
             7,751      unc_h_dir_update_ha_3                                         (23.54%)
             6,201      unc_h_dir_update_ha_4                                         (23.55%)
             2,336      unc_h_dir_update_ha_5                                         (23.55%)
             7,833      unc_h_dir_update_ha_6                                         (23.54%)
             7,255      unc_h_dir_update_ha_7                                         (23.54%)
             6,963      unc_h_dir_update_tor_0                                        (23.54%)
             5,612      unc_h_dir_update_tor_1                                        (23.54%)
                 0      unc_h_dir_update_tor_2                                        (23.54%)
             7,720      unc_h_dir_update_tor_3                                        (23.54%)
             6,148      unc_h_dir_update_tor_4                                        (23.54%)
                 0      unc_h_dir_update_tor_5                                        (23.54%)
             7,653      unc_h_dir_update_tor_6                                        (23.53%)
             7,428      unc_h_dir_update_tor_7                                        (23.53%)
             2,669      unc_h_hitme_hit_ex_rds_0                                      (23.53%)
                 0      unc_h_hitme_hit_ex_rds_1                                      (23.54%)
             2,290      unc_h_hitme_hit_ex_rds_2                                      (23.54%)
             3,365      unc_h_hitme_hit_ex_rds_3                                      (23.53%)
             3,093      unc_h_hitme_hit_ex_rds_4                                      (23.53%)
             2,282      unc_h_hitme_hit_ex_rds_5                                      (23.53%)
             3,195      unc_h_hitme_hit_ex_rds_6                                      (23.53%)
             3,425      unc_h_hitme_hit_ex_rds_7                                      (23.53%)
                34      unc_h_misc_rfo_hit_s_0                                        (23.53%)
               769      unc_h_misc_rfo_hit_s_1                                        (23.53%)
                64      unc_h_misc_rfo_hit_s_2                                        (23.53%)
               914      unc_h_misc_rfo_hit_s_3                                        (23.53%)
                51      unc_h_misc_rfo_hit_s_4                                        (23.53%)
               106      unc_h_misc_rfo_hit_s_5                                        (23.53%)
               812      unc_h_misc_rfo_hit_s_6                                        (23.53%)
                21      unc_h_misc_rfo_hit_s_7                                        (23.60%)
        38,586,657      unc_h_requests_invitoe_local_0                                     (23.53%)
        38,533,952      unc_h_requests_invitoe_local_1                                     (23.59%)
        38,550,658      unc_h_requests_invitoe_local_2                                     (23.59%)
        38,738,005      unc_h_requests_invitoe_local_3                                     (23.60%)
        38,702,685      unc_h_requests_invitoe_local_4                                     (23.83%)
        38,678,586      unc_h_requests_invitoe_local_5                                     (23.89%)
        38,524,998      unc_h_requests_invitoe_local_6                                     (23.53%)
        38,612,955      unc_h_requests_invitoe_local_7                                     (23.81%)
             3,705      unc_h_requests_invitoe_remote_0                                     (23.62%)
             3,214      unc_h_requests_invitoe_remote_1                                     (23.64%)
            10,031      unc_h_requests_invitoe_remote_2                                     (23.69%)
             3,043      unc_h_requests_invitoe_remote_3                                     (23.56%)
             3,428      unc_h_requests_invitoe_remote_4                                     (23.63%)
             8,443      unc_h_requests_invitoe_remote_5                                     (23.65%)
                 0      unc_h_requests_invitoe_remote_6                                     (23.54%)
                 0      unc_h_requests_invitoe_remote_7                                     (23.54%)
     1,005,636,554      unc_h_requests_reads_0                                        (23.53%)
       999,967,610      unc_h_requests_reads_1                                        (23.48%)
     1,001,784,769      unc_h_requests_reads_2                                        (23.61%)
     1,005,575,399      unc_h_requests_reads_3                                        (23.54%)
     1,005,243,764      unc_h_requests_reads_4                                        (23.54%)
     1,005,377,970      unc_h_requests_reads_5                                        (23.54%)
     1,004,981,010      unc_h_requests_reads_6                                        (23.54%)
     1,004,832,636      unc_h_requests_reads_7                                        (23.54%)
     1,005,678,654      unc_h_requests_reads_local_0                                     (23.54%)
     1,005,522,695      unc_h_requests_reads_local_1                                     (23.54%)
     1,006,022,719      unc_h_requests_reads_local_2                                     (23.53%)
     1,005,875,383      unc_h_requests_reads_local_3                                     (23.53%)
     1,005,492,962      unc_h_requests_reads_local_4                                     (23.53%)
     1,005,927,409      unc_h_requests_reads_local_5                                     (23.53%)
     1,005,375,673      unc_h_requests_reads_local_6                                     (23.53%)
     1,005,268,756      unc_h_requests_reads_local_7                                     (23.53%)
       458,038,637      unc_h_requests_writes_0                                       (23.53%)
       458,135,777      unc_h_requests_writes_1                                       (23.53%)
       458,330,233      unc_h_requests_writes_2                                       (23.53%)
       458,079,669      unc_h_requests_writes_3                                       (23.53%)
       458,316,588      unc_h_requests_writes_4                                       (23.53%)
       458,336,386      unc_h_requests_writes_5                                       (23.53%)
       458,466,666      unc_h_requests_writes_6                                       (23.53%)
       457,963,365      unc_h_requests_writes_7                                       (23.53%)
       458,244,305      unc_h_requests_writes_local_0                                     (23.53%)
       458,293,979      unc_h_requests_writes_local_1                                     (23.53%)
       458,466,579      unc_h_requests_writes_local_2                                     (23.53%)
       458,232,704      unc_h_requests_writes_local_3                                     (23.53%)
       458,495,115      unc_h_requests_writes_local_4                                     (23.59%)
       458,517,513      unc_h_requests_writes_local_5                                     (23.59%)
       458,588,126      unc_h_requests_writes_local_6                                     (23.53%)
       458,484,990      unc_h_requests_writes_local_7                                     (23.94%)
     2,238,937,004      unc_h_rxc_inserts_irq_0                                       (23.65%)
     2,161,039,877      unc_h_rxc_inserts_irq_1                                       (23.70%)
     2,160,440,861      unc_h_rxc_inserts_irq_2                                       (23.76%)
     2,153,995,834      unc_h_rxc_inserts_irq_3                                       (23.57%)
     2,152,548,826      unc_h_rxc_inserts_irq_4                                       (23.72%)
     2,153,670,337      unc_h_rxc_inserts_irq_5                                       (23.77%)
     2,151,847,500      unc_h_rxc_inserts_irq_6                                       (23.53%)
     2,147,716,320      unc_h_rxc_inserts_irq_7                                       (23.67%)
           240,703      unc_h_rxc_irq1_reject_pa_match_0                                     (23.58%)
           196,745      unc_h_rxc_irq1_reject_pa_match_1                                     (23.58%)
           118,567      unc_h_rxc_irq1_reject_pa_match_2                                     (23.48%)
           129,491      unc_h_rxc_irq1_reject_pa_match_3                                     (23.53%)
           155,928      unc_h_rxc_irq1_reject_pa_match_4                                     (23.48%)
           111,851      unc_h_rxc_irq1_reject_pa_match_5                                     (23.48%)
           161,253      unc_h_rxc_irq1_reject_pa_match_6                                     (23.53%)
           153,837      unc_h_rxc_irq1_reject_pa_match_7                                     (23.48%)
    17,368,806,180      unc_h_rxc_occupancy_irq_0                                     (23.53%)
    16,669,344,158      unc_h_rxc_occupancy_irq_1                                     (23.36%)
    16,611,553,069      unc_h_rxc_occupancy_irq_2                                     (23.30%)
    16,854,479,544      unc_h_rxc_occupancy_irq_3                                     (23.47%)
    17,191,062,089      unc_h_rxc_occupancy_irq_4                                     (23.24%)
    16,876,463,232      unc_h_rxc_occupancy_irq_5                                     (23.18%)
    22,971,277,346      unc_h_rxc_occupancy_irq_6                                     (23.53%)
    22,942,986,959      unc_h_rxc_occupancy_irq_7                                     (23.12%)
            14,269      unc_h_snoop_resp_rsp_fwd_wb_0                                     (23.41%)
            18,248      unc_h_snoop_resp_rsp_fwd_wb_1                                     (23.42%)
            17,019      unc_h_snoop_resp_rsp_fwd_wb_2                                     (23.37%)
            14,197      unc_h_snoop_resp_rsp_fwd_wb_3                                     (23.48%)
            13,766      unc_h_snoop_resp_rsp_fwd_wb_4                                     (23.33%)
            17,527      unc_h_snoop_resp_rsp_fwd_wb_5                                     (23.29%)
            17,953      unc_h_snoop_resp_rsp_fwd_wb_6                                     (23.53%)
            19,890      unc_h_snoop_resp_rsp_fwd_wb_7                                     (23.25%)
                 0      unc_h_snoop_resp_rspcnflct_0                                     (23.44%)
                 0      unc_h_snoop_resp_rspcnflct_1                                     (23.48%)
                 0      unc_h_snoop_resp_rspcnflct_2                                     (23.45%)
                 0      unc_h_snoop_resp_rspcnflct_3                                     (23.50%)
                 0      unc_h_snoop_resp_rspcnflct_4                                     (23.43%)
                 0      unc_h_snoop_resp_rspcnflct_5                                     (23.41%)
                 0      unc_h_snoop_resp_rspcnflct_6                                     (23.53%)
                 0      unc_h_snoop_resp_rspcnflct_7                                     (23.39%)
                 0      unc_h_snoop_resp_rspifwd_0                                     (23.48%)
                 0      unc_h_snoop_resp_rspifwd_1                                     (23.52%)
                 0      unc_h_snoop_resp_rspifwd_2                                     (23.52%)
                 0      unc_h_snoop_resp_rspifwd_3                                     (23.53%)
                 0      unc_h_snoop_resp_rspifwd_4                                     (23.52%)
                 0      unc_h_snoop_resp_rspifwd_5                                     (23.52%)
                 0      unc_h_snoop_resp_rspifwd_6                                     (23.53%)
                 0      unc_h_snoop_resp_rspifwd_7                                     (23.52%)
                 0      unc_h_snoop_resp_rspsfwd_0                                     (23.52%)
                 0      unc_h_snoop_resp_rspsfwd_1                                     (23.53%)
                 0      unc_h_snoop_resp_rspsfwd_2                                     (23.53%)
                 0      unc_h_snoop_resp_rspsfwd_3                                     (23.53%)
                 0      unc_h_snoop_resp_rspsfwd_4                                     (23.53%)
                 0      unc_h_snoop_resp_rspsfwd_5                                     (23.53%)
                 0      unc_h_snoop_resp_rspsfwd_6                                     (23.53%)
                 0      unc_h_snoop_resp_rspsfwd_7                                     (23.52%)
           136,943      unc_i_cache_total_occupancy_mem_0                                     (33.33%)
            63,982      unc_i_cache_total_occupancy_mem_1                                     (33.33%)
                 0      unc_i_cache_total_occupancy_mem_2                                     (33.33%)
                 0      unc_i_cache_total_occupancy_mem_3                                     (33.34%)
                 0      unc_i_cache_total_occupancy_mem_4                                     (33.34%)
                 0      unc_i_cache_total_occupancy_mem_5                                     (33.33%)
                12      unc_i_coherent_ops_pcitom_0                                     (33.34%)
                 0      unc_i_coherent_ops_pcitom_1                                     (33.33%)
                 0      unc_i_coherent_ops_pcitom_2                                     (33.33%)
                 0      unc_i_coherent_ops_pcitom_3                                     (33.33%)
                 0      unc_i_coherent_ops_pcitom_4                                     (33.33%)
                 0      unc_i_coherent_ops_pcitom_5                                     (33.33%)
               468      unc_i_coherent_ops_rfo_0                                      (33.33%)
               156      unc_i_coherent_ops_rfo_1                                      (33.33%)
                 0      unc_i_coherent_ops_rfo_2                                      (33.33%)
                 0      unc_i_coherent_ops_rfo_3                                      (33.33%)
                 0      unc_i_coherent_ops_rfo_4                                      (33.33%)
                 0      unc_i_coherent_ops_rfo_5                                      (33.33%)
               735      unc_i_faf_inserts_0                                           (33.33%)
            31,093      unc_i_faf_inserts_1                                           (33.33%)
                 0      unc_i_faf_inserts_2                                           (33.34%)
                 0      unc_i_faf_inserts_3                                           (33.33%)
                 0      unc_i_faf_inserts_4                                           (33.34%)
                 0      unc_i_faf_inserts_5                                           (33.34%)
               762      unc_i_faf_occupancy_0                                         (33.33%)
            37,516      unc_i_faf_occupancy_1                                         (33.34%)
                 0      unc_i_faf_occupancy_2                                         (33.34%)
                 0      unc_i_faf_occupancy_3                                         (33.34%)
                 0      unc_i_faf_occupancy_4                                         (33.34%)
                 0      unc_i_faf_occupancy_5                                         (33.34%)
               528      unc_i_transactions_wr_pref_0                                     (33.33%)
                39      unc_i_transactions_wr_pref_1                                     (33.34%)
                 0      unc_i_transactions_wr_pref_2                                     (33.33%)
                 0      unc_i_transactions_wr_pref_3                                     (33.33%)
                 0      unc_i_transactions_wr_pref_4                                     (33.33%)
                 0      unc_i_transactions_wr_pref_5                                     (33.33%)
    67,302,860,033      unc_iio_clockticks_0                                          (7.03%)
    67,338,261,757      unc_iio_clockticks_1                                          (7.04%)
    67,378,186,362      unc_iio_clockticks_2                                          (7.03%)
    67,289,137,441      unc_iio_clockticks_3                                          (7.03%)
                 0      unc_iio_clockticks_4                                          (7.04%)
                 0      unc_iio_clockticks_5                                          (7.04%)
                 0      unc_iio_comp_buf_inserts_cmpd_all_parts_0                                     (7.03%)
                 0      unc_iio_comp_buf_inserts_cmpd_all_parts_1                                     (7.03%)
                 0      unc_iio_comp_buf_inserts_cmpd_all_parts_2                                     (7.02%)
                 0      unc_iio_comp_buf_inserts_cmpd_all_parts_3                                     (7.03%)
                 0      unc_iio_comp_buf_inserts_cmpd_all_parts_4                                     (7.04%)
                 0      unc_iio_comp_buf_inserts_cmpd_all_parts_5                                     (7.03%)
                 0      unc_iio_comp_buf_inserts_cmpd_part0_0                                     (7.03%)
                 0      unc_iio_comp_buf_inserts_cmpd_part0_1                                     (7.04%)
                 0      unc_iio_comp_buf_inserts_cmpd_part0_2                                     (7.03%)
                 0      unc_iio_comp_buf_inserts_cmpd_part0_3                                     (7.04%)
                 0      unc_iio_comp_buf_inserts_cmpd_part0_4                                     (7.04%)
                 0      unc_iio_comp_buf_inserts_cmpd_part0_5                                     (7.05%)
                 0      unc_iio_comp_buf_inserts_cmpd_part1_0                                     (7.03%)
                 0      unc_iio_comp_buf_inserts_cmpd_part1_1                                     (7.05%)
                 0      unc_iio_comp_buf_inserts_cmpd_part1_2                                     (7.06%)
                 0      unc_iio_comp_buf_inserts_cmpd_part1_3                                     (7.04%)
                 0      unc_iio_comp_buf_inserts_cmpd_part1_4                                     (7.03%)
                 0      unc_iio_comp_buf_inserts_cmpd_part1_5                                     (7.03%)
                 0      unc_iio_comp_buf_inserts_cmpd_part2_0                                     (7.03%)
                 0      unc_iio_comp_buf_inserts_cmpd_part2_1                                     (7.04%)
                 0      unc_iio_comp_buf_inserts_cmpd_part2_2                                     (7.03%)
                 0      unc_iio_comp_buf_inserts_cmpd_part2_3                                     (7.03%)
                 0      unc_iio_comp_buf_inserts_cmpd_part2_4                                     (7.04%)
                 0      unc_iio_comp_buf_inserts_cmpd_part2_5                                     (7.03%)
                 0      unc_iio_comp_buf_inserts_cmpd_part3_0                                     (7.04%)
                 0      unc_iio_comp_buf_inserts_cmpd_part3_1                                     (7.02%)
                 0      unc_iio_comp_buf_inserts_cmpd_part3_2                                     (7.01%)
                 0      unc_iio_comp_buf_inserts_cmpd_part3_3                                     (7.03%)
                 0      unc_iio_comp_buf_inserts_cmpd_part3_4                                     (7.02%)
                 0      unc_iio_comp_buf_inserts_cmpd_part3_5                                     (7.03%)
            44,736      unc_iio_comp_buf_occupancy_cmpd_all_parts_0                                     (7.02%)
         6,532,084      unc_iio_comp_buf_occupancy_cmpd_all_parts_1                                     (7.01%)
                 0      unc_iio_comp_buf_occupancy_cmpd_all_parts_2                                     (7.01%)
                 0      unc_iio_comp_buf_occupancy_cmpd_all_parts_3                                     (7.02%)
                 0      unc_iio_comp_buf_occupancy_cmpd_all_parts_4                                     (7.03%)
                 0      unc_iio_comp_buf_occupancy_cmpd_all_parts_5                                     (7.03%)
                 0      unc_iio_comp_buf_occupancy_cmpd_part0_0                                     (7.01%)
         1,536,120      unc_iio_comp_buf_occupancy_cmpd_part0_1                                     (7.02%)
                 0      unc_iio_comp_buf_occupancy_cmpd_part0_2                                     (7.02%)
                 0      unc_iio_comp_buf_occupancy_cmpd_part0_3                                     (7.02%)
                 0      unc_iio_comp_buf_occupancy_cmpd_part0_4                                     (7.03%)
                 0      unc_iio_comp_buf_occupancy_cmpd_part0_5                                     (7.02%)
            41,752      unc_iio_comp_buf_occupancy_cmpd_part1_0                                     (7.02%)
                 0      unc_iio_comp_buf_occupancy_cmpd_part1_1                                     (7.02%)
                 0      unc_iio_comp_buf_occupancy_cmpd_part1_2                                     (7.04%)
                 0      unc_iio_comp_buf_occupancy_cmpd_part1_3                                     (7.02%)
                 0      unc_iio_comp_buf_occupancy_cmpd_part1_4                                     (7.02%)
                 0      unc_iio_comp_buf_occupancy_cmpd_part1_5                                     (7.02%)
                 0      unc_iio_comp_buf_occupancy_cmpd_part2_0                                     (7.04%)
                 0      unc_iio_comp_buf_occupancy_cmpd_part2_1                                     (7.04%)
                 0      unc_iio_comp_buf_occupancy_cmpd_part2_2                                     (7.05%)
                 0      unc_iio_comp_buf_occupancy_cmpd_part2_3                                     (7.02%)
                 0      unc_iio_comp_buf_occupancy_cmpd_part2_4                                     (7.02%)
                 0      unc_iio_comp_buf_occupancy_cmpd_part2_5                                     (7.03%)
                 0      unc_iio_comp_buf_occupancy_cmpd_part3_0                                     (7.03%)
                 0      unc_iio_comp_buf_occupancy_cmpd_part3_1                                     (7.03%)
                 0      unc_iio_comp_buf_occupancy_cmpd_part3_2                                     (7.02%)
                 0      unc_iio_comp_buf_occupancy_cmpd_part3_3                                     (7.02%)
                 0      unc_iio_comp_buf_occupancy_cmpd_part3_4                                     (7.02%)
                 0      unc_iio_comp_buf_occupancy_cmpd_part3_5                                     (7.03%)
                 0      unc_iio_data_req_by_cpu_mem_read_part0_0                                     (7.03%)
                 0      unc_iio_data_req_by_cpu_mem_read_part0_1                                     (7.02%)
                 0      unc_iio_data_req_by_cpu_mem_read_part0_2                                     (7.04%)
                 0      unc_iio_data_req_by_cpu_mem_read_part0_3                                     (7.03%)
                 0      unc_iio_data_req_by_cpu_mem_read_part0_4                                     (7.02%)
                 0      unc_iio_data_req_by_cpu_mem_read_part0_5                                     (7.02%)
                 0      unc_iio_data_req_by_cpu_mem_read_part1_0                                     (5.27%)
                 0      unc_iio_data_req_by_cpu_mem_read_part1_1                                     (7.03%)
                 0      unc_iio_data_req_by_cpu_mem_read_part1_2                                     (5.29%)
                 0      unc_iio_data_req_by_cpu_mem_read_part1_3                                     (5.27%)
                 0      unc_iio_data_req_by_cpu_mem_read_part1_4                                     (7.02%)
                 0      unc_iio_data_req_by_cpu_mem_read_part1_5                                     (5.27%)
                 0      unc_iio_data_req_by_cpu_mem_read_part2_0                                     (7.04%)
                 0      unc_iio_data_req_by_cpu_mem_read_part2_1                                     (7.04%)
                 0      unc_iio_data_req_by_cpu_mem_read_part2_2                                     (5.25%)
                 0      unc_iio_data_req_by_cpu_mem_read_part2_3                                     (7.02%)
                 0      unc_iio_data_req_by_cpu_mem_read_part2_4                                     (7.05%)
                 0      unc_iio_data_req_by_cpu_mem_read_part2_5                                     (5.27%)
                 0      unc_iio_data_req_by_cpu_mem_read_part3_0                                     (7.03%)
                 0      unc_iio_data_req_by_cpu_mem_read_part3_1                                     (7.02%)
                 0      unc_iio_data_req_by_cpu_mem_read_part3_2                                     (7.03%)
                 0      unc_iio_data_req_by_cpu_mem_read_part3_3                                     (7.02%)
                 0      unc_iio_data_req_by_cpu_mem_read_part3_4                                     (7.01%)
                 0      unc_iio_data_req_by_cpu_mem_read_part3_5                                     (7.02%)
                 0      unc_iio_data_req_by_cpu_mem_write_part0_0                                     (7.02%)
                 0      unc_iio_data_req_by_cpu_mem_write_part0_1                                     (7.02%)
                 0      unc_iio_data_req_by_cpu_mem_write_part0_2                                     (7.01%)
                 0      unc_iio_data_req_by_cpu_mem_write_part0_3                                     (7.02%)
                 0      unc_iio_data_req_by_cpu_mem_write_part0_4                                     (7.02%)
                 0      unc_iio_data_req_by_cpu_mem_write_part0_5                                     (7.02%)
                 0      unc_iio_data_req_by_cpu_mem_write_part1_0                                     (6.99%)
                 0      unc_iio_data_req_by_cpu_mem_write_part1_1                                     (7.01%)
                 0      unc_iio_data_req_by_cpu_mem_write_part1_2                                     (6.99%)
                 0      unc_iio_data_req_by_cpu_mem_write_part1_3                                     (7.02%)
                 0      unc_iio_data_req_by_cpu_mem_write_part1_4                                     (7.01%)
                 0      unc_iio_data_req_by_cpu_mem_write_part1_5                                     (7.02%)
                 0      unc_iio_data_req_by_cpu_mem_write_part2_0                                     (7.01%)
                 0      unc_iio_data_req_by_cpu_mem_write_part2_1                                     (7.00%)
                 0      unc_iio_data_req_by_cpu_mem_write_part2_2                                     (7.01%)
                 0      unc_iio_data_req_by_cpu_mem_write_part2_3                                     (7.02%)
                 0      unc_iio_data_req_by_cpu_mem_write_part2_4                                     (7.00%)
                 0      unc_iio_data_req_by_cpu_mem_write_part2_5                                     (7.02%)
                 0      unc_iio_data_req_by_cpu_mem_write_part3_0                                     (7.02%)
                 0      unc_iio_data_req_by_cpu_mem_write_part3_1                                     (7.02%)
                 0      unc_iio_data_req_by_cpu_mem_write_part3_2                                     (7.02%)
                 0      unc_iio_data_req_by_cpu_mem_write_part3_3                                     (7.02%)
                 0      unc_iio_data_req_by_cpu_mem_write_part3_4                                     (7.02%)
                 0      unc_iio_data_req_by_cpu_mem_write_part3_5                                     (7.02%)
                 0      unc_iio_data_req_by_cpu_peer_read_part0_0                                     (7.02%)
                 0      unc_iio_data_req_by_cpu_peer_read_part0_1                                     (7.02%)
                 0      unc_iio_data_req_by_cpu_peer_read_part0_2                                     (7.03%)
                 0      unc_iio_data_req_by_cpu_peer_read_part0_3                                     (7.02%)
                 0      unc_iio_data_req_by_cpu_peer_read_part0_4                                     (7.02%)
                 0      unc_iio_data_req_by_cpu_peer_read_part0_5                                     (7.02%)
                 0      unc_iio_data_req_by_cpu_peer_read_part1_0                                     (7.02%)
                 0      unc_iio_data_req_by_cpu_peer_read_part1_1                                     (7.02%)
                 0      unc_iio_data_req_by_cpu_peer_read_part1_2                                     (7.01%)
                 0      unc_iio_data_req_by_cpu_peer_read_part1_3                                     (7.02%)
                 0      unc_iio_data_req_by_cpu_peer_read_part1_4                                     (7.03%)
                 0      unc_iio_data_req_by_cpu_peer_read_part1_5                                     (7.02%)
                 0      unc_iio_data_req_by_cpu_peer_read_part2_0                                     (7.03%)
                 0      unc_iio_data_req_by_cpu_peer_read_part2_1                                     (7.02%)
                 0      unc_iio_data_req_by_cpu_peer_read_part2_2                                     (7.03%)
                 0      unc_iio_data_req_by_cpu_peer_read_part2_3                                     (7.02%)
                 0      unc_iio_data_req_by_cpu_peer_read_part2_4                                     (7.01%)
                 0      unc_iio_data_req_by_cpu_peer_read_part2_5                                     (7.00%)
                 0      unc_iio_data_req_by_cpu_peer_read_part3_0                                     (7.00%)
                 0      unc_iio_data_req_by_cpu_peer_read_part3_1                                     (7.01%)
                 0      unc_iio_data_req_by_cpu_peer_read_part3_2                                     (6.99%)
                 0      unc_iio_data_req_by_cpu_peer_read_part3_3                                     (7.02%)
                 0      unc_iio_data_req_by_cpu_peer_read_part3_4                                     (7.02%)
                 0      unc_iio_data_req_by_cpu_peer_read_part3_5                                     (7.03%)
                 0      unc_iio_data_req_by_cpu_peer_write_part0_0                                     (7.03%)
                 0      unc_iio_data_req_by_cpu_peer_write_part0_1                                     (7.02%)
                 0      unc_iio_data_req_by_cpu_peer_write_part0_2                                     (7.03%)
                 0      unc_iio_data_req_by_cpu_peer_write_part0_3                                     (7.02%)
                 0      unc_iio_data_req_by_cpu_peer_write_part0_4                                     (7.01%)
                 0      unc_iio_data_req_by_cpu_peer_write_part0_5                                     (7.01%)
                 0      unc_iio_data_req_by_cpu_peer_write_part1_0                                     (7.00%)
                 0      unc_iio_data_req_by_cpu_peer_write_part1_1                                     (7.01%)
                 0      unc_iio_data_req_by_cpu_peer_write_part1_2                                     (7.01%)
                 0      unc_iio_data_req_by_cpu_peer_write_part1_3                                     (7.02%)
                 0      unc_iio_data_req_by_cpu_peer_write_part1_4                                     (7.02%)
                 0      unc_iio_data_req_by_cpu_peer_write_part1_5                                     (7.02%)
                 0      unc_iio_data_req_by_cpu_peer_write_part2_0                                     (7.02%)
                 0      unc_iio_data_req_by_cpu_peer_write_part2_1                                     (7.02%)
                 0      unc_iio_data_req_by_cpu_peer_write_part2_2                                     (7.02%)
                 0      unc_iio_data_req_by_cpu_peer_write_part2_3                                     (7.02%)
                 0      unc_iio_data_req_by_cpu_peer_write_part2_4                                     (7.02%)
                 0      unc_iio_data_req_by_cpu_peer_write_part2_5                                     (7.02%)
                 0      unc_iio_data_req_by_cpu_peer_write_part3_0                                     (7.03%)
                 0      unc_iio_data_req_by_cpu_peer_write_part3_1                                     (7.01%)
                 0      unc_iio_data_req_by_cpu_peer_write_part3_2                                     (7.04%)
                 0      unc_iio_data_req_by_cpu_peer_write_part3_3                                     (7.02%)
                 0      unc_iio_data_req_by_cpu_peer_write_part3_4                                     (7.02%)
                 0      unc_iio_data_req_by_cpu_peer_write_part3_5                                     (7.02%)
                 0      unc_iio_data_req_of_cpu_mem_read_part0_0                                     (7.03%)
                 0      unc_iio_data_req_of_cpu_mem_read_part0_1                                     (7.03%)
                 0      unc_iio_data_req_of_cpu_mem_read_part0_2                                     (7.01%)
                 0      unc_iio_data_req_of_cpu_mem_read_part0_3                                     (7.02%)
                 0      unc_iio_data_req_of_cpu_mem_read_part0_4                                     (7.02%)
                 0      unc_iio_data_req_of_cpu_mem_read_part0_5                                     (7.02%)
                 0      unc_iio_data_req_of_cpu_mem_read_part1_0                                     (7.02%)
                 0      unc_iio_data_req_of_cpu_mem_read_part1_1                                     (7.02%)
                 0      unc_iio_data_req_of_cpu_mem_read_part1_2                                     (7.02%)
                 0      unc_iio_data_req_of_cpu_mem_read_part1_3                                     (7.02%)
                 0      unc_iio_data_req_of_cpu_mem_read_part1_4                                     (7.03%)
                 0      unc_iio_data_req_of_cpu_mem_read_part1_5                                     (7.03%)
                 0      unc_iio_data_req_of_cpu_mem_read_part2_0                                     (7.05%)
                 0      unc_iio_data_req_of_cpu_mem_read_part2_1                                     (7.05%)
                 0      unc_iio_data_req_of_cpu_mem_read_part2_2                                     (7.04%)
                 0      unc_iio_data_req_of_cpu_mem_read_part2_3                                     (7.02%)
                 0      unc_iio_data_req_of_cpu_mem_read_part2_4                                     (7.03%)
                 0      unc_iio_data_req_of_cpu_mem_read_part2_5                                     (7.02%)
                 0      unc_iio_data_req_of_cpu_mem_read_part3_0                                     (7.01%)
                 0      unc_iio_data_req_of_cpu_mem_read_part3_1                                     (7.01%)
                 0      unc_iio_data_req_of_cpu_mem_read_part3_2                                     (5.26%)
                 0      unc_iio_data_req_of_cpu_mem_read_part3_3                                     (7.02%)
                 0      unc_iio_data_req_of_cpu_mem_read_part3_4                                     (7.02%)
                 0      unc_iio_data_req_of_cpu_mem_read_part3_5                                     (5.26%)
                 0      unc_iio_data_req_of_cpu_mem_write_part0_0                                     (7.01%)
                 0      unc_iio_data_req_of_cpu_mem_write_part0_1                                     (7.01%)
                 0      unc_iio_data_req_of_cpu_mem_write_part0_2                                     (5.29%)
                 0      unc_iio_data_req_of_cpu_mem_write_part0_3                                     (7.02%)
                 0      unc_iio_data_req_of_cpu_mem_write_part0_4                                     (7.03%)
                 0      unc_iio_data_req_of_cpu_mem_write_part0_5                                     (5.28%)
                 0      unc_iio_data_req_of_cpu_mem_write_part1_0                                     (7.02%)
                 0      unc_iio_data_req_of_cpu_mem_write_part1_1                                     (7.02%)
                 0      unc_iio_data_req_of_cpu_mem_write_part1_2                                     (7.01%)
                 0      unc_iio_data_req_of_cpu_mem_write_part1_3                                     (7.02%)
                 0      unc_iio_data_req_of_cpu_mem_write_part1_4                                     (7.02%)
                 0      unc_iio_data_req_of_cpu_mem_write_part1_5                                     (7.00%)
                 0      unc_iio_data_req_of_cpu_mem_write_part2_0                                     (7.01%)
                 0      unc_iio_data_req_of_cpu_mem_write_part2_1                                     (7.01%)
                 0      unc_iio_data_req_of_cpu_mem_write_part2_2                                     (7.01%)
                 0      unc_iio_data_req_of_cpu_mem_write_part2_3                                     (7.01%)
                 0      unc_iio_data_req_of_cpu_mem_write_part2_4                                     (7.01%)
                 0      unc_iio_data_req_of_cpu_mem_write_part2_5                                     (7.01%)
                 0      unc_iio_data_req_of_cpu_mem_write_part3_0                                     (7.00%)
                 0      unc_iio_data_req_of_cpu_mem_write_part3_1                                     (7.00%)
                 0      unc_iio_data_req_of_cpu_mem_write_part3_2                                     (5.22%)
                 0      unc_iio_data_req_of_cpu_mem_write_part3_3                                     (7.01%)
                 0      unc_iio_data_req_of_cpu_mem_write_part3_4                                     (7.01%)
                 0      unc_iio_data_req_of_cpu_mem_write_part3_5                                     (5.25%)
                 0      unc_iio_data_req_of_cpu_peer_read_part0_0                                     (6.98%)
                 0      unc_iio_data_req_of_cpu_peer_read_part0_1                                     (7.00%)
                 0      unc_iio_data_req_of_cpu_peer_read_part0_2                                     (5.24%)
                 0      unc_iio_data_req_of_cpu_peer_read_part0_3                                     (5.26%)
                 0      unc_iio_data_req_of_cpu_peer_read_part0_4                                     (7.01%)
                 0      unc_iio_data_req_of_cpu_peer_read_part0_5                                     (5.26%)
                 0      unc_iio_data_req_of_cpu_peer_read_part1_0                                     (5.27%)
                 0      unc_iio_data_req_of_cpu_peer_read_part1_1                                     (7.02%)
                 0      unc_iio_data_req_of_cpu_peer_read_part1_2                                     (7.01%)
                 0      unc_iio_data_req_of_cpu_peer_read_part1_3                                     (5.26%)
                 0      unc_iio_data_req_of_cpu_peer_read_part1_4                                     (7.01%)
                 0      unc_iio_data_req_of_cpu_peer_read_part1_5                                     (7.01%)
                 0      unc_iio_data_req_of_cpu_peer_read_part2_0                                     (5.25%)
                 0      unc_iio_data_req_of_cpu_peer_read_part2_1                                     (5.24%)
                 0      unc_iio_data_req_of_cpu_peer_read_part2_2                                     (7.00%)
                 0      unc_iio_data_req_of_cpu_peer_read_part2_3                                     (7.01%)
                 0      unc_iio_data_req_of_cpu_peer_read_part2_4                                     (5.24%)
                 0      unc_iio_data_req_of_cpu_peer_read_part2_5                                     (7.01%)
                 0      unc_iio_data_req_of_cpu_peer_read_part3_0                                     (7.00%)
                 0      unc_iio_data_req_of_cpu_peer_read_part3_1                                     (5.26%)
                 0      unc_iio_data_req_of_cpu_peer_read_part3_2                                     (5.26%)
                 0      unc_iio_data_req_of_cpu_peer_read_part3_3                                     (7.01%)
                 0      unc_iio_data_req_of_cpu_peer_read_part3_4                                     (5.26%)
                 0      unc_iio_data_req_of_cpu_peer_read_part3_5                                     (5.26%)
                 0      unc_iio_data_req_of_cpu_peer_write_part0_0                                     (7.02%)
                 0      unc_iio_data_req_of_cpu_peer_write_part0_1                                     (7.02%)
                 0      unc_iio_data_req_of_cpu_peer_write_part0_2                                     (5.26%)
                 0      unc_iio_data_req_of_cpu_peer_write_part0_3                                     (5.26%)
                 0      unc_iio_data_req_of_cpu_peer_write_part0_4                                     (7.02%)
                 0      unc_iio_data_req_of_cpu_peer_write_part0_5                                     (5.26%)
                 0      unc_iio_data_req_of_cpu_peer_write_part1_0                                     (5.26%)
                 0      unc_iio_data_req_of_cpu_peer_write_part1_1                                     (7.03%)
                 0      unc_iio_data_req_of_cpu_peer_write_part1_2                                     (7.02%)
                 0      unc_iio_data_req_of_cpu_peer_write_part1_3                                     (5.26%)
                 0      unc_iio_data_req_of_cpu_peer_write_part1_4                                     (5.26%)
                 0      unc_iio_data_req_of_cpu_peer_write_part1_5                                     (7.02%)
                 0      unc_iio_data_req_of_cpu_peer_write_part2_0                                     (5.27%)
                 0      unc_iio_data_req_of_cpu_peer_write_part2_1                                     (5.26%)
                 0      unc_iio_data_req_of_cpu_peer_write_part2_2                                     (7.04%)
                 0      unc_iio_data_req_of_cpu_peer_write_part2_3                                     (7.02%)
                 0      unc_iio_data_req_of_cpu_peer_write_part2_4                                     (5.26%)
                 0      unc_iio_data_req_of_cpu_peer_write_part2_5                                     (7.02%)
                 0      unc_iio_data_req_of_cpu_peer_write_part3_0                                     (7.02%)
                 0      unc_iio_data_req_of_cpu_peer_write_part3_1                                     (5.26%)
                 0      unc_iio_data_req_of_cpu_peer_write_part3_2                                     (7.02%)
                 0      unc_iio_data_req_of_cpu_peer_write_part3_3                                     (7.02%)
                 0      unc_iio_data_req_of_cpu_peer_write_part3_4                                     (7.01%)
                 0      unc_iio_data_req_of_cpu_peer_write_part3_5                                     (7.02%)
                 0      unc_iio_payload_bytes_in_mem_read_part0_0                                     (7.01%)
                 0      unc_iio_payload_bytes_in_mem_read_part0_1                                     (7.01%)
                 0      unc_iio_payload_bytes_in_mem_read_part0_2                                     (7.01%)
                 0      unc_iio_payload_bytes_in_mem_read_part0_3                                     (7.02%)
                 0      unc_iio_payload_bytes_in_mem_read_part0_4                                     (7.02%)
                 0      unc_iio_payload_bytes_in_mem_read_part0_5                                     (7.03%)
                 0      unc_iio_payload_bytes_in_mem_read_part1_0                                     (7.03%)
                 0      unc_iio_payload_bytes_in_mem_read_part1_1                                     (7.03%)
                 0      unc_iio_payload_bytes_in_mem_read_part1_2                                     (7.03%)
                 0      unc_iio_payload_bytes_in_mem_read_part1_3                                     (7.02%)
                 0      unc_iio_payload_bytes_in_mem_read_part1_4                                     (7.03%)
                 0      unc_iio_payload_bytes_in_mem_read_part1_5                                     (5.28%)
                 0      unc_iio_payload_bytes_in_mem_read_part2_0                                     (7.02%)
                 0      unc_iio_payload_bytes_in_mem_read_part2_1                                     (7.01%)
                 0      unc_iio_payload_bytes_in_mem_read_part2_2                                     (5.26%)
                 0      unc_iio_payload_bytes_in_mem_read_part2_3                                     (7.02%)
                 0      unc_iio_payload_bytes_in_mem_read_part2_4                                     (7.01%)
                 0      unc_iio_payload_bytes_in_mem_read_part2_5                                     (5.24%)
                 0      unc_iio_payload_bytes_in_mem_read_part3_0                                     (7.03%)
                 0      unc_iio_payload_bytes_in_mem_read_part3_1                                     (7.02%)
                 0      unc_iio_payload_bytes_in_mem_read_part3_2                                     (5.29%)
                 0      unc_iio_payload_bytes_in_mem_read_part3_3                                     (7.02%)
                 0      unc_iio_payload_bytes_in_mem_read_part3_4                                     (7.01%)
                 0      unc_iio_payload_bytes_in_mem_read_part3_5                                     (7.00%)
                 0      unc_iio_payload_bytes_in_mem_write_part0_0                                     (5.28%)
                 0      unc_iio_payload_bytes_in_mem_write_part0_1                                     (7.02%)
                 0      unc_iio_payload_bytes_in_mem_write_part0_2                                     (7.01%)
                 0      unc_iio_payload_bytes_in_mem_write_part0_3                                     (5.26%)
                 0      unc_iio_payload_bytes_in_mem_write_part0_4                                     (7.01%)
                 0      unc_iio_payload_bytes_in_mem_write_part0_5                                     (7.02%)
                 0      unc_iio_payload_bytes_in_mem_write_part1_0                                     (5.23%)
                 0      unc_iio_payload_bytes_in_mem_write_part1_1                                     (7.01%)
                 0      unc_iio_payload_bytes_in_mem_write_part1_2                                     (6.99%)
                 0      unc_iio_payload_bytes_in_mem_write_part1_3                                     (5.26%)
                 0      unc_iio_payload_bytes_in_mem_write_part1_4                                     (5.26%)
                 0      unc_iio_payload_bytes_in_mem_write_part1_5                                     (7.03%)
                 0      unc_iio_payload_bytes_in_mem_write_part2_0                                     (7.01%)
                 0      unc_iio_payload_bytes_in_mem_write_part2_1                                     (5.28%)
                 0      unc_iio_payload_bytes_in_mem_write_part2_2                                     (7.03%)
                 0      unc_iio_payload_bytes_in_mem_write_part2_3                                     (7.02%)
                 0      unc_iio_payload_bytes_in_mem_write_part2_4                                     (5.27%)
                 0      unc_iio_payload_bytes_in_mem_write_part2_5                                     (7.02%)
                 0      unc_iio_payload_bytes_in_mem_write_part3_0                                     (7.02%)
                 0      unc_iio_payload_bytes_in_mem_write_part3_1                                     (5.26%)
                 0      unc_iio_payload_bytes_in_mem_write_part3_2                                     (7.04%)
                 0      unc_iio_payload_bytes_in_mem_write_part3_3                                     (7.02%)
                 0      unc_iio_payload_bytes_in_mem_write_part3_4                                     (7.02%)
                 0      unc_iio_payload_bytes_in_mem_write_part3_5                                     (7.00%)
                 0      unc_iio_txn_req_by_cpu_mem_read_part0_0                                     (7.01%)
                 0      unc_iio_txn_req_by_cpu_mem_read_part0_1                                     (7.01%)
                 0      unc_iio_txn_req_by_cpu_mem_read_part0_2                                     (7.01%)
                 0      unc_iio_txn_req_by_cpu_mem_read_part0_3                                     (7.02%)
                 0      unc_iio_txn_req_by_cpu_mem_read_part0_4                                     (7.01%)
                 0      unc_iio_txn_req_by_cpu_mem_read_part0_5                                     (7.02%)
                 0      unc_iio_txn_req_by_cpu_mem_read_part1_0                                     (7.01%)
                 0      unc_iio_txn_req_by_cpu_mem_read_part1_1                                     (7.02%)
                 0      unc_iio_txn_req_by_cpu_mem_read_part1_2                                     (6.99%)
                 0      unc_iio_txn_req_by_cpu_mem_read_part1_3                                     (7.02%)
                 0      unc_iio_txn_req_by_cpu_mem_read_part1_4                                     (7.01%)
                 0      unc_iio_txn_req_by_cpu_mem_read_part1_5                                     (7.02%)
                 0      unc_iio_txn_req_by_cpu_mem_read_part2_0                                     (7.01%)
                 0      unc_iio_txn_req_by_cpu_mem_read_part2_1                                     (7.01%)
                 0      unc_iio_txn_req_by_cpu_mem_read_part2_2                                     (7.02%)
                 0      unc_iio_txn_req_by_cpu_mem_read_part2_3                                     (7.02%)
                 0      unc_iio_txn_req_by_cpu_mem_read_part2_4                                     (7.02%)
                 0      unc_iio_txn_req_by_cpu_mem_read_part2_5                                     (7.02%)
                 0      unc_iio_txn_req_by_cpu_mem_read_part3_0                                     (7.02%)
                 0      unc_iio_txn_req_by_cpu_mem_read_part3_1                                     (7.02%)
                 0      unc_iio_txn_req_by_cpu_mem_read_part3_2                                     (7.02%)
                 0      unc_iio_txn_req_by_cpu_mem_read_part3_3                                     (7.02%)
                 0      unc_iio_txn_req_by_cpu_mem_read_part3_4                                     (7.02%)
                 0      unc_iio_txn_req_by_cpu_mem_read_part3_5                                     (7.02%)
                 0      unc_iio_txn_req_by_cpu_mem_write_part0_0                                     (7.02%)
                 0      unc_iio_txn_req_by_cpu_mem_write_part0_1                                     (7.02%)
                 0      unc_iio_txn_req_by_cpu_mem_write_part0_2                                     (7.03%)
                 0      unc_iio_txn_req_by_cpu_mem_write_part0_3                                     (7.02%)
                 0      unc_iio_txn_req_by_cpu_mem_write_part0_4                                     (7.02%)
                 0      unc_iio_txn_req_by_cpu_mem_write_part0_5                                     (7.02%)
                 0      unc_iio_txn_req_by_cpu_mem_write_part1_0                                     (7.03%)
                 0      unc_iio_txn_req_by_cpu_mem_write_part1_1                                     (7.02%)
                 0      unc_iio_txn_req_by_cpu_mem_write_part1_2                                     (7.04%)
                 0      unc_iio_txn_req_by_cpu_mem_write_part1_3                                     (7.02%)
                 0      unc_iio_txn_req_by_cpu_mem_write_part1_4                                     (7.00%)
                 0      unc_iio_txn_req_by_cpu_mem_write_part1_5                                     (7.01%)

      69.869173920 seconds time elapsed

