# started on Mon Feb  5 04:58:51 2024


 Performance counter stats for 'system wide':

                 0      r1b7                                                          (11.93%)
                 0      r1b7                                                          (11.94%)
                 0      r1b7                                                          (11.94%)
                 0      r1b7                                                          (11.94%)
                 0      r1b7                                                          (11.94%)
                 0      r1b7                                                          (11.94%)
                 0      r1b7                                                          (11.94%)
                 0      r1b7                                                          (11.94%)
                 0      r1b7                                                          (11.94%)
                 0      r1b7                                                          (11.94%)
                 0      r1b7                                                          (11.94%)
                 0      r1b7                                                          (11.94%)
                 0      r1b7                                                          (11.94%)
                 0      r1b7                                                          (11.94%)
                 0      r1b7                                                          (11.94%)
                 0      r1b7                                                          (11.94%)
                 0      r1b7                                                          (11.94%)
                 0      r1b7                                                          (11.94%)
                 0      r1b7                                                          (11.94%)
                 0      r1b7                                                          (11.94%)
                 0      r1b7                                                          (11.94%)
                 0      r1b7                                                          (11.94%)
                 0      r1b7                                                          (11.94%)
                 0      r1b7                                                          (11.94%)
                 0      r1b7                                                          (11.94%)
                 0      r1b7                                                          (11.94%)
                 0      r1b7                                                          (11.94%)
                 0      r1b7                                                          (11.94%)
                 0      r1b7                                                          (11.94%)
                 0      r1b7                                                          (11.94%)
         1,019,312      offcore_response.other.any_response                                     (11.94%)
           497,014      offcore_response.other.l3_hit.any_snoop                                     (2.99%)
                 0      offcore_response.other.l3_hit.hit_other_core_no_fwd                                     (2.99%)
           496,644      offcore_response.other.l3_hit.hitm_other_core                                     (2.99%)
                 0      offcore_response.other.l3_hit.no_snoop_needed                                     (2.99%)
                 0      offcore_response.other.l3_hit.snoop_hit_with_fwd                                     (2.99%)
                 0      r1b7                                                          (2.99%)
                 0      r1b7                                                          (4.48%)
                 0      r1b7                                                          (5.97%)
                 0      r1b7                                                          (7.47%)
                 0      r1b7                                                          (8.96%)
                 0      r1b7                                                          (10.45%)
                 0      r1b7                                                          (11.95%)
                 0      r1b7                                                          (11.95%)
                 0      r1b7                                                          (11.95%)
                 0      r1b7                                                          (11.95%)
                 0      r1b7                                                          (11.94%)
                 0      r1b7                                                          (11.94%)
                 0      r1b7                                                          (11.94%)
                 0      r1b7                                                          (11.94%)
                 0      r1b7                                                          (11.94%)
                 0      r1b7                                                          (11.94%)
                 0      r1b7                                                          (11.94%)
                 0      r1b7                                                          (11.94%)
                 0      r1b7                                                          (11.93%)
                 0      r1b7                                                          (11.93%)
                 0      r1b7                                                          (11.93%)
                 0      r1b7                                                          (11.93%)
                 0      r1b7                                                          (11.93%)
                 0      r1b7                                                          (11.93%)
                 0      r1b7                                                          (11.93%)
                 0      r1b7                                                          (11.93%)
                 0      r1b7                                                          (11.93%)
                 0      r1b7                                                          (11.93%)
                 0      r1b7                                                          (11.93%)
                 0      r1b7                                                          (11.93%)
                 0      r10f4                                                         (11.93%)

      69.861994740 seconds time elapsed

