# started on Tue Feb  6 08:49:50 2024


 Performance counter stats for 'system wide':

                 0      r1b7                                                          (11.59%)
                 0      r1b7                                                          (11.59%)
                 0      r1b7                                                          (11.60%)
                 0      r1b7                                                          (11.60%)
                 0      r1b7                                                          (11.60%)
            61,059      r3fc1                                                         (11.60%)
     7,045,824,025      r159                                                          (11.60%)
   115,991,585,647      r1a2                                                          (11.60%)
    37,583,078,201      r8a2                                                          (11.60%)
                 0      r20cc                                                         (11.60%)
                 0      r40cc                                                         (11.60%)
    28,501,873,857      r15e                                                          (11.60%)
     1,676,829,666      r184015e                                                      (11.60%)
                 0      r4c9                                                          (11.60%)
                 0      r80c9                                                         (11.60%)
                 0      r8c9                                                          (11.60%)
                 0      r40c9                                                         (11.60%)
                 0      r10c9                                                         (11.60%)
                 0      r20c9                                                         (11.60%)
                 0      r2c9                                                          (11.60%)
                 0      r1c9                                                          (11.60%)
                 0      r10f4                                                         (11.60%)
                 0      r132                                                          (11.60%)
            79,657      r832                                                          (11.60%)
               552      r232                                                          (11.60%)
                 0      r432                                                          (11.60%)
           236,065      r1bd                                                          (11.60%)
            43,651      r20bd                                                         (11.60%)
                 0      r15d                                                          (11.60%)
                 0      r25d                                                          (11.60%)
                 0      r45d                                                          (11.60%)
                 0      r85d                                                          (11.60%)
                 0      r105d                                                         (11.60%)
                 0      r254                                                          (11.60%)
                 0      r154                                                          (11.60%)
                 0      r1054                                                         (11.60%)
                 0      r854                                                          (11.59%)
                 0      r2054                                                         (11.59%)
                 0      r454                                                          (11.59%)
                 0      r4054                                                         (11.59%)
    26,535,400,834      r1a1                                                          (11.59%)
    30,055,932,353      r2a1                                                          (11.59%)
    32,954,016,500      r4a1                                                          (11.59%)
    33,193,315,136      r8a1                                                          (11.59%)
    41,096,776,359      r10a1                                                         (11.59%)
    29,654,385,518      r20a1                                                         (11.59%)
    37,934,921,501      r40a1                                                         (11.59%)
     2,416,425,069      r80a1                                                         (11.59%)
   212,402,162,133      r2b1                                                          (11.59%)
    76,201,371,121      r10002b1                                                      (11.59%)
    58,474,954,345      r20002b1                                                      (11.59%)
    43,643,028,200      r30002b1                                                      (11.59%)
    23,399,152,405      r40002b1                                                      (11.59%)
   105,037,349,804      r18002b1                                                      (11.59%)
    76,195,774,439      r10001b1                                                      (11.59%)
    58,466,803,930      r20001b1                                                      (11.59%)
    43,632,446,601      r30001b1                                                      (11.59%)
    23,389,777,240      r40001b1                                                      (11.59%)
   105,081,890,998      r18001b1                                                      (11.59%)
   212,536,868,548      r1b1                                                          (11.59%)
         5,188,621      r10b1                                                         (11.59%)
   172,209,720,877      r10e                                                          (11.59%)
        51,567,581      r200e                                                         (11.59%)
   133,001,053,595      r180010e                                                      (11.59%)
                 0      r20e                                                          (11.59%)
    26,675,805,240      r4c2                                                          (11.59%)
   169,223,468,854      r2c2                                                          (11.59%)
   132,011,854,100      r18002c2                                                      (11.59%)
   181,036,983,856      r108002c2                                                     (11.59%)
   135,949,071,894      unc_c_clockticks_0                                            (36.37%)
   135,996,240,023      unc_c_clockticks_1                                            (36.35%)
   136,028,701,055      unc_c_clockticks_2                                            (36.33%)
   136,031,065,219      unc_c_clockticks_3                                            (36.31%)
   136,032,857,853      unc_c_clockticks_4                                            (36.30%)
   136,025,713,828      unc_c_clockticks_5                                            (36.37%)
   136,012,637,604      unc_c_clockticks_6                                            (36.35%)
   135,999,940,242      unc_c_clockticks_7                                            (36.33%)
            92,550      unc_c_fast_asserted_0                                         (36.37%)
           107,462      unc_c_fast_asserted_1                                         (36.37%)
            56,748      unc_c_fast_asserted_2                                         (36.37%)
           169,966      unc_c_fast_asserted_3                                         (36.37%)
           185,603      unc_c_fast_asserted_4                                         (36.37%)
           197,243      unc_c_fast_asserted_5                                         (36.27%)
         7,992,658      unc_c_fast_asserted_6                                         (36.27%)
         7,627,242      unc_c_fast_asserted_7                                         (36.27%)
                 0      unc_c_llc_lookup_data_read_0                                     (36.37%)
                 0      unc_c_llc_lookup_data_read_1                                     (36.35%)
                 0      unc_c_llc_lookup_data_read_2                                     (36.33%)
                 0      unc_c_llc_lookup_data_read_3                                     (36.31%)
                 0      unc_c_llc_lookup_data_read_4                                     (36.29%)
                 0      unc_c_llc_lookup_data_read_5                                     (36.18%)
                 0      unc_c_llc_lookup_data_read_6                                     (36.16%)
                17      unc_c_llc_lookup_data_read_7                                     (36.14%)
                 0      unc_c_llc_lookup_remote_snoop_0                                     (36.37%)
                 0      unc_c_llc_lookup_remote_snoop_1                                     (36.33%)
                 0      unc_c_llc_lookup_remote_snoop_2                                     (36.29%)
                 0      unc_c_llc_lookup_remote_snoop_3                                     (36.25%)
                 0      unc_c_llc_lookup_remote_snoop_4                                     (36.21%)
                 0      unc_c_llc_lookup_remote_snoop_5                                     (36.26%)
                 0      unc_c_llc_lookup_remote_snoop_6                                     (36.22%)
                 0      unc_c_llc_lookup_remote_snoop_7                                     (36.18%)
         9,911,424      unc_c_llc_victims_e_state_0                                     (36.36%)
         9,926,390      unc_c_llc_victims_e_state_1                                     (36.34%)
         9,737,919      unc_c_llc_victims_e_state_2                                     (36.32%)
         9,735,441      unc_c_llc_victims_e_state_3                                     (36.30%)
         9,624,474      unc_c_llc_victims_e_state_4                                     (36.28%)
         9,703,519      unc_c_llc_victims_e_state_5                                     (36.35%)
         9,828,262      unc_c_llc_victims_e_state_6                                     (36.33%)
         9,933,566      unc_c_llc_victims_e_state_7                                     (36.31%)
                60      unc_c_llc_victims_f_state_0                                     (36.36%)
                19      unc_c_llc_victims_f_state_1                                     (36.36%)
                 3      unc_c_llc_victims_f_state_2                                     (36.36%)
                19      unc_c_llc_victims_f_state_3                                     (36.35%)
                19      unc_c_llc_victims_f_state_4                                     (36.35%)
                33      unc_c_llc_victims_f_state_5                                     (36.54%)
                16      unc_c_llc_victims_f_state_6                                     (36.54%)
                14      unc_c_llc_victims_f_state_7                                     (36.54%)
       187,507,143      unc_c_llc_victims_m_state_0                                     (36.36%)
       187,767,065      unc_c_llc_victims_m_state_1                                     (36.40%)
       187,591,148      unc_c_llc_victims_m_state_2                                     (36.43%)
       187,715,585      unc_c_llc_victims_m_state_3                                     (36.47%)
       187,600,072      unc_c_llc_victims_m_state_4                                     (36.51%)
       187,800,737      unc_c_llc_victims_m_state_5                                     (36.66%)
       187,947,792      unc_c_llc_victims_m_state_6                                     (36.69%)
       188,086,059      unc_c_llc_victims_m_state_7                                     (36.73%)
           453,297      unc_c_llc_victims_s_state_0                                     (36.36%)
           459,598      unc_c_llc_victims_s_state_1                                     (36.42%)
           484,314      unc_c_llc_victims_s_state_2                                     (36.48%)
           487,900      unc_c_llc_victims_s_state_3                                     (36.54%)
           489,822      unc_c_llc_victims_s_state_4                                     (36.60%)
           474,697      unc_c_llc_victims_s_state_5                                     (36.47%)
           509,541      unc_c_llc_victims_s_state_6                                     (36.53%)
           472,144      unc_c_llc_victims_s_state_7                                     (36.59%)
                 0      unc_c_tor_inserts_irq_0                                       (36.36%)
                 0      unc_c_tor_inserts_irq_1                                       (36.39%)
                 0      unc_c_tor_inserts_irq_2                                       (36.41%)
                 0      unc_c_tor_inserts_irq_3                                       (36.43%)
                 0      unc_c_tor_inserts_irq_4                                       (36.45%)
                 3      unc_c_tor_inserts_irq_5                                       (36.38%)
                 0      unc_c_tor_inserts_irq_6                                       (36.40%)
                 0      unc_c_tor_inserts_irq_7                                       (36.42%)
                 0      unc_c_tor_inserts_irq_hit_0                                     (36.36%)
                 0      unc_c_tor_inserts_irq_hit_1                                     (36.37%)
                 0      unc_c_tor_inserts_irq_hit_2                                     (36.37%)
                 0      unc_c_tor_inserts_irq_hit_3                                     (36.37%)
                 0      unc_c_tor_inserts_irq_hit_4                                     (36.37%)
                 0      unc_c_tor_inserts_irq_hit_5                                     (36.27%)
                 0      unc_c_tor_inserts_irq_hit_6                                     (36.27%)
                 0      unc_c_tor_inserts_irq_hit_7                                     (36.27%)
                 0      unc_c_tor_inserts_irq_miss_0                                     (36.36%)
                 0      unc_c_tor_inserts_irq_miss_1                                     (36.34%)
                 0      unc_c_tor_inserts_irq_miss_2                                     (36.33%)
                 0      unc_c_tor_inserts_irq_miss_3                                     (36.31%)
                 0      unc_c_tor_inserts_irq_miss_4                                     (36.29%)
                 0      unc_c_tor_inserts_irq_miss_5                                     (36.27%)
                 0      unc_c_tor_inserts_irq_miss_6                                     (36.25%)
                 0      unc_c_tor_inserts_irq_miss_7                                     (36.23%)

      70.071405228 seconds time elapsed

