# started on Mon Feb  5 02:21:50 2024


 Performance counter stats for 'system wide':

    29,298,435,839        branch-instructions       #   52.465 M/sec                    (18.87%)
        18,001,787        branch-misses             #    0.06% of all branches          (16.99%)
     1,864,489,236        bus-cycles                #    3.339 M/sec                    (16.99%)
     8,119,053,747        cache-misses              #   96.266 % of all cache refs      (16.99%)
     8,429,155,643        cache-references          #   15.094 M/sec                    (16.99%)
   169,126,221,541        cpu-cycles                #    0.303 GHz                      (16.99%)
   198,399,161,789        instructions              #    1.17  insn per cycle           (18.88%)
   156,688,233,023        ref-cycles                #  280.585 M/sec                    (20.76%)
                 0        alignment-faults          #    0.000 K/sec                  
                 0        bpf-output                #    0.000 K/sec                  
            21,651        context-switches          #    0.039 K/sec                  
        558,439.00 msec   cpu-clock                 #    7.999 CPUs utilized          
               244        cpu-migrations            #    0.000 K/sec                  
                 0        dummy                     #    0.000 K/sec                  
                 0        emulation-faults          #    0.000 K/sec                  
                 7        major-faults              #    0.000 K/sec                  
            18,816        minor-faults              #    0.034 K/sec                  
            18,792        page-faults               #    0.034 K/sec                  
        558,429.34 msec   task-clock                #    7.999 CPUs utilized          
     8,774,598,104        L1-dcache-load-misses     #   18.18% of all L1-dcache hits    (20.76%)
    48,272,525,457        L1-dcache-loads           #   86.443 M/sec                    (20.76%)
    29,134,307,511        L1-dcache-stores          #   52.171 M/sec                    (20.76%)
       164,122,182        L1-icache-load-misses                                         (20.76%)
       602,466,088        LLC-load-misses           #   97.02% of all LL-cache hits     (20.76%)
       620,972,013        LLC-loads                 #    1.112 M/sec                    (20.76%)
     1,891,749,119        LLC-store-misses          #    3.388 M/sec                    (3.77%)
     1,895,455,737        LLC-stores                #    3.394 M/sec                    (3.77%)
        18,319,041        branch-load-misses        #    0.033 M/sec                    (5.66%)
    29,351,801,489        branch-loads              #   52.561 M/sec                    (7.55%)
           301,355        dTLB-load-misses          #    0.00% of all dTLB cache hits   (9.43%)
    48,326,446,200        dTLB-loads                #   86.539 M/sec                    (11.32%)
           356,349        dTLB-store-misses         #    0.638 K/sec                    (13.21%)
    29,174,214,622        dTLB-stores               #   52.243 M/sec                    (15.09%)
           162,687        iTLB-load-misses          #    4.22% of all iTLB cache hits   (15.09%)
         3,851,986        iTLB-loads                #    0.007 M/sec                    (15.09%)
                 0        node-load-misses          #    0.000 K/sec                    (15.09%)
       603,496,376        node-loads                #    1.081 M/sec                    (15.09%)
                 0        node-store-misses         #    0.000 K/sec                    (3.77%)
     1,885,528,370        node-stores               #    3.376 M/sec                    (3.77%)
    29,311,947,482        branch-instructions       #   52.490 M/sec                    (5.66%)
        18,246,303        branch-misses             #    0.06% of all branches          (7.55%)
     1,870,084,532        bus-cycles                #    3.349 M/sec                    (9.43%)
     8,123,271,442        cache-misses              #   96.316 % of all cache refs      (11.32%)
     8,438,861,729        cache-references          #   15.112 M/sec                    (13.21%)
   169,287,492,661        cpu-cycles                #    0.303 GHz                      (15.09%)
                 0        cstate_core/c3-residency/ #    0.000 K/sec                  
                 0        cstate_core/c6-residency/ #    0.000 K/sec                  
                 0        cstate_core/c7-residency/ #    0.000 K/sec                  
                 0        cstate_pkg/c2-residency/  #    0.000 K/sec                  
                 0        cstate_pkg/c3-residency/  #    0.000 K/sec                  
                 0        cstate_pkg/c6-residency/  #    0.000 K/sec                  
                 0        cstate_pkg/c7-residency/  #    0.000 K/sec                  
                 0        cycles-ct                 #    0.000 K/sec                    (16.98%)
                 0        cycles-t                  #    0.000 K/sec                    (16.98%)
                 0        el-abort                  #    0.000 K/sec                    (16.98%)
                 0        el-capacity               #    0.000 K/sec                    (16.98%)
                 0        el-commit                 #    0.000 K/sec                    (16.98%)
                 0        el-conflict               #    0.000 K/sec                    (16.98%)
                 0        el-start                  #    0.000 K/sec                    (16.98%)
   198,355,702,110        instructions              #    1.17  insn per cycle           (18.87%)
     <not counted>        intel_pt//                                                    (0.00%)
                 0        mem-loads                 #    0.000 K/sec                    (18.87%)
    29,076,008,669        mem-stores                #   52.067 M/sec                    (16.98%)
   182,024,997,380        msr/aperf/                #  325.956 M/sec                  
               266 C      msr/cpu_thermal_margin/   #    0.000 K/sec                  
   185,712,514,739        msr/mperf/                #  332.559 M/sec                  
   182,019,849,856        msr/pperf/                #  325.947 M/sec                  
                 0        msr/smi/                  #    0.000 K/sec                  
 1,169,740,188,830        msr/tsc/                  # 2094.679 M/sec                  
          2,374.59 Joules power/energy-pkg/         #    0.004 K/sec                  
            589.19 Joules power/energy-ram/         #    0.001 K/sec                  
   156,525,123,922        ref-cycles                #  280.293 M/sec                    (18.87%)
    29,935,310,050        topdown-fetch-bubbles     #      4.4% frontend bound          (18.87%)
       816,415,584        topdown-recovery-bubbles  #      0.2% bad speculation         (18.87%)
   174,710,802,267        topdown-slots-issued      #     69.6% backend bound           (18.87%)
   174,070,922,903        topdown-slots-retired     #     25.7% retiring                (18.87%)
   676,422,518,484        topdown-total-slots       # 1211.284 M/sec                    (20.76%)
                 0        tx-abort                  #    0.000 K/sec                    (20.76%)
                 0        tx-capacity               #    0.000 K/sec                    (20.76%)
                 0        tx-commit                 #    0.000 K/sec                    (18.87%)

      69.813842437 seconds time elapsed

