# started on Tue Feb  6 07:01:13 2024


 Performance counter stats for 'system wide':

           300,820      r185                                                          (6.94%)
         3,867,429      r2085                                                         (8.33%)
        14,023,566      r1001085                                                      (9.72%)
           115,659      re85                                                          (11.11%)
                 0      r885                                                          (11.11%)
             4,914      r485                                                          (11.11%)
           104,680      r285                                                          (11.11%)
        13,350,517      r1085                                                         (11.11%)
     8,768,489,014      r151                                                          (11.11%)
    17,274,695,624      r248                                                          (11.11%)
   413,909,136,950      r148                                                          (11.11%)
   139,769,164,861      r1000148                                                      (11.11%)
   139,767,589,118      r1200148                                                      (11.11%)
     8,732,724,454      r1ff1                                                         (11.11%)
     8,329,111,308      r2f2                                                          (11.11%)
        86,568,386      r1f2                                                          (11.11%)
         7,684,293      r4f2                                                          (11.11%)
         7,655,505      r4f2                                                          (11.11%)
       121,257,509      re424                                                         (11.11%)
     1,446,284,480      re124                                                         (11.11%)
     1,058,817,399      r2724                                                         (11.11%)
     3,570,406,804      re724                                                         (11.11%)
    10,224,245,493      rf824                                                         (11.11%)
     2,002,232,932      re224                                                         (11.11%)
       101,301,687      rc424                                                         (11.11%)
        21,532,377      r2424                                                         (11.11%)
     1,339,645,989      rc124                                                         (11.12%)
       107,474,186      r2124                                                         (11.12%)
     8,735,616,606      r3f24                                                         (11.12%)
     2,551,495,875      rd824                                                         (11.12%)
     7,676,125,897      r3824                                                         (11.12%)
    13,801,516,570      rff24                                                         (11.12%)
     1,072,849,035      rc224                                                         (11.12%)
       929,578,221      r2224                                                         (11.12%)
     8,332,573,815      r40f0                                                         (11.12%)
             2,987      r803                                                          (11.12%)
         2,667,859      r203                                                          (11.12%)
       401,463,312      r107                                                          (11.12%)
           197,792      r14c                                                          (11.12%)
     8,120,853,180      r412e                                                         (11.12%)
     8,418,812,122      r4f2e                                                         (11.12%)
                 0      r40001a8                                                      (11.12%)
                 0      r10001a8                                                      (11.12%)
                 0      r40001a8                                                      (11.12%)
                 0      r1a8                                                          (11.12%)
         2,974,277      r10401c3                                                      (11.12%)
           728,431      r2c3                                                          (11.12%)
         1,034,830      r4c3                                                          (11.12%)
    46,325,576,093      r81d0                                                         (11.12%)
    29,629,888,842      r82d0                                                         (11.12%)
    75,965,983,717      r83d0                                                         (11.12%)
        12,466,129      r21d0                                                         (11.12%)
           335,619      r41d0                                                         (5.56%)
           730,592      r42d0                                                         (5.56%)
           401,757      r11d0                                                         (5.56%)
           148,043      r12d0                                                         (5.55%)
            48,105      r2d2                                                          (5.55%)
         1,436,725      r4d2                                                          (5.55%)
             7,979      r1d2                                                          (5.55%)
        10,228,300      r8d2                                                          (5.55%)
       527,237,120      r1d3                                                          (6.94%)
                 0      r2d3                                                          (8.33%)
                 0      r8d3                                                          (9.72%)
                 0      r4d3                                                          (11.10%)
                 0      r4d4                                                          (11.10%)
    23,734,530,149      r40d1                                                         (11.10%)
    20,470,796,898      r1d1                                                          (11.10%)
     2,205,844,662      r8d1                                                          (11.10%)
     1,534,634,895      r2d1                                                          (11.10%)
       670,980,781      r10d1                                                         (5.55%)
         9,925,593      r4d1                                                          (5.55%)
       658,291,684      r20d1                                                         (5.55%)
   <not supported>      r1cd:p                                                      
   <not supported>      r1cd:p                                                      
   <not supported>      r1cd:p                                                      
   <not supported>      r1cd:p                                                      
   <not supported>      r1cd:p                                                      
   <not supported>      r1cd:p                                                      
   <not supported>      r1cd:p                                                      
   <not supported>      r1cd:p                                                      

      69.895240946 seconds time elapsed

