# started on Tue Feb  6 07:33:06 2024


 Performance counter stats for 'system wide':

         4,188,616      r109                                                          (10.00%)
     5,038,398,148      r8b0                                                          (10.00%)
    17,776,323,989      r80b0                                                         (10.00%)
        26,121,488      r2b0                                                          (10.00%)
       527,210,287      r1b0                                                          (10.00%)
     1,784,679,143      r4b0                                                          (10.00%)
       128,533,101      r10b0                                                         (10.00%)
    81,292,370,790      r1b2                                                          (10.00%)
 1,284,966,666,883      r860                                                          (10.00%)
   143,889,909,018      r1000860                                                      (10.00%)
       595,345,148      r1000260                                                      (10.00%)
    56,556,894,960      r1000160                                                      (10.00%)
    87,447,398,432      r1000460                                                      (10.00%)
    21,791,356,137      r1001060                                                      (10.00%)
     2,084,270,924      r260                                                          (10.00%)
    99,770,995,127      r160                                                          (10.00%)
        35,675,293      r6000160                                                      (10.00%)
   434,441,092,883      r460                                                          (10.00%)
    38,128,357,934      r1060                                                         (10.00%)
           817,854      r6001060                                                      (10.00%)
                 0      r1b7                                                          (10.00%)
                 0      r1b7                                                          (10.00%)
                 0      r1b7                                                          (10.00%)
                 0      r1b7                                                          (10.00%)
                 0      r1b7                                                          (10.00%)
                 0      r1b7                                                          (10.00%)
                 0      r1b7                                                          (10.00%)
                 0      r1b7                                                          (10.00%)
                 0      r1b7                                                          (10.00%)
                 0      r1b7                                                          (10.00%)
                 0      r1b7                                                          (10.00%)
                 0      r1b7                                                          (10.00%)
                 0      r1b7                                                          (10.00%)
                 0      r1b7                                                          (10.00%)
                 0      r1b7                                                          (10.00%)
                 0      r1b7                                                          (10.00%)
                 0      r1b7                                                          (10.00%)
                 0      r1b7                                                          (10.00%)
                 0      r1b7                                                          (10.00%)
                 0      r1b7                                                          (10.00%)
                 0      r1b7                                                          (10.00%)
                 0      r1b7                                                          (10.00%)
                 0      r1b7                                                          (10.00%)
                 0      r1b7                                                          (10.00%)
                 0      r1b7                                                          (10.00%)
                 0      r1b7                                                          (10.00%)
                 0      r1b7                                                          (10.00%)
                 0      r1b7                                                          (10.00%)
                 0      r1b7                                                          (10.00%)
                 0      r1b7                                                          (10.00%)
                 0      r1b7                                                          (10.00%)
                 0      r1b7                                                          (10.00%)
                 0      r1b7                                                          (10.00%)
                 0      r1b7                                                          (10.00%)
                 0      r1b7                                                          (10.00%)
                 0      r1b7                                                          (10.00%)
                 0      r1b7                                                          (10.00%)
                 0      r1b7                                                          (10.00%)
                 0      r1b7                                                          (10.00%)
                 0      r1b7                                                          (10.00%)
                 0      r1b7                                                          (10.00%)
                 0      r1b7                                                          (10.00%)
                 0      r1b7                                                          (10.00%)
                 0      r1b7                                                          (10.00%)
                 0      r1b7                                                          (10.00%)
                 0      r1b7                                                          (10.00%)
                 0      r1b7                                                          (10.00%)
                 0      r1b7                                                          (10.00%)
                 0      r1b7                                                          (10.00%)
                 0      r1b7                                                          (10.00%)
                 0      r1b7                                                          (10.00%)
                 0      r1b7                                                          (10.00%)
                 0      r1b7                                                          (10.00%)
                 0      r1b7                                                          (10.00%)
                 0      r1b7                                                          (10.00%)
                 0      r1b7                                                          (10.00%)
                 0      r1b7                                                          (10.00%)
                 0      r1b7                                                          (10.00%)
                 0      r1b7                                                          (10.00%)
                 0      r1b7                                                          (10.00%)

      69.843927579 seconds time elapsed

