# started on Mon Feb  5 22:41:45 2024


 Performance counter stats for 'system wide':

                 0      syscalls:sys_exit_ustat                                     
                 0      syscalls:sys_exit_utime                                     
                 0      syscalls:sys_exit_utimensat                                   
                 0      syscalls:sys_exit_utimes                                    
                 0      syscalls:sys_exit_vfork                                     
                 0      syscalls:sys_exit_vhangup                                   
                 0      syscalls:sys_exit_vmsplice                                   
                44      syscalls:sys_exit_wait4                                     
                 6      syscalls:sys_exit_waitid                                    
               249      syscalls:sys_exit_write                                     
                 1      syscalls:sys_exit_writev                                    
               104      task:task_newtask                                           
                17      task:task_rename                                            
                 0      tcp:tcp_bad_csum                                            
                 0      tcp:tcp_cong_state_set                                      
                 0      tcp:tcp_destroy_sock                                        
                 0      tcp:tcp_probe                                               
                 0      tcp:tcp_rcv_space_adjust                                    
                 0      tcp:tcp_receive_reset                                       
                 0      tcp:tcp_retransmit_skb                                      
                 0      tcp:tcp_retransmit_synack                                   
                 0      tcp:tcp_send_reset                                          
                 0      thermal:cdev_update                                         
                 0      thermal:thermal_temperature                                   
                 0      thermal:thermal_zone_trip                                   
                 0      thp:hugepage_set_pmd                                        
                 0      thp:hugepage_update                                         
                 0      thp:remove_migration_pmd                                    
                 0      thp:set_migration_pmd                                       
            98,093      timer:hrtimer_cancel                                        
            80,740      timer:hrtimer_expire_entry                                   
            80,740      timer:hrtimer_expire_exit                                   
             4,136      timer:hrtimer_init                                          
            98,067      timer:hrtimer_start                                         
                 0      timer:itimer_expire                                         
                 4      timer:itimer_state                                          
             9,832      timer:tick_stop                                             
             4,161      timer:timer_cancel                                          
             4,105      timer:timer_expire_entry                                    
             4,105      timer:timer_expire_exit                                     
             2,711      timer:timer_init                                            
             4,145      timer:timer_start                                           
            10,122      tlb:tlb_flush                                               
                 0      udp:udp_fail_queue_rcv_skb                                   
               752      vmalloc:alloc_vmap_area                                     
               761      vmalloc:free_vmap_area_noflush                                   
                15      vmalloc:purge_vmap_area_lazy                                   
                 0      vmscan:mm_shrink_slab_end                                   
                 0      vmscan:mm_shrink_slab_start                                   
                 0      vmscan:mm_vmscan_direct_reclaim_begin                                   
                 0      vmscan:mm_vmscan_direct_reclaim_end                                   
                 0      vmscan:mm_vmscan_kswapd_sleep                                   
                 0      vmscan:mm_vmscan_kswapd_wake                                   
                 0      vmscan:mm_vmscan_lru_isolate                                   
                 0      vmscan:mm_vmscan_lru_shrink_active                                   
                 0      vmscan:mm_vmscan_lru_shrink_inactive                                   
                 0      vmscan:mm_vmscan_memcg_reclaim_begin                                   
                 0      vmscan:mm_vmscan_memcg_reclaim_end                                   
                 0      vmscan:mm_vmscan_memcg_softlimit_reclaim_begin                                   
                 0      vmscan:mm_vmscan_memcg_softlimit_reclaim_end                                   
                 0      vmscan:mm_vmscan_node_reclaim_begin                                   
                 0      vmscan:mm_vmscan_node_reclaim_end                                   
                 0      vmscan:mm_vmscan_throttled                                   
                 0      vmscan:mm_vmscan_wakeup_kswapd                                   
                 0      vmscan:mm_vmscan_write_folio                                   
                 0      vsock:virtio_transport_alloc_pkt                                   
                 0      vsock:virtio_transport_recv_pkt                                   
                 0      vsyscall:emulate_vsyscall                                   
                 0      watchdog:watchdog_ping                                      
                 0      watchdog:watchdog_set_timeout                                   
                 0      watchdog:watchdog_start                                     
                 0      watchdog:watchdog_stop                                      
                 0      wbt:wbt_lat                                                 
                 0      wbt:wbt_stat                                                
                23      wbt:wbt_step                                                
                79      wbt:wbt_timer                                               
             1,514      workqueue:workqueue_activate_work                                   
             1,516      workqueue:workqueue_execute_end                                   
             1,516      workqueue:workqueue_execute_start                                   
             1,514      workqueue:workqueue_queue_work                                   

      69.777553198 seconds time elapsed

