# started on Mon Feb  5 08:27:51 2024


 Performance counter stats for 'system wide':

   169,096,432,204      r728                                                          (44.44%)
                 0      r1828                                                         (44.44%)
                 0      r2028                                                         (44.44%)
           203,875      r4028                                                         (44.44%)
           928,516      r20ef                                                         (44.45%)
         5,597,676      r10ef                                                         (44.45%)
        11,543,664      r2ef                                                          (44.45%)
        82,211,387      r1ef                                                          (44.45%)
         2,187,077      r40ef                                                         (44.45%)
         2,381,935      r8ef                                                          (44.45%)
             3,256      r4ef                                                          (44.45%)
           565,402      r1cb                                                          (44.45%)
     8,157,624,622      r4fe                                                          (44.45%)
       272,201,217      r2fe                                                          (44.44%)
                 5      r132                                                          (44.44%)
            53,880      r832                                                          (44.44%)
           646,011      r232                                                          (44.44%)
                 0      r432                                                          (44.44%)

      69.795277542 seconds time elapsed

