# started on Mon Feb  5 08:59:44 2024


 Performance counter stats for 'system wide':

        36,598,056      r1000114                                                      (10.53%)
         6,628,043      r1e6                                                          (10.53%)
    29,542,129,644      rc4                                                           (10.53%)
   <not supported>      r4c4:p                                                      
    29,240,552,378      r1c4                                                          (10.53%)
         1,233,671      r40c4                                                         (10.53%)
       145,808,235      r2c4                                                          (10.53%)
       146,108,411      r8c4                                                          (10.53%)
    27,497,383,035      r20c4                                                         (10.53%)
     2,048,531,721      r10c4                                                         (10.53%)
        12,951,974      rc5                                                           (10.53%)
   <not supported>      r4c5:p                                                      
         3,232,401      r1c5                                                          (10.53%)
            28,325      r2c5                                                          (10.53%)
        12,050,848      r20c5                                                         (10.53%)
     1,841,374,410      r23c                                                          (10.53%)
     1,840,439,573      r13c                                                          (10.54%)
     1,840,322,834      r20013c                                                       (10.54%)
     1,840,765,643      r23c                                                          (10.54%)
   154,806,719,555      r300                                                          (11.85%)
     1,840,565,384      r13c                                                          (11.85%)
     1,840,647,147      r20013c                                                       (11.85%)
           498,823      r104003c                                                      (11.85%)
   168,062,195,694      r3c                                                           (13.16%)
   168,072,040,231      r20003c                                                       (13.16%)
   168,012,161,592      r3c                                                           (13.16%)
   168,115,440,842      r20003c                                                       (13.16%)
   139,964,200,841      r80008a3                                                      (13.16%)
    72,717,523,952      r10001a3                                                      (13.16%)
   159,104,440,602      r100010a3                                                     (11.84%)
    84,354,483,265      rc000ca3                                                      (11.84%)
    52,218,104,062      r50005a3                                                      (11.84%)
    86,876,413,023      r140014a3                                                     (11.84%)
    92,716,084,821      r40004a3                                                      (11.84%)
    13,827,516,307      r2a6                                                          (11.84%)
    14,202,504,595      r4a6                                                          (10.52%)
    21,878,254,261      r8a6                                                          (10.52%)
    14,413,334,695      r10a6                                                         (10.52%)
     5,010,165,915      r40a6                                                         (10.52%)
       588,484,644      r1a6                                                          (10.52%)
           504,732      r187                                                          (10.52%)
   200,191,330,007      rc0                                                           (11.84%)
   200,254,187,117      rc0                                                           (11.84%)
   <not supported>      r1c0:p                                                      
   <not supported>      ra8001c0:p                                                  
       223,457,682      r800d                                                         (11.84%)
       168,095,017      r10d                                                          (11.84%)
       167,563,130      r20010d                                                       (11.84%)
               566      r803                                                          (11.84%)
         8,836,940      r203                                                          (11.84%)
       372,706,359      r107                                                          (11.84%)
           265,325      r14c                                                          (11.84%)
                 0      r40001a8                                                      (11.84%)
                 0      r10001a8                                                      (10.52%)
                 0      r1a8                                                          (10.52%)
         2,837,364      r10401c3                                                      (10.52%)
           650,200      r4c3                                                          (10.52%)
            39,772      r3fc1                                                         (10.53%)
   111,354,710,151      r1a2                                                          (10.53%)
     6,719,947,836      r8a2                                                          (10.53%)
                 0      r20cc                                                         (10.53%)
     4,979,067,692      r15e                                                          (10.53%)
       266,383,847      r184015e                                                      (10.53%)
    27,595,354,073      r1a1                                                          (10.52%)
    32,828,482,029      r2a1                                                          (10.52%)
    41,044,518,113      r4a1                                                          (10.52%)
    36,621,130,731      r8a1                                                          (10.53%)
    33,485,716,014      r10a1                                                         (10.53%)
    34,841,739,400      r20a1                                                         (10.53%)
    40,105,174,315      r40a1                                                         (10.53%)
       583,836,814      r80a1                                                         (10.53%)
   223,637,179,193      r2b1                                                          (10.53%)
    75,498,997,416      r10002b1                                                      (10.53%)
    61,618,559,531      r20002b1                                                      (10.53%)
    47,403,792,269      r30002b1                                                      (10.53%)
    25,525,671,275      r40002b1                                                      (10.53%)
    92,831,628,464      r18002b1                                                      (10.53%)
    75,454,941,949      r10001b1                                                      (10.53%)
    61,617,901,557      r20001b1                                                      (10.53%)
    47,462,715,128      r30001b1                                                      (10.53%)

      69.790462806 seconds time elapsed

