# started on Mon Feb  5 06:43:57 2024


 Performance counter stats for 'system wide':

        41,276,117      r2ab                                                          (19.51%)
                 0      r1c6                                                          (19.51%)
                 0      r1c6                                                          (19.51%)
                 0      r1c6                                                          (19.51%)
                 0      r1c6                                                          (19.51%)
                 0      r1c6                                                          (9.76%)
                 0      r1c6                                                          (9.76%)
                 0      r1c6                                                          (9.76%)
                 0      r1c6                                                          (9.76%)
                 0      r1c6                                                          (9.76%)
                 0      r1c6                                                          (9.76%)
                 0      r1c6                                                          (9.76%)
                 0      r1c6                                                          (9.76%)
                 0      r1c6                                                          (9.76%)
                 0      r1c6                                                          (9.76%)
                 0      r1c6                                                          (9.76%)
                 0      r1c6                                                          (9.76%)
                 0      r1c6                                                          (9.76%)
       363,430,419      r480                                                          (12.20%)
    42,544,207,250      r183                                                          (14.64%)
       137,654,173      r283                                                          (17.08%)
        84,538,047      r483                                                          (19.52%)
    27,763,238,520      r4001879                                                      (19.52%)
    55,462,548,891      r1001879                                                      (19.52%)
       598,998,024      r4002479                                                      (19.52%)
     1,736,890,425      r1002479                                                      (19.52%)
    55,079,938,849      r1000879                                                      (19.52%)
   164,905,383,636      r879                                                          (19.52%)
     1,123,860,062      r1000479                                                      (19.52%)
     3,005,786,488      r479                                                          (19.52%)
     1,018,782,319      r1003079                                                      (19.51%)
       395,186,534      r1001079                                                      (19.51%)
     1,581,944,962      r2079                                                         (19.51%)
       309,285,884      r1043079                                                      (19.51%)
     2,873,151,537      r3079                                                         (19.51%)
    29,892,515,406      r19c                                                          (19.51%)
       979,216,798      r400019c                                                      (19.51%)
   156,615,717,524      r180019c                                                      (19.51%)
     5,264,920,826      r300019c                                                      (19.51%)
    11,045,235,312      r200019c                                                      (19.51%)
    12,628,498,352      r100019c                                                      (19.51%)

      69.893770730 seconds time elapsed

