# started on Tue Feb  6 09:59:30 2024


 Performance counter stats for 'system wide':

             2,531      unc_h_dir_update_ha_0                                         (23.54%)
             2,634      unc_h_dir_update_ha_1                                         (23.54%)
             1,946      unc_h_dir_update_ha_2                                         (23.54%)
             2,846      unc_h_dir_update_ha_3                                         (23.54%)
             2,991      unc_h_dir_update_ha_4                                         (23.53%)
             2,023      unc_h_dir_update_ha_5                                         (23.53%)
             3,021      unc_h_dir_update_ha_6                                         (23.53%)
             2,622      unc_h_dir_update_ha_7                                         (23.54%)
             2,567      unc_h_dir_update_tor_0                                        (23.53%)
             2,682      unc_h_dir_update_tor_1                                        (23.53%)
             1,942      unc_h_dir_update_tor_2                                        (23.53%)
             3,005      unc_h_dir_update_tor_3                                        (23.53%)
             2,830      unc_h_dir_update_tor_4                                        (23.54%)
             1,946      unc_h_dir_update_tor_5                                        (23.53%)
             2,919      unc_h_dir_update_tor_6                                        (23.53%)
                 0      unc_h_dir_update_tor_7                                        (23.53%)
                 0      unc_h_hitme_hit_ex_rds_0                                      (23.53%)
             1,032      unc_h_hitme_hit_ex_rds_1                                      (23.54%)
               735      unc_h_hitme_hit_ex_rds_2                                      (23.54%)
                 0      unc_h_hitme_hit_ex_rds_3                                      (23.53%)
             1,092      unc_h_hitme_hit_ex_rds_4                                      (23.54%)
               777      unc_h_hitme_hit_ex_rds_5                                      (23.68%)
               942      unc_h_hitme_hit_ex_rds_6                                      (23.68%)
             2,792      unc_h_hitme_hit_ex_rds_7                                      (23.54%)
               136      unc_h_misc_rfo_hit_s_0                                        (23.53%)
               220      unc_h_misc_rfo_hit_s_1                                        (23.58%)
                76      unc_h_misc_rfo_hit_s_2                                        (23.65%)
               237      unc_h_misc_rfo_hit_s_3                                        (23.67%)
               743      unc_h_misc_rfo_hit_s_4                                        (23.54%)
                85      unc_h_misc_rfo_hit_s_5                                        (23.66%)
               186      unc_h_misc_rfo_hit_s_6                                        (23.69%)
               227      unc_h_misc_rfo_hit_s_7                                        (23.82%)
        28,507,067      unc_h_requests_invitoe_local_0                                     (23.61%)
        28,140,757      unc_h_requests_invitoe_local_1                                     (23.49%)
        28,214,130      unc_h_requests_invitoe_local_2                                     (23.43%)
        28,081,659      unc_h_requests_invitoe_local_3                                     (23.56%)
        28,584,972      unc_h_requests_invitoe_local_4                                     (23.54%)
        28,489,714      unc_h_requests_invitoe_local_5                                     (23.54%)
        28,474,825      unc_h_requests_invitoe_local_6                                     (23.54%)
        28,462,924      unc_h_requests_invitoe_local_7                                     (23.54%)
                 0      unc_h_requests_invitoe_remote_0                                     (23.52%)
                 0      unc_h_requests_invitoe_remote_1                                     (23.54%)
                 0      unc_h_requests_invitoe_remote_2                                     (23.54%)
                 0      unc_h_requests_invitoe_remote_3                                     (23.54%)
                 0      unc_h_requests_invitoe_remote_4                                     (23.54%)
                 0      unc_h_requests_invitoe_remote_5                                     (23.54%)
                 0      unc_h_requests_invitoe_remote_6                                     (23.54%)
                 0      unc_h_requests_invitoe_remote_7                                     (23.54%)
       908,153,166      unc_h_requests_reads_0                                        (23.54%)
       908,087,573      unc_h_requests_reads_1                                        (23.54%)
       908,299,077      unc_h_requests_reads_2                                        (23.54%)
       908,425,037      unc_h_requests_reads_3                                        (23.54%)
       908,105,513      unc_h_requests_reads_4                                        (23.54%)
       908,265,904      unc_h_requests_reads_5                                        (23.54%)
       908,228,509      unc_h_requests_reads_6                                        (23.54%)
       908,003,982      unc_h_requests_reads_7                                        (23.54%)
       908,412,965      unc_h_requests_reads_local_0                                     (23.53%)
       908,468,825      unc_h_requests_reads_local_1                                     (23.53%)
       908,556,646      unc_h_requests_reads_local_2                                     (23.53%)
       908,702,081      unc_h_requests_reads_local_3                                     (23.53%)
       908,605,252      unc_h_requests_reads_local_4                                     (23.52%)
       908,770,677      unc_h_requests_reads_local_5                                     (23.52%)
       908,750,142      unc_h_requests_reads_local_6                                     (23.52%)
       908,769,132      unc_h_requests_reads_local_7                                     (23.53%)
       394,303,137      unc_h_requests_writes_0                                       (23.53%)
       394,139,378      unc_h_requests_writes_1                                       (23.53%)
       394,145,145      unc_h_requests_writes_2                                       (23.53%)
       394,345,660      unc_h_requests_writes_3                                       (23.53%)
       394,203,481      unc_h_requests_writes_4                                       (23.53%)
       394,165,388      unc_h_requests_writes_5                                       (23.53%)
       394,121,888      unc_h_requests_writes_6                                       (23.53%)
       393,704,851      unc_h_requests_writes_7                                       (23.67%)
       394,295,325      unc_h_requests_writes_local_0                                     (23.58%)
       394,298,798      unc_h_requests_writes_local_1                                     (23.53%)
       394,011,688      unc_h_requests_writes_local_2                                     (23.62%)
       393,078,363      unc_h_requests_writes_local_3                                     (23.67%)
       393,529,609      unc_h_requests_writes_local_4                                     (23.53%)
       392,744,091      unc_h_requests_writes_local_5                                     (23.72%)
       392,522,150      unc_h_requests_writes_local_6                                     (23.76%)
       390,021,260      unc_h_requests_writes_local_7                                     (23.71%)
     2,056,687,041      unc_h_rxc_inserts_irq_0                                       (23.58%)
     1,966,106,246      unc_h_rxc_inserts_irq_1                                       (23.56%)
     1,966,456,365      unc_h_rxc_inserts_irq_2                                       (23.60%)
     1,967,854,238      unc_h_rxc_inserts_irq_3                                       (23.62%)
     1,969,023,029      unc_h_rxc_inserts_irq_4                                       (23.53%)
     1,960,036,021      unc_h_rxc_inserts_irq_5                                       (23.57%)
     1,960,777,538      unc_h_rxc_inserts_irq_6                                       (23.59%)
     1,959,775,421      unc_h_rxc_inserts_irq_7                                       (23.60%)
           491,421      unc_h_rxc_irq1_reject_pa_match_0                                     (23.55%)
           481,254      unc_h_rxc_irq1_reject_pa_match_1                                     (23.55%)
           519,537      unc_h_rxc_irq1_reject_pa_match_2                                     (23.55%)
           468,008      unc_h_rxc_irq1_reject_pa_match_3                                     (23.40%)
           472,712      unc_h_rxc_irq1_reject_pa_match_4                                     (23.53%)
           457,980      unc_h_rxc_irq1_reject_pa_match_5                                     (23.40%)
           456,955      unc_h_rxc_irq1_reject_pa_match_6                                     (23.40%)
           445,546      unc_h_rxc_irq1_reject_pa_match_7                                     (23.40%)
    15,749,777,842      unc_h_rxc_occupancy_irq_0                                     (23.49%)
    15,052,883,829      unc_h_rxc_occupancy_irq_1                                     (23.53%)
    15,015,044,618      unc_h_rxc_occupancy_irq_2                                     (23.44%)
    15,253,289,955      unc_h_rxc_occupancy_irq_3                                     (23.39%)
    15,466,777,106      unc_h_rxc_occupancy_irq_4                                     (23.53%)
    15,337,430,918      unc_h_rxc_occupancy_irq_5                                     (23.34%)
    20,698,227,771      unc_h_rxc_occupancy_irq_6                                     (23.30%)
    20,796,568,421      unc_h_rxc_occupancy_irq_7                                     (23.25%)
             7,211      unc_h_snoop_resp_rsp_fwd_wb_0                                     (23.45%)
                94      unc_h_snoop_resp_rsp_fwd_wb_1                                     (23.50%)
                68      unc_h_snoop_resp_rsp_fwd_wb_2                                     (23.46%)
             6,718      unc_h_snoop_resp_rsp_fwd_wb_3                                     (23.45%)
             7,373      unc_h_snoop_resp_rsp_fwd_wb_4                                     (23.53%)
             7,940      unc_h_snoop_resp_rsp_fwd_wb_5                                     (23.41%)
            10,958      unc_h_snoop_resp_rsp_fwd_wb_6                                     (23.38%)
             9,932      unc_h_snoop_resp_rsp_fwd_wb_7                                     (23.35%)
                 0      unc_h_snoop_resp_rspcnflct_0                                     (23.48%)
                 0      unc_h_snoop_resp_rspcnflct_1                                     (23.51%)
                 0      unc_h_snoop_resp_rspcnflct_2                                     (23.51%)
                 0      unc_h_snoop_resp_rspcnflct_3                                     (23.51%)
                 0      unc_h_snoop_resp_rspcnflct_4                                     (23.53%)
                 0      unc_h_snoop_resp_rspcnflct_5                                     (23.49%)
                 0      unc_h_snoop_resp_rspcnflct_6                                     (23.47%)
                 0      unc_h_snoop_resp_rspcnflct_7                                     (23.45%)
                 0      unc_h_snoop_resp_rspifwd_0                                     (23.53%)
                 0      unc_h_snoop_resp_rspifwd_1                                     (23.53%)
                 0      unc_h_snoop_resp_rspifwd_2                                     (23.52%)
                 0      unc_h_snoop_resp_rspifwd_3                                     (23.52%)
                 0      unc_h_snoop_resp_rspifwd_4                                     (23.53%)
                 0      unc_h_snoop_resp_rspifwd_5                                     (23.52%)
                 0      unc_h_snoop_resp_rspifwd_6                                     (23.52%)
                 0      unc_h_snoop_resp_rspifwd_7                                     (23.52%)
                 0      unc_h_snoop_resp_rspsfwd_0                                     (23.53%)
                 0      unc_h_snoop_resp_rspsfwd_1                                     (23.53%)
                 0      unc_h_snoop_resp_rspsfwd_2                                     (23.53%)
                 0      unc_h_snoop_resp_rspsfwd_3                                     (23.53%)
                51      unc_h_snoop_resp_rspsfwd_4                                     (23.53%)
                17      unc_h_snoop_resp_rspsfwd_5                                     (23.53%)
                42      unc_h_snoop_resp_rspsfwd_6                                     (23.53%)
                72      unc_h_snoop_resp_rspsfwd_7                                     (23.53%)
           114,505      unc_i_cache_total_occupancy_mem_0                                     (33.34%)
            88,721      unc_i_cache_total_occupancy_mem_1                                     (33.34%)
                 0      unc_i_cache_total_occupancy_mem_2                                     (33.33%)
                 0      unc_i_cache_total_occupancy_mem_3                                     (33.33%)
                 0      unc_i_cache_total_occupancy_mem_4                                     (33.33%)
                 0      unc_i_cache_total_occupancy_mem_5                                     (33.33%)
                 0      unc_i_coherent_ops_pcitom_0                                     (33.33%)
                 0      unc_i_coherent_ops_pcitom_1                                     (33.33%)
                 0      unc_i_coherent_ops_pcitom_2                                     (33.33%)
                 0      unc_i_coherent_ops_pcitom_3                                     (33.33%)
                 0      unc_i_coherent_ops_pcitom_4                                     (33.33%)
                 0      unc_i_coherent_ops_pcitom_5                                     (33.34%)
               525      unc_i_coherent_ops_rfo_0                                      (33.33%)
                45      unc_i_coherent_ops_rfo_1                                      (33.34%)
                 0      unc_i_coherent_ops_rfo_2                                      (33.34%)
                 0      unc_i_coherent_ops_rfo_3                                      (33.34%)
                 0      unc_i_coherent_ops_rfo_4                                      (33.34%)
                 0      unc_i_coherent_ops_rfo_5                                      (33.33%)
               717      unc_i_faf_inserts_0                                           (33.34%)
            33,050      unc_i_faf_inserts_1                                           (33.33%)
                 0      unc_i_faf_inserts_2                                           (33.33%)
                 0      unc_i_faf_inserts_3                                           (33.33%)
                 0      unc_i_faf_inserts_4                                           (33.33%)
                 0      unc_i_faf_inserts_5                                           (33.33%)
               696      unc_i_faf_occupancy_0                                         (33.33%)
            30,432      unc_i_faf_occupancy_1                                         (33.33%)
                 0      unc_i_faf_occupancy_2                                         (33.33%)
                 0      unc_i_faf_occupancy_3                                         (33.33%)
                 0      unc_i_faf_occupancy_4                                         (33.33%)
                 0      unc_i_faf_occupancy_5                                         (33.34%)
               465      unc_i_transactions_wr_pref_0                                     (33.33%)
               108      unc_i_transactions_wr_pref_1                                     (33.34%)
                 0      unc_i_transactions_wr_pref_2                                     (33.34%)
                 0      unc_i_transactions_wr_pref_3                                     (33.34%)
                 0      unc_i_transactions_wr_pref_4                                     (33.34%)
                 0      unc_i_transactions_wr_pref_5                                     (33.33%)
    67,719,312,515      unc_iio_clockticks_0                                          (7.03%)
    67,807,483,720      unc_iio_clockticks_1                                          (7.04%)
    67,797,681,240      unc_iio_clockticks_2                                          (7.05%)
    67,871,626,491      unc_iio_clockticks_3                                          (7.04%)
                 0      unc_iio_clockticks_4                                          (7.03%)
                 0      unc_iio_clockticks_5                                          (7.04%)
                 0      unc_iio_comp_buf_inserts_cmpd_all_parts_0                                     (7.04%)
                 0      unc_iio_comp_buf_inserts_cmpd_all_parts_1                                     (7.04%)
                 0      unc_iio_comp_buf_inserts_cmpd_all_parts_2                                     (7.03%)
                 0      unc_iio_comp_buf_inserts_cmpd_all_parts_3                                     (7.02%)
                 0      unc_iio_comp_buf_inserts_cmpd_all_parts_4                                     (7.04%)
                 0      unc_iio_comp_buf_inserts_cmpd_all_parts_5                                     (7.00%)
                 0      unc_iio_comp_buf_inserts_cmpd_part0_0                                     (7.03%)
                 0      unc_iio_comp_buf_inserts_cmpd_part0_1                                     (7.03%)
                 0      unc_iio_comp_buf_inserts_cmpd_part0_2                                     (7.02%)
                 0      unc_iio_comp_buf_inserts_cmpd_part0_3                                     (7.03%)
                 0      unc_iio_comp_buf_inserts_cmpd_part0_4                                     (7.03%)
                 0      unc_iio_comp_buf_inserts_cmpd_part0_5                                     (7.03%)
                 0      unc_iio_comp_buf_inserts_cmpd_part1_0                                     (7.03%)
                 0      unc_iio_comp_buf_inserts_cmpd_part1_1                                     (7.03%)
                 0      unc_iio_comp_buf_inserts_cmpd_part1_2                                     (7.03%)
                 0      unc_iio_comp_buf_inserts_cmpd_part1_3                                     (7.03%)
                 0      unc_iio_comp_buf_inserts_cmpd_part1_4                                     (7.02%)
                 0      unc_iio_comp_buf_inserts_cmpd_part1_5                                     (7.06%)
                 0      unc_iio_comp_buf_inserts_cmpd_part2_0                                     (7.03%)
                 0      unc_iio_comp_buf_inserts_cmpd_part2_1                                     (7.03%)
                 0      unc_iio_comp_buf_inserts_cmpd_part2_2                                     (7.04%)
                 0      unc_iio_comp_buf_inserts_cmpd_part2_3                                     (7.02%)
                 0      unc_iio_comp_buf_inserts_cmpd_part2_4                                     (7.03%)
                 0      unc_iio_comp_buf_inserts_cmpd_part2_5                                     (7.02%)
                 0      unc_iio_comp_buf_inserts_cmpd_part3_0                                     (7.03%)
                 0      unc_iio_comp_buf_inserts_cmpd_part3_1                                     (7.03%)
                 0      unc_iio_comp_buf_inserts_cmpd_part3_2                                     (7.02%)
                 0      unc_iio_comp_buf_inserts_cmpd_part3_3                                     (7.03%)
                 0      unc_iio_comp_buf_inserts_cmpd_part3_4                                     (7.01%)
                 0      unc_iio_comp_buf_inserts_cmpd_part3_5                                     (7.01%)
            35,010      unc_iio_comp_buf_occupancy_cmpd_all_parts_0                                     (7.03%)
         5,936,689      unc_iio_comp_buf_occupancy_cmpd_all_parts_1                                     (7.03%)
                 0      unc_iio_comp_buf_occupancy_cmpd_all_parts_2                                     (7.03%)
                 0      unc_iio_comp_buf_occupancy_cmpd_all_parts_3                                     (7.01%)
                 0      unc_iio_comp_buf_occupancy_cmpd_all_parts_4                                     (7.02%)
                 0      unc_iio_comp_buf_occupancy_cmpd_all_parts_5                                     (7.03%)
                 0      unc_iio_comp_buf_occupancy_cmpd_part0_0                                     (7.02%)
        15,936,245      unc_iio_comp_buf_occupancy_cmpd_part0_1                                     (7.02%)
                 0      unc_iio_comp_buf_occupancy_cmpd_part0_2                                     (7.03%)
                 0      unc_iio_comp_buf_occupancy_cmpd_part0_3                                     (7.03%)
                 0      unc_iio_comp_buf_occupancy_cmpd_part0_4                                     (7.02%)
                 0      unc_iio_comp_buf_occupancy_cmpd_part0_5                                     (7.03%)
            33,160      unc_iio_comp_buf_occupancy_cmpd_part1_0                                     (7.02%)
                 0      unc_iio_comp_buf_occupancy_cmpd_part1_1                                     (7.02%)
                 0      unc_iio_comp_buf_occupancy_cmpd_part1_2                                     (7.02%)
                 0      unc_iio_comp_buf_occupancy_cmpd_part1_3                                     (7.02%)
                 0      unc_iio_comp_buf_occupancy_cmpd_part1_4                                     (7.04%)
                 0      unc_iio_comp_buf_occupancy_cmpd_part1_5                                     (7.01%)
                 0      unc_iio_comp_buf_occupancy_cmpd_part2_0                                     (7.02%)
                 0      unc_iio_comp_buf_occupancy_cmpd_part2_1                                     (7.02%)
                 0      unc_iio_comp_buf_occupancy_cmpd_part2_2                                     (7.02%)
                 0      unc_iio_comp_buf_occupancy_cmpd_part2_3                                     (7.04%)
                 0      unc_iio_comp_buf_occupancy_cmpd_part2_4                                     (7.03%)
                 0      unc_iio_comp_buf_occupancy_cmpd_part2_5                                     (7.06%)
                 0      unc_iio_comp_buf_occupancy_cmpd_part3_0                                     (7.02%)
                 0      unc_iio_comp_buf_occupancy_cmpd_part3_1                                     (7.02%)
                 0      unc_iio_comp_buf_occupancy_cmpd_part3_2                                     (7.04%)
                 0      unc_iio_comp_buf_occupancy_cmpd_part3_3                                     (7.03%)
                 0      unc_iio_comp_buf_occupancy_cmpd_part3_4                                     (7.02%)
                 0      unc_iio_comp_buf_occupancy_cmpd_part3_5                                     (7.05%)
                 0      unc_iio_data_req_by_cpu_mem_read_part0_0                                     (7.03%)
                 0      unc_iio_data_req_by_cpu_mem_read_part0_1                                     (7.02%)
                 0      unc_iio_data_req_by_cpu_mem_read_part0_2                                     (7.02%)
                 0      unc_iio_data_req_by_cpu_mem_read_part0_3                                     (7.03%)
                 0      unc_iio_data_req_by_cpu_mem_read_part0_4                                     (7.02%)
                 0      unc_iio_data_req_by_cpu_mem_read_part0_5                                     (7.02%)
                 0      unc_iio_data_req_by_cpu_mem_read_part1_0                                     (7.02%)
                 0      unc_iio_data_req_by_cpu_mem_read_part1_1                                     (7.03%)
                 0      unc_iio_data_req_by_cpu_mem_read_part1_2                                     (7.02%)
                 0      unc_iio_data_req_by_cpu_mem_read_part1_3                                     (7.04%)
                 0      unc_iio_data_req_by_cpu_mem_read_part1_4                                     (7.04%)
                 0      unc_iio_data_req_by_cpu_mem_read_part1_5                                     (7.02%)
                 0      unc_iio_data_req_by_cpu_mem_read_part2_0                                     (7.02%)
                 0      unc_iio_data_req_by_cpu_mem_read_part2_1                                     (7.02%)
                 0      unc_iio_data_req_by_cpu_mem_read_part2_2                                     (7.02%)
                 0      unc_iio_data_req_by_cpu_mem_read_part2_3                                     (7.02%)
                 0      unc_iio_data_req_by_cpu_mem_read_part2_4                                     (7.02%)
                 0      unc_iio_data_req_by_cpu_mem_read_part2_5                                     (7.02%)
                 0      unc_iio_data_req_by_cpu_mem_read_part3_0                                     (7.02%)
                 0      unc_iio_data_req_by_cpu_mem_read_part3_1                                     (7.01%)
                 0      unc_iio_data_req_by_cpu_mem_read_part3_2                                     (7.01%)
                 0      unc_iio_data_req_by_cpu_mem_read_part3_3                                     (7.02%)
                 0      unc_iio_data_req_by_cpu_mem_read_part3_4                                     (7.01%)
                 0      unc_iio_data_req_by_cpu_mem_read_part3_5                                     (7.00%)
                 0      unc_iio_data_req_by_cpu_mem_write_part0_0                                     (7.02%)
                 0      unc_iio_data_req_by_cpu_mem_write_part0_1                                     (7.02%)
                 0      unc_iio_data_req_by_cpu_mem_write_part0_2                                     (7.00%)
                 0      unc_iio_data_req_by_cpu_mem_write_part0_3                                     (7.02%)
                 0      unc_iio_data_req_by_cpu_mem_write_part0_4                                     (7.02%)
                 0      unc_iio_data_req_by_cpu_mem_write_part0_5                                     (6.99%)
                 0      unc_iio_data_req_by_cpu_mem_write_part1_0                                     (7.02%)
                 0      unc_iio_data_req_by_cpu_mem_write_part1_1                                     (7.02%)
                 0      unc_iio_data_req_by_cpu_mem_write_part1_2                                     (7.02%)
                 0      unc_iio_data_req_by_cpu_mem_write_part1_3                                     (7.02%)
                 0      unc_iio_data_req_by_cpu_mem_write_part1_4                                     (7.03%)
                 0      unc_iio_data_req_by_cpu_mem_write_part1_5                                     (7.02%)
                 0      unc_iio_data_req_by_cpu_mem_write_part2_0                                     (7.02%)
                 0      unc_iio_data_req_by_cpu_mem_write_part2_1                                     (7.02%)
                 0      unc_iio_data_req_by_cpu_mem_write_part2_2                                     (7.01%)
                 0      unc_iio_data_req_by_cpu_mem_write_part2_3                                     (7.01%)
                 0      unc_iio_data_req_by_cpu_mem_write_part2_4                                     (7.03%)
                 0      unc_iio_data_req_by_cpu_mem_write_part2_5                                     (7.02%)
                 0      unc_iio_data_req_by_cpu_mem_write_part3_0                                     (7.02%)
                 0      unc_iio_data_req_by_cpu_mem_write_part3_1                                     (7.01%)
                 0      unc_iio_data_req_by_cpu_mem_write_part3_2                                     (7.02%)
                 0      unc_iio_data_req_by_cpu_mem_write_part3_3                                     (7.02%)
                 0      unc_iio_data_req_by_cpu_mem_write_part3_4                                     (7.02%)
                 0      unc_iio_data_req_by_cpu_mem_write_part3_5                                     (7.03%)
                 0      unc_iio_data_req_by_cpu_peer_read_part0_0                                     (7.02%)
                 0      unc_iio_data_req_by_cpu_peer_read_part0_1                                     (7.02%)
                 0      unc_iio_data_req_by_cpu_peer_read_part0_2                                     (7.02%)
                 0      unc_iio_data_req_by_cpu_peer_read_part0_3                                     (7.03%)
                 0      unc_iio_data_req_by_cpu_peer_read_part0_4                                     (7.03%)
                 0      unc_iio_data_req_by_cpu_peer_read_part0_5                                     (7.02%)
                 0      unc_iio_data_req_by_cpu_peer_read_part1_0                                     (7.02%)
                 0      unc_iio_data_req_by_cpu_peer_read_part1_1                                     (7.03%)
                 0      unc_iio_data_req_by_cpu_peer_read_part1_2                                     (7.04%)
                 0      unc_iio_data_req_by_cpu_peer_read_part1_3                                     (7.04%)
                 0      unc_iio_data_req_by_cpu_peer_read_part1_4                                     (7.05%)
                 0      unc_iio_data_req_by_cpu_peer_read_part1_5                                     (7.04%)
                 0      unc_iio_data_req_by_cpu_peer_read_part2_0                                     (7.02%)
                 0      unc_iio_data_req_by_cpu_peer_read_part2_1                                     (7.01%)
                 0      unc_iio_data_req_by_cpu_peer_read_part2_2                                     (7.00%)
                 0      unc_iio_data_req_by_cpu_peer_read_part2_3                                     (6.99%)
                 0      unc_iio_data_req_by_cpu_peer_read_part2_4                                     (6.98%)
                 0      unc_iio_data_req_by_cpu_peer_read_part2_5                                     (7.00%)
                 0      unc_iio_data_req_by_cpu_peer_read_part3_0                                     (7.02%)
                 0      unc_iio_data_req_by_cpu_peer_read_part3_1                                     (7.02%)
                 0      unc_iio_data_req_by_cpu_peer_read_part3_2                                     (7.02%)
                 0      unc_iio_data_req_by_cpu_peer_read_part3_3                                     (7.05%)
                 0      unc_iio_data_req_by_cpu_peer_read_part3_4                                     (7.05%)
                 0      unc_iio_data_req_by_cpu_peer_read_part3_5                                     (7.02%)
                 0      unc_iio_data_req_by_cpu_peer_write_part0_0                                     (7.02%)
                 0      unc_iio_data_req_by_cpu_peer_write_part0_1                                     (7.02%)
                 0      unc_iio_data_req_by_cpu_peer_write_part0_2                                     (7.02%)
                 0      unc_iio_data_req_by_cpu_peer_write_part0_3                                     (7.01%)
                 0      unc_iio_data_req_by_cpu_peer_write_part0_4                                     (6.99%)
                 0      unc_iio_data_req_by_cpu_peer_write_part0_5                                     (6.99%)
                 0      unc_iio_data_req_by_cpu_peer_write_part1_0                                     (7.02%)
                 0      unc_iio_data_req_by_cpu_peer_write_part1_1                                     (7.02%)
                 0      unc_iio_data_req_by_cpu_peer_write_part1_2                                     (7.02%)
                 0      unc_iio_data_req_by_cpu_peer_write_part1_3                                     (7.02%)
                 0      unc_iio_data_req_by_cpu_peer_write_part1_4                                     (7.02%)
                 0      unc_iio_data_req_by_cpu_peer_write_part1_5                                     (7.03%)
                 0      unc_iio_data_req_by_cpu_peer_write_part2_0                                     (7.02%)
                 0      unc_iio_data_req_by_cpu_peer_write_part2_1                                     (7.01%)
                 0      unc_iio_data_req_by_cpu_peer_write_part2_2                                     (7.00%)
                 0      unc_iio_data_req_by_cpu_peer_write_part2_3                                     (7.02%)
                 0      unc_iio_data_req_by_cpu_peer_write_part2_4                                     (7.01%)
                 0      unc_iio_data_req_by_cpu_peer_write_part2_5                                     (7.00%)
                 0      unc_iio_data_req_by_cpu_peer_write_part3_0                                     (7.01%)
                 0      unc_iio_data_req_by_cpu_peer_write_part3_1                                     (7.02%)
                 0      unc_iio_data_req_by_cpu_peer_write_part3_2                                     (7.03%)
                 0      unc_iio_data_req_by_cpu_peer_write_part3_3                                     (7.02%)
                 0      unc_iio_data_req_by_cpu_peer_write_part3_4                                     (7.03%)
                 0      unc_iio_data_req_by_cpu_peer_write_part3_5                                     (7.05%)
                 0      unc_iio_data_req_of_cpu_mem_read_part0_0                                     (7.02%)
                 0      unc_iio_data_req_of_cpu_mem_read_part0_1                                     (7.01%)
                 0      unc_iio_data_req_of_cpu_mem_read_part0_2                                     (7.01%)
                 0      unc_iio_data_req_of_cpu_mem_read_part0_3                                     (7.02%)
                 0      unc_iio_data_req_of_cpu_mem_read_part0_4                                     (7.02%)
                 0      unc_iio_data_req_of_cpu_mem_read_part0_5                                     (7.02%)
                 0      unc_iio_data_req_of_cpu_mem_read_part1_0                                     (7.01%)
                 0      unc_iio_data_req_of_cpu_mem_read_part1_1                                     (7.02%)
                 0      unc_iio_data_req_of_cpu_mem_read_part1_2                                     (7.02%)
                 0      unc_iio_data_req_of_cpu_mem_read_part1_3                                     (7.02%)
                 0      unc_iio_data_req_of_cpu_mem_read_part1_4                                     (7.02%)
                 0      unc_iio_data_req_of_cpu_mem_read_part1_5                                     (7.01%)
                 0      unc_iio_data_req_of_cpu_mem_read_part2_0                                     (7.02%)
                 0      unc_iio_data_req_of_cpu_mem_read_part2_1                                     (7.02%)
                 0      unc_iio_data_req_of_cpu_mem_read_part2_2                                     (7.02%)
                 0      unc_iio_data_req_of_cpu_mem_read_part2_3                                     (7.01%)
                 0      unc_iio_data_req_of_cpu_mem_read_part2_4                                     (7.00%)
                 0      unc_iio_data_req_of_cpu_mem_read_part2_5                                     (5.24%)
                 0      unc_iio_data_req_of_cpu_mem_read_part3_0                                     (7.02%)
                 0      unc_iio_data_req_of_cpu_mem_read_part3_1                                     (7.02%)
                 0      unc_iio_data_req_of_cpu_mem_read_part3_2                                     (5.29%)
                 0      unc_iio_data_req_of_cpu_mem_read_part3_3                                     (7.00%)
                 0      unc_iio_data_req_of_cpu_mem_read_part3_4                                     (6.99%)
                 0      unc_iio_data_req_of_cpu_mem_read_part3_5                                     (5.25%)
                 0      unc_iio_data_req_of_cpu_mem_write_part0_0                                     (7.02%)
                 0      unc_iio_data_req_of_cpu_mem_write_part0_1                                     (7.01%)
                 0      unc_iio_data_req_of_cpu_mem_write_part0_2                                     (7.00%)
                 0      unc_iio_data_req_of_cpu_mem_write_part0_3                                     (5.24%)
                 0      unc_iio_data_req_of_cpu_mem_write_part0_4                                     (7.00%)
                 0      unc_iio_data_req_of_cpu_mem_write_part0_5                                     (6.99%)
                 0      unc_iio_data_req_of_cpu_mem_write_part1_0                                     (5.26%)
                 0      unc_iio_data_req_of_cpu_mem_write_part1_1                                     (7.00%)
                 0      unc_iio_data_req_of_cpu_mem_write_part1_2                                     (6.99%)
                 0      unc_iio_data_req_of_cpu_mem_write_part1_3                                     (5.26%)
                 0      unc_iio_data_req_of_cpu_mem_write_part1_4                                     (5.26%)
                 0      unc_iio_data_req_of_cpu_mem_write_part1_5                                     (7.01%)
                 0      unc_iio_data_req_of_cpu_mem_write_part2_0                                     (5.26%)
                 0      unc_iio_data_req_of_cpu_mem_write_part2_1                                     (5.26%)
                 0      unc_iio_data_req_of_cpu_mem_write_part2_2                                     (7.02%)
                 0      unc_iio_data_req_of_cpu_mem_write_part2_3                                     (7.01%)
                 0      unc_iio_data_req_of_cpu_mem_write_part2_4                                     (5.26%)
                 0      unc_iio_data_req_of_cpu_mem_write_part2_5                                     (5.26%)
                 0      unc_iio_data_req_of_cpu_mem_write_part3_0                                     (7.02%)
                 0      unc_iio_data_req_of_cpu_mem_write_part3_1                                     (5.26%)
                 0      unc_iio_data_req_of_cpu_mem_write_part3_2                                     (5.26%)
                 0      unc_iio_data_req_of_cpu_mem_write_part3_3                                     (7.02%)
                 0      unc_iio_data_req_of_cpu_mem_write_part3_4                                     (7.02%)
                 0      unc_iio_data_req_of_cpu_mem_write_part3_5                                     (5.27%)
                 0      unc_iio_data_req_of_cpu_peer_read_part0_0                                     (5.26%)
                 0      unc_iio_data_req_of_cpu_peer_read_part0_1                                     (7.02%)
                 0      unc_iio_data_req_of_cpu_peer_read_part0_2                                     (5.27%)
                 0      unc_iio_data_req_of_cpu_peer_read_part0_3                                     (5.27%)
                 0      unc_iio_data_req_of_cpu_peer_read_part0_4                                     (7.03%)
                 0      unc_iio_data_req_of_cpu_peer_read_part0_5                                     (7.03%)
                 0      unc_iio_data_req_of_cpu_peer_read_part1_0                                     (5.26%)
                 0      unc_iio_data_req_of_cpu_peer_read_part1_1                                     (5.27%)
                 0      unc_iio_data_req_of_cpu_peer_read_part1_2                                     (7.02%)
                 0      unc_iio_data_req_of_cpu_peer_read_part1_3                                     (5.26%)
                 0      unc_iio_data_req_of_cpu_peer_read_part1_4                                     (7.01%)
                 0      unc_iio_data_req_of_cpu_peer_read_part1_5                                     (7.01%)
                 0      unc_iio_data_req_of_cpu_peer_read_part2_0                                     (7.02%)
                 0      unc_iio_data_req_of_cpu_peer_read_part2_1                                     (7.02%)
                 0      unc_iio_data_req_of_cpu_peer_read_part2_2                                     (7.01%)
                 0      unc_iio_data_req_of_cpu_peer_read_part2_3                                     (7.01%)
                 0      unc_iio_data_req_of_cpu_peer_read_part2_4                                     (5.26%)
                 0      unc_iio_data_req_of_cpu_peer_read_part2_5                                     (7.01%)
                 0      unc_iio_data_req_of_cpu_peer_read_part3_0                                     (7.02%)
                 0      unc_iio_data_req_of_cpu_peer_read_part3_1                                     (7.02%)
                 0      unc_iio_data_req_of_cpu_peer_read_part3_2                                     (7.01%)
                 0      unc_iio_data_req_of_cpu_peer_read_part3_3                                     (7.01%)
                 0      unc_iio_data_req_of_cpu_peer_read_part3_4                                     (5.26%)
                 0      unc_iio_data_req_of_cpu_peer_read_part3_5                                     (7.02%)
                 0      unc_iio_data_req_of_cpu_peer_write_part0_0                                     (7.02%)
                 0      unc_iio_data_req_of_cpu_peer_write_part0_1                                     (5.26%)
                 0      unc_iio_data_req_of_cpu_peer_write_part0_2                                     (5.26%)
                 0      unc_iio_data_req_of_cpu_peer_write_part0_3                                     (7.02%)
                 0      unc_iio_data_req_of_cpu_peer_write_part0_4                                     (7.03%)
                 0      unc_iio_data_req_of_cpu_peer_write_part0_5                                     (5.27%)
                 0      unc_iio_data_req_of_cpu_peer_write_part1_0                                     (7.02%)
                 0      unc_iio_data_req_of_cpu_peer_write_part1_1                                     (7.01%)
                 0      unc_iio_data_req_of_cpu_peer_write_part1_2                                     (5.26%)
                 0      unc_iio_data_req_of_cpu_peer_write_part1_3                                     (5.27%)
                 0      unc_iio_data_req_of_cpu_peer_write_part1_4                                     (7.02%)
                 0      unc_iio_data_req_of_cpu_peer_write_part1_5                                     (5.26%)
                 0      unc_iio_data_req_of_cpu_peer_write_part2_0                                     (5.26%)
                 0      unc_iio_data_req_of_cpu_peer_write_part2_1                                     (7.02%)
                 0      unc_iio_data_req_of_cpu_peer_write_part2_2                                     (7.02%)
                 0      unc_iio_data_req_of_cpu_peer_write_part2_3                                     (5.27%)
                 0      unc_iio_data_req_of_cpu_peer_write_part2_4                                     (7.02%)
                 0      unc_iio_data_req_of_cpu_peer_write_part2_5                                     (7.02%)
                 0      unc_iio_data_req_of_cpu_peer_write_part3_0                                     (5.26%)
                 0      unc_iio_data_req_of_cpu_peer_write_part3_1                                     (7.02%)
                 0      unc_iio_data_req_of_cpu_peer_write_part3_2                                     (7.02%)
                 0      unc_iio_data_req_of_cpu_peer_write_part3_3                                     (7.03%)
                 0      unc_iio_data_req_of_cpu_peer_write_part3_4                                     (5.27%)
                 0      unc_iio_data_req_of_cpu_peer_write_part3_5                                     (7.03%)
                 0      unc_iio_payload_bytes_in_mem_read_part0_0                                     (7.02%)
                 0      unc_iio_payload_bytes_in_mem_read_part0_1                                     (5.27%)
                 0      unc_iio_payload_bytes_in_mem_read_part0_2                                     (7.04%)
                 0      unc_iio_payload_bytes_in_mem_read_part0_3                                     (7.04%)
                 0      unc_iio_payload_bytes_in_mem_read_part0_4                                     (5.29%)
                 0      unc_iio_payload_bytes_in_mem_read_part0_5                                     (7.06%)
                 0      unc_iio_payload_bytes_in_mem_read_part1_0                                     (7.02%)
                 0      unc_iio_payload_bytes_in_mem_read_part1_1                                     (5.27%)
                 0      unc_iio_payload_bytes_in_mem_read_part1_2                                     (7.02%)
                 0      unc_iio_payload_bytes_in_mem_read_part1_3                                     (7.02%)
                 0      unc_iio_payload_bytes_in_mem_read_part1_4                                     (7.03%)
                 0      unc_iio_payload_bytes_in_mem_read_part1_5                                     (7.01%)
                 0      unc_iio_payload_bytes_in_mem_read_part2_0                                     (7.02%)
                 0      unc_iio_payload_bytes_in_mem_read_part2_1                                     (7.01%)
                 0      unc_iio_payload_bytes_in_mem_read_part2_2                                     (7.00%)
                 0      unc_iio_payload_bytes_in_mem_read_part2_3                                     (6.99%)
                 0      unc_iio_payload_bytes_in_mem_read_part2_4                                     (6.99%)
                 0      unc_iio_payload_bytes_in_mem_read_part2_5                                     (6.97%)
                 0      unc_iio_payload_bytes_in_mem_read_part3_0                                     (7.02%)
                 0      unc_iio_payload_bytes_in_mem_read_part3_1                                     (7.01%)
                 0      unc_iio_payload_bytes_in_mem_read_part3_2                                     (7.02%)
                 0      unc_iio_payload_bytes_in_mem_read_part3_3                                     (7.00%)
                 0      unc_iio_payload_bytes_in_mem_read_part3_4                                     (6.99%)
                 0      unc_iio_payload_bytes_in_mem_read_part3_5                                     (7.03%)
                 0      unc_iio_payload_bytes_in_mem_write_part0_0                                     (7.02%)
                 0      unc_iio_payload_bytes_in_mem_write_part0_1                                     (7.02%)
                 0      unc_iio_payload_bytes_in_mem_write_part0_2                                     (7.03%)
                 0      unc_iio_payload_bytes_in_mem_write_part0_3                                     (7.03%)
                 0      unc_iio_payload_bytes_in_mem_write_part0_4                                     (7.03%)
                 0      unc_iio_payload_bytes_in_mem_write_part0_5                                     (5.27%)
                 0      unc_iio_payload_bytes_in_mem_write_part1_0                                     (7.02%)
                 0      unc_iio_payload_bytes_in_mem_write_part1_1                                     (7.03%)
                 0      unc_iio_payload_bytes_in_mem_write_part1_2                                     (5.29%)
                 0      unc_iio_payload_bytes_in_mem_write_part1_3                                     (7.03%)
                 0      unc_iio_payload_bytes_in_mem_write_part1_4                                     (7.04%)
                 0      unc_iio_payload_bytes_in_mem_write_part1_5                                     (5.28%)
                 0      unc_iio_payload_bytes_in_mem_write_part2_0                                     (7.02%)
                 0      unc_iio_payload_bytes_in_mem_write_part2_1                                     (7.01%)
                 0      unc_iio_payload_bytes_in_mem_write_part2_2                                     (5.25%)
                 0      unc_iio_payload_bytes_in_mem_write_part2_3                                     (7.01%)
                 0      unc_iio_payload_bytes_in_mem_write_part2_4                                     (7.00%)
                 0      unc_iio_payload_bytes_in_mem_write_part2_5                                     (7.00%)
                 0      unc_iio_payload_bytes_in_mem_write_part3_0                                     (5.26%)
                 0      unc_iio_payload_bytes_in_mem_write_part3_1                                     (7.01%)
                 0      unc_iio_payload_bytes_in_mem_write_part3_2                                     (7.00%)
                 0      unc_iio_payload_bytes_in_mem_write_part3_3                                     (5.26%)
                 0      unc_iio_payload_bytes_in_mem_write_part3_4                                     (7.00%)
                 0      unc_iio_payload_bytes_in_mem_write_part3_5                                     (7.00%)
                 0      unc_iio_txn_req_by_cpu_mem_read_part0_0                                     (7.02%)
                 0      unc_iio_txn_req_by_cpu_mem_read_part0_1                                     (7.02%)
                 0      unc_iio_txn_req_by_cpu_mem_read_part0_2                                     (7.02%)
                 0      unc_iio_txn_req_by_cpu_mem_read_part0_3                                     (7.01%)
                 0      unc_iio_txn_req_by_cpu_mem_read_part0_4                                     (7.01%)
                 0      unc_iio_txn_req_by_cpu_mem_read_part0_5                                     (7.02%)
                 0      unc_iio_txn_req_by_cpu_mem_read_part1_0                                     (7.02%)
                 0      unc_iio_txn_req_by_cpu_mem_read_part1_1                                     (7.02%)
                 0      unc_iio_txn_req_by_cpu_mem_read_part1_2                                     (7.03%)
                 0      unc_iio_txn_req_by_cpu_mem_read_part1_3                                     (7.03%)
                 0      unc_iio_txn_req_by_cpu_mem_read_part1_4                                     (7.03%)
                 0      unc_iio_txn_req_by_cpu_mem_read_part1_5                                     (7.03%)
                 0      unc_iio_txn_req_by_cpu_mem_read_part2_0                                     (7.02%)
                 0      unc_iio_txn_req_by_cpu_mem_read_part2_1                                     (7.02%)
                 0      unc_iio_txn_req_by_cpu_mem_read_part2_2                                     (7.02%)
                 0      unc_iio_txn_req_by_cpu_mem_read_part2_3                                     (7.02%)
                 0      unc_iio_txn_req_by_cpu_mem_read_part2_4                                     (7.02%)
                 0      unc_iio_txn_req_by_cpu_mem_read_part2_5                                     (7.02%)
                 0      unc_iio_txn_req_by_cpu_mem_read_part3_0                                     (7.02%)
                 0      unc_iio_txn_req_by_cpu_mem_read_part3_1                                     (7.02%)
                 0      unc_iio_txn_req_by_cpu_mem_read_part3_2                                     (7.02%)
                 0      unc_iio_txn_req_by_cpu_mem_read_part3_3                                     (7.00%)
                 0      unc_iio_txn_req_by_cpu_mem_read_part3_4                                     (7.00%)
                 0      unc_iio_txn_req_by_cpu_mem_read_part3_5                                     (7.01%)
                 0      unc_iio_txn_req_by_cpu_mem_write_part0_0                                     (7.02%)
                 0      unc_iio_txn_req_by_cpu_mem_write_part0_1                                     (7.01%)
                 0      unc_iio_txn_req_by_cpu_mem_write_part0_2                                     (7.04%)
                 0      unc_iio_txn_req_by_cpu_mem_write_part0_3                                     (7.04%)
                 0      unc_iio_txn_req_by_cpu_mem_write_part0_4                                     (7.04%)
                 0      unc_iio_txn_req_by_cpu_mem_write_part0_5                                     (7.05%)
                 0      unc_iio_txn_req_by_cpu_mem_write_part1_0                                     (7.01%)
                 0      unc_iio_txn_req_by_cpu_mem_write_part1_1                                     (7.02%)
                 0      unc_iio_txn_req_by_cpu_mem_write_part1_2                                     (7.04%)
                 0      unc_iio_txn_req_by_cpu_mem_write_part1_3                                     (7.04%)
                 0      unc_iio_txn_req_by_cpu_mem_write_part1_4                                     (7.04%)
                 0      unc_iio_txn_req_by_cpu_mem_write_part1_5                                     (7.04%)

      69.798504679 seconds time elapsed

