# started on Mon Feb  5 09:23:22 2024


 Performance counter stats for 'system wide':

        36,434,032      r1000114                                                      (10.53%)
         5,233,111      r1e6                                                          (10.53%)
    28,765,849,675      rc4                                                           (10.53%)
   <not supported>      r4c4:p                                                      
    28,391,265,717      r1c4                                                          (10.53%)
         1,198,180      r40c4                                                         (10.53%)
       158,783,383      r2c4                                                          (10.53%)
       157,777,339      r8c4                                                          (10.53%)
    27,197,621,911      r20c4                                                         (10.53%)
     1,512,450,438      r10c4                                                         (10.53%)
        12,697,850      rc5                                                           (10.53%)
   <not supported>      r4c5:p                                                      
         2,915,231      r1c5                                                          (10.53%)
            15,455      r2c5                                                          (10.53%)
        11,857,038      r20c5                                                         (10.53%)
     1,842,882,503      r23c                                                          (10.53%)
     1,842,689,364      r13c                                                          (10.53%)
     1,843,008,433      r20013c                                                       (10.53%)
     1,843,178,847      r23c                                                          (10.53%)
   154,760,844,309      r300                                                          (11.85%)
     1,843,820,955      r13c                                                          (11.85%)
     1,845,514,565      r20013c                                                       (11.85%)
           496,664      r104003c                                                      (11.85%)
   168,387,688,153      r3c                                                           (13.17%)
   168,446,762,891      r20003c                                                       (13.17%)
   168,594,106,308      r3c                                                           (13.17%)
   168,622,019,802      r20003c                                                       (13.17%)
   138,072,876,706      r80008a3                                                      (13.17%)
    79,467,539,997      r10001a3                                                      (13.17%)
   155,071,732,170      r100010a3                                                     (11.85%)
    81,982,336,781      rc000ca3                                                      (11.85%)
    56,308,501,830      r50005a3                                                      (11.84%)
    84,449,874,368      r140014a3                                                     (11.84%)
    93,609,468,859      r40004a3                                                      (11.84%)
    13,988,529,155      r2a6                                                          (11.84%)
    14,323,358,994      r4a6                                                          (10.52%)
    21,845,670,671      r8a6                                                          (10.52%)
    14,299,060,719      r10a6                                                         (10.52%)
     8,671,612,947      r40a6                                                         (10.52%)
       727,177,579      r1a6                                                          (10.52%)
           461,441      r187                                                          (10.52%)
   194,935,695,989      rc0                                                           (11.84%)
   194,909,525,476      rc0                                                           (11.84%)
   <not supported>      r1c0:p                                                      
   <not supported>      ra8001c0:p                                                  
       226,116,308      r800d                                                         (11.84%)
       169,552,311      r10d                                                          (11.84%)
       170,313,322      r20010d                                                       (11.84%)
             1,073      r803                                                          (11.84%)
         7,171,519      r203                                                          (11.84%)
       376,549,209      r107                                                          (11.84%)
            34,546      r14c                                                          (11.84%)
                 0      r40001a8                                                      (11.84%)
                 0      r10001a8                                                      (10.52%)
                 0      r1a8                                                          (10.52%)
         2,872,957      r10401c3                                                      (10.52%)
           671,339      r4c3                                                          (10.52%)
            41,163      r3fc1                                                         (10.52%)
   112,428,613,813      r1a2                                                          (10.52%)
    10,380,823,815      r8a2                                                          (10.52%)
                 0      r20cc                                                         (10.52%)
     7,520,636,462      r15e                                                          (10.52%)
       444,408,869      r184015e                                                      (10.52%)
    26,580,848,501      r1a1                                                          (10.52%)
    31,667,940,762      r2a1                                                          (10.52%)
    40,255,229,221      r4a1                                                          (10.52%)
    35,758,644,301      r8a1                                                          (10.52%)
    33,940,448,854      r10a1                                                         (10.52%)
    34,388,371,061      r20a1                                                         (10.52%)
    39,322,967,256      r40a1                                                         (10.52%)
       712,919,805      r80a1                                                         (10.52%)
   219,362,104,582      r2b1                                                          (10.52%)
    74,990,122,733      r10002b1                                                      (10.52%)
    60,910,751,598      r20002b1                                                      (10.52%)
    46,541,003,284      r30002b1                                                      (10.52%)
    24,638,979,679      r40002b1                                                      (10.52%)
    93,961,128,520      r18002b1                                                      (10.52%)
    75,040,565,439      r10001b1                                                      (10.52%)
    60,980,799,004      r20001b1                                                      (10.52%)
    46,567,174,531      r30001b1                                                      (10.52%)

      69.872492172 seconds time elapsed

