# started on Tue Feb  6 10:29:02 2024


 Performance counter stats for 'system wide':

                 0      unc_h_dir_update_ha_0                                         (23.54%)
                 0      unc_h_dir_update_ha_1                                         (23.53%)
                 0      unc_h_dir_update_ha_2                                         (23.53%)
                 0      unc_h_dir_update_ha_3                                         (23.51%)
                 0      unc_h_dir_update_ha_4                                         (23.54%)
                 0      unc_h_dir_update_ha_5                                         (23.54%)
                 0      unc_h_dir_update_ha_6                                         (23.53%)
                 0      unc_h_dir_update_ha_7                                         (23.53%)
                 0      unc_h_dir_update_tor_0                                        (23.54%)
                 0      unc_h_dir_update_tor_1                                        (23.54%)
                 0      unc_h_dir_update_tor_2                                        (23.54%)
                 0      unc_h_dir_update_tor_3                                        (23.54%)
                 0      unc_h_dir_update_tor_4                                        (23.54%)
                 0      unc_h_dir_update_tor_5                                        (23.54%)
                 0      unc_h_dir_update_tor_6                                        (23.54%)
                 0      unc_h_dir_update_tor_7                                        (23.54%)
                 0      unc_h_hitme_hit_ex_rds_0                                      (23.53%)
                 0      unc_h_hitme_hit_ex_rds_1                                      (23.53%)
                 0      unc_h_hitme_hit_ex_rds_2                                      (23.53%)
                 0      unc_h_hitme_hit_ex_rds_3                                      (23.53%)
                 0      unc_h_hitme_hit_ex_rds_4                                      (23.53%)
                 0      unc_h_hitme_hit_ex_rds_5                                      (23.53%)
                 0      unc_h_hitme_hit_ex_rds_6                                      (23.53%)
                 0      unc_h_hitme_hit_ex_rds_7                                      (23.53%)
                 4      unc_h_misc_rfo_hit_s_0                                        (23.53%)
                 0      unc_h_misc_rfo_hit_s_1                                        (23.53%)
                 0      unc_h_misc_rfo_hit_s_2                                        (23.53%)
                 0      unc_h_misc_rfo_hit_s_3                                        (23.53%)
                 4      unc_h_misc_rfo_hit_s_4                                        (23.53%)
                 0      unc_h_misc_rfo_hit_s_5                                        (23.53%)
                 0      unc_h_misc_rfo_hit_s_6                                        (23.53%)
                 0      unc_h_misc_rfo_hit_s_7                                        (23.53%)
        38,134,530      unc_h_requests_invitoe_local_0                                     (23.53%)
        38,092,609      unc_h_requests_invitoe_local_1                                     (23.53%)
        38,143,183      unc_h_requests_invitoe_local_2                                     (23.53%)
        38,112,720      unc_h_requests_invitoe_local_3                                     (23.53%)
        38,215,505      unc_h_requests_invitoe_local_4                                     (23.53%)
        38,114,320      unc_h_requests_invitoe_local_5                                     (23.53%)
        38,120,700      unc_h_requests_invitoe_local_6                                     (23.53%)
        38,078,576      unc_h_requests_invitoe_local_7                                     (23.53%)
                89      unc_h_requests_invitoe_remote_0                                     (23.53%)
                72      unc_h_requests_invitoe_remote_1                                     (23.53%)
               251      unc_h_requests_invitoe_remote_2                                     (23.53%)
               161      unc_h_requests_invitoe_remote_3                                     (23.53%)
                98      unc_h_requests_invitoe_remote_4                                     (23.53%)
               255      unc_h_requests_invitoe_remote_5                                     (23.53%)
               119      unc_h_requests_invitoe_remote_6                                     (23.53%)
               119      unc_h_requests_invitoe_remote_7                                     (23.53%)
     1,002,015,880      unc_h_requests_reads_0                                        (23.53%)
     1,001,613,220      unc_h_requests_reads_1                                        (23.53%)
     1,001,851,056      unc_h_requests_reads_2                                        (23.53%)
     1,002,299,897      unc_h_requests_reads_3                                        (23.53%)
     1,001,440,346      unc_h_requests_reads_4                                        (23.53%)
     1,002,307,713      unc_h_requests_reads_5                                        (23.53%)
     1,002,184,419      unc_h_requests_reads_6                                        (23.53%)
     1,001,917,031      unc_h_requests_reads_7                                        (23.53%)
     1,002,194,081      unc_h_requests_reads_local_0                                     (23.53%)
     1,001,803,204      unc_h_requests_reads_local_1                                     (23.53%)
     1,002,070,933      unc_h_requests_reads_local_2                                     (23.53%)
     1,002,532,647      unc_h_requests_reads_local_3                                     (23.53%)
     1,001,593,307      unc_h_requests_reads_local_4                                     (23.53%)
     1,002,720,487      unc_h_requests_reads_local_5                                     (23.78%)
     1,002,609,448      unc_h_requests_reads_local_6                                     (23.78%)
     1,002,353,178      unc_h_requests_reads_local_7                                     (23.78%)
       457,352,672      unc_h_requests_writes_0                                       (23.53%)
       457,447,031      unc_h_requests_writes_1                                       (23.59%)
       457,206,205      unc_h_requests_writes_2                                       (23.66%)
       457,165,221      unc_h_requests_writes_3                                       (23.72%)
       457,282,046      unc_h_requests_writes_4                                       (23.53%)
       457,294,196      unc_h_requests_writes_5                                       (23.76%)
       457,314,275      unc_h_requests_writes_6                                       (23.82%)
       457,237,277      unc_h_requests_writes_7                                       (23.89%)
       456,297,699      unc_h_requests_writes_local_0                                     (23.59%)
       456,314,652      unc_h_requests_writes_local_1                                     (23.63%)
       456,083,882      unc_h_requests_writes_local_2                                     (23.68%)
       456,144,477      unc_h_requests_writes_local_3                                     (23.72%)
       455,992,790      unc_h_requests_writes_local_4                                     (23.53%)
       455,983,433      unc_h_requests_writes_local_5                                     (23.67%)
       456,007,418      unc_h_requests_writes_local_6                                     (23.71%)
       455,901,052      unc_h_requests_writes_local_7                                     (23.75%)
     2,231,440,154      unc_h_rxc_inserts_irq_0                                       (23.57%)
     2,140,813,140      unc_h_rxc_inserts_irq_1                                       (23.60%)
     2,141,936,080      unc_h_rxc_inserts_irq_2                                       (23.62%)
     2,143,225,567      unc_h_rxc_inserts_irq_3                                       (23.64%)
     2,139,692,363      unc_h_rxc_inserts_irq_4                                       (23.53%)
     2,141,097,623      unc_h_rxc_inserts_irq_5                                       (23.56%)
     2,141,180,849      unc_h_rxc_inserts_irq_6                                       (23.58%)
     2,143,203,097      unc_h_rxc_inserts_irq_7                                       (23.60%)
           346,040      unc_h_rxc_irq1_reject_pa_match_0                                     (23.55%)
           346,348      unc_h_rxc_irq1_reject_pa_match_1                                     (23.56%)
           287,586      unc_h_rxc_irq1_reject_pa_match_2                                     (23.56%)
           323,911      unc_h_rxc_irq1_reject_pa_match_3                                     (23.56%)
           279,663      unc_h_rxc_irq1_reject_pa_match_4                                     (23.53%)
           290,198      unc_h_rxc_irq1_reject_pa_match_5                                     (23.29%)
           317,188      unc_h_rxc_irq1_reject_pa_match_6                                     (23.29%)
           334,018      unc_h_rxc_irq1_reject_pa_match_7                                     (23.29%)
    17,372,200,682      unc_h_rxc_occupancy_irq_0                                     (23.53%)
    16,663,278,797      unc_h_rxc_occupancy_irq_1                                     (23.47%)
    16,510,106,853      unc_h_rxc_occupancy_irq_2                                     (23.41%)
    16,740,025,807      unc_h_rxc_occupancy_irq_3                                     (23.35%)
    17,204,794,752      unc_h_rxc_occupancy_irq_4                                     (23.53%)
    16,889,013,551      unc_h_rxc_occupancy_irq_5                                     (23.30%)
    24,374,793,153      unc_h_rxc_occupancy_irq_6                                     (23.24%)
    24,301,385,716      unc_h_rxc_occupancy_irq_7                                     (23.18%)
            16,251      unc_h_snoop_resp_rsp_fwd_wb_0                                     (23.47%)
            16,516      unc_h_snoop_resp_rsp_fwd_wb_1                                     (23.43%)
            14,464      unc_h_snoop_resp_rsp_fwd_wb_2                                     (23.38%)
            16,097      unc_h_snoop_resp_rsp_fwd_wb_3                                     (23.34%)
            17,205      unc_h_snoop_resp_rsp_fwd_wb_4                                     (23.53%)
            13,795      unc_h_snoop_resp_rsp_fwd_wb_5                                     (23.39%)
            23,371      unc_h_snoop_resp_rsp_fwd_wb_6                                     (23.35%)
            22,448      unc_h_snoop_resp_rsp_fwd_wb_7                                     (23.31%)
                 0      unc_h_snoop_resp_rspcnflct_0                                     (23.49%)
                 0      unc_h_snoop_resp_rspcnflct_1                                     (23.46%)
                 0      unc_h_snoop_resp_rspcnflct_2                                     (23.44%)
                 0      unc_h_snoop_resp_rspcnflct_3                                     (23.41%)
                 0      unc_h_snoop_resp_rspcnflct_4                                     (23.53%)
                 0      unc_h_snoop_resp_rspcnflct_5                                     (23.50%)
                 0      unc_h_snoop_resp_rspcnflct_6                                     (23.48%)
                 0      unc_h_snoop_resp_rspcnflct_7                                     (23.45%)
                 0      unc_h_snoop_resp_rspifwd_0                                     (23.50%)
                 0      unc_h_snoop_resp_rspifwd_1                                     (23.50%)
                 0      unc_h_snoop_resp_rspifwd_2                                     (23.50%)
                 0      unc_h_snoop_resp_rspifwd_3                                     (23.53%)
                 0      unc_h_snoop_resp_rspifwd_4                                     (23.53%)
                 0      unc_h_snoop_resp_rspifwd_5                                     (23.52%)
                 0      unc_h_snoop_resp_rspifwd_6                                     (23.52%)
                 0      unc_h_snoop_resp_rspifwd_7                                     (23.52%)
                 0      unc_h_snoop_resp_rspsfwd_0                                     (23.53%)
                 0      unc_h_snoop_resp_rspsfwd_1                                     (23.53%)
                 0      unc_h_snoop_resp_rspsfwd_2                                     (23.53%)
                 0      unc_h_snoop_resp_rspsfwd_3                                     (23.53%)
                 0      unc_h_snoop_resp_rspsfwd_4                                     (23.53%)
                 0      unc_h_snoop_resp_rspsfwd_5                                     (23.53%)
                 0      unc_h_snoop_resp_rspsfwd_6                                     (23.53%)
                 0      unc_h_snoop_resp_rspsfwd_7                                     (23.53%)
           132,994      unc_i_cache_total_occupancy_mem_0                                     (33.33%)
            76,499      unc_i_cache_total_occupancy_mem_1                                     (33.34%)
                 0      unc_i_cache_total_occupancy_mem_2                                     (33.34%)
                 0      unc_i_cache_total_occupancy_mem_3                                     (33.34%)
                 0      unc_i_cache_total_occupancy_mem_4                                     (33.34%)
                 0      unc_i_cache_total_occupancy_mem_5                                     (33.34%)
                 0      unc_i_coherent_ops_pcitom_0                                     (33.34%)
                 0      unc_i_coherent_ops_pcitom_1                                     (33.33%)
                 0      unc_i_coherent_ops_pcitom_2                                     (33.33%)
                 0      unc_i_coherent_ops_pcitom_3                                     (33.33%)
                 0      unc_i_coherent_ops_pcitom_4                                     (33.33%)
                 0      unc_i_coherent_ops_pcitom_5                                     (33.33%)
               513      unc_i_coherent_ops_rfo_0                                      (33.33%)
                78      unc_i_coherent_ops_rfo_1                                      (33.33%)
                 0      unc_i_coherent_ops_rfo_2                                      (33.33%)
                 0      unc_i_coherent_ops_rfo_3                                      (33.33%)
                 0      unc_i_coherent_ops_rfo_4                                      (33.33%)
                 0      unc_i_coherent_ops_rfo_5                                      (33.33%)
               735      unc_i_faf_inserts_0                                           (33.33%)
            32,616      unc_i_faf_inserts_1                                           (33.34%)
                 0      unc_i_faf_inserts_2                                           (33.34%)
                 0      unc_i_faf_inserts_3                                           (33.34%)
                 0      unc_i_faf_inserts_4                                           (33.34%)
                 0      unc_i_faf_inserts_5                                           (33.34%)
               798      unc_i_faf_occupancy_0                                         (33.34%)
            46,066      unc_i_faf_occupancy_1                                         (33.33%)
                 0      unc_i_faf_occupancy_2                                         (33.33%)
                 0      unc_i_faf_occupancy_3                                         (33.33%)
                 0      unc_i_faf_occupancy_4                                         (33.33%)
                 0      unc_i_faf_occupancy_5                                         (33.33%)
               528      unc_i_transactions_wr_pref_0                                     (33.33%)
               105      unc_i_transactions_wr_pref_1                                     (33.33%)
                 0      unc_i_transactions_wr_pref_2                                     (33.33%)
                 0      unc_i_transactions_wr_pref_3                                     (33.33%)
                 0      unc_i_transactions_wr_pref_4                                     (33.33%)
                 0      unc_i_transactions_wr_pref_5                                     (33.33%)
    67,268,582,474      unc_iio_clockticks_0                                          (7.03%)
    67,248,018,081      unc_iio_clockticks_1                                          (7.03%)
    67,273,838,378      unc_iio_clockticks_2                                          (7.05%)
    67,265,523,638      unc_iio_clockticks_3                                          (7.03%)
                 0      unc_iio_clockticks_4                                          (7.03%)
                 0      unc_iio_clockticks_5                                          (7.04%)
                 0      unc_iio_comp_buf_inserts_cmpd_all_parts_0                                     (7.03%)
                 0      unc_iio_comp_buf_inserts_cmpd_all_parts_1                                     (7.04%)
                 0      unc_iio_comp_buf_inserts_cmpd_all_parts_2                                     (7.04%)
                 0      unc_iio_comp_buf_inserts_cmpd_all_parts_3                                     (7.01%)
                 0      unc_iio_comp_buf_inserts_cmpd_all_parts_4                                     (7.04%)
                 0      unc_iio_comp_buf_inserts_cmpd_all_parts_5                                     (7.04%)
                 0      unc_iio_comp_buf_inserts_cmpd_part0_0                                     (7.03%)
                 0      unc_iio_comp_buf_inserts_cmpd_part0_1                                     (7.03%)
                 0      unc_iio_comp_buf_inserts_cmpd_part0_2                                     (7.04%)
                 0      unc_iio_comp_buf_inserts_cmpd_part0_3                                     (7.01%)
                 0      unc_iio_comp_buf_inserts_cmpd_part0_4                                     (7.02%)
                 0      unc_iio_comp_buf_inserts_cmpd_part0_5                                     (7.03%)
                 0      unc_iio_comp_buf_inserts_cmpd_part1_0                                     (7.03%)
                 0      unc_iio_comp_buf_inserts_cmpd_part1_1                                     (7.03%)
                 0      unc_iio_comp_buf_inserts_cmpd_part1_2                                     (7.04%)
                 0      unc_iio_comp_buf_inserts_cmpd_part1_3                                     (7.07%)
                 0      unc_iio_comp_buf_inserts_cmpd_part1_4                                     (7.03%)
                 0      unc_iio_comp_buf_inserts_cmpd_part1_5                                     (7.02%)
                 0      unc_iio_comp_buf_inserts_cmpd_part2_0                                     (7.03%)
                 0      unc_iio_comp_buf_inserts_cmpd_part2_1                                     (7.03%)
                 0      unc_iio_comp_buf_inserts_cmpd_part2_2                                     (7.03%)
                 0      unc_iio_comp_buf_inserts_cmpd_part2_3                                     (7.05%)
                 0      unc_iio_comp_buf_inserts_cmpd_part2_4                                     (7.02%)
                 0      unc_iio_comp_buf_inserts_cmpd_part2_5                                     (7.02%)
                 0      unc_iio_comp_buf_inserts_cmpd_part3_0                                     (7.02%)
                 0      unc_iio_comp_buf_inserts_cmpd_part3_1                                     (7.03%)
                 0      unc_iio_comp_buf_inserts_cmpd_part3_2                                     (7.03%)
                 0      unc_iio_comp_buf_inserts_cmpd_part3_3                                     (7.00%)
                 0      unc_iio_comp_buf_inserts_cmpd_part3_4                                     (7.02%)
                 0      unc_iio_comp_buf_inserts_cmpd_part3_5                                     (7.00%)
            39,214      unc_iio_comp_buf_occupancy_cmpd_all_parts_0                                     (7.01%)
           170,158      unc_iio_comp_buf_occupancy_cmpd_all_parts_1                                     (7.03%)
                 0      unc_iio_comp_buf_occupancy_cmpd_all_parts_2                                     (7.03%)
                 0      unc_iio_comp_buf_occupancy_cmpd_all_parts_3                                     (7.02%)
                 0      unc_iio_comp_buf_occupancy_cmpd_all_parts_4                                     (7.02%)
                 0      unc_iio_comp_buf_occupancy_cmpd_all_parts_5                                     (7.03%)
                 0      unc_iio_comp_buf_occupancy_cmpd_part0_0                                     (7.02%)
        11,940,928      unc_iio_comp_buf_occupancy_cmpd_part0_1                                     (7.02%)
                 0      unc_iio_comp_buf_occupancy_cmpd_part0_2                                     (7.02%)
                 0      unc_iio_comp_buf_occupancy_cmpd_part0_3                                     (7.03%)
                 0      unc_iio_comp_buf_occupancy_cmpd_part0_4                                     (7.03%)
                 0      unc_iio_comp_buf_occupancy_cmpd_part0_5                                     (7.01%)
            29,124      unc_iio_comp_buf_occupancy_cmpd_part1_0                                     (7.02%)
                 0      unc_iio_comp_buf_occupancy_cmpd_part1_1                                     (7.02%)
                 0      unc_iio_comp_buf_occupancy_cmpd_part1_2                                     (7.03%)
                 0      unc_iio_comp_buf_occupancy_cmpd_part1_3                                     (7.02%)
                 0      unc_iio_comp_buf_occupancy_cmpd_part1_4                                     (7.01%)
                 0      unc_iio_comp_buf_occupancy_cmpd_part1_5                                     (7.05%)
                 0      unc_iio_comp_buf_occupancy_cmpd_part2_0                                     (7.03%)
                 0      unc_iio_comp_buf_occupancy_cmpd_part2_1                                     (7.02%)
                 0      unc_iio_comp_buf_occupancy_cmpd_part2_2                                     (7.02%)
                 0      unc_iio_comp_buf_occupancy_cmpd_part2_3                                     (7.04%)
                 0      unc_iio_comp_buf_occupancy_cmpd_part2_4                                     (7.03%)
                 0      unc_iio_comp_buf_occupancy_cmpd_part2_5                                     (7.03%)
                 0      unc_iio_comp_buf_occupancy_cmpd_part3_0                                     (7.03%)
                 0      unc_iio_comp_buf_occupancy_cmpd_part3_1                                     (7.02%)
                 0      unc_iio_comp_buf_occupancy_cmpd_part3_2                                     (7.01%)
                 0      unc_iio_comp_buf_occupancy_cmpd_part3_3                                     (7.05%)
                 0      unc_iio_comp_buf_occupancy_cmpd_part3_4                                     (7.02%)
                 0      unc_iio_comp_buf_occupancy_cmpd_part3_5                                     (7.02%)
                 0      unc_iio_data_req_by_cpu_mem_read_part0_0                                     (7.02%)
                 0      unc_iio_data_req_by_cpu_mem_read_part0_1                                     (7.02%)
                 0      unc_iio_data_req_by_cpu_mem_read_part0_2                                     (7.02%)
                 0      unc_iio_data_req_by_cpu_mem_read_part0_3                                     (7.02%)
                 0      unc_iio_data_req_by_cpu_mem_read_part0_4                                     (7.02%)
                 0      unc_iio_data_req_by_cpu_mem_read_part0_5                                     (7.02%)
                 0      unc_iio_data_req_by_cpu_mem_read_part1_0                                     (7.04%)
                 0      unc_iio_data_req_by_cpu_mem_read_part1_1                                     (7.02%)
                 0      unc_iio_data_req_by_cpu_mem_read_part1_2                                     (7.04%)
                 0      unc_iio_data_req_by_cpu_mem_read_part1_3                                     (7.03%)
                 0      unc_iio_data_req_by_cpu_mem_read_part1_4                                     (7.05%)
                 0      unc_iio_data_req_by_cpu_mem_read_part1_5                                     (7.06%)
                 0      unc_iio_data_req_by_cpu_mem_read_part2_0                                     (7.02%)
                 0      unc_iio_data_req_by_cpu_mem_read_part2_1                                     (7.02%)
                 0      unc_iio_data_req_by_cpu_mem_read_part2_2                                     (7.03%)
                 0      unc_iio_data_req_by_cpu_mem_read_part2_3                                     (7.02%)
                 0      unc_iio_data_req_by_cpu_mem_read_part2_4                                     (7.02%)
                 0      unc_iio_data_req_by_cpu_mem_read_part2_5                                     (7.03%)
                 0      unc_iio_data_req_by_cpu_mem_read_part3_0                                     (7.02%)
                 0      unc_iio_data_req_by_cpu_mem_read_part3_1                                     (7.02%)
                 0      unc_iio_data_req_by_cpu_mem_read_part3_2                                     (7.00%)
                 0      unc_iio_data_req_by_cpu_mem_read_part3_3                                     (7.02%)
                 0      unc_iio_data_req_by_cpu_mem_read_part3_4                                     (7.01%)
                 0      unc_iio_data_req_by_cpu_mem_read_part3_5                                     (6.99%)
                 0      unc_iio_data_req_by_cpu_mem_write_part0_0                                     (7.02%)
                 0      unc_iio_data_req_by_cpu_mem_write_part0_1                                     (7.02%)
                 0      unc_iio_data_req_by_cpu_mem_write_part0_2                                     (7.00%)
                 0      unc_iio_data_req_by_cpu_mem_write_part0_3                                     (7.02%)
                 0      unc_iio_data_req_by_cpu_mem_write_part0_4                                     (7.00%)
                 0      unc_iio_data_req_by_cpu_mem_write_part0_5                                     (7.01%)
                 0      unc_iio_data_req_by_cpu_mem_write_part1_0                                     (7.01%)
                 0      unc_iio_data_req_by_cpu_mem_write_part1_1                                     (7.02%)
                 0      unc_iio_data_req_by_cpu_mem_write_part1_2                                     (7.02%)
                 0      unc_iio_data_req_by_cpu_mem_write_part1_3                                     (7.02%)
                 0      unc_iio_data_req_by_cpu_mem_write_part1_4                                     (7.02%)
                 0      unc_iio_data_req_by_cpu_mem_write_part1_5                                     (7.03%)
                 0      unc_iio_data_req_by_cpu_mem_write_part2_0                                     (7.02%)
                 0      unc_iio_data_req_by_cpu_mem_write_part2_1                                     (7.02%)
                 0      unc_iio_data_req_by_cpu_mem_write_part2_2                                     (7.02%)
                 0      unc_iio_data_req_by_cpu_mem_write_part2_3                                     (7.02%)
                 0      unc_iio_data_req_by_cpu_mem_write_part2_4                                     (7.01%)
                 0      unc_iio_data_req_by_cpu_mem_write_part2_5                                     (7.01%)
                 0      unc_iio_data_req_by_cpu_mem_write_part3_0                                     (7.01%)
                 0      unc_iio_data_req_by_cpu_mem_write_part3_1                                     (7.02%)
                 0      unc_iio_data_req_by_cpu_mem_write_part3_2                                     (7.02%)
                 0      unc_iio_data_req_by_cpu_mem_write_part3_3                                     (7.03%)
                 0      unc_iio_data_req_by_cpu_mem_write_part3_4                                     (7.04%)
                 0      unc_iio_data_req_by_cpu_mem_write_part3_5                                     (7.04%)
                 0      unc_iio_data_req_by_cpu_peer_read_part0_0                                     (7.02%)
                 0      unc_iio_data_req_by_cpu_peer_read_part0_1                                     (7.02%)
                 0      unc_iio_data_req_by_cpu_peer_read_part0_2                                     (7.01%)
                 0      unc_iio_data_req_by_cpu_peer_read_part0_3                                     (7.01%)
                 0      unc_iio_data_req_by_cpu_peer_read_part0_4                                     (7.00%)
                 0      unc_iio_data_req_by_cpu_peer_read_part0_5                                     (7.00%)
                 0      unc_iio_data_req_by_cpu_peer_read_part1_0                                     (7.03%)
                 0      unc_iio_data_req_by_cpu_peer_read_part1_1                                     (7.02%)
                 0      unc_iio_data_req_by_cpu_peer_read_part1_2                                     (7.03%)
                 0      unc_iio_data_req_by_cpu_peer_read_part1_3                                     (7.03%)
                 0      unc_iio_data_req_by_cpu_peer_read_part1_4                                     (7.06%)
                 0      unc_iio_data_req_by_cpu_peer_read_part1_5                                     (7.08%)
                 0      unc_iio_data_req_by_cpu_peer_read_part2_0                                     (7.01%)
                 0      unc_iio_data_req_by_cpu_peer_read_part2_1                                     (7.02%)
                 0      unc_iio_data_req_by_cpu_peer_read_part2_2                                     (7.01%)
                 0      unc_iio_data_req_by_cpu_peer_read_part2_3                                     (7.01%)
                 0      unc_iio_data_req_by_cpu_peer_read_part2_4                                     (6.97%)
                 0      unc_iio_data_req_by_cpu_peer_read_part2_5                                     (6.96%)
                 0      unc_iio_data_req_by_cpu_peer_read_part3_0                                     (7.03%)
                 0      unc_iio_data_req_by_cpu_peer_read_part3_1                                     (7.02%)
                 0      unc_iio_data_req_by_cpu_peer_read_part3_2                                     (7.03%)
                 0      unc_iio_data_req_by_cpu_peer_read_part3_3                                     (7.03%)
                 0      unc_iio_data_req_by_cpu_peer_read_part3_4                                     (7.07%)
                 0      unc_iio_data_req_by_cpu_peer_read_part3_5                                     (7.07%)
                 0      unc_iio_data_req_by_cpu_peer_write_part0_0                                     (7.00%)
                 0      unc_iio_data_req_by_cpu_peer_write_part0_1                                     (7.02%)
                 0      unc_iio_data_req_by_cpu_peer_write_part0_2                                     (7.01%)
                 0      unc_iio_data_req_by_cpu_peer_write_part0_3                                     (7.01%)
                 0      unc_iio_data_req_by_cpu_peer_write_part0_4                                     (7.00%)
                 0      unc_iio_data_req_by_cpu_peer_write_part0_5                                     (6.98%)
                 0      unc_iio_data_req_by_cpu_peer_write_part1_0                                     (7.02%)
                 0      unc_iio_data_req_by_cpu_peer_write_part1_1                                     (7.02%)
                 0      unc_iio_data_req_by_cpu_peer_write_part1_2                                     (7.03%)
                 0      unc_iio_data_req_by_cpu_peer_write_part1_3                                     (7.02%)
                 0      unc_iio_data_req_by_cpu_peer_write_part1_4                                     (7.02%)
                 0      unc_iio_data_req_by_cpu_peer_write_part1_5                                     (7.02%)
                 0      unc_iio_data_req_by_cpu_peer_write_part2_0                                     (7.02%)
                 0      unc_iio_data_req_by_cpu_peer_write_part2_1                                     (7.02%)
                 0      unc_iio_data_req_by_cpu_peer_write_part2_2                                     (7.01%)
                 0      unc_iio_data_req_by_cpu_peer_write_part2_3                                     (7.01%)
                 0      unc_iio_data_req_by_cpu_peer_write_part2_4                                     (7.02%)
                 0      unc_iio_data_req_by_cpu_peer_write_part2_5                                     (7.02%)
                 0      unc_iio_data_req_by_cpu_peer_write_part3_0                                     (7.03%)
                 0      unc_iio_data_req_by_cpu_peer_write_part3_1                                     (7.02%)
                 0      unc_iio_data_req_by_cpu_peer_write_part3_2                                     (7.05%)
                 0      unc_iio_data_req_by_cpu_peer_write_part3_3                                     (7.04%)
                 0      unc_iio_data_req_by_cpu_peer_write_part3_4                                     (7.04%)
                 0      unc_iio_data_req_by_cpu_peer_write_part3_5                                     (7.05%)
                 0      unc_iio_data_req_of_cpu_mem_read_part0_0                                     (7.02%)
                 0      unc_iio_data_req_of_cpu_mem_read_part0_1                                     (7.02%)
                 0      unc_iio_data_req_of_cpu_mem_read_part0_2                                     (7.01%)
                 0      unc_iio_data_req_of_cpu_mem_read_part0_3                                     (7.00%)
                 0      unc_iio_data_req_of_cpu_mem_read_part0_4                                     (7.03%)
                 0      unc_iio_data_req_of_cpu_mem_read_part0_5                                     (7.02%)
                 0      unc_iio_data_req_of_cpu_mem_read_part1_0                                     (7.03%)
                 0      unc_iio_data_req_of_cpu_mem_read_part1_1                                     (7.02%)
                 0      unc_iio_data_req_of_cpu_mem_read_part1_2                                     (7.02%)
                 0      unc_iio_data_req_of_cpu_mem_read_part1_3                                     (7.02%)
                 0      unc_iio_data_req_of_cpu_mem_read_part1_4                                     (7.01%)
                 0      unc_iio_data_req_of_cpu_mem_read_part1_5                                     (7.01%)
                 0      unc_iio_data_req_of_cpu_mem_read_part2_0                                     (7.02%)
                 0      unc_iio_data_req_of_cpu_mem_read_part2_1                                     (7.02%)
                 0      unc_iio_data_req_of_cpu_mem_read_part2_2                                     (7.01%)
                 0      unc_iio_data_req_of_cpu_mem_read_part2_3                                     (7.01%)
                 0      unc_iio_data_req_of_cpu_mem_read_part2_4                                     (6.99%)
                 0      unc_iio_data_req_of_cpu_mem_read_part2_5                                     (6.98%)
                 0      unc_iio_data_req_of_cpu_mem_read_part3_0                                     (7.00%)
                 0      unc_iio_data_req_of_cpu_mem_read_part3_1                                     (7.02%)
                 0      unc_iio_data_req_of_cpu_mem_read_part3_2                                     (7.00%)
                 0      unc_iio_data_req_of_cpu_mem_read_part3_3                                     (7.01%)
                 0      unc_iio_data_req_of_cpu_mem_read_part3_4                                     (7.00%)
                 0      unc_iio_data_req_of_cpu_mem_read_part3_5                                     (6.99%)
                 0      unc_iio_data_req_of_cpu_mem_write_part0_0                                     (7.04%)
                 0      unc_iio_data_req_of_cpu_mem_write_part0_1                                     (5.26%)
                 0      unc_iio_data_req_of_cpu_mem_write_part0_2                                     (7.02%)
                 0      unc_iio_data_req_of_cpu_mem_write_part0_3                                     (7.01%)
                 0      unc_iio_data_req_of_cpu_mem_write_part0_4                                     (5.25%)
                 0      unc_iio_data_req_of_cpu_mem_write_part0_5                                     (7.01%)
                 0      unc_iio_data_req_of_cpu_mem_write_part1_0                                     (7.02%)
                 0      unc_iio_data_req_of_cpu_mem_write_part1_1                                     (5.26%)
                 0      unc_iio_data_req_of_cpu_mem_write_part1_2                                     (5.25%)
                 0      unc_iio_data_req_of_cpu_mem_write_part1_3                                     (6.98%)
                 0      unc_iio_data_req_of_cpu_mem_write_part1_4                                     (5.24%)
                 0      unc_iio_data_req_of_cpu_mem_write_part1_5                                     (5.24%)
                 0      unc_iio_data_req_of_cpu_mem_write_part2_0                                     (7.00%)
                 0      unc_iio_data_req_of_cpu_mem_write_part2_1                                     (7.01%)
                 0      unc_iio_data_req_of_cpu_mem_write_part2_2                                     (5.26%)
                 0      unc_iio_data_req_of_cpu_mem_write_part2_3                                     (5.26%)
                 0      unc_iio_data_req_of_cpu_mem_write_part2_4                                     (7.02%)
                 0      unc_iio_data_req_of_cpu_mem_write_part2_5                                     (5.26%)
                 0      unc_iio_data_req_of_cpu_mem_write_part3_0                                     (5.26%)
                 0      unc_iio_data_req_of_cpu_mem_write_part3_1                                     (7.01%)
                 0      unc_iio_data_req_of_cpu_mem_write_part3_2                                     (7.01%)
                 0      unc_iio_data_req_of_cpu_mem_write_part3_3                                     (5.26%)
                 0      unc_iio_data_req_of_cpu_mem_write_part3_4                                     (5.27%)
                 0      unc_iio_data_req_of_cpu_mem_write_part3_5                                     (7.02%)
                 0      unc_iio_data_req_of_cpu_peer_read_part0_0                                     (5.26%)
                 0      unc_iio_data_req_of_cpu_peer_read_part0_1                                     (5.26%)
                 0      unc_iio_data_req_of_cpu_peer_read_part0_2                                     (7.02%)
                 0      unc_iio_data_req_of_cpu_peer_read_part0_3                                     (7.02%)
                 0      unc_iio_data_req_of_cpu_peer_read_part0_4                                     (5.26%)
                 0      unc_iio_data_req_of_cpu_peer_read_part0_5                                     (5.27%)
                 0      unc_iio_data_req_of_cpu_peer_read_part1_0                                     (7.02%)
                 0      unc_iio_data_req_of_cpu_peer_read_part1_1                                     (5.26%)
                 0      unc_iio_data_req_of_cpu_peer_read_part1_2                                     (5.26%)
                 0      unc_iio_data_req_of_cpu_peer_read_part1_3                                     (7.02%)
                 0      unc_iio_data_req_of_cpu_peer_read_part1_4                                     (7.02%)
                 0      unc_iio_data_req_of_cpu_peer_read_part1_5                                     (5.26%)
                 0      unc_iio_data_req_of_cpu_peer_read_part2_0                                     (7.01%)
                 0      unc_iio_data_req_of_cpu_peer_read_part2_1                                     (7.01%)
                 0      unc_iio_data_req_of_cpu_peer_read_part2_2                                     (5.26%)
                 0      unc_iio_data_req_of_cpu_peer_read_part2_3                                     (7.02%)
                 0      unc_iio_data_req_of_cpu_peer_read_part2_4                                     (7.01%)
                 0      unc_iio_data_req_of_cpu_peer_read_part2_5                                     (7.01%)
                 0      unc_iio_data_req_of_cpu_peer_read_part3_0                                     (7.02%)
                 0      unc_iio_data_req_of_cpu_peer_read_part3_1                                     (7.01%)
                 0      unc_iio_data_req_of_cpu_peer_read_part3_2                                     (7.01%)
                 0      unc_iio_data_req_of_cpu_peer_read_part3_3                                     (7.02%)
                 0      unc_iio_data_req_of_cpu_peer_read_part3_4                                     (7.02%)
                 0      unc_iio_data_req_of_cpu_peer_read_part3_5                                     (7.02%)
                 0      unc_iio_data_req_of_cpu_peer_write_part0_0                                     (5.26%)
                 0      unc_iio_data_req_of_cpu_peer_write_part0_1                                     (7.02%)
                 0      unc_iio_data_req_of_cpu_peer_write_part0_2                                     (7.03%)
                 0      unc_iio_data_req_of_cpu_peer_write_part0_3                                     (5.28%)
                 0      unc_iio_data_req_of_cpu_peer_write_part0_4                                     (7.04%)
                 0      unc_iio_data_req_of_cpu_peer_write_part0_5                                     (7.05%)
                 0      unc_iio_data_req_of_cpu_peer_write_part1_0                                     (5.26%)
                 0      unc_iio_data_req_of_cpu_peer_write_part1_1                                     (7.02%)
                 0      unc_iio_data_req_of_cpu_peer_write_part1_2                                     (7.02%)
                 0      unc_iio_data_req_of_cpu_peer_write_part1_3                                     (5.25%)
                 0      unc_iio_data_req_of_cpu_peer_write_part1_4                                     (5.27%)
                 0      unc_iio_data_req_of_cpu_peer_write_part1_5                                     (7.01%)
                 0      unc_iio_data_req_of_cpu_peer_write_part2_0                                     (7.02%)
                 0      unc_iio_data_req_of_cpu_peer_write_part2_1                                     (5.26%)
                 0      unc_iio_data_req_of_cpu_peer_write_part2_2                                     (7.00%)
                 0      unc_iio_data_req_of_cpu_peer_write_part2_3                                     (7.00%)
                 0      unc_iio_data_req_of_cpu_peer_write_part2_4                                     (5.24%)
                 0      unc_iio_data_req_of_cpu_peer_write_part2_5                                     (6.98%)
                 0      unc_iio_data_req_of_cpu_peer_write_part3_0                                     (7.02%)
                 0      unc_iio_data_req_of_cpu_peer_write_part3_1                                     (5.26%)
                 0      unc_iio_data_req_of_cpu_peer_write_part3_2                                     (5.27%)
                 0      unc_iio_data_req_of_cpu_peer_write_part3_3                                     (7.02%)
                 0      unc_iio_data_req_of_cpu_peer_write_part3_4                                     (7.00%)
                 0      unc_iio_data_req_of_cpu_peer_write_part3_5                                     (5.26%)
                 0      unc_iio_payload_bytes_in_mem_read_part0_0                                     (7.02%)
                 0      unc_iio_payload_bytes_in_mem_read_part0_1                                     (7.02%)
                 0      unc_iio_payload_bytes_in_mem_read_part0_2                                     (5.27%)
                 0      unc_iio_payload_bytes_in_mem_read_part0_3                                     (7.04%)
                 0      unc_iio_payload_bytes_in_mem_read_part0_4                                     (7.04%)
                 0      unc_iio_payload_bytes_in_mem_read_part0_5                                     (5.29%)
                 0      unc_iio_payload_bytes_in_mem_read_part1_0                                     (7.03%)
                 0      unc_iio_payload_bytes_in_mem_read_part1_1                                     (7.02%)
                 0      unc_iio_payload_bytes_in_mem_read_part1_2                                     (7.04%)
                 0      unc_iio_payload_bytes_in_mem_read_part1_3                                     (5.30%)
                 0      unc_iio_payload_bytes_in_mem_read_part1_4                                     (7.05%)
                 0      unc_iio_payload_bytes_in_mem_read_part1_5                                     (7.06%)
                 0      unc_iio_payload_bytes_in_mem_read_part2_0                                     (5.25%)
                 0      unc_iio_payload_bytes_in_mem_read_part2_1                                     (7.02%)
                 0      unc_iio_payload_bytes_in_mem_read_part2_2                                     (7.01%)
                 0      unc_iio_payload_bytes_in_mem_read_part2_3                                     (5.24%)
                 0      unc_iio_payload_bytes_in_mem_read_part2_4                                     (7.00%)
                 0      unc_iio_payload_bytes_in_mem_read_part2_5                                     (6.99%)
                 0      unc_iio_payload_bytes_in_mem_read_part3_0                                     (5.25%)
                 0      unc_iio_payload_bytes_in_mem_read_part3_1                                     (7.02%)
                 0      unc_iio_payload_bytes_in_mem_read_part3_2                                     (6.99%)
                 0      unc_iio_payload_bytes_in_mem_read_part3_3                                     (6.98%)
                 0      unc_iio_payload_bytes_in_mem_read_part3_4                                     (6.99%)
                 0      unc_iio_payload_bytes_in_mem_read_part3_5                                     (6.98%)
                 0      unc_iio_payload_bytes_in_mem_write_part0_0                                     (7.02%)
                 0      unc_iio_payload_bytes_in_mem_write_part0_1                                     (7.02%)
                 0      unc_iio_payload_bytes_in_mem_write_part0_2                                     (7.02%)
                 0      unc_iio_payload_bytes_in_mem_write_part0_3                                     (7.03%)
                 0      unc_iio_payload_bytes_in_mem_write_part0_4                                     (7.04%)
                 0      unc_iio_payload_bytes_in_mem_write_part0_5                                     (7.04%)
                 0      unc_iio_payload_bytes_in_mem_write_part1_0                                     (7.02%)
                 0      unc_iio_payload_bytes_in_mem_write_part1_1                                     (7.02%)
                 0      unc_iio_payload_bytes_in_mem_write_part1_2                                     (7.05%)
                 0      unc_iio_payload_bytes_in_mem_write_part1_3                                     (7.06%)
                 0      unc_iio_payload_bytes_in_mem_write_part1_4                                     (7.04%)
                 0      unc_iio_payload_bytes_in_mem_write_part1_5                                     (7.05%)
                 0      unc_iio_payload_bytes_in_mem_write_part2_0                                     (7.02%)
                 0      unc_iio_payload_bytes_in_mem_write_part2_1                                     (7.02%)
                 0      unc_iio_payload_bytes_in_mem_write_part2_2                                     (7.01%)
                 0      unc_iio_payload_bytes_in_mem_write_part2_3                                     (7.00%)
                 0      unc_iio_payload_bytes_in_mem_write_part2_4                                     (5.25%)
                 0      unc_iio_payload_bytes_in_mem_write_part2_5                                     (7.00%)
                 0      unc_iio_payload_bytes_in_mem_write_part3_0                                     (7.01%)
                 0      unc_iio_payload_bytes_in_mem_write_part3_1                                     (5.26%)
                 0      unc_iio_payload_bytes_in_mem_write_part3_2                                     (6.99%)
                 0      unc_iio_payload_bytes_in_mem_write_part3_3                                     (6.98%)
                 0      unc_iio_payload_bytes_in_mem_write_part3_4                                     (5.25%)
                 0      unc_iio_payload_bytes_in_mem_write_part3_5                                     (6.99%)
                 0      unc_iio_txn_req_by_cpu_mem_read_part0_0                                     (7.02%)
                 0      unc_iio_txn_req_by_cpu_mem_read_part0_1                                     (7.02%)
                 0      unc_iio_txn_req_by_cpu_mem_read_part0_2                                     (7.01%)
                 0      unc_iio_txn_req_by_cpu_mem_read_part0_3                                     (7.02%)
                 0      unc_iio_txn_req_by_cpu_mem_read_part0_4                                     (7.01%)
                 0      unc_iio_txn_req_by_cpu_mem_read_part0_5                                     (7.00%)
                 0      unc_iio_txn_req_by_cpu_mem_read_part1_0                                     (7.02%)
                 0      unc_iio_txn_req_by_cpu_mem_read_part1_1                                     (7.02%)
                 0      unc_iio_txn_req_by_cpu_mem_read_part1_2                                     (7.02%)
                 0      unc_iio_txn_req_by_cpu_mem_read_part1_3                                     (7.02%)
                 0      unc_iio_txn_req_by_cpu_mem_read_part1_4                                     (7.01%)
                 0      unc_iio_txn_req_by_cpu_mem_read_part1_5                                     (7.01%)
                 0      unc_iio_txn_req_by_cpu_mem_read_part2_0                                     (7.02%)
                 0      unc_iio_txn_req_by_cpu_mem_read_part2_1                                     (7.02%)
                 0      unc_iio_txn_req_by_cpu_mem_read_part2_2                                     (7.02%)
                 0      unc_iio_txn_req_by_cpu_mem_read_part2_3                                     (7.02%)
                 0      unc_iio_txn_req_by_cpu_mem_read_part2_4                                     (7.02%)
                 0      unc_iio_txn_req_by_cpu_mem_read_part2_5                                     (7.02%)
                 0      unc_iio_txn_req_by_cpu_mem_read_part3_0                                     (7.02%)
                 0      unc_iio_txn_req_by_cpu_mem_read_part3_1                                     (7.02%)
                 0      unc_iio_txn_req_by_cpu_mem_read_part3_2                                     (7.02%)
                 0      unc_iio_txn_req_by_cpu_mem_read_part3_3                                     (7.02%)
                 0      unc_iio_txn_req_by_cpu_mem_read_part3_4                                     (7.01%)
                 0      unc_iio_txn_req_by_cpu_mem_read_part3_5                                     (7.01%)
                 0      unc_iio_txn_req_by_cpu_mem_write_part0_0                                     (7.01%)
                 0      unc_iio_txn_req_by_cpu_mem_write_part0_1                                     (7.02%)
                 0      unc_iio_txn_req_by_cpu_mem_write_part0_2                                     (7.02%)
                 0      unc_iio_txn_req_by_cpu_mem_write_part0_3                                     (7.02%)
                 0      unc_iio_txn_req_by_cpu_mem_write_part0_4                                     (7.06%)
                 0      unc_iio_txn_req_by_cpu_mem_write_part0_5                                     (7.06%)
                 0      unc_iio_txn_req_by_cpu_mem_write_part1_0                                     (7.02%)
                 0      unc_iio_txn_req_by_cpu_mem_write_part1_1                                     (7.02%)
                 0      unc_iio_txn_req_by_cpu_mem_write_part1_2                                     (7.03%)
                 0      unc_iio_txn_req_by_cpu_mem_write_part1_3                                     (7.06%)
                 0      unc_iio_txn_req_by_cpu_mem_write_part1_4                                     (7.07%)
                 0      unc_iio_txn_req_by_cpu_mem_write_part1_5                                     (7.07%)

      69.799448394 seconds time elapsed

