# started on Tue Feb  6 06:05:43 2024


 Performance counter stats for 'system wide':

                 0      r8c7                                                          (11.68%)
                 0      r10c7                                                         (11.68%)
                 0      r20c7                                                         (10.39%)
                 0      r18c7                                                         (10.39%)
                 0      r40c7                                                         (10.39%)
                 0      r80c7                                                         (10.39%)
                 0      r18c7                                                         (10.39%)
    19,851,964,440      r3c7                                                          (10.39%)
    19,849,327,016      r1c7                                                          (10.39%)
                 0      r2c7                                                          (10.39%)
                 0      rfcc7                                                         (10.39%)
                 0      r1001eca                                                      (10.39%)
                 0      r1c6                                                          (10.39%)
                 0      r1c6                                                          (10.39%)
                 0      r1c6                                                          (10.39%)
                 0      r1c6                                                          (10.39%)
                 0      r1c6                                                          (5.20%)
   <not supported>      r1c6:p                                                      
                 0      r1c6                                                          (5.20%)
                 0      r1c6                                                          (5.20%)
                 0      r1c6                                                          (5.20%)
                 0      r1c6                                                          (5.20%)
                 0      r1c6                                                          (5.20%)
                 0      r1c6                                                          (5.20%)
                 0      r1c6                                                          (5.20%)
                 0      r1c6                                                          (5.20%)
                 0      r1c6                                                          (5.20%)
                 0      r1c6                                                          (5.20%)
                 0      r1c6                                                          (5.20%)
                 0      r1c6                                                          (5.20%)
                 0      r1c6                                                          (5.20%)
                 0      r4c8                                                          (6.50%)
                 0      r80c8                                                         (7.80%)
                 0      r8c8                                                          (9.09%)
                 0      r40c8                                                         (10.39%)
                 0      r10c8                                                         (10.39%)
                 0      r20c8                                                         (10.39%)
                 0      r2c8                                                          (10.39%)
                 0      r1c8                                                          (10.39%)
           567,676      r1cb                                                          (10.39%)
       551,651,763      r480                                                          (10.39%)
    50,914,236,628      r183                                                          (10.39%)
       139,849,825      r283                                                          (10.39%)
        90,380,024      r483                                                          (10.39%)
        89,294,929      r483                                                          (10.39%)
     6,355,948,059      r4fe                                                          (10.39%)
       951,853,475      r2fe                                                          (10.39%)
    23,222,691,417      r4001879                                                      (10.39%)
    39,024,824,652      r1001879                                                      (10.39%)
       621,324,607      r4002479                                                      (10.39%)
     1,804,944,838      r1002479                                                      (10.39%)
    37,546,744,793      r1000879                                                      (10.39%)
    39,018,415,469      r1001879                                                      (10.39%)
    23,206,604,188      r4001879                                                      (10.39%)
   157,652,532,655      r879                                                          (10.39%)
     1,196,466,054      r1000479                                                      (10.39%)
     3,199,317,803      r479                                                          (10.39%)
     2,133,623,156      r1003079                                                      (10.39%)
     1,473,781,746      r1001079                                                      (10.39%)
     1,697,495,071      r2079                                                         (10.39%)
       712,746,714      r1043079                                                      (10.39%)
     6,560,183,041      r3079                                                         (10.38%)
    17,914,465,702      r19c                                                          (10.38%)
     1,191,088,713      r400019c                                                      (10.38%)
   160,077,135,191      r180019c                                                      (10.38%)
     1,426,521,017      r300019c                                                      (10.38%)
     6,242,852,740      r200019c                                                      (10.38%)
     9,133,014,782      r100019c                                                      (10.38%)
           706,119      r187                                                          (10.38%)
     2,942,322,847      r155                                                          (10.38%)
   187,245,887,928      rc0                                                           (11.68%)
   187,297,973,405      rc0                                                           (11.68%)
       239,893,226      r2c0                                                          (11.68%)
   <not supported>      r1c0:p                                                      
   <not supported>      ra8001c0:p                                                  
       308,698,758      r800d                                                         (11.68%)
        32,516,510      r104010d                                                      (11.68%)
       188,873,843      r10d                                                          (11.68%)
       189,776,964      r20010d                                                       (11.68%)
           519,026      r1ae                                                          (11.68%)

      70.126172349 seconds time elapsed

