# started on Mon Feb  5 06:20:20 2024


 Performance counter stats for 'system wide':

        43,437,826      r2ab                                                          (19.51%)
                 0      r1c6                                                          (19.51%)
                 0      r1c6                                                          (19.51%)
                 0      r1c6                                                          (19.51%)
                 0      r1c6                                                          (19.51%)
                 0      r1c6                                                          (9.76%)
                 0      r1c6                                                          (9.76%)
                 0      r1c6                                                          (9.76%)
                 0      r1c6                                                          (9.76%)
                 0      r1c6                                                          (9.76%)
                 0      r1c6                                                          (9.76%)
                 0      r1c6                                                          (9.76%)
                 0      r1c6                                                          (9.76%)
                 0      r1c6                                                          (9.76%)
                 0      r1c6                                                          (9.76%)
                 0      r1c6                                                          (9.76%)
                 0      r1c6                                                          (9.76%)
                 0      r1c6                                                          (9.76%)
       374,148,627      r480                                                          (12.20%)
    42,443,586,387      r183                                                          (14.63%)
       132,353,410      r283                                                          (17.07%)
        88,734,172      r483                                                          (19.51%)
    28,335,025,122      r4001879                                                      (19.51%)
    56,632,070,224      r1001879                                                      (19.51%)
       600,212,418      r4002479                                                      (19.51%)
     1,729,381,899      r1002479                                                      (19.51%)
    56,274,543,936      r1000879                                                      (19.51%)
   172,978,360,234      r879                                                          (19.51%)
     1,102,914,712      r1000479                                                      (19.51%)
     2,949,473,808      r479                                                          (19.51%)
     1,014,992,518      r1003079                                                      (19.51%)
       394,554,584      r1001079                                                      (19.51%)
     1,570,385,430      r2079                                                         (19.51%)
       307,084,432      r1043079                                                      (19.51%)
     2,867,145,050      r3079                                                         (19.51%)
    31,801,763,308      r19c                                                          (19.51%)
     1,017,632,345      r400019c                                                      (19.51%)
   155,240,077,263      r180019c                                                      (19.51%)
     5,468,404,234      r300019c                                                      (19.51%)
    11,720,951,421      r200019c                                                      (19.51%)
    13,612,628,377      r100019c                                                      (19.51%)

      69.782512757 seconds time elapsed

