This file contains any messages produced by compilers while
running configure, to aid debugging if configure makes a mistake.

It was created by mutated configure 1.0.0, which was
generated by GNU Autoconf 2.69.  Invocation command line was

  $ ./configure 

## --------- ##
## Platform. ##
## --------- ##

hostname = localhost.localdomain
uname -m = x86_64
uname -r = 6.4.2-1.el7.elrepo.x86_64
uname -s = Linux
uname -v = #1 SMP PREEMPT_DYNAMIC Wed Jul  5 16:22:27 EDT 2023

/usr/bin/uname -p = x86_64
/bin/uname -X     = unknown

/bin/arch              = x86_64
/usr/bin/arch -k       = unknown
/usr/convex/getsysinfo = unknown
/usr/bin/hostinfo      = unknown
/bin/machine           = unknown
/usr/bin/oslevel       = unknown
/bin/universe          = unknown

PATH: /home/wjy/openwhisk
PATH: /home/wjy/nodejs/bin
PATH: /home/wjy/apache-jmeter-5.6.2/bin
PATH: /usr/local/go/bin
PATH: /home/wjy/openwhisk
PATH: /home/wjy/nodejs/bin
PATH: /home/wjy/apache-jmeter-5.6.2/bin
PATH: /usr/local/go/bin
PATH: /usr/local/sbin
PATH: /usr/local/bin
PATH: /usr/sbin
PATH: /usr/bin
PATH: /var/lib/snapd/snap/bin
PATH: /usr/lib/jvm/java-1.8.0-openjdk-1.8.0.382.b05-1.el7_9.x86_64/bin
PATH: /usr/lib/jvm/java-1.8.0-openjdk-1.8.0.382.b05-1.el7_9.x86_64/jre/bin
PATH: /home/wjy/pmu-tools
PATH: /usr/lib/jvm/java-1.8.0-openjdk-1.8.0.382.b05-1.el7_9.x86_64/bin
PATH: /usr/lib/jvm/java-1.8.0-openjdk-1.8.0.382.b05-1.el7_9.x86_64/jre/bin
PATH: /home/wjy/pmu-tools
PATH: /root/bin


## ----------- ##
## Core tests. ##
## ----------- ##

configure:2352: checking for a BSD-compatible install
configure:2420: result: /usr/bin/install -c
configure:2431: checking whether build environment is sane
configure:2486: result: yes
configure:2637: checking for a thread-safe mkdir -p
configure:2676: result: /usr/bin/mkdir -p
configure:2683: checking for gawk
configure:2699: found /usr/bin/gawk
configure:2710: result: gawk
configure:2721: checking whether make sets $(MAKE)
configure:2743: result: yes
configure:2772: checking whether make supports nested variables
configure:2789: result: yes
configure:2886: checking whether make supports nested variables
configure:2903: result: yes
configure:2984: checking for gcc
configure:3000: found /usr/bin/gcc
configure:3011: result: gcc
configure:3240: checking for C compiler version
configure:3249: gcc --version >&5
gcc (GCC) 8.3.1 20190311 (Red Hat 8.3.1-3)
Copyright (C) 2018 Free Software Foundation, Inc.
This is free software; see the source for copying conditions.  There is NO
warranty; not even for MERCHANTABILITY or FITNESS FOR A PARTICULAR PURPOSE.

configure:3260: $? = 0
configure:3249: gcc -v >&5
Using built-in specs.
COLLECT_GCC=gcc
COLLECT_LTO_WRAPPER=/opt/rh/devtoolset-8/root/usr/libexec/gcc/x86_64-redhat-linux/8/lto-wrapper
Target: x86_64-redhat-linux
Configured with: ../configure --enable-bootstrap --enable-languages=c,c++,fortran,lto --prefix=/opt/rh/devtoolset-8/root/usr --mandir=/opt/rh/devtoolset-8/root/usr/share/man --infodir=/opt/rh/devtoolset-8/root/usr/share/info --with-bugurl=http://bugzilla.redhat.com/bugzilla --enable-shared --enable-threads=posix --enable-checking=release --enable-multilib --with-system-zlib --enable-__cxa_atexit --disable-libunwind-exceptions --enable-gnu-unique-object --enable-linker-build-id --with-gcc-major-version-only --with-linker-hash-style=gnu --with-default-libstdcxx-abi=gcc4-compatible --enable-plugin --enable-initfini-array --with-isl=/builddir/build/BUILD/gcc-8.3.1-20190311/obj-x86_64-redhat-linux/isl-install --disable-libmpx --enable-gnu-indirect-function --with-tune=generic --with-arch_32=x86-64 --build=x86_64-redhat-linux
Thread model: posix
gcc version 8.3.1 20190311 (Red Hat 8.3.1-3) (GCC) 
configure:3260: $? = 0
configure:3249: gcc -V >&5
gcc: error: unrecognized command line option '-V'
gcc: fatal error: no input files
compilation terminated.
configure:3260: $? = 1
configure:3249: gcc -qversion >&5
gcc: error: unrecognized command line option '-qversion'; did you mean '--version'?
gcc: fatal error: no input files
compilation terminated.
configure:3260: $? = 1
configure:3280: checking whether the C compiler works
configure:3302: gcc    conftest.c  >&5
configure:3306: $? = 0
configure:3354: result: yes
configure:3357: checking for C compiler default output file name
configure:3359: result: a.out
configure:3365: checking for suffix of executables
configure:3372: gcc -o conftest    conftest.c  >&5
configure:3376: $? = 0
configure:3398: result: 
configure:3420: checking whether we are cross compiling
configure:3428: gcc -o conftest    conftest.c  >&5
configure:3432: $? = 0
configure:3439: ./conftest
configure:3443: $? = 0
configure:3458: result: no
configure:3463: checking for suffix of object files
configure:3485: gcc -c   conftest.c >&5
configure:3489: $? = 0
configure:3510: result: o
configure:3514: checking whether we are using the GNU C compiler
configure:3533: gcc -c   conftest.c >&5
configure:3533: $? = 0
configure:3542: result: yes
configure:3551: checking whether gcc accepts -g
configure:3571: gcc -c -g  conftest.c >&5
configure:3571: $? = 0
configure:3612: result: yes
configure:3629: checking for gcc option to accept ISO C89
configure:3692: gcc  -c -g -O2  conftest.c >&5
configure:3692: $? = 0
configure:3705: result: none needed
configure:3736: checking for style of include used by make
configure:3764: result: GNU
configure:3790: checking dependency style of gcc
configure:3901: result: gcc3
configure:3974: checking for g++
configure:3990: found /usr/bin/g++
configure:4001: result: g++
configure:4028: checking for C++ compiler version
configure:4037: g++ --version >&5
g++ (GCC) 8.3.1 20190311 (Red Hat 8.3.1-3)
Copyright (C) 2018 Free Software Foundation, Inc.
This is free software; see the source for copying conditions.  There is NO
warranty; not even for MERCHANTABILITY or FITNESS FOR A PARTICULAR PURPOSE.

configure:4048: $? = 0
configure:4037: g++ -v >&5
Using built-in specs.
COLLECT_GCC=g++
COLLECT_LTO_WRAPPER=/opt/rh/devtoolset-8/root/usr/libexec/gcc/x86_64-redhat-linux/8/lto-wrapper
Target: x86_64-redhat-linux
Configured with: ../configure --enable-bootstrap --enable-languages=c,c++,fortran,lto --prefix=/opt/rh/devtoolset-8/root/usr --mandir=/opt/rh/devtoolset-8/root/usr/share/man --infodir=/opt/rh/devtoolset-8/root/usr/share/info --with-bugurl=http://bugzilla.redhat.com/bugzilla --enable-shared --enable-threads=posix --enable-checking=release --enable-multilib --with-system-zlib --enable-__cxa_atexit --disable-libunwind-exceptions --enable-gnu-unique-object --enable-linker-build-id --with-gcc-major-version-only --with-linker-hash-style=gnu --with-default-libstdcxx-abi=gcc4-compatible --enable-plugin --enable-initfini-array --with-isl=/builddir/build/BUILD/gcc-8.3.1-20190311/obj-x86_64-redhat-linux/isl-install --disable-libmpx --enable-gnu-indirect-function --with-tune=generic --with-arch_32=x86-64 --build=x86_64-redhat-linux
Thread model: posix
gcc version 8.3.1 20190311 (Red Hat 8.3.1-3) (GCC) 
configure:4048: $? = 0
configure:4037: g++ -V >&5
g++: error: unrecognized command line option '-V'
g++: fatal error: no input files
compilation terminated.
configure:4048: $? = 1
configure:4037: g++ -qversion >&5
g++: error: unrecognized command line option '-qversion'; did you mean '--version'?
g++: fatal error: no input files
compilation terminated.
configure:4048: $? = 1
configure:4052: checking whether we are using the GNU C++ compiler
configure:4071: g++ -c   conftest.cpp >&5
configure:4071: $? = 0
configure:4080: result: yes
configure:4089: checking whether g++ accepts -g
configure:4109: g++ -c -g  conftest.cpp >&5
configure:4109: $? = 0
configure:4150: result: yes
configure:4175: checking dependency style of g++
configure:4286: result: gcc3
configure:4309: checking whether g++ supports C++14 features by default
configure:4333: g++ -c -g -O2  conftest.cpp >&5
configure:4333: $? = 0
configure:4340: result: yes
configure:4449: checking for ar
configure:4465: found /usr/bin/ar
configure:4476: result: ar
configure:4502: checking the archiver (ar) interface
configure:4512: g++ -c -g -O2  conftest.cpp >&5
configure:4512: $? = 0
configure:4514: ar cru libconftest.a conftest.o >&5
configure:4517: $? = 0
configure:4540: result: ar
configure:4589: checking build system type
configure:4603: result: x86_64-unknown-linux-gnu
configure:4623: checking host system type
configure:4636: result: x86_64-unknown-linux-gnu
configure:4677: checking how to print strings
configure:4704: result: printf
configure:4725: checking for a sed that does not truncate output
configure:4789: result: /usr/bin/sed
configure:4807: checking for grep that handles long lines and -e
configure:4865: result: /usr/bin/grep
configure:4870: checking for egrep
configure:4932: result: /usr/bin/grep -E
configure:4937: checking for fgrep
configure:4999: result: /usr/bin/grep -F
configure:5034: checking for ld used by gcc
configure:5101: result: /opt/rh/devtoolset-8/root/usr/libexec/gcc/x86_64-redhat-linux/8/ld
configure:5108: checking if the linker (/opt/rh/devtoolset-8/root/usr/libexec/gcc/x86_64-redhat-linux/8/ld) is GNU ld
configure:5123: result: yes
configure:5135: checking for BSD- or MS-compatible name lister (nm)
configure:5184: result: /usr/bin/nm -B
configure:5314: checking the name lister (/usr/bin/nm -B) interface
configure:5321: g++ -c -g -O2  conftest.cpp >&5
configure:5324: /usr/bin/nm -B "conftest.o"
configure:5327: output
0000000000000000 B some_variable
configure:5334: result: BSD nm
configure:5337: checking whether ln -s works
configure:5341: result: yes
configure:5349: checking the maximum length of command line arguments
configure:5479: result: 1572864
configure:5496: checking whether the shell understands some XSI constructs
configure:5506: result: yes
configure:5510: checking whether the shell understands "+="
configure:5516: result: yes
configure:5551: checking how to convert x86_64-unknown-linux-gnu file names to x86_64-unknown-linux-gnu format
configure:5591: result: func_convert_file_noop
configure:5598: checking how to convert x86_64-unknown-linux-gnu file names to toolchain format
configure:5618: result: func_convert_file_noop
configure:5625: checking for /opt/rh/devtoolset-8/root/usr/libexec/gcc/x86_64-redhat-linux/8/ld option to reload object files
configure:5632: result: -r
configure:5706: checking for objdump
configure:5722: found /usr/bin/objdump
configure:5733: result: objdump
configure:5765: checking how to recognize dependent libraries
configure:5967: result: pass_all
configure:6052: checking for dlltool
configure:6082: result: no
configure:6112: checking how to associate runtime and link libraries
configure:6139: result: printf %s\n
configure:6263: checking for archiver @FILE support
configure:6280: g++ -c -g -O2  conftest.cpp >&5
configure:6280: $? = 0
configure:6283: ar cr libconftest.a @conftest.lst >&5
configure:6286: $? = 0
configure:6291: ar cr libconftest.a @conftest.lst >&5
ar: conftest.o: No such file or directory
configure:6294: $? = 1
configure:6306: result: @
configure:6364: checking for strip
configure:6380: found /usr/bin/strip
configure:6391: result: strip
configure:6463: checking for ranlib
configure:6479: found /usr/bin/ranlib
configure:6490: result: ranlib
configure:6592: checking command to parse /usr/bin/nm -B output from gcc object
configure:6712: g++ -c -g -O2  conftest.cpp >&5
configure:6715: $? = 0
configure:6719: /usr/bin/nm -B conftest.o \| sed -n -e 's/^.*[ ]\([ABCDGIRSTW][ABCDGIRSTW]*\)[ ][ ]*\([_A-Za-z][_A-Za-z0-9]*\)$/\1 \2 \2/p' | sed '/ __gnu_lto/d' \> conftest.nm
configure:6722: $? = 0
configure:6788: g++ -o conftest -g -O2   conftest.cpp conftstm.o >&5
configure:6791: $? = 0
configure:6829: result: ok
configure:6866: checking for sysroot
configure:6896: result: no
configure:6974: g++ -c -g -O2  conftest.cpp >&5
configure:6977: $? = 0
configure:7153: checking for mt
configure:7183: result: no
configure:7203: checking if : is a manifest tool
configure:7209: : '-?'
configure:7217: result: no
configure:7859: checking how to run the C preprocessor
configure:7890: gcc -E  conftest.c
configure:7890: $? = 0
configure:7904: gcc -E  conftest.c
conftest.c:11:10: fatal error: ac_nonexistent.h: No such file or directory
 #include <ac_nonexistent.h>
          ^~~~~~~~~~~~~~~~~~
compilation terminated.
configure:7904: $? = 1
configure: failed program was:
| /* confdefs.h */
| #define PACKAGE_NAME "mutated"
| #define PACKAGE_TARNAME "mutated"
| #define PACKAGE_VERSION "1.0.0"
| #define PACKAGE_STRING "mutated 1.0.0"
| #define PACKAGE_BUGREPORT "dterei@cs.stanford.edu"
| #define PACKAGE_URL ""
| #define PACKAGE "mutated"
| #define VERSION "1.0.0"
| /* end confdefs.h.  */
| #include <ac_nonexistent.h>
configure:7929: result: gcc -E
configure:7949: gcc -E  conftest.c
configure:7949: $? = 0
configure:7963: gcc -E  conftest.c
conftest.c:11:10: fatal error: ac_nonexistent.h: No such file or directory
 #include <ac_nonexistent.h>
          ^~~~~~~~~~~~~~~~~~
compilation terminated.
configure:7963: $? = 1
configure: failed program was:
| /* confdefs.h */
| #define PACKAGE_NAME "mutated"
| #define PACKAGE_TARNAME "mutated"
| #define PACKAGE_VERSION "1.0.0"
| #define PACKAGE_STRING "mutated 1.0.0"
| #define PACKAGE_BUGREPORT "dterei@cs.stanford.edu"
| #define PACKAGE_URL ""
| #define PACKAGE "mutated"
| #define VERSION "1.0.0"
| /* end confdefs.h.  */
| #include <ac_nonexistent.h>
configure:7992: checking for ANSI C header files
configure:8012: gcc -c -g -O2  conftest.c >&5
configure:8012: $? = 0
configure:8085: gcc -o conftest -g -O2   conftest.c  >&5
configure:8085: $? = 0
configure:8085: ./conftest
configure:8085: $? = 0
configure:8096: result: yes
configure:8109: checking for sys/types.h
configure:8109: gcc -c -g -O2  conftest.c >&5
configure:8109: $? = 0
configure:8109: result: yes
configure:8109: checking for sys/stat.h
configure:8109: gcc -c -g -O2  conftest.c >&5
configure:8109: $? = 0
configure:8109: result: yes
configure:8109: checking for stdlib.h
configure:8109: gcc -c -g -O2  conftest.c >&5
configure:8109: $? = 0
configure:8109: result: yes
configure:8109: checking for string.h
configure:8109: gcc -c -g -O2  conftest.c >&5
configure:8109: $? = 0
configure:8109: result: yes
configure:8109: checking for memory.h
configure:8109: gcc -c -g -O2  conftest.c >&5
configure:8109: $? = 0
configure:8109: result: yes
configure:8109: checking for strings.h
configure:8109: gcc -c -g -O2  conftest.c >&5
configure:8109: $? = 0
configure:8109: result: yes
configure:8109: checking for inttypes.h
configure:8109: gcc -c -g -O2  conftest.c >&5
configure:8109: $? = 0
configure:8109: result: yes
configure:8109: checking for stdint.h
configure:8109: gcc -c -g -O2  conftest.c >&5
configure:8109: $? = 0
configure:8109: result: yes
configure:8109: checking for unistd.h
configure:8109: gcc -c -g -O2  conftest.c >&5
configure:8109: $? = 0
configure:8109: result: yes
configure:8123: checking for dlfcn.h
configure:8123: gcc -c -g -O2  conftest.c >&5
configure:8123: $? = 0
configure:8123: result: yes
configure:8339: checking for objdir
configure:8354: result: .libs
configure:8625: checking if gcc supports -fno-rtti -fno-exceptions
configure:8643: gcc -c -g -O2  -fno-rtti -fno-exceptions conftest.c >&5
cc1: warning: command line option '-fno-rtti' is valid for C++/ObjC++ but not for C
configure:8647: $? = 0
configure:8660: result: no
configure:8987: checking for gcc option to produce PIC
configure:8994: result: -fPIC -DPIC
configure:9002: checking if gcc PIC flag -fPIC -DPIC works
configure:9020: gcc -c -g -O2  -fPIC -DPIC -DPIC conftest.c >&5
configure:9024: $? = 0
configure:9037: result: yes
configure:9066: checking if gcc static flag -static works
configure:9094: result: no
configure:9109: checking if gcc supports -c -o file.o
configure:9130: gcc -c -g -O2  -o out/conftest2.o conftest.c >&5
configure:9134: $? = 0
configure:9156: result: yes
configure:9164: checking if gcc supports -c -o file.o
configure:9211: result: yes
configure:9244: checking whether the gcc linker (/opt/rh/devtoolset-8/root/usr/libexec/gcc/x86_64-redhat-linux/8/ld -m elf_x86_64) supports shared libraries
configure:10397: result: yes
configure:10434: checking whether -lc should be explicitly linked in
configure:10442: gcc -c -g -O2  conftest.c >&5
configure:10445: $? = 0
configure:10460: gcc -shared  -fPIC -DPIC conftest.o  -v -Wl,-soname -Wl,conftest -o conftest 2\>\&1 \| /usr/bin/grep  -lc  \>/dev/null 2\>\&1
configure:10463: $? = 0
configure:10477: result: no
configure:10637: checking dynamic linker characteristics
configure:11148: gcc -o conftest -g -O2   -Wl,-rpath -Wl,/foo conftest.c  >&5
configure:11148: $? = 0
configure:11374: result: GNU/Linux ld.so
configure:11481: checking how to hardcode library paths into programs
configure:11506: result: immediate
configure:12046: checking whether stripping libraries is possible
configure:12051: result: yes
configure:12086: checking if libtool supports shared libraries
configure:12088: result: yes
configure:12091: checking whether to build shared libraries
configure:12112: result: yes
configure:12115: checking whether to build static libraries
configure:12119: result: yes
configure:12142: checking how to run the C++ preprocessor
configure:12169: g++ -E  conftest.cpp
configure:12169: $? = 0
configure:12183: g++ -E  conftest.cpp
conftest.cpp:23:10: fatal error: ac_nonexistent.h: No such file or directory
 #include <ac_nonexistent.h>
          ^~~~~~~~~~~~~~~~~~
compilation terminated.
configure:12183: $? = 1
configure: failed program was:
| /* confdefs.h */
| #define PACKAGE_NAME "mutated"
| #define PACKAGE_TARNAME "mutated"
| #define PACKAGE_VERSION "1.0.0"
| #define PACKAGE_STRING "mutated 1.0.0"
| #define PACKAGE_BUGREPORT "dterei@cs.stanford.edu"
| #define PACKAGE_URL ""
| #define PACKAGE "mutated"
| #define VERSION "1.0.0"
| #define STDC_HEADERS 1
| #define HAVE_SYS_TYPES_H 1
| #define HAVE_SYS_STAT_H 1
| #define HAVE_STDLIB_H 1
| #define HAVE_STRING_H 1
| #define HAVE_MEMORY_H 1
| #define HAVE_STRINGS_H 1
| #define HAVE_INTTYPES_H 1
| #define HAVE_STDINT_H 1
| #define HAVE_UNISTD_H 1
| #define HAVE_DLFCN_H 1
| #define LT_OBJDIR ".libs/"
| /* end confdefs.h.  */
| #include <ac_nonexistent.h>
configure:12208: result: g++ -E
configure:12228: g++ -E  conftest.cpp
configure:12228: $? = 0
configure:12242: g++ -E  conftest.cpp
conftest.cpp:23:10: fatal error: ac_nonexistent.h: No such file or directory
 #include <ac_nonexistent.h>
          ^~~~~~~~~~~~~~~~~~
compilation terminated.
configure:12242: $? = 1
configure: failed program was:
| /* confdefs.h */
| #define PACKAGE_NAME "mutated"
| #define PACKAGE_TARNAME "mutated"
| #define PACKAGE_VERSION "1.0.0"
| #define PACKAGE_STRING "mutated 1.0.0"
| #define PACKAGE_BUGREPORT "dterei@cs.stanford.edu"
| #define PACKAGE_URL ""
| #define PACKAGE "mutated"
| #define VERSION "1.0.0"
| #define STDC_HEADERS 1
| #define HAVE_SYS_TYPES_H 1
| #define HAVE_SYS_STAT_H 1
| #define HAVE_STDLIB_H 1
| #define HAVE_STRING_H 1
| #define HAVE_MEMORY_H 1
| #define HAVE_STRINGS_H 1
| #define HAVE_INTTYPES_H 1
| #define HAVE_STDINT_H 1
| #define HAVE_UNISTD_H 1
| #define HAVE_DLFCN_H 1
| #define LT_OBJDIR ".libs/"
| /* end confdefs.h.  */
| #include <ac_nonexistent.h>
configure:12411: checking for ld used by g++
configure:12478: result: /opt/rh/devtoolset-8/root/usr/libexec/gcc/x86_64-redhat-linux/8/ld -m elf_x86_64
configure:12485: checking if the linker (/opt/rh/devtoolset-8/root/usr/libexec/gcc/x86_64-redhat-linux/8/ld -m elf_x86_64) is GNU ld
configure:12500: result: yes
configure:12555: checking whether the g++ linker (/opt/rh/devtoolset-8/root/usr/libexec/gcc/x86_64-redhat-linux/8/ld -m elf_x86_64) supports shared libraries
configure:13560: result: yes
configure:13596: g++ -c -g -O2  conftest.cpp >&5
configure:13599: $? = 0
configure:14119: checking for g++ option to produce PIC
configure:14126: result: -fPIC -DPIC
configure:14134: checking if g++ PIC flag -fPIC -DPIC works
configure:14152: g++ -c -g -O2  -fPIC -DPIC -DPIC conftest.cpp >&5
configure:14156: $? = 0
configure:14169: result: yes
configure:14192: checking if g++ static flag -static works
configure:14220: result: no
configure:14232: checking if g++ supports -c -o file.o
configure:14253: g++ -c -g -O2  -o out/conftest2.o conftest.cpp >&5
configure:14257: $? = 0
configure:14279: result: yes
configure:14284: checking if g++ supports -c -o file.o
configure:14331: result: yes
configure:14361: checking whether the g++ linker (/opt/rh/devtoolset-8/root/usr/libexec/gcc/x86_64-redhat-linux/8/ld -m elf_x86_64) supports shared libraries
configure:14397: result: yes
configure:14538: checking dynamic linker characteristics
configure:15209: result: GNU/Linux ld.so
configure:15262: checking how to hardcode library paths into programs
configure:15287: result: immediate
configure:15353: checking for uint8_t
configure:15353: g++ -c -g -O2  conftest.cpp >&5
configure:15353: $? = 0
configure:15353: result: yes
configure:15367: checking for uint16_t
configure:15367: g++ -c -g -O2  conftest.cpp >&5
configure:15367: $? = 0
configure:15367: result: yes
configure:15379: checking for uint32_t
configure:15379: g++ -c -g -O2  conftest.cpp >&5
configure:15379: $? = 0
configure:15379: result: yes
configure:15393: checking for uint64_t
configure:15393: g++ -c -g -O2  conftest.cpp >&5
configure:15393: $? = 0
configure:15393: result: yes
configure:15522: checking that generated files are newer than configure
configure:15528: result: done
configure:15555: creating ./config.status

## ---------------------- ##
## Running config.status. ##
## ---------------------- ##

This file was extended by mutated config.status 1.0.0, which was
generated by GNU Autoconf 2.69.  Invocation command line was

  CONFIG_FILES    = 
  CONFIG_HEADERS  = 
  CONFIG_LINKS    = 
  CONFIG_COMMANDS = 
  $ ./config.status 

on localhost.localdomain

config.status:1146: creating Makefile
config.status:1146: creating client/Makefile
config.status:1146: creating config.h
config.status:1375: executing depfiles commands
config.status:1375: executing libtool commands

## ---------------- ##
## Cache variables. ##
## ---------------- ##

ac_cv_build=x86_64-unknown-linux-gnu
ac_cv_c_compiler_gnu=yes
ac_cv_c_uint16_t=yes
ac_cv_c_uint32_t=yes
ac_cv_c_uint64_t=yes
ac_cv_c_uint8_t=yes
ac_cv_cxx_compiler_gnu=yes
ac_cv_env_CCC_set=
ac_cv_env_CCC_value=
ac_cv_env_CC_set=
ac_cv_env_CC_value=
ac_cv_env_CFLAGS_set=
ac_cv_env_CFLAGS_value=
ac_cv_env_CPPFLAGS_set=
ac_cv_env_CPPFLAGS_value=
ac_cv_env_CPP_set=
ac_cv_env_CPP_value=
ac_cv_env_CXXCPP_set=
ac_cv_env_CXXCPP_value=
ac_cv_env_CXXFLAGS_set=
ac_cv_env_CXXFLAGS_value=
ac_cv_env_CXX_set=
ac_cv_env_CXX_value=
ac_cv_env_LDFLAGS_set=
ac_cv_env_LDFLAGS_value=
ac_cv_env_LIBS_set=
ac_cv_env_LIBS_value=
ac_cv_env_build_alias_set=
ac_cv_env_build_alias_value=
ac_cv_env_host_alias_set=
ac_cv_env_host_alias_value=
ac_cv_env_target_alias_set=
ac_cv_env_target_alias_value=
ac_cv_header_dlfcn_h=yes
ac_cv_header_inttypes_h=yes
ac_cv_header_memory_h=yes
ac_cv_header_stdc=yes
ac_cv_header_stdint_h=yes
ac_cv_header_stdlib_h=yes
ac_cv_header_string_h=yes
ac_cv_header_strings_h=yes
ac_cv_header_sys_stat_h=yes
ac_cv_header_sys_types_h=yes
ac_cv_header_unistd_h=yes
ac_cv_host=x86_64-unknown-linux-gnu
ac_cv_objext=o
ac_cv_path_EGREP='/usr/bin/grep -E'
ac_cv_path_FGREP='/usr/bin/grep -F'
ac_cv_path_GREP=/usr/bin/grep
ac_cv_path_SED=/usr/bin/sed
ac_cv_path_install='/usr/bin/install -c'
ac_cv_path_mkdir=/usr/bin/mkdir
ac_cv_prog_AWK=gawk
ac_cv_prog_CPP='gcc -E'
ac_cv_prog_CXXCPP='g++ -E'
ac_cv_prog_ac_ct_AR=ar
ac_cv_prog_ac_ct_CC=gcc
ac_cv_prog_ac_ct_CXX=g++
ac_cv_prog_ac_ct_OBJDUMP=objdump
ac_cv_prog_ac_ct_RANLIB=ranlib
ac_cv_prog_ac_ct_STRIP=strip
ac_cv_prog_cc_c89=
ac_cv_prog_cc_g=yes
ac_cv_prog_cxx_g=yes
ac_cv_prog_make_make_set=yes
am_cv_CC_dependencies_compiler_type=gcc3
am_cv_CXX_dependencies_compiler_type=gcc3
am_cv_ar_interface=ar
am_cv_make_support_nested_variables=yes
ax_cv_cxx_compile_cxx14=yes
lt_cv_ar_at_file=@
lt_cv_archive_cmds_need_lc=no
lt_cv_deplibs_check_method=pass_all
lt_cv_file_magic_cmd='$MAGIC_CMD'
lt_cv_file_magic_test_file=
lt_cv_ld_reload_flag=-r
lt_cv_nm_interface='BSD nm'
lt_cv_objdir=.libs
lt_cv_path_LD=/opt/rh/devtoolset-8/root/usr/libexec/gcc/x86_64-redhat-linux/8/ld
lt_cv_path_LDCXX='/opt/rh/devtoolset-8/root/usr/libexec/gcc/x86_64-redhat-linux/8/ld -m elf_x86_64'
lt_cv_path_NM='/usr/bin/nm -B'
lt_cv_path_mainfest_tool=no
lt_cv_prog_compiler_c_o=yes
lt_cv_prog_compiler_c_o_CXX=yes
lt_cv_prog_compiler_pic='-fPIC -DPIC'
lt_cv_prog_compiler_pic_CXX='-fPIC -DPIC'
lt_cv_prog_compiler_pic_works=yes
lt_cv_prog_compiler_pic_works_CXX=yes
lt_cv_prog_compiler_rtti_exceptions=no
lt_cv_prog_compiler_static_works=no
lt_cv_prog_compiler_static_works_CXX=no
lt_cv_prog_gnu_ld=yes
lt_cv_prog_gnu_ldcxx=yes
lt_cv_sharedlib_from_linklib_cmd='printf %s\n'
lt_cv_shlibpath_overrides_runpath=no
lt_cv_sys_global_symbol_pipe='sed -n -e '\''s/^.*[	 ]\([ABCDGIRSTW][ABCDGIRSTW]*\)[	 ][	 ]*\([_A-Za-z][_A-Za-z0-9]*\)$/\1 \2 \2/p'\'' | sed '\''/ __gnu_lto/d'\'''
lt_cv_sys_global_symbol_to_c_name_address='sed -n -e '\''s/^: \([^ ]*\)[ ]*$/  {\"\1\", (void *) 0},/p'\'' -e '\''s/^[ABCDGIRSTW]* \([^ ]*\) \([^ ]*\)$/  {"\2", (void *) \&\2},/p'\'''
lt_cv_sys_global_symbol_to_c_name_address_lib_prefix='sed -n -e '\''s/^: \([^ ]*\)[ ]*$/  {\"\1\", (void *) 0},/p'\'' -e '\''s/^[ABCDGIRSTW]* \([^ ]*\) \(lib[^ ]*\)$/  {"\2", (void *) \&\2},/p'\'' -e '\''s/^[ABCDGIRSTW]* \([^ ]*\) \([^ ]*\)$/  {"lib\2", (void *) \&\2},/p'\'''
lt_cv_sys_global_symbol_to_cdecl='sed -n -e '\''s/^T .* \(.*\)$/extern int \1();/p'\'' -e '\''s/^[ABCDGIRSTW]* .* \(.*\)$/extern char \1;/p'\'''
lt_cv_sys_max_cmd_len=1572864
lt_cv_to_host_file_cmd=func_convert_file_noop
lt_cv_to_tool_file_cmd=func_convert_file_noop

## ----------------- ##
## Output variables. ##
## ----------------- ##

ACLOCAL='${SHELL} /home/wjy/SComet/mutated/missing aclocal-1.13'
AMDEPBACKSLASH='\'
AMDEP_FALSE='#'
AMDEP_TRUE=''
AMTAR='$${TAR-tar}'
AM_BACKSLASH='\'
AM_CXXFLAGS='-pedantic -Wall -Wextra -Weffc++ -g3'
AM_DEFAULT_V='$(AM_DEFAULT_VERBOSITY)'
AM_DEFAULT_VERBOSITY='1'
AM_V='$(V)'
AR='ar'
AR_FLAGS='cr'
AUTOCONF='${SHELL} /home/wjy/SComet/mutated/missing autoconf'
AUTOHEADER='${SHELL} /home/wjy/SComet/mutated/missing autoheader'
AUTOMAKE='${SHELL} /home/wjy/SComet/mutated/missing automake-1.13'
AWK='gawk'
CC='gcc'
CCDEPMODE='depmode=gcc3'
CFLAGS='-g -O2'
CPP='gcc -E'
CPPFLAGS=''
CXX='g++'
CXXCPP='g++ -E'
CXXDEPMODE='depmode=gcc3'
CXXFLAGS='-g -O2'
CYGPATH_W='echo'
DEFS='-DHAVE_CONFIG_H'
DEPDIR='.deps'
DLLTOOL='false'
DSYMUTIL=''
DUMPBIN=''
ECHO_C=''
ECHO_N='-n'
ECHO_T=''
EGREP='/usr/bin/grep -E'
EXEEXT=''
FGREP='/usr/bin/grep -F'
GREP='/usr/bin/grep'
INSTALL_DATA='${INSTALL} -m 644'
INSTALL_PROGRAM='${INSTALL}'
INSTALL_SCRIPT='${INSTALL}'
INSTALL_STRIP_PROGRAM='$(install_sh) -c -s'
LD='/opt/rh/devtoolset-8/root/usr/libexec/gcc/x86_64-redhat-linux/8/ld -m elf_x86_64'
LDFLAGS=''
LIBOBJS=''
LIBS=''
LIBTOOL='$(SHELL) $(top_builddir)/libtool'
LIPO=''
LN_S='ln -s'
LTLIBOBJS=''
MAKEINFO='${SHELL} /home/wjy/SComet/mutated/missing makeinfo'
MANIFEST_TOOL=':'
MKDIR_P='/usr/bin/mkdir -p'
NM='/usr/bin/nm -B'
NMEDIT=''
OBJDUMP='objdump'
OBJEXT='o'
OTOOL64=''
OTOOL=''
PACKAGE='mutated'
PACKAGE_BUGREPORT='dterei@cs.stanford.edu'
PACKAGE_NAME='mutated'
PACKAGE_STRING='mutated 1.0.0'
PACKAGE_TARNAME='mutated'
PACKAGE_URL=''
PACKAGE_VERSION='1.0.0'
PATH_SEPARATOR=':'
RANLIB='ranlib'
SED='/usr/bin/sed'
SET_MAKE=''
SHELL='/bin/sh'
STRIP='strip'
VERSION='1.0.0'
ac_ct_AR='ar'
ac_ct_CC='gcc'
ac_ct_CXX='g++'
ac_ct_DUMPBIN=''
am__EXEEXT_FALSE=''
am__EXEEXT_TRUE='#'
am__fastdepCC_FALSE='#'
am__fastdepCC_TRUE=''
am__fastdepCXX_FALSE='#'
am__fastdepCXX_TRUE=''
am__include='include'
am__isrc=''
am__leading_dot='.'
am__nodep='_no'
am__quote=''
am__tar='$${TAR-tar} chof - "$$tardir"'
am__untar='$${TAR-tar} xf -'
bindir='${exec_prefix}/bin'
build='x86_64-unknown-linux-gnu'
build_alias=''
build_cpu='x86_64'
build_os='linux-gnu'
build_vendor='unknown'
datadir='${datarootdir}'
datarootdir='${prefix}/share'
docdir='${datarootdir}/doc/${PACKAGE_TARNAME}'
dvidir='${docdir}'
exec_prefix='${prefix}'
host='x86_64-unknown-linux-gnu'
host_alias=''
host_cpu='x86_64'
host_os='linux-gnu'
host_vendor='unknown'
htmldir='${docdir}'
includedir='${prefix}/include'
infodir='${datarootdir}/info'
install_sh='${SHELL} /home/wjy/SComet/mutated/install-sh'
libdir='${exec_prefix}/lib'
libexecdir='${exec_prefix}/libexec'
localedir='${datarootdir}/locale'
localstatedir='${prefix}/var'
mandir='${datarootdir}/man'
mkdir_p='$(MKDIR_P)'
oldincludedir='/usr/include'
pdfdir='${docdir}'
prefix='/usr/local'
program_transform_name='s,x,x,'
psdir='${docdir}'
sbindir='${exec_prefix}/sbin'
sharedstatedir='${prefix}/com'
sysconfdir='${prefix}/etc'
target_alias=''

## ----------- ##
## confdefs.h. ##
## ----------- ##

/* confdefs.h */
#define PACKAGE_NAME "mutated"
#define PACKAGE_TARNAME "mutated"
#define PACKAGE_VERSION "1.0.0"
#define PACKAGE_STRING "mutated 1.0.0"
#define PACKAGE_BUGREPORT "dterei@cs.stanford.edu"
#define PACKAGE_URL ""
#define PACKAGE "mutated"
#define VERSION "1.0.0"
#define STDC_HEADERS 1
#define HAVE_SYS_TYPES_H 1
#define HAVE_SYS_STAT_H 1
#define HAVE_STDLIB_H 1
#define HAVE_STRING_H 1
#define HAVE_MEMORY_H 1
#define HAVE_STRINGS_H 1
#define HAVE_INTTYPES_H 1
#define HAVE_STDINT_H 1
#define HAVE_UNISTD_H 1
#define HAVE_DLFCN_H 1
#define LT_OBJDIR ".libs/"

configure: exit 0
